[2023-06-15T10:17:23.590+0000] {taskinstance.py:1103} INFO - Dependencies all met for dep_context=non-requeueable deps ti=<TaskInstance: upload_to_gcs.spark_load_stock_data backfill__2021-02-21T00:00:00+00:00 [queued]>
[2023-06-15T10:17:23.598+0000] {taskinstance.py:1103} INFO - Dependencies all met for dep_context=requeueable deps ti=<TaskInstance: upload_to_gcs.spark_load_stock_data backfill__2021-02-21T00:00:00+00:00 [queued]>
[2023-06-15T10:17:23.598+0000] {taskinstance.py:1308} INFO - Starting attempt 1 of 2
[2023-06-15T10:17:23.627+0000] {taskinstance.py:1327} INFO - Executing <Task(SparkSubmitOperator): spark_load_stock_data> on 2021-02-21 00:00:00+00:00
[2023-06-15T10:17:23.632+0000] {standard_task_runner.py:57} INFO - Started process 13496 to run task
[2023-06-15T10:17:23.634+0000] {standard_task_runner.py:84} INFO - Running: ['***', 'tasks', 'run', 'upload_to_gcs', 'spark_load_stock_data', 'backfill__2021-02-21T00:00:00+00:00', '--job-id', '459', '--pool', 'default_pool', '--raw', '--subdir', 'DAGS_FOLDER/upload_to_gcs.py', '--cfg-path', '/tmp/tmp6fs9zv2g']
[2023-06-15T10:17:23.635+0000] {standard_task_runner.py:85} INFO - Job 459: Subtask spark_load_stock_data
[2023-06-15T10:17:23.674+0000] {task_command.py:410} INFO - Running <TaskInstance: upload_to_gcs.spark_load_stock_data backfill__2021-02-21T00:00:00+00:00 [running]> on host 69b643fc97df
[2023-06-15T10:17:23.745+0000] {taskinstance.py:1545} INFO - Exporting env vars: AIRFLOW_CTX_DAG_OWNER='***' AIRFLOW_CTX_DAG_ID='upload_to_gcs' AIRFLOW_CTX_TASK_ID='spark_load_stock_data' AIRFLOW_CTX_EXECUTION_DATE='2021-02-21T00:00:00+00:00' AIRFLOW_CTX_TRY_NUMBER='1' AIRFLOW_CTX_DAG_RUN_ID='backfill__2021-02-21T00:00:00+00:00'
[2023-06-15T10:17:23.752+0000] {base.py:73} INFO - Using connection ID 'spark_default' for task execution.
[2023-06-15T10:17:23.753+0000] {spark_submit.py:339} INFO - Spark-Submit cmd: spark-submit --master spark://spark:7077 --name arrow-spark --verbose /opt/spark/app/load_data.py 2021-02-21 2efb4e0c80a041b794abaf4369e76869 dtc-de-382609_bucket
[2023-06-15T10:17:23.770+0000] {spark_submit.py:490} INFO - /opt/***/spark/spark-3.4.0-bin-hadoop3/bin/load-spark-env.sh: line 68: ps: command not found
[2023-06-15T10:17:25.085+0000] {spark_submit.py:490} INFO - Using properties file: null
[2023-06-15T10:17:25.250+0000] {spark_submit.py:490} INFO - Parsed arguments:
[2023-06-15T10:17:25.250+0000] {spark_submit.py:490} INFO - master                  spark://spark:7077
[2023-06-15T10:17:25.250+0000] {spark_submit.py:490} INFO - remote                  null
[2023-06-15T10:17:25.251+0000] {spark_submit.py:490} INFO - deployMode              null
[2023-06-15T10:17:25.251+0000] {spark_submit.py:490} INFO - executorMemory          null
[2023-06-15T10:17:25.251+0000] {spark_submit.py:490} INFO - executorCores           null
[2023-06-15T10:17:25.251+0000] {spark_submit.py:490} INFO - totalExecutorCores      null
[2023-06-15T10:17:25.251+0000] {spark_submit.py:490} INFO - propertiesFile          null
[2023-06-15T10:17:25.251+0000] {spark_submit.py:490} INFO - driverMemory            null
[2023-06-15T10:17:25.251+0000] {spark_submit.py:490} INFO - driverCores             null
[2023-06-15T10:17:25.251+0000] {spark_submit.py:490} INFO - driverExtraClassPath    null
[2023-06-15T10:17:25.251+0000] {spark_submit.py:490} INFO - driverExtraLibraryPath  null
[2023-06-15T10:17:25.251+0000] {spark_submit.py:490} INFO - driverExtraJavaOptions  null
[2023-06-15T10:17:25.251+0000] {spark_submit.py:490} INFO - supervise               false
[2023-06-15T10:17:25.251+0000] {spark_submit.py:490} INFO - queue                   null
[2023-06-15T10:17:25.251+0000] {spark_submit.py:490} INFO - numExecutors            null
[2023-06-15T10:17:25.251+0000] {spark_submit.py:490} INFO - files                   null
[2023-06-15T10:17:25.252+0000] {spark_submit.py:490} INFO - pyFiles                 null
[2023-06-15T10:17:25.252+0000] {spark_submit.py:490} INFO - archives                null
[2023-06-15T10:17:25.252+0000] {spark_submit.py:490} INFO - mainClass               null
[2023-06-15T10:17:25.252+0000] {spark_submit.py:490} INFO - primaryResource         file:/opt/spark/app/load_data.py
[2023-06-15T10:17:25.252+0000] {spark_submit.py:490} INFO - name                    arrow-spark
[2023-06-15T10:17:25.252+0000] {spark_submit.py:490} INFO - childArgs               [2021-02-21 2efb4e0c80a041b794abaf4369e76869 dtc-de-382609_bucket]
[2023-06-15T10:17:25.252+0000] {spark_submit.py:490} INFO - jars                    null
[2023-06-15T10:17:25.252+0000] {spark_submit.py:490} INFO - packages                null
[2023-06-15T10:17:25.252+0000] {spark_submit.py:490} INFO - packagesExclusions      null
[2023-06-15T10:17:25.252+0000] {spark_submit.py:490} INFO - repositories            null
[2023-06-15T10:17:25.252+0000] {spark_submit.py:490} INFO - verbose                 true
[2023-06-15T10:17:25.252+0000] {spark_submit.py:490} INFO - 
[2023-06-15T10:17:25.252+0000] {spark_submit.py:490} INFO - Spark properties used, including those specified through
[2023-06-15T10:17:25.252+0000] {spark_submit.py:490} INFO - --conf and those from the properties file null:
[2023-06-15T10:17:25.253+0000] {spark_submit.py:490} INFO - 
[2023-06-15T10:17:25.253+0000] {spark_submit.py:490} INFO - 
[2023-06-15T10:17:25.253+0000] {spark_submit.py:490} INFO - 
[2023-06-15T10:17:25.527+0000] {spark_submit.py:490} INFO - Main class:
[2023-06-15T10:17:25.527+0000] {spark_submit.py:490} INFO - org.apache.spark.deploy.PythonRunner
[2023-06-15T10:17:25.527+0000] {spark_submit.py:490} INFO - Arguments:
[2023-06-15T10:17:25.527+0000] {spark_submit.py:490} INFO - file:/opt/spark/app/load_data.py
[2023-06-15T10:17:25.528+0000] {spark_submit.py:490} INFO - null
[2023-06-15T10:17:25.528+0000] {spark_submit.py:490} INFO - 2021-02-21
[2023-06-15T10:17:25.528+0000] {spark_submit.py:490} INFO - 2efb4e0c80a041b794abaf4369e76869
[2023-06-15T10:17:25.528+0000] {spark_submit.py:490} INFO - dtc-de-382609_bucket
[2023-06-15T10:17:25.530+0000] {spark_submit.py:490} INFO - Spark config:
[2023-06-15T10:17:25.531+0000] {spark_submit.py:490} INFO - (spark.app.name,arrow-spark)
[2023-06-15T10:17:25.531+0000] {spark_submit.py:490} INFO - (spark.app.submitTime,1686824245511)
[2023-06-15T10:17:25.531+0000] {spark_submit.py:490} INFO - (spark.master,spark://spark:7077)
[2023-06-15T10:17:25.531+0000] {spark_submit.py:490} INFO - (spark.submit.deployMode,client)
[2023-06-15T10:17:25.531+0000] {spark_submit.py:490} INFO - (spark.submit.pyFiles,)
[2023-06-15T10:17:25.531+0000] {spark_submit.py:490} INFO - Classpath elements:
[2023-06-15T10:17:25.532+0000] {spark_submit.py:490} INFO - 
[2023-06-15T10:17:25.532+0000] {spark_submit.py:490} INFO - 
[2023-06-15T10:17:25.532+0000] {spark_submit.py:490} INFO - 
[2023-06-15T10:17:26.755+0000] {spark_submit.py:490} INFO - 23/06/15 10:17:26 INFO SparkContext: Running Spark version 3.4.0
[2023-06-15T10:17:26.809+0000] {spark_submit.py:490} INFO - 23/06/15 10:17:26 WARN NativeCodeLoader: Unable to load native-hadoop library for your platform... using builtin-java classes where applicable
[2023-06-15T10:17:26.933+0000] {spark_submit.py:490} INFO - 23/06/15 10:17:26 INFO ResourceUtils: ==============================================================
[2023-06-15T10:17:26.934+0000] {spark_submit.py:490} INFO - 23/06/15 10:17:26 INFO ResourceUtils: No custom resources configured for spark.driver.
[2023-06-15T10:17:26.934+0000] {spark_submit.py:490} INFO - 23/06/15 10:17:26 INFO ResourceUtils: ==============================================================
[2023-06-15T10:17:26.935+0000] {spark_submit.py:490} INFO - 23/06/15 10:17:26 INFO SparkContext: Submitted application: SparkUploadData
[2023-06-15T10:17:26.966+0000] {spark_submit.py:490} INFO - 23/06/15 10:17:26 INFO ResourceProfile: Default ResourceProfile created, executor resources: Map(memory -> name: memory, amount: 1024, script: , vendor: , offHeap -> name: offHeap, amount: 0, script: , vendor: ), task resources: Map(cpus -> name: cpus, amount: 1.0)
[2023-06-15T10:17:26.983+0000] {spark_submit.py:490} INFO - 23/06/15 10:17:26 INFO ResourceProfile: Limiting resource is cpu
[2023-06-15T10:17:26.985+0000] {spark_submit.py:490} INFO - 23/06/15 10:17:26 INFO ResourceProfileManager: Added ResourceProfile id: 0
[2023-06-15T10:17:27.049+0000] {spark_submit.py:490} INFO - 23/06/15 10:17:27 INFO SecurityManager: Changing view acls to: default
[2023-06-15T10:17:27.049+0000] {spark_submit.py:490} INFO - 23/06/15 10:17:27 INFO SecurityManager: Changing modify acls to: default
[2023-06-15T10:17:27.050+0000] {spark_submit.py:490} INFO - 23/06/15 10:17:27 INFO SecurityManager: Changing view acls groups to:
[2023-06-15T10:17:27.050+0000] {spark_submit.py:490} INFO - 23/06/15 10:17:27 INFO SecurityManager: Changing modify acls groups to:
[2023-06-15T10:17:27.051+0000] {spark_submit.py:490} INFO - 23/06/15 10:17:27 INFO SecurityManager: SecurityManager: authentication disabled; ui acls disabled; users with view permissions: default; groups with view permissions: EMPTY; users with modify permissions: default; groups with modify permissions: EMPTY
[2023-06-15T10:17:27.314+0000] {spark_submit.py:490} INFO - 23/06/15 10:17:27 INFO Utils: Successfully started service 'sparkDriver' on port 38321.
[2023-06-15T10:17:27.339+0000] {spark_submit.py:490} INFO - 23/06/15 10:17:27 INFO SparkEnv: Registering MapOutputTracker
[2023-06-15T10:17:27.372+0000] {spark_submit.py:490} INFO - 23/06/15 10:17:27 INFO SparkEnv: Registering BlockManagerMaster
[2023-06-15T10:17:27.401+0000] {spark_submit.py:490} INFO - 23/06/15 10:17:27 INFO BlockManagerMasterEndpoint: Using org.apache.spark.storage.DefaultTopologyMapper for getting topology information
[2023-06-15T10:17:27.402+0000] {spark_submit.py:490} INFO - 23/06/15 10:17:27 INFO BlockManagerMasterEndpoint: BlockManagerMasterEndpoint up
[2023-06-15T10:17:27.407+0000] {spark_submit.py:490} INFO - 23/06/15 10:17:27 INFO SparkEnv: Registering BlockManagerMasterHeartbeat
[2023-06-15T10:17:27.436+0000] {spark_submit.py:490} INFO - 23/06/15 10:17:27 INFO DiskBlockManager: Created local directory at /tmp/blockmgr-7357a5e6-f135-4a63-81fb-5c9ac98f4088
[2023-06-15T10:17:27.451+0000] {spark_submit.py:490} INFO - 23/06/15 10:17:27 INFO MemoryStore: MemoryStore started with capacity 434.4 MiB
[2023-06-15T10:17:27.464+0000] {spark_submit.py:490} INFO - 23/06/15 10:17:27 INFO SparkEnv: Registering OutputCommitCoordinator
[2023-06-15T10:17:27.607+0000] {spark_submit.py:490} INFO - 23/06/15 10:17:27 INFO JettyUtils: Start Jetty 0.0.0.0:4040 for SparkUI
[2023-06-15T10:17:27.697+0000] {spark_submit.py:490} INFO - 23/06/15 10:17:27 INFO Utils: Successfully started service 'SparkUI' on port 4040.
[2023-06-15T10:17:27.825+0000] {spark_submit.py:490} INFO - 23/06/15 10:17:27 INFO StandaloneAppClient$ClientEndpoint: Connecting to master spark://spark:7077...
[2023-06-15T10:17:27.864+0000] {spark_submit.py:490} INFO - 23/06/15 10:17:27 INFO TransportClientFactory: Successfully created connection to spark/172.27.0.3:7077 after 24 ms (0 ms spent in bootstraps)
[2023-06-15T10:17:27.969+0000] {spark_submit.py:490} INFO - 23/06/15 10:17:27 INFO StandaloneSchedulerBackend: Connected to Spark cluster with app ID app-20230615101727-0051
[2023-06-15T10:17:27.970+0000] {spark_submit.py:490} INFO - 23/06/15 10:17:27 INFO StandaloneAppClient$ClientEndpoint: Executor added: app-20230615101727-0051/0 on worker-20230615091312-172.27.0.2-45907 (172.27.0.2:45907) with 2 core(s)
[2023-06-15T10:17:27.972+0000] {spark_submit.py:490} INFO - 23/06/15 10:17:27 INFO StandaloneSchedulerBackend: Granted executor ID app-20230615101727-0051/0 on hostPort 172.27.0.2:45907 with 2 core(s), 1024.0 MiB RAM
[2023-06-15T10:17:27.976+0000] {spark_submit.py:490} INFO - 23/06/15 10:17:27 INFO Utils: Successfully started service 'org.apache.spark.network.netty.NettyBlockTransferService' on port 41945.
[2023-06-15T10:17:27.977+0000] {spark_submit.py:490} INFO - 23/06/15 10:17:27 INFO NettyBlockTransferService: Server created on 69b643fc97df:41945
[2023-06-15T10:17:27.979+0000] {spark_submit.py:490} INFO - 23/06/15 10:17:27 INFO BlockManager: Using org.apache.spark.storage.RandomBlockReplicationPolicy for block replication policy
[2023-06-15T10:17:27.994+0000] {spark_submit.py:490} INFO - 23/06/15 10:17:27 INFO BlockManagerMaster: Registering BlockManager BlockManagerId(driver, 69b643fc97df, 41945, None)
[2023-06-15T10:17:27.998+0000] {spark_submit.py:490} INFO - 23/06/15 10:17:27 INFO BlockManagerMasterEndpoint: Registering block manager 69b643fc97df:41945 with 434.4 MiB RAM, BlockManagerId(driver, 69b643fc97df, 41945, None)
[2023-06-15T10:17:28.000+0000] {spark_submit.py:490} INFO - 23/06/15 10:17:28 INFO StandaloneAppClient$ClientEndpoint: Executor updated: app-20230615101727-0051/0 is now RUNNING
[2023-06-15T10:17:28.002+0000] {spark_submit.py:490} INFO - 23/06/15 10:17:28 INFO BlockManagerMaster: Registered BlockManager BlockManagerId(driver, 69b643fc97df, 41945, None)
[2023-06-15T10:17:28.005+0000] {spark_submit.py:490} INFO - 23/06/15 10:17:28 INFO BlockManager: Initialized BlockManager: BlockManagerId(driver, 69b643fc97df, 41945, None)
[2023-06-15T10:17:28.261+0000] {spark_submit.py:490} INFO - 23/06/15 10:17:28 INFO StandaloneSchedulerBackend: SchedulerBackend is ready for scheduling beginning after reached minRegisteredResourcesRatio: 0.0
[2023-06-15T10:17:30.352+0000] {spark_submit.py:490} INFO - 23/06/15 10:17:30 INFO SharedState: Setting hive.metastore.warehouse.dir ('null') to the value of spark.sql.warehouse.dir.
[2023-06-15T10:17:30.393+0000] {spark_submit.py:490} INFO - 23/06/15 10:17:30 INFO SharedState: Warehouse path is 'file:/opt/***/spark-warehouse'.
[2023-06-15T10:17:31.815+0000] {spark_submit.py:490} INFO - 23/06/15 10:17:31 INFO StandaloneSchedulerBackend$StandaloneDriverEndpoint: Registered executor NettyRpcEndpointRef(spark-client://Executor) (172.27.0.2:44230) with ID 0,  ResourceProfileId 0
[2023-06-15T10:17:31.927+0000] {spark_submit.py:490} INFO - 23/06/15 10:17:31 INFO BlockManagerMasterEndpoint: Registering block manager 172.27.0.2:45351 with 434.4 MiB RAM, BlockManagerId(0, 172.27.0.2, 45351, None)
[2023-06-15T10:17:34.653+0000] {spark_submit.py:490} INFO - {'code': 400, 'message': 'No data is available on the specified dates. Try setting different start/end dates.', 'status': 'error', 'meta': {'symbol': 'AAPL', 'interval': '1h', 'exchange': ''}}
[2023-06-15T10:17:34.667+0000] {spark_submit.py:490} INFO - ERROR:root:Something error
[2023-06-15T10:17:34.813+0000] {spark_submit.py:490} INFO - 23/06/15 10:17:34 INFO SparkContext: Invoking stop() from shutdown hook
[2023-06-15T10:17:34.814+0000] {spark_submit.py:490} INFO - 23/06/15 10:17:34 INFO SparkContext: SparkContext is stopping with exitCode 0.
[2023-06-15T10:17:34.825+0000] {spark_submit.py:490} INFO - 23/06/15 10:17:34 INFO SparkUI: Stopped Spark web UI at http://69b643fc97df:4040
[2023-06-15T10:17:34.830+0000] {spark_submit.py:490} INFO - 23/06/15 10:17:34 INFO StandaloneSchedulerBackend: Shutting down all executors
[2023-06-15T10:17:34.831+0000] {spark_submit.py:490} INFO - 23/06/15 10:17:34 INFO StandaloneSchedulerBackend$StandaloneDriverEndpoint: Asking each executor to shut down
[2023-06-15T10:17:34.856+0000] {spark_submit.py:490} INFO - 23/06/15 10:17:34 INFO MapOutputTrackerMasterEndpoint: MapOutputTrackerMasterEndpoint stopped!
[2023-06-15T10:17:34.883+0000] {spark_submit.py:490} INFO - 23/06/15 10:17:34 INFO MemoryStore: MemoryStore cleared
[2023-06-15T10:17:34.884+0000] {spark_submit.py:490} INFO - 23/06/15 10:17:34 INFO BlockManager: BlockManager stopped
[2023-06-15T10:17:34.902+0000] {spark_submit.py:490} INFO - 23/06/15 10:17:34 INFO BlockManagerMaster: BlockManagerMaster stopped
[2023-06-15T10:17:34.906+0000] {spark_submit.py:490} INFO - 23/06/15 10:17:34 INFO OutputCommitCoordinator$OutputCommitCoordinatorEndpoint: OutputCommitCoordinator stopped!
[2023-06-15T10:17:34.924+0000] {spark_submit.py:490} INFO - 23/06/15 10:17:34 INFO SparkContext: Successfully stopped SparkContext
[2023-06-15T10:17:34.925+0000] {spark_submit.py:490} INFO - 23/06/15 10:17:34 INFO ShutdownHookManager: Shutdown hook called
[2023-06-15T10:17:34.926+0000] {spark_submit.py:490} INFO - 23/06/15 10:17:34 INFO ShutdownHookManager: Deleting directory /tmp/spark-8843205d-2da4-4c79-891c-f30862c23700
[2023-06-15T10:17:34.930+0000] {spark_submit.py:490} INFO - 23/06/15 10:17:34 INFO ShutdownHookManager: Deleting directory /tmp/spark-4656d890-8136-4041-8394-70149511f0d1
[2023-06-15T10:17:34.934+0000] {spark_submit.py:490} INFO - 23/06/15 10:17:34 INFO ShutdownHookManager: Deleting directory /tmp/spark-8843205d-2da4-4c79-891c-f30862c23700/pyspark-eec89cad-d6df-4e01-8306-c9c67dbf9b61
[2023-06-15T10:17:35.014+0000] {taskinstance.py:1345} INFO - Marking task as SUCCESS. dag_id=upload_to_gcs, task_id=spark_load_stock_data, execution_date=20210221T000000, start_date=20230615T101723, end_date=20230615T101735
[2023-06-15T10:17:35.046+0000] {local_task_job_runner.py:225} INFO - Task exited with return code 0
[2023-06-15T10:17:35.064+0000] {taskinstance.py:2651} INFO - 0 downstream tasks scheduled from follow-on schedule check
