[2023-06-15T10:20:43.742+0000] {taskinstance.py:1103} INFO - Dependencies all met for dep_context=non-requeueable deps ti=<TaskInstance: upload_to_gcs.spark_load_stock_data backfill__2021-02-24T00:00:00+00:00 [queued]>
[2023-06-15T10:20:43.750+0000] {taskinstance.py:1103} INFO - Dependencies all met for dep_context=requeueable deps ti=<TaskInstance: upload_to_gcs.spark_load_stock_data backfill__2021-02-24T00:00:00+00:00 [queued]>
[2023-06-15T10:20:43.751+0000] {taskinstance.py:1308} INFO - Starting attempt 1 of 2
[2023-06-15T10:20:43.761+0000] {taskinstance.py:1327} INFO - Executing <Task(SparkSubmitOperator): spark_load_stock_data> on 2021-02-24 00:00:00+00:00
[2023-06-15T10:20:43.766+0000] {standard_task_runner.py:57} INFO - Started process 14284 to run task
[2023-06-15T10:20:43.768+0000] {standard_task_runner.py:84} INFO - Running: ['***', 'tasks', 'run', 'upload_to_gcs', 'spark_load_stock_data', 'backfill__2021-02-24T00:00:00+00:00', '--job-id', '465', '--pool', 'default_pool', '--raw', '--subdir', 'DAGS_FOLDER/upload_to_gcs.py', '--cfg-path', '/tmp/tmps3wwi6yg']
[2023-06-15T10:20:43.769+0000] {standard_task_runner.py:85} INFO - Job 465: Subtask spark_load_stock_data
[2023-06-15T10:20:43.805+0000] {task_command.py:410} INFO - Running <TaskInstance: upload_to_gcs.spark_load_stock_data backfill__2021-02-24T00:00:00+00:00 [running]> on host 69b643fc97df
[2023-06-15T10:20:43.870+0000] {taskinstance.py:1545} INFO - Exporting env vars: AIRFLOW_CTX_DAG_OWNER='***' AIRFLOW_CTX_DAG_ID='upload_to_gcs' AIRFLOW_CTX_TASK_ID='spark_load_stock_data' AIRFLOW_CTX_EXECUTION_DATE='2021-02-24T00:00:00+00:00' AIRFLOW_CTX_TRY_NUMBER='1' AIRFLOW_CTX_DAG_RUN_ID='backfill__2021-02-24T00:00:00+00:00'
[2023-06-15T10:20:43.877+0000] {base.py:73} INFO - Using connection ID 'spark_default' for task execution.
[2023-06-15T10:20:43.878+0000] {spark_submit.py:339} INFO - Spark-Submit cmd: spark-submit --master spark://spark:7077 --name arrow-spark --verbose /opt/spark/app/load_data.py 2021-02-24 2efb4e0c80a041b794abaf4369e76869 dtc-de-382609_bucket
[2023-06-15T10:20:43.894+0000] {spark_submit.py:490} INFO - /opt/***/spark/spark-3.4.0-bin-hadoop3/bin/load-spark-env.sh: line 68: ps: command not found
[2023-06-15T10:20:45.390+0000] {spark_submit.py:490} INFO - Using properties file: null
[2023-06-15T10:20:45.555+0000] {spark_submit.py:490} INFO - Parsed arguments:
[2023-06-15T10:20:45.556+0000] {spark_submit.py:490} INFO - master                  spark://spark:7077
[2023-06-15T10:20:45.556+0000] {spark_submit.py:490} INFO - remote                  null
[2023-06-15T10:20:45.556+0000] {spark_submit.py:490} INFO - deployMode              null
[2023-06-15T10:20:45.556+0000] {spark_submit.py:490} INFO - executorMemory          null
[2023-06-15T10:20:45.556+0000] {spark_submit.py:490} INFO - executorCores           null
[2023-06-15T10:20:45.556+0000] {spark_submit.py:490} INFO - totalExecutorCores      null
[2023-06-15T10:20:45.556+0000] {spark_submit.py:490} INFO - propertiesFile          null
[2023-06-15T10:20:45.556+0000] {spark_submit.py:490} INFO - driverMemory            null
[2023-06-15T10:20:45.556+0000] {spark_submit.py:490} INFO - driverCores             null
[2023-06-15T10:20:45.556+0000] {spark_submit.py:490} INFO - driverExtraClassPath    null
[2023-06-15T10:20:45.557+0000] {spark_submit.py:490} INFO - driverExtraLibraryPath  null
[2023-06-15T10:20:45.557+0000] {spark_submit.py:490} INFO - driverExtraJavaOptions  null
[2023-06-15T10:20:45.557+0000] {spark_submit.py:490} INFO - supervise               false
[2023-06-15T10:20:45.557+0000] {spark_submit.py:490} INFO - queue                   null
[2023-06-15T10:20:45.557+0000] {spark_submit.py:490} INFO - numExecutors            null
[2023-06-15T10:20:45.557+0000] {spark_submit.py:490} INFO - files                   null
[2023-06-15T10:20:45.557+0000] {spark_submit.py:490} INFO - pyFiles                 null
[2023-06-15T10:20:45.557+0000] {spark_submit.py:490} INFO - archives                null
[2023-06-15T10:20:45.557+0000] {spark_submit.py:490} INFO - mainClass               null
[2023-06-15T10:20:45.557+0000] {spark_submit.py:490} INFO - primaryResource         file:/opt/spark/app/load_data.py
[2023-06-15T10:20:45.558+0000] {spark_submit.py:490} INFO - name                    arrow-spark
[2023-06-15T10:20:45.558+0000] {spark_submit.py:490} INFO - childArgs               [2021-02-24 2efb4e0c80a041b794abaf4369e76869 dtc-de-382609_bucket]
[2023-06-15T10:20:45.558+0000] {spark_submit.py:490} INFO - jars                    null
[2023-06-15T10:20:45.558+0000] {spark_submit.py:490} INFO - packages                null
[2023-06-15T10:20:45.558+0000] {spark_submit.py:490} INFO - packagesExclusions      null
[2023-06-15T10:20:45.558+0000] {spark_submit.py:490} INFO - repositories            null
[2023-06-15T10:20:45.558+0000] {spark_submit.py:490} INFO - verbose                 true
[2023-06-15T10:20:45.558+0000] {spark_submit.py:490} INFO - 
[2023-06-15T10:20:45.558+0000] {spark_submit.py:490} INFO - Spark properties used, including those specified through
[2023-06-15T10:20:45.559+0000] {spark_submit.py:490} INFO - --conf and those from the properties file null:
[2023-06-15T10:20:45.559+0000] {spark_submit.py:490} INFO - 
[2023-06-15T10:20:45.559+0000] {spark_submit.py:490} INFO - 
[2023-06-15T10:20:45.559+0000] {spark_submit.py:490} INFO - 
[2023-06-15T10:20:45.901+0000] {spark_submit.py:490} INFO - Main class:
[2023-06-15T10:20:45.902+0000] {spark_submit.py:490} INFO - org.apache.spark.deploy.PythonRunner
[2023-06-15T10:20:45.902+0000] {spark_submit.py:490} INFO - Arguments:
[2023-06-15T10:20:45.902+0000] {spark_submit.py:490} INFO - file:/opt/spark/app/load_data.py
[2023-06-15T10:20:45.902+0000] {spark_submit.py:490} INFO - null
[2023-06-15T10:20:45.902+0000] {spark_submit.py:490} INFO - 2021-02-24
[2023-06-15T10:20:45.902+0000] {spark_submit.py:490} INFO - 2efb4e0c80a041b794abaf4369e76869
[2023-06-15T10:20:45.903+0000] {spark_submit.py:490} INFO - dtc-de-382609_bucket
[2023-06-15T10:20:45.905+0000] {spark_submit.py:490} INFO - Spark config:
[2023-06-15T10:20:45.906+0000] {spark_submit.py:490} INFO - (spark.app.name,arrow-spark)
[2023-06-15T10:20:45.906+0000] {spark_submit.py:490} INFO - (spark.app.submitTime,1686824445887)
[2023-06-15T10:20:45.906+0000] {spark_submit.py:490} INFO - (spark.master,spark://spark:7077)
[2023-06-15T10:20:45.906+0000] {spark_submit.py:490} INFO - (spark.submit.deployMode,client)
[2023-06-15T10:20:45.906+0000] {spark_submit.py:490} INFO - (spark.submit.pyFiles,)
[2023-06-15T10:20:45.906+0000] {spark_submit.py:490} INFO - Classpath elements:
[2023-06-15T10:20:45.907+0000] {spark_submit.py:490} INFO - 
[2023-06-15T10:20:45.907+0000] {spark_submit.py:490} INFO - 
[2023-06-15T10:20:45.907+0000] {spark_submit.py:490} INFO - 
[2023-06-15T10:20:47.133+0000] {spark_submit.py:490} INFO - 23/06/15 10:20:47 INFO SparkContext: Running Spark version 3.4.0
[2023-06-15T10:20:47.191+0000] {spark_submit.py:490} INFO - 23/06/15 10:20:47 WARN NativeCodeLoader: Unable to load native-hadoop library for your platform... using builtin-java classes where applicable
[2023-06-15T10:20:47.361+0000] {spark_submit.py:490} INFO - 23/06/15 10:20:47 INFO ResourceUtils: ==============================================================
[2023-06-15T10:20:47.361+0000] {spark_submit.py:490} INFO - 23/06/15 10:20:47 INFO ResourceUtils: No custom resources configured for spark.driver.
[2023-06-15T10:20:47.362+0000] {spark_submit.py:490} INFO - 23/06/15 10:20:47 INFO ResourceUtils: ==============================================================
[2023-06-15T10:20:47.362+0000] {spark_submit.py:490} INFO - 23/06/15 10:20:47 INFO SparkContext: Submitted application: SparkUploadData
[2023-06-15T10:20:47.394+0000] {spark_submit.py:490} INFO - 23/06/15 10:20:47 INFO ResourceProfile: Default ResourceProfile created, executor resources: Map(memory -> name: memory, amount: 1024, script: , vendor: , offHeap -> name: offHeap, amount: 0, script: , vendor: ), task resources: Map(cpus -> name: cpus, amount: 1.0)
[2023-06-15T10:20:47.411+0000] {spark_submit.py:490} INFO - 23/06/15 10:20:47 INFO ResourceProfile: Limiting resource is cpu
[2023-06-15T10:20:47.415+0000] {spark_submit.py:490} INFO - 23/06/15 10:20:47 INFO ResourceProfileManager: Added ResourceProfile id: 0
[2023-06-15T10:20:47.488+0000] {spark_submit.py:490} INFO - 23/06/15 10:20:47 INFO SecurityManager: Changing view acls to: default
[2023-06-15T10:20:47.489+0000] {spark_submit.py:490} INFO - 23/06/15 10:20:47 INFO SecurityManager: Changing modify acls to: default
[2023-06-15T10:20:47.490+0000] {spark_submit.py:490} INFO - 23/06/15 10:20:47 INFO SecurityManager: Changing view acls groups to:
[2023-06-15T10:20:47.490+0000] {spark_submit.py:490} INFO - 23/06/15 10:20:47 INFO SecurityManager: Changing modify acls groups to:
[2023-06-15T10:20:47.491+0000] {spark_submit.py:490} INFO - 23/06/15 10:20:47 INFO SecurityManager: SecurityManager: authentication disabled; ui acls disabled; users with view permissions: default; groups with view permissions: EMPTY; users with modify permissions: default; groups with modify permissions: EMPTY
[2023-06-15T10:20:47.813+0000] {spark_submit.py:490} INFO - 23/06/15 10:20:47 INFO Utils: Successfully started service 'sparkDriver' on port 44781.
[2023-06-15T10:20:47.851+0000] {spark_submit.py:490} INFO - 23/06/15 10:20:47 INFO SparkEnv: Registering MapOutputTracker
[2023-06-15T10:20:47.883+0000] {spark_submit.py:490} INFO - 23/06/15 10:20:47 INFO SparkEnv: Registering BlockManagerMaster
[2023-06-15T10:20:47.902+0000] {spark_submit.py:490} INFO - 23/06/15 10:20:47 INFO BlockManagerMasterEndpoint: Using org.apache.spark.storage.DefaultTopologyMapper for getting topology information
[2023-06-15T10:20:47.903+0000] {spark_submit.py:490} INFO - 23/06/15 10:20:47 INFO BlockManagerMasterEndpoint: BlockManagerMasterEndpoint up
[2023-06-15T10:20:47.907+0000] {spark_submit.py:490} INFO - 23/06/15 10:20:47 INFO SparkEnv: Registering BlockManagerMasterHeartbeat
[2023-06-15T10:20:47.933+0000] {spark_submit.py:490} INFO - 23/06/15 10:20:47 INFO DiskBlockManager: Created local directory at /tmp/blockmgr-23cfbb24-15ef-4881-a387-b0ec61fd6995
[2023-06-15T10:20:47.954+0000] {spark_submit.py:490} INFO - 23/06/15 10:20:47 INFO MemoryStore: MemoryStore started with capacity 434.4 MiB
[2023-06-15T10:20:47.971+0000] {spark_submit.py:490} INFO - 23/06/15 10:20:47 INFO SparkEnv: Registering OutputCommitCoordinator
[2023-06-15T10:20:48.143+0000] {spark_submit.py:490} INFO - 23/06/15 10:20:48 INFO JettyUtils: Start Jetty 0.0.0.0:4040 for SparkUI
[2023-06-15T10:20:48.222+0000] {spark_submit.py:490} INFO - 23/06/15 10:20:48 INFO Utils: Successfully started service 'SparkUI' on port 4040.
[2023-06-15T10:20:48.360+0000] {spark_submit.py:490} INFO - 23/06/15 10:20:48 INFO StandaloneAppClient$ClientEndpoint: Connecting to master spark://spark:7077...
[2023-06-15T10:20:48.404+0000] {spark_submit.py:490} INFO - 23/06/15 10:20:48 INFO TransportClientFactory: Successfully created connection to spark/172.27.0.3:7077 after 28 ms (0 ms spent in bootstraps)
[2023-06-15T10:20:48.476+0000] {spark_submit.py:490} INFO - 23/06/15 10:20:48 INFO StandaloneSchedulerBackend: Connected to Spark cluster with app ID app-20230615102048-0054
[2023-06-15T10:20:48.478+0000] {spark_submit.py:490} INFO - 23/06/15 10:20:48 INFO StandaloneAppClient$ClientEndpoint: Executor added: app-20230615102048-0054/0 on worker-20230615091312-172.27.0.2-45907 (172.27.0.2:45907) with 2 core(s)
[2023-06-15T10:20:48.480+0000] {spark_submit.py:490} INFO - 23/06/15 10:20:48 INFO StandaloneSchedulerBackend: Granted executor ID app-20230615102048-0054/0 on hostPort 172.27.0.2:45907 with 2 core(s), 1024.0 MiB RAM
[2023-06-15T10:20:48.484+0000] {spark_submit.py:490} INFO - 23/06/15 10:20:48 INFO Utils: Successfully started service 'org.apache.spark.network.netty.NettyBlockTransferService' on port 43409.
[2023-06-15T10:20:48.484+0000] {spark_submit.py:490} INFO - 23/06/15 10:20:48 INFO NettyBlockTransferService: Server created on 69b643fc97df:43409
[2023-06-15T10:20:48.487+0000] {spark_submit.py:490} INFO - 23/06/15 10:20:48 INFO BlockManager: Using org.apache.spark.storage.RandomBlockReplicationPolicy for block replication policy
[2023-06-15T10:20:48.499+0000] {spark_submit.py:490} INFO - 23/06/15 10:20:48 INFO BlockManagerMaster: Registering BlockManager BlockManagerId(driver, 69b643fc97df, 43409, None)
[2023-06-15T10:20:48.504+0000] {spark_submit.py:490} INFO - 23/06/15 10:20:48 INFO BlockManagerMasterEndpoint: Registering block manager 69b643fc97df:43409 with 434.4 MiB RAM, BlockManagerId(driver, 69b643fc97df, 43409, None)
[2023-06-15T10:20:48.504+0000] {spark_submit.py:490} INFO - 23/06/15 10:20:48 INFO StandaloneAppClient$ClientEndpoint: Executor updated: app-20230615102048-0054/0 is now RUNNING
[2023-06-15T10:20:48.507+0000] {spark_submit.py:490} INFO - 23/06/15 10:20:48 INFO BlockManagerMaster: Registered BlockManager BlockManagerId(driver, 69b643fc97df, 43409, None)
[2023-06-15T10:20:48.508+0000] {spark_submit.py:490} INFO - 23/06/15 10:20:48 INFO BlockManager: Initialized BlockManager: BlockManagerId(driver, 69b643fc97df, 43409, None)
[2023-06-15T10:20:48.876+0000] {spark_submit.py:490} INFO - 23/06/15 10:20:48 INFO StandaloneSchedulerBackend: SchedulerBackend is ready for scheduling beginning after reached minRegisteredResourcesRatio: 0.0
[2023-06-15T10:20:51.263+0000] {spark_submit.py:490} INFO - 23/06/15 10:20:51 INFO SharedState: Setting hive.metastore.warehouse.dir ('null') to the value of spark.sql.warehouse.dir.
[2023-06-15T10:20:51.294+0000] {spark_submit.py:490} INFO - 23/06/15 10:20:51 INFO SharedState: Warehouse path is 'file:/opt/***/spark-warehouse'.
[2023-06-15T10:20:52.629+0000] {spark_submit.py:490} INFO - 23/06/15 10:20:52 INFO StandaloneSchedulerBackend$StandaloneDriverEndpoint: Registered executor NettyRpcEndpointRef(spark-client://Executor) (172.27.0.2:59042) with ID 0,  ResourceProfileId 0
[2023-06-15T10:20:52.726+0000] {spark_submit.py:490} INFO - 23/06/15 10:20:52 INFO BlockManagerMasterEndpoint: Registering block manager 172.27.0.2:35577 with 434.4 MiB RAM, BlockManagerId(0, 172.27.0.2, 35577, None)
[2023-06-15T10:20:55.065+0000] {spark_submit.py:490} INFO - {'meta': {'symbol': 'AAPL', 'interval': '1h', 'currency': 'USD', 'exchange_timezone': 'America/New_York', 'exchange': 'NASDAQ', 'mic_code': 'XNGS', 'type': 'Common Stock'}, 'values': [{'datetime': '2021-02-24 15:30:00', 'open': '124.92010', 'high': '125.56000', 'low': '124.72000', 'close': '125.32000', 'volume': '11122525'}, {'datetime': '2021-02-24 14:30:00', 'open': '124.47000', 'high': '124.93000', 'low': '124.21000', 'close': '124.93000', 'volume': '9546910'}, {'datetime': '2021-02-24 13:30:00', 'open': '124.47000', 'high': '125.18500', 'low': '124.32000', 'close': '124.46000', 'volume': '10511658'}, {'datetime': '2021-02-24 12:30:00', 'open': '125.11000', 'high': '125.14000', 'low': '123.95000', 'close': '124.45000', 'volume': '11266334'}, {'datetime': '2021-02-24 11:30:00', 'open': '124.56000', 'high': '125.11000', 'low': '124.15000', 'close': '125.10500', 'volume': '11950302'}, {'datetime': '2021-02-24 10:30:00', 'open': '124.02000', 'high': '124.93000', 'low': '123.50000', 'close': '124.56980', 'volume': '14626652'}, {'datetime': '2021-02-24 09:30:00', 'open': '125.25000', 'high': '125.32000', 'low': '122.23000', 'close': '124.01500', 'volume': '33758362'}], 'status': 'ok'}
[2023-06-15T10:20:56.087+0000] {spark_submit.py:490} INFO - 23/06/15 10:20:56 INFO CodeGenerator: Code generated in 286.476302 ms
[2023-06-15T10:20:56.165+0000] {spark_submit.py:490} INFO - 23/06/15 10:20:56 INFO SparkContext: Starting job: json at NativeMethodAccessorImpl.java:0
[2023-06-15T10:20:56.176+0000] {spark_submit.py:490} INFO - 23/06/15 10:20:56 INFO DAGScheduler: Got job 0 (json at NativeMethodAccessorImpl.java:0) with 2 output partitions
[2023-06-15T10:20:56.177+0000] {spark_submit.py:490} INFO - 23/06/15 10:20:56 INFO DAGScheduler: Final stage: ResultStage 0 (json at NativeMethodAccessorImpl.java:0)
[2023-06-15T10:20:56.177+0000] {spark_submit.py:490} INFO - 23/06/15 10:20:56 INFO DAGScheduler: Parents of final stage: List()
[2023-06-15T10:20:56.178+0000] {spark_submit.py:490} INFO - 23/06/15 10:20:56 INFO DAGScheduler: Missing parents: List()
[2023-06-15T10:20:56.181+0000] {spark_submit.py:490} INFO - 23/06/15 10:20:56 INFO DAGScheduler: Submitting ResultStage 0 (MapPartitionsRDD[11] at json at NativeMethodAccessorImpl.java:0), which has no missing parents
[2023-06-15T10:20:56.286+0000] {spark_submit.py:490} INFO - 23/06/15 10:20:56 INFO MemoryStore: Block broadcast_0 stored as values in memory (estimated size 19.8 KiB, free 434.4 MiB)
[2023-06-15T10:20:56.312+0000] {spark_submit.py:490} INFO - 23/06/15 10:20:56 INFO MemoryStore: Block broadcast_0_piece0 stored as bytes in memory (estimated size 9.7 KiB, free 434.4 MiB)
[2023-06-15T10:20:56.315+0000] {spark_submit.py:490} INFO - 23/06/15 10:20:56 INFO BlockManagerInfo: Added broadcast_0_piece0 in memory on 69b643fc97df:43409 (size: 9.7 KiB, free: 434.4 MiB)
[2023-06-15T10:20:56.318+0000] {spark_submit.py:490} INFO - 23/06/15 10:20:56 INFO SparkContext: Created broadcast 0 from broadcast at DAGScheduler.scala:1535
[2023-06-15T10:20:56.329+0000] {spark_submit.py:490} INFO - 23/06/15 10:20:56 INFO DAGScheduler: Submitting 2 missing tasks from ResultStage 0 (MapPartitionsRDD[11] at json at NativeMethodAccessorImpl.java:0) (first 15 tasks are for partitions Vector(0, 1))
[2023-06-15T10:20:56.330+0000] {spark_submit.py:490} INFO - 23/06/15 10:20:56 INFO TaskSchedulerImpl: Adding task set 0.0 with 2 tasks resource profile 0
[2023-06-15T10:20:56.362+0000] {spark_submit.py:490} INFO - 23/06/15 10:20:56 INFO TaskSetManager: Starting task 0.0 in stage 0.0 (TID 0) (172.27.0.2, executor 0, partition 0, PROCESS_LOCAL, 7347 bytes)
[2023-06-15T10:20:56.366+0000] {spark_submit.py:490} INFO - 23/06/15 10:20:56 INFO TaskSetManager: Starting task 1.0 in stage 0.0 (TID 1) (172.27.0.2, executor 0, partition 1, PROCESS_LOCAL, 8090 bytes)
[2023-06-15T10:20:56.599+0000] {spark_submit.py:490} INFO - 23/06/15 10:20:56 INFO BlockManagerInfo: Added broadcast_0_piece0 in memory on 172.27.0.2:35577 (size: 9.7 KiB, free: 434.4 MiB)
[2023-06-15T10:20:57.950+0000] {spark_submit.py:490} INFO - 23/06/15 10:20:57 INFO TaskSetManager: Finished task 0.0 in stage 0.0 (TID 0) in 1599 ms on 172.27.0.2 (executor 0) (1/2)
[2023-06-15T10:20:57.952+0000] {spark_submit.py:490} INFO - 23/06/15 10:20:57 INFO TaskSetManager: Finished task 1.0 in stage 0.0 (TID 1) in 1586 ms on 172.27.0.2 (executor 0) (2/2)
[2023-06-15T10:20:57.953+0000] {spark_submit.py:490} INFO - 23/06/15 10:20:57 INFO TaskSchedulerImpl: Removed TaskSet 0.0, whose tasks have all completed, from pool
[2023-06-15T10:20:57.958+0000] {spark_submit.py:490} INFO - 23/06/15 10:20:57 INFO PythonAccumulatorV2: Connected to AccumulatorServer at host: 127.0.0.1 port: 53895
[2023-06-15T10:20:57.964+0000] {spark_submit.py:490} INFO - 23/06/15 10:20:57 INFO DAGScheduler: ResultStage 0 (json at NativeMethodAccessorImpl.java:0) finished in 1.769 s
[2023-06-15T10:20:57.967+0000] {spark_submit.py:490} INFO - 23/06/15 10:20:57 INFO DAGScheduler: Job 0 is finished. Cancelling potential speculative or zombie tasks for this job
[2023-06-15T10:20:57.967+0000] {spark_submit.py:490} INFO - 23/06/15 10:20:57 INFO TaskSchedulerImpl: Killing all running tasks in stage 0: Stage finished
[2023-06-15T10:20:57.970+0000] {spark_submit.py:490} INFO - 23/06/15 10:20:57 INFO DAGScheduler: Job 0 finished: json at NativeMethodAccessorImpl.java:0, took 1.804752 s
[2023-06-15T10:20:59.441+0000] {spark_submit.py:490} INFO - {'meta': {'symbol': 'MSFT', 'interval': '1h', 'currency': 'USD', 'exchange_timezone': 'America/New_York', 'exchange': 'NASDAQ', 'mic_code': 'XNGS', 'type': 'Common Stock'}, 'values': [{'datetime': '2021-02-24 15:30:00', 'open': '234.78999', 'high': '235.20000', 'low': '234.39000', 'close': '234.55000', 'volume': '3045006'}, {'datetime': '2021-02-24 14:30:00', 'open': '233.73000', 'high': '234.83000', 'low': '233.52000', 'close': '234.78000', 'volume': '1902548'}, {'datetime': '2021-02-24 13:30:00', 'open': '233.32001', 'high': '234.19000', 'low': '233.19000', 'close': '233.72000', 'volume': '2147483'}, {'datetime': '2021-02-24 12:30:00', 'open': '232.39000', 'high': '233.42999', 'low': '232.28000', 'close': '233.26500', 'volume': '2335081'}, {'datetime': '2021-02-24 11:30:00', 'open': '232.03000', 'high': '232.66000', 'low': '231.65500', 'close': '232.34000', 'volume': '2224569'}, {'datetime': '2021-02-24 10:30:00', 'open': '231.22000', 'high': '232.22000', 'low': '229.91000', 'close': '231.97000', 'volume': '3377163'}, {'datetime': '2021-02-24 09:30:00', 'open': '230.95000', 'high': '231.74020', 'low': '229.00000', 'close': '231.21001', 'volume': '6739835'}], 'status': 'ok'}
[2023-06-15T10:20:59.514+0000] {spark_submit.py:490} INFO - 23/06/15 10:20:59 INFO SparkContext: Starting job: json at NativeMethodAccessorImpl.java:0
[2023-06-15T10:20:59.516+0000] {spark_submit.py:490} INFO - 23/06/15 10:20:59 INFO DAGScheduler: Got job 1 (json at NativeMethodAccessorImpl.java:0) with 2 output partitions
[2023-06-15T10:20:59.516+0000] {spark_submit.py:490} INFO - 23/06/15 10:20:59 INFO DAGScheduler: Final stage: ResultStage 1 (json at NativeMethodAccessorImpl.java:0)
[2023-06-15T10:20:59.516+0000] {spark_submit.py:490} INFO - 23/06/15 10:20:59 INFO DAGScheduler: Parents of final stage: List()
[2023-06-15T10:20:59.517+0000] {spark_submit.py:490} INFO - 23/06/15 10:20:59 INFO DAGScheduler: Missing parents: List()
[2023-06-15T10:20:59.518+0000] {spark_submit.py:490} INFO - 23/06/15 10:20:59 INFO DAGScheduler: Submitting ResultStage 1 (MapPartitionsRDD[22] at json at NativeMethodAccessorImpl.java:0), which has no missing parents
[2023-06-15T10:20:59.524+0000] {spark_submit.py:490} INFO - 23/06/15 10:20:59 INFO MemoryStore: Block broadcast_1 stored as values in memory (estimated size 19.8 KiB, free 434.4 MiB)
[2023-06-15T10:20:59.528+0000] {spark_submit.py:490} INFO - 23/06/15 10:20:59 INFO MemoryStore: Block broadcast_1_piece0 stored as bytes in memory (estimated size 9.7 KiB, free 434.3 MiB)
[2023-06-15T10:20:59.528+0000] {spark_submit.py:490} INFO - 23/06/15 10:20:59 INFO BlockManagerInfo: Added broadcast_1_piece0 in memory on 69b643fc97df:43409 (size: 9.7 KiB, free: 434.4 MiB)
[2023-06-15T10:20:59.529+0000] {spark_submit.py:490} INFO - 23/06/15 10:20:59 INFO SparkContext: Created broadcast 1 from broadcast at DAGScheduler.scala:1535
[2023-06-15T10:20:59.530+0000] {spark_submit.py:490} INFO - 23/06/15 10:20:59 INFO DAGScheduler: Submitting 2 missing tasks from ResultStage 1 (MapPartitionsRDD[22] at json at NativeMethodAccessorImpl.java:0) (first 15 tasks are for partitions Vector(0, 1))
[2023-06-15T10:20:59.530+0000] {spark_submit.py:490} INFO - 23/06/15 10:20:59 INFO TaskSchedulerImpl: Adding task set 1.0 with 2 tasks resource profile 0
[2023-06-15T10:20:59.532+0000] {spark_submit.py:490} INFO - 23/06/15 10:20:59 INFO TaskSetManager: Starting task 0.0 in stage 1.0 (TID 2) (172.27.0.2, executor 0, partition 0, PROCESS_LOCAL, 7347 bytes)
[2023-06-15T10:20:59.533+0000] {spark_submit.py:490} INFO - 23/06/15 10:20:59 INFO TaskSetManager: Starting task 1.0 in stage 1.0 (TID 3) (172.27.0.2, executor 0, partition 1, PROCESS_LOCAL, 8084 bytes)
[2023-06-15T10:20:59.566+0000] {spark_submit.py:490} INFO - 23/06/15 10:20:59 INFO BlockManagerInfo: Added broadcast_1_piece0 in memory on 172.27.0.2:35577 (size: 9.7 KiB, free: 434.4 MiB)
[2023-06-15T10:20:59.649+0000] {spark_submit.py:490} INFO - 23/06/15 10:20:59 INFO TaskSetManager: Finished task 0.0 in stage 1.0 (TID 2) in 117 ms on 172.27.0.2 (executor 0) (1/2)
[2023-06-15T10:20:59.650+0000] {spark_submit.py:490} INFO - 23/06/15 10:20:59 INFO TaskSetManager: Finished task 1.0 in stage 1.0 (TID 3) in 118 ms on 172.27.0.2 (executor 0) (2/2)
[2023-06-15T10:20:59.651+0000] {spark_submit.py:490} INFO - 23/06/15 10:20:59 INFO TaskSchedulerImpl: Removed TaskSet 1.0, whose tasks have all completed, from pool
[2023-06-15T10:20:59.652+0000] {spark_submit.py:490} INFO - 23/06/15 10:20:59 INFO DAGScheduler: ResultStage 1 (json at NativeMethodAccessorImpl.java:0) finished in 0.133 s
[2023-06-15T10:20:59.653+0000] {spark_submit.py:490} INFO - 23/06/15 10:20:59 INFO DAGScheduler: Job 1 is finished. Cancelling potential speculative or zombie tasks for this job
[2023-06-15T10:20:59.653+0000] {spark_submit.py:490} INFO - 23/06/15 10:20:59 INFO TaskSchedulerImpl: Killing all running tasks in stage 1: Stage finished
[2023-06-15T10:20:59.653+0000] {spark_submit.py:490} INFO - 23/06/15 10:20:59 INFO DAGScheduler: Job 1 finished: json at NativeMethodAccessorImpl.java:0, took 0.139001 s
[2023-06-15T10:21:00.780+0000] {spark_submit.py:490} INFO - {'meta': {'symbol': 'GOOG', 'interval': '1h', 'currency': 'USD', 'exchange_timezone': 'America/New_York', 'exchange': 'NASDAQ', 'mic_code': 'XNGS', 'type': 'Common Stock'}, 'values': [{'datetime': '2021-02-24 15:30:00', 'open': '2097.21997', 'high': '2100.78003', 'low': '2090.94995', 'close': '2095.16992', 'volume': '161536'}, {'datetime': '2021-02-24 14:30:00', 'open': '2086.15991', 'high': '2097.70996', 'low': '2084.38989', 'close': '2097.70996', 'volume': '117157'}, {'datetime': '2021-02-24 13:30:00', 'open': '2083.80005', 'high': '2091.28003', 'low': '2081.89990', 'close': '2085.84497', 'volume': '164339'}, {'datetime': '2021-02-24 12:30:00', 'open': '2089.10010', 'high': '2090.91992', 'low': '2074.44995', 'close': '2083.80005', 'volume': '128239'}, {'datetime': '2021-02-24 11:30:00', 'open': '2065.16992', 'high': '2088.00000', 'low': '2063.71997', 'close': '2087.79004', 'volume': '117506'}, {'datetime': '2021-02-24 10:30:00', 'open': '2060.62012', 'high': '2073.17993', 'low': '2055.26001', 'close': '2065.00000', 'volume': '136268'}, {'datetime': '2021-02-24 09:30:00', 'open': '2040.01001', 'high': '2064.79492', 'low': '2038.13000', 'close': '2061.80005', 'volume': '256332'}], 'status': 'ok'}
[2023-06-15T10:21:00.924+0000] {spark_submit.py:490} INFO - 23/06/15 10:21:00 INFO SparkContext: Starting job: json at NativeMethodAccessorImpl.java:0
[2023-06-15T10:21:00.926+0000] {spark_submit.py:490} INFO - 23/06/15 10:21:00 INFO DAGScheduler: Got job 2 (json at NativeMethodAccessorImpl.java:0) with 2 output partitions
[2023-06-15T10:21:00.927+0000] {spark_submit.py:490} INFO - 23/06/15 10:21:00 INFO DAGScheduler: Final stage: ResultStage 2 (json at NativeMethodAccessorImpl.java:0)
[2023-06-15T10:21:00.927+0000] {spark_submit.py:490} INFO - 23/06/15 10:21:00 INFO DAGScheduler: Parents of final stage: List()
[2023-06-15T10:21:00.928+0000] {spark_submit.py:490} INFO - 23/06/15 10:21:00 INFO DAGScheduler: Missing parents: List()
[2023-06-15T10:21:00.932+0000] {spark_submit.py:490} INFO - 23/06/15 10:21:00 INFO DAGScheduler: Submitting ResultStage 2 (MapPartitionsRDD[33] at json at NativeMethodAccessorImpl.java:0), which has no missing parents
[2023-06-15T10:21:00.948+0000] {spark_submit.py:490} INFO - 23/06/15 10:21:00 INFO MemoryStore: Block broadcast_2 stored as values in memory (estimated size 19.8 KiB, free 434.3 MiB)
[2023-06-15T10:21:00.954+0000] {spark_submit.py:490} INFO - 23/06/15 10:21:00 INFO MemoryStore: Block broadcast_2_piece0 stored as bytes in memory (estimated size 9.7 KiB, free 434.3 MiB)
[2023-06-15T10:21:00.957+0000] {spark_submit.py:490} INFO - 23/06/15 10:21:00 INFO BlockManagerInfo: Added broadcast_2_piece0 in memory on 69b643fc97df:43409 (size: 9.7 KiB, free: 434.4 MiB)
[2023-06-15T10:21:00.959+0000] {spark_submit.py:490} INFO - 23/06/15 10:21:00 INFO SparkContext: Created broadcast 2 from broadcast at DAGScheduler.scala:1535
[2023-06-15T10:21:00.967+0000] {spark_submit.py:490} INFO - 23/06/15 10:21:00 INFO DAGScheduler: Submitting 2 missing tasks from ResultStage 2 (MapPartitionsRDD[33] at json at NativeMethodAccessorImpl.java:0) (first 15 tasks are for partitions Vector(0, 1))
[2023-06-15T10:21:00.967+0000] {spark_submit.py:490} INFO - 23/06/15 10:21:00 INFO TaskSchedulerImpl: Adding task set 2.0 with 2 tasks resource profile 0
[2023-06-15T10:21:00.968+0000] {spark_submit.py:490} INFO - 23/06/15 10:21:00 INFO TaskSetManager: Starting task 0.0 in stage 2.0 (TID 4) (172.27.0.2, executor 0, partition 0, PROCESS_LOCAL, 7347 bytes)
[2023-06-15T10:21:00.972+0000] {spark_submit.py:490} INFO - 23/06/15 10:21:00 INFO TaskSetManager: Starting task 1.0 in stage 2.0 (TID 5) (172.27.0.2, executor 0, partition 1, PROCESS_LOCAL, 8105 bytes)
[2023-06-15T10:21:01.004+0000] {spark_submit.py:490} INFO - 23/06/15 10:21:01 INFO BlockManagerInfo: Added broadcast_2_piece0 in memory on 172.27.0.2:35577 (size: 9.7 KiB, free: 434.4 MiB)
[2023-06-15T10:21:01.077+0000] {spark_submit.py:490} INFO - 23/06/15 10:21:01 INFO TaskSetManager: Finished task 0.0 in stage 2.0 (TID 4) in 112 ms on 172.27.0.2 (executor 0) (1/2)
[2023-06-15T10:21:01.085+0000] {spark_submit.py:490} INFO - 23/06/15 10:21:01 INFO TaskSetManager: Finished task 1.0 in stage 2.0 (TID 5) in 120 ms on 172.27.0.2 (executor 0) (2/2)
[2023-06-15T10:21:01.086+0000] {spark_submit.py:490} INFO - 23/06/15 10:21:01 INFO TaskSchedulerImpl: Removed TaskSet 2.0, whose tasks have all completed, from pool
[2023-06-15T10:21:01.087+0000] {spark_submit.py:490} INFO - 23/06/15 10:21:01 INFO DAGScheduler: ResultStage 2 (json at NativeMethodAccessorImpl.java:0) finished in 0.155 s
[2023-06-15T10:21:01.088+0000] {spark_submit.py:490} INFO - 23/06/15 10:21:01 INFO DAGScheduler: Job 2 is finished. Cancelling potential speculative or zombie tasks for this job
[2023-06-15T10:21:01.088+0000] {spark_submit.py:490} INFO - 23/06/15 10:21:01 INFO TaskSchedulerImpl: Killing all running tasks in stage 2: Stage finished
[2023-06-15T10:21:01.088+0000] {spark_submit.py:490} INFO - 23/06/15 10:21:01 INFO DAGScheduler: Job 2 finished: json at NativeMethodAccessorImpl.java:0, took 0.163218 s
[2023-06-15T10:21:02.650+0000] {spark_submit.py:490} INFO - {'meta': {'symbol': 'AMZN', 'interval': '1h', 'currency': 'USD', 'exchange_timezone': 'America/New_York', 'exchange': 'NASDAQ', 'mic_code': 'XNGS', 'type': 'Common Stock'}, 'values': [{'datetime': '2021-02-24 15:30:00', 'open': '3146.82007', 'high': '3165.00000', 'low': '3145.00000', 'close': '3159.53003', 'volume': '376030'}, {'datetime': '2021-02-24 14:30:00', 'open': '3153.35498', 'high': '3160.77002', 'low': '3143.12012', 'close': '3147.00000', 'volume': '296213'}, {'datetime': '2021-02-24 13:30:00', 'open': '3160.57495', 'high': '3165.77002', 'low': '3145.72998', 'close': '3151.81006', 'volume': '244114'}, {'datetime': '2021-02-24 12:30:00', 'open': '3157.05005', 'high': '3170.00000', 'low': '3142.04004', 'close': '3159.49292', 'volume': '249194'}, {'datetime': '2021-02-24 11:30:00', 'open': '3164.22998', 'high': '3169.79004', 'low': '3147.67993', 'close': '3156.63989', 'volume': '255052'}, {'datetime': '2021-02-24 10:30:00', 'open': '3150.71997', 'high': '3171.22998', 'low': '3139.42993', 'close': '3162.54004', 'volume': '369074'}, {'datetime': '2021-02-24 09:30:00', 'open': '3170.00000', 'high': '3170.00000', 'low': '3125.37988', 'close': '3151.52002', 'volume': '904723'}], 'status': 'ok'}
[2023-06-15T10:21:02.718+0000] {spark_submit.py:490} INFO - 23/06/15 10:21:02 INFO SparkContext: Starting job: json at NativeMethodAccessorImpl.java:0
[2023-06-15T10:21:02.720+0000] {spark_submit.py:490} INFO - 23/06/15 10:21:02 INFO DAGScheduler: Got job 3 (json at NativeMethodAccessorImpl.java:0) with 2 output partitions
[2023-06-15T10:21:02.720+0000] {spark_submit.py:490} INFO - 23/06/15 10:21:02 INFO DAGScheduler: Final stage: ResultStage 3 (json at NativeMethodAccessorImpl.java:0)
[2023-06-15T10:21:02.720+0000] {spark_submit.py:490} INFO - 23/06/15 10:21:02 INFO DAGScheduler: Parents of final stage: List()
[2023-06-15T10:21:02.720+0000] {spark_submit.py:490} INFO - 23/06/15 10:21:02 INFO DAGScheduler: Missing parents: List()
[2023-06-15T10:21:02.721+0000] {spark_submit.py:490} INFO - 23/06/15 10:21:02 INFO DAGScheduler: Submitting ResultStage 3 (MapPartitionsRDD[44] at json at NativeMethodAccessorImpl.java:0), which has no missing parents
[2023-06-15T10:21:02.726+0000] {spark_submit.py:490} INFO - 23/06/15 10:21:02 INFO MemoryStore: Block broadcast_3 stored as values in memory (estimated size 19.8 KiB, free 434.3 MiB)
[2023-06-15T10:21:02.731+0000] {spark_submit.py:490} INFO - 23/06/15 10:21:02 INFO MemoryStore: Block broadcast_3_piece0 stored as bytes in memory (estimated size 9.7 KiB, free 434.3 MiB)
[2023-06-15T10:21:02.731+0000] {spark_submit.py:490} INFO - 23/06/15 10:21:02 INFO BlockManagerInfo: Added broadcast_3_piece0 in memory on 69b643fc97df:43409 (size: 9.7 KiB, free: 434.4 MiB)
[2023-06-15T10:21:02.732+0000] {spark_submit.py:490} INFO - 23/06/15 10:21:02 INFO SparkContext: Created broadcast 3 from broadcast at DAGScheduler.scala:1535
[2023-06-15T10:21:02.733+0000] {spark_submit.py:490} INFO - 23/06/15 10:21:02 INFO DAGScheduler: Submitting 2 missing tasks from ResultStage 3 (MapPartitionsRDD[44] at json at NativeMethodAccessorImpl.java:0) (first 15 tasks are for partitions Vector(0, 1))
[2023-06-15T10:21:02.733+0000] {spark_submit.py:490} INFO - 23/06/15 10:21:02 INFO TaskSchedulerImpl: Adding task set 3.0 with 2 tasks resource profile 0
[2023-06-15T10:21:02.734+0000] {spark_submit.py:490} INFO - 23/06/15 10:21:02 INFO TaskSetManager: Starting task 0.0 in stage 3.0 (TID 6) (172.27.0.2, executor 0, partition 0, PROCESS_LOCAL, 7347 bytes)
[2023-06-15T10:21:02.735+0000] {spark_submit.py:490} INFO - 23/06/15 10:21:02 INFO TaskSetManager: Starting task 1.0 in stage 3.0 (TID 7) (172.27.0.2, executor 0, partition 1, PROCESS_LOCAL, 8105 bytes)
[2023-06-15T10:21:02.749+0000] {spark_submit.py:490} INFO - 23/06/15 10:21:02 INFO BlockManagerInfo: Added broadcast_3_piece0 in memory on 172.27.0.2:35577 (size: 9.7 KiB, free: 434.4 MiB)
[2023-06-15T10:21:02.813+0000] {spark_submit.py:490} INFO - 23/06/15 10:21:02 INFO TaskSetManager: Finished task 0.0 in stage 3.0 (TID 6) in 79 ms on 172.27.0.2 (executor 0) (1/2)
[2023-06-15T10:21:02.817+0000] {spark_submit.py:490} INFO - 23/06/15 10:21:02 INFO TaskSetManager: Finished task 1.0 in stage 3.0 (TID 7) in 82 ms on 172.27.0.2 (executor 0) (2/2)
[2023-06-15T10:21:02.817+0000] {spark_submit.py:490} INFO - 23/06/15 10:21:02 INFO TaskSchedulerImpl: Removed TaskSet 3.0, whose tasks have all completed, from pool
[2023-06-15T10:21:02.818+0000] {spark_submit.py:490} INFO - 23/06/15 10:21:02 INFO DAGScheduler: ResultStage 3 (json at NativeMethodAccessorImpl.java:0) finished in 0.095 s
[2023-06-15T10:21:02.818+0000] {spark_submit.py:490} INFO - 23/06/15 10:21:02 INFO DAGScheduler: Job 3 is finished. Cancelling potential speculative or zombie tasks for this job
[2023-06-15T10:21:02.819+0000] {spark_submit.py:490} INFO - 23/06/15 10:21:02 INFO TaskSchedulerImpl: Killing all running tasks in stage 3: Stage finished
[2023-06-15T10:21:02.819+0000] {spark_submit.py:490} INFO - 23/06/15 10:21:02 INFO DAGScheduler: Job 3 finished: json at NativeMethodAccessorImpl.java:0, took 0.100316 s
[2023-06-15T10:21:04.166+0000] {spark_submit.py:490} INFO - {'meta': {'symbol': 'TSLA', 'interval': '1h', 'currency': 'USD', 'exchange_timezone': 'America/New_York', 'exchange': 'NASDAQ', 'mic_code': 'XNGS', 'type': 'Common Stock'}, 'values': [{'datetime': '2021-02-24 15:30:00', 'open': '736.45001', 'high': '744.76001', 'low': '735.45001', 'close': '742.15002', 'volume': '2851744'}, {'datetime': '2021-02-24 14:30:00', 'open': '727.20502', 'high': '736.59998', 'low': '725.00000', 'close': '736.34003', 'volume': '2544806'}, {'datetime': '2021-02-24 13:30:00', 'open': '731.80011', 'high': '734.33990', 'low': '722.00000', 'close': '727.13672', 'volume': '2972515'}, {'datetime': '2021-02-24 12:30:00', 'open': '736.83002', 'high': '737.77991', 'low': '726.36292', 'close': '731.88501', 'volume': '3220836'}, {'datetime': '2021-02-24 11:30:00', 'open': '727.00000', 'high': '736.32001', 'low': '724.31659', 'close': '736.10999', 'volume': '3909088'}, {'datetime': '2021-02-24 10:30:00', 'open': '710.88501', 'high': '735.00000', 'low': '708.00000', 'close': '726.88000', 'volume': '6734324'}, {'datetime': '2021-02-24 09:30:00', 'open': '711.46002', 'high': '724.85992', 'low': '694.16998', 'close': '711.21002', 'volume': '13737716'}], 'status': 'ok'}
[2023-06-15T10:21:04.252+0000] {spark_submit.py:490} INFO - 23/06/15 10:21:04 INFO SparkContext: Starting job: json at NativeMethodAccessorImpl.java:0
[2023-06-15T10:21:04.254+0000] {spark_submit.py:490} INFO - 23/06/15 10:21:04 INFO DAGScheduler: Got job 4 (json at NativeMethodAccessorImpl.java:0) with 2 output partitions
[2023-06-15T10:21:04.254+0000] {spark_submit.py:490} INFO - 23/06/15 10:21:04 INFO DAGScheduler: Final stage: ResultStage 4 (json at NativeMethodAccessorImpl.java:0)
[2023-06-15T10:21:04.254+0000] {spark_submit.py:490} INFO - 23/06/15 10:21:04 INFO DAGScheduler: Parents of final stage: List()
[2023-06-15T10:21:04.255+0000] {spark_submit.py:490} INFO - 23/06/15 10:21:04 INFO DAGScheduler: Missing parents: List()
[2023-06-15T10:21:04.255+0000] {spark_submit.py:490} INFO - 23/06/15 10:21:04 INFO DAGScheduler: Submitting ResultStage 4 (MapPartitionsRDD[55] at json at NativeMethodAccessorImpl.java:0), which has no missing parents
[2023-06-15T10:21:04.260+0000] {spark_submit.py:490} INFO - 23/06/15 10:21:04 INFO MemoryStore: Block broadcast_4 stored as values in memory (estimated size 19.8 KiB, free 434.3 MiB)
[2023-06-15T10:21:04.263+0000] {spark_submit.py:490} INFO - 23/06/15 10:21:04 INFO MemoryStore: Block broadcast_4_piece0 stored as bytes in memory (estimated size 9.7 KiB, free 434.3 MiB)
[2023-06-15T10:21:04.264+0000] {spark_submit.py:490} INFO - 23/06/15 10:21:04 INFO BlockManagerInfo: Added broadcast_4_piece0 in memory on 69b643fc97df:43409 (size: 9.7 KiB, free: 434.4 MiB)
[2023-06-15T10:21:04.265+0000] {spark_submit.py:490} INFO - 23/06/15 10:21:04 INFO SparkContext: Created broadcast 4 from broadcast at DAGScheduler.scala:1535
[2023-06-15T10:21:04.265+0000] {spark_submit.py:490} INFO - 23/06/15 10:21:04 INFO DAGScheduler: Submitting 2 missing tasks from ResultStage 4 (MapPartitionsRDD[55] at json at NativeMethodAccessorImpl.java:0) (first 15 tasks are for partitions Vector(0, 1))
[2023-06-15T10:21:04.266+0000] {spark_submit.py:490} INFO - 23/06/15 10:21:04 INFO TaskSchedulerImpl: Adding task set 4.0 with 2 tasks resource profile 0
[2023-06-15T10:21:04.267+0000] {spark_submit.py:490} INFO - 23/06/15 10:21:04 INFO TaskSetManager: Starting task 0.0 in stage 4.0 (TID 8) (172.27.0.2, executor 0, partition 0, PROCESS_LOCAL, 7347 bytes)
[2023-06-15T10:21:04.268+0000] {spark_submit.py:490} INFO - 23/06/15 10:21:04 INFO TaskSetManager: Starting task 1.0 in stage 4.0 (TID 9) (172.27.0.2, executor 0, partition 1, PROCESS_LOCAL, 8085 bytes)
[2023-06-15T10:21:04.284+0000] {spark_submit.py:490} INFO - 23/06/15 10:21:04 INFO BlockManagerInfo: Added broadcast_4_piece0 in memory on 172.27.0.2:35577 (size: 9.7 KiB, free: 434.4 MiB)
[2023-06-15T10:21:04.344+0000] {spark_submit.py:490} INFO - 23/06/15 10:21:04 INFO TaskSetManager: Finished task 0.0 in stage 4.0 (TID 8) in 78 ms on 172.27.0.2 (executor 0) (1/2)
[2023-06-15T10:21:04.349+0000] {spark_submit.py:490} INFO - 23/06/15 10:21:04 INFO TaskSetManager: Finished task 1.0 in stage 4.0 (TID 9) in 82 ms on 172.27.0.2 (executor 0) (2/2)
[2023-06-15T10:21:04.349+0000] {spark_submit.py:490} INFO - 23/06/15 10:21:04 INFO TaskSchedulerImpl: Removed TaskSet 4.0, whose tasks have all completed, from pool
[2023-06-15T10:21:04.351+0000] {spark_submit.py:490} INFO - 23/06/15 10:21:04 INFO DAGScheduler: ResultStage 4 (json at NativeMethodAccessorImpl.java:0) finished in 0.094 s
[2023-06-15T10:21:04.351+0000] {spark_submit.py:490} INFO - 23/06/15 10:21:04 INFO DAGScheduler: Job 4 is finished. Cancelling potential speculative or zombie tasks for this job
[2023-06-15T10:21:04.352+0000] {spark_submit.py:490} INFO - 23/06/15 10:21:04 INFO TaskSchedulerImpl: Killing all running tasks in stage 4: Stage finished
[2023-06-15T10:21:04.352+0000] {spark_submit.py:490} INFO - 23/06/15 10:21:04 INFO DAGScheduler: Job 4 finished: json at NativeMethodAccessorImpl.java:0, took 0.099280 s
[2023-06-15T10:21:05.376+0000] {spark_submit.py:490} INFO - {'meta': {'symbol': 'META', 'interval': '1h', 'currency': 'USD', 'exchange_timezone': 'America/New_York', 'exchange': 'NASDAQ', 'mic_code': 'XNGS', 'type': 'Common Stock'}, 'values': [{'datetime': '2021-02-24 15:30:00', 'open': '265.76999', 'high': '266.04999', 'low': '264.16501', 'close': '264.34000', 'volume': '1606377'}, {'datetime': '2021-02-24 14:30:00', 'open': '265.25000', 'high': '265.95001', 'low': '264.76999', 'close': '265.76999', 'volume': '1353279'}, {'datetime': '2021-02-24 13:30:00', 'open': '265.60001', 'high': '266.38000', 'low': '265.03000', 'close': '265.20001', 'volume': '1471088'}, {'datetime': '2021-02-24 12:30:00', 'open': '264.37000', 'high': '265.76001', 'low': '263.70999', 'close': '265.57999', 'volume': '1817821'}, {'datetime': '2021-02-24 11:30:00', 'open': '262.29999', 'high': '264.73999', 'low': '261.82001', 'close': '264.28561', 'volume': '1570637'}, {'datetime': '2021-02-24 10:30:00', 'open': '261.18500', 'high': '262.67999', 'low': '260.29999', 'close': '262.29999', 'volume': '1708894'}, {'datetime': '2021-02-24 09:30:00', 'open': '263.54999', 'high': '263.92990', 'low': '258.44000', 'close': '261.20001', 'volume': '4659012'}], 'status': 'ok'}
[2023-06-15T10:21:05.430+0000] {spark_submit.py:490} INFO - 23/06/15 10:21:05 INFO SparkContext: Starting job: json at NativeMethodAccessorImpl.java:0
[2023-06-15T10:21:05.432+0000] {spark_submit.py:490} INFO - 23/06/15 10:21:05 INFO DAGScheduler: Got job 5 (json at NativeMethodAccessorImpl.java:0) with 2 output partitions
[2023-06-15T10:21:05.432+0000] {spark_submit.py:490} INFO - 23/06/15 10:21:05 INFO DAGScheduler: Final stage: ResultStage 5 (json at NativeMethodAccessorImpl.java:0)
[2023-06-15T10:21:05.432+0000] {spark_submit.py:490} INFO - 23/06/15 10:21:05 INFO DAGScheduler: Parents of final stage: List()
[2023-06-15T10:21:05.432+0000] {spark_submit.py:490} INFO - 23/06/15 10:21:05 INFO DAGScheduler: Missing parents: List()
[2023-06-15T10:21:05.434+0000] {spark_submit.py:490} INFO - 23/06/15 10:21:05 INFO DAGScheduler: Submitting ResultStage 5 (MapPartitionsRDD[66] at json at NativeMethodAccessorImpl.java:0), which has no missing parents
[2023-06-15T10:21:05.442+0000] {spark_submit.py:490} INFO - 23/06/15 10:21:05 INFO MemoryStore: Block broadcast_5 stored as values in memory (estimated size 19.8 KiB, free 434.2 MiB)
[2023-06-15T10:21:05.447+0000] {spark_submit.py:490} INFO - 23/06/15 10:21:05 INFO MemoryStore: Block broadcast_5_piece0 stored as bytes in memory (estimated size 9.7 KiB, free 434.2 MiB)
[2023-06-15T10:21:05.449+0000] {spark_submit.py:490} INFO - 23/06/15 10:21:05 INFO BlockManagerInfo: Added broadcast_5_piece0 in memory on 69b643fc97df:43409 (size: 9.7 KiB, free: 434.3 MiB)
[2023-06-15T10:21:05.450+0000] {spark_submit.py:490} INFO - 23/06/15 10:21:05 INFO SparkContext: Created broadcast 5 from broadcast at DAGScheduler.scala:1535
[2023-06-15T10:21:05.451+0000] {spark_submit.py:490} INFO - 23/06/15 10:21:05 INFO DAGScheduler: Submitting 2 missing tasks from ResultStage 5 (MapPartitionsRDD[66] at json at NativeMethodAccessorImpl.java:0) (first 15 tasks are for partitions Vector(0, 1))
[2023-06-15T10:21:05.451+0000] {spark_submit.py:490} INFO - 23/06/15 10:21:05 INFO TaskSchedulerImpl: Adding task set 5.0 with 2 tasks resource profile 0
[2023-06-15T10:21:05.453+0000] {spark_submit.py:490} INFO - 23/06/15 10:21:05 INFO TaskSetManager: Starting task 0.0 in stage 5.0 (TID 10) (172.27.0.2, executor 0, partition 0, PROCESS_LOCAL, 7347 bytes)
[2023-06-15T10:21:05.454+0000] {spark_submit.py:490} INFO - 23/06/15 10:21:05 INFO TaskSetManager: Starting task 1.0 in stage 5.0 (TID 11) (172.27.0.2, executor 0, partition 1, PROCESS_LOCAL, 8084 bytes)
[2023-06-15T10:21:05.476+0000] {spark_submit.py:490} INFO - 23/06/15 10:21:05 INFO BlockManagerInfo: Added broadcast_5_piece0 in memory on 172.27.0.2:35577 (size: 9.7 KiB, free: 434.3 MiB)
[2023-06-15T10:21:05.540+0000] {spark_submit.py:490} INFO - 23/06/15 10:21:05 INFO TaskSetManager: Finished task 1.0 in stage 5.0 (TID 11) in 87 ms on 172.27.0.2 (executor 0) (1/2)
[2023-06-15T10:21:05.558+0000] {spark_submit.py:490} INFO - 23/06/15 10:21:05 INFO TaskSetManager: Finished task 0.0 in stage 5.0 (TID 10) in 105 ms on 172.27.0.2 (executor 0) (2/2)
[2023-06-15T10:21:05.558+0000] {spark_submit.py:490} INFO - 23/06/15 10:21:05 INFO TaskSchedulerImpl: Removed TaskSet 5.0, whose tasks have all completed, from pool
[2023-06-15T10:21:05.559+0000] {spark_submit.py:490} INFO - 23/06/15 10:21:05 INFO DAGScheduler: ResultStage 5 (json at NativeMethodAccessorImpl.java:0) finished in 0.124 s
[2023-06-15T10:21:05.559+0000] {spark_submit.py:490} INFO - 23/06/15 10:21:05 INFO DAGScheduler: Job 5 is finished. Cancelling potential speculative or zombie tasks for this job
[2023-06-15T10:21:05.560+0000] {spark_submit.py:490} INFO - 23/06/15 10:21:05 INFO TaskSchedulerImpl: Killing all running tasks in stage 5: Stage finished
[2023-06-15T10:21:05.560+0000] {spark_submit.py:490} INFO - 23/06/15 10:21:05 INFO DAGScheduler: Job 5 finished: json at NativeMethodAccessorImpl.java:0, took 0.129974 s
[2023-06-15T10:21:07.253+0000] {spark_submit.py:490} INFO - {'meta': {'symbol': 'NFLX', 'interval': '1h', 'currency': 'USD', 'exchange_timezone': 'America/New_York', 'exchange': 'NASDAQ', 'mic_code': 'XNGS', 'type': 'Common Stock'}, 'values': [{'datetime': '2021-02-24 15:30:00', 'open': '552.40002', 'high': '554.82001', 'low': '551.04999', 'close': '553.46997', 'volume': '404679'}, {'datetime': '2021-02-24 14:30:00', 'open': '551.14001', 'high': '554.10999', 'low': '549.92999', 'close': '552.53003', 'volume': '226576'}, {'datetime': '2021-02-24 13:30:00', 'open': '552.27008', 'high': '552.65997', 'low': '550.11499', 'close': '551.16998', 'volume': '177526'}, {'datetime': '2021-02-24 12:30:00', 'open': '552.79999', 'high': '554.50000', 'low': '548.97498', 'close': '551.79248', 'volume': '225416'}, {'datetime': '2021-02-24 11:30:00', 'open': '553.13000', 'high': '554.98999', 'low': '551.59003', 'close': '552.39880', 'volume': '329909'}, {'datetime': '2021-02-24 10:30:00', 'open': '550.40997', 'high': '556.84991', 'low': '548.51001', 'close': '553.03998', 'volume': '606460'}, {'datetime': '2021-02-24 09:30:00', 'open': '539.33002', 'high': '552.47998', 'low': '539.06500', 'close': '550.63000', 'volume': '944330'}], 'status': 'ok'}
[2023-06-15T10:21:07.292+0000] {spark_submit.py:490} INFO - 23/06/15 10:21:07 INFO SparkContext: Starting job: json at NativeMethodAccessorImpl.java:0
[2023-06-15T10:21:07.293+0000] {spark_submit.py:490} INFO - 23/06/15 10:21:07 INFO DAGScheduler: Got job 6 (json at NativeMethodAccessorImpl.java:0) with 2 output partitions
[2023-06-15T10:21:07.293+0000] {spark_submit.py:490} INFO - 23/06/15 10:21:07 INFO DAGScheduler: Final stage: ResultStage 6 (json at NativeMethodAccessorImpl.java:0)
[2023-06-15T10:21:07.293+0000] {spark_submit.py:490} INFO - 23/06/15 10:21:07 INFO DAGScheduler: Parents of final stage: List()
[2023-06-15T10:21:07.293+0000] {spark_submit.py:490} INFO - 23/06/15 10:21:07 INFO DAGScheduler: Missing parents: List()
[2023-06-15T10:21:07.294+0000] {spark_submit.py:490} INFO - 23/06/15 10:21:07 INFO DAGScheduler: Submitting ResultStage 6 (MapPartitionsRDD[77] at json at NativeMethodAccessorImpl.java:0), which has no missing parents
[2023-06-15T10:21:07.297+0000] {spark_submit.py:490} INFO - 23/06/15 10:21:07 INFO MemoryStore: Block broadcast_6 stored as values in memory (estimated size 19.8 KiB, free 434.2 MiB)
[2023-06-15T10:21:07.300+0000] {spark_submit.py:490} INFO - 23/06/15 10:21:07 INFO MemoryStore: Block broadcast_6_piece0 stored as bytes in memory (estimated size 9.7 KiB, free 434.2 MiB)
[2023-06-15T10:21:07.300+0000] {spark_submit.py:490} INFO - 23/06/15 10:21:07 INFO BlockManagerInfo: Added broadcast_6_piece0 in memory on 69b643fc97df:43409 (size: 9.7 KiB, free: 434.3 MiB)
[2023-06-15T10:21:07.301+0000] {spark_submit.py:490} INFO - 23/06/15 10:21:07 INFO SparkContext: Created broadcast 6 from broadcast at DAGScheduler.scala:1535
[2023-06-15T10:21:07.302+0000] {spark_submit.py:490} INFO - 23/06/15 10:21:07 INFO DAGScheduler: Submitting 2 missing tasks from ResultStage 6 (MapPartitionsRDD[77] at json at NativeMethodAccessorImpl.java:0) (first 15 tasks are for partitions Vector(0, 1))
[2023-06-15T10:21:07.302+0000] {spark_submit.py:490} INFO - 23/06/15 10:21:07 INFO TaskSchedulerImpl: Adding task set 6.0 with 2 tasks resource profile 0
[2023-06-15T10:21:07.303+0000] {spark_submit.py:490} INFO - 23/06/15 10:21:07 INFO TaskSetManager: Starting task 0.0 in stage 6.0 (TID 12) (172.27.0.2, executor 0, partition 0, PROCESS_LOCAL, 7347 bytes)
[2023-06-15T10:21:07.304+0000] {spark_submit.py:490} INFO - 23/06/15 10:21:07 INFO TaskSetManager: Starting task 1.0 in stage 6.0 (TID 13) (172.27.0.2, executor 0, partition 1, PROCESS_LOCAL, 8077 bytes)
[2023-06-15T10:21:07.317+0000] {spark_submit.py:490} INFO - 23/06/15 10:21:07 INFO BlockManagerInfo: Added broadcast_6_piece0 in memory on 172.27.0.2:35577 (size: 9.7 KiB, free: 434.3 MiB)
[2023-06-15T10:21:07.380+0000] {spark_submit.py:490} INFO - 23/06/15 10:21:07 INFO TaskSetManager: Finished task 0.0 in stage 6.0 (TID 12) in 76 ms on 172.27.0.2 (executor 0) (1/2)
[2023-06-15T10:21:07.381+0000] {spark_submit.py:490} INFO - 23/06/15 10:21:07 INFO TaskSetManager: Finished task 1.0 in stage 6.0 (TID 13) in 77 ms on 172.27.0.2 (executor 0) (2/2)
[2023-06-15T10:21:07.381+0000] {spark_submit.py:490} INFO - 23/06/15 10:21:07 INFO TaskSchedulerImpl: Removed TaskSet 6.0, whose tasks have all completed, from pool
[2023-06-15T10:21:07.383+0000] {spark_submit.py:490} INFO - 23/06/15 10:21:07 INFO DAGScheduler: ResultStage 6 (json at NativeMethodAccessorImpl.java:0) finished in 0.087 s
[2023-06-15T10:21:07.383+0000] {spark_submit.py:490} INFO - 23/06/15 10:21:07 INFO DAGScheduler: Job 6 is finished. Cancelling potential speculative or zombie tasks for this job
[2023-06-15T10:21:07.383+0000] {spark_submit.py:490} INFO - 23/06/15 10:21:07 INFO TaskSchedulerImpl: Killing all running tasks in stage 6: Stage finished
[2023-06-15T10:21:07.384+0000] {spark_submit.py:490} INFO - 23/06/15 10:21:07 INFO DAGScheduler: Job 6 finished: json at NativeMethodAccessorImpl.java:0, took 0.091497 s
[2023-06-15T10:21:08.584+0000] {spark_submit.py:490} INFO - {'meta': {'symbol': 'NVDA', 'interval': '1h', 'currency': 'USD', 'exchange_timezone': 'America/New_York', 'exchange': 'NASDAQ', 'mic_code': 'XNGS', 'type': 'Common Stock'}, 'values': [{'datetime': '2021-02-24 15:30:00', 'open': '576.02002', 'high': '580.21997', 'low': '575.38000', 'close': '579.89001', 'volume': '1494357'}, {'datetime': '2021-02-24 14:30:00', 'open': '576.15002', 'high': '579.67999', 'low': '573.30341', 'close': '576.03998', 'volume': '1271598'}, {'datetime': '2021-02-24 13:30:00', 'open': '570.39001', 'high': '576.79999', 'low': '569.78003', 'close': '576.17999', 'volume': '1035693'}, {'datetime': '2021-02-24 12:30:00', 'open': '567.79999', 'high': '573.40002', 'low': '566.77002', 'close': '570.04901', 'volume': '1257237'}, {'datetime': '2021-02-24 11:30:00', 'open': '563.45001', 'high': '568.28650', 'low': '560.19000', 'close': '567.60999', 'volume': '764553'}, {'datetime': '2021-02-24 10:30:00', 'open': '557.90002', 'high': '564.32001', 'low': '555.64001', 'close': '562.96002', 'volume': '839830'}, {'datetime': '2021-02-24 09:30:00', 'open': '564.83002', 'high': '567.83002', 'low': '550.23999', 'close': '557.97992', 'volume': '2016377'}], 'status': 'ok'}
[2023-06-15T10:21:08.627+0000] {spark_submit.py:490} INFO - 23/06/15 10:21:08 INFO SparkContext: Starting job: json at NativeMethodAccessorImpl.java:0
[2023-06-15T10:21:08.629+0000] {spark_submit.py:490} INFO - 23/06/15 10:21:08 INFO DAGScheduler: Got job 7 (json at NativeMethodAccessorImpl.java:0) with 2 output partitions
[2023-06-15T10:21:08.629+0000] {spark_submit.py:490} INFO - 23/06/15 10:21:08 INFO DAGScheduler: Final stage: ResultStage 7 (json at NativeMethodAccessorImpl.java:0)
[2023-06-15T10:21:08.629+0000] {spark_submit.py:490} INFO - 23/06/15 10:21:08 INFO DAGScheduler: Parents of final stage: List()
[2023-06-15T10:21:08.629+0000] {spark_submit.py:490} INFO - 23/06/15 10:21:08 INFO DAGScheduler: Missing parents: List()
[2023-06-15T10:21:08.630+0000] {spark_submit.py:490} INFO - 23/06/15 10:21:08 INFO DAGScheduler: Submitting ResultStage 7 (MapPartitionsRDD[88] at json at NativeMethodAccessorImpl.java:0), which has no missing parents
[2023-06-15T10:21:08.634+0000] {spark_submit.py:490} INFO - 23/06/15 10:21:08 INFO MemoryStore: Block broadcast_7 stored as values in memory (estimated size 19.8 KiB, free 434.2 MiB)
[2023-06-15T10:21:08.635+0000] {spark_submit.py:490} INFO - 23/06/15 10:21:08 INFO MemoryStore: Block broadcast_7_piece0 stored as bytes in memory (estimated size 9.7 KiB, free 434.2 MiB)
[2023-06-15T10:21:08.636+0000] {spark_submit.py:490} INFO - 23/06/15 10:21:08 INFO BlockManagerInfo: Added broadcast_7_piece0 in memory on 69b643fc97df:43409 (size: 9.7 KiB, free: 434.3 MiB)
[2023-06-15T10:21:08.637+0000] {spark_submit.py:490} INFO - 23/06/15 10:21:08 INFO SparkContext: Created broadcast 7 from broadcast at DAGScheduler.scala:1535
[2023-06-15T10:21:08.637+0000] {spark_submit.py:490} INFO - 23/06/15 10:21:08 INFO DAGScheduler: Submitting 2 missing tasks from ResultStage 7 (MapPartitionsRDD[88] at json at NativeMethodAccessorImpl.java:0) (first 15 tasks are for partitions Vector(0, 1))
[2023-06-15T10:21:08.637+0000] {spark_submit.py:490} INFO - 23/06/15 10:21:08 INFO TaskSchedulerImpl: Adding task set 7.0 with 2 tasks resource profile 0
[2023-06-15T10:21:08.639+0000] {spark_submit.py:490} INFO - 23/06/15 10:21:08 INFO TaskSetManager: Starting task 0.0 in stage 7.0 (TID 14) (172.27.0.2, executor 0, partition 0, PROCESS_LOCAL, 7347 bytes)
[2023-06-15T10:21:08.640+0000] {spark_submit.py:490} INFO - 23/06/15 10:21:08 INFO TaskSetManager: Starting task 1.0 in stage 7.0 (TID 15) (172.27.0.2, executor 0, partition 1, PROCESS_LOCAL, 8082 bytes)
[2023-06-15T10:21:08.654+0000] {spark_submit.py:490} INFO - 23/06/15 10:21:08 INFO BlockManagerInfo: Added broadcast_7_piece0 in memory on 172.27.0.2:35577 (size: 9.7 KiB, free: 434.3 MiB)
[2023-06-15T10:21:08.711+0000] {spark_submit.py:490} INFO - 23/06/15 10:21:08 INFO TaskSetManager: Finished task 1.0 in stage 7.0 (TID 15) in 71 ms on 172.27.0.2 (executor 0) (1/2)
[2023-06-15T10:21:08.718+0000] {spark_submit.py:490} INFO - 23/06/15 10:21:08 INFO TaskSetManager: Finished task 0.0 in stage 7.0 (TID 14) in 80 ms on 172.27.0.2 (executor 0) (2/2)
[2023-06-15T10:21:08.719+0000] {spark_submit.py:490} INFO - 23/06/15 10:21:08 INFO TaskSchedulerImpl: Removed TaskSet 7.0, whose tasks have all completed, from pool
[2023-06-15T10:21:08.719+0000] {spark_submit.py:490} INFO - 23/06/15 10:21:08 INFO DAGScheduler: ResultStage 7 (json at NativeMethodAccessorImpl.java:0) finished in 0.088 s
[2023-06-15T10:21:08.720+0000] {spark_submit.py:490} INFO - 23/06/15 10:21:08 INFO DAGScheduler: Job 7 is finished. Cancelling potential speculative or zombie tasks for this job
[2023-06-15T10:21:08.720+0000] {spark_submit.py:490} INFO - 23/06/15 10:21:08 INFO TaskSchedulerImpl: Killing all running tasks in stage 7: Stage finished
[2023-06-15T10:21:08.721+0000] {spark_submit.py:490} INFO - 23/06/15 10:21:08 INFO DAGScheduler: Job 7 finished: json at NativeMethodAccessorImpl.java:0, took 0.093024 s
[2023-06-15T10:21:08.889+0000] {spark_submit.py:490} INFO - 23/06/15 10:21:08 INFO BlockManagerInfo: Removed broadcast_1_piece0 on 69b643fc97df:43409 in memory (size: 9.7 KiB, free: 434.3 MiB)
[2023-06-15T10:21:08.894+0000] {spark_submit.py:490} INFO - 23/06/15 10:21:08 INFO BlockManagerInfo: Removed broadcast_1_piece0 on 172.27.0.2:35577 in memory (size: 9.7 KiB, free: 434.3 MiB)
[2023-06-15T10:21:08.909+0000] {spark_submit.py:490} INFO - 23/06/15 10:21:08 INFO BlockManagerInfo: Removed broadcast_3_piece0 on 69b643fc97df:43409 in memory (size: 9.7 KiB, free: 434.3 MiB)
[2023-06-15T10:21:08.914+0000] {spark_submit.py:490} INFO - 23/06/15 10:21:08 INFO BlockManagerInfo: Removed broadcast_3_piece0 on 172.27.0.2:35577 in memory (size: 9.7 KiB, free: 434.3 MiB)
[2023-06-15T10:21:08.923+0000] {spark_submit.py:490} INFO - 23/06/15 10:21:08 INFO BlockManagerInfo: Removed broadcast_5_piece0 on 69b643fc97df:43409 in memory (size: 9.7 KiB, free: 434.4 MiB)
[2023-06-15T10:21:08.926+0000] {spark_submit.py:490} INFO - 23/06/15 10:21:08 INFO BlockManagerInfo: Removed broadcast_5_piece0 on 172.27.0.2:35577 in memory (size: 9.7 KiB, free: 434.4 MiB)
[2023-06-15T10:21:08.937+0000] {spark_submit.py:490} INFO - 23/06/15 10:21:08 INFO BlockManagerInfo: Removed broadcast_2_piece0 on 69b643fc97df:43409 in memory (size: 9.7 KiB, free: 434.4 MiB)
[2023-06-15T10:21:08.939+0000] {spark_submit.py:490} INFO - 23/06/15 10:21:08 INFO BlockManagerInfo: Removed broadcast_2_piece0 on 172.27.0.2:35577 in memory (size: 9.7 KiB, free: 434.4 MiB)
[2023-06-15T10:21:08.949+0000] {spark_submit.py:490} INFO - 23/06/15 10:21:08 INFO BlockManagerInfo: Removed broadcast_4_piece0 on 69b643fc97df:43409 in memory (size: 9.7 KiB, free: 434.4 MiB)
[2023-06-15T10:21:08.952+0000] {spark_submit.py:490} INFO - 23/06/15 10:21:08 INFO BlockManagerInfo: Removed broadcast_4_piece0 on 172.27.0.2:35577 in memory (size: 9.7 KiB, free: 434.4 MiB)
[2023-06-15T10:21:08.963+0000] {spark_submit.py:490} INFO - 23/06/15 10:21:08 INFO BlockManagerInfo: Removed broadcast_7_piece0 on 69b643fc97df:43409 in memory (size: 9.7 KiB, free: 434.4 MiB)
[2023-06-15T10:21:08.964+0000] {spark_submit.py:490} INFO - 23/06/15 10:21:08 INFO BlockManagerInfo: Removed broadcast_7_piece0 on 172.27.0.2:35577 in memory (size: 9.7 KiB, free: 434.4 MiB)
[2023-06-15T10:21:08.974+0000] {spark_submit.py:490} INFO - 23/06/15 10:21:08 INFO BlockManagerInfo: Removed broadcast_0_piece0 on 69b643fc97df:43409 in memory (size: 9.7 KiB, free: 434.4 MiB)
[2023-06-15T10:21:08.979+0000] {spark_submit.py:490} INFO - 23/06/15 10:21:08 INFO BlockManagerInfo: Removed broadcast_0_piece0 on 172.27.0.2:35577 in memory (size: 9.7 KiB, free: 434.4 MiB)
[2023-06-15T10:21:08.990+0000] {spark_submit.py:490} INFO - 23/06/15 10:21:08 INFO BlockManagerInfo: Removed broadcast_6_piece0 on 69b643fc97df:43409 in memory (size: 9.7 KiB, free: 434.4 MiB)
[2023-06-15T10:21:08.993+0000] {spark_submit.py:490} INFO - 23/06/15 10:21:08 INFO BlockManagerInfo: Removed broadcast_6_piece0 on 172.27.0.2:35577 in memory (size: 9.7 KiB, free: 434.4 MiB)
[2023-06-15T10:21:14.579+0000] {spark_submit.py:490} INFO - 23/06/15 10:21:14 INFO ParquetUtils: Using default output committer for Parquet: org.apache.parquet.hadoop.ParquetOutputCommitter
[2023-06-15T10:21:14.606+0000] {spark_submit.py:490} INFO - 23/06/15 10:21:14 INFO FileOutputCommitter: File Output Committer Algorithm version is 1
[2023-06-15T10:21:14.607+0000] {spark_submit.py:490} INFO - 23/06/15 10:21:14 INFO FileOutputCommitter: FileOutputCommitter skip cleanup _temporary folders under output directory:false, ignore cleanup failures: false
[2023-06-15T10:21:14.608+0000] {spark_submit.py:490} INFO - 23/06/15 10:21:14 INFO SQLHadoopMapReduceCommitProtocol: Using user defined output committer class org.apache.parquet.hadoop.ParquetOutputCommitter
[2023-06-15T10:21:14.609+0000] {spark_submit.py:490} INFO - 23/06/15 10:21:14 INFO FileOutputCommitter: File Output Committer Algorithm version is 1
[2023-06-15T10:21:14.609+0000] {spark_submit.py:490} INFO - 23/06/15 10:21:14 INFO FileOutputCommitter: FileOutputCommitter skip cleanup _temporary folders under output directory:false, ignore cleanup failures: false
[2023-06-15T10:21:14.610+0000] {spark_submit.py:490} INFO - 23/06/15 10:21:14 INFO SQLHadoopMapReduceCommitProtocol: Using output committer class org.apache.parquet.hadoop.ParquetOutputCommitter
[2023-06-15T10:21:15.409+0000] {spark_submit.py:490} INFO - 23/06/15 10:21:15 INFO CodeGenerator: Code generated in 29.496966 ms
[2023-06-15T10:21:15.435+0000] {spark_submit.py:490} INFO - 23/06/15 10:21:15 INFO CodeGenerator: Code generated in 19.131545 ms
[2023-06-15T10:21:15.460+0000] {spark_submit.py:490} INFO - 23/06/15 10:21:15 INFO CodeGenerator: Code generated in 17.017701 ms
[2023-06-15T10:21:15.480+0000] {spark_submit.py:490} INFO - 23/06/15 10:21:15 INFO CodeGenerator: Code generated in 14.154225 ms
[2023-06-15T10:21:15.499+0000] {spark_submit.py:490} INFO - 23/06/15 10:21:15 INFO CodeGenerator: Code generated in 13.51128 ms
[2023-06-15T10:21:15.517+0000] {spark_submit.py:490} INFO - 23/06/15 10:21:15 INFO CodeGenerator: Code generated in 12.050882 ms
[2023-06-15T10:21:15.533+0000] {spark_submit.py:490} INFO - 23/06/15 10:21:15 INFO CodeGenerator: Code generated in 11.198643 ms
[2023-06-15T10:21:15.550+0000] {spark_submit.py:490} INFO - 23/06/15 10:21:15 INFO CodeGenerator: Code generated in 11.023788 ms
[2023-06-15T10:21:15.566+0000] {spark_submit.py:490} INFO - 23/06/15 10:21:15 INFO CodeGenerator: Code generated in 10.296274 ms
[2023-06-15T10:21:15.594+0000] {spark_submit.py:490} INFO - 23/06/15 10:21:15 INFO SparkContext: Starting job: parquet at NativeMethodAccessorImpl.java:0
[2023-06-15T10:21:15.598+0000] {spark_submit.py:490} INFO - 23/06/15 10:21:15 INFO DAGScheduler: Got job 8 (parquet at NativeMethodAccessorImpl.java:0) with 1 output partitions
[2023-06-15T10:21:15.598+0000] {spark_submit.py:490} INFO - 23/06/15 10:21:15 INFO DAGScheduler: Final stage: ResultStage 8 (parquet at NativeMethodAccessorImpl.java:0)
[2023-06-15T10:21:15.598+0000] {spark_submit.py:490} INFO - 23/06/15 10:21:15 INFO DAGScheduler: Parents of final stage: List()
[2023-06-15T10:21:15.599+0000] {spark_submit.py:490} INFO - 23/06/15 10:21:15 INFO DAGScheduler: Missing parents: List()
[2023-06-15T10:21:15.601+0000] {spark_submit.py:490} INFO - 23/06/15 10:21:15 INFO DAGScheduler: Submitting ResultStage 8 (MapPartitionsRDD[104] at parquet at NativeMethodAccessorImpl.java:0), which has no missing parents
[2023-06-15T10:21:15.656+0000] {spark_submit.py:490} INFO - 23/06/15 10:21:15 INFO MemoryStore: Block broadcast_8 stored as values in memory (estimated size 276.6 KiB, free 434.1 MiB)
[2023-06-15T10:21:15.660+0000] {spark_submit.py:490} INFO - 23/06/15 10:21:15 INFO MemoryStore: Block broadcast_8_piece0 stored as bytes in memory (estimated size 93.1 KiB, free 434.0 MiB)
[2023-06-15T10:21:15.661+0000] {spark_submit.py:490} INFO - 23/06/15 10:21:15 INFO BlockManagerInfo: Added broadcast_8_piece0 in memory on 69b643fc97df:43409 (size: 93.1 KiB, free: 434.3 MiB)
[2023-06-15T10:21:15.661+0000] {spark_submit.py:490} INFO - 23/06/15 10:21:15 INFO SparkContext: Created broadcast 8 from broadcast at DAGScheduler.scala:1535
[2023-06-15T10:21:15.662+0000] {spark_submit.py:490} INFO - 23/06/15 10:21:15 INFO DAGScheduler: Submitting 1 missing tasks from ResultStage 8 (MapPartitionsRDD[104] at parquet at NativeMethodAccessorImpl.java:0) (first 15 tasks are for partitions Vector(0))
[2023-06-15T10:21:15.662+0000] {spark_submit.py:490} INFO - 23/06/15 10:21:15 INFO TaskSchedulerImpl: Adding task set 8.0 with 1 tasks resource profile 0
[2023-06-15T10:21:15.668+0000] {spark_submit.py:490} INFO - 23/06/15 10:21:15 INFO TaskSetManager: Starting task 0.0 in stage 8.0 (TID 16) (172.27.0.2, executor 0, partition 0, PROCESS_LOCAL, 14549 bytes)
[2023-06-15T10:21:15.693+0000] {spark_submit.py:490} INFO - 23/06/15 10:21:15 INFO BlockManagerInfo: Added broadcast_8_piece0 in memory on 172.27.0.2:35577 (size: 93.1 KiB, free: 434.3 MiB)
[2023-06-15T10:21:28.317+0000] {spark_submit.py:490} INFO - 23/06/15 10:21:28 INFO TaskSetManager: Finished task 0.0 in stage 8.0 (TID 16) in 12654 ms on 172.27.0.2 (executor 0) (1/1)
[2023-06-15T10:21:28.317+0000] {spark_submit.py:490} INFO - 23/06/15 10:21:28 INFO TaskSchedulerImpl: Removed TaskSet 8.0, whose tasks have all completed, from pool
[2023-06-15T10:21:28.318+0000] {spark_submit.py:490} INFO - 23/06/15 10:21:28 INFO DAGScheduler: ResultStage 8 (parquet at NativeMethodAccessorImpl.java:0) finished in 12.714 s
[2023-06-15T10:21:28.319+0000] {spark_submit.py:490} INFO - 23/06/15 10:21:28 INFO DAGScheduler: Job 8 is finished. Cancelling potential speculative or zombie tasks for this job
[2023-06-15T10:21:28.319+0000] {spark_submit.py:490} INFO - 23/06/15 10:21:28 INFO TaskSchedulerImpl: Killing all running tasks in stage 8: Stage finished
[2023-06-15T10:21:28.320+0000] {spark_submit.py:490} INFO - 23/06/15 10:21:28 INFO DAGScheduler: Job 8 finished: parquet at NativeMethodAccessorImpl.java:0, took 12.725347 s
[2023-06-15T10:21:28.325+0000] {spark_submit.py:490} INFO - 23/06/15 10:21:28 INFO FileFormatWriter: Start to commit write Job 00d2f736-6963-4bba-9527-a999295b388e.
[2023-06-15T10:21:35.638+0000] {spark_submit.py:490} INFO - 23/06/15 10:21:35 INFO GoogleCloudStorageFileSystem: Successfully repaired 'gs://dtc-de-382609_bucket/stock_data/2021/02/_temporary/0/task_20230615102115154744000196953073_0008_m_000000/' directory.
[2023-06-15T10:21:38.284+0000] {spark_submit.py:490} INFO - 23/06/15 10:21:38 INFO GoogleCloudStorageFileSystem: Successfully repaired 'gs://dtc-de-382609_bucket/stock_data/2021/02/' directory.
[2023-06-15T10:21:39.934+0000] {spark_submit.py:490} INFO - 23/06/15 10:21:39 INFO BlockManagerInfo: Removed broadcast_8_piece0 on 69b643fc97df:43409 in memory (size: 93.1 KiB, free: 434.4 MiB)
[2023-06-15T10:21:39.937+0000] {spark_submit.py:490} INFO - 23/06/15 10:21:39 INFO BlockManagerInfo: Removed broadcast_8_piece0 on 172.27.0.2:35577 in memory (size: 93.1 KiB, free: 434.4 MiB)
[2023-06-15T10:21:41.355+0000] {spark_submit.py:490} INFO - 23/06/15 10:21:41 INFO FileFormatWriter: Write Job 00d2f736-6963-4bba-9527-a999295b388e committed. Elapsed time: 13028 ms.
[2023-06-15T10:21:41.365+0000] {spark_submit.py:490} INFO - 23/06/15 10:21:41 INFO FileFormatWriter: Finished processing stats for write job 00d2f736-6963-4bba-9527-a999295b388e.
[2023-06-15T10:21:44.017+0000] {spark_submit.py:490} INFO - 23/06/15 10:21:44 INFO InMemoryFileIndex: It took 1284 ms to list leaf files for 2 paths.
[2023-06-15T10:21:44.151+0000] {spark_submit.py:490} INFO - 23/06/15 10:21:44 INFO SparkContext: Starting job: load at NativeMethodAccessorImpl.java:0
[2023-06-15T10:21:44.153+0000] {spark_submit.py:490} INFO - 23/06/15 10:21:44 INFO DAGScheduler: Got job 9 (load at NativeMethodAccessorImpl.java:0) with 1 output partitions
[2023-06-15T10:21:44.153+0000] {spark_submit.py:490} INFO - 23/06/15 10:21:44 INFO DAGScheduler: Final stage: ResultStage 9 (load at NativeMethodAccessorImpl.java:0)
[2023-06-15T10:21:44.154+0000] {spark_submit.py:490} INFO - 23/06/15 10:21:44 INFO DAGScheduler: Parents of final stage: List()
[2023-06-15T10:21:44.154+0000] {spark_submit.py:490} INFO - 23/06/15 10:21:44 INFO DAGScheduler: Missing parents: List()
[2023-06-15T10:21:44.160+0000] {spark_submit.py:490} INFO - 23/06/15 10:21:44 INFO DAGScheduler: Submitting ResultStage 9 (MapPartitionsRDD[106] at load at NativeMethodAccessorImpl.java:0), which has no missing parents
[2023-06-15T10:21:44.180+0000] {spark_submit.py:490} INFO - 23/06/15 10:21:44 INFO MemoryStore: Block broadcast_9 stored as values in memory (estimated size 103.5 KiB, free 434.3 MiB)
[2023-06-15T10:21:44.230+0000] {spark_submit.py:490} INFO - 23/06/15 10:21:44 INFO MemoryStore: Block broadcast_9_piece0 stored as bytes in memory (estimated size 37.4 KiB, free 434.3 MiB)
[2023-06-15T10:21:44.230+0000] {spark_submit.py:490} INFO - 23/06/15 10:21:44 INFO BlockManagerInfo: Added broadcast_9_piece0 in memory on 69b643fc97df:43409 (size: 37.4 KiB, free: 434.4 MiB)
[2023-06-15T10:21:44.231+0000] {spark_submit.py:490} INFO - 23/06/15 10:21:44 INFO SparkContext: Created broadcast 9 from broadcast at DAGScheduler.scala:1535
[2023-06-15T10:21:44.286+0000] {spark_submit.py:490} INFO - 23/06/15 10:21:44 INFO DAGScheduler: Submitting 1 missing tasks from ResultStage 9 (MapPartitionsRDD[106] at load at NativeMethodAccessorImpl.java:0) (first 15 tasks are for partitions Vector(0))
[2023-06-15T10:21:44.287+0000] {spark_submit.py:490} INFO - 23/06/15 10:21:44 INFO TaskSchedulerImpl: Adding task set 9.0 with 1 tasks resource profile 0
[2023-06-15T10:21:44.287+0000] {spark_submit.py:490} INFO - 23/06/15 10:21:44 INFO TaskSetManager: Starting task 0.0 in stage 9.0 (TID 17) (172.27.0.2, executor 0, partition 0, PROCESS_LOCAL, 7574 bytes)
[2023-06-15T10:21:44.350+0000] {spark_submit.py:490} INFO - 23/06/15 10:21:44 INFO BlockManagerInfo: Added broadcast_9_piece0 in memory on 172.27.0.2:35577 (size: 37.4 KiB, free: 434.4 MiB)
[2023-06-15T10:21:45.933+0000] {spark_submit.py:490} INFO - 23/06/15 10:21:45 INFO TaskSetManager: Finished task 0.0 in stage 9.0 (TID 17) in 1689 ms on 172.27.0.2 (executor 0) (1/1)
[2023-06-15T10:21:45.933+0000] {spark_submit.py:490} INFO - 23/06/15 10:21:45 INFO TaskSchedulerImpl: Removed TaskSet 9.0, whose tasks have all completed, from pool
[2023-06-15T10:21:45.935+0000] {spark_submit.py:490} INFO - 23/06/15 10:21:45 INFO DAGScheduler: ResultStage 9 (load at NativeMethodAccessorImpl.java:0) finished in 1.778 s
[2023-06-15T10:21:45.935+0000] {spark_submit.py:490} INFO - 23/06/15 10:21:45 INFO DAGScheduler: Job 9 is finished. Cancelling potential speculative or zombie tasks for this job
[2023-06-15T10:21:45.936+0000] {spark_submit.py:490} INFO - 23/06/15 10:21:45 INFO TaskSchedulerImpl: Killing all running tasks in stage 9: Stage finished
[2023-06-15T10:21:45.936+0000] {spark_submit.py:490} INFO - 23/06/15 10:21:45 INFO DAGScheduler: Job 9 finished: load at NativeMethodAccessorImpl.java:0, took 1.783747 s
[2023-06-15T10:21:46.062+0000] {spark_submit.py:490} INFO - 23/06/15 10:21:46 INFO FileSourceStrategy: Pushed Filters:
[2023-06-15T10:21:46.065+0000] {spark_submit.py:490} INFO - 23/06/15 10:21:46 INFO FileSourceStrategy: Post-Scan Filters:
[2023-06-15T10:21:46.174+0000] {spark_submit.py:490} INFO - 23/06/15 10:21:46 INFO CodeGenerator: Code generated in 47.610286 ms
[2023-06-15T10:21:46.198+0000] {spark_submit.py:490} INFO - 23/06/15 10:21:46 INFO MemoryStore: Block broadcast_10 stored as values in memory (estimated size 202.4 KiB, free 434.1 MiB)
[2023-06-15T10:21:46.210+0000] {spark_submit.py:490} INFO - 23/06/15 10:21:46 INFO MemoryStore: Block broadcast_10_piece0 stored as bytes in memory (estimated size 35.1 KiB, free 434.0 MiB)
[2023-06-15T10:21:46.210+0000] {spark_submit.py:490} INFO - 23/06/15 10:21:46 INFO BlockManagerInfo: Added broadcast_10_piece0 in memory on 69b643fc97df:43409 (size: 35.1 KiB, free: 434.3 MiB)
[2023-06-15T10:21:46.211+0000] {spark_submit.py:490} INFO - 23/06/15 10:21:46 INFO SparkContext: Created broadcast 10 from showString at NativeMethodAccessorImpl.java:0
[2023-06-15T10:21:46.222+0000] {spark_submit.py:490} INFO - 23/06/15 10:21:46 INFO FileSourceScanExec: Planning scan with bin packing, max size: 4198920 bytes, open cost is considered as scanning 4194304 bytes.
[2023-06-15T10:21:46.257+0000] {spark_submit.py:490} INFO - 23/06/15 10:21:46 INFO SparkContext: Starting job: showString at NativeMethodAccessorImpl.java:0
[2023-06-15T10:21:46.259+0000] {spark_submit.py:490} INFO - 23/06/15 10:21:46 INFO DAGScheduler: Got job 10 (showString at NativeMethodAccessorImpl.java:0) with 1 output partitions
[2023-06-15T10:21:46.259+0000] {spark_submit.py:490} INFO - 23/06/15 10:21:46 INFO DAGScheduler: Final stage: ResultStage 10 (showString at NativeMethodAccessorImpl.java:0)
[2023-06-15T10:21:46.259+0000] {spark_submit.py:490} INFO - 23/06/15 10:21:46 INFO DAGScheduler: Parents of final stage: List()
[2023-06-15T10:21:46.260+0000] {spark_submit.py:490} INFO - 23/06/15 10:21:46 INFO DAGScheduler: Missing parents: List()
[2023-06-15T10:21:46.261+0000] {spark_submit.py:490} INFO - 23/06/15 10:21:46 INFO DAGScheduler: Submitting ResultStage 10 (MapPartitionsRDD[110] at showString at NativeMethodAccessorImpl.java:0), which has no missing parents
[2023-06-15T10:21:46.276+0000] {spark_submit.py:490} INFO - 23/06/15 10:21:46 INFO MemoryStore: Block broadcast_11 stored as values in memory (estimated size 16.1 KiB, free 434.0 MiB)
[2023-06-15T10:21:46.278+0000] {spark_submit.py:490} INFO - 23/06/15 10:21:46 INFO MemoryStore: Block broadcast_11_piece0 stored as bytes in memory (estimated size 6.3 KiB, free 434.0 MiB)
[2023-06-15T10:21:46.279+0000] {spark_submit.py:490} INFO - 23/06/15 10:21:46 INFO BlockManagerInfo: Added broadcast_11_piece0 in memory on 69b643fc97df:43409 (size: 6.3 KiB, free: 434.3 MiB)
[2023-06-15T10:21:46.279+0000] {spark_submit.py:490} INFO - 23/06/15 10:21:46 INFO SparkContext: Created broadcast 11 from broadcast at DAGScheduler.scala:1535
[2023-06-15T10:21:46.280+0000] {spark_submit.py:490} INFO - 23/06/15 10:21:46 INFO DAGScheduler: Submitting 1 missing tasks from ResultStage 10 (MapPartitionsRDD[110] at showString at NativeMethodAccessorImpl.java:0) (first 15 tasks are for partitions Vector(0))
[2023-06-15T10:21:46.281+0000] {spark_submit.py:490} INFO - 23/06/15 10:21:46 INFO TaskSchedulerImpl: Adding task set 10.0 with 1 tasks resource profile 0
[2023-06-15T10:21:46.286+0000] {spark_submit.py:490} INFO - 23/06/15 10:21:46 INFO TaskSetManager: Starting task 0.0 in stage 10.0 (TID 18) (172.27.0.2, executor 0, partition 0, PROCESS_LOCAL, 7996 bytes)
[2023-06-15T10:21:46.303+0000] {spark_submit.py:490} INFO - 23/06/15 10:21:46 INFO BlockManagerInfo: Added broadcast_11_piece0 in memory on 172.27.0.2:35577 (size: 6.3 KiB, free: 434.4 MiB)
[2023-06-15T10:21:46.428+0000] {spark_submit.py:490} INFO - 23/06/15 10:21:46 INFO BlockManagerInfo: Added broadcast_10_piece0 in memory on 172.27.0.2:35577 (size: 35.1 KiB, free: 434.3 MiB)
[2023-06-15T10:21:49.941+0000] {spark_submit.py:490} INFO - 23/06/15 10:21:49 INFO TaskSetManager: Finished task 0.0 in stage 10.0 (TID 18) in 3659 ms on 172.27.0.2 (executor 0) (1/1)
[2023-06-15T10:21:49.941+0000] {spark_submit.py:490} INFO - 23/06/15 10:21:49 INFO TaskSchedulerImpl: Removed TaskSet 10.0, whose tasks have all completed, from pool
[2023-06-15T10:21:49.941+0000] {spark_submit.py:490} INFO - 23/06/15 10:21:49 INFO DAGScheduler: ResultStage 10 (showString at NativeMethodAccessorImpl.java:0) finished in 3.678 s
[2023-06-15T10:21:49.941+0000] {spark_submit.py:490} INFO - 23/06/15 10:21:49 INFO DAGScheduler: Job 10 is finished. Cancelling potential speculative or zombie tasks for this job
[2023-06-15T10:21:49.942+0000] {spark_submit.py:490} INFO - 23/06/15 10:21:49 INFO TaskSchedulerImpl: Killing all running tasks in stage 10: Stage finished
[2023-06-15T10:21:49.942+0000] {spark_submit.py:490} INFO - 23/06/15 10:21:49 INFO DAGScheduler: Job 10 finished: showString at NativeMethodAccessorImpl.java:0, took 3.684191 s
[2023-06-15T10:21:49.982+0000] {spark_submit.py:490} INFO - 23/06/15 10:21:49 INFO CodeGenerator: Code generated in 25.329858 ms
[2023-06-15T10:21:50.007+0000] {spark_submit.py:490} INFO - +-------------------+------+----------+----------+----------+----------+--------+
[2023-06-15T10:21:50.007+0000] {spark_submit.py:490} INFO - |           datetime|symbol|      open|      high|       low|     close|  volume|
[2023-06-15T10:21:50.007+0000] {spark_submit.py:490} INFO - +-------------------+------+----------+----------+----------+----------+--------+
[2023-06-15T10:21:50.007+0000] {spark_submit.py:490} INFO - |2021-01-29 15:30:00|  AAPL| 132.53999| 133.50000| 131.73000| 131.96001|17156763|
[2023-06-15T10:21:50.008+0000] {spark_submit.py:490} INFO - |2021-01-29 14:30:00|  AAPL| 131.94000| 133.22000| 131.03000| 132.53320|17380581|
[2023-06-15T10:21:50.008+0000] {spark_submit.py:490} INFO - |2021-01-29 13:30:00|  AAPL| 132.03999| 132.81000| 131.47000| 131.93990|18117174|
[2023-06-15T10:21:50.008+0000] {spark_submit.py:490} INFO - |2021-01-29 12:30:00|  AAPL| 131.95000| 132.23000| 130.21001| 132.05000|27629092|
[2023-06-15T10:21:50.008+0000] {spark_submit.py:490} INFO - |2021-01-29 11:30:00|  AAPL| 132.17000| 133.31000| 131.20760| 131.96851|24633251|
[2023-06-15T10:21:50.008+0000] {spark_submit.py:490} INFO - |2021-01-29 10:30:00|  AAPL| 135.09891| 135.44000| 131.88000| 132.20000|25929359|
[2023-06-15T10:21:50.009+0000] {spark_submit.py:490} INFO - |2021-01-29 09:30:00|  AAPL| 135.78000| 136.74001| 133.78999| 135.08009|31835713|
[2023-06-15T10:21:50.009+0000] {spark_submit.py:490} INFO - |2021-01-29 15:30:00|  MSFT| 233.85001| 234.48000| 231.50000| 231.84000| 5471073|
[2023-06-15T10:21:50.009+0000] {spark_submit.py:490} INFO - |2021-01-29 14:30:00|  MSFT| 233.62000| 234.75000| 232.45081| 233.86000| 4423420|
[2023-06-15T10:21:50.009+0000] {spark_submit.py:490} INFO - |2021-01-29 13:30:00|  MSFT| 233.24001| 234.02000| 232.62000| 233.62000| 3542167|
[2023-06-15T10:21:50.009+0000] {spark_submit.py:490} INFO - |2021-01-29 12:30:00|  MSFT| 233.50999| 233.75000| 231.36000| 233.31000| 5090571|
[2023-06-15T10:21:50.009+0000] {spark_submit.py:490} INFO - |2021-01-29 11:30:00|  MSFT| 233.92000| 235.20000| 233.47000| 233.52000| 3931652|
[2023-06-15T10:21:50.009+0000] {spark_submit.py:490} INFO - |2021-01-29 10:30:00|  MSFT| 237.78999| 238.01500| 233.81000| 233.91010| 4548452|
[2023-06-15T10:21:50.010+0000] {spark_submit.py:490} INFO - |2021-01-29 09:30:00|  MSFT| 235.79700| 237.92000| 234.07001| 237.80000| 8536703|
[2023-06-15T10:21:50.010+0000] {spark_submit.py:490} INFO - |2021-01-29 15:30:00|  GOOG|1850.27002|1852.88000|1831.57996|1832.75000|  243621|
[2023-06-15T10:21:50.010+0000] {spark_submit.py:490} INFO - |2021-01-29 14:30:00|  GOOG|1841.62000|1851.90002|1830.76001|1850.85999|  164942|
[2023-06-15T10:21:50.010+0000] {spark_submit.py:490} INFO - |2021-01-29 13:30:00|  GOOG|1824.98999|1844.39001|1821.15015|1841.23999|  140231|
[2023-06-15T10:21:50.011+0000] {spark_submit.py:490} INFO - |2021-01-29 12:30:00|  GOOG|1822.94006|1827.31995|1810.19995|1826.95996|  160996|
[2023-06-15T10:21:50.011+0000] {spark_submit.py:490} INFO - |2021-01-29 11:30:00|  GOOG|1837.18994|1838.05591|1820.28003|1823.85986|  155073|
[2023-06-15T10:21:50.011+0000] {spark_submit.py:490} INFO - |2021-01-29 10:30:00|  GOOG|1851.53003|1857.00000|1833.01001|1835.65015|  163882|
[2023-06-15T10:21:50.012+0000] {spark_submit.py:490} INFO - +-------------------+------+----------+----------+----------+----------+--------+
[2023-06-15T10:21:50.012+0000] {spark_submit.py:490} INFO - only showing top 20 rows
[2023-06-15T10:21:50.012+0000] {spark_submit.py:490} INFO - 
[2023-06-15T10:21:50.119+0000] {spark_submit.py:490} INFO - 23/06/15 10:21:50 INFO SparkContext: Invoking stop() from shutdown hook
[2023-06-15T10:21:50.120+0000] {spark_submit.py:490} INFO - 23/06/15 10:21:50 INFO SparkContext: SparkContext is stopping with exitCode 0.
[2023-06-15T10:21:50.130+0000] {spark_submit.py:490} INFO - 23/06/15 10:21:50 INFO SparkUI: Stopped Spark web UI at http://69b643fc97df:4040
[2023-06-15T10:21:50.134+0000] {spark_submit.py:490} INFO - 23/06/15 10:21:50 INFO StandaloneSchedulerBackend: Shutting down all executors
[2023-06-15T10:21:50.134+0000] {spark_submit.py:490} INFO - 23/06/15 10:21:50 INFO StandaloneSchedulerBackend$StandaloneDriverEndpoint: Asking each executor to shut down
[2023-06-15T10:21:50.157+0000] {spark_submit.py:490} INFO - 23/06/15 10:21:50 INFO MapOutputTrackerMasterEndpoint: MapOutputTrackerMasterEndpoint stopped!
[2023-06-15T10:21:50.175+0000] {spark_submit.py:490} INFO - 23/06/15 10:21:50 INFO MemoryStore: MemoryStore cleared
[2023-06-15T10:21:50.176+0000] {spark_submit.py:490} INFO - 23/06/15 10:21:50 INFO BlockManager: BlockManager stopped
[2023-06-15T10:21:50.180+0000] {spark_submit.py:490} INFO - 23/06/15 10:21:50 INFO BlockManagerMaster: BlockManagerMaster stopped
[2023-06-15T10:21:50.184+0000] {spark_submit.py:490} INFO - 23/06/15 10:21:50 INFO OutputCommitCoordinator$OutputCommitCoordinatorEndpoint: OutputCommitCoordinator stopped!
[2023-06-15T10:21:50.193+0000] {spark_submit.py:490} INFO - 23/06/15 10:21:50 INFO SparkContext: Successfully stopped SparkContext
[2023-06-15T10:21:50.193+0000] {spark_submit.py:490} INFO - 23/06/15 10:21:50 INFO ShutdownHookManager: Shutdown hook called
[2023-06-15T10:21:50.194+0000] {spark_submit.py:490} INFO - 23/06/15 10:21:50 INFO ShutdownHookManager: Deleting directory /tmp/spark-fb857717-0508-4907-b4a6-39c734dd5b40
[2023-06-15T10:21:50.198+0000] {spark_submit.py:490} INFO - 23/06/15 10:21:50 INFO ShutdownHookManager: Deleting directory /tmp/spark-8c600d9c-6b87-4efd-a42d-5439aaddb2a2
[2023-06-15T10:21:50.202+0000] {spark_submit.py:490} INFO - 23/06/15 10:21:50 INFO ShutdownHookManager: Deleting directory /tmp/spark-fb857717-0508-4907-b4a6-39c734dd5b40/pyspark-50db220a-5650-41de-9233-cc8220c8605e
[2023-06-15T10:21:50.309+0000] {taskinstance.py:1345} INFO - Marking task as SUCCESS. dag_id=upload_to_gcs, task_id=spark_load_stock_data, execution_date=20210224T000000, start_date=20230615T102043, end_date=20230615T102150
[2023-06-15T10:21:50.355+0000] {local_task_job_runner.py:225} INFO - Task exited with return code 0
[2023-06-15T10:21:50.386+0000] {taskinstance.py:2651} INFO - 0 downstream tasks scheduled from follow-on schedule check
