[2023-06-15T10:03:42.982+0000] {taskinstance.py:1103} INFO - Dependencies all met for dep_context=non-requeueable deps ti=<TaskInstance: upload_to_gcs.spark_load_stock_data backfill__2021-02-09T00:00:00+00:00 [queued]>
[2023-06-15T10:03:42.990+0000] {taskinstance.py:1103} INFO - Dependencies all met for dep_context=requeueable deps ti=<TaskInstance: upload_to_gcs.spark_load_stock_data backfill__2021-02-09T00:00:00+00:00 [queued]>
[2023-06-15T10:03:42.990+0000] {taskinstance.py:1308} INFO - Starting attempt 1 of 2
[2023-06-15T10:03:43.019+0000] {taskinstance.py:1327} INFO - Executing <Task(SparkSubmitOperator): spark_load_stock_data> on 2021-02-09 00:00:00+00:00
[2023-06-15T10:03:43.024+0000] {standard_task_runner.py:57} INFO - Started process 10285 to run task
[2023-06-15T10:03:43.026+0000] {standard_task_runner.py:84} INFO - Running: ['***', 'tasks', 'run', 'upload_to_gcs', 'spark_load_stock_data', 'backfill__2021-02-09T00:00:00+00:00', '--job-id', '435', '--pool', 'default_pool', '--raw', '--subdir', 'DAGS_FOLDER/upload_to_gcs.py', '--cfg-path', '/tmp/tmpulsxxp_b']
[2023-06-15T10:03:43.026+0000] {standard_task_runner.py:85} INFO - Job 435: Subtask spark_load_stock_data
[2023-06-15T10:03:43.061+0000] {task_command.py:410} INFO - Running <TaskInstance: upload_to_gcs.spark_load_stock_data backfill__2021-02-09T00:00:00+00:00 [running]> on host 69b643fc97df
[2023-06-15T10:03:43.124+0000] {taskinstance.py:1545} INFO - Exporting env vars: AIRFLOW_CTX_DAG_OWNER='***' AIRFLOW_CTX_DAG_ID='upload_to_gcs' AIRFLOW_CTX_TASK_ID='spark_load_stock_data' AIRFLOW_CTX_EXECUTION_DATE='2021-02-09T00:00:00+00:00' AIRFLOW_CTX_TRY_NUMBER='1' AIRFLOW_CTX_DAG_RUN_ID='backfill__2021-02-09T00:00:00+00:00'
[2023-06-15T10:03:43.130+0000] {base.py:73} INFO - Using connection ID 'spark_default' for task execution.
[2023-06-15T10:03:43.131+0000] {spark_submit.py:339} INFO - Spark-Submit cmd: spark-submit --master spark://spark:7077 --name arrow-spark --verbose /opt/spark/app/load_data.py 2021-02-09 2efb4e0c80a041b794abaf4369e76869 dtc-de-382609_bucket
[2023-06-15T10:03:43.151+0000] {spark_submit.py:490} INFO - /opt/***/spark/spark-3.4.0-bin-hadoop3/bin/load-spark-env.sh: line 68: ps: command not found
[2023-06-15T10:03:44.607+0000] {spark_submit.py:490} INFO - Using properties file: null
[2023-06-15T10:03:44.740+0000] {spark_submit.py:490} INFO - Parsed arguments:
[2023-06-15T10:03:44.741+0000] {spark_submit.py:490} INFO - master                  spark://spark:7077
[2023-06-15T10:03:44.741+0000] {spark_submit.py:490} INFO - remote                  null
[2023-06-15T10:03:44.741+0000] {spark_submit.py:490} INFO - deployMode              null
[2023-06-15T10:03:44.741+0000] {spark_submit.py:490} INFO - executorMemory          null
[2023-06-15T10:03:44.741+0000] {spark_submit.py:490} INFO - executorCores           null
[2023-06-15T10:03:44.741+0000] {spark_submit.py:490} INFO - totalExecutorCores      null
[2023-06-15T10:03:44.741+0000] {spark_submit.py:490} INFO - propertiesFile          null
[2023-06-15T10:03:44.741+0000] {spark_submit.py:490} INFO - driverMemory            null
[2023-06-15T10:03:44.741+0000] {spark_submit.py:490} INFO - driverCores             null
[2023-06-15T10:03:44.742+0000] {spark_submit.py:490} INFO - driverExtraClassPath    null
[2023-06-15T10:03:44.742+0000] {spark_submit.py:490} INFO - driverExtraLibraryPath  null
[2023-06-15T10:03:44.742+0000] {spark_submit.py:490} INFO - driverExtraJavaOptions  null
[2023-06-15T10:03:44.742+0000] {spark_submit.py:490} INFO - supervise               false
[2023-06-15T10:03:44.742+0000] {spark_submit.py:490} INFO - queue                   null
[2023-06-15T10:03:44.742+0000] {spark_submit.py:490} INFO - numExecutors            null
[2023-06-15T10:03:44.742+0000] {spark_submit.py:490} INFO - files                   null
[2023-06-15T10:03:44.742+0000] {spark_submit.py:490} INFO - pyFiles                 null
[2023-06-15T10:03:44.742+0000] {spark_submit.py:490} INFO - archives                null
[2023-06-15T10:03:44.742+0000] {spark_submit.py:490} INFO - mainClass               null
[2023-06-15T10:03:44.742+0000] {spark_submit.py:490} INFO - primaryResource         file:/opt/spark/app/load_data.py
[2023-06-15T10:03:44.742+0000] {spark_submit.py:490} INFO - name                    arrow-spark
[2023-06-15T10:03:44.743+0000] {spark_submit.py:490} INFO - childArgs               [2021-02-09 2efb4e0c80a041b794abaf4369e76869 dtc-de-382609_bucket]
[2023-06-15T10:03:44.743+0000] {spark_submit.py:490} INFO - jars                    null
[2023-06-15T10:03:44.743+0000] {spark_submit.py:490} INFO - packages                null
[2023-06-15T10:03:44.743+0000] {spark_submit.py:490} INFO - packagesExclusions      null
[2023-06-15T10:03:44.743+0000] {spark_submit.py:490} INFO - repositories            null
[2023-06-15T10:03:44.743+0000] {spark_submit.py:490} INFO - verbose                 true
[2023-06-15T10:03:44.743+0000] {spark_submit.py:490} INFO - 
[2023-06-15T10:03:44.743+0000] {spark_submit.py:490} INFO - Spark properties used, including those specified through
[2023-06-15T10:03:44.743+0000] {spark_submit.py:490} INFO - --conf and those from the properties file null:
[2023-06-15T10:03:44.743+0000] {spark_submit.py:490} INFO - 
[2023-06-15T10:03:44.743+0000] {spark_submit.py:490} INFO - 
[2023-06-15T10:03:44.743+0000] {spark_submit.py:490} INFO - 
[2023-06-15T10:03:45.022+0000] {spark_submit.py:490} INFO - Main class:
[2023-06-15T10:03:45.023+0000] {spark_submit.py:490} INFO - org.apache.spark.deploy.PythonRunner
[2023-06-15T10:03:45.023+0000] {spark_submit.py:490} INFO - Arguments:
[2023-06-15T10:03:45.023+0000] {spark_submit.py:490} INFO - file:/opt/spark/app/load_data.py
[2023-06-15T10:03:45.023+0000] {spark_submit.py:490} INFO - null
[2023-06-15T10:03:45.023+0000] {spark_submit.py:490} INFO - 2021-02-09
[2023-06-15T10:03:45.024+0000] {spark_submit.py:490} INFO - 2efb4e0c80a041b794abaf4369e76869
[2023-06-15T10:03:45.024+0000] {spark_submit.py:490} INFO - dtc-de-382609_bucket
[2023-06-15T10:03:45.026+0000] {spark_submit.py:490} INFO - Spark config:
[2023-06-15T10:03:45.026+0000] {spark_submit.py:490} INFO - (spark.app.name,arrow-spark)
[2023-06-15T10:03:45.027+0000] {spark_submit.py:490} INFO - (spark.app.submitTime,1686823425001)
[2023-06-15T10:03:45.027+0000] {spark_submit.py:490} INFO - (spark.master,spark://spark:7077)
[2023-06-15T10:03:45.027+0000] {spark_submit.py:490} INFO - (spark.submit.deployMode,client)
[2023-06-15T10:03:45.027+0000] {spark_submit.py:490} INFO - (spark.submit.pyFiles,)
[2023-06-15T10:03:45.027+0000] {spark_submit.py:490} INFO - Classpath elements:
[2023-06-15T10:03:45.027+0000] {spark_submit.py:490} INFO - 
[2023-06-15T10:03:45.027+0000] {spark_submit.py:490} INFO - 
[2023-06-15T10:03:45.028+0000] {spark_submit.py:490} INFO - 
[2023-06-15T10:03:46.252+0000] {spark_submit.py:490} INFO - 23/06/15 10:03:46 INFO SparkContext: Running Spark version 3.4.0
[2023-06-15T10:03:46.330+0000] {spark_submit.py:490} INFO - 23/06/15 10:03:46 WARN NativeCodeLoader: Unable to load native-hadoop library for your platform... using builtin-java classes where applicable
[2023-06-15T10:03:46.437+0000] {spark_submit.py:490} INFO - 23/06/15 10:03:46 INFO ResourceUtils: ==============================================================
[2023-06-15T10:03:46.438+0000] {spark_submit.py:490} INFO - 23/06/15 10:03:46 INFO ResourceUtils: No custom resources configured for spark.driver.
[2023-06-15T10:03:46.438+0000] {spark_submit.py:490} INFO - 23/06/15 10:03:46 INFO ResourceUtils: ==============================================================
[2023-06-15T10:03:46.439+0000] {spark_submit.py:490} INFO - 23/06/15 10:03:46 INFO SparkContext: Submitted application: SparkUploadData
[2023-06-15T10:03:46.470+0000] {spark_submit.py:490} INFO - 23/06/15 10:03:46 INFO ResourceProfile: Default ResourceProfile created, executor resources: Map(memory -> name: memory, amount: 1024, script: , vendor: , offHeap -> name: offHeap, amount: 0, script: , vendor: ), task resources: Map(cpus -> name: cpus, amount: 1.0)
[2023-06-15T10:03:46.488+0000] {spark_submit.py:490} INFO - 23/06/15 10:03:46 INFO ResourceProfile: Limiting resource is cpu
[2023-06-15T10:03:46.490+0000] {spark_submit.py:490} INFO - 23/06/15 10:03:46 INFO ResourceProfileManager: Added ResourceProfile id: 0
[2023-06-15T10:03:46.576+0000] {spark_submit.py:490} INFO - 23/06/15 10:03:46 INFO SecurityManager: Changing view acls to: default
[2023-06-15T10:03:46.576+0000] {spark_submit.py:490} INFO - 23/06/15 10:03:46 INFO SecurityManager: Changing modify acls to: default
[2023-06-15T10:03:46.577+0000] {spark_submit.py:490} INFO - 23/06/15 10:03:46 INFO SecurityManager: Changing view acls groups to:
[2023-06-15T10:03:46.577+0000] {spark_submit.py:490} INFO - 23/06/15 10:03:46 INFO SecurityManager: Changing modify acls groups to:
[2023-06-15T10:03:46.578+0000] {spark_submit.py:490} INFO - 23/06/15 10:03:46 INFO SecurityManager: SecurityManager: authentication disabled; ui acls disabled; users with view permissions: default; groups with view permissions: EMPTY; users with modify permissions: default; groups with modify permissions: EMPTY
[2023-06-15T10:03:46.842+0000] {spark_submit.py:490} INFO - 23/06/15 10:03:46 INFO Utils: Successfully started service 'sparkDriver' on port 34371.
[2023-06-15T10:03:46.874+0000] {spark_submit.py:490} INFO - 23/06/15 10:03:46 INFO SparkEnv: Registering MapOutputTracker
[2023-06-15T10:03:46.909+0000] {spark_submit.py:490} INFO - 23/06/15 10:03:46 INFO SparkEnv: Registering BlockManagerMaster
[2023-06-15T10:03:46.928+0000] {spark_submit.py:490} INFO - 23/06/15 10:03:46 INFO BlockManagerMasterEndpoint: Using org.apache.spark.storage.DefaultTopologyMapper for getting topology information
[2023-06-15T10:03:46.929+0000] {spark_submit.py:490} INFO - 23/06/15 10:03:46 INFO BlockManagerMasterEndpoint: BlockManagerMasterEndpoint up
[2023-06-15T10:03:46.933+0000] {spark_submit.py:490} INFO - 23/06/15 10:03:46 INFO SparkEnv: Registering BlockManagerMasterHeartbeat
[2023-06-15T10:03:46.951+0000] {spark_submit.py:490} INFO - 23/06/15 10:03:46 INFO DiskBlockManager: Created local directory at /tmp/blockmgr-cbec66e7-32c1-44b2-a055-221fae2c058d
[2023-06-15T10:03:46.967+0000] {spark_submit.py:490} INFO - 23/06/15 10:03:46 INFO MemoryStore: MemoryStore started with capacity 434.4 MiB
[2023-06-15T10:03:46.986+0000] {spark_submit.py:490} INFO - 23/06/15 10:03:46 INFO SparkEnv: Registering OutputCommitCoordinator
[2023-06-15T10:03:47.141+0000] {spark_submit.py:490} INFO - 23/06/15 10:03:47 INFO JettyUtils: Start Jetty 0.0.0.0:4040 for SparkUI
[2023-06-15T10:03:47.201+0000] {spark_submit.py:490} INFO - 23/06/15 10:03:47 INFO Utils: Successfully started service 'SparkUI' on port 4040.
[2023-06-15T10:03:47.356+0000] {spark_submit.py:490} INFO - 23/06/15 10:03:47 INFO StandaloneAppClient$ClientEndpoint: Connecting to master spark://spark:7077...
[2023-06-15T10:03:47.396+0000] {spark_submit.py:490} INFO - 23/06/15 10:03:47 INFO TransportClientFactory: Successfully created connection to spark/172.27.0.3:7077 after 23 ms (0 ms spent in bootstraps)
[2023-06-15T10:03:47.466+0000] {spark_submit.py:490} INFO - 23/06/15 10:03:47 INFO StandaloneSchedulerBackend: Connected to Spark cluster with app ID app-20230615100347-0039
[2023-06-15T10:03:47.468+0000] {spark_submit.py:490} INFO - 23/06/15 10:03:47 INFO StandaloneAppClient$ClientEndpoint: Executor added: app-20230615100347-0039/0 on worker-20230615091312-172.27.0.2-45907 (172.27.0.2:45907) with 2 core(s)
[2023-06-15T10:03:47.470+0000] {spark_submit.py:490} INFO - 23/06/15 10:03:47 INFO StandaloneSchedulerBackend: Granted executor ID app-20230615100347-0039/0 on hostPort 172.27.0.2:45907 with 2 core(s), 1024.0 MiB RAM
[2023-06-15T10:03:47.473+0000] {spark_submit.py:490} INFO - 23/06/15 10:03:47 INFO Utils: Successfully started service 'org.apache.spark.network.netty.NettyBlockTransferService' on port 38571.
[2023-06-15T10:03:47.473+0000] {spark_submit.py:490} INFO - 23/06/15 10:03:47 INFO NettyBlockTransferService: Server created on 69b643fc97df:38571
[2023-06-15T10:03:47.475+0000] {spark_submit.py:490} INFO - 23/06/15 10:03:47 INFO BlockManager: Using org.apache.spark.storage.RandomBlockReplicationPolicy for block replication policy
[2023-06-15T10:03:47.484+0000] {spark_submit.py:490} INFO - 23/06/15 10:03:47 INFO BlockManagerMaster: Registering BlockManager BlockManagerId(driver, 69b643fc97df, 38571, None)
[2023-06-15T10:03:47.489+0000] {spark_submit.py:490} INFO - 23/06/15 10:03:47 INFO BlockManagerMasterEndpoint: Registering block manager 69b643fc97df:38571 with 434.4 MiB RAM, BlockManagerId(driver, 69b643fc97df, 38571, None)
[2023-06-15T10:03:47.494+0000] {spark_submit.py:490} INFO - 23/06/15 10:03:47 INFO BlockManagerMaster: Registered BlockManager BlockManagerId(driver, 69b643fc97df, 38571, None)
[2023-06-15T10:03:47.495+0000] {spark_submit.py:490} INFO - 23/06/15 10:03:47 INFO BlockManager: Initialized BlockManager: BlockManagerId(driver, 69b643fc97df, 38571, None)
[2023-06-15T10:03:47.501+0000] {spark_submit.py:490} INFO - 23/06/15 10:03:47 INFO StandaloneAppClient$ClientEndpoint: Executor updated: app-20230615100347-0039/0 is now RUNNING
[2023-06-15T10:03:47.787+0000] {spark_submit.py:490} INFO - 23/06/15 10:03:47 INFO StandaloneSchedulerBackend: SchedulerBackend is ready for scheduling beginning after reached minRegisteredResourcesRatio: 0.0
[2023-06-15T10:03:49.710+0000] {spark_submit.py:490} INFO - 23/06/15 10:03:49 INFO SharedState: Setting hive.metastore.warehouse.dir ('null') to the value of spark.sql.warehouse.dir.
[2023-06-15T10:03:49.727+0000] {spark_submit.py:490} INFO - 23/06/15 10:03:49 INFO SharedState: Warehouse path is 'file:/opt/***/spark-warehouse'.
[2023-06-15T10:03:51.098+0000] {spark_submit.py:490} INFO - 23/06/15 10:03:51 INFO StandaloneSchedulerBackend$StandaloneDriverEndpoint: Registered executor NettyRpcEndpointRef(spark-client://Executor) (172.27.0.2:52476) with ID 0,  ResourceProfileId 0
[2023-06-15T10:03:51.236+0000] {spark_submit.py:490} INFO - 23/06/15 10:03:51 INFO BlockManagerMasterEndpoint: Registering block manager 172.27.0.2:34155 with 434.4 MiB RAM, BlockManagerId(0, 172.27.0.2, 34155, None)
[2023-06-15T10:03:53.613+0000] {spark_submit.py:490} INFO - {'meta': {'symbol': 'AAPL', 'interval': '1h', 'currency': 'USD', 'exchange_timezone': 'America/New_York', 'exchange': 'NASDAQ', 'mic_code': 'XNGS', 'type': 'Common Stock'}, 'values': [{'datetime': '2021-02-09 15:30:00', 'open': '136.42000', 'high': '136.49001', 'low': '135.85001', 'close': '136.00999', 'volume': '7199772'}, {'datetime': '2021-02-09 14:30:00', 'open': '136.63000', 'high': '136.80000', 'low': '136.37000', 'close': '136.41000', 'volume': '5084560'}, {'datetime': '2021-02-09 13:30:00', 'open': '136.23000', 'high': '136.69000', 'low': '136.21001', 'close': '136.63080', 'volume': '4775267'}, {'datetime': '2021-02-09 12:30:00', 'open': '136.59081', 'high': '136.66000', 'low': '136.17999', 'close': '136.22000', 'volume': '5204058'}, {'datetime': '2021-02-09 11:30:00', 'open': '136.69000', 'high': '136.96919', 'low': '136.42999', 'close': '136.59500', 'volume': '6224812'}, {'datetime': '2021-02-09 10:30:00', 'open': '137.25890', 'high': '137.87700', 'low': '136.57001', 'close': '136.69000', 'volume': '11569764'}, {'datetime': '2021-02-09 09:30:00', 'open': '136.62000', 'high': '137.67999', 'low': '136.50000', 'close': '137.27000', 'volume': '30009530'}], 'status': 'ok'}
[2023-06-15T10:03:54.477+0000] {spark_submit.py:490} INFO - 23/06/15 10:03:54 INFO CodeGenerator: Code generated in 237.712468 ms
[2023-06-15T10:03:54.570+0000] {spark_submit.py:490} INFO - 23/06/15 10:03:54 INFO SparkContext: Starting job: json at NativeMethodAccessorImpl.java:0
[2023-06-15T10:03:54.589+0000] {spark_submit.py:490} INFO - 23/06/15 10:03:54 INFO DAGScheduler: Got job 0 (json at NativeMethodAccessorImpl.java:0) with 2 output partitions
[2023-06-15T10:03:54.589+0000] {spark_submit.py:490} INFO - 23/06/15 10:03:54 INFO DAGScheduler: Final stage: ResultStage 0 (json at NativeMethodAccessorImpl.java:0)
[2023-06-15T10:03:54.590+0000] {spark_submit.py:490} INFO - 23/06/15 10:03:54 INFO DAGScheduler: Parents of final stage: List()
[2023-06-15T10:03:54.592+0000] {spark_submit.py:490} INFO - 23/06/15 10:03:54 INFO DAGScheduler: Missing parents: List()
[2023-06-15T10:03:54.597+0000] {spark_submit.py:490} INFO - 23/06/15 10:03:54 INFO DAGScheduler: Submitting ResultStage 0 (MapPartitionsRDD[11] at json at NativeMethodAccessorImpl.java:0), which has no missing parents
[2023-06-15T10:03:54.736+0000] {spark_submit.py:490} INFO - 23/06/15 10:03:54 INFO MemoryStore: Block broadcast_0 stored as values in memory (estimated size 19.8 KiB, free 434.4 MiB)
[2023-06-15T10:03:54.766+0000] {spark_submit.py:490} INFO - 23/06/15 10:03:54 INFO MemoryStore: Block broadcast_0_piece0 stored as bytes in memory (estimated size 9.7 KiB, free 434.4 MiB)
[2023-06-15T10:03:54.769+0000] {spark_submit.py:490} INFO - 23/06/15 10:03:54 INFO BlockManagerInfo: Added broadcast_0_piece0 in memory on 69b643fc97df:38571 (size: 9.7 KiB, free: 434.4 MiB)
[2023-06-15T10:03:54.773+0000] {spark_submit.py:490} INFO - 23/06/15 10:03:54 INFO SparkContext: Created broadcast 0 from broadcast at DAGScheduler.scala:1535
[2023-06-15T10:03:54.789+0000] {spark_submit.py:490} INFO - 23/06/15 10:03:54 INFO DAGScheduler: Submitting 2 missing tasks from ResultStage 0 (MapPartitionsRDD[11] at json at NativeMethodAccessorImpl.java:0) (first 15 tasks are for partitions Vector(0, 1))
[2023-06-15T10:03:54.790+0000] {spark_submit.py:490} INFO - 23/06/15 10:03:54 INFO TaskSchedulerImpl: Adding task set 0.0 with 2 tasks resource profile 0
[2023-06-15T10:03:54.827+0000] {spark_submit.py:490} INFO - 23/06/15 10:03:54 INFO TaskSetManager: Starting task 0.0 in stage 0.0 (TID 0) (172.27.0.2, executor 0, partition 0, PROCESS_LOCAL, 7347 bytes)
[2023-06-15T10:03:54.830+0000] {spark_submit.py:490} INFO - 23/06/15 10:03:54 INFO TaskSetManager: Starting task 1.0 in stage 0.0 (TID 1) (172.27.0.2, executor 0, partition 1, PROCESS_LOCAL, 8086 bytes)
[2023-06-15T10:03:55.089+0000] {spark_submit.py:490} INFO - 23/06/15 10:03:55 INFO BlockManagerInfo: Added broadcast_0_piece0 in memory on 172.27.0.2:34155 (size: 9.7 KiB, free: 434.4 MiB)
[2023-06-15T10:03:56.454+0000] {spark_submit.py:490} INFO - 23/06/15 10:03:56 INFO TaskSetManager: Finished task 1.0 in stage 0.0 (TID 1) in 1622 ms on 172.27.0.2 (executor 0) (1/2)
[2023-06-15T10:03:56.457+0000] {spark_submit.py:490} INFO - 23/06/15 10:03:56 INFO TaskSetManager: Finished task 0.0 in stage 0.0 (TID 0) in 1641 ms on 172.27.0.2 (executor 0) (2/2)
[2023-06-15T10:03:56.458+0000] {spark_submit.py:490} INFO - 23/06/15 10:03:56 INFO TaskSchedulerImpl: Removed TaskSet 0.0, whose tasks have all completed, from pool
[2023-06-15T10:03:56.464+0000] {spark_submit.py:490} INFO - 23/06/15 10:03:56 INFO PythonAccumulatorV2: Connected to AccumulatorServer at host: 127.0.0.1 port: 53169
[2023-06-15T10:03:56.472+0000] {spark_submit.py:490} INFO - 23/06/15 10:03:56 INFO DAGScheduler: ResultStage 0 (json at NativeMethodAccessorImpl.java:0) finished in 1.855 s
[2023-06-15T10:03:56.476+0000] {spark_submit.py:490} INFO - 23/06/15 10:03:56 INFO DAGScheduler: Job 0 is finished. Cancelling potential speculative or zombie tasks for this job
[2023-06-15T10:03:56.477+0000] {spark_submit.py:490} INFO - 23/06/15 10:03:56 INFO TaskSchedulerImpl: Killing all running tasks in stage 0: Stage finished
[2023-06-15T10:03:56.479+0000] {spark_submit.py:490} INFO - 23/06/15 10:03:56 INFO DAGScheduler: Job 0 finished: json at NativeMethodAccessorImpl.java:0, took 1.908288 s
[2023-06-15T10:03:58.219+0000] {spark_submit.py:490} INFO - {'meta': {'symbol': 'MSFT', 'interval': '1h', 'currency': 'USD', 'exchange_timezone': 'America/New_York', 'exchange': 'NASDAQ', 'mic_code': 'XNGS', 'type': 'Common Stock'}, 'values': [{'datetime': '2021-02-09 15:30:00', 'open': '243.78999', 'high': '244.52000', 'low': '243.33501', 'close': '243.77000', 'volume': '2482266'}, {'datetime': '2021-02-09 14:30:00', 'open': '243.96980', 'high': '244.46001', 'low': '243.69389', 'close': '243.78000', 'volume': '1653756'}, {'datetime': '2021-02-09 13:30:00', 'open': '243.20000', 'high': '244.07001', 'low': '243.00000', 'close': '243.95920', 'volume': '1384790'}, {'datetime': '2021-02-09 12:30:00', 'open': '242.94000', 'high': '243.28000', 'low': '242.56000', 'close': '243.17999', 'volume': '1357948'}, {'datetime': '2021-02-09 11:30:00', 'open': '243.27000', 'high': '243.59711', 'low': '242.82001', 'close': '242.92000', 'volume': '1411646'}, {'datetime': '2021-02-09 10:30:00', 'open': '243.94009', 'high': '244.50000', 'low': '243.28000', 'close': '243.28000', 'volume': '2345273'}, {'datetime': '2021-02-09 09:30:00', 'open': '242.02950', 'high': '244.75999', 'low': '241.38000', 'close': '244.01480', 'volume': '9269358'}], 'status': 'ok'}
[2023-06-15T10:03:58.368+0000] {spark_submit.py:490} INFO - 23/06/15 10:03:58 INFO SparkContext: Starting job: json at NativeMethodAccessorImpl.java:0
[2023-06-15T10:03:58.369+0000] {spark_submit.py:490} INFO - 23/06/15 10:03:58 INFO DAGScheduler: Got job 1 (json at NativeMethodAccessorImpl.java:0) with 2 output partitions
[2023-06-15T10:03:58.369+0000] {spark_submit.py:490} INFO - 23/06/15 10:03:58 INFO DAGScheduler: Final stage: ResultStage 1 (json at NativeMethodAccessorImpl.java:0)
[2023-06-15T10:03:58.369+0000] {spark_submit.py:490} INFO - 23/06/15 10:03:58 INFO DAGScheduler: Parents of final stage: List()
[2023-06-15T10:03:58.369+0000] {spark_submit.py:490} INFO - 23/06/15 10:03:58 INFO DAGScheduler: Missing parents: List()
[2023-06-15T10:03:58.370+0000] {spark_submit.py:490} INFO - 23/06/15 10:03:58 INFO DAGScheduler: Submitting ResultStage 1 (MapPartitionsRDD[22] at json at NativeMethodAccessorImpl.java:0), which has no missing parents
[2023-06-15T10:03:58.376+0000] {spark_submit.py:490} INFO - 23/06/15 10:03:58 INFO MemoryStore: Block broadcast_1 stored as values in memory (estimated size 19.8 KiB, free 434.4 MiB)
[2023-06-15T10:03:58.380+0000] {spark_submit.py:490} INFO - 23/06/15 10:03:58 INFO MemoryStore: Block broadcast_1_piece0 stored as bytes in memory (estimated size 9.7 KiB, free 434.3 MiB)
[2023-06-15T10:03:58.380+0000] {spark_submit.py:490} INFO - 23/06/15 10:03:58 INFO BlockManagerInfo: Added broadcast_1_piece0 in memory on 69b643fc97df:38571 (size: 9.7 KiB, free: 434.4 MiB)
[2023-06-15T10:03:58.381+0000] {spark_submit.py:490} INFO - 23/06/15 10:03:58 INFO SparkContext: Created broadcast 1 from broadcast at DAGScheduler.scala:1535
[2023-06-15T10:03:58.382+0000] {spark_submit.py:490} INFO - 23/06/15 10:03:58 INFO DAGScheduler: Submitting 2 missing tasks from ResultStage 1 (MapPartitionsRDD[22] at json at NativeMethodAccessorImpl.java:0) (first 15 tasks are for partitions Vector(0, 1))
[2023-06-15T10:03:58.382+0000] {spark_submit.py:490} INFO - 23/06/15 10:03:58 INFO TaskSchedulerImpl: Adding task set 1.0 with 2 tasks resource profile 0
[2023-06-15T10:03:58.383+0000] {spark_submit.py:490} INFO - 23/06/15 10:03:58 INFO TaskSetManager: Starting task 0.0 in stage 1.0 (TID 2) (172.27.0.2, executor 0, partition 0, PROCESS_LOCAL, 7347 bytes)
[2023-06-15T10:03:58.383+0000] {spark_submit.py:490} INFO - 23/06/15 10:03:58 INFO TaskSetManager: Starting task 1.0 in stage 1.0 (TID 3) (172.27.0.2, executor 0, partition 1, PROCESS_LOCAL, 8084 bytes)
[2023-06-15T10:03:58.401+0000] {spark_submit.py:490} INFO - 23/06/15 10:03:58 INFO BlockManagerInfo: Added broadcast_1_piece0 in memory on 172.27.0.2:34155 (size: 9.7 KiB, free: 434.4 MiB)
[2023-06-15T10:03:58.466+0000] {spark_submit.py:490} INFO - 23/06/15 10:03:58 INFO TaskSetManager: Finished task 0.0 in stage 1.0 (TID 2) in 83 ms on 172.27.0.2 (executor 0) (1/2)
[2023-06-15T10:03:58.467+0000] {spark_submit.py:490} INFO - 23/06/15 10:03:58 INFO TaskSetManager: Finished task 1.0 in stage 1.0 (TID 3) in 84 ms on 172.27.0.2 (executor 0) (2/2)
[2023-06-15T10:03:58.467+0000] {spark_submit.py:490} INFO - 23/06/15 10:03:58 INFO TaskSchedulerImpl: Removed TaskSet 1.0, whose tasks have all completed, from pool
[2023-06-15T10:03:58.469+0000] {spark_submit.py:490} INFO - 23/06/15 10:03:58 INFO DAGScheduler: ResultStage 1 (json at NativeMethodAccessorImpl.java:0) finished in 0.097 s
[2023-06-15T10:03:58.469+0000] {spark_submit.py:490} INFO - 23/06/15 10:03:58 INFO DAGScheduler: Job 1 is finished. Cancelling potential speculative or zombie tasks for this job
[2023-06-15T10:03:58.469+0000] {spark_submit.py:490} INFO - 23/06/15 10:03:58 INFO TaskSchedulerImpl: Killing all running tasks in stage 1: Stage finished
[2023-06-15T10:03:58.470+0000] {spark_submit.py:490} INFO - 23/06/15 10:03:58 INFO DAGScheduler: Job 1 finished: json at NativeMethodAccessorImpl.java:0, took 0.101614 s
[2023-06-15T10:04:00.059+0000] {spark_submit.py:490} INFO - {'meta': {'symbol': 'GOOG', 'interval': '1h', 'currency': 'USD', 'exchange_timezone': 'America/New_York', 'exchange': 'NASDAQ', 'mic_code': 'XNGS', 'type': 'Common Stock'}, 'values': [{'datetime': '2021-02-09 15:30:00', 'open': '2092.48999', 'high': '2097.29004', 'low': '2079.38989', 'close': '2083.51001', 'volume': '152033'}, {'datetime': '2021-02-09 14:30:00', 'open': '2091.63989', 'high': '2094.00000', 'low': '2088.10010', 'close': '2090.88989', 'volume': '76139'}, {'datetime': '2021-02-09 13:30:00', 'open': '2088.14795', 'high': '2091.84009', 'low': '2085.46997', 'close': '2091.84009', 'volume': '59208'}, {'datetime': '2021-02-09 12:30:00', 'open': '2098.32007', 'high': '2100.97290', 'low': '2089.44360', 'close': '2091.08765', 'volume': '102725'}, {'datetime': '2021-02-09 11:30:00', 'open': '2094.83008', 'high': '2099.89990', 'low': '2091.50757', 'close': '2098.31006', 'volume': '81849'}, {'datetime': '2021-02-09 10:30:00', 'open': '2096.77490', 'high': '2104.42798', 'low': '2089.00000', 'close': '2091.77002', 'volume': '120269'}, {'datetime': '2021-02-09 09:30:00', 'open': '2081.01001', 'high': '2104.94995', 'low': '2078.54004', 'close': '2096.78003', 'volume': '192766'}], 'status': 'ok'}
[2023-06-15T10:04:00.125+0000] {spark_submit.py:490} INFO - 23/06/15 10:04:00 INFO SparkContext: Starting job: json at NativeMethodAccessorImpl.java:0
[2023-06-15T10:04:00.126+0000] {spark_submit.py:490} INFO - 23/06/15 10:04:00 INFO DAGScheduler: Got job 2 (json at NativeMethodAccessorImpl.java:0) with 2 output partitions
[2023-06-15T10:04:00.127+0000] {spark_submit.py:490} INFO - 23/06/15 10:04:00 INFO DAGScheduler: Final stage: ResultStage 2 (json at NativeMethodAccessorImpl.java:0)
[2023-06-15T10:04:00.127+0000] {spark_submit.py:490} INFO - 23/06/15 10:04:00 INFO DAGScheduler: Parents of final stage: List()
[2023-06-15T10:04:00.127+0000] {spark_submit.py:490} INFO - 23/06/15 10:04:00 INFO DAGScheduler: Missing parents: List()
[2023-06-15T10:04:00.128+0000] {spark_submit.py:490} INFO - 23/06/15 10:04:00 INFO DAGScheduler: Submitting ResultStage 2 (MapPartitionsRDD[33] at json at NativeMethodAccessorImpl.java:0), which has no missing parents
[2023-06-15T10:04:00.134+0000] {spark_submit.py:490} INFO - 23/06/15 10:04:00 INFO MemoryStore: Block broadcast_2 stored as values in memory (estimated size 19.8 KiB, free 434.3 MiB)
[2023-06-15T10:04:00.138+0000] {spark_submit.py:490} INFO - 23/06/15 10:04:00 INFO MemoryStore: Block broadcast_2_piece0 stored as bytes in memory (estimated size 9.7 KiB, free 434.3 MiB)
[2023-06-15T10:04:00.139+0000] {spark_submit.py:490} INFO - 23/06/15 10:04:00 INFO BlockManagerInfo: Added broadcast_2_piece0 in memory on 69b643fc97df:38571 (size: 9.7 KiB, free: 434.4 MiB)
[2023-06-15T10:04:00.139+0000] {spark_submit.py:490} INFO - 23/06/15 10:04:00 INFO SparkContext: Created broadcast 2 from broadcast at DAGScheduler.scala:1535
[2023-06-15T10:04:00.140+0000] {spark_submit.py:490} INFO - 23/06/15 10:04:00 INFO DAGScheduler: Submitting 2 missing tasks from ResultStage 2 (MapPartitionsRDD[33] at json at NativeMethodAccessorImpl.java:0) (first 15 tasks are for partitions Vector(0, 1))
[2023-06-15T10:04:00.140+0000] {spark_submit.py:490} INFO - 23/06/15 10:04:00 INFO TaskSchedulerImpl: Adding task set 2.0 with 2 tasks resource profile 0
[2023-06-15T10:04:00.142+0000] {spark_submit.py:490} INFO - 23/06/15 10:04:00 INFO TaskSetManager: Starting task 0.0 in stage 2.0 (TID 4) (172.27.0.2, executor 0, partition 0, PROCESS_LOCAL, 7347 bytes)
[2023-06-15T10:04:00.142+0000] {spark_submit.py:490} INFO - 23/06/15 10:04:00 INFO TaskSetManager: Starting task 1.0 in stage 2.0 (TID 5) (172.27.0.2, executor 0, partition 1, PROCESS_LOCAL, 8102 bytes)
[2023-06-15T10:04:00.162+0000] {spark_submit.py:490} INFO - 23/06/15 10:04:00 INFO BlockManagerInfo: Added broadcast_2_piece0 in memory on 172.27.0.2:34155 (size: 9.7 KiB, free: 434.4 MiB)
[2023-06-15T10:04:00.224+0000] {spark_submit.py:490} INFO - 23/06/15 10:04:00 INFO TaskSetManager: Finished task 0.0 in stage 2.0 (TID 4) in 83 ms on 172.27.0.2 (executor 0) (1/2)
[2023-06-15T10:04:00.227+0000] {spark_submit.py:490} INFO - 23/06/15 10:04:00 INFO TaskSetManager: Finished task 1.0 in stage 2.0 (TID 5) in 85 ms on 172.27.0.2 (executor 0) (2/2)
[2023-06-15T10:04:00.227+0000] {spark_submit.py:490} INFO - 23/06/15 10:04:00 INFO TaskSchedulerImpl: Removed TaskSet 2.0, whose tasks have all completed, from pool
[2023-06-15T10:04:00.229+0000] {spark_submit.py:490} INFO - 23/06/15 10:04:00 INFO DAGScheduler: ResultStage 2 (json at NativeMethodAccessorImpl.java:0) finished in 0.100 s
[2023-06-15T10:04:00.230+0000] {spark_submit.py:490} INFO - 23/06/15 10:04:00 INFO DAGScheduler: Job 2 is finished. Cancelling potential speculative or zombie tasks for this job
[2023-06-15T10:04:00.230+0000] {spark_submit.py:490} INFO - 23/06/15 10:04:00 INFO TaskSchedulerImpl: Killing all running tasks in stage 2: Stage finished
[2023-06-15T10:04:00.231+0000] {spark_submit.py:490} INFO - 23/06/15 10:04:00 INFO DAGScheduler: Job 2 finished: json at NativeMethodAccessorImpl.java:0, took 0.105644 s
[2023-06-15T10:04:01.494+0000] {spark_submit.py:490} INFO - {'meta': {'symbol': 'AMZN', 'interval': '1h', 'currency': 'USD', 'exchange_timezone': 'America/New_York', 'exchange': 'NASDAQ', 'mic_code': 'XNGS', 'type': 'Common Stock'}, 'values': [{'datetime': '2021-02-09 15:30:00', 'open': '3307.67993', 'high': '3308.11646', 'low': '3298.26001', 'close': '3305.00000', 'volume': '277762'}, {'datetime': '2021-02-09 14:30:00', 'open': '3308.71997', 'high': '3312.66992', 'low': '3307.07007', 'close': '3307.58008', 'volume': '169333'}, {'datetime': '2021-02-09 13:30:00', 'open': '3306.84009', 'high': '3309.48999', 'low': '3303.01099', 'close': '3308.71509', 'volume': '192561'}, {'datetime': '2021-02-09 12:30:00', 'open': '3311.28491', 'high': '3314.60010', 'low': '3307.00000', 'close': '3307.00000', 'volume': '184409'}, {'datetime': '2021-02-09 11:30:00', 'open': '3312.61011', 'high': '3318.00000', 'low': '3310.00000', 'close': '3310.79004', 'volume': '181489'}, {'datetime': '2021-02-09 10:30:00', 'open': '3318.81006', 'high': '3329.00000', 'low': '3308.71045', 'close': '3313.47998', 'volume': '329614'}, {'datetime': '2021-02-09 09:30:00', 'open': '3310.00000', 'high': '3337.02710', 'low': '3308.21826', 'close': '3319.13989', 'volume': '709634'}], 'status': 'ok'}
[2023-06-15T10:04:01.566+0000] {spark_submit.py:490} INFO - 23/06/15 10:04:01 INFO SparkContext: Starting job: json at NativeMethodAccessorImpl.java:0
[2023-06-15T10:04:01.567+0000] {spark_submit.py:490} INFO - 23/06/15 10:04:01 INFO DAGScheduler: Got job 3 (json at NativeMethodAccessorImpl.java:0) with 2 output partitions
[2023-06-15T10:04:01.567+0000] {spark_submit.py:490} INFO - 23/06/15 10:04:01 INFO DAGScheduler: Final stage: ResultStage 3 (json at NativeMethodAccessorImpl.java:0)
[2023-06-15T10:04:01.567+0000] {spark_submit.py:490} INFO - 23/06/15 10:04:01 INFO DAGScheduler: Parents of final stage: List()
[2023-06-15T10:04:01.567+0000] {spark_submit.py:490} INFO - 23/06/15 10:04:01 INFO DAGScheduler: Missing parents: List()
[2023-06-15T10:04:01.568+0000] {spark_submit.py:490} INFO - 23/06/15 10:04:01 INFO DAGScheduler: Submitting ResultStage 3 (MapPartitionsRDD[44] at json at NativeMethodAccessorImpl.java:0), which has no missing parents
[2023-06-15T10:04:01.575+0000] {spark_submit.py:490} INFO - 23/06/15 10:04:01 INFO MemoryStore: Block broadcast_3 stored as values in memory (estimated size 19.8 KiB, free 434.3 MiB)
[2023-06-15T10:04:01.578+0000] {spark_submit.py:490} INFO - 23/06/15 10:04:01 INFO MemoryStore: Block broadcast_3_piece0 stored as bytes in memory (estimated size 9.7 KiB, free 434.3 MiB)
[2023-06-15T10:04:01.580+0000] {spark_submit.py:490} INFO - 23/06/15 10:04:01 INFO BlockManagerInfo: Added broadcast_3_piece0 in memory on 69b643fc97df:38571 (size: 9.7 KiB, free: 434.4 MiB)
[2023-06-15T10:04:01.581+0000] {spark_submit.py:490} INFO - 23/06/15 10:04:01 INFO SparkContext: Created broadcast 3 from broadcast at DAGScheduler.scala:1535
[2023-06-15T10:04:01.582+0000] {spark_submit.py:490} INFO - 23/06/15 10:04:01 INFO DAGScheduler: Submitting 2 missing tasks from ResultStage 3 (MapPartitionsRDD[44] at json at NativeMethodAccessorImpl.java:0) (first 15 tasks are for partitions Vector(0, 1))
[2023-06-15T10:04:01.582+0000] {spark_submit.py:490} INFO - 23/06/15 10:04:01 INFO TaskSchedulerImpl: Adding task set 3.0 with 2 tasks resource profile 0
[2023-06-15T10:04:01.585+0000] {spark_submit.py:490} INFO - 23/06/15 10:04:01 INFO TaskSetManager: Starting task 0.0 in stage 3.0 (TID 6) (172.27.0.2, executor 0, partition 0, PROCESS_LOCAL, 7347 bytes)
[2023-06-15T10:04:01.586+0000] {spark_submit.py:490} INFO - 23/06/15 10:04:01 INFO TaskSetManager: Starting task 1.0 in stage 3.0 (TID 7) (172.27.0.2, executor 0, partition 1, PROCESS_LOCAL, 8105 bytes)
[2023-06-15T10:04:01.604+0000] {spark_submit.py:490} INFO - 23/06/15 10:04:01 INFO BlockManagerInfo: Added broadcast_3_piece0 in memory on 172.27.0.2:34155 (size: 9.7 KiB, free: 434.4 MiB)
[2023-06-15T10:04:01.665+0000] {spark_submit.py:490} INFO - 23/06/15 10:04:01 INFO TaskSetManager: Finished task 1.0 in stage 3.0 (TID 7) in 79 ms on 172.27.0.2 (executor 0) (1/2)
[2023-06-15T10:04:01.669+0000] {spark_submit.py:490} INFO - 23/06/15 10:04:01 INFO TaskSetManager: Finished task 0.0 in stage 3.0 (TID 6) in 85 ms on 172.27.0.2 (executor 0) (2/2)
[2023-06-15T10:04:01.670+0000] {spark_submit.py:490} INFO - 23/06/15 10:04:01 INFO TaskSchedulerImpl: Removed TaskSet 3.0, whose tasks have all completed, from pool
[2023-06-15T10:04:01.671+0000] {spark_submit.py:490} INFO - 23/06/15 10:04:01 INFO DAGScheduler: ResultStage 3 (json at NativeMethodAccessorImpl.java:0) finished in 0.100 s
[2023-06-15T10:04:01.671+0000] {spark_submit.py:490} INFO - 23/06/15 10:04:01 INFO DAGScheduler: Job 3 is finished. Cancelling potential speculative or zombie tasks for this job
[2023-06-15T10:04:01.671+0000] {spark_submit.py:490} INFO - 23/06/15 10:04:01 INFO TaskSchedulerImpl: Killing all running tasks in stage 3: Stage finished
[2023-06-15T10:04:01.672+0000] {spark_submit.py:490} INFO - 23/06/15 10:04:01 INFO DAGScheduler: Job 3 finished: json at NativeMethodAccessorImpl.java:0, took 0.105636 s
[2023-06-15T10:04:03.026+0000] {spark_submit.py:490} INFO - {'meta': {'symbol': 'TSLA', 'interval': '1h', 'currency': 'USD', 'exchange_timezone': 'America/New_York', 'exchange': 'NASDAQ', 'mic_code': 'XNGS', 'type': 'Common Stock'}, 'values': [{'datetime': '2021-02-09 15:30:00', 'open': '844.60999', 'high': '850.00000', 'low': '844.40002', 'close': '849.46002', 'volume': '1443026'}, {'datetime': '2021-02-09 14:30:00', 'open': '844.32001', 'high': '848.13000', 'low': '843.48999', 'close': '844.68500', 'volume': '1438877'}, {'datetime': '2021-02-09 13:30:00', 'open': '845.39001', 'high': '846.50000', 'low': '841.75000', 'close': '844.48999', 'volume': '1768711'}, {'datetime': '2021-02-09 12:30:00', 'open': '848.31000', 'high': '849.79999', 'low': '844.75000', 'close': '845.33002', 'volume': '1331823'}, {'datetime': '2021-02-09 11:30:00', 'open': '846.53998', 'high': '850.79999', 'low': '846.40997', 'close': '848.46002', 'volume': '1550719'}, {'datetime': '2021-02-09 10:30:00', 'open': '853.20001', 'high': '853.87659', 'low': '845.54999', 'close': '846.75000', 'volume': '2573728'}, {'datetime': '2021-02-09 09:30:00', 'open': '855.12000', 'high': '859.79999', 'low': '848.89001', 'close': '853.31000', 'volume': '4651617'}], 'status': 'ok'}
[2023-06-15T10:04:03.058+0000] {spark_submit.py:490} INFO - 23/06/15 10:04:03 INFO SparkContext: Starting job: json at NativeMethodAccessorImpl.java:0
[2023-06-15T10:04:03.059+0000] {spark_submit.py:490} INFO - 23/06/15 10:04:03 INFO DAGScheduler: Got job 4 (json at NativeMethodAccessorImpl.java:0) with 2 output partitions
[2023-06-15T10:04:03.059+0000] {spark_submit.py:490} INFO - 23/06/15 10:04:03 INFO DAGScheduler: Final stage: ResultStage 4 (json at NativeMethodAccessorImpl.java:0)
[2023-06-15T10:04:03.059+0000] {spark_submit.py:490} INFO - 23/06/15 10:04:03 INFO DAGScheduler: Parents of final stage: List()
[2023-06-15T10:04:03.059+0000] {spark_submit.py:490} INFO - 23/06/15 10:04:03 INFO DAGScheduler: Missing parents: List()
[2023-06-15T10:04:03.060+0000] {spark_submit.py:490} INFO - 23/06/15 10:04:03 INFO DAGScheduler: Submitting ResultStage 4 (MapPartitionsRDD[55] at json at NativeMethodAccessorImpl.java:0), which has no missing parents
[2023-06-15T10:04:03.064+0000] {spark_submit.py:490} INFO - 23/06/15 10:04:03 INFO MemoryStore: Block broadcast_4 stored as values in memory (estimated size 19.8 KiB, free 434.3 MiB)
[2023-06-15T10:04:03.066+0000] {spark_submit.py:490} INFO - 23/06/15 10:04:03 INFO MemoryStore: Block broadcast_4_piece0 stored as bytes in memory (estimated size 9.7 KiB, free 434.3 MiB)
[2023-06-15T10:04:03.067+0000] {spark_submit.py:490} INFO - 23/06/15 10:04:03 INFO BlockManagerInfo: Added broadcast_4_piece0 in memory on 69b643fc97df:38571 (size: 9.7 KiB, free: 434.4 MiB)
[2023-06-15T10:04:03.068+0000] {spark_submit.py:490} INFO - 23/06/15 10:04:03 INFO SparkContext: Created broadcast 4 from broadcast at DAGScheduler.scala:1535
[2023-06-15T10:04:03.069+0000] {spark_submit.py:490} INFO - 23/06/15 10:04:03 INFO DAGScheduler: Submitting 2 missing tasks from ResultStage 4 (MapPartitionsRDD[55] at json at NativeMethodAccessorImpl.java:0) (first 15 tasks are for partitions Vector(0, 1))
[2023-06-15T10:04:03.069+0000] {spark_submit.py:490} INFO - 23/06/15 10:04:03 INFO TaskSchedulerImpl: Adding task set 4.0 with 2 tasks resource profile 0
[2023-06-15T10:04:03.070+0000] {spark_submit.py:490} INFO - 23/06/15 10:04:03 INFO TaskSetManager: Starting task 0.0 in stage 4.0 (TID 8) (172.27.0.2, executor 0, partition 0, PROCESS_LOCAL, 7347 bytes)
[2023-06-15T10:04:03.070+0000] {spark_submit.py:490} INFO - 23/06/15 10:04:03 INFO TaskSetManager: Starting task 1.0 in stage 4.0 (TID 9) (172.27.0.2, executor 0, partition 1, PROCESS_LOCAL, 8084 bytes)
[2023-06-15T10:04:03.083+0000] {spark_submit.py:490} INFO - 23/06/15 10:04:03 INFO BlockManagerInfo: Added broadcast_4_piece0 in memory on 172.27.0.2:34155 (size: 9.7 KiB, free: 434.4 MiB)
[2023-06-15T10:04:03.144+0000] {spark_submit.py:490} INFO - 23/06/15 10:04:03 INFO TaskSetManager: Finished task 0.0 in stage 4.0 (TID 8) in 73 ms on 172.27.0.2 (executor 0) (1/2)
[2023-06-15T10:04:03.151+0000] {spark_submit.py:490} INFO - 23/06/15 10:04:03 INFO TaskSetManager: Finished task 1.0 in stage 4.0 (TID 9) in 80 ms on 172.27.0.2 (executor 0) (2/2)
[2023-06-15T10:04:03.151+0000] {spark_submit.py:490} INFO - 23/06/15 10:04:03 INFO TaskSchedulerImpl: Removed TaskSet 4.0, whose tasks have all completed, from pool
[2023-06-15T10:04:03.155+0000] {spark_submit.py:490} INFO - 23/06/15 10:04:03 INFO DAGScheduler: ResultStage 4 (json at NativeMethodAccessorImpl.java:0) finished in 0.093 s
[2023-06-15T10:04:03.156+0000] {spark_submit.py:490} INFO - 23/06/15 10:04:03 INFO DAGScheduler: Job 4 is finished. Cancelling potential speculative or zombie tasks for this job
[2023-06-15T10:04:03.156+0000] {spark_submit.py:490} INFO - 23/06/15 10:04:03 INFO TaskSchedulerImpl: Killing all running tasks in stage 4: Stage finished
[2023-06-15T10:04:03.158+0000] {spark_submit.py:490} INFO - 23/06/15 10:04:03 INFO DAGScheduler: Job 4 finished: json at NativeMethodAccessorImpl.java:0, took 0.099146 s
[2023-06-15T10:04:04.363+0000] {spark_submit.py:490} INFO - {'meta': {'symbol': 'META', 'interval': '1h', 'currency': 'USD', 'exchange_timezone': 'America/New_York', 'exchange': 'NASDAQ', 'mic_code': 'XNGS', 'type': 'Common Stock'}, 'values': [{'datetime': '2021-02-09 15:30:00', 'open': '270.08499', 'high': '270.23001', 'low': '268.75000', 'close': '269.45001', 'volume': '1217972'}, {'datetime': '2021-02-09 14:30:00', 'open': '270.14001', 'high': '270.76501', 'low': '269.87000', 'close': '270.11499', 'volume': '1055973'}, {'datetime': '2021-02-09 13:30:00', 'open': '269.42999', 'high': '270.89001', 'low': '269.35999', 'close': '270.02249', 'volume': '1037964'}, {'datetime': '2021-02-09 12:30:00', 'open': '270.81400', 'high': '270.94000', 'low': '269.29999', 'close': '269.41501', 'volume': '911874'}, {'datetime': '2021-02-09 11:30:00', 'open': '270.42139', 'high': '271.29999', 'low': '269.62000', 'close': '270.82999', 'volume': '1494390'}, {'datetime': '2021-02-09 10:30:00', 'open': '272.43451', 'high': '273.17499', 'low': '270.17001', 'close': '270.48001', 'volume': '2375124'}, {'datetime': '2021-02-09 09:30:00', 'open': '266.46371', 'high': '273.39001', 'low': '265.75000', 'close': '272.40500', 'volume': '5598008'}], 'status': 'ok'}
[2023-06-15T10:04:04.455+0000] {spark_submit.py:490} INFO - 23/06/15 10:04:04 INFO SparkContext: Starting job: json at NativeMethodAccessorImpl.java:0
[2023-06-15T10:04:04.456+0000] {spark_submit.py:490} INFO - 23/06/15 10:04:04 INFO DAGScheduler: Got job 5 (json at NativeMethodAccessorImpl.java:0) with 2 output partitions
[2023-06-15T10:04:04.457+0000] {spark_submit.py:490} INFO - 23/06/15 10:04:04 INFO DAGScheduler: Final stage: ResultStage 5 (json at NativeMethodAccessorImpl.java:0)
[2023-06-15T10:04:04.458+0000] {spark_submit.py:490} INFO - 23/06/15 10:04:04 INFO DAGScheduler: Parents of final stage: List()
[2023-06-15T10:04:04.458+0000] {spark_submit.py:490} INFO - 23/06/15 10:04:04 INFO DAGScheduler: Missing parents: List()
[2023-06-15T10:04:04.459+0000] {spark_submit.py:490} INFO - 23/06/15 10:04:04 INFO DAGScheduler: Submitting ResultStage 5 (MapPartitionsRDD[66] at json at NativeMethodAccessorImpl.java:0), which has no missing parents
[2023-06-15T10:04:04.467+0000] {spark_submit.py:490} INFO - 23/06/15 10:04:04 INFO MemoryStore: Block broadcast_5 stored as values in memory (estimated size 19.8 KiB, free 434.2 MiB)
[2023-06-15T10:04:04.469+0000] {spark_submit.py:490} INFO - 23/06/15 10:04:04 INFO MemoryStore: Block broadcast_5_piece0 stored as bytes in memory (estimated size 9.7 KiB, free 434.2 MiB)
[2023-06-15T10:04:04.476+0000] {spark_submit.py:490} INFO - 23/06/15 10:04:04 INFO BlockManagerInfo: Added broadcast_5_piece0 in memory on 69b643fc97df:38571 (size: 9.7 KiB, free: 434.3 MiB)
[2023-06-15T10:04:04.477+0000] {spark_submit.py:490} INFO - 23/06/15 10:04:04 INFO SparkContext: Created broadcast 5 from broadcast at DAGScheduler.scala:1535
[2023-06-15T10:04:04.478+0000] {spark_submit.py:490} INFO - 23/06/15 10:04:04 INFO DAGScheduler: Submitting 2 missing tasks from ResultStage 5 (MapPartitionsRDD[66] at json at NativeMethodAccessorImpl.java:0) (first 15 tasks are for partitions Vector(0, 1))
[2023-06-15T10:04:04.478+0000] {spark_submit.py:490} INFO - 23/06/15 10:04:04 INFO TaskSchedulerImpl: Adding task set 5.0 with 2 tasks resource profile 0
[2023-06-15T10:04:04.480+0000] {spark_submit.py:490} INFO - 23/06/15 10:04:04 INFO TaskSetManager: Starting task 0.0 in stage 5.0 (TID 10) (172.27.0.2, executor 0, partition 0, PROCESS_LOCAL, 7347 bytes)
[2023-06-15T10:04:04.481+0000] {spark_submit.py:490} INFO - 23/06/15 10:04:04 INFO TaskSetManager: Starting task 1.0 in stage 5.0 (TID 11) (172.27.0.2, executor 0, partition 1, PROCESS_LOCAL, 8083 bytes)
[2023-06-15T10:04:04.484+0000] {spark_submit.py:490} INFO - 23/06/15 10:04:04 INFO BlockManagerInfo: Removed broadcast_4_piece0 on 69b643fc97df:38571 in memory (size: 9.7 KiB, free: 434.4 MiB)
[2023-06-15T10:04:04.499+0000] {spark_submit.py:490} INFO - 23/06/15 10:04:04 INFO BlockManagerInfo: Removed broadcast_4_piece0 on 172.27.0.2:34155 in memory (size: 9.7 KiB, free: 434.4 MiB)
[2023-06-15T10:04:04.502+0000] {spark_submit.py:490} INFO - 23/06/15 10:04:04 INFO BlockManagerInfo: Added broadcast_5_piece0 in memory on 172.27.0.2:34155 (size: 9.7 KiB, free: 434.4 MiB)
[2023-06-15T10:04:04.509+0000] {spark_submit.py:490} INFO - 23/06/15 10:04:04 INFO BlockManagerInfo: Removed broadcast_0_piece0 on 69b643fc97df:38571 in memory (size: 9.7 KiB, free: 434.4 MiB)
[2023-06-15T10:04:04.513+0000] {spark_submit.py:490} INFO - 23/06/15 10:04:04 INFO BlockManagerInfo: Removed broadcast_0_piece0 on 172.27.0.2:34155 in memory (size: 9.7 KiB, free: 434.4 MiB)
[2023-06-15T10:04:04.520+0000] {spark_submit.py:490} INFO - 23/06/15 10:04:04 INFO BlockManagerInfo: Removed broadcast_1_piece0 on 69b643fc97df:38571 in memory (size: 9.7 KiB, free: 434.4 MiB)
[2023-06-15T10:04:04.523+0000] {spark_submit.py:490} INFO - 23/06/15 10:04:04 INFO BlockManagerInfo: Removed broadcast_1_piece0 on 172.27.0.2:34155 in memory (size: 9.7 KiB, free: 434.4 MiB)
[2023-06-15T10:04:04.529+0000] {spark_submit.py:490} INFO - 23/06/15 10:04:04 INFO BlockManagerInfo: Removed broadcast_2_piece0 on 69b643fc97df:38571 in memory (size: 9.7 KiB, free: 434.4 MiB)
[2023-06-15T10:04:04.532+0000] {spark_submit.py:490} INFO - 23/06/15 10:04:04 INFO BlockManagerInfo: Removed broadcast_2_piece0 on 172.27.0.2:34155 in memory (size: 9.7 KiB, free: 434.4 MiB)
[2023-06-15T10:04:04.538+0000] {spark_submit.py:490} INFO - 23/06/15 10:04:04 INFO BlockManagerInfo: Removed broadcast_3_piece0 on 69b643fc97df:38571 in memory (size: 9.7 KiB, free: 434.4 MiB)
[2023-06-15T10:04:04.540+0000] {spark_submit.py:490} INFO - 23/06/15 10:04:04 INFO BlockManagerInfo: Removed broadcast_3_piece0 on 172.27.0.2:34155 in memory (size: 9.7 KiB, free: 434.4 MiB)
[2023-06-15T10:04:04.584+0000] {spark_submit.py:490} INFO - 23/06/15 10:04:04 INFO TaskSetManager: Finished task 0.0 in stage 5.0 (TID 10) in 103 ms on 172.27.0.2 (executor 0) (1/2)
[2023-06-15T10:04:04.590+0000] {spark_submit.py:490} INFO - 23/06/15 10:04:04 INFO TaskSetManager: Finished task 1.0 in stage 5.0 (TID 11) in 109 ms on 172.27.0.2 (executor 0) (2/2)
[2023-06-15T10:04:04.592+0000] {spark_submit.py:490} INFO - 23/06/15 10:04:04 INFO TaskSchedulerImpl: Removed TaskSet 5.0, whose tasks have all completed, from pool
[2023-06-15T10:04:04.594+0000] {spark_submit.py:490} INFO - 23/06/15 10:04:04 INFO DAGScheduler: ResultStage 5 (json at NativeMethodAccessorImpl.java:0) finished in 0.133 s
[2023-06-15T10:04:04.595+0000] {spark_submit.py:490} INFO - 23/06/15 10:04:04 INFO DAGScheduler: Job 5 is finished. Cancelling potential speculative or zombie tasks for this job
[2023-06-15T10:04:04.595+0000] {spark_submit.py:490} INFO - 23/06/15 10:04:04 INFO TaskSchedulerImpl: Killing all running tasks in stage 5: Stage finished
[2023-06-15T10:04:04.596+0000] {spark_submit.py:490} INFO - 23/06/15 10:04:04 INFO DAGScheduler: Job 5 finished: json at NativeMethodAccessorImpl.java:0, took 0.140095 s
[2023-06-15T10:04:05.997+0000] {spark_submit.py:490} INFO - {'meta': {'symbol': 'NFLX', 'interval': '1h', 'currency': 'USD', 'exchange_timezone': 'America/New_York', 'exchange': 'NASDAQ', 'mic_code': 'XNGS', 'type': 'Common Stock'}, 'values': [{'datetime': '2021-02-09 15:30:00', 'open': '562.25500', 'high': '562.65997', 'low': '557.33002', 'close': '559.07001', 'volume': '470003'}, {'datetime': '2021-02-09 14:30:00', 'open': '562.46997', 'high': '563.00500', 'low': '560.95001', 'close': '562.28003', 'volume': '242876'}, {'datetime': '2021-02-09 13:30:00', 'open': '560.06000', 'high': '563.00000', 'low': '559.88000', 'close': '562.70001', 'volume': '272163'}, {'datetime': '2021-02-09 12:30:00', 'open': '561.49902', 'high': '562.00000', 'low': '558.50000', 'close': '560.02002', 'volume': '207481'}, {'datetime': '2021-02-09 11:30:00', 'open': '556.71698', 'high': '562.65002', 'low': '554.23999', 'close': '561.09003', 'volume': '442065'}, {'datetime': '2021-02-09 10:30:00', 'open': '558.85999', 'high': '560.54999', 'low': '554.02002', 'close': '556.24500', 'volume': '438161'}, {'datetime': '2021-02-09 09:30:00', 'open': '545.30353', 'high': '566.00000', 'low': '543.00000', 'close': '558.85999', 'volume': '1398869'}], 'status': 'ok'}
[2023-06-15T10:04:06.050+0000] {spark_submit.py:490} INFO - 23/06/15 10:04:06 INFO SparkContext: Starting job: json at NativeMethodAccessorImpl.java:0
[2023-06-15T10:04:06.051+0000] {spark_submit.py:490} INFO - 23/06/15 10:04:06 INFO DAGScheduler: Got job 6 (json at NativeMethodAccessorImpl.java:0) with 2 output partitions
[2023-06-15T10:04:06.051+0000] {spark_submit.py:490} INFO - 23/06/15 10:04:06 INFO DAGScheduler: Final stage: ResultStage 6 (json at NativeMethodAccessorImpl.java:0)
[2023-06-15T10:04:06.051+0000] {spark_submit.py:490} INFO - 23/06/15 10:04:06 INFO DAGScheduler: Parents of final stage: List()
[2023-06-15T10:04:06.051+0000] {spark_submit.py:490} INFO - 23/06/15 10:04:06 INFO DAGScheduler: Missing parents: List()
[2023-06-15T10:04:06.052+0000] {spark_submit.py:490} INFO - 23/06/15 10:04:06 INFO DAGScheduler: Submitting ResultStage 6 (MapPartitionsRDD[77] at json at NativeMethodAccessorImpl.java:0), which has no missing parents
[2023-06-15T10:04:06.056+0000] {spark_submit.py:490} INFO - 23/06/15 10:04:06 INFO MemoryStore: Block broadcast_6 stored as values in memory (estimated size 19.8 KiB, free 434.4 MiB)
[2023-06-15T10:04:06.057+0000] {spark_submit.py:490} INFO - 23/06/15 10:04:06 INFO MemoryStore: Block broadcast_6_piece0 stored as bytes in memory (estimated size 9.7 KiB, free 434.3 MiB)
[2023-06-15T10:04:06.058+0000] {spark_submit.py:490} INFO - 23/06/15 10:04:06 INFO BlockManagerInfo: Added broadcast_6_piece0 in memory on 69b643fc97df:38571 (size: 9.7 KiB, free: 434.4 MiB)
[2023-06-15T10:04:06.058+0000] {spark_submit.py:490} INFO - 23/06/15 10:04:06 INFO SparkContext: Created broadcast 6 from broadcast at DAGScheduler.scala:1535
[2023-06-15T10:04:06.059+0000] {spark_submit.py:490} INFO - 23/06/15 10:04:06 INFO DAGScheduler: Submitting 2 missing tasks from ResultStage 6 (MapPartitionsRDD[77] at json at NativeMethodAccessorImpl.java:0) (first 15 tasks are for partitions Vector(0, 1))
[2023-06-15T10:04:06.059+0000] {spark_submit.py:490} INFO - 23/06/15 10:04:06 INFO TaskSchedulerImpl: Adding task set 6.0 with 2 tasks resource profile 0
[2023-06-15T10:04:06.061+0000] {spark_submit.py:490} INFO - 23/06/15 10:04:06 INFO TaskSetManager: Starting task 0.0 in stage 6.0 (TID 12) (172.27.0.2, executor 0, partition 0, PROCESS_LOCAL, 7347 bytes)
[2023-06-15T10:04:06.061+0000] {spark_submit.py:490} INFO - 23/06/15 10:04:06 INFO TaskSetManager: Starting task 1.0 in stage 6.0 (TID 13) (172.27.0.2, executor 0, partition 1, PROCESS_LOCAL, 8078 bytes)
[2023-06-15T10:04:06.075+0000] {spark_submit.py:490} INFO - 23/06/15 10:04:06 INFO BlockManagerInfo: Added broadcast_6_piece0 in memory on 172.27.0.2:34155 (size: 9.7 KiB, free: 434.4 MiB)
[2023-06-15T10:04:06.149+0000] {spark_submit.py:490} INFO - 23/06/15 10:04:06 INFO TaskSetManager: Finished task 1.0 in stage 6.0 (TID 13) in 87 ms on 172.27.0.2 (executor 0) (1/2)
[2023-06-15T10:04:06.154+0000] {spark_submit.py:490} INFO - 23/06/15 10:04:06 INFO TaskSetManager: Finished task 0.0 in stage 6.0 (TID 12) in 93 ms on 172.27.0.2 (executor 0) (2/2)
[2023-06-15T10:04:06.155+0000] {spark_submit.py:490} INFO - 23/06/15 10:04:06 INFO TaskSchedulerImpl: Removed TaskSet 6.0, whose tasks have all completed, from pool
[2023-06-15T10:04:06.158+0000] {spark_submit.py:490} INFO - 23/06/15 10:04:06 INFO DAGScheduler: ResultStage 6 (json at NativeMethodAccessorImpl.java:0) finished in 0.104 s
[2023-06-15T10:04:06.160+0000] {spark_submit.py:490} INFO - 23/06/15 10:04:06 INFO DAGScheduler: Job 6 is finished. Cancelling potential speculative or zombie tasks for this job
[2023-06-15T10:04:06.161+0000] {spark_submit.py:490} INFO - 23/06/15 10:04:06 INFO TaskSchedulerImpl: Killing all running tasks in stage 6: Stage finished
[2023-06-15T10:04:06.163+0000] {spark_submit.py:490} INFO - 23/06/15 10:04:06 INFO DAGScheduler: Job 6 finished: json at NativeMethodAccessorImpl.java:0, took 0.112014 s
[2023-06-15T10:04:07.948+0000] {spark_submit.py:490} INFO - {'meta': {'symbol': 'NVDA', 'interval': '1h', 'currency': 'USD', 'exchange_timezone': 'America/New_York', 'exchange': 'NASDAQ', 'mic_code': 'XNGS', 'type': 'Common Stock'}, 'values': [{'datetime': '2021-02-09 15:30:00', 'open': '572.34003', 'high': '573.08337', 'low': '569.00000', 'close': '570.53003', 'volume': '660635'}, {'datetime': '2021-02-09 14:30:00', 'open': '573.40002', 'high': '574.63000', 'low': '572.17999', 'close': '572.50989', 'volume': '347439'}, {'datetime': '2021-02-09 13:30:00', 'open': '572.51703', 'high': '573.93988', 'low': '571.12000', 'close': '573.42999', 'volume': '471421'}, {'datetime': '2021-02-09 12:30:00', 'open': '577.48999', 'high': '578.02002', 'low': '572.17999', 'close': '572.73999', 'volume': '544054'}, {'datetime': '2021-02-09 11:30:00', 'open': '574.01001', 'high': '578.00000', 'low': '573.73999', 'close': '577.60999', 'volume': '554107'}, {'datetime': '2021-02-09 10:30:00', 'open': '578.50000', 'high': '579.91888', 'low': '571.67999', 'close': '573.96503', 'volume': '1028439'}, {'datetime': '2021-02-09 09:30:00', 'open': '574.21002', 'high': '583.33002', 'low': '568.90002', 'close': '578.50000', 'volume': '3157430'}], 'status': 'ok'}
[2023-06-15T10:04:08.038+0000] {spark_submit.py:490} INFO - 23/06/15 10:04:08 INFO SparkContext: Starting job: json at NativeMethodAccessorImpl.java:0
[2023-06-15T10:04:08.039+0000] {spark_submit.py:490} INFO - 23/06/15 10:04:08 INFO DAGScheduler: Got job 7 (json at NativeMethodAccessorImpl.java:0) with 2 output partitions
[2023-06-15T10:04:08.040+0000] {spark_submit.py:490} INFO - 23/06/15 10:04:08 INFO DAGScheduler: Final stage: ResultStage 7 (json at NativeMethodAccessorImpl.java:0)
[2023-06-15T10:04:08.040+0000] {spark_submit.py:490} INFO - 23/06/15 10:04:08 INFO DAGScheduler: Parents of final stage: List()
[2023-06-15T10:04:08.040+0000] {spark_submit.py:490} INFO - 23/06/15 10:04:08 INFO DAGScheduler: Missing parents: List()
[2023-06-15T10:04:08.042+0000] {spark_submit.py:490} INFO - 23/06/15 10:04:08 INFO DAGScheduler: Submitting ResultStage 7 (MapPartitionsRDD[88] at json at NativeMethodAccessorImpl.java:0), which has no missing parents
[2023-06-15T10:04:08.046+0000] {spark_submit.py:490} INFO - 23/06/15 10:04:08 INFO MemoryStore: Block broadcast_7 stored as values in memory (estimated size 19.8 KiB, free 434.3 MiB)
[2023-06-15T10:04:08.048+0000] {spark_submit.py:490} INFO - 23/06/15 10:04:08 INFO MemoryStore: Block broadcast_7_piece0 stored as bytes in memory (estimated size 9.7 KiB, free 434.3 MiB)
[2023-06-15T10:04:08.049+0000] {spark_submit.py:490} INFO - 23/06/15 10:04:08 INFO BlockManagerInfo: Added broadcast_7_piece0 in memory on 69b643fc97df:38571 (size: 9.7 KiB, free: 434.4 MiB)
[2023-06-15T10:04:08.050+0000] {spark_submit.py:490} INFO - 23/06/15 10:04:08 INFO SparkContext: Created broadcast 7 from broadcast at DAGScheduler.scala:1535
[2023-06-15T10:04:08.051+0000] {spark_submit.py:490} INFO - 23/06/15 10:04:08 INFO DAGScheduler: Submitting 2 missing tasks from ResultStage 7 (MapPartitionsRDD[88] at json at NativeMethodAccessorImpl.java:0) (first 15 tasks are for partitions Vector(0, 1))
[2023-06-15T10:04:08.051+0000] {spark_submit.py:490} INFO - 23/06/15 10:04:08 INFO TaskSchedulerImpl: Adding task set 7.0 with 2 tasks resource profile 0
[2023-06-15T10:04:08.053+0000] {spark_submit.py:490} INFO - 23/06/15 10:04:08 INFO TaskSetManager: Starting task 0.0 in stage 7.0 (TID 14) (172.27.0.2, executor 0, partition 0, PROCESS_LOCAL, 7347 bytes)
[2023-06-15T10:04:08.054+0000] {spark_submit.py:490} INFO - 23/06/15 10:04:08 INFO TaskSetManager: Starting task 1.0 in stage 7.0 (TID 15) (172.27.0.2, executor 0, partition 1, PROCESS_LOCAL, 8079 bytes)
[2023-06-15T10:04:08.074+0000] {spark_submit.py:490} INFO - 23/06/15 10:04:08 INFO BlockManagerInfo: Added broadcast_7_piece0 in memory on 172.27.0.2:34155 (size: 9.7 KiB, free: 434.4 MiB)
[2023-06-15T10:04:08.137+0000] {spark_submit.py:490} INFO - 23/06/15 10:04:08 INFO TaskSetManager: Finished task 0.0 in stage 7.0 (TID 14) in 83 ms on 172.27.0.2 (executor 0) (1/2)
[2023-06-15T10:04:08.143+0000] {spark_submit.py:490} INFO - 23/06/15 10:04:08 INFO TaskSetManager: Finished task 1.0 in stage 7.0 (TID 15) in 89 ms on 172.27.0.2 (executor 0) (2/2)
[2023-06-15T10:04:08.144+0000] {spark_submit.py:490} INFO - 23/06/15 10:04:08 INFO TaskSchedulerImpl: Removed TaskSet 7.0, whose tasks have all completed, from pool
[2023-06-15T10:04:08.144+0000] {spark_submit.py:490} INFO - 23/06/15 10:04:08 INFO DAGScheduler: ResultStage 7 (json at NativeMethodAccessorImpl.java:0) finished in 0.100 s
[2023-06-15T10:04:08.145+0000] {spark_submit.py:490} INFO - 23/06/15 10:04:08 INFO DAGScheduler: Job 7 is finished. Cancelling potential speculative or zombie tasks for this job
[2023-06-15T10:04:08.146+0000] {spark_submit.py:490} INFO - 23/06/15 10:04:08 INFO TaskSchedulerImpl: Killing all running tasks in stage 7: Stage finished
[2023-06-15T10:04:08.147+0000] {spark_submit.py:490} INFO - 23/06/15 10:04:08 INFO DAGScheduler: Job 7 finished: json at NativeMethodAccessorImpl.java:0, took 0.106848 s
[2023-06-15T10:04:08.883+0000] {spark_submit.py:490} INFO - 23/06/15 10:04:08 INFO BlockManagerInfo: Removed broadcast_7_piece0 on 69b643fc97df:38571 in memory (size: 9.7 KiB, free: 434.4 MiB)
[2023-06-15T10:04:08.885+0000] {spark_submit.py:490} INFO - 23/06/15 10:04:08 INFO BlockManagerInfo: Removed broadcast_7_piece0 on 172.27.0.2:34155 in memory (size: 9.7 KiB, free: 434.4 MiB)
[2023-06-15T10:04:08.889+0000] {spark_submit.py:490} INFO - 23/06/15 10:04:08 INFO BlockManagerInfo: Removed broadcast_6_piece0 on 69b643fc97df:38571 in memory (size: 9.7 KiB, free: 434.4 MiB)
[2023-06-15T10:04:08.892+0000] {spark_submit.py:490} INFO - 23/06/15 10:04:08 INFO BlockManagerInfo: Removed broadcast_6_piece0 on 172.27.0.2:34155 in memory (size: 9.7 KiB, free: 434.4 MiB)
[2023-06-15T10:04:08.897+0000] {spark_submit.py:490} INFO - 23/06/15 10:04:08 INFO BlockManagerInfo: Removed broadcast_5_piece0 on 69b643fc97df:38571 in memory (size: 9.7 KiB, free: 434.4 MiB)
[2023-06-15T10:04:08.899+0000] {spark_submit.py:490} INFO - 23/06/15 10:04:08 INFO BlockManagerInfo: Removed broadcast_5_piece0 on 172.27.0.2:34155 in memory (size: 9.7 KiB, free: 434.4 MiB)
[2023-06-15T10:04:12.804+0000] {spark_submit.py:490} INFO - 23/06/15 10:04:12 INFO ParquetUtils: Using default output committer for Parquet: org.apache.parquet.hadoop.ParquetOutputCommitter
[2023-06-15T10:04:12.830+0000] {spark_submit.py:490} INFO - 23/06/15 10:04:12 INFO FileOutputCommitter: File Output Committer Algorithm version is 1
[2023-06-15T10:04:12.831+0000] {spark_submit.py:490} INFO - 23/06/15 10:04:12 INFO FileOutputCommitter: FileOutputCommitter skip cleanup _temporary folders under output directory:false, ignore cleanup failures: false
[2023-06-15T10:04:12.832+0000] {spark_submit.py:490} INFO - 23/06/15 10:04:12 INFO SQLHadoopMapReduceCommitProtocol: Using user defined output committer class org.apache.parquet.hadoop.ParquetOutputCommitter
[2023-06-15T10:04:12.833+0000] {spark_submit.py:490} INFO - 23/06/15 10:04:12 INFO FileOutputCommitter: File Output Committer Algorithm version is 1
[2023-06-15T10:04:12.833+0000] {spark_submit.py:490} INFO - 23/06/15 10:04:12 INFO FileOutputCommitter: FileOutputCommitter skip cleanup _temporary folders under output directory:false, ignore cleanup failures: false
[2023-06-15T10:04:12.834+0000] {spark_submit.py:490} INFO - 23/06/15 10:04:12 INFO SQLHadoopMapReduceCommitProtocol: Using output committer class org.apache.parquet.hadoop.ParquetOutputCommitter
[2023-06-15T10:04:14.691+0000] {spark_submit.py:490} INFO - 23/06/15 10:04:14 INFO CodeGenerator: Code generated in 39.796999 ms
[2023-06-15T10:04:14.725+0000] {spark_submit.py:490} INFO - 23/06/15 10:04:14 INFO CodeGenerator: Code generated in 22.235899 ms
[2023-06-15T10:04:14.752+0000] {spark_submit.py:490} INFO - 23/06/15 10:04:14 INFO CodeGenerator: Code generated in 18.204062 ms
[2023-06-15T10:04:14.776+0000] {spark_submit.py:490} INFO - 23/06/15 10:04:14 INFO CodeGenerator: Code generated in 16.47363 ms
[2023-06-15T10:04:14.802+0000] {spark_submit.py:490} INFO - 23/06/15 10:04:14 INFO CodeGenerator: Code generated in 18.291898 ms
[2023-06-15T10:04:14.826+0000] {spark_submit.py:490} INFO - 23/06/15 10:04:14 INFO CodeGenerator: Code generated in 16.987612 ms
[2023-06-15T10:04:14.850+0000] {spark_submit.py:490} INFO - 23/06/15 10:04:14 INFO CodeGenerator: Code generated in 15.837312 ms
[2023-06-15T10:04:14.872+0000] {spark_submit.py:490} INFO - 23/06/15 10:04:14 INFO CodeGenerator: Code generated in 13.905055 ms
[2023-06-15T10:04:14.896+0000] {spark_submit.py:490} INFO - 23/06/15 10:04:14 INFO CodeGenerator: Code generated in 16.587191 ms
[2023-06-15T10:04:14.942+0000] {spark_submit.py:490} INFO - 23/06/15 10:04:14 INFO SparkContext: Starting job: parquet at NativeMethodAccessorImpl.java:0
[2023-06-15T10:04:14.949+0000] {spark_submit.py:490} INFO - 23/06/15 10:04:14 INFO DAGScheduler: Got job 8 (parquet at NativeMethodAccessorImpl.java:0) with 1 output partitions
[2023-06-15T10:04:14.950+0000] {spark_submit.py:490} INFO - 23/06/15 10:04:14 INFO DAGScheduler: Final stage: ResultStage 8 (parquet at NativeMethodAccessorImpl.java:0)
[2023-06-15T10:04:14.950+0000] {spark_submit.py:490} INFO - 23/06/15 10:04:14 INFO DAGScheduler: Parents of final stage: List()
[2023-06-15T10:04:14.951+0000] {spark_submit.py:490} INFO - 23/06/15 10:04:14 INFO DAGScheduler: Missing parents: List()
[2023-06-15T10:04:14.953+0000] {spark_submit.py:490} INFO - 23/06/15 10:04:14 INFO DAGScheduler: Submitting ResultStage 8 (MapPartitionsRDD[104] at parquet at NativeMethodAccessorImpl.java:0), which has no missing parents
[2023-06-15T10:04:15.032+0000] {spark_submit.py:490} INFO - 23/06/15 10:04:15 INFO MemoryStore: Block broadcast_8 stored as values in memory (estimated size 276.6 KiB, free 434.1 MiB)
[2023-06-15T10:04:15.035+0000] {spark_submit.py:490} INFO - 23/06/15 10:04:15 INFO MemoryStore: Block broadcast_8_piece0 stored as bytes in memory (estimated size 93.1 KiB, free 434.0 MiB)
[2023-06-15T10:04:15.036+0000] {spark_submit.py:490} INFO - 23/06/15 10:04:15 INFO BlockManagerInfo: Added broadcast_8_piece0 in memory on 69b643fc97df:38571 (size: 93.1 KiB, free: 434.3 MiB)
[2023-06-15T10:04:15.036+0000] {spark_submit.py:490} INFO - 23/06/15 10:04:15 INFO SparkContext: Created broadcast 8 from broadcast at DAGScheduler.scala:1535
[2023-06-15T10:04:15.037+0000] {spark_submit.py:490} INFO - 23/06/15 10:04:15 INFO DAGScheduler: Submitting 1 missing tasks from ResultStage 8 (MapPartitionsRDD[104] at parquet at NativeMethodAccessorImpl.java:0) (first 15 tasks are for partitions Vector(0))
[2023-06-15T10:04:15.037+0000] {spark_submit.py:490} INFO - 23/06/15 10:04:15 INFO TaskSchedulerImpl: Adding task set 8.0 with 1 tasks resource profile 0
[2023-06-15T10:04:15.042+0000] {spark_submit.py:490} INFO - 23/06/15 10:04:15 INFO TaskSetManager: Starting task 0.0 in stage 8.0 (TID 16) (172.27.0.2, executor 0, partition 0, PROCESS_LOCAL, 14538 bytes)
[2023-06-15T10:04:15.063+0000] {spark_submit.py:490} INFO - 23/06/15 10:04:15 INFO BlockManagerInfo: Added broadcast_8_piece0 in memory on 172.27.0.2:34155 (size: 93.1 KiB, free: 434.3 MiB)
[2023-06-15T10:04:27.946+0000] {spark_submit.py:490} INFO - 23/06/15 10:04:27 INFO TaskSetManager: Finished task 0.0 in stage 8.0 (TID 16) in 12907 ms on 172.27.0.2 (executor 0) (1/1)
[2023-06-15T10:04:27.946+0000] {spark_submit.py:490} INFO - 23/06/15 10:04:27 INFO TaskSchedulerImpl: Removed TaskSet 8.0, whose tasks have all completed, from pool
[2023-06-15T10:04:27.948+0000] {spark_submit.py:490} INFO - 23/06/15 10:04:27 INFO DAGScheduler: ResultStage 8 (parquet at NativeMethodAccessorImpl.java:0) finished in 12.989 s
[2023-06-15T10:04:27.949+0000] {spark_submit.py:490} INFO - 23/06/15 10:04:27 INFO DAGScheduler: Job 8 is finished. Cancelling potential speculative or zombie tasks for this job
[2023-06-15T10:04:27.949+0000] {spark_submit.py:490} INFO - 23/06/15 10:04:27 INFO TaskSchedulerImpl: Killing all running tasks in stage 8: Stage finished
[2023-06-15T10:04:27.949+0000] {spark_submit.py:490} INFO - 23/06/15 10:04:27 INFO DAGScheduler: Job 8 finished: parquet at NativeMethodAccessorImpl.java:0, took 13.005801 s
[2023-06-15T10:04:27.954+0000] {spark_submit.py:490} INFO - 23/06/15 10:04:27 INFO FileFormatWriter: Start to commit write Job 387900d6-3492-4a0f-a221-9845804e1666.
[2023-06-15T10:04:33.309+0000] {spark_submit.py:490} INFO - 23/06/15 10:04:33 INFO BlockManagerInfo: Removed broadcast_8_piece0 on 69b643fc97df:38571 in memory (size: 93.1 KiB, free: 434.4 MiB)
[2023-06-15T10:04:33.315+0000] {spark_submit.py:490} INFO - 23/06/15 10:04:33 INFO BlockManagerInfo: Removed broadcast_8_piece0 on 172.27.0.2:34155 in memory (size: 93.1 KiB, free: 434.4 MiB)
[2023-06-15T10:04:36.423+0000] {spark_submit.py:490} INFO - 23/06/15 10:04:36 INFO GoogleCloudStorageFileSystem: Successfully repaired 'gs://dtc-de-382609_bucket/stock_data/2021/02/_temporary/0/task_202306151004148707458648605009795_0008_m_000000/' directory.
[2023-06-15T10:04:39.192+0000] {spark_submit.py:490} INFO - 23/06/15 10:04:39 INFO GoogleCloudStorageFileSystem: Successfully repaired 'gs://dtc-de-382609_bucket/stock_data/2021/02/' directory.
[2023-06-15T10:04:42.212+0000] {spark_submit.py:490} INFO - 23/06/15 10:04:42 INFO FileFormatWriter: Write Job 387900d6-3492-4a0f-a221-9845804e1666 committed. Elapsed time: 14254 ms.
[2023-06-15T10:04:42.234+0000] {spark_submit.py:490} INFO - 23/06/15 10:04:42 INFO FileFormatWriter: Finished processing stats for write job 387900d6-3492-4a0f-a221-9845804e1666.
[2023-06-15T10:04:45.027+0000] {spark_submit.py:490} INFO - 23/06/15 10:04:45 INFO InMemoryFileIndex: It took 1350 ms to list leaf files for 2 paths.
[2023-06-15T10:04:45.153+0000] {spark_submit.py:490} INFO - 23/06/15 10:04:45 INFO SparkContext: Starting job: load at NativeMethodAccessorImpl.java:0
[2023-06-15T10:04:45.154+0000] {spark_submit.py:490} INFO - 23/06/15 10:04:45 INFO DAGScheduler: Got job 9 (load at NativeMethodAccessorImpl.java:0) with 1 output partitions
[2023-06-15T10:04:45.154+0000] {spark_submit.py:490} INFO - 23/06/15 10:04:45 INFO DAGScheduler: Final stage: ResultStage 9 (load at NativeMethodAccessorImpl.java:0)
[2023-06-15T10:04:45.154+0000] {spark_submit.py:490} INFO - 23/06/15 10:04:45 INFO DAGScheduler: Parents of final stage: List()
[2023-06-15T10:04:45.154+0000] {spark_submit.py:490} INFO - 23/06/15 10:04:45 INFO DAGScheduler: Missing parents: List()
[2023-06-15T10:04:45.155+0000] {spark_submit.py:490} INFO - 23/06/15 10:04:45 INFO DAGScheduler: Submitting ResultStage 9 (MapPartitionsRDD[106] at load at NativeMethodAccessorImpl.java:0), which has no missing parents
[2023-06-15T10:04:45.163+0000] {spark_submit.py:490} INFO - 23/06/15 10:04:45 INFO MemoryStore: Block broadcast_9 stored as values in memory (estimated size 103.5 KiB, free 434.3 MiB)
[2023-06-15T10:04:45.171+0000] {spark_submit.py:490} INFO - 23/06/15 10:04:45 INFO MemoryStore: Block broadcast_9_piece0 stored as bytes in memory (estimated size 37.4 KiB, free 434.3 MiB)
[2023-06-15T10:04:45.172+0000] {spark_submit.py:490} INFO - 23/06/15 10:04:45 INFO BlockManagerInfo: Added broadcast_9_piece0 in memory on 69b643fc97df:38571 (size: 37.4 KiB, free: 434.4 MiB)
[2023-06-15T10:04:45.173+0000] {spark_submit.py:490} INFO - 23/06/15 10:04:45 INFO SparkContext: Created broadcast 9 from broadcast at DAGScheduler.scala:1535
[2023-06-15T10:04:45.173+0000] {spark_submit.py:490} INFO - 23/06/15 10:04:45 INFO DAGScheduler: Submitting 1 missing tasks from ResultStage 9 (MapPartitionsRDD[106] at load at NativeMethodAccessorImpl.java:0) (first 15 tasks are for partitions Vector(0))
[2023-06-15T10:04:45.173+0000] {spark_submit.py:490} INFO - 23/06/15 10:04:45 INFO TaskSchedulerImpl: Adding task set 9.0 with 1 tasks resource profile 0
[2023-06-15T10:04:45.175+0000] {spark_submit.py:490} INFO - 23/06/15 10:04:45 INFO TaskSetManager: Starting task 0.0 in stage 9.0 (TID 17) (172.27.0.2, executor 0, partition 0, PROCESS_LOCAL, 7574 bytes)
[2023-06-15T10:04:45.216+0000] {spark_submit.py:490} INFO - 23/06/15 10:04:45 INFO BlockManagerInfo: Added broadcast_9_piece0 in memory on 172.27.0.2:34155 (size: 37.4 KiB, free: 434.4 MiB)
[2023-06-15T10:04:46.681+0000] {spark_submit.py:490} INFO - 23/06/15 10:04:46 INFO TaskSetManager: Finished task 0.0 in stage 9.0 (TID 17) in 1506 ms on 172.27.0.2 (executor 0) (1/1)
[2023-06-15T10:04:46.681+0000] {spark_submit.py:490} INFO - 23/06/15 10:04:46 INFO TaskSchedulerImpl: Removed TaskSet 9.0, whose tasks have all completed, from pool
[2023-06-15T10:04:46.683+0000] {spark_submit.py:490} INFO - 23/06/15 10:04:46 INFO DAGScheduler: ResultStage 9 (load at NativeMethodAccessorImpl.java:0) finished in 1.527 s
[2023-06-15T10:04:46.684+0000] {spark_submit.py:490} INFO - 23/06/15 10:04:46 INFO DAGScheduler: Job 9 is finished. Cancelling potential speculative or zombie tasks for this job
[2023-06-15T10:04:46.684+0000] {spark_submit.py:490} INFO - 23/06/15 10:04:46 INFO TaskSchedulerImpl: Killing all running tasks in stage 9: Stage finished
[2023-06-15T10:04:46.684+0000] {spark_submit.py:490} INFO - 23/06/15 10:04:46 INFO DAGScheduler: Job 9 finished: load at NativeMethodAccessorImpl.java:0, took 1.529835 s
[2023-06-15T10:04:46.757+0000] {spark_submit.py:490} INFO - 23/06/15 10:04:46 INFO FileSourceStrategy: Pushed Filters:
[2023-06-15T10:04:46.759+0000] {spark_submit.py:490} INFO - 23/06/15 10:04:46 INFO FileSourceStrategy: Post-Scan Filters:
[2023-06-15T10:04:46.849+0000] {spark_submit.py:490} INFO - 23/06/15 10:04:46 INFO CodeGenerator: Code generated in 37.545116 ms
[2023-06-15T10:04:46.878+0000] {spark_submit.py:490} INFO - 23/06/15 10:04:46 INFO MemoryStore: Block broadcast_10 stored as values in memory (estimated size 202.4 KiB, free 434.1 MiB)
[2023-06-15T10:04:46.891+0000] {spark_submit.py:490} INFO - 23/06/15 10:04:46 INFO MemoryStore: Block broadcast_10_piece0 stored as bytes in memory (estimated size 35.1 KiB, free 434.0 MiB)
[2023-06-15T10:04:46.893+0000] {spark_submit.py:490} INFO - 23/06/15 10:04:46 INFO BlockManagerInfo: Added broadcast_10_piece0 in memory on 69b643fc97df:38571 (size: 35.1 KiB, free: 434.3 MiB)
[2023-06-15T10:04:46.894+0000] {spark_submit.py:490} INFO - 23/06/15 10:04:46 INFO SparkContext: Created broadcast 10 from showString at NativeMethodAccessorImpl.java:0
[2023-06-15T10:04:46.910+0000] {spark_submit.py:490} INFO - 23/06/15 10:04:46 INFO FileSourceScanExec: Planning scan with bin packing, max size: 4198915 bytes, open cost is considered as scanning 4194304 bytes.
[2023-06-15T10:04:46.949+0000] {spark_submit.py:490} INFO - 23/06/15 10:04:46 INFO SparkContext: Starting job: showString at NativeMethodAccessorImpl.java:0
[2023-06-15T10:04:46.949+0000] {spark_submit.py:490} INFO - 23/06/15 10:04:46 INFO DAGScheduler: Got job 10 (showString at NativeMethodAccessorImpl.java:0) with 1 output partitions
[2023-06-15T10:04:46.950+0000] {spark_submit.py:490} INFO - 23/06/15 10:04:46 INFO DAGScheduler: Final stage: ResultStage 10 (showString at NativeMethodAccessorImpl.java:0)
[2023-06-15T10:04:46.950+0000] {spark_submit.py:490} INFO - 23/06/15 10:04:46 INFO DAGScheduler: Parents of final stage: List()
[2023-06-15T10:04:46.950+0000] {spark_submit.py:490} INFO - 23/06/15 10:04:46 INFO DAGScheduler: Missing parents: List()
[2023-06-15T10:04:46.950+0000] {spark_submit.py:490} INFO - 23/06/15 10:04:46 INFO DAGScheduler: Submitting ResultStage 10 (MapPartitionsRDD[110] at showString at NativeMethodAccessorImpl.java:0), which has no missing parents
[2023-06-15T10:04:46.967+0000] {spark_submit.py:490} INFO - 23/06/15 10:04:46 INFO MemoryStore: Block broadcast_11 stored as values in memory (estimated size 16.1 KiB, free 434.0 MiB)
[2023-06-15T10:04:46.969+0000] {spark_submit.py:490} INFO - 23/06/15 10:04:46 INFO MemoryStore: Block broadcast_11_piece0 stored as bytes in memory (estimated size 6.3 KiB, free 434.0 MiB)
[2023-06-15T10:04:46.970+0000] {spark_submit.py:490} INFO - 23/06/15 10:04:46 INFO BlockManagerInfo: Added broadcast_11_piece0 in memory on 69b643fc97df:38571 (size: 6.3 KiB, free: 434.3 MiB)
[2023-06-15T10:04:46.970+0000] {spark_submit.py:490} INFO - 23/06/15 10:04:46 INFO SparkContext: Created broadcast 11 from broadcast at DAGScheduler.scala:1535
[2023-06-15T10:04:46.972+0000] {spark_submit.py:490} INFO - 23/06/15 10:04:46 INFO DAGScheduler: Submitting 1 missing tasks from ResultStage 10 (MapPartitionsRDD[110] at showString at NativeMethodAccessorImpl.java:0) (first 15 tasks are for partitions Vector(0))
[2023-06-15T10:04:46.972+0000] {spark_submit.py:490} INFO - 23/06/15 10:04:46 INFO TaskSchedulerImpl: Adding task set 10.0 with 1 tasks resource profile 0
[2023-06-15T10:04:46.977+0000] {spark_submit.py:490} INFO - 23/06/15 10:04:46 INFO TaskSetManager: Starting task 0.0 in stage 10.0 (TID 18) (172.27.0.2, executor 0, partition 0, PROCESS_LOCAL, 7996 bytes)
[2023-06-15T10:04:47.015+0000] {spark_submit.py:490} INFO - 23/06/15 10:04:47 INFO BlockManagerInfo: Added broadcast_11_piece0 in memory on 172.27.0.2:34155 (size: 6.3 KiB, free: 434.4 MiB)
[2023-06-15T10:04:47.184+0000] {spark_submit.py:490} INFO - 23/06/15 10:04:47 INFO BlockManagerInfo: Added broadcast_10_piece0 in memory on 172.27.0.2:34155 (size: 35.1 KiB, free: 434.3 MiB)
[2023-06-15T10:04:50.660+0000] {spark_submit.py:490} INFO - 23/06/15 10:04:50 INFO TaskSetManager: Finished task 0.0 in stage 10.0 (TID 18) in 3686 ms on 172.27.0.2 (executor 0) (1/1)
[2023-06-15T10:04:50.660+0000] {spark_submit.py:490} INFO - 23/06/15 10:04:50 INFO TaskSchedulerImpl: Removed TaskSet 10.0, whose tasks have all completed, from pool
[2023-06-15T10:04:50.670+0000] {spark_submit.py:490} INFO - 23/06/15 10:04:50 INFO DAGScheduler: ResultStage 10 (showString at NativeMethodAccessorImpl.java:0) finished in 3.708 s
[2023-06-15T10:04:50.670+0000] {spark_submit.py:490} INFO - 23/06/15 10:04:50 INFO DAGScheduler: Job 10 is finished. Cancelling potential speculative or zombie tasks for this job
[2023-06-15T10:04:50.671+0000] {spark_submit.py:490} INFO - 23/06/15 10:04:50 INFO TaskSchedulerImpl: Killing all running tasks in stage 10: Stage finished
[2023-06-15T10:04:50.671+0000] {spark_submit.py:490} INFO - 23/06/15 10:04:50 INFO DAGScheduler: Job 10 finished: showString at NativeMethodAccessorImpl.java:0, took 3.713204 s
[2023-06-15T10:04:50.728+0000] {spark_submit.py:490} INFO - 23/06/15 10:04:50 INFO CodeGenerator: Code generated in 32.970152 ms
[2023-06-15T10:04:50.746+0000] {spark_submit.py:490} INFO - +-------------------+------+----------+----------+----------+----------+--------+
[2023-06-15T10:04:50.746+0000] {spark_submit.py:490} INFO - |           datetime|symbol|      open|      high|       low|     close|  volume|
[2023-06-15T10:04:50.747+0000] {spark_submit.py:490} INFO - +-------------------+------+----------+----------+----------+----------+--------+
[2023-06-15T10:04:50.747+0000] {spark_submit.py:490} INFO - |2021-01-29 15:30:00|  AAPL| 132.53999| 133.50000| 131.73000| 131.96001|17156763|
[2023-06-15T10:04:50.747+0000] {spark_submit.py:490} INFO - |2021-01-29 14:30:00|  AAPL| 131.94000| 133.22000| 131.03000| 132.53320|17380581|
[2023-06-15T10:04:50.747+0000] {spark_submit.py:490} INFO - |2021-01-29 13:30:00|  AAPL| 132.03999| 132.81000| 131.47000| 131.93990|18117174|
[2023-06-15T10:04:50.747+0000] {spark_submit.py:490} INFO - |2021-01-29 12:30:00|  AAPL| 131.95000| 132.23000| 130.21001| 132.05000|27629092|
[2023-06-15T10:04:50.747+0000] {spark_submit.py:490} INFO - |2021-01-29 11:30:00|  AAPL| 132.17000| 133.31000| 131.20760| 131.96851|24633251|
[2023-06-15T10:04:50.748+0000] {spark_submit.py:490} INFO - |2021-01-29 10:30:00|  AAPL| 135.09891| 135.44000| 131.88000| 132.20000|25929359|
[2023-06-15T10:04:50.748+0000] {spark_submit.py:490} INFO - |2021-01-29 09:30:00|  AAPL| 135.78000| 136.74001| 133.78999| 135.08009|31835713|
[2023-06-15T10:04:50.748+0000] {spark_submit.py:490} INFO - |2021-01-29 15:30:00|  MSFT| 233.85001| 234.48000| 231.50000| 231.84000| 5471073|
[2023-06-15T10:04:50.748+0000] {spark_submit.py:490} INFO - |2021-01-29 14:30:00|  MSFT| 233.62000| 234.75000| 232.45081| 233.86000| 4423420|
[2023-06-15T10:04:50.748+0000] {spark_submit.py:490} INFO - |2021-01-29 13:30:00|  MSFT| 233.24001| 234.02000| 232.62000| 233.62000| 3542167|
[2023-06-15T10:04:50.748+0000] {spark_submit.py:490} INFO - |2021-01-29 12:30:00|  MSFT| 233.50999| 233.75000| 231.36000| 233.31000| 5090571|
[2023-06-15T10:04:50.749+0000] {spark_submit.py:490} INFO - |2021-01-29 11:30:00|  MSFT| 233.92000| 235.20000| 233.47000| 233.52000| 3931652|
[2023-06-15T10:04:50.749+0000] {spark_submit.py:490} INFO - |2021-01-29 10:30:00|  MSFT| 237.78999| 238.01500| 233.81000| 233.91010| 4548452|
[2023-06-15T10:04:50.749+0000] {spark_submit.py:490} INFO - |2021-01-29 09:30:00|  MSFT| 235.79700| 237.92000| 234.07001| 237.80000| 8536703|
[2023-06-15T10:04:50.749+0000] {spark_submit.py:490} INFO - |2021-01-29 15:30:00|  GOOG|1850.27002|1852.88000|1831.57996|1832.75000|  243621|
[2023-06-15T10:04:50.749+0000] {spark_submit.py:490} INFO - |2021-01-29 14:30:00|  GOOG|1841.62000|1851.90002|1830.76001|1850.85999|  164942|
[2023-06-15T10:04:50.749+0000] {spark_submit.py:490} INFO - |2021-01-29 13:30:00|  GOOG|1824.98999|1844.39001|1821.15015|1841.23999|  140231|
[2023-06-15T10:04:50.749+0000] {spark_submit.py:490} INFO - |2021-01-29 12:30:00|  GOOG|1822.94006|1827.31995|1810.19995|1826.95996|  160996|
[2023-06-15T10:04:50.750+0000] {spark_submit.py:490} INFO - |2021-01-29 11:30:00|  GOOG|1837.18994|1838.05591|1820.28003|1823.85986|  155073|
[2023-06-15T10:04:50.750+0000] {spark_submit.py:490} INFO - |2021-01-29 10:30:00|  GOOG|1851.53003|1857.00000|1833.01001|1835.65015|  163882|
[2023-06-15T10:04:50.750+0000] {spark_submit.py:490} INFO - +-------------------+------+----------+----------+----------+----------+--------+
[2023-06-15T10:04:50.750+0000] {spark_submit.py:490} INFO - only showing top 20 rows
[2023-06-15T10:04:50.750+0000] {spark_submit.py:490} INFO - 
[2023-06-15T10:04:50.870+0000] {spark_submit.py:490} INFO - 23/06/15 10:04:50 INFO SparkContext: Invoking stop() from shutdown hook
[2023-06-15T10:04:50.870+0000] {spark_submit.py:490} INFO - 23/06/15 10:04:50 INFO SparkContext: SparkContext is stopping with exitCode 0.
[2023-06-15T10:04:50.882+0000] {spark_submit.py:490} INFO - 23/06/15 10:04:50 INFO SparkUI: Stopped Spark web UI at http://69b643fc97df:4040
[2023-06-15T10:04:50.889+0000] {spark_submit.py:490} INFO - 23/06/15 10:04:50 INFO StandaloneSchedulerBackend: Shutting down all executors
[2023-06-15T10:04:50.890+0000] {spark_submit.py:490} INFO - 23/06/15 10:04:50 INFO StandaloneSchedulerBackend$StandaloneDriverEndpoint: Asking each executor to shut down
[2023-06-15T10:04:50.930+0000] {spark_submit.py:490} INFO - 23/06/15 10:04:50 INFO MapOutputTrackerMasterEndpoint: MapOutputTrackerMasterEndpoint stopped!
[2023-06-15T10:04:50.961+0000] {spark_submit.py:490} INFO - 23/06/15 10:04:50 INFO MemoryStore: MemoryStore cleared
[2023-06-15T10:04:50.962+0000] {spark_submit.py:490} INFO - 23/06/15 10:04:50 INFO BlockManager: BlockManager stopped
[2023-06-15T10:04:50.966+0000] {spark_submit.py:490} INFO - 23/06/15 10:04:50 INFO BlockManagerMaster: BlockManagerMaster stopped
[2023-06-15T10:04:50.970+0000] {spark_submit.py:490} INFO - 23/06/15 10:04:50 INFO OutputCommitCoordinator$OutputCommitCoordinatorEndpoint: OutputCommitCoordinator stopped!
[2023-06-15T10:04:50.980+0000] {spark_submit.py:490} INFO - 23/06/15 10:04:50 INFO SparkContext: Successfully stopped SparkContext
[2023-06-15T10:04:50.981+0000] {spark_submit.py:490} INFO - 23/06/15 10:04:50 INFO ShutdownHookManager: Shutdown hook called
[2023-06-15T10:04:50.982+0000] {spark_submit.py:490} INFO - 23/06/15 10:04:50 INFO ShutdownHookManager: Deleting directory /tmp/spark-76e49ba9-ea21-4b4b-87d5-1dd41b1803a7/pyspark-f42eaad5-001f-4229-b27e-45c2f23c5c41
[2023-06-15T10:04:50.986+0000] {spark_submit.py:490} INFO - 23/06/15 10:04:50 INFO ShutdownHookManager: Deleting directory /tmp/spark-76e49ba9-ea21-4b4b-87d5-1dd41b1803a7
[2023-06-15T10:04:50.990+0000] {spark_submit.py:490} INFO - 23/06/15 10:04:50 INFO ShutdownHookManager: Deleting directory /tmp/spark-9451b18b-0898-4e16-91f1-c5886ab0f1b6
[2023-06-15T10:04:51.072+0000] {taskinstance.py:1345} INFO - Marking task as SUCCESS. dag_id=upload_to_gcs, task_id=spark_load_stock_data, execution_date=20210209T000000, start_date=20230615T100342, end_date=20230615T100451
[2023-06-15T10:04:51.112+0000] {local_task_job_runner.py:225} INFO - Task exited with return code 0
[2023-06-15T10:04:51.128+0000] {taskinstance.py:2651} INFO - 0 downstream tasks scheduled from follow-on schedule check
