[2023-06-15T09:33:46.621+0000] {taskinstance.py:1103} INFO - Dependencies all met for dep_context=non-requeueable deps ti=<TaskInstance: upload_to_gcs.spark_load_stock_data backfill__2021-01-13T00:00:00+00:00 [queued]>
[2023-06-15T09:33:46.628+0000] {taskinstance.py:1103} INFO - Dependencies all met for dep_context=requeueable deps ti=<TaskInstance: upload_to_gcs.spark_load_stock_data backfill__2021-01-13T00:00:00+00:00 [queued]>
[2023-06-15T09:33:46.629+0000] {taskinstance.py:1308} INFO - Starting attempt 1 of 2
[2023-06-15T09:33:46.643+0000] {taskinstance.py:1327} INFO - Executing <Task(SparkSubmitOperator): spark_load_stock_data> on 2021-01-13 00:00:00+00:00
[2023-06-15T09:33:46.647+0000] {standard_task_runner.py:57} INFO - Started process 3198 to run task
[2023-06-15T09:33:46.650+0000] {standard_task_runner.py:84} INFO - Running: ['***', 'tasks', 'run', 'upload_to_gcs', 'spark_load_stock_data', 'backfill__2021-01-13T00:00:00+00:00', '--job-id', '381', '--pool', 'default_pool', '--raw', '--subdir', 'DAGS_FOLDER/upload_to_gcs.py', '--cfg-path', '/tmp/tmpzgasc8cp']
[2023-06-15T09:33:46.650+0000] {standard_task_runner.py:85} INFO - Job 381: Subtask spark_load_stock_data
[2023-06-15T09:33:46.685+0000] {task_command.py:410} INFO - Running <TaskInstance: upload_to_gcs.spark_load_stock_data backfill__2021-01-13T00:00:00+00:00 [running]> on host 69b643fc97df
[2023-06-15T09:33:46.750+0000] {taskinstance.py:1545} INFO - Exporting env vars: AIRFLOW_CTX_DAG_OWNER='***' AIRFLOW_CTX_DAG_ID='upload_to_gcs' AIRFLOW_CTX_TASK_ID='spark_load_stock_data' AIRFLOW_CTX_EXECUTION_DATE='2021-01-13T00:00:00+00:00' AIRFLOW_CTX_TRY_NUMBER='1' AIRFLOW_CTX_DAG_RUN_ID='backfill__2021-01-13T00:00:00+00:00'
[2023-06-15T09:33:46.756+0000] {base.py:73} INFO - Using connection ID 'spark_default' for task execution.
[2023-06-15T09:33:46.757+0000] {spark_submit.py:339} INFO - Spark-Submit cmd: spark-submit --master spark://spark:7077 --name arrow-spark --verbose /opt/spark/app/load_data.py 2021-01-13 2efb4e0c80a041b794abaf4369e76869 dtc-de-382609_bucket
[2023-06-15T09:33:46.789+0000] {spark_submit.py:490} INFO - /opt/***/spark/spark-3.4.0-bin-hadoop3/bin/load-spark-env.sh: line 68: ps: command not found
[2023-06-15T09:33:48.086+0000] {spark_submit.py:490} INFO - Using properties file: null
[2023-06-15T09:33:48.200+0000] {spark_submit.py:490} INFO - Parsed arguments:
[2023-06-15T09:33:48.201+0000] {spark_submit.py:490} INFO - master                  spark://spark:7077
[2023-06-15T09:33:48.201+0000] {spark_submit.py:490} INFO - remote                  null
[2023-06-15T09:33:48.201+0000] {spark_submit.py:490} INFO - deployMode              null
[2023-06-15T09:33:48.201+0000] {spark_submit.py:490} INFO - executorMemory          null
[2023-06-15T09:33:48.201+0000] {spark_submit.py:490} INFO - executorCores           null
[2023-06-15T09:33:48.201+0000] {spark_submit.py:490} INFO - totalExecutorCores      null
[2023-06-15T09:33:48.201+0000] {spark_submit.py:490} INFO - propertiesFile          null
[2023-06-15T09:33:48.201+0000] {spark_submit.py:490} INFO - driverMemory            null
[2023-06-15T09:33:48.201+0000] {spark_submit.py:490} INFO - driverCores             null
[2023-06-15T09:33:48.201+0000] {spark_submit.py:490} INFO - driverExtraClassPath    null
[2023-06-15T09:33:48.201+0000] {spark_submit.py:490} INFO - driverExtraLibraryPath  null
[2023-06-15T09:33:48.201+0000] {spark_submit.py:490} INFO - driverExtraJavaOptions  null
[2023-06-15T09:33:48.201+0000] {spark_submit.py:490} INFO - supervise               false
[2023-06-15T09:33:48.202+0000] {spark_submit.py:490} INFO - queue                   null
[2023-06-15T09:33:48.202+0000] {spark_submit.py:490} INFO - numExecutors            null
[2023-06-15T09:33:48.202+0000] {spark_submit.py:490} INFO - files                   null
[2023-06-15T09:33:48.202+0000] {spark_submit.py:490} INFO - pyFiles                 null
[2023-06-15T09:33:48.202+0000] {spark_submit.py:490} INFO - archives                null
[2023-06-15T09:33:48.202+0000] {spark_submit.py:490} INFO - mainClass               null
[2023-06-15T09:33:48.202+0000] {spark_submit.py:490} INFO - primaryResource         file:/opt/spark/app/load_data.py
[2023-06-15T09:33:48.202+0000] {spark_submit.py:490} INFO - name                    arrow-spark
[2023-06-15T09:33:48.202+0000] {spark_submit.py:490} INFO - childArgs               [2021-01-13 2efb4e0c80a041b794abaf4369e76869 dtc-de-382609_bucket]
[2023-06-15T09:33:48.202+0000] {spark_submit.py:490} INFO - jars                    null
[2023-06-15T09:33:48.202+0000] {spark_submit.py:490} INFO - packages                null
[2023-06-15T09:33:48.202+0000] {spark_submit.py:490} INFO - packagesExclusions      null
[2023-06-15T09:33:48.202+0000] {spark_submit.py:490} INFO - repositories            null
[2023-06-15T09:33:48.202+0000] {spark_submit.py:490} INFO - verbose                 true
[2023-06-15T09:33:48.203+0000] {spark_submit.py:490} INFO - 
[2023-06-15T09:33:48.203+0000] {spark_submit.py:490} INFO - Spark properties used, including those specified through
[2023-06-15T09:33:48.203+0000] {spark_submit.py:490} INFO - --conf and those from the properties file null:
[2023-06-15T09:33:48.203+0000] {spark_submit.py:490} INFO - 
[2023-06-15T09:33:48.203+0000] {spark_submit.py:490} INFO - 
[2023-06-15T09:33:48.203+0000] {spark_submit.py:490} INFO - 
[2023-06-15T09:33:48.511+0000] {spark_submit.py:490} INFO - Main class:
[2023-06-15T09:33:48.511+0000] {spark_submit.py:490} INFO - org.apache.spark.deploy.PythonRunner
[2023-06-15T09:33:48.511+0000] {spark_submit.py:490} INFO - Arguments:
[2023-06-15T09:33:48.511+0000] {spark_submit.py:490} INFO - file:/opt/spark/app/load_data.py
[2023-06-15T09:33:48.511+0000] {spark_submit.py:490} INFO - null
[2023-06-15T09:33:48.511+0000] {spark_submit.py:490} INFO - 2021-01-13
[2023-06-15T09:33:48.511+0000] {spark_submit.py:490} INFO - 2efb4e0c80a041b794abaf4369e76869
[2023-06-15T09:33:48.511+0000] {spark_submit.py:490} INFO - dtc-de-382609_bucket
[2023-06-15T09:33:48.514+0000] {spark_submit.py:490} INFO - Spark config:
[2023-06-15T09:33:48.514+0000] {spark_submit.py:490} INFO - (spark.app.name,arrow-spark)
[2023-06-15T09:33:48.515+0000] {spark_submit.py:490} INFO - (spark.app.submitTime,1686821628497)
[2023-06-15T09:33:48.515+0000] {spark_submit.py:490} INFO - (spark.master,spark://spark:7077)
[2023-06-15T09:33:48.515+0000] {spark_submit.py:490} INFO - (spark.submit.deployMode,client)
[2023-06-15T09:33:48.515+0000] {spark_submit.py:490} INFO - (spark.submit.pyFiles,)
[2023-06-15T09:33:48.515+0000] {spark_submit.py:490} INFO - Classpath elements:
[2023-06-15T09:33:48.515+0000] {spark_submit.py:490} INFO - 
[2023-06-15T09:33:48.515+0000] {spark_submit.py:490} INFO - 
[2023-06-15T09:33:48.515+0000] {spark_submit.py:490} INFO - 
[2023-06-15T09:33:49.683+0000] {spark_submit.py:490} INFO - 23/06/15 09:33:49 INFO SparkContext: Running Spark version 3.4.0
[2023-06-15T09:33:49.745+0000] {spark_submit.py:490} INFO - 23/06/15 09:33:49 WARN NativeCodeLoader: Unable to load native-hadoop library for your platform... using builtin-java classes where applicable
[2023-06-15T09:33:49.851+0000] {spark_submit.py:490} INFO - 23/06/15 09:33:49 INFO ResourceUtils: ==============================================================
[2023-06-15T09:33:49.852+0000] {spark_submit.py:490} INFO - 23/06/15 09:33:49 INFO ResourceUtils: No custom resources configured for spark.driver.
[2023-06-15T09:33:49.852+0000] {spark_submit.py:490} INFO - 23/06/15 09:33:49 INFO ResourceUtils: ==============================================================
[2023-06-15T09:33:49.853+0000] {spark_submit.py:490} INFO - 23/06/15 09:33:49 INFO SparkContext: Submitted application: SparkUploadData
[2023-06-15T09:33:49.879+0000] {spark_submit.py:490} INFO - 23/06/15 09:33:49 INFO ResourceProfile: Default ResourceProfile created, executor resources: Map(memory -> name: memory, amount: 1024, script: , vendor: , offHeap -> name: offHeap, amount: 0, script: , vendor: ), task resources: Map(cpus -> name: cpus, amount: 1.0)
[2023-06-15T09:33:49.892+0000] {spark_submit.py:490} INFO - 23/06/15 09:33:49 INFO ResourceProfile: Limiting resource is cpu
[2023-06-15T09:33:49.893+0000] {spark_submit.py:490} INFO - 23/06/15 09:33:49 INFO ResourceProfileManager: Added ResourceProfile id: 0
[2023-06-15T09:33:49.949+0000] {spark_submit.py:490} INFO - 23/06/15 09:33:49 INFO SecurityManager: Changing view acls to: default
[2023-06-15T09:33:49.949+0000] {spark_submit.py:490} INFO - 23/06/15 09:33:49 INFO SecurityManager: Changing modify acls to: default
[2023-06-15T09:33:49.950+0000] {spark_submit.py:490} INFO - 23/06/15 09:33:49 INFO SecurityManager: Changing view acls groups to:
[2023-06-15T09:33:49.950+0000] {spark_submit.py:490} INFO - 23/06/15 09:33:49 INFO SecurityManager: Changing modify acls groups to:
[2023-06-15T09:33:49.951+0000] {spark_submit.py:490} INFO - 23/06/15 09:33:49 INFO SecurityManager: SecurityManager: authentication disabled; ui acls disabled; users with view permissions: default; groups with view permissions: EMPTY; users with modify permissions: default; groups with modify permissions: EMPTY
[2023-06-15T09:33:50.185+0000] {spark_submit.py:490} INFO - 23/06/15 09:33:50 INFO Utils: Successfully started service 'sparkDriver' on port 38893.
[2023-06-15T09:33:50.210+0000] {spark_submit.py:490} INFO - 23/06/15 09:33:50 INFO SparkEnv: Registering MapOutputTracker
[2023-06-15T09:33:50.248+0000] {spark_submit.py:490} INFO - 23/06/15 09:33:50 INFO SparkEnv: Registering BlockManagerMaster
[2023-06-15T09:33:50.274+0000] {spark_submit.py:490} INFO - 23/06/15 09:33:50 INFO BlockManagerMasterEndpoint: Using org.apache.spark.storage.DefaultTopologyMapper for getting topology information
[2023-06-15T09:33:50.275+0000] {spark_submit.py:490} INFO - 23/06/15 09:33:50 INFO BlockManagerMasterEndpoint: BlockManagerMasterEndpoint up
[2023-06-15T09:33:50.279+0000] {spark_submit.py:490} INFO - 23/06/15 09:33:50 INFO SparkEnv: Registering BlockManagerMasterHeartbeat
[2023-06-15T09:33:50.303+0000] {spark_submit.py:490} INFO - 23/06/15 09:33:50 INFO DiskBlockManager: Created local directory at /tmp/blockmgr-15558dde-97de-4e4c-99d3-a68ce814339f
[2023-06-15T09:33:50.326+0000] {spark_submit.py:490} INFO - 23/06/15 09:33:50 INFO MemoryStore: MemoryStore started with capacity 434.4 MiB
[2023-06-15T09:33:50.343+0000] {spark_submit.py:490} INFO - 23/06/15 09:33:50 INFO SparkEnv: Registering OutputCommitCoordinator
[2023-06-15T09:33:50.476+0000] {spark_submit.py:490} INFO - 23/06/15 09:33:50 INFO JettyUtils: Start Jetty 0.0.0.0:4040 for SparkUI
[2023-06-15T09:33:50.534+0000] {spark_submit.py:490} INFO - 23/06/15 09:33:50 INFO Utils: Successfully started service 'SparkUI' on port 4040.
[2023-06-15T09:33:50.655+0000] {spark_submit.py:490} INFO - 23/06/15 09:33:50 INFO StandaloneAppClient$ClientEndpoint: Connecting to master spark://spark:7077...
[2023-06-15T09:33:50.692+0000] {spark_submit.py:490} INFO - 23/06/15 09:33:50 INFO TransportClientFactory: Successfully created connection to spark/172.27.0.3:7077 after 22 ms (0 ms spent in bootstraps)
[2023-06-15T09:33:50.766+0000] {spark_submit.py:490} INFO - 23/06/15 09:33:50 INFO StandaloneSchedulerBackend: Connected to Spark cluster with app ID app-20230615093350-0012
[2023-06-15T09:33:50.767+0000] {spark_submit.py:490} INFO - 23/06/15 09:33:50 INFO StandaloneAppClient$ClientEndpoint: Executor added: app-20230615093350-0012/0 on worker-20230615091312-172.27.0.2-45907 (172.27.0.2:45907) with 2 core(s)
[2023-06-15T09:33:50.770+0000] {spark_submit.py:490} INFO - 23/06/15 09:33:50 INFO StandaloneSchedulerBackend: Granted executor ID app-20230615093350-0012/0 on hostPort 172.27.0.2:45907 with 2 core(s), 1024.0 MiB RAM
[2023-06-15T09:33:50.775+0000] {spark_submit.py:490} INFO - 23/06/15 09:33:50 INFO Utils: Successfully started service 'org.apache.spark.network.netty.NettyBlockTransferService' on port 34847.
[2023-06-15T09:33:50.775+0000] {spark_submit.py:490} INFO - 23/06/15 09:33:50 INFO NettyBlockTransferService: Server created on 69b643fc97df:34847
[2023-06-15T09:33:50.777+0000] {spark_submit.py:490} INFO - 23/06/15 09:33:50 INFO BlockManager: Using org.apache.spark.storage.RandomBlockReplicationPolicy for block replication policy
[2023-06-15T09:33:50.786+0000] {spark_submit.py:490} INFO - 23/06/15 09:33:50 INFO BlockManagerMaster: Registering BlockManager BlockManagerId(driver, 69b643fc97df, 34847, None)
[2023-06-15T09:33:50.791+0000] {spark_submit.py:490} INFO - 23/06/15 09:33:50 INFO BlockManagerMasterEndpoint: Registering block manager 69b643fc97df:34847 with 434.4 MiB RAM, BlockManagerId(driver, 69b643fc97df, 34847, None)
[2023-06-15T09:33:50.794+0000] {spark_submit.py:490} INFO - 23/06/15 09:33:50 INFO BlockManagerMaster: Registered BlockManager BlockManagerId(driver, 69b643fc97df, 34847, None)
[2023-06-15T09:33:50.796+0000] {spark_submit.py:490} INFO - 23/06/15 09:33:50 INFO BlockManager: Initialized BlockManager: BlockManagerId(driver, 69b643fc97df, 34847, None)
[2023-06-15T09:33:50.801+0000] {spark_submit.py:490} INFO - 23/06/15 09:33:50 INFO StandaloneAppClient$ClientEndpoint: Executor updated: app-20230615093350-0012/0 is now RUNNING
[2023-06-15T09:33:51.019+0000] {spark_submit.py:490} INFO - 23/06/15 09:33:51 INFO StandaloneSchedulerBackend: SchedulerBackend is ready for scheduling beginning after reached minRegisteredResourcesRatio: 0.0
[2023-06-15T09:33:52.638+0000] {spark_submit.py:490} INFO - 23/06/15 09:33:52 INFO SharedState: Setting hive.metastore.warehouse.dir ('null') to the value of spark.sql.warehouse.dir.
[2023-06-15T09:33:52.652+0000] {spark_submit.py:490} INFO - 23/06/15 09:33:52 INFO SharedState: Warehouse path is 'file:/opt/***/spark-warehouse'.
[2023-06-15T09:33:53.497+0000] {spark_submit.py:490} INFO - 23/06/15 09:33:53 INFO StandaloneSchedulerBackend$StandaloneDriverEndpoint: Registered executor NettyRpcEndpointRef(spark-client://Executor) (172.27.0.2:58024) with ID 0,  ResourceProfileId 0
[2023-06-15T09:33:53.568+0000] {spark_submit.py:490} INFO - 23/06/15 09:33:53 INFO BlockManagerMasterEndpoint: Registering block manager 172.27.0.2:42597 with 434.4 MiB RAM, BlockManagerId(0, 172.27.0.2, 42597, None)
[2023-06-15T09:33:56.541+0000] {spark_submit.py:490} INFO - {'meta': {'symbol': 'AAPL', 'interval': '1h', 'currency': 'USD', 'exchange_timezone': 'America/New_York', 'exchange': 'NASDAQ', 'mic_code': 'XNGS', 'type': 'Common Stock'}, 'values': [{'datetime': '2021-01-13 15:30:00', 'open': '130.67000', 'high': '131.13000', 'low': '130.60001', 'close': '130.88000', 'volume': '6947603'}, {'datetime': '2021-01-13 14:30:00', 'open': '130.92000', 'high': '131.14000', 'low': '130.63000', 'close': '130.67500', 'volume': '6262563'}, {'datetime': '2021-01-13 13:30:00', 'open': '130.88499', 'high': '131.16000', 'low': '130.73061', 'close': '130.92050', 'volume': '6062799'}, {'datetime': '2021-01-13 12:30:00', 'open': '130.72501', 'high': '131.28999', 'low': '130.42000', 'close': '130.88130', 'volume': '8534756'}, {'datetime': '2021-01-13 11:30:00', 'open': '131.24001', 'high': '131.45000', 'low': '130.50000', 'close': '130.72650', 'volume': '11875310'}, {'datetime': '2021-01-13 10:30:00', 'open': '130.05000', 'high': '131.44000', 'low': '130.05000', 'close': '131.25000', 'volume': '15780144'}, {'datetime': '2021-01-13 09:30:00', 'open': '128.68950', 'high': '130.20010', 'low': '128.49001', 'close': '130.04350', 'volume': '23225796'}], 'status': 'ok'}
[2023-06-15T09:33:57.308+0000] {spark_submit.py:490} INFO - 23/06/15 09:33:57 INFO CodeGenerator: Code generated in 216.425124 ms
[2023-06-15T09:33:57.382+0000] {spark_submit.py:490} INFO - 23/06/15 09:33:57 INFO SparkContext: Starting job: json at NativeMethodAccessorImpl.java:0
[2023-06-15T09:33:57.394+0000] {spark_submit.py:490} INFO - 23/06/15 09:33:57 INFO DAGScheduler: Got job 0 (json at NativeMethodAccessorImpl.java:0) with 2 output partitions
[2023-06-15T09:33:57.394+0000] {spark_submit.py:490} INFO - 23/06/15 09:33:57 INFO DAGScheduler: Final stage: ResultStage 0 (json at NativeMethodAccessorImpl.java:0)
[2023-06-15T09:33:57.395+0000] {spark_submit.py:490} INFO - 23/06/15 09:33:57 INFO DAGScheduler: Parents of final stage: List()
[2023-06-15T09:33:57.397+0000] {spark_submit.py:490} INFO - 23/06/15 09:33:57 INFO DAGScheduler: Missing parents: List()
[2023-06-15T09:33:57.401+0000] {spark_submit.py:490} INFO - 23/06/15 09:33:57 INFO DAGScheduler: Submitting ResultStage 0 (MapPartitionsRDD[11] at json at NativeMethodAccessorImpl.java:0), which has no missing parents
[2023-06-15T09:33:57.505+0000] {spark_submit.py:490} INFO - 23/06/15 09:33:57 INFO MemoryStore: Block broadcast_0 stored as values in memory (estimated size 19.8 KiB, free 434.4 MiB)
[2023-06-15T09:33:57.543+0000] {spark_submit.py:490} INFO - 23/06/15 09:33:57 INFO MemoryStore: Block broadcast_0_piece0 stored as bytes in memory (estimated size 9.7 KiB, free 434.4 MiB)
[2023-06-15T09:33:57.546+0000] {spark_submit.py:490} INFO - 23/06/15 09:33:57 INFO BlockManagerInfo: Added broadcast_0_piece0 in memory on 69b643fc97df:34847 (size: 9.7 KiB, free: 434.4 MiB)
[2023-06-15T09:33:57.550+0000] {spark_submit.py:490} INFO - 23/06/15 09:33:57 INFO SparkContext: Created broadcast 0 from broadcast at DAGScheduler.scala:1535
[2023-06-15T09:33:57.562+0000] {spark_submit.py:490} INFO - 23/06/15 09:33:57 INFO DAGScheduler: Submitting 2 missing tasks from ResultStage 0 (MapPartitionsRDD[11] at json at NativeMethodAccessorImpl.java:0) (first 15 tasks are for partitions Vector(0, 1))
[2023-06-15T09:33:57.563+0000] {spark_submit.py:490} INFO - 23/06/15 09:33:57 INFO TaskSchedulerImpl: Adding task set 0.0 with 2 tasks resource profile 0
[2023-06-15T09:33:57.597+0000] {spark_submit.py:490} INFO - 23/06/15 09:33:57 INFO TaskSetManager: Starting task 0.0 in stage 0.0 (TID 0) (172.27.0.2, executor 0, partition 0, PROCESS_LOCAL, 7347 bytes)
[2023-06-15T09:33:57.600+0000] {spark_submit.py:490} INFO - 23/06/15 09:33:57 INFO TaskSetManager: Starting task 1.0 in stage 0.0 (TID 1) (172.27.0.2, executor 0, partition 1, PROCESS_LOCAL, 8087 bytes)
[2023-06-15T09:33:57.810+0000] {spark_submit.py:490} INFO - 23/06/15 09:33:57 INFO BlockManagerInfo: Added broadcast_0_piece0 in memory on 172.27.0.2:42597 (size: 9.7 KiB, free: 434.4 MiB)
[2023-06-15T09:33:59.209+0000] {spark_submit.py:490} INFO - 23/06/15 09:33:59 INFO TaskSetManager: Finished task 0.0 in stage 0.0 (TID 0) in 1623 ms on 172.27.0.2 (executor 0) (1/2)
[2023-06-15T09:33:59.211+0000] {spark_submit.py:490} INFO - 23/06/15 09:33:59 INFO TaskSetManager: Finished task 1.0 in stage 0.0 (TID 1) in 1612 ms on 172.27.0.2 (executor 0) (2/2)
[2023-06-15T09:33:59.212+0000] {spark_submit.py:490} INFO - 23/06/15 09:33:59 INFO TaskSchedulerImpl: Removed TaskSet 0.0, whose tasks have all completed, from pool
[2023-06-15T09:33:59.217+0000] {spark_submit.py:490} INFO - 23/06/15 09:33:59 INFO PythonAccumulatorV2: Connected to AccumulatorServer at host: 127.0.0.1 port: 37581
[2023-06-15T09:33:59.224+0000] {spark_submit.py:490} INFO - 23/06/15 09:33:59 INFO DAGScheduler: ResultStage 0 (json at NativeMethodAccessorImpl.java:0) finished in 1.808 s
[2023-06-15T09:33:59.228+0000] {spark_submit.py:490} INFO - 23/06/15 09:33:59 INFO DAGScheduler: Job 0 is finished. Cancelling potential speculative or zombie tasks for this job
[2023-06-15T09:33:59.228+0000] {spark_submit.py:490} INFO - 23/06/15 09:33:59 INFO TaskSchedulerImpl: Killing all running tasks in stage 0: Stage finished
[2023-06-15T09:33:59.230+0000] {spark_submit.py:490} INFO - 23/06/15 09:33:59 INFO DAGScheduler: Job 0 finished: json at NativeMethodAccessorImpl.java:0, took 1.848505 s
[2023-06-15T09:34:00.636+0000] {spark_submit.py:490} INFO - {'meta': {'symbol': 'MSFT', 'interval': '1h', 'currency': 'USD', 'exchange_timezone': 'America/New_York', 'exchange': 'NASDAQ', 'mic_code': 'XNGS', 'type': 'Common Stock'}, 'values': [{'datetime': '2021-01-13 15:30:00', 'open': '216.28000', 'high': '216.75999', 'low': '216.24001', 'close': '216.34000', 'volume': '2001392'}, {'datetime': '2021-01-13 14:30:00', 'open': '216.48000', 'high': '216.60500', 'low': '216.16000', 'close': '216.29210', 'volume': '1412020'}, {'datetime': '2021-01-13 13:30:00', 'open': '216.02000', 'high': '216.60001', 'low': '215.73000', 'close': '216.47000', 'volume': '1953212'}, {'datetime': '2021-01-13 12:30:00', 'open': '215.52100', 'high': '216.14000', 'low': '215.09000', 'close': '216.03000', 'volume': '1703337'}, {'datetime': '2021-01-13 11:30:00', 'open': '215.58000', 'high': '216.17999', 'low': '215.17000', 'close': '215.50999', 'volume': '1732185'}, {'datetime': '2021-01-13 10:30:00', 'open': '214.95000', 'high': '215.98000', 'low': '214.86000', 'close': '215.58099', 'volume': '2912006'}, {'datetime': '2021-01-13 09:30:00', 'open': '213.98000', 'high': '215.58000', 'low': '213.93311', 'close': '214.94000', 'volume': '4492810'}], 'status': 'ok'}
[2023-06-15T09:34:00.730+0000] {spark_submit.py:490} INFO - 23/06/15 09:34:00 INFO SparkContext: Starting job: json at NativeMethodAccessorImpl.java:0
[2023-06-15T09:34:00.731+0000] {spark_submit.py:490} INFO - 23/06/15 09:34:00 INFO DAGScheduler: Got job 1 (json at NativeMethodAccessorImpl.java:0) with 2 output partitions
[2023-06-15T09:34:00.731+0000] {spark_submit.py:490} INFO - 23/06/15 09:34:00 INFO DAGScheduler: Final stage: ResultStage 1 (json at NativeMethodAccessorImpl.java:0)
[2023-06-15T09:34:00.732+0000] {spark_submit.py:490} INFO - 23/06/15 09:34:00 INFO DAGScheduler: Parents of final stage: List()
[2023-06-15T09:34:00.732+0000] {spark_submit.py:490} INFO - 23/06/15 09:34:00 INFO DAGScheduler: Missing parents: List()
[2023-06-15T09:34:00.733+0000] {spark_submit.py:490} INFO - 23/06/15 09:34:00 INFO DAGScheduler: Submitting ResultStage 1 (MapPartitionsRDD[22] at json at NativeMethodAccessorImpl.java:0), which has no missing parents
[2023-06-15T09:34:00.739+0000] {spark_submit.py:490} INFO - 23/06/15 09:34:00 INFO MemoryStore: Block broadcast_1 stored as values in memory (estimated size 19.8 KiB, free 434.4 MiB)
[2023-06-15T09:34:00.743+0000] {spark_submit.py:490} INFO - 23/06/15 09:34:00 INFO MemoryStore: Block broadcast_1_piece0 stored as bytes in memory (estimated size 9.7 KiB, free 434.3 MiB)
[2023-06-15T09:34:00.744+0000] {spark_submit.py:490} INFO - 23/06/15 09:34:00 INFO BlockManagerInfo: Added broadcast_1_piece0 in memory on 69b643fc97df:34847 (size: 9.7 KiB, free: 434.4 MiB)
[2023-06-15T09:34:00.744+0000] {spark_submit.py:490} INFO - 23/06/15 09:34:00 INFO SparkContext: Created broadcast 1 from broadcast at DAGScheduler.scala:1535
[2023-06-15T09:34:00.745+0000] {spark_submit.py:490} INFO - 23/06/15 09:34:00 INFO DAGScheduler: Submitting 2 missing tasks from ResultStage 1 (MapPartitionsRDD[22] at json at NativeMethodAccessorImpl.java:0) (first 15 tasks are for partitions Vector(0, 1))
[2023-06-15T09:34:00.745+0000] {spark_submit.py:490} INFO - 23/06/15 09:34:00 INFO TaskSchedulerImpl: Adding task set 1.0 with 2 tasks resource profile 0
[2023-06-15T09:34:00.747+0000] {spark_submit.py:490} INFO - 23/06/15 09:34:00 INFO TaskSetManager: Starting task 0.0 in stage 1.0 (TID 2) (172.27.0.2, executor 0, partition 0, PROCESS_LOCAL, 7347 bytes)
[2023-06-15T09:34:00.748+0000] {spark_submit.py:490} INFO - 23/06/15 09:34:00 INFO TaskSetManager: Starting task 1.0 in stage 1.0 (TID 3) (172.27.0.2, executor 0, partition 1, PROCESS_LOCAL, 8084 bytes)
[2023-06-15T09:34:00.767+0000] {spark_submit.py:490} INFO - 23/06/15 09:34:00 INFO BlockManagerInfo: Added broadcast_1_piece0 in memory on 172.27.0.2:42597 (size: 9.7 KiB, free: 434.4 MiB)
[2023-06-15T09:34:00.833+0000] {spark_submit.py:490} INFO - 23/06/15 09:34:00 INFO TaskSetManager: Finished task 0.0 in stage 1.0 (TID 2) in 87 ms on 172.27.0.2 (executor 0) (1/2)
[2023-06-15T09:34:00.836+0000] {spark_submit.py:490} INFO - 23/06/15 09:34:00 INFO TaskSetManager: Finished task 1.0 in stage 1.0 (TID 3) in 88 ms on 172.27.0.2 (executor 0) (2/2)
[2023-06-15T09:34:00.836+0000] {spark_submit.py:490} INFO - 23/06/15 09:34:00 INFO TaskSchedulerImpl: Removed TaskSet 1.0, whose tasks have all completed, from pool
[2023-06-15T09:34:00.837+0000] {spark_submit.py:490} INFO - 23/06/15 09:34:00 INFO DAGScheduler: ResultStage 1 (json at NativeMethodAccessorImpl.java:0) finished in 0.103 s
[2023-06-15T09:34:00.838+0000] {spark_submit.py:490} INFO - 23/06/15 09:34:00 INFO DAGScheduler: Job 1 is finished. Cancelling potential speculative or zombie tasks for this job
[2023-06-15T09:34:00.838+0000] {spark_submit.py:490} INFO - 23/06/15 09:34:00 INFO TaskSchedulerImpl: Killing all running tasks in stage 1: Stage finished
[2023-06-15T09:34:00.838+0000] {spark_submit.py:490} INFO - 23/06/15 09:34:00 INFO DAGScheduler: Job 1 finished: json at NativeMethodAccessorImpl.java:0, took 0.108308 s
[2023-06-15T09:34:02.685+0000] {spark_submit.py:490} INFO - {'meta': {'symbol': 'GOOG', 'interval': '1h', 'currency': 'USD', 'exchange_timezone': 'America/New_York', 'exchange': 'NASDAQ', 'mic_code': 'XNGS', 'type': 'Common Stock'}, 'values': [{'datetime': '2021-01-13 15:30:00', 'open': '1752.32996', 'high': '1759.48999', 'low': '1750.79004', 'close': '1754.40002', 'volume': '167703'}, {'datetime': '2021-01-13 14:30:00', 'open': '1755.81006', 'high': '1756.22498', 'low': '1745.02002', 'close': '1750.55005', 'volume': '165323'}, {'datetime': '2021-01-13 13:30:00', 'open': '1755.50000', 'high': '1759.04004', 'low': '1754.37000', 'close': '1755.90332', 'volume': '88723'}, {'datetime': '2021-01-13 12:30:00', 'open': '1758.53003', 'high': '1761.18994', 'low': '1754.30005', 'close': '1756.43005', 'volume': '76720'}, {'datetime': '2021-01-13 11:30:00', 'open': '1763.84998', 'high': '1763.98999', 'low': '1751.31006', 'close': '1755.77734', 'volume': '98704'}, {'datetime': '2021-01-13 10:30:00', 'open': '1755.54004', 'high': '1765.00000', 'low': '1755.07996', 'close': '1763.88000', 'volume': '142460'}, {'datetime': '2021-01-13 09:30:00', 'open': '1738.37500', 'high': '1755.43506', 'low': '1738.01001', 'close': '1755.06030', 'volume': '203625'}], 'status': 'ok'}
[2023-06-15T09:34:02.761+0000] {spark_submit.py:490} INFO - 23/06/15 09:34:02 INFO SparkContext: Starting job: json at NativeMethodAccessorImpl.java:0
[2023-06-15T09:34:02.763+0000] {spark_submit.py:490} INFO - 23/06/15 09:34:02 INFO DAGScheduler: Got job 2 (json at NativeMethodAccessorImpl.java:0) with 2 output partitions
[2023-06-15T09:34:02.764+0000] {spark_submit.py:490} INFO - 23/06/15 09:34:02 INFO DAGScheduler: Final stage: ResultStage 2 (json at NativeMethodAccessorImpl.java:0)
[2023-06-15T09:34:02.764+0000] {spark_submit.py:490} INFO - 23/06/15 09:34:02 INFO DAGScheduler: Parents of final stage: List()
[2023-06-15T09:34:02.765+0000] {spark_submit.py:490} INFO - 23/06/15 09:34:02 INFO DAGScheduler: Missing parents: List()
[2023-06-15T09:34:02.766+0000] {spark_submit.py:490} INFO - 23/06/15 09:34:02 INFO BlockManagerInfo: Removed broadcast_1_piece0 on 69b643fc97df:34847 in memory (size: 9.7 KiB, free: 434.4 MiB)
[2023-06-15T09:34:02.766+0000] {spark_submit.py:490} INFO - 23/06/15 09:34:02 INFO DAGScheduler: Submitting ResultStage 2 (MapPartitionsRDD[33] at json at NativeMethodAccessorImpl.java:0), which has no missing parents
[2023-06-15T09:34:02.774+0000] {spark_submit.py:490} INFO - 23/06/15 09:34:02 INFO MemoryStore: Block broadcast_2 stored as values in memory (estimated size 19.8 KiB, free 434.4 MiB)
[2023-06-15T09:34:02.775+0000] {spark_submit.py:490} INFO - 23/06/15 09:34:02 INFO BlockManagerInfo: Removed broadcast_1_piece0 on 172.27.0.2:42597 in memory (size: 9.7 KiB, free: 434.4 MiB)
[2023-06-15T09:34:02.777+0000] {spark_submit.py:490} INFO - 23/06/15 09:34:02 INFO MemoryStore: Block broadcast_2_piece0 stored as bytes in memory (estimated size 9.7 KiB, free 434.3 MiB)
[2023-06-15T09:34:02.778+0000] {spark_submit.py:490} INFO - 23/06/15 09:34:02 INFO BlockManagerInfo: Added broadcast_2_piece0 in memory on 69b643fc97df:34847 (size: 9.7 KiB, free: 434.4 MiB)
[2023-06-15T09:34:02.779+0000] {spark_submit.py:490} INFO - 23/06/15 09:34:02 INFO SparkContext: Created broadcast 2 from broadcast at DAGScheduler.scala:1535
[2023-06-15T09:34:02.781+0000] {spark_submit.py:490} INFO - 23/06/15 09:34:02 INFO DAGScheduler: Submitting 2 missing tasks from ResultStage 2 (MapPartitionsRDD[33] at json at NativeMethodAccessorImpl.java:0) (first 15 tasks are for partitions Vector(0, 1))
[2023-06-15T09:34:02.781+0000] {spark_submit.py:490} INFO - 23/06/15 09:34:02 INFO TaskSchedulerImpl: Adding task set 2.0 with 2 tasks resource profile 0
[2023-06-15T09:34:02.784+0000] {spark_submit.py:490} INFO - 23/06/15 09:34:02 INFO TaskSetManager: Starting task 0.0 in stage 2.0 (TID 4) (172.27.0.2, executor 0, partition 0, PROCESS_LOCAL, 7347 bytes)
[2023-06-15T09:34:02.784+0000] {spark_submit.py:490} INFO - 23/06/15 09:34:02 INFO TaskSetManager: Starting task 1.0 in stage 2.0 (TID 5) (172.27.0.2, executor 0, partition 1, PROCESS_LOCAL, 8102 bytes)
[2023-06-15T09:34:02.787+0000] {spark_submit.py:490} INFO - 23/06/15 09:34:02 INFO BlockManagerInfo: Removed broadcast_0_piece0 on 69b643fc97df:34847 in memory (size: 9.7 KiB, free: 434.4 MiB)
[2023-06-15T09:34:02.794+0000] {spark_submit.py:490} INFO - 23/06/15 09:34:02 INFO BlockManagerInfo: Removed broadcast_0_piece0 on 172.27.0.2:42597 in memory (size: 9.7 KiB, free: 434.4 MiB)
[2023-06-15T09:34:02.806+0000] {spark_submit.py:490} INFO - 23/06/15 09:34:02 INFO BlockManagerInfo: Added broadcast_2_piece0 in memory on 172.27.0.2:42597 (size: 9.7 KiB, free: 434.4 MiB)
[2023-06-15T09:34:02.875+0000] {spark_submit.py:490} INFO - 23/06/15 09:34:02 INFO TaskSetManager: Finished task 0.0 in stage 2.0 (TID 4) in 92 ms on 172.27.0.2 (executor 0) (1/2)
[2023-06-15T09:34:02.880+0000] {spark_submit.py:490} INFO - 23/06/15 09:34:02 INFO TaskSetManager: Finished task 1.0 in stage 2.0 (TID 5) in 95 ms on 172.27.0.2 (executor 0) (2/2)
[2023-06-15T09:34:02.880+0000] {spark_submit.py:490} INFO - 23/06/15 09:34:02 INFO TaskSchedulerImpl: Removed TaskSet 2.0, whose tasks have all completed, from pool
[2023-06-15T09:34:02.883+0000] {spark_submit.py:490} INFO - 23/06/15 09:34:02 INFO DAGScheduler: ResultStage 2 (json at NativeMethodAccessorImpl.java:0) finished in 0.114 s
[2023-06-15T09:34:02.885+0000] {spark_submit.py:490} INFO - 23/06/15 09:34:02 INFO DAGScheduler: Job 2 is finished. Cancelling potential speculative or zombie tasks for this job
[2023-06-15T09:34:02.886+0000] {spark_submit.py:490} INFO - 23/06/15 09:34:02 INFO TaskSchedulerImpl: Killing all running tasks in stage 2: Stage finished
[2023-06-15T09:34:02.886+0000] {spark_submit.py:490} INFO - 23/06/15 09:34:02 INFO DAGScheduler: Job 2 finished: json at NativeMethodAccessorImpl.java:0, took 0.123182 s
[2023-06-15T09:34:04.092+0000] {spark_submit.py:490} INFO - {'meta': {'symbol': 'AMZN', 'interval': '1h', 'currency': 'USD', 'exchange_timezone': 'America/New_York', 'exchange': 'NASDAQ', 'mic_code': 'XNGS', 'type': 'Common Stock'}, 'values': [{'datetime': '2021-01-13 15:30:00', 'open': '3167.75000', 'high': '3180.82007', 'low': '3165.36499', 'close': '3166.23999', 'volume': '316691'}, {'datetime': '2021-01-13 14:30:00', 'open': '3182.50000', 'high': '3184.31494', 'low': '3165.01025', 'close': '3167.56665', 'volume': '250572'}, {'datetime': '2021-01-13 13:30:00', 'open': '3185.67993', 'high': '3187.56006', 'low': '3177.79858', 'close': '3182.37012', 'volume': '220808'}, {'datetime': '2021-01-13 12:30:00', 'open': '3180.30005', 'high': '3189.77759', 'low': '3172.85010', 'close': '3185.06006', 'volume': '296631'}, {'datetime': '2021-01-13 11:30:00', 'open': '3179.61011', 'high': '3186.73999', 'low': '3170.00000', 'close': '3179.56006', 'volume': '394723'}, {'datetime': '2021-01-13 10:30:00', 'open': '3165.00000', 'high': '3182.16870', 'low': '3164.35010', 'close': '3180.19995', 'volume': '502470'}, {'datetime': '2021-01-13 09:30:00', 'open': '3125.51001', 'high': '3169.21997', 'low': '3122.08008', 'close': '3164.08008', 'volume': '1021534'}], 'status': 'ok'}
[2023-06-15T09:34:04.159+0000] {spark_submit.py:490} INFO - 23/06/15 09:34:04 INFO SparkContext: Starting job: json at NativeMethodAccessorImpl.java:0
[2023-06-15T09:34:04.160+0000] {spark_submit.py:490} INFO - 23/06/15 09:34:04 INFO DAGScheduler: Got job 3 (json at NativeMethodAccessorImpl.java:0) with 2 output partitions
[2023-06-15T09:34:04.160+0000] {spark_submit.py:490} INFO - 23/06/15 09:34:04 INFO DAGScheduler: Final stage: ResultStage 3 (json at NativeMethodAccessorImpl.java:0)
[2023-06-15T09:34:04.160+0000] {spark_submit.py:490} INFO - 23/06/15 09:34:04 INFO DAGScheduler: Parents of final stage: List()
[2023-06-15T09:34:04.160+0000] {spark_submit.py:490} INFO - 23/06/15 09:34:04 INFO DAGScheduler: Missing parents: List()
[2023-06-15T09:34:04.161+0000] {spark_submit.py:490} INFO - 23/06/15 09:34:04 INFO DAGScheduler: Submitting ResultStage 3 (MapPartitionsRDD[44] at json at NativeMethodAccessorImpl.java:0), which has no missing parents
[2023-06-15T09:34:04.165+0000] {spark_submit.py:490} INFO - 23/06/15 09:34:04 INFO MemoryStore: Block broadcast_3 stored as values in memory (estimated size 19.8 KiB, free 434.4 MiB)
[2023-06-15T09:34:04.166+0000] {spark_submit.py:490} INFO - 23/06/15 09:34:04 INFO MemoryStore: Block broadcast_3_piece0 stored as bytes in memory (estimated size 9.7 KiB, free 434.3 MiB)
[2023-06-15T09:34:04.167+0000] {spark_submit.py:490} INFO - 23/06/15 09:34:04 INFO BlockManagerInfo: Added broadcast_3_piece0 in memory on 69b643fc97df:34847 (size: 9.7 KiB, free: 434.4 MiB)
[2023-06-15T09:34:04.167+0000] {spark_submit.py:490} INFO - 23/06/15 09:34:04 INFO SparkContext: Created broadcast 3 from broadcast at DAGScheduler.scala:1535
[2023-06-15T09:34:04.168+0000] {spark_submit.py:490} INFO - 23/06/15 09:34:04 INFO DAGScheduler: Submitting 2 missing tasks from ResultStage 3 (MapPartitionsRDD[44] at json at NativeMethodAccessorImpl.java:0) (first 15 tasks are for partitions Vector(0, 1))
[2023-06-15T09:34:04.168+0000] {spark_submit.py:490} INFO - 23/06/15 09:34:04 INFO TaskSchedulerImpl: Adding task set 3.0 with 2 tasks resource profile 0
[2023-06-15T09:34:04.170+0000] {spark_submit.py:490} INFO - 23/06/15 09:34:04 INFO TaskSetManager: Starting task 0.0 in stage 3.0 (TID 6) (172.27.0.2, executor 0, partition 0, PROCESS_LOCAL, 7347 bytes)
[2023-06-15T09:34:04.170+0000] {spark_submit.py:490} INFO - 23/06/15 09:34:04 INFO TaskSetManager: Starting task 1.0 in stage 3.0 (TID 7) (172.27.0.2, executor 0, partition 1, PROCESS_LOCAL, 8106 bytes)
[2023-06-15T09:34:04.183+0000] {spark_submit.py:490} INFO - 23/06/15 09:34:04 INFO BlockManagerInfo: Added broadcast_3_piece0 in memory on 172.27.0.2:42597 (size: 9.7 KiB, free: 434.4 MiB)
[2023-06-15T09:34:04.240+0000] {spark_submit.py:490} INFO - 23/06/15 09:34:04 INFO TaskSetManager: Finished task 0.0 in stage 3.0 (TID 6) in 70 ms on 172.27.0.2 (executor 0) (1/2)
[2023-06-15T09:34:04.246+0000] {spark_submit.py:490} INFO - 23/06/15 09:34:04 INFO TaskSetManager: Finished task 1.0 in stage 3.0 (TID 7) in 76 ms on 172.27.0.2 (executor 0) (2/2)
[2023-06-15T09:34:04.246+0000] {spark_submit.py:490} INFO - 23/06/15 09:34:04 INFO TaskSchedulerImpl: Removed TaskSet 3.0, whose tasks have all completed, from pool
[2023-06-15T09:34:04.247+0000] {spark_submit.py:490} INFO - 23/06/15 09:34:04 INFO DAGScheduler: ResultStage 3 (json at NativeMethodAccessorImpl.java:0) finished in 0.085 s
[2023-06-15T09:34:04.247+0000] {spark_submit.py:490} INFO - 23/06/15 09:34:04 INFO DAGScheduler: Job 3 is finished. Cancelling potential speculative or zombie tasks for this job
[2023-06-15T09:34:04.248+0000] {spark_submit.py:490} INFO - 23/06/15 09:34:04 INFO TaskSchedulerImpl: Killing all running tasks in stage 3: Stage finished
[2023-06-15T09:34:04.248+0000] {spark_submit.py:490} INFO - 23/06/15 09:34:04 INFO DAGScheduler: Job 3 finished: json at NativeMethodAccessorImpl.java:0, took 0.089120 s
[2023-06-15T09:34:05.449+0000] {spark_submit.py:490} INFO - {'meta': {'symbol': 'TSLA', 'interval': '1h', 'currency': 'USD', 'exchange_timezone': 'America/New_York', 'exchange': 'NASDAQ', 'mic_code': 'XNGS', 'type': 'Common Stock'}, 'values': [{'datetime': '2021-01-13 15:30:00', 'open': '851.45001', 'high': '855.75000', 'low': '849.75000', 'close': '854.21997', 'volume': '2297556'}, {'datetime': '2021-01-13 14:30:00', 'open': '854.03003', 'high': '857.98999', 'low': '849.51001', 'close': '851.44110', 'volume': '4211987'}, {'datetime': '2021-01-13 13:30:00', 'open': '837.80011', 'high': '855.45001', 'low': '836.57001', 'close': '853.79382', 'volume': '4406132'}, {'datetime': '2021-01-13 12:30:00', 'open': '839.39990', 'high': '841.47998', 'low': '832.00000', 'close': '837.96997', 'volume': '3235551'}, {'datetime': '2021-01-13 11:30:00', 'open': '842.51001', 'high': '842.65002', 'low': '834.09998', 'close': '839.15002', 'volume': '2768921'}, {'datetime': '2021-01-13 10:30:00', 'open': '839.92999', 'high': '846.79938', 'low': '837.00000', 'close': '842.44000', 'volume': '3685462'}, {'datetime': '2021-01-13 09:30:00', 'open': '857.00000', 'high': '860.46997', 'low': '833.51001', 'close': '839.65002', 'volume': '10963102'}], 'status': 'ok'}
[2023-06-15T09:34:05.515+0000] {spark_submit.py:490} INFO - 23/06/15 09:34:05 INFO SparkContext: Starting job: json at NativeMethodAccessorImpl.java:0
[2023-06-15T09:34:05.516+0000] {spark_submit.py:490} INFO - 23/06/15 09:34:05 INFO DAGScheduler: Got job 4 (json at NativeMethodAccessorImpl.java:0) with 2 output partitions
[2023-06-15T09:34:05.516+0000] {spark_submit.py:490} INFO - 23/06/15 09:34:05 INFO DAGScheduler: Final stage: ResultStage 4 (json at NativeMethodAccessorImpl.java:0)
[2023-06-15T09:34:05.516+0000] {spark_submit.py:490} INFO - 23/06/15 09:34:05 INFO DAGScheduler: Parents of final stage: List()
[2023-06-15T09:34:05.516+0000] {spark_submit.py:490} INFO - 23/06/15 09:34:05 INFO DAGScheduler: Missing parents: List()
[2023-06-15T09:34:05.517+0000] {spark_submit.py:490} INFO - 23/06/15 09:34:05 INFO DAGScheduler: Submitting ResultStage 4 (MapPartitionsRDD[55] at json at NativeMethodAccessorImpl.java:0), which has no missing parents
[2023-06-15T09:34:05.522+0000] {spark_submit.py:490} INFO - 23/06/15 09:34:05 INFO MemoryStore: Block broadcast_4 stored as values in memory (estimated size 19.8 KiB, free 434.3 MiB)
[2023-06-15T09:34:05.526+0000] {spark_submit.py:490} INFO - 23/06/15 09:34:05 INFO MemoryStore: Block broadcast_4_piece0 stored as bytes in memory (estimated size 9.7 KiB, free 434.3 MiB)
[2023-06-15T09:34:05.527+0000] {spark_submit.py:490} INFO - 23/06/15 09:34:05 INFO BlockManagerInfo: Added broadcast_4_piece0 in memory on 69b643fc97df:34847 (size: 9.7 KiB, free: 434.4 MiB)
[2023-06-15T09:34:05.527+0000] {spark_submit.py:490} INFO - 23/06/15 09:34:05 INFO SparkContext: Created broadcast 4 from broadcast at DAGScheduler.scala:1535
[2023-06-15T09:34:05.528+0000] {spark_submit.py:490} INFO - 23/06/15 09:34:05 INFO DAGScheduler: Submitting 2 missing tasks from ResultStage 4 (MapPartitionsRDD[55] at json at NativeMethodAccessorImpl.java:0) (first 15 tasks are for partitions Vector(0, 1))
[2023-06-15T09:34:05.529+0000] {spark_submit.py:490} INFO - 23/06/15 09:34:05 INFO TaskSchedulerImpl: Adding task set 4.0 with 2 tasks resource profile 0
[2023-06-15T09:34:05.530+0000] {spark_submit.py:490} INFO - 23/06/15 09:34:05 INFO TaskSetManager: Starting task 0.0 in stage 4.0 (TID 8) (172.27.0.2, executor 0, partition 0, PROCESS_LOCAL, 7347 bytes)
[2023-06-15T09:34:05.531+0000] {spark_submit.py:490} INFO - 23/06/15 09:34:05 INFO TaskSetManager: Starting task 1.0 in stage 4.0 (TID 9) (172.27.0.2, executor 0, partition 1, PROCESS_LOCAL, 8085 bytes)
[2023-06-15T09:34:05.546+0000] {spark_submit.py:490} INFO - 23/06/15 09:34:05 INFO BlockManagerInfo: Added broadcast_4_piece0 in memory on 172.27.0.2:42597 (size: 9.7 KiB, free: 434.4 MiB)
[2023-06-15T09:34:05.610+0000] {spark_submit.py:490} INFO - 23/06/15 09:34:05 INFO TaskSetManager: Finished task 0.0 in stage 4.0 (TID 8) in 78 ms on 172.27.0.2 (executor 0) (1/2)
[2023-06-15T09:34:05.610+0000] {spark_submit.py:490} INFO - 23/06/15 09:34:05 INFO TaskSetManager: Finished task 1.0 in stage 4.0 (TID 9) in 80 ms on 172.27.0.2 (executor 0) (2/2)
[2023-06-15T09:34:05.610+0000] {spark_submit.py:490} INFO - 23/06/15 09:34:05 INFO TaskSchedulerImpl: Removed TaskSet 4.0, whose tasks have all completed, from pool
[2023-06-15T09:34:05.612+0000] {spark_submit.py:490} INFO - 23/06/15 09:34:05 INFO DAGScheduler: ResultStage 4 (json at NativeMethodAccessorImpl.java:0) finished in 0.093 s
[2023-06-15T09:34:05.612+0000] {spark_submit.py:490} INFO - 23/06/15 09:34:05 INFO DAGScheduler: Job 4 is finished. Cancelling potential speculative or zombie tasks for this job
[2023-06-15T09:34:05.612+0000] {spark_submit.py:490} INFO - 23/06/15 09:34:05 INFO TaskSchedulerImpl: Killing all running tasks in stage 4: Stage finished
[2023-06-15T09:34:05.613+0000] {spark_submit.py:490} INFO - 23/06/15 09:34:05 INFO DAGScheduler: Job 4 finished: json at NativeMethodAccessorImpl.java:0, took 0.097529 s
[2023-06-15T09:34:06.940+0000] {spark_submit.py:490} INFO - {'meta': {'symbol': 'META', 'interval': '1h', 'currency': 'USD', 'exchange_timezone': 'America/New_York', 'exchange': 'NASDAQ', 'mic_code': 'XNGS', 'type': 'Common Stock'}, 'values': [{'datetime': '2021-01-13 15:30:00', 'open': '251.59000', 'high': '252.36000', 'low': '251.30000', 'close': '251.64000', 'volume': '1433777'}, {'datetime': '2021-01-13 14:30:00', 'open': '251.96001', 'high': '252.64000', 'low': '251.48000', 'close': '251.63589', 'volume': '1702036'}, {'datetime': '2021-01-13 13:30:00', 'open': '251.41000', 'high': '252.45000', 'low': '251.12370', 'close': '251.97000', 'volume': '1578467'}, {'datetime': '2021-01-13 12:30:00', 'open': '251.66870', 'high': '251.96001', 'low': '251.03000', 'close': '251.40939', 'volume': '1400687'}, {'datetime': '2021-01-13 11:30:00', 'open': '252.83000', 'high': '253.33000', 'low': '250.90010', 'close': '251.69000', 'volume': '1957554'}, {'datetime': '2021-01-13 10:30:00', 'open': '252.44000', 'high': '253.95000', 'low': '252.25999', 'close': '252.81000', 'volume': '2867850'}, {'datetime': '2021-01-13 09:30:00', 'open': '251.95000', 'high': '252.55600', 'low': '249.20000', 'close': '252.44960', 'volume': '5979185'}], 'status': 'ok'}
[2023-06-15T09:34:07.017+0000] {spark_submit.py:490} INFO - 23/06/15 09:34:07 INFO SparkContext: Starting job: json at NativeMethodAccessorImpl.java:0
[2023-06-15T09:34:07.018+0000] {spark_submit.py:490} INFO - 23/06/15 09:34:07 INFO DAGScheduler: Got job 5 (json at NativeMethodAccessorImpl.java:0) with 2 output partitions
[2023-06-15T09:34:07.018+0000] {spark_submit.py:490} INFO - 23/06/15 09:34:07 INFO DAGScheduler: Final stage: ResultStage 5 (json at NativeMethodAccessorImpl.java:0)
[2023-06-15T09:34:07.018+0000] {spark_submit.py:490} INFO - 23/06/15 09:34:07 INFO DAGScheduler: Parents of final stage: List()
[2023-06-15T09:34:07.019+0000] {spark_submit.py:490} INFO - 23/06/15 09:34:07 INFO DAGScheduler: Missing parents: List()
[2023-06-15T09:34:07.019+0000] {spark_submit.py:490} INFO - 23/06/15 09:34:07 INFO DAGScheduler: Submitting ResultStage 5 (MapPartitionsRDD[66] at json at NativeMethodAccessorImpl.java:0), which has no missing parents
[2023-06-15T09:34:07.024+0000] {spark_submit.py:490} INFO - 23/06/15 09:34:07 INFO MemoryStore: Block broadcast_5 stored as values in memory (estimated size 19.8 KiB, free 434.3 MiB)
[2023-06-15T09:34:07.028+0000] {spark_submit.py:490} INFO - 23/06/15 09:34:07 INFO MemoryStore: Block broadcast_5_piece0 stored as bytes in memory (estimated size 9.7 KiB, free 434.3 MiB)
[2023-06-15T09:34:07.028+0000] {spark_submit.py:490} INFO - 23/06/15 09:34:07 INFO BlockManagerInfo: Added broadcast_5_piece0 in memory on 69b643fc97df:34847 (size: 9.7 KiB, free: 434.4 MiB)
[2023-06-15T09:34:07.029+0000] {spark_submit.py:490} INFO - 23/06/15 09:34:07 INFO SparkContext: Created broadcast 5 from broadcast at DAGScheduler.scala:1535
[2023-06-15T09:34:07.030+0000] {spark_submit.py:490} INFO - 23/06/15 09:34:07 INFO DAGScheduler: Submitting 2 missing tasks from ResultStage 5 (MapPartitionsRDD[66] at json at NativeMethodAccessorImpl.java:0) (first 15 tasks are for partitions Vector(0, 1))
[2023-06-15T09:34:07.030+0000] {spark_submit.py:490} INFO - 23/06/15 09:34:07 INFO TaskSchedulerImpl: Adding task set 5.0 with 2 tasks resource profile 0
[2023-06-15T09:34:07.032+0000] {spark_submit.py:490} INFO - 23/06/15 09:34:07 INFO TaskSetManager: Starting task 0.0 in stage 5.0 (TID 10) (172.27.0.2, executor 0, partition 0, PROCESS_LOCAL, 7347 bytes)
[2023-06-15T09:34:07.032+0000] {spark_submit.py:490} INFO - 23/06/15 09:34:07 INFO TaskSetManager: Starting task 1.0 in stage 5.0 (TID 11) (172.27.0.2, executor 0, partition 1, PROCESS_LOCAL, 8084 bytes)
[2023-06-15T09:34:07.049+0000] {spark_submit.py:490} INFO - 23/06/15 09:34:07 INFO BlockManagerInfo: Added broadcast_5_piece0 in memory on 172.27.0.2:42597 (size: 9.7 KiB, free: 434.4 MiB)
[2023-06-15T09:34:07.109+0000] {spark_submit.py:490} INFO - 23/06/15 09:34:07 INFO TaskSetManager: Finished task 1.0 in stage 5.0 (TID 11) in 76 ms on 172.27.0.2 (executor 0) (1/2)
[2023-06-15T09:34:07.114+0000] {spark_submit.py:490} INFO - 23/06/15 09:34:07 INFO TaskSetManager: Finished task 0.0 in stage 5.0 (TID 10) in 83 ms on 172.27.0.2 (executor 0) (2/2)
[2023-06-15T09:34:07.114+0000] {spark_submit.py:490} INFO - 23/06/15 09:34:07 INFO TaskSchedulerImpl: Removed TaskSet 5.0, whose tasks have all completed, from pool
[2023-06-15T09:34:07.115+0000] {spark_submit.py:490} INFO - 23/06/15 09:34:07 INFO DAGScheduler: ResultStage 5 (json at NativeMethodAccessorImpl.java:0) finished in 0.095 s
[2023-06-15T09:34:07.116+0000] {spark_submit.py:490} INFO - 23/06/15 09:34:07 INFO DAGScheduler: Job 5 is finished. Cancelling potential speculative or zombie tasks for this job
[2023-06-15T09:34:07.117+0000] {spark_submit.py:490} INFO - 23/06/15 09:34:07 INFO TaskSchedulerImpl: Killing all running tasks in stage 5: Stage finished
[2023-06-15T09:34:07.117+0000] {spark_submit.py:490} INFO - 23/06/15 09:34:07 INFO DAGScheduler: Job 5 finished: json at NativeMethodAccessorImpl.java:0, took 0.099843 s
[2023-06-15T09:34:08.416+0000] {spark_submit.py:490} INFO - {'meta': {'symbol': 'NFLX', 'interval': '1h', 'currency': 'USD', 'exchange_timezone': 'America/New_York', 'exchange': 'NASDAQ', 'mic_code': 'XNGS', 'type': 'Common Stock'}, 'values': [{'datetime': '2021-01-13 15:30:00', 'open': '509.23999', 'high': '511.06000', 'low': '507.32999', 'close': '507.79001', 'volume': '559735'}, {'datetime': '2021-01-13 14:30:00', 'open': '507.92999', 'high': '510.80780', 'low': '506.34000', 'close': '509.34900', 'volume': '430895'}, {'datetime': '2021-01-13 13:30:00', 'open': '509.39999', 'high': '509.76001', 'low': '506.71500', 'close': '508.04999', 'volume': '427414'}, {'datetime': '2021-01-13 12:30:00', 'open': '511.38000', 'high': '512.35419', 'low': '509.14719', 'close': '509.41000', 'volume': '469019'}, {'datetime': '2021-01-13 11:30:00', 'open': '506.82001', 'high': '511.77499', 'low': '505.67001', 'close': '511.46960', 'volume': '598444'}, {'datetime': '2021-01-13 10:30:00', 'open': '505.12930', 'high': '507.42999', 'low': '503.49490', 'close': '506.64639', 'volume': '611587'}, {'datetime': '2021-01-13 09:30:00', 'open': '495.28000', 'high': '505.86200', 'low': '493.01001', 'close': '504.88000', 'volume': '1448259'}], 'status': 'ok'}
[2023-06-15T09:34:08.451+0000] {spark_submit.py:490} INFO - 23/06/15 09:34:08 INFO SparkContext: Starting job: json at NativeMethodAccessorImpl.java:0
[2023-06-15T09:34:08.452+0000] {spark_submit.py:490} INFO - 23/06/15 09:34:08 INFO DAGScheduler: Got job 6 (json at NativeMethodAccessorImpl.java:0) with 2 output partitions
[2023-06-15T09:34:08.453+0000] {spark_submit.py:490} INFO - 23/06/15 09:34:08 INFO DAGScheduler: Final stage: ResultStage 6 (json at NativeMethodAccessorImpl.java:0)
[2023-06-15T09:34:08.453+0000] {spark_submit.py:490} INFO - 23/06/15 09:34:08 INFO DAGScheduler: Parents of final stage: List()
[2023-06-15T09:34:08.453+0000] {spark_submit.py:490} INFO - 23/06/15 09:34:08 INFO DAGScheduler: Missing parents: List()
[2023-06-15T09:34:08.453+0000] {spark_submit.py:490} INFO - 23/06/15 09:34:08 INFO DAGScheduler: Submitting ResultStage 6 (MapPartitionsRDD[77] at json at NativeMethodAccessorImpl.java:0), which has no missing parents
[2023-06-15T09:34:08.456+0000] {spark_submit.py:490} INFO - 23/06/15 09:34:08 INFO MemoryStore: Block broadcast_6 stored as values in memory (estimated size 19.8 KiB, free 434.3 MiB)
[2023-06-15T09:34:08.458+0000] {spark_submit.py:490} INFO - 23/06/15 09:34:08 INFO MemoryStore: Block broadcast_6_piece0 stored as bytes in memory (estimated size 9.7 KiB, free 434.3 MiB)
[2023-06-15T09:34:08.459+0000] {spark_submit.py:490} INFO - 23/06/15 09:34:08 INFO BlockManagerInfo: Added broadcast_6_piece0 in memory on 69b643fc97df:34847 (size: 9.7 KiB, free: 434.4 MiB)
[2023-06-15T09:34:08.460+0000] {spark_submit.py:490} INFO - 23/06/15 09:34:08 INFO SparkContext: Created broadcast 6 from broadcast at DAGScheduler.scala:1535
[2023-06-15T09:34:08.460+0000] {spark_submit.py:490} INFO - 23/06/15 09:34:08 INFO DAGScheduler: Submitting 2 missing tasks from ResultStage 6 (MapPartitionsRDD[77] at json at NativeMethodAccessorImpl.java:0) (first 15 tasks are for partitions Vector(0, 1))
[2023-06-15T09:34:08.460+0000] {spark_submit.py:490} INFO - 23/06/15 09:34:08 INFO TaskSchedulerImpl: Adding task set 6.0 with 2 tasks resource profile 0
[2023-06-15T09:34:08.462+0000] {spark_submit.py:490} INFO - 23/06/15 09:34:08 INFO TaskSetManager: Starting task 0.0 in stage 6.0 (TID 12) (172.27.0.2, executor 0, partition 0, PROCESS_LOCAL, 7347 bytes)
[2023-06-15T09:34:08.462+0000] {spark_submit.py:490} INFO - 23/06/15 09:34:08 INFO TaskSetManager: Starting task 1.0 in stage 6.0 (TID 13) (172.27.0.2, executor 0, partition 1, PROCESS_LOCAL, 8078 bytes)
[2023-06-15T09:34:08.474+0000] {spark_submit.py:490} INFO - 23/06/15 09:34:08 INFO BlockManagerInfo: Added broadcast_6_piece0 in memory on 172.27.0.2:42597 (size: 9.7 KiB, free: 434.4 MiB)
[2023-06-15T09:34:08.533+0000] {spark_submit.py:490} INFO - 23/06/15 09:34:08 INFO TaskSetManager: Finished task 0.0 in stage 6.0 (TID 12) in 72 ms on 172.27.0.2 (executor 0) (1/2)
[2023-06-15T09:34:08.534+0000] {spark_submit.py:490} INFO - 23/06/15 09:34:08 INFO TaskSetManager: Finished task 1.0 in stage 6.0 (TID 13) in 72 ms on 172.27.0.2 (executor 0) (2/2)
[2023-06-15T09:34:08.534+0000] {spark_submit.py:490} INFO - 23/06/15 09:34:08 INFO TaskSchedulerImpl: Removed TaskSet 6.0, whose tasks have all completed, from pool
[2023-06-15T09:34:08.536+0000] {spark_submit.py:490} INFO - 23/06/15 09:34:08 INFO DAGScheduler: ResultStage 6 (json at NativeMethodAccessorImpl.java:0) finished in 0.082 s
[2023-06-15T09:34:08.537+0000] {spark_submit.py:490} INFO - 23/06/15 09:34:08 INFO DAGScheduler: Job 6 is finished. Cancelling potential speculative or zombie tasks for this job
[2023-06-15T09:34:08.537+0000] {spark_submit.py:490} INFO - 23/06/15 09:34:08 INFO TaskSchedulerImpl: Killing all running tasks in stage 6: Stage finished
[2023-06-15T09:34:08.537+0000] {spark_submit.py:490} INFO - 23/06/15 09:34:08 INFO DAGScheduler: Job 6 finished: json at NativeMethodAccessorImpl.java:0, took 0.085369 s
[2023-06-15T09:34:09.750+0000] {spark_submit.py:490} INFO - {'meta': {'symbol': 'NVDA', 'interval': '1h', 'currency': 'USD', 'exchange_timezone': 'America/New_York', 'exchange': 'NASDAQ', 'mic_code': 'XNGS', 'type': 'Common Stock'}, 'values': [{'datetime': '2021-01-13 15:30:00', 'open': '540.34003', 'high': '542.75000', 'low': '540.27002', 'close': '541.27002', 'volume': '566469'}, {'datetime': '2021-01-13 14:30:00', 'open': '542.96002', 'high': '544.19000', 'low': '540.26001', 'close': '540.38000', 'volume': '499461'}, {'datetime': '2021-01-13 13:30:00', 'open': '542.67987', 'high': '544.17999', 'low': '541.91998', 'close': '542.91998', 'volume': '482222'}, {'datetime': '2021-01-13 12:30:00', 'open': '540.08002', 'high': '542.76001', 'low': '538.61499', 'close': '542.66730', 'volume': '388974'}, {'datetime': '2021-01-13 11:30:00', 'open': '539.01007', 'high': '542.87000', 'low': '538.33002', 'close': '540.07001', 'volume': '595783'}, {'datetime': '2021-01-13 10:30:00', 'open': '539.33002', 'high': '541.00000', 'low': '536.62518', 'close': '539.23999', 'volume': '603551'}, {'datetime': '2021-01-13 09:30:00', 'open': '539.59857', 'high': '544.99988', 'low': '535.44000', 'close': '539.04999', 'volume': '1625269'}], 'status': 'ok'}
[2023-06-15T09:34:09.799+0000] {spark_submit.py:490} INFO - 23/06/15 09:34:09 INFO SparkContext: Starting job: json at NativeMethodAccessorImpl.java:0
[2023-06-15T09:34:09.800+0000] {spark_submit.py:490} INFO - 23/06/15 09:34:09 INFO DAGScheduler: Got job 7 (json at NativeMethodAccessorImpl.java:0) with 2 output partitions
[2023-06-15T09:34:09.800+0000] {spark_submit.py:490} INFO - 23/06/15 09:34:09 INFO DAGScheduler: Final stage: ResultStage 7 (json at NativeMethodAccessorImpl.java:0)
[2023-06-15T09:34:09.801+0000] {spark_submit.py:490} INFO - 23/06/15 09:34:09 INFO DAGScheduler: Parents of final stage: List()
[2023-06-15T09:34:09.801+0000] {spark_submit.py:490} INFO - 23/06/15 09:34:09 INFO DAGScheduler: Missing parents: List()
[2023-06-15T09:34:09.801+0000] {spark_submit.py:490} INFO - 23/06/15 09:34:09 INFO DAGScheduler: Submitting ResultStage 7 (MapPartitionsRDD[88] at json at NativeMethodAccessorImpl.java:0), which has no missing parents
[2023-06-15T09:34:09.804+0000] {spark_submit.py:490} INFO - 23/06/15 09:34:09 INFO MemoryStore: Block broadcast_7 stored as values in memory (estimated size 19.8 KiB, free 434.2 MiB)
[2023-06-15T09:34:09.807+0000] {spark_submit.py:490} INFO - 23/06/15 09:34:09 INFO MemoryStore: Block broadcast_7_piece0 stored as bytes in memory (estimated size 9.7 KiB, free 434.2 MiB)
[2023-06-15T09:34:09.807+0000] {spark_submit.py:490} INFO - 23/06/15 09:34:09 INFO BlockManagerInfo: Added broadcast_7_piece0 in memory on 69b643fc97df:34847 (size: 9.7 KiB, free: 434.3 MiB)
[2023-06-15T09:34:09.808+0000] {spark_submit.py:490} INFO - 23/06/15 09:34:09 INFO SparkContext: Created broadcast 7 from broadcast at DAGScheduler.scala:1535
[2023-06-15T09:34:09.808+0000] {spark_submit.py:490} INFO - 23/06/15 09:34:09 INFO DAGScheduler: Submitting 2 missing tasks from ResultStage 7 (MapPartitionsRDD[88] at json at NativeMethodAccessorImpl.java:0) (first 15 tasks are for partitions Vector(0, 1))
[2023-06-15T09:34:09.809+0000] {spark_submit.py:490} INFO - 23/06/15 09:34:09 INFO TaskSchedulerImpl: Adding task set 7.0 with 2 tasks resource profile 0
[2023-06-15T09:34:09.810+0000] {spark_submit.py:490} INFO - 23/06/15 09:34:09 INFO TaskSetManager: Starting task 0.0 in stage 7.0 (TID 14) (172.27.0.2, executor 0, partition 0, PROCESS_LOCAL, 7347 bytes)
[2023-06-15T09:34:09.811+0000] {spark_submit.py:490} INFO - 23/06/15 09:34:09 INFO TaskSetManager: Starting task 1.0 in stage 7.0 (TID 15) (172.27.0.2, executor 0, partition 1, PROCESS_LOCAL, 8078 bytes)
[2023-06-15T09:34:09.824+0000] {spark_submit.py:490} INFO - 23/06/15 09:34:09 INFO BlockManagerInfo: Added broadcast_7_piece0 in memory on 172.27.0.2:42597 (size: 9.7 KiB, free: 434.3 MiB)
[2023-06-15T09:34:09.883+0000] {spark_submit.py:490} INFO - 23/06/15 09:34:09 INFO TaskSetManager: Finished task 1.0 in stage 7.0 (TID 15) in 72 ms on 172.27.0.2 (executor 0) (1/2)
[2023-06-15T09:34:09.887+0000] {spark_submit.py:490} INFO - 23/06/15 09:34:09 INFO TaskSetManager: Finished task 0.0 in stage 7.0 (TID 14) in 78 ms on 172.27.0.2 (executor 0) (2/2)
[2023-06-15T09:34:09.888+0000] {spark_submit.py:490} INFO - 23/06/15 09:34:09 INFO TaskSchedulerImpl: Removed TaskSet 7.0, whose tasks have all completed, from pool
[2023-06-15T09:34:09.889+0000] {spark_submit.py:490} INFO - 23/06/15 09:34:09 INFO DAGScheduler: ResultStage 7 (json at NativeMethodAccessorImpl.java:0) finished in 0.086 s
[2023-06-15T09:34:09.889+0000] {spark_submit.py:490} INFO - 23/06/15 09:34:09 INFO DAGScheduler: Job 7 is finished. Cancelling potential speculative or zombie tasks for this job
[2023-06-15T09:34:09.890+0000] {spark_submit.py:490} INFO - 23/06/15 09:34:09 INFO TaskSchedulerImpl: Killing all running tasks in stage 7: Stage finished
[2023-06-15T09:34:09.890+0000] {spark_submit.py:490} INFO - 23/06/15 09:34:09 INFO DAGScheduler: Job 7 finished: json at NativeMethodAccessorImpl.java:0, took 0.090075 s
[2023-06-15T09:34:10.130+0000] {spark_submit.py:490} INFO - 23/06/15 09:34:10 INFO BlockManagerInfo: Removed broadcast_7_piece0 on 69b643fc97df:34847 in memory (size: 9.7 KiB, free: 434.4 MiB)
[2023-06-15T09:34:10.133+0000] {spark_submit.py:490} INFO - 23/06/15 09:34:10 INFO BlockManagerInfo: Removed broadcast_7_piece0 on 172.27.0.2:42597 in memory (size: 9.7 KiB, free: 434.4 MiB)
[2023-06-15T09:34:10.139+0000] {spark_submit.py:490} INFO - 23/06/15 09:34:10 INFO BlockManagerInfo: Removed broadcast_3_piece0 on 69b643fc97df:34847 in memory (size: 9.7 KiB, free: 434.4 MiB)
[2023-06-15T09:34:10.143+0000] {spark_submit.py:490} INFO - 23/06/15 09:34:10 INFO BlockManagerInfo: Removed broadcast_3_piece0 on 172.27.0.2:42597 in memory (size: 9.7 KiB, free: 434.4 MiB)
[2023-06-15T09:34:10.148+0000] {spark_submit.py:490} INFO - 23/06/15 09:34:10 INFO BlockManagerInfo: Removed broadcast_2_piece0 on 69b643fc97df:34847 in memory (size: 9.7 KiB, free: 434.4 MiB)
[2023-06-15T09:34:10.150+0000] {spark_submit.py:490} INFO - 23/06/15 09:34:10 INFO BlockManagerInfo: Removed broadcast_2_piece0 on 172.27.0.2:42597 in memory (size: 9.7 KiB, free: 434.4 MiB)
[2023-06-15T09:34:10.156+0000] {spark_submit.py:490} INFO - 23/06/15 09:34:10 INFO BlockManagerInfo: Removed broadcast_5_piece0 on 69b643fc97df:34847 in memory (size: 9.7 KiB, free: 434.4 MiB)
[2023-06-15T09:34:10.158+0000] {spark_submit.py:490} INFO - 23/06/15 09:34:10 INFO BlockManagerInfo: Removed broadcast_5_piece0 on 172.27.0.2:42597 in memory (size: 9.7 KiB, free: 434.4 MiB)
[2023-06-15T09:34:10.164+0000] {spark_submit.py:490} INFO - 23/06/15 09:34:10 INFO BlockManagerInfo: Removed broadcast_6_piece0 on 69b643fc97df:34847 in memory (size: 9.7 KiB, free: 434.4 MiB)
[2023-06-15T09:34:10.166+0000] {spark_submit.py:490} INFO - 23/06/15 09:34:10 INFO BlockManagerInfo: Removed broadcast_6_piece0 on 172.27.0.2:42597 in memory (size: 9.7 KiB, free: 434.4 MiB)
[2023-06-15T09:34:10.172+0000] {spark_submit.py:490} INFO - 23/06/15 09:34:10 INFO BlockManagerInfo: Removed broadcast_4_piece0 on 69b643fc97df:34847 in memory (size: 9.7 KiB, free: 434.4 MiB)
[2023-06-15T09:34:10.176+0000] {spark_submit.py:490} INFO - 23/06/15 09:34:10 INFO BlockManagerInfo: Removed broadcast_4_piece0 on 172.27.0.2:42597 in memory (size: 9.7 KiB, free: 434.4 MiB)
[2023-06-15T09:34:14.184+0000] {spark_submit.py:490} INFO - 23/06/15 09:34:14 INFO ParquetUtils: Using default output committer for Parquet: org.apache.parquet.hadoop.ParquetOutputCommitter
[2023-06-15T09:34:14.207+0000] {spark_submit.py:490} INFO - 23/06/15 09:34:14 INFO FileOutputCommitter: File Output Committer Algorithm version is 1
[2023-06-15T09:34:14.207+0000] {spark_submit.py:490} INFO - 23/06/15 09:34:14 INFO FileOutputCommitter: FileOutputCommitter skip cleanup _temporary folders under output directory:false, ignore cleanup failures: false
[2023-06-15T09:34:14.208+0000] {spark_submit.py:490} INFO - 23/06/15 09:34:14 INFO SQLHadoopMapReduceCommitProtocol: Using user defined output committer class org.apache.parquet.hadoop.ParquetOutputCommitter
[2023-06-15T09:34:14.209+0000] {spark_submit.py:490} INFO - 23/06/15 09:34:14 INFO FileOutputCommitter: File Output Committer Algorithm version is 1
[2023-06-15T09:34:14.209+0000] {spark_submit.py:490} INFO - 23/06/15 09:34:14 INFO FileOutputCommitter: FileOutputCommitter skip cleanup _temporary folders under output directory:false, ignore cleanup failures: false
[2023-06-15T09:34:14.210+0000] {spark_submit.py:490} INFO - 23/06/15 09:34:14 INFO SQLHadoopMapReduceCommitProtocol: Using output committer class org.apache.parquet.hadoop.ParquetOutputCommitter
[2023-06-15T09:34:15.644+0000] {spark_submit.py:490} INFO - 23/06/15 09:34:15 INFO CodeGenerator: Code generated in 31.010996 ms
[2023-06-15T09:34:15.665+0000] {spark_submit.py:490} INFO - 23/06/15 09:34:15 INFO CodeGenerator: Code generated in 13.854596 ms
[2023-06-15T09:34:15.683+0000] {spark_submit.py:490} INFO - 23/06/15 09:34:15 INFO CodeGenerator: Code generated in 12.523605 ms
[2023-06-15T09:34:15.699+0000] {spark_submit.py:490} INFO - 23/06/15 09:34:15 INFO CodeGenerator: Code generated in 11.49475 ms
[2023-06-15T09:34:15.717+0000] {spark_submit.py:490} INFO - 23/06/15 09:34:15 INFO CodeGenerator: Code generated in 12.229763 ms
[2023-06-15T09:34:15.734+0000] {spark_submit.py:490} INFO - 23/06/15 09:34:15 INFO CodeGenerator: Code generated in 11.08072 ms
[2023-06-15T09:34:15.750+0000] {spark_submit.py:490} INFO - 23/06/15 09:34:15 INFO CodeGenerator: Code generated in 10.56103 ms
[2023-06-15T09:34:15.765+0000] {spark_submit.py:490} INFO - 23/06/15 09:34:15 INFO CodeGenerator: Code generated in 9.952455 ms
[2023-06-15T09:34:15.780+0000] {spark_submit.py:490} INFO - 23/06/15 09:34:15 INFO CodeGenerator: Code generated in 9.716383 ms
[2023-06-15T09:34:15.808+0000] {spark_submit.py:490} INFO - 23/06/15 09:34:15 INFO SparkContext: Starting job: parquet at NativeMethodAccessorImpl.java:0
[2023-06-15T09:34:15.811+0000] {spark_submit.py:490} INFO - 23/06/15 09:34:15 INFO DAGScheduler: Got job 8 (parquet at NativeMethodAccessorImpl.java:0) with 1 output partitions
[2023-06-15T09:34:15.811+0000] {spark_submit.py:490} INFO - 23/06/15 09:34:15 INFO DAGScheduler: Final stage: ResultStage 8 (parquet at NativeMethodAccessorImpl.java:0)
[2023-06-15T09:34:15.812+0000] {spark_submit.py:490} INFO - 23/06/15 09:34:15 INFO DAGScheduler: Parents of final stage: List()
[2023-06-15T09:34:15.813+0000] {spark_submit.py:490} INFO - 23/06/15 09:34:15 INFO DAGScheduler: Missing parents: List()
[2023-06-15T09:34:15.814+0000] {spark_submit.py:490} INFO - 23/06/15 09:34:15 INFO DAGScheduler: Submitting ResultStage 8 (MapPartitionsRDD[104] at parquet at NativeMethodAccessorImpl.java:0), which has no missing parents
[2023-06-15T09:34:15.863+0000] {spark_submit.py:490} INFO - 23/06/15 09:34:15 INFO MemoryStore: Block broadcast_8 stored as values in memory (estimated size 276.6 KiB, free 434.1 MiB)
[2023-06-15T09:34:15.865+0000] {spark_submit.py:490} INFO - 23/06/15 09:34:15 INFO MemoryStore: Block broadcast_8_piece0 stored as bytes in memory (estimated size 93.1 KiB, free 434.0 MiB)
[2023-06-15T09:34:15.866+0000] {spark_submit.py:490} INFO - 23/06/15 09:34:15 INFO BlockManagerInfo: Added broadcast_8_piece0 in memory on 69b643fc97df:34847 (size: 93.1 KiB, free: 434.3 MiB)
[2023-06-15T09:34:15.867+0000] {spark_submit.py:490} INFO - 23/06/15 09:34:15 INFO SparkContext: Created broadcast 8 from broadcast at DAGScheduler.scala:1535
[2023-06-15T09:34:15.867+0000] {spark_submit.py:490} INFO - 23/06/15 09:34:15 INFO DAGScheduler: Submitting 1 missing tasks from ResultStage 8 (MapPartitionsRDD[104] at parquet at NativeMethodAccessorImpl.java:0) (first 15 tasks are for partitions Vector(0))
[2023-06-15T09:34:15.867+0000] {spark_submit.py:490} INFO - 23/06/15 09:34:15 INFO TaskSchedulerImpl: Adding task set 8.0 with 1 tasks resource profile 0
[2023-06-15T09:34:15.871+0000] {spark_submit.py:490} INFO - 23/06/15 09:34:15 INFO TaskSetManager: Starting task 0.0 in stage 8.0 (TID 16) (172.27.0.2, executor 0, partition 0, PROCESS_LOCAL, 14541 bytes)
[2023-06-15T09:34:15.893+0000] {spark_submit.py:490} INFO - 23/06/15 09:34:15 INFO BlockManagerInfo: Added broadcast_8_piece0 in memory on 172.27.0.2:42597 (size: 93.1 KiB, free: 434.3 MiB)
[2023-06-15T09:34:29.789+0000] {spark_submit.py:490} INFO - 23/06/15 09:34:29 INFO TaskSetManager: Finished task 0.0 in stage 8.0 (TID 16) in 13921 ms on 172.27.0.2 (executor 0) (1/1)
[2023-06-15T09:34:29.789+0000] {spark_submit.py:490} INFO - 23/06/15 09:34:29 INFO TaskSchedulerImpl: Removed TaskSet 8.0, whose tasks have all completed, from pool
[2023-06-15T09:34:29.790+0000] {spark_submit.py:490} INFO - 23/06/15 09:34:29 INFO DAGScheduler: ResultStage 8 (parquet at NativeMethodAccessorImpl.java:0) finished in 13.974 s
[2023-06-15T09:34:29.790+0000] {spark_submit.py:490} INFO - 23/06/15 09:34:29 INFO DAGScheduler: Job 8 is finished. Cancelling potential speculative or zombie tasks for this job
[2023-06-15T09:34:29.791+0000] {spark_submit.py:490} INFO - 23/06/15 09:34:29 INFO TaskSchedulerImpl: Killing all running tasks in stage 8: Stage finished
[2023-06-15T09:34:29.791+0000] {spark_submit.py:490} INFO - 23/06/15 09:34:29 INFO DAGScheduler: Job 8 finished: parquet at NativeMethodAccessorImpl.java:0, took 13.983289 s
[2023-06-15T09:34:29.797+0000] {spark_submit.py:490} INFO - 23/06/15 09:34:29 INFO FileFormatWriter: Start to commit write Job a7498e0d-5c30-440e-aa91-80abf290f813.
[2023-06-15T09:34:36.738+0000] {spark_submit.py:490} INFO - 23/06/15 09:34:36 INFO GoogleCloudStorageFileSystem: Successfully repaired 'gs://dtc-de-382609_bucket/stock_data/2021/01/_temporary/0/task_202306150934158034038888760896881_0008_m_000000/' directory.
[2023-06-15T09:34:39.291+0000] {spark_submit.py:490} INFO - 23/06/15 09:34:39 INFO GoogleCloudStorageFileSystem: Successfully repaired 'gs://dtc-de-382609_bucket/stock_data/2021/01/' directory.
[2023-06-15T09:34:40.994+0000] {spark_submit.py:490} INFO - 23/06/15 09:34:40 INFO BlockManagerInfo: Removed broadcast_8_piece0 on 69b643fc97df:34847 in memory (size: 93.1 KiB, free: 434.4 MiB)
[2023-06-15T09:34:40.997+0000] {spark_submit.py:490} INFO - 23/06/15 09:34:40 INFO BlockManagerInfo: Removed broadcast_8_piece0 on 172.27.0.2:42597 in memory (size: 93.1 KiB, free: 434.4 MiB)
[2023-06-15T09:34:42.313+0000] {spark_submit.py:490} INFO - 23/06/15 09:34:42 INFO FileFormatWriter: Write Job a7498e0d-5c30-440e-aa91-80abf290f813 committed. Elapsed time: 12514 ms.
[2023-06-15T09:34:42.316+0000] {spark_submit.py:490} INFO - 23/06/15 09:34:42 INFO FileFormatWriter: Finished processing stats for write job a7498e0d-5c30-440e-aa91-80abf290f813.
[2023-06-15T09:34:44.677+0000] {spark_submit.py:490} INFO - 23/06/15 09:34:44 INFO InMemoryFileIndex: It took 973 ms to list leaf files for 1 paths.
[2023-06-15T09:34:44.740+0000] {spark_submit.py:490} INFO - 23/06/15 09:34:44 INFO SparkContext: Starting job: load at NativeMethodAccessorImpl.java:0
[2023-06-15T09:34:44.741+0000] {spark_submit.py:490} INFO - 23/06/15 09:34:44 INFO DAGScheduler: Got job 9 (load at NativeMethodAccessorImpl.java:0) with 1 output partitions
[2023-06-15T09:34:44.741+0000] {spark_submit.py:490} INFO - 23/06/15 09:34:44 INFO DAGScheduler: Final stage: ResultStage 9 (load at NativeMethodAccessorImpl.java:0)
[2023-06-15T09:34:44.741+0000] {spark_submit.py:490} INFO - 23/06/15 09:34:44 INFO DAGScheduler: Parents of final stage: List()
[2023-06-15T09:34:44.741+0000] {spark_submit.py:490} INFO - 23/06/15 09:34:44 INFO DAGScheduler: Missing parents: List()
[2023-06-15T09:34:44.742+0000] {spark_submit.py:490} INFO - 23/06/15 09:34:44 INFO DAGScheduler: Submitting ResultStage 9 (MapPartitionsRDD[106] at load at NativeMethodAccessorImpl.java:0), which has no missing parents
[2023-06-15T09:34:44.754+0000] {spark_submit.py:490} INFO - 23/06/15 09:34:44 INFO MemoryStore: Block broadcast_9 stored as values in memory (estimated size 103.5 KiB, free 434.3 MiB)
[2023-06-15T09:34:44.764+0000] {spark_submit.py:490} INFO - 23/06/15 09:34:44 INFO MemoryStore: Block broadcast_9_piece0 stored as bytes in memory (estimated size 37.4 KiB, free 434.3 MiB)
[2023-06-15T09:34:44.766+0000] {spark_submit.py:490} INFO - 23/06/15 09:34:44 INFO BlockManagerInfo: Added broadcast_9_piece0 in memory on 69b643fc97df:34847 (size: 37.4 KiB, free: 434.4 MiB)
[2023-06-15T09:34:44.766+0000] {spark_submit.py:490} INFO - 23/06/15 09:34:44 INFO SparkContext: Created broadcast 9 from broadcast at DAGScheduler.scala:1535
[2023-06-15T09:34:44.767+0000] {spark_submit.py:490} INFO - 23/06/15 09:34:44 INFO DAGScheduler: Submitting 1 missing tasks from ResultStage 9 (MapPartitionsRDD[106] at load at NativeMethodAccessorImpl.java:0) (first 15 tasks are for partitions Vector(0))
[2023-06-15T09:34:44.767+0000] {spark_submit.py:490} INFO - 23/06/15 09:34:44 INFO TaskSchedulerImpl: Adding task set 9.0 with 1 tasks resource profile 0
[2023-06-15T09:34:44.768+0000] {spark_submit.py:490} INFO - 23/06/15 09:34:44 INFO TaskSetManager: Starting task 0.0 in stage 9.0 (TID 17) (172.27.0.2, executor 0, partition 0, PROCESS_LOCAL, 7574 bytes)
[2023-06-15T09:34:44.794+0000] {spark_submit.py:490} INFO - 23/06/15 09:34:44 INFO BlockManagerInfo: Added broadcast_9_piece0 in memory on 172.27.0.2:42597 (size: 37.4 KiB, free: 434.4 MiB)
[2023-06-15T09:34:46.624+0000] {spark_submit.py:490} INFO - 23/06/15 09:34:46 INFO TaskSetManager: Finished task 0.0 in stage 9.0 (TID 17) in 1856 ms on 172.27.0.2 (executor 0) (1/1)
[2023-06-15T09:34:46.624+0000] {spark_submit.py:490} INFO - 23/06/15 09:34:46 INFO TaskSchedulerImpl: Removed TaskSet 9.0, whose tasks have all completed, from pool
[2023-06-15T09:34:46.624+0000] {spark_submit.py:490} INFO - 23/06/15 09:34:46 INFO DAGScheduler: ResultStage 9 (load at NativeMethodAccessorImpl.java:0) finished in 1.882 s
[2023-06-15T09:34:46.625+0000] {spark_submit.py:490} INFO - 23/06/15 09:34:46 INFO DAGScheduler: Job 9 is finished. Cancelling potential speculative or zombie tasks for this job
[2023-06-15T09:34:46.625+0000] {spark_submit.py:490} INFO - 23/06/15 09:34:46 INFO TaskSchedulerImpl: Killing all running tasks in stage 9: Stage finished
[2023-06-15T09:34:46.625+0000] {spark_submit.py:490} INFO - 23/06/15 09:34:46 INFO DAGScheduler: Job 9 finished: load at NativeMethodAccessorImpl.java:0, took 1.884992 s
[2023-06-15T09:34:46.679+0000] {spark_submit.py:490} INFO - 23/06/15 09:34:46 INFO FileSourceStrategy: Pushed Filters:
[2023-06-15T09:34:46.680+0000] {spark_submit.py:490} INFO - 23/06/15 09:34:46 INFO FileSourceStrategy: Post-Scan Filters:
[2023-06-15T09:34:46.741+0000] {spark_submit.py:490} INFO - 23/06/15 09:34:46 INFO CodeGenerator: Code generated in 27.238467 ms
[2023-06-15T09:34:46.763+0000] {spark_submit.py:490} INFO - 23/06/15 09:34:46 INFO MemoryStore: Block broadcast_10 stored as values in memory (estimated size 202.4 KiB, free 434.1 MiB)
[2023-06-15T09:34:46.775+0000] {spark_submit.py:490} INFO - 23/06/15 09:34:46 INFO MemoryStore: Block broadcast_10_piece0 stored as bytes in memory (estimated size 35.1 KiB, free 434.0 MiB)
[2023-06-15T09:34:46.776+0000] {spark_submit.py:490} INFO - 23/06/15 09:34:46 INFO BlockManagerInfo: Added broadcast_10_piece0 in memory on 69b643fc97df:34847 (size: 35.1 KiB, free: 434.3 MiB)
[2023-06-15T09:34:46.776+0000] {spark_submit.py:490} INFO - 23/06/15 09:34:46 INFO SparkContext: Created broadcast 10 from showString at NativeMethodAccessorImpl.java:0
[2023-06-15T09:34:46.789+0000] {spark_submit.py:490} INFO - 23/06/15 09:34:46 INFO FileSourceScanExec: Planning scan with bin packing, max size: 4194304 bytes, open cost is considered as scanning 4194304 bytes.
[2023-06-15T09:34:46.829+0000] {spark_submit.py:490} INFO - 23/06/15 09:34:46 INFO SparkContext: Starting job: showString at NativeMethodAccessorImpl.java:0
[2023-06-15T09:34:46.830+0000] {spark_submit.py:490} INFO - 23/06/15 09:34:46 INFO DAGScheduler: Got job 10 (showString at NativeMethodAccessorImpl.java:0) with 1 output partitions
[2023-06-15T09:34:46.831+0000] {spark_submit.py:490} INFO - 23/06/15 09:34:46 INFO DAGScheduler: Final stage: ResultStage 10 (showString at NativeMethodAccessorImpl.java:0)
[2023-06-15T09:34:46.831+0000] {spark_submit.py:490} INFO - 23/06/15 09:34:46 INFO DAGScheduler: Parents of final stage: List()
[2023-06-15T09:34:46.832+0000] {spark_submit.py:490} INFO - 23/06/15 09:34:46 INFO DAGScheduler: Missing parents: List()
[2023-06-15T09:34:46.833+0000] {spark_submit.py:490} INFO - 23/06/15 09:34:46 INFO DAGScheduler: Submitting ResultStage 10 (MapPartitionsRDD[110] at showString at NativeMethodAccessorImpl.java:0), which has no missing parents
[2023-06-15T09:34:46.852+0000] {spark_submit.py:490} INFO - 23/06/15 09:34:46 INFO MemoryStore: Block broadcast_11 stored as values in memory (estimated size 16.1 KiB, free 434.0 MiB)
[2023-06-15T09:34:46.855+0000] {spark_submit.py:490} INFO - 23/06/15 09:34:46 INFO MemoryStore: Block broadcast_11_piece0 stored as bytes in memory (estimated size 6.3 KiB, free 434.0 MiB)
[2023-06-15T09:34:46.857+0000] {spark_submit.py:490} INFO - 23/06/15 09:34:46 INFO BlockManagerInfo: Added broadcast_11_piece0 in memory on 69b643fc97df:34847 (size: 6.3 KiB, free: 434.3 MiB)
[2023-06-15T09:34:46.858+0000] {spark_submit.py:490} INFO - 23/06/15 09:34:46 INFO SparkContext: Created broadcast 11 from broadcast at DAGScheduler.scala:1535
[2023-06-15T09:34:46.859+0000] {spark_submit.py:490} INFO - 23/06/15 09:34:46 INFO DAGScheduler: Submitting 1 missing tasks from ResultStage 10 (MapPartitionsRDD[110] at showString at NativeMethodAccessorImpl.java:0) (first 15 tasks are for partitions Vector(0))
[2023-06-15T09:34:46.860+0000] {spark_submit.py:490} INFO - 23/06/15 09:34:46 INFO TaskSchedulerImpl: Adding task set 10.0 with 1 tasks resource profile 0
[2023-06-15T09:34:46.865+0000] {spark_submit.py:490} INFO - 23/06/15 09:34:46 INFO TaskSetManager: Starting task 0.0 in stage 10.0 (TID 18) (172.27.0.2, executor 0, partition 0, PROCESS_LOCAL, 7996 bytes)
[2023-06-15T09:34:46.891+0000] {spark_submit.py:490} INFO - 23/06/15 09:34:46 INFO BlockManagerInfo: Added broadcast_11_piece0 in memory on 172.27.0.2:42597 (size: 6.3 KiB, free: 434.4 MiB)
[2023-06-15T09:34:47.000+0000] {spark_submit.py:490} INFO - 23/06/15 09:34:46 INFO BlockManagerInfo: Added broadcast_10_piece0 in memory on 172.27.0.2:42597 (size: 35.1 KiB, free: 434.3 MiB)
[2023-06-15T09:34:51.142+0000] {spark_submit.py:490} INFO - 23/06/15 09:34:51 INFO TaskSetManager: Finished task 0.0 in stage 10.0 (TID 18) in 4281 ms on 172.27.0.2 (executor 0) (1/1)
[2023-06-15T09:34:51.143+0000] {spark_submit.py:490} INFO - 23/06/15 09:34:51 INFO TaskSchedulerImpl: Removed TaskSet 10.0, whose tasks have all completed, from pool
[2023-06-15T09:34:51.143+0000] {spark_submit.py:490} INFO - 23/06/15 09:34:51 INFO DAGScheduler: ResultStage 10 (showString at NativeMethodAccessorImpl.java:0) finished in 4.309 s
[2023-06-15T09:34:51.143+0000] {spark_submit.py:490} INFO - 23/06/15 09:34:51 INFO DAGScheduler: Job 10 is finished. Cancelling potential speculative or zombie tasks for this job
[2023-06-15T09:34:51.144+0000] {spark_submit.py:490} INFO - 23/06/15 09:34:51 INFO TaskSchedulerImpl: Killing all running tasks in stage 10: Stage finished
[2023-06-15T09:34:51.144+0000] {spark_submit.py:490} INFO - 23/06/15 09:34:51 INFO DAGScheduler: Job 10 finished: showString at NativeMethodAccessorImpl.java:0, took 4.314496 s
[2023-06-15T09:34:51.175+0000] {spark_submit.py:490} INFO - 23/06/15 09:34:51 INFO CodeGenerator: Code generated in 14.28776 ms
[2023-06-15T09:34:51.184+0000] {spark_submit.py:490} INFO - +-------------------+------+----------+----------+----------+----------+--------+
[2023-06-15T09:34:51.184+0000] {spark_submit.py:490} INFO - |           datetime|symbol|      open|      high|       low|     close|  volume|
[2023-06-15T09:34:51.184+0000] {spark_submit.py:490} INFO - +-------------------+------+----------+----------+----------+----------+--------+
[2023-06-15T09:34:51.185+0000] {spark_submit.py:490} INFO - |2021-01-13 15:30:00|  AAPL| 130.67000| 131.13000| 130.60001| 130.88000| 6947603|
[2023-06-15T09:34:51.185+0000] {spark_submit.py:490} INFO - |2021-01-13 14:30:00|  AAPL| 130.92000| 131.14000| 130.63000| 130.67500| 6262563|
[2023-06-15T09:34:51.185+0000] {spark_submit.py:490} INFO - |2021-01-13 13:30:00|  AAPL| 130.88499| 131.16000| 130.73061| 130.92050| 6062799|
[2023-06-15T09:34:51.185+0000] {spark_submit.py:490} INFO - |2021-01-13 12:30:00|  AAPL| 130.72501| 131.28999| 130.42000| 130.88130| 8534756|
[2023-06-15T09:34:51.185+0000] {spark_submit.py:490} INFO - |2021-01-13 11:30:00|  AAPL| 131.24001| 131.45000| 130.50000| 130.72650|11875310|
[2023-06-15T09:34:51.185+0000] {spark_submit.py:490} INFO - |2021-01-13 10:30:00|  AAPL| 130.05000| 131.44000| 130.05000| 131.25000|15780144|
[2023-06-15T09:34:51.185+0000] {spark_submit.py:490} INFO - |2021-01-13 09:30:00|  AAPL| 128.68950| 130.20010| 128.49001| 130.04350|23225796|
[2023-06-15T09:34:51.185+0000] {spark_submit.py:490} INFO - |2021-01-13 15:30:00|  MSFT| 216.28000| 216.75999| 216.24001| 216.34000| 2001392|
[2023-06-15T09:34:51.185+0000] {spark_submit.py:490} INFO - |2021-01-13 14:30:00|  MSFT| 216.48000| 216.60500| 216.16000| 216.29210| 1412020|
[2023-06-15T09:34:51.186+0000] {spark_submit.py:490} INFO - |2021-01-13 13:30:00|  MSFT| 216.02000| 216.60001| 215.73000| 216.47000| 1953212|
[2023-06-15T09:34:51.186+0000] {spark_submit.py:490} INFO - |2021-01-13 12:30:00|  MSFT| 215.52100| 216.14000| 215.09000| 216.03000| 1703337|
[2023-06-15T09:34:51.186+0000] {spark_submit.py:490} INFO - |2021-01-13 11:30:00|  MSFT| 215.58000| 216.17999| 215.17000| 215.50999| 1732185|
[2023-06-15T09:34:51.186+0000] {spark_submit.py:490} INFO - |2021-01-13 10:30:00|  MSFT| 214.95000| 215.98000| 214.86000| 215.58099| 2912006|
[2023-06-15T09:34:51.186+0000] {spark_submit.py:490} INFO - |2021-01-13 09:30:00|  MSFT| 213.98000| 215.58000| 213.93311| 214.94000| 4492810|
[2023-06-15T09:34:51.186+0000] {spark_submit.py:490} INFO - |2021-01-13 15:30:00|  GOOG|1752.32996|1759.48999|1750.79004|1754.40002|  167703|
[2023-06-15T09:34:51.186+0000] {spark_submit.py:490} INFO - |2021-01-13 14:30:00|  GOOG|1755.81006|1756.22498|1745.02002|1750.55005|  165323|
[2023-06-15T09:34:51.186+0000] {spark_submit.py:490} INFO - |2021-01-13 13:30:00|  GOOG|1755.50000|1759.04004|1754.37000|1755.90332|   88723|
[2023-06-15T09:34:51.186+0000] {spark_submit.py:490} INFO - |2021-01-13 12:30:00|  GOOG|1758.53003|1761.18994|1754.30005|1756.43005|   76720|
[2023-06-15T09:34:51.186+0000] {spark_submit.py:490} INFO - |2021-01-13 11:30:00|  GOOG|1763.84998|1763.98999|1751.31006|1755.77734|   98704|
[2023-06-15T09:34:51.186+0000] {spark_submit.py:490} INFO - |2021-01-13 10:30:00|  GOOG|1755.54004|1765.00000|1755.07996|1763.88000|  142460|
[2023-06-15T09:34:51.186+0000] {spark_submit.py:490} INFO - +-------------------+------+----------+----------+----------+----------+--------+
[2023-06-15T09:34:51.186+0000] {spark_submit.py:490} INFO - only showing top 20 rows
[2023-06-15T09:34:51.186+0000] {spark_submit.py:490} INFO - 
[2023-06-15T09:34:51.278+0000] {spark_submit.py:490} INFO - 23/06/15 09:34:51 INFO SparkContext: Invoking stop() from shutdown hook
[2023-06-15T09:34:51.278+0000] {spark_submit.py:490} INFO - 23/06/15 09:34:51 INFO SparkContext: SparkContext is stopping with exitCode 0.
[2023-06-15T09:34:51.288+0000] {spark_submit.py:490} INFO - 23/06/15 09:34:51 INFO SparkUI: Stopped Spark web UI at http://69b643fc97df:4040
[2023-06-15T09:34:51.292+0000] {spark_submit.py:490} INFO - 23/06/15 09:34:51 INFO StandaloneSchedulerBackend: Shutting down all executors
[2023-06-15T09:34:51.293+0000] {spark_submit.py:490} INFO - 23/06/15 09:34:51 INFO StandaloneSchedulerBackend$StandaloneDriverEndpoint: Asking each executor to shut down
[2023-06-15T09:34:51.316+0000] {spark_submit.py:490} INFO - 23/06/15 09:34:51 INFO MapOutputTrackerMasterEndpoint: MapOutputTrackerMasterEndpoint stopped!
[2023-06-15T09:34:51.333+0000] {spark_submit.py:490} INFO - 23/06/15 09:34:51 INFO MemoryStore: MemoryStore cleared
[2023-06-15T09:34:51.334+0000] {spark_submit.py:490} INFO - 23/06/15 09:34:51 INFO BlockManager: BlockManager stopped
[2023-06-15T09:34:51.336+0000] {spark_submit.py:490} INFO - 23/06/15 09:34:51 INFO BlockManagerMaster: BlockManagerMaster stopped
[2023-06-15T09:34:51.340+0000] {spark_submit.py:490} INFO - 23/06/15 09:34:51 INFO OutputCommitCoordinator$OutputCommitCoordinatorEndpoint: OutputCommitCoordinator stopped!
[2023-06-15T09:34:51.347+0000] {spark_submit.py:490} INFO - 23/06/15 09:34:51 INFO SparkContext: Successfully stopped SparkContext
[2023-06-15T09:34:51.347+0000] {spark_submit.py:490} INFO - 23/06/15 09:34:51 INFO ShutdownHookManager: Shutdown hook called
[2023-06-15T09:34:51.348+0000] {spark_submit.py:490} INFO - 23/06/15 09:34:51 INFO ShutdownHookManager: Deleting directory /tmp/spark-5a398624-9ba1-4763-b6cb-4e55b75a3725
[2023-06-15T09:34:51.351+0000] {spark_submit.py:490} INFO - 23/06/15 09:34:51 INFO ShutdownHookManager: Deleting directory /tmp/spark-b7f5a18e-03de-4097-8c7e-68282709c12b/pyspark-4bf96ff4-e275-479a-ba4b-ce3588844f58
[2023-06-15T09:34:51.354+0000] {spark_submit.py:490} INFO - 23/06/15 09:34:51 INFO ShutdownHookManager: Deleting directory /tmp/spark-b7f5a18e-03de-4097-8c7e-68282709c12b
[2023-06-15T09:34:51.423+0000] {taskinstance.py:1345} INFO - Marking task as SUCCESS. dag_id=upload_to_gcs, task_id=spark_load_stock_data, execution_date=20210113T000000, start_date=20230615T093346, end_date=20230615T093451
[2023-06-15T09:34:51.472+0000] {local_task_job_runner.py:225} INFO - Task exited with return code 0
[2023-06-15T09:34:51.511+0000] {taskinstance.py:2651} INFO - 0 downstream tasks scheduled from follow-on schedule check
