[2023-06-15T09:38:21.809+0000] {taskinstance.py:1103} INFO - Dependencies all met for dep_context=non-requeueable deps ti=<TaskInstance: upload_to_gcs.spark_load_stock_data backfill__2021-01-17T00:00:00+00:00 [queued]>
[2023-06-15T09:38:21.817+0000] {taskinstance.py:1103} INFO - Dependencies all met for dep_context=requeueable deps ti=<TaskInstance: upload_to_gcs.spark_load_stock_data backfill__2021-01-17T00:00:00+00:00 [queued]>
[2023-06-15T09:38:21.817+0000] {taskinstance.py:1308} INFO - Starting attempt 1 of 2
[2023-06-15T09:38:21.834+0000] {taskinstance.py:1327} INFO - Executing <Task(SparkSubmitOperator): spark_load_stock_data> on 2021-01-17 00:00:00+00:00
[2023-06-15T09:38:21.839+0000] {standard_task_runner.py:57} INFO - Started process 4291 to run task
[2023-06-15T09:38:21.841+0000] {standard_task_runner.py:84} INFO - Running: ['***', 'tasks', 'run', 'upload_to_gcs', 'spark_load_stock_data', 'backfill__2021-01-17T00:00:00+00:00', '--job-id', '389', '--pool', 'default_pool', '--raw', '--subdir', 'DAGS_FOLDER/upload_to_gcs.py', '--cfg-path', '/tmp/tmppfxq693a']
[2023-06-15T09:38:21.842+0000] {standard_task_runner.py:85} INFO - Job 389: Subtask spark_load_stock_data
[2023-06-15T09:38:21.878+0000] {task_command.py:410} INFO - Running <TaskInstance: upload_to_gcs.spark_load_stock_data backfill__2021-01-17T00:00:00+00:00 [running]> on host 69b643fc97df
[2023-06-15T09:38:21.944+0000] {taskinstance.py:1545} INFO - Exporting env vars: AIRFLOW_CTX_DAG_OWNER='***' AIRFLOW_CTX_DAG_ID='upload_to_gcs' AIRFLOW_CTX_TASK_ID='spark_load_stock_data' AIRFLOW_CTX_EXECUTION_DATE='2021-01-17T00:00:00+00:00' AIRFLOW_CTX_TRY_NUMBER='1' AIRFLOW_CTX_DAG_RUN_ID='backfill__2021-01-17T00:00:00+00:00'
[2023-06-15T09:38:21.950+0000] {base.py:73} INFO - Using connection ID 'spark_default' for task execution.
[2023-06-15T09:38:21.951+0000] {spark_submit.py:339} INFO - Spark-Submit cmd: spark-submit --master spark://spark:7077 --name arrow-spark --verbose /opt/spark/app/load_data.py 2021-01-17 2efb4e0c80a041b794abaf4369e76869 dtc-de-382609_bucket
[2023-06-15T09:38:21.967+0000] {spark_submit.py:490} INFO - /opt/***/spark/spark-3.4.0-bin-hadoop3/bin/load-spark-env.sh: line 68: ps: command not found
[2023-06-15T09:38:23.118+0000] {spark_submit.py:490} INFO - Using properties file: null
[2023-06-15T09:38:23.240+0000] {spark_submit.py:490} INFO - Parsed arguments:
[2023-06-15T09:38:23.240+0000] {spark_submit.py:490} INFO - master                  spark://spark:7077
[2023-06-15T09:38:23.240+0000] {spark_submit.py:490} INFO - remote                  null
[2023-06-15T09:38:23.240+0000] {spark_submit.py:490} INFO - deployMode              null
[2023-06-15T09:38:23.240+0000] {spark_submit.py:490} INFO - executorMemory          null
[2023-06-15T09:38:23.240+0000] {spark_submit.py:490} INFO - executorCores           null
[2023-06-15T09:38:23.240+0000] {spark_submit.py:490} INFO - totalExecutorCores      null
[2023-06-15T09:38:23.240+0000] {spark_submit.py:490} INFO - propertiesFile          null
[2023-06-15T09:38:23.240+0000] {spark_submit.py:490} INFO - driverMemory            null
[2023-06-15T09:38:23.240+0000] {spark_submit.py:490} INFO - driverCores             null
[2023-06-15T09:38:23.241+0000] {spark_submit.py:490} INFO - driverExtraClassPath    null
[2023-06-15T09:38:23.241+0000] {spark_submit.py:490} INFO - driverExtraLibraryPath  null
[2023-06-15T09:38:23.241+0000] {spark_submit.py:490} INFO - driverExtraJavaOptions  null
[2023-06-15T09:38:23.241+0000] {spark_submit.py:490} INFO - supervise               false
[2023-06-15T09:38:23.241+0000] {spark_submit.py:490} INFO - queue                   null
[2023-06-15T09:38:23.241+0000] {spark_submit.py:490} INFO - numExecutors            null
[2023-06-15T09:38:23.241+0000] {spark_submit.py:490} INFO - files                   null
[2023-06-15T09:38:23.241+0000] {spark_submit.py:490} INFO - pyFiles                 null
[2023-06-15T09:38:23.241+0000] {spark_submit.py:490} INFO - archives                null
[2023-06-15T09:38:23.241+0000] {spark_submit.py:490} INFO - mainClass               null
[2023-06-15T09:38:23.241+0000] {spark_submit.py:490} INFO - primaryResource         file:/opt/spark/app/load_data.py
[2023-06-15T09:38:23.241+0000] {spark_submit.py:490} INFO - name                    arrow-spark
[2023-06-15T09:38:23.241+0000] {spark_submit.py:490} INFO - childArgs               [2021-01-17 2efb4e0c80a041b794abaf4369e76869 dtc-de-382609_bucket]
[2023-06-15T09:38:23.241+0000] {spark_submit.py:490} INFO - jars                    null
[2023-06-15T09:38:23.241+0000] {spark_submit.py:490} INFO - packages                null
[2023-06-15T09:38:23.242+0000] {spark_submit.py:490} INFO - packagesExclusions      null
[2023-06-15T09:38:23.242+0000] {spark_submit.py:490} INFO - repositories            null
[2023-06-15T09:38:23.242+0000] {spark_submit.py:490} INFO - verbose                 true
[2023-06-15T09:38:23.242+0000] {spark_submit.py:490} INFO - 
[2023-06-15T09:38:23.242+0000] {spark_submit.py:490} INFO - Spark properties used, including those specified through
[2023-06-15T09:38:23.242+0000] {spark_submit.py:490} INFO - --conf and those from the properties file null:
[2023-06-15T09:38:23.242+0000] {spark_submit.py:490} INFO - 
[2023-06-15T09:38:23.242+0000] {spark_submit.py:490} INFO - 
[2023-06-15T09:38:23.242+0000] {spark_submit.py:490} INFO - 
[2023-06-15T09:38:23.499+0000] {spark_submit.py:490} INFO - Main class:
[2023-06-15T09:38:23.499+0000] {spark_submit.py:490} INFO - org.apache.spark.deploy.PythonRunner
[2023-06-15T09:38:23.499+0000] {spark_submit.py:490} INFO - Arguments:
[2023-06-15T09:38:23.499+0000] {spark_submit.py:490} INFO - file:/opt/spark/app/load_data.py
[2023-06-15T09:38:23.499+0000] {spark_submit.py:490} INFO - null
[2023-06-15T09:38:23.500+0000] {spark_submit.py:490} INFO - 2021-01-17
[2023-06-15T09:38:23.500+0000] {spark_submit.py:490} INFO - 2efb4e0c80a041b794abaf4369e76869
[2023-06-15T09:38:23.500+0000] {spark_submit.py:490} INFO - dtc-de-382609_bucket
[2023-06-15T09:38:23.503+0000] {spark_submit.py:490} INFO - Spark config:
[2023-06-15T09:38:23.503+0000] {spark_submit.py:490} INFO - (spark.app.name,arrow-spark)
[2023-06-15T09:38:23.503+0000] {spark_submit.py:490} INFO - (spark.app.submitTime,1686821903485)
[2023-06-15T09:38:23.503+0000] {spark_submit.py:490} INFO - (spark.master,spark://spark:7077)
[2023-06-15T09:38:23.503+0000] {spark_submit.py:490} INFO - (spark.submit.deployMode,client)
[2023-06-15T09:38:23.504+0000] {spark_submit.py:490} INFO - (spark.submit.pyFiles,)
[2023-06-15T09:38:23.504+0000] {spark_submit.py:490} INFO - Classpath elements:
[2023-06-15T09:38:23.504+0000] {spark_submit.py:490} INFO - 
[2023-06-15T09:38:23.504+0000] {spark_submit.py:490} INFO - 
[2023-06-15T09:38:23.504+0000] {spark_submit.py:490} INFO - 
[2023-06-15T09:38:24.581+0000] {spark_submit.py:490} INFO - 23/06/15 09:38:24 INFO SparkContext: Running Spark version 3.4.0
[2023-06-15T09:38:24.636+0000] {spark_submit.py:490} INFO - 23/06/15 09:38:24 WARN NativeCodeLoader: Unable to load native-hadoop library for your platform... using builtin-java classes where applicable
[2023-06-15T09:38:24.727+0000] {spark_submit.py:490} INFO - 23/06/15 09:38:24 INFO ResourceUtils: ==============================================================
[2023-06-15T09:38:24.727+0000] {spark_submit.py:490} INFO - 23/06/15 09:38:24 INFO ResourceUtils: No custom resources configured for spark.driver.
[2023-06-15T09:38:24.728+0000] {spark_submit.py:490} INFO - 23/06/15 09:38:24 INFO ResourceUtils: ==============================================================
[2023-06-15T09:38:24.728+0000] {spark_submit.py:490} INFO - 23/06/15 09:38:24 INFO SparkContext: Submitted application: SparkUploadData
[2023-06-15T09:38:24.753+0000] {spark_submit.py:490} INFO - 23/06/15 09:38:24 INFO ResourceProfile: Default ResourceProfile created, executor resources: Map(memory -> name: memory, amount: 1024, script: , vendor: , offHeap -> name: offHeap, amount: 0, script: , vendor: ), task resources: Map(cpus -> name: cpus, amount: 1.0)
[2023-06-15T09:38:24.770+0000] {spark_submit.py:490} INFO - 23/06/15 09:38:24 INFO ResourceProfile: Limiting resource is cpu
[2023-06-15T09:38:24.771+0000] {spark_submit.py:490} INFO - 23/06/15 09:38:24 INFO ResourceProfileManager: Added ResourceProfile id: 0
[2023-06-15T09:38:24.828+0000] {spark_submit.py:490} INFO - 23/06/15 09:38:24 INFO SecurityManager: Changing view acls to: default
[2023-06-15T09:38:24.828+0000] {spark_submit.py:490} INFO - 23/06/15 09:38:24 INFO SecurityManager: Changing modify acls to: default
[2023-06-15T09:38:24.829+0000] {spark_submit.py:490} INFO - 23/06/15 09:38:24 INFO SecurityManager: Changing view acls groups to:
[2023-06-15T09:38:24.830+0000] {spark_submit.py:490} INFO - 23/06/15 09:38:24 INFO SecurityManager: Changing modify acls groups to:
[2023-06-15T09:38:24.830+0000] {spark_submit.py:490} INFO - 23/06/15 09:38:24 INFO SecurityManager: SecurityManager: authentication disabled; ui acls disabled; users with view permissions: default; groups with view permissions: EMPTY; users with modify permissions: default; groups with modify permissions: EMPTY
[2023-06-15T09:38:25.049+0000] {spark_submit.py:490} INFO - 23/06/15 09:38:25 INFO Utils: Successfully started service 'sparkDriver' on port 35191.
[2023-06-15T09:38:25.076+0000] {spark_submit.py:490} INFO - 23/06/15 09:38:25 INFO SparkEnv: Registering MapOutputTracker
[2023-06-15T09:38:25.109+0000] {spark_submit.py:490} INFO - 23/06/15 09:38:25 INFO SparkEnv: Registering BlockManagerMaster
[2023-06-15T09:38:25.130+0000] {spark_submit.py:490} INFO - 23/06/15 09:38:25 INFO BlockManagerMasterEndpoint: Using org.apache.spark.storage.DefaultTopologyMapper for getting topology information
[2023-06-15T09:38:25.130+0000] {spark_submit.py:490} INFO - 23/06/15 09:38:25 INFO BlockManagerMasterEndpoint: BlockManagerMasterEndpoint up
[2023-06-15T09:38:25.134+0000] {spark_submit.py:490} INFO - 23/06/15 09:38:25 INFO SparkEnv: Registering BlockManagerMasterHeartbeat
[2023-06-15T09:38:25.153+0000] {spark_submit.py:490} INFO - 23/06/15 09:38:25 INFO DiskBlockManager: Created local directory at /tmp/blockmgr-8b357591-e508-446d-8e6a-32f79d750b09
[2023-06-15T09:38:25.167+0000] {spark_submit.py:490} INFO - 23/06/15 09:38:25 INFO MemoryStore: MemoryStore started with capacity 434.4 MiB
[2023-06-15T09:38:25.180+0000] {spark_submit.py:490} INFO - 23/06/15 09:38:25 INFO SparkEnv: Registering OutputCommitCoordinator
[2023-06-15T09:38:25.334+0000] {spark_submit.py:490} INFO - 23/06/15 09:38:25 INFO JettyUtils: Start Jetty 0.0.0.0:4040 for SparkUI
[2023-06-15T09:38:25.388+0000] {spark_submit.py:490} INFO - 23/06/15 09:38:25 INFO Utils: Successfully started service 'SparkUI' on port 4040.
[2023-06-15T09:38:25.533+0000] {spark_submit.py:490} INFO - 23/06/15 09:38:25 INFO StandaloneAppClient$ClientEndpoint: Connecting to master spark://spark:7077...
[2023-06-15T09:38:25.571+0000] {spark_submit.py:490} INFO - 23/06/15 09:38:25 INFO TransportClientFactory: Successfully created connection to spark/172.27.0.3:7077 after 23 ms (0 ms spent in bootstraps)
[2023-06-15T09:38:25.644+0000] {spark_submit.py:490} INFO - 23/06/15 09:38:25 INFO StandaloneSchedulerBackend: Connected to Spark cluster with app ID app-20230615093825-0016
[2023-06-15T09:38:25.645+0000] {spark_submit.py:490} INFO - 23/06/15 09:38:25 INFO StandaloneAppClient$ClientEndpoint: Executor added: app-20230615093825-0016/0 on worker-20230615091312-172.27.0.2-45907 (172.27.0.2:45907) with 2 core(s)
[2023-06-15T09:38:25.647+0000] {spark_submit.py:490} INFO - 23/06/15 09:38:25 INFO StandaloneSchedulerBackend: Granted executor ID app-20230615093825-0016/0 on hostPort 172.27.0.2:45907 with 2 core(s), 1024.0 MiB RAM
[2023-06-15T09:38:25.650+0000] {spark_submit.py:490} INFO - 23/06/15 09:38:25 INFO Utils: Successfully started service 'org.apache.spark.network.netty.NettyBlockTransferService' on port 37155.
[2023-06-15T09:38:25.650+0000] {spark_submit.py:490} INFO - 23/06/15 09:38:25 INFO NettyBlockTransferService: Server created on 69b643fc97df:37155
[2023-06-15T09:38:25.652+0000] {spark_submit.py:490} INFO - 23/06/15 09:38:25 INFO BlockManager: Using org.apache.spark.storage.RandomBlockReplicationPolicy for block replication policy
[2023-06-15T09:38:25.660+0000] {spark_submit.py:490} INFO - 23/06/15 09:38:25 INFO BlockManagerMaster: Registering BlockManager BlockManagerId(driver, 69b643fc97df, 37155, None)
[2023-06-15T09:38:25.664+0000] {spark_submit.py:490} INFO - 23/06/15 09:38:25 INFO BlockManagerMasterEndpoint: Registering block manager 69b643fc97df:37155 with 434.4 MiB RAM, BlockManagerId(driver, 69b643fc97df, 37155, None)
[2023-06-15T09:38:25.667+0000] {spark_submit.py:490} INFO - 23/06/15 09:38:25 INFO BlockManagerMaster: Registered BlockManager BlockManagerId(driver, 69b643fc97df, 37155, None)
[2023-06-15T09:38:25.668+0000] {spark_submit.py:490} INFO - 23/06/15 09:38:25 INFO BlockManager: Initialized BlockManager: BlockManagerId(driver, 69b643fc97df, 37155, None)
[2023-06-15T09:38:25.715+0000] {spark_submit.py:490} INFO - 23/06/15 09:38:25 INFO StandaloneAppClient$ClientEndpoint: Executor updated: app-20230615093825-0016/0 is now RUNNING
[2023-06-15T09:38:25.902+0000] {spark_submit.py:490} INFO - 23/06/15 09:38:25 INFO StandaloneSchedulerBackend: SchedulerBackend is ready for scheduling beginning after reached minRegisteredResourcesRatio: 0.0
[2023-06-15T09:38:27.676+0000] {spark_submit.py:490} INFO - 23/06/15 09:38:27 INFO SharedState: Setting hive.metastore.warehouse.dir ('null') to the value of spark.sql.warehouse.dir.
[2023-06-15T09:38:27.692+0000] {spark_submit.py:490} INFO - 23/06/15 09:38:27 INFO SharedState: Warehouse path is 'file:/opt/***/spark-warehouse'.
[2023-06-15T09:38:28.982+0000] {spark_submit.py:490} INFO - 23/06/15 09:38:28 INFO StandaloneSchedulerBackend$StandaloneDriverEndpoint: Registered executor NettyRpcEndpointRef(spark-client://Executor) (172.27.0.2:39648) with ID 0,  ResourceProfileId 0
[2023-06-15T09:38:29.061+0000] {spark_submit.py:490} INFO - 23/06/15 09:38:29 INFO BlockManagerMasterEndpoint: Registering block manager 172.27.0.2:37571 with 434.4 MiB RAM, BlockManagerId(0, 172.27.0.2, 37571, None)
[2023-06-15T09:38:31.074+0000] {spark_submit.py:490} INFO - {'code': 400, 'message': 'No data is available on the specified dates. Try setting different start/end dates.', 'status': 'error', 'meta': {'symbol': 'AAPL', 'interval': '1h', 'exchange': ''}}
[2023-06-15T09:38:31.082+0000] {spark_submit.py:490} INFO - ERROR:root:Something error
[2023-06-15T09:38:31.179+0000] {spark_submit.py:490} INFO - 23/06/15 09:38:31 INFO SparkContext: Invoking stop() from shutdown hook
[2023-06-15T09:38:31.180+0000] {spark_submit.py:490} INFO - 23/06/15 09:38:31 INFO SparkContext: SparkContext is stopping with exitCode 0.
[2023-06-15T09:38:31.191+0000] {spark_submit.py:490} INFO - 23/06/15 09:38:31 INFO SparkUI: Stopped Spark web UI at http://69b643fc97df:4040
[2023-06-15T09:38:31.197+0000] {spark_submit.py:490} INFO - 23/06/15 09:38:31 INFO StandaloneSchedulerBackend: Shutting down all executors
[2023-06-15T09:38:31.198+0000] {spark_submit.py:490} INFO - 23/06/15 09:38:31 INFO StandaloneSchedulerBackend$StandaloneDriverEndpoint: Asking each executor to shut down
[2023-06-15T09:38:31.219+0000] {spark_submit.py:490} INFO - 23/06/15 09:38:31 INFO MapOutputTrackerMasterEndpoint: MapOutputTrackerMasterEndpoint stopped!
[2023-06-15T09:38:31.231+0000] {spark_submit.py:490} INFO - 23/06/15 09:38:31 INFO MemoryStore: MemoryStore cleared
[2023-06-15T09:38:31.232+0000] {spark_submit.py:490} INFO - 23/06/15 09:38:31 INFO BlockManager: BlockManager stopped
[2023-06-15T09:38:31.243+0000] {spark_submit.py:490} INFO - 23/06/15 09:38:31 INFO BlockManagerMaster: BlockManagerMaster stopped
[2023-06-15T09:38:31.245+0000] {spark_submit.py:490} INFO - 23/06/15 09:38:31 INFO OutputCommitCoordinator$OutputCommitCoordinatorEndpoint: OutputCommitCoordinator stopped!
[2023-06-15T09:38:31.251+0000] {spark_submit.py:490} INFO - 23/06/15 09:38:31 INFO SparkContext: Successfully stopped SparkContext
[2023-06-15T09:38:31.251+0000] {spark_submit.py:490} INFO - 23/06/15 09:38:31 INFO ShutdownHookManager: Shutdown hook called
[2023-06-15T09:38:31.251+0000] {spark_submit.py:490} INFO - 23/06/15 09:38:31 INFO ShutdownHookManager: Deleting directory /tmp/spark-152dde6b-f74a-45a4-9b18-2db1d3291664
[2023-06-15T09:38:31.254+0000] {spark_submit.py:490} INFO - 23/06/15 09:38:31 INFO ShutdownHookManager: Deleting directory /tmp/spark-d92236b3-7107-4662-98c2-7e49270b69d8
[2023-06-15T09:38:31.257+0000] {spark_submit.py:490} INFO - 23/06/15 09:38:31 INFO ShutdownHookManager: Deleting directory /tmp/spark-152dde6b-f74a-45a4-9b18-2db1d3291664/pyspark-43037982-4b1d-4ae4-90e6-70b083b105f0
[2023-06-15T09:38:31.344+0000] {taskinstance.py:1345} INFO - Marking task as SUCCESS. dag_id=upload_to_gcs, task_id=spark_load_stock_data, execution_date=20210117T000000, start_date=20230615T093821, end_date=20230615T093831
[2023-06-15T09:38:31.376+0000] {local_task_job_runner.py:225} INFO - Task exited with return code 0
[2023-06-15T09:38:31.390+0000] {taskinstance.py:2651} INFO - 0 downstream tasks scheduled from follow-on schedule check
