[2023-06-15T09:29:56.405+0000] {taskinstance.py:1103} INFO - Dependencies all met for dep_context=non-requeueable deps ti=<TaskInstance: upload_to_gcs.spark_load_stock_data backfill__2021-01-09T00:00:00+00:00 [queued]>
[2023-06-15T09:29:56.415+0000] {taskinstance.py:1103} INFO - Dependencies all met for dep_context=requeueable deps ti=<TaskInstance: upload_to_gcs.spark_load_stock_data backfill__2021-01-09T00:00:00+00:00 [queued]>
[2023-06-15T09:29:56.415+0000] {taskinstance.py:1308} INFO - Starting attempt 1 of 2
[2023-06-15T09:29:56.444+0000] {taskinstance.py:1327} INFO - Executing <Task(SparkSubmitOperator): spark_load_stock_data> on 2021-01-09 00:00:00+00:00
[2023-06-15T09:29:56.457+0000] {standard_task_runner.py:57} INFO - Started process 2237 to run task
[2023-06-15T09:29:56.464+0000] {standard_task_runner.py:84} INFO - Running: ['***', 'tasks', 'run', 'upload_to_gcs', 'spark_load_stock_data', 'backfill__2021-01-09T00:00:00+00:00', '--job-id', '373', '--pool', 'default_pool', '--raw', '--subdir', 'DAGS_FOLDER/upload_to_gcs.py', '--cfg-path', '/tmp/tmpv1fca9xy']
[2023-06-15T09:29:56.465+0000] {standard_task_runner.py:85} INFO - Job 373: Subtask spark_load_stock_data
[2023-06-15T09:29:56.529+0000] {task_command.py:410} INFO - Running <TaskInstance: upload_to_gcs.spark_load_stock_data backfill__2021-01-09T00:00:00+00:00 [running]> on host 69b643fc97df
[2023-06-15T09:29:56.607+0000] {taskinstance.py:1545} INFO - Exporting env vars: AIRFLOW_CTX_DAG_OWNER='***' AIRFLOW_CTX_DAG_ID='upload_to_gcs' AIRFLOW_CTX_TASK_ID='spark_load_stock_data' AIRFLOW_CTX_EXECUTION_DATE='2021-01-09T00:00:00+00:00' AIRFLOW_CTX_TRY_NUMBER='1' AIRFLOW_CTX_DAG_RUN_ID='backfill__2021-01-09T00:00:00+00:00'
[2023-06-15T09:29:56.614+0000] {base.py:73} INFO - Using connection ID 'spark_default' for task execution.
[2023-06-15T09:29:56.614+0000] {spark_submit.py:339} INFO - Spark-Submit cmd: spark-submit --master spark://spark:7077 --name arrow-spark --verbose /opt/spark/app/load_data.py 2021-01-09 2efb4e0c80a041b794abaf4369e76869 dtc-de-382609_bucket
[2023-06-15T09:29:56.634+0000] {spark_submit.py:490} INFO - /opt/***/spark/spark-3.4.0-bin-hadoop3/bin/load-spark-env.sh: line 68: ps: command not found
[2023-06-15T09:29:57.957+0000] {spark_submit.py:490} INFO - Using properties file: null
[2023-06-15T09:29:58.068+0000] {spark_submit.py:490} INFO - Parsed arguments:
[2023-06-15T09:29:58.068+0000] {spark_submit.py:490} INFO - master                  spark://spark:7077
[2023-06-15T09:29:58.068+0000] {spark_submit.py:490} INFO - remote                  null
[2023-06-15T09:29:58.069+0000] {spark_submit.py:490} INFO - deployMode              null
[2023-06-15T09:29:58.069+0000] {spark_submit.py:490} INFO - executorMemory          null
[2023-06-15T09:29:58.069+0000] {spark_submit.py:490} INFO - executorCores           null
[2023-06-15T09:29:58.069+0000] {spark_submit.py:490} INFO - totalExecutorCores      null
[2023-06-15T09:29:58.069+0000] {spark_submit.py:490} INFO - propertiesFile          null
[2023-06-15T09:29:58.069+0000] {spark_submit.py:490} INFO - driverMemory            null
[2023-06-15T09:29:58.069+0000] {spark_submit.py:490} INFO - driverCores             null
[2023-06-15T09:29:58.069+0000] {spark_submit.py:490} INFO - driverExtraClassPath    null
[2023-06-15T09:29:58.069+0000] {spark_submit.py:490} INFO - driverExtraLibraryPath  null
[2023-06-15T09:29:58.069+0000] {spark_submit.py:490} INFO - driverExtraJavaOptions  null
[2023-06-15T09:29:58.069+0000] {spark_submit.py:490} INFO - supervise               false
[2023-06-15T09:29:58.069+0000] {spark_submit.py:490} INFO - queue                   null
[2023-06-15T09:29:58.069+0000] {spark_submit.py:490} INFO - numExecutors            null
[2023-06-15T09:29:58.069+0000] {spark_submit.py:490} INFO - files                   null
[2023-06-15T09:29:58.070+0000] {spark_submit.py:490} INFO - pyFiles                 null
[2023-06-15T09:29:58.070+0000] {spark_submit.py:490} INFO - archives                null
[2023-06-15T09:29:58.070+0000] {spark_submit.py:490} INFO - mainClass               null
[2023-06-15T09:29:58.070+0000] {spark_submit.py:490} INFO - primaryResource         file:/opt/spark/app/load_data.py
[2023-06-15T09:29:58.070+0000] {spark_submit.py:490} INFO - name                    arrow-spark
[2023-06-15T09:29:58.070+0000] {spark_submit.py:490} INFO - childArgs               [2021-01-09 2efb4e0c80a041b794abaf4369e76869 dtc-de-382609_bucket]
[2023-06-15T09:29:58.070+0000] {spark_submit.py:490} INFO - jars                    null
[2023-06-15T09:29:58.070+0000] {spark_submit.py:490} INFO - packages                null
[2023-06-15T09:29:58.070+0000] {spark_submit.py:490} INFO - packagesExclusions      null
[2023-06-15T09:29:58.070+0000] {spark_submit.py:490} INFO - repositories            null
[2023-06-15T09:29:58.070+0000] {spark_submit.py:490} INFO - verbose                 true
[2023-06-15T09:29:58.070+0000] {spark_submit.py:490} INFO - 
[2023-06-15T09:29:58.070+0000] {spark_submit.py:490} INFO - Spark properties used, including those specified through
[2023-06-15T09:29:58.071+0000] {spark_submit.py:490} INFO - --conf and those from the properties file null:
[2023-06-15T09:29:58.071+0000] {spark_submit.py:490} INFO - 
[2023-06-15T09:29:58.071+0000] {spark_submit.py:490} INFO - 
[2023-06-15T09:29:58.071+0000] {spark_submit.py:490} INFO - 
[2023-06-15T09:29:58.334+0000] {spark_submit.py:490} INFO - Main class:
[2023-06-15T09:29:58.334+0000] {spark_submit.py:490} INFO - org.apache.spark.deploy.PythonRunner
[2023-06-15T09:29:58.334+0000] {spark_submit.py:490} INFO - Arguments:
[2023-06-15T09:29:58.334+0000] {spark_submit.py:490} INFO - file:/opt/spark/app/load_data.py
[2023-06-15T09:29:58.334+0000] {spark_submit.py:490} INFO - null
[2023-06-15T09:29:58.334+0000] {spark_submit.py:490} INFO - 2021-01-09
[2023-06-15T09:29:58.335+0000] {spark_submit.py:490} INFO - 2efb4e0c80a041b794abaf4369e76869
[2023-06-15T09:29:58.335+0000] {spark_submit.py:490} INFO - dtc-de-382609_bucket
[2023-06-15T09:29:58.337+0000] {spark_submit.py:490} INFO - Spark config:
[2023-06-15T09:29:58.337+0000] {spark_submit.py:490} INFO - (spark.app.name,arrow-spark)
[2023-06-15T09:29:58.337+0000] {spark_submit.py:490} INFO - (spark.app.submitTime,1686821398321)
[2023-06-15T09:29:58.337+0000] {spark_submit.py:490} INFO - (spark.master,spark://spark:7077)
[2023-06-15T09:29:58.338+0000] {spark_submit.py:490} INFO - (spark.submit.deployMode,client)
[2023-06-15T09:29:58.338+0000] {spark_submit.py:490} INFO - (spark.submit.pyFiles,)
[2023-06-15T09:29:58.338+0000] {spark_submit.py:490} INFO - Classpath elements:
[2023-06-15T09:29:58.338+0000] {spark_submit.py:490} INFO - 
[2023-06-15T09:29:58.338+0000] {spark_submit.py:490} INFO - 
[2023-06-15T09:29:58.338+0000] {spark_submit.py:490} INFO - 
[2023-06-15T09:29:59.428+0000] {spark_submit.py:490} INFO - 23/06/15 09:29:59 INFO SparkContext: Running Spark version 3.4.0
[2023-06-15T09:29:59.509+0000] {spark_submit.py:490} INFO - 23/06/15 09:29:59 WARN NativeCodeLoader: Unable to load native-hadoop library for your platform... using builtin-java classes where applicable
[2023-06-15T09:30:00.175+0000] {spark_submit.py:490} INFO - 23/06/15 09:30:00 INFO ResourceUtils: ==============================================================
[2023-06-15T09:30:00.176+0000] {spark_submit.py:490} INFO - 23/06/15 09:30:00 INFO ResourceUtils: No custom resources configured for spark.driver.
[2023-06-15T09:30:00.177+0000] {spark_submit.py:490} INFO - 23/06/15 09:30:00 INFO ResourceUtils: ==============================================================
[2023-06-15T09:30:00.178+0000] {spark_submit.py:490} INFO - 23/06/15 09:30:00 INFO SparkContext: Submitted application: SparkUploadData
[2023-06-15T09:30:00.215+0000] {spark_submit.py:490} INFO - 23/06/15 09:30:00 INFO ResourceProfile: Default ResourceProfile created, executor resources: Map(memory -> name: memory, amount: 1024, script: , vendor: , offHeap -> name: offHeap, amount: 0, script: , vendor: ), task resources: Map(cpus -> name: cpus, amount: 1.0)
[2023-06-15T09:30:00.228+0000] {spark_submit.py:490} INFO - 23/06/15 09:30:00 INFO ResourceProfile: Limiting resource is cpu
[2023-06-15T09:30:00.229+0000] {spark_submit.py:490} INFO - 23/06/15 09:30:00 INFO ResourceProfileManager: Added ResourceProfile id: 0
[2023-06-15T09:30:00.318+0000] {spark_submit.py:490} INFO - 23/06/15 09:30:00 INFO SecurityManager: Changing view acls to: default
[2023-06-15T09:30:00.319+0000] {spark_submit.py:490} INFO - 23/06/15 09:30:00 INFO SecurityManager: Changing modify acls to: default
[2023-06-15T09:30:00.320+0000] {spark_submit.py:490} INFO - 23/06/15 09:30:00 INFO SecurityManager: Changing view acls groups to:
[2023-06-15T09:30:00.320+0000] {spark_submit.py:490} INFO - 23/06/15 09:30:00 INFO SecurityManager: Changing modify acls groups to:
[2023-06-15T09:30:00.321+0000] {spark_submit.py:490} INFO - 23/06/15 09:30:00 INFO SecurityManager: SecurityManager: authentication disabled; ui acls disabled; users with view permissions: default; groups with view permissions: EMPTY; users with modify permissions: default; groups with modify permissions: EMPTY
[2023-06-15T09:30:00.677+0000] {spark_submit.py:490} INFO - 23/06/15 09:30:00 INFO Utils: Successfully started service 'sparkDriver' on port 39413.
[2023-06-15T09:30:00.709+0000] {spark_submit.py:490} INFO - 23/06/15 09:30:00 INFO SparkEnv: Registering MapOutputTracker
[2023-06-15T09:30:00.741+0000] {spark_submit.py:490} INFO - 23/06/15 09:30:00 INFO SparkEnv: Registering BlockManagerMaster
[2023-06-15T09:30:00.763+0000] {spark_submit.py:490} INFO - 23/06/15 09:30:00 INFO BlockManagerMasterEndpoint: Using org.apache.spark.storage.DefaultTopologyMapper for getting topology information
[2023-06-15T09:30:00.764+0000] {spark_submit.py:490} INFO - 23/06/15 09:30:00 INFO BlockManagerMasterEndpoint: BlockManagerMasterEndpoint up
[2023-06-15T09:30:00.767+0000] {spark_submit.py:490} INFO - 23/06/15 09:30:00 INFO SparkEnv: Registering BlockManagerMasterHeartbeat
[2023-06-15T09:30:00.793+0000] {spark_submit.py:490} INFO - 23/06/15 09:30:00 INFO DiskBlockManager: Created local directory at /tmp/blockmgr-60a4e984-e2e3-41af-b329-2ad4e9632086
[2023-06-15T09:30:00.810+0000] {spark_submit.py:490} INFO - 23/06/15 09:30:00 INFO MemoryStore: MemoryStore started with capacity 434.4 MiB
[2023-06-15T09:30:00.827+0000] {spark_submit.py:490} INFO - 23/06/15 09:30:00 INFO SparkEnv: Registering OutputCommitCoordinator
[2023-06-15T09:30:01.006+0000] {spark_submit.py:490} INFO - 23/06/15 09:30:01 INFO JettyUtils: Start Jetty 0.0.0.0:4040 for SparkUI
[2023-06-15T09:30:01.078+0000] {spark_submit.py:490} INFO - 23/06/15 09:30:01 INFO Utils: Successfully started service 'SparkUI' on port 4040.
[2023-06-15T09:30:01.207+0000] {spark_submit.py:490} INFO - 23/06/15 09:30:01 INFO StandaloneAppClient$ClientEndpoint: Connecting to master spark://spark:7077...
[2023-06-15T09:30:01.317+0000] {spark_submit.py:490} INFO - 23/06/15 09:30:01 INFO TransportClientFactory: Successfully created connection to spark/172.27.0.3:7077 after 85 ms (0 ms spent in bootstraps)
[2023-06-15T09:30:01.439+0000] {spark_submit.py:490} INFO - 23/06/15 09:30:01 INFO StandaloneSchedulerBackend: Connected to Spark cluster with app ID app-20230615093001-0008
[2023-06-15T09:30:01.441+0000] {spark_submit.py:490} INFO - 23/06/15 09:30:01 INFO StandaloneAppClient$ClientEndpoint: Executor added: app-20230615093001-0008/0 on worker-20230615091312-172.27.0.2-45907 (172.27.0.2:45907) with 2 core(s)
[2023-06-15T09:30:01.443+0000] {spark_submit.py:490} INFO - 23/06/15 09:30:01 INFO StandaloneSchedulerBackend: Granted executor ID app-20230615093001-0008/0 on hostPort 172.27.0.2:45907 with 2 core(s), 1024.0 MiB RAM
[2023-06-15T09:30:01.448+0000] {spark_submit.py:490} INFO - 23/06/15 09:30:01 INFO Utils: Successfully started service 'org.apache.spark.network.netty.NettyBlockTransferService' on port 44409.
[2023-06-15T09:30:01.448+0000] {spark_submit.py:490} INFO - 23/06/15 09:30:01 INFO NettyBlockTransferService: Server created on 69b643fc97df:44409
[2023-06-15T09:30:01.450+0000] {spark_submit.py:490} INFO - 23/06/15 09:30:01 INFO BlockManager: Using org.apache.spark.storage.RandomBlockReplicationPolicy for block replication policy
[2023-06-15T09:30:01.461+0000] {spark_submit.py:490} INFO - 23/06/15 09:30:01 INFO BlockManagerMaster: Registering BlockManager BlockManagerId(driver, 69b643fc97df, 44409, None)
[2023-06-15T09:30:01.466+0000] {spark_submit.py:490} INFO - 23/06/15 09:30:01 INFO BlockManagerMasterEndpoint: Registering block manager 69b643fc97df:44409 with 434.4 MiB RAM, BlockManagerId(driver, 69b643fc97df, 44409, None)
[2023-06-15T09:30:01.468+0000] {spark_submit.py:490} INFO - 23/06/15 09:30:01 INFO BlockManagerMaster: Registered BlockManager BlockManagerId(driver, 69b643fc97df, 44409, None)
[2023-06-15T09:30:01.470+0000] {spark_submit.py:490} INFO - 23/06/15 09:30:01 INFO BlockManager: Initialized BlockManager: BlockManagerId(driver, 69b643fc97df, 44409, None)
[2023-06-15T09:30:01.472+0000] {spark_submit.py:490} INFO - 23/06/15 09:30:01 INFO StandaloneAppClient$ClientEndpoint: Executor updated: app-20230615093001-0008/0 is now RUNNING
[2023-06-15T09:30:01.730+0000] {spark_submit.py:490} INFO - 23/06/15 09:30:01 INFO StandaloneSchedulerBackend: SchedulerBackend is ready for scheduling beginning after reached minRegisteredResourcesRatio: 0.0
[2023-06-15T09:30:03.527+0000] {spark_submit.py:490} INFO - 23/06/15 09:30:03 INFO SharedState: Setting hive.metastore.warehouse.dir ('null') to the value of spark.sql.warehouse.dir.
[2023-06-15T09:30:03.537+0000] {spark_submit.py:490} INFO - 23/06/15 09:30:03 INFO SharedState: Warehouse path is 'file:/opt/***/spark-warehouse'.
[2023-06-15T09:30:04.277+0000] {spark_submit.py:490} INFO - 23/06/15 09:30:04 INFO StandaloneSchedulerBackend$StandaloneDriverEndpoint: Registered executor NettyRpcEndpointRef(spark-client://Executor) (172.27.0.2:40710) with ID 0,  ResourceProfileId 0
[2023-06-15T09:30:04.365+0000] {spark_submit.py:490} INFO - 23/06/15 09:30:04 INFO BlockManagerMasterEndpoint: Registering block manager 172.27.0.2:36389 with 434.4 MiB RAM, BlockManagerId(0, 172.27.0.2, 36389, None)
[2023-06-15T09:30:06.546+0000] {spark_submit.py:490} INFO - {'code': 400, 'message': 'No data is available on the specified dates. Try setting different start/end dates.', 'status': 'error', 'meta': {'symbol': 'AAPL', 'interval': '1h', 'exchange': ''}}
[2023-06-15T09:30:06.567+0000] {spark_submit.py:490} INFO - ERROR:root:Something error
[2023-06-15T09:30:06.684+0000] {spark_submit.py:490} INFO - 23/06/15 09:30:06 INFO SparkContext: Invoking stop() from shutdown hook
[2023-06-15T09:30:06.685+0000] {spark_submit.py:490} INFO - 23/06/15 09:30:06 INFO SparkContext: SparkContext is stopping with exitCode 0.
[2023-06-15T09:30:06.696+0000] {spark_submit.py:490} INFO - 23/06/15 09:30:06 INFO SparkUI: Stopped Spark web UI at http://69b643fc97df:4040
[2023-06-15T09:30:06.702+0000] {spark_submit.py:490} INFO - 23/06/15 09:30:06 INFO StandaloneSchedulerBackend: Shutting down all executors
[2023-06-15T09:30:06.702+0000] {spark_submit.py:490} INFO - 23/06/15 09:30:06 INFO StandaloneSchedulerBackend$StandaloneDriverEndpoint: Asking each executor to shut down
[2023-06-15T09:30:06.728+0000] {spark_submit.py:490} INFO - 23/06/15 09:30:06 INFO MapOutputTrackerMasterEndpoint: MapOutputTrackerMasterEndpoint stopped!
[2023-06-15T09:30:06.742+0000] {spark_submit.py:490} INFO - 23/06/15 09:30:06 INFO MemoryStore: MemoryStore cleared
[2023-06-15T09:30:06.742+0000] {spark_submit.py:490} INFO - 23/06/15 09:30:06 INFO BlockManager: BlockManager stopped
[2023-06-15T09:30:06.751+0000] {spark_submit.py:490} INFO - 23/06/15 09:30:06 INFO BlockManagerMaster: BlockManagerMaster stopped
[2023-06-15T09:30:06.753+0000] {spark_submit.py:490} INFO - 23/06/15 09:30:06 INFO OutputCommitCoordinator$OutputCommitCoordinatorEndpoint: OutputCommitCoordinator stopped!
[2023-06-15T09:30:06.762+0000] {spark_submit.py:490} INFO - 23/06/15 09:30:06 INFO SparkContext: Successfully stopped SparkContext
[2023-06-15T09:30:06.762+0000] {spark_submit.py:490} INFO - 23/06/15 09:30:06 INFO ShutdownHookManager: Shutdown hook called
[2023-06-15T09:30:06.763+0000] {spark_submit.py:490} INFO - 23/06/15 09:30:06 INFO ShutdownHookManager: Deleting directory /tmp/spark-807f01b7-8cd8-4cb3-9d86-5b4235121139
[2023-06-15T09:30:06.766+0000] {spark_submit.py:490} INFO - 23/06/15 09:30:06 INFO ShutdownHookManager: Deleting directory /tmp/spark-807f01b7-8cd8-4cb3-9d86-5b4235121139/pyspark-7f92ff84-1731-4208-a67f-33c30c1ccac8
[2023-06-15T09:30:06.769+0000] {spark_submit.py:490} INFO - 23/06/15 09:30:06 INFO ShutdownHookManager: Deleting directory /tmp/spark-1bc6a384-6268-45c5-8128-294df9da6775
[2023-06-15T09:30:06.847+0000] {taskinstance.py:1345} INFO - Marking task as SUCCESS. dag_id=upload_to_gcs, task_id=spark_load_stock_data, execution_date=20210109T000000, start_date=20230615T092956, end_date=20230615T093006
[2023-06-15T09:30:06.910+0000] {local_task_job_runner.py:225} INFO - Task exited with return code 0
[2023-06-15T09:30:06.929+0000] {taskinstance.py:2651} INFO - 0 downstream tasks scheduled from follow-on schedule check
