[2023-05-09T10:05:08.709+0000] {taskinstance.py:1125} INFO - Dependencies all met for dep_context=non-requeueable deps ti=<TaskInstance: upload_to_gcs.spark_load_stock_data manual__2023-05-09T10:05:06.093036+00:00 [queued]>
[2023-05-09T10:05:08.716+0000] {taskinstance.py:1125} INFO - Dependencies all met for dep_context=requeueable deps ti=<TaskInstance: upload_to_gcs.spark_load_stock_data manual__2023-05-09T10:05:06.093036+00:00 [queued]>
[2023-05-09T10:05:08.716+0000] {taskinstance.py:1331} INFO - Starting attempt 1 of 2
[2023-05-09T10:05:08.735+0000] {taskinstance.py:1350} INFO - Executing <Task(SparkSubmitOperator): spark_load_stock_data> on 2023-05-09 10:05:06.093036+00:00
[2023-05-09T10:05:08.740+0000] {standard_task_runner.py:57} INFO - Started process 67 to run task
[2023-05-09T10:05:08.743+0000] {standard_task_runner.py:84} INFO - Running: ['***', 'tasks', 'run', 'upload_to_gcs', 'spark_load_stock_data', 'manual__2023-05-09T10:05:06.093036+00:00', '--job-id', '115', '--raw', '--subdir', 'DAGS_FOLDER/upload_to_gcs.py', '--cfg-path', '/tmp/tmpcep_o9g4']
[2023-05-09T10:05:08.743+0000] {standard_task_runner.py:85} INFO - Job 115: Subtask spark_load_stock_data
[2023-05-09T10:05:08.802+0000] {task_command.py:410} INFO - Running <TaskInstance: upload_to_gcs.spark_load_stock_data manual__2023-05-09T10:05:06.093036+00:00 [running]> on host 95de13442dd4
[2023-05-09T10:05:08.893+0000] {taskinstance.py:1568} INFO - Exporting env vars: AIRFLOW_CTX_DAG_OWNER='***' AIRFLOW_CTX_DAG_ID='upload_to_gcs' AIRFLOW_CTX_TASK_ID='spark_load_stock_data' AIRFLOW_CTX_EXECUTION_DATE='2023-05-09T10:05:06.093036+00:00' AIRFLOW_CTX_TRY_NUMBER='1' AIRFLOW_CTX_DAG_RUN_ID='manual__2023-05-09T10:05:06.093036+00:00'
[2023-05-09T10:05:08.901+0000] {base.py:73} INFO - Using connection ID 'spark_default' for task execution.
[2023-05-09T10:05:08.902+0000] {spark_submit.py:339} INFO - Spark-Submit cmd: spark-submit --master spark://spark:7077 --name arrow-spark --verbose /opt/spark/app/load_data.py
[2023-05-09T10:05:08.928+0000] {spark_submit.py:490} INFO - /opt/***/spark/spark-3.4.0-bin-hadoop3/bin/load-spark-env.sh: line 68: ps: command not found
[2023-05-09T10:05:11.081+0000] {spark_submit.py:490} INFO - Using properties file: null
[2023-05-09T10:05:11.233+0000] {spark_submit.py:490} INFO - Parsed arguments:
[2023-05-09T10:05:11.234+0000] {spark_submit.py:490} INFO - master                  spark://spark:7077
[2023-05-09T10:05:11.234+0000] {spark_submit.py:490} INFO - remote                  null
[2023-05-09T10:05:11.234+0000] {spark_submit.py:490} INFO - deployMode              null
[2023-05-09T10:05:11.234+0000] {spark_submit.py:490} INFO - executorMemory          null
[2023-05-09T10:05:11.234+0000] {spark_submit.py:490} INFO - executorCores           null
[2023-05-09T10:05:11.234+0000] {spark_submit.py:490} INFO - totalExecutorCores      null
[2023-05-09T10:05:11.234+0000] {spark_submit.py:490} INFO - propertiesFile          null
[2023-05-09T10:05:11.234+0000] {spark_submit.py:490} INFO - driverMemory            null
[2023-05-09T10:05:11.234+0000] {spark_submit.py:490} INFO - driverCores             null
[2023-05-09T10:05:11.234+0000] {spark_submit.py:490} INFO - driverExtraClassPath    null
[2023-05-09T10:05:11.234+0000] {spark_submit.py:490} INFO - driverExtraLibraryPath  null
[2023-05-09T10:05:11.234+0000] {spark_submit.py:490} INFO - driverExtraJavaOptions  null
[2023-05-09T10:05:11.234+0000] {spark_submit.py:490} INFO - supervise               false
[2023-05-09T10:05:11.234+0000] {spark_submit.py:490} INFO - queue                   null
[2023-05-09T10:05:11.235+0000] {spark_submit.py:490} INFO - numExecutors            null
[2023-05-09T10:05:11.235+0000] {spark_submit.py:490} INFO - files                   null
[2023-05-09T10:05:11.235+0000] {spark_submit.py:490} INFO - pyFiles                 null
[2023-05-09T10:05:11.235+0000] {spark_submit.py:490} INFO - archives                null
[2023-05-09T10:05:11.235+0000] {spark_submit.py:490} INFO - mainClass               null
[2023-05-09T10:05:11.235+0000] {spark_submit.py:490} INFO - primaryResource         file:/opt/spark/app/load_data.py
[2023-05-09T10:05:11.235+0000] {spark_submit.py:490} INFO - name                    arrow-spark
[2023-05-09T10:05:11.235+0000] {spark_submit.py:490} INFO - childArgs               []
[2023-05-09T10:05:11.235+0000] {spark_submit.py:490} INFO - jars                    null
[2023-05-09T10:05:11.235+0000] {spark_submit.py:490} INFO - packages                null
[2023-05-09T10:05:11.235+0000] {spark_submit.py:490} INFO - packagesExclusions      null
[2023-05-09T10:05:11.235+0000] {spark_submit.py:490} INFO - repositories            null
[2023-05-09T10:05:11.235+0000] {spark_submit.py:490} INFO - verbose                 true
[2023-05-09T10:05:11.235+0000] {spark_submit.py:490} INFO - 
[2023-05-09T10:05:11.236+0000] {spark_submit.py:490} INFO - Spark properties used, including those specified through
[2023-05-09T10:05:11.236+0000] {spark_submit.py:490} INFO - --conf and those from the properties file null:
[2023-05-09T10:05:11.236+0000] {spark_submit.py:490} INFO - 
[2023-05-09T10:05:11.236+0000] {spark_submit.py:490} INFO - 
[2023-05-09T10:05:11.236+0000] {spark_submit.py:490} INFO - 
[2023-05-09T10:05:11.721+0000] {spark_submit.py:490} INFO - Main class:
[2023-05-09T10:05:11.721+0000] {spark_submit.py:490} INFO - org.apache.spark.deploy.PythonRunner
[2023-05-09T10:05:11.721+0000] {spark_submit.py:490} INFO - Arguments:
[2023-05-09T10:05:11.721+0000] {spark_submit.py:490} INFO - file:/opt/spark/app/load_data.py
[2023-05-09T10:05:11.721+0000] {spark_submit.py:490} INFO - null
[2023-05-09T10:05:11.724+0000] {spark_submit.py:490} INFO - Spark config:
[2023-05-09T10:05:11.724+0000] {spark_submit.py:490} INFO - (spark.app.name,arrow-spark)
[2023-05-09T10:05:11.724+0000] {spark_submit.py:490} INFO - (spark.app.submitTime,1683626711707)
[2023-05-09T10:05:11.724+0000] {spark_submit.py:490} INFO - (spark.master,spark://spark:7077)
[2023-05-09T10:05:11.725+0000] {spark_submit.py:490} INFO - (spark.submit.deployMode,client)
[2023-05-09T10:05:11.725+0000] {spark_submit.py:490} INFO - (spark.submit.pyFiles,)
[2023-05-09T10:05:11.725+0000] {spark_submit.py:490} INFO - Classpath elements:
[2023-05-09T10:05:11.725+0000] {spark_submit.py:490} INFO - 
[2023-05-09T10:05:11.725+0000] {spark_submit.py:490} INFO - 
[2023-05-09T10:05:11.725+0000] {spark_submit.py:490} INFO - 
[2023-05-09T10:05:13.173+0000] {spark_submit.py:490} INFO - 23/05/09 10:05:13 INFO SparkContext: Running Spark version 3.4.0
[2023-05-09T10:05:13.256+0000] {spark_submit.py:490} INFO - 23/05/09 10:05:13 WARN NativeCodeLoader: Unable to load native-hadoop library for your platform... using builtin-java classes where applicable
[2023-05-09T10:05:13.418+0000] {spark_submit.py:490} INFO - 23/05/09 10:05:13 INFO ResourceUtils: ==============================================================
[2023-05-09T10:05:13.419+0000] {spark_submit.py:490} INFO - 23/05/09 10:05:13 INFO ResourceUtils: No custom resources configured for spark.driver.
[2023-05-09T10:05:13.419+0000] {spark_submit.py:490} INFO - 23/05/09 10:05:13 INFO ResourceUtils: ==============================================================
[2023-05-09T10:05:13.420+0000] {spark_submit.py:490} INFO - 23/05/09 10:05:13 INFO SparkContext: Submitted application: SparkUploadData
[2023-05-09T10:05:13.452+0000] {spark_submit.py:490} INFO - 23/05/09 10:05:13 INFO ResourceProfile: Default ResourceProfile created, executor resources: Map(memory -> name: memory, amount: 1024, script: , vendor: , offHeap -> name: offHeap, amount: 0, script: , vendor: ), task resources: Map(cpus -> name: cpus, amount: 1.0)
[2023-05-09T10:05:13.464+0000] {spark_submit.py:490} INFO - 23/05/09 10:05:13 INFO ResourceProfile: Limiting resource is cpu
[2023-05-09T10:05:13.465+0000] {spark_submit.py:490} INFO - 23/05/09 10:05:13 INFO ResourceProfileManager: Added ResourceProfile id: 0
[2023-05-09T10:05:13.584+0000] {spark_submit.py:490} INFO - 23/05/09 10:05:13 INFO SecurityManager: Changing view acls to: default
[2023-05-09T10:05:13.585+0000] {spark_submit.py:490} INFO - 23/05/09 10:05:13 INFO SecurityManager: Changing modify acls to: default
[2023-05-09T10:05:13.585+0000] {spark_submit.py:490} INFO - 23/05/09 10:05:13 INFO SecurityManager: Changing view acls groups to:
[2023-05-09T10:05:13.586+0000] {spark_submit.py:490} INFO - 23/05/09 10:05:13 INFO SecurityManager: Changing modify acls groups to:
[2023-05-09T10:05:13.587+0000] {spark_submit.py:490} INFO - 23/05/09 10:05:13 INFO SecurityManager: SecurityManager: authentication disabled; ui acls disabled; users with view permissions: default; groups with view permissions: EMPTY; users with modify permissions: default; groups with modify permissions: EMPTY
[2023-05-09T10:05:13.900+0000] {spark_submit.py:490} INFO - 23/05/09 10:05:13 INFO Utils: Successfully started service 'sparkDriver' on port 44307.
[2023-05-09T10:05:13.938+0000] {spark_submit.py:490} INFO - 23/05/09 10:05:13 INFO SparkEnv: Registering MapOutputTracker
[2023-05-09T10:05:13.987+0000] {spark_submit.py:490} INFO - 23/05/09 10:05:13 INFO SparkEnv: Registering BlockManagerMaster
[2023-05-09T10:05:14.039+0000] {spark_submit.py:490} INFO - 23/05/09 10:05:14 INFO BlockManagerMasterEndpoint: Using org.apache.spark.storage.DefaultTopologyMapper for getting topology information
[2023-05-09T10:05:14.040+0000] {spark_submit.py:490} INFO - 23/05/09 10:05:14 INFO BlockManagerMasterEndpoint: BlockManagerMasterEndpoint up
[2023-05-09T10:05:14.045+0000] {spark_submit.py:490} INFO - 23/05/09 10:05:14 INFO SparkEnv: Registering BlockManagerMasterHeartbeat
[2023-05-09T10:05:14.083+0000] {spark_submit.py:490} INFO - 23/05/09 10:05:14 INFO DiskBlockManager: Created local directory at /tmp/blockmgr-df4a0f3b-a8e9-4e3d-938e-2083c99197f5
[2023-05-09T10:05:14.105+0000] {spark_submit.py:490} INFO - 23/05/09 10:05:14 INFO MemoryStore: MemoryStore started with capacity 434.4 MiB
[2023-05-09T10:05:14.125+0000] {spark_submit.py:490} INFO - 23/05/09 10:05:14 INFO SparkEnv: Registering OutputCommitCoordinator
[2023-05-09T10:05:14.342+0000] {spark_submit.py:490} INFO - 23/05/09 10:05:14 INFO JettyUtils: Start Jetty 0.0.0.0:4040 for SparkUI
[2023-05-09T10:05:14.440+0000] {spark_submit.py:490} INFO - 23/05/09 10:05:14 INFO Utils: Successfully started service 'SparkUI' on port 4040.
[2023-05-09T10:05:14.562+0000] {spark_submit.py:490} INFO - 23/05/09 10:05:14 INFO StandaloneAppClient$ClientEndpoint: Connecting to master spark://spark:7077...
[2023-05-09T10:05:14.605+0000] {spark_submit.py:490} INFO - 23/05/09 10:05:14 INFO TransportClientFactory: Successfully created connection to spark/172.23.0.5:7077 after 26 ms (0 ms spent in bootstraps)
[2023-05-09T10:05:14.713+0000] {spark_submit.py:490} INFO - 23/05/09 10:05:14 INFO StandaloneSchedulerBackend: Connected to Spark cluster with app ID app-20230509100514-0002
[2023-05-09T10:05:14.717+0000] {spark_submit.py:490} INFO - 23/05/09 10:05:14 INFO StandaloneAppClient$ClientEndpoint: Executor added: app-20230509100514-0002/0 on worker-20230509085534-172.23.0.2-34373 (172.23.0.2:34373) with 2 core(s)
[2023-05-09T10:05:14.719+0000] {spark_submit.py:490} INFO - 23/05/09 10:05:14 INFO StandaloneSchedulerBackend: Granted executor ID app-20230509100514-0002/0 on hostPort 172.23.0.2:34373 with 2 core(s), 1024.0 MiB RAM
[2023-05-09T10:05:14.728+0000] {spark_submit.py:490} INFO - 23/05/09 10:05:14 INFO Utils: Successfully started service 'org.apache.spark.network.netty.NettyBlockTransferService' on port 34021.
[2023-05-09T10:05:14.728+0000] {spark_submit.py:490} INFO - 23/05/09 10:05:14 INFO NettyBlockTransferService: Server created on 95de13442dd4:34021
[2023-05-09T10:05:14.729+0000] {spark_submit.py:490} INFO - 23/05/09 10:05:14 INFO BlockManager: Using org.apache.spark.storage.RandomBlockReplicationPolicy for block replication policy
[2023-05-09T10:05:14.744+0000] {spark_submit.py:490} INFO - 23/05/09 10:05:14 INFO BlockManagerMaster: Registering BlockManager BlockManagerId(driver, 95de13442dd4, 34021, None)
[2023-05-09T10:05:14.751+0000] {spark_submit.py:490} INFO - 23/05/09 10:05:14 INFO BlockManagerMasterEndpoint: Registering block manager 95de13442dd4:34021 with 434.4 MiB RAM, BlockManagerId(driver, 95de13442dd4, 34021, None)
[2023-05-09T10:05:14.755+0000] {spark_submit.py:490} INFO - 23/05/09 10:05:14 INFO BlockManagerMaster: Registered BlockManager BlockManagerId(driver, 95de13442dd4, 34021, None)
[2023-05-09T10:05:14.757+0000] {spark_submit.py:490} INFO - 23/05/09 10:05:14 INFO BlockManager: Initialized BlockManager: BlockManagerId(driver, 95de13442dd4, 34021, None)
[2023-05-09T10:05:14.767+0000] {spark_submit.py:490} INFO - 23/05/09 10:05:14 INFO StandaloneAppClient$ClientEndpoint: Executor updated: app-20230509100514-0002/0 is now RUNNING
[2023-05-09T10:05:15.077+0000] {spark_submit.py:490} INFO - 23/05/09 10:05:15 INFO StandaloneSchedulerBackend: SchedulerBackend is ready for scheduling beginning after reached minRegisteredResourcesRatio: 0.0
[2023-05-09T10:05:17.791+0000] {spark_submit.py:490} INFO - 23/05/09 10:05:17 INFO SharedState: Setting hive.metastore.warehouse.dir ('null') to the value of spark.sql.warehouse.dir.
[2023-05-09T10:05:17.802+0000] {spark_submit.py:490} INFO - 23/05/09 10:05:17 INFO SharedState: Warehouse path is 'file:/opt/***/spark-warehouse'.
[2023-05-09T10:05:18.545+0000] {spark_submit.py:490} INFO - 23/05/09 10:05:18 INFO StandaloneSchedulerBackend$StandaloneDriverEndpoint: Registered executor NettyRpcEndpointRef(spark-client://Executor) (172.23.0.2:60074) with ID 0,  ResourceProfileId 0
[2023-05-09T10:05:18.658+0000] {spark_submit.py:490} INFO - 23/05/09 10:05:18 INFO BlockManagerMasterEndpoint: Registering block manager 172.23.0.2:43127 with 434.4 MiB RAM, BlockManagerId(0, 172.23.0.2, 43127, None)
[2023-05-09T10:05:21.956+0000] {spark_submit.py:490} INFO - {'meta': {'symbol': 'AAPL', 'interval': '1h', 'currency': 'USD', 'exchange_timezone': 'America/New_York', 'exchange': 'NASDAQ', 'mic_code': 'XNGS', 'type': 'Common Stock'}, 'values': [{'datetime': '2019-01-10 15:00:00', 'open': '38.38500', 'high': '38.49250', 'low': '38.31750', 'close': '38.45000', 'volume': '3399058'}, {'datetime': '2019-01-10 14:00:00', 'open': '38.27000', 'high': '38.40250', 'low': '38.19250', 'close': '38.38750', 'volume': '3328102'}, {'datetime': '2019-01-10 13:00:00', 'open': '38.21000', 'high': '38.38500', 'low': '38.09000', 'close': '38.26875', 'volume': '5695761'}, {'datetime': '2019-01-10 12:00:00', 'open': '38.27750', 'high': '38.41000', 'low': '38.07750', 'close': '38.19750', 'volume': '3380849'}, {'datetime': '2019-01-10 11:00:00', 'open': '38.05180', 'high': '38.31000', 'low': '38.05180', 'close': '38.27135', 'volume': '4031222'}, {'datetime': '2019-01-10 10:00:00', 'open': '38.01500', 'high': '38.17250', 'low': '37.91500', 'close': '38.05103', 'volume': '4252943'}, {'datetime': '2019-01-10 09:00:00', 'open': '38.07500', 'high': '38.19750', 'low': '37.72250', 'close': '38.01408', 'volume': '8221598'}], 'status': 'ok'}
[2023-05-09T10:05:22.789+0000] {spark_submit.py:490} INFO - 23/05/09 10:05:22 INFO CodeGenerator: Code generated in 217.988355 ms
[2023-05-09T10:05:22.881+0000] {spark_submit.py:490} INFO - 23/05/09 10:05:22 INFO SparkContext: Starting job: json at NativeMethodAccessorImpl.java:0
[2023-05-09T10:05:22.896+0000] {spark_submit.py:490} INFO - 23/05/09 10:05:22 INFO DAGScheduler: Got job 0 (json at NativeMethodAccessorImpl.java:0) with 2 output partitions
[2023-05-09T10:05:22.896+0000] {spark_submit.py:490} INFO - 23/05/09 10:05:22 INFO DAGScheduler: Final stage: ResultStage 0 (json at NativeMethodAccessorImpl.java:0)
[2023-05-09T10:05:22.897+0000] {spark_submit.py:490} INFO - 23/05/09 10:05:22 INFO DAGScheduler: Parents of final stage: List()
[2023-05-09T10:05:22.899+0000] {spark_submit.py:490} INFO - 23/05/09 10:05:22 INFO DAGScheduler: Missing parents: List()
[2023-05-09T10:05:22.903+0000] {spark_submit.py:490} INFO - 23/05/09 10:05:22 INFO DAGScheduler: Submitting ResultStage 0 (MapPartitionsRDD[11] at json at NativeMethodAccessorImpl.java:0), which has no missing parents
[2023-05-09T10:05:23.021+0000] {spark_submit.py:490} INFO - 23/05/09 10:05:23 INFO MemoryStore: Block broadcast_0 stored as values in memory (estimated size 19.8 KiB, free 434.4 MiB)
[2023-05-09T10:05:23.056+0000] {spark_submit.py:490} INFO - 23/05/09 10:05:23 INFO MemoryStore: Block broadcast_0_piece0 stored as bytes in memory (estimated size 9.7 KiB, free 434.4 MiB)
[2023-05-09T10:05:23.059+0000] {spark_submit.py:490} INFO - 23/05/09 10:05:23 INFO BlockManagerInfo: Added broadcast_0_piece0 in memory on 95de13442dd4:34021 (size: 9.7 KiB, free: 434.4 MiB)
[2023-05-09T10:05:23.064+0000] {spark_submit.py:490} INFO - 23/05/09 10:05:23 INFO SparkContext: Created broadcast 0 from broadcast at DAGScheduler.scala:1535
[2023-05-09T10:05:23.080+0000] {spark_submit.py:490} INFO - 23/05/09 10:05:23 INFO DAGScheduler: Submitting 2 missing tasks from ResultStage 0 (MapPartitionsRDD[11] at json at NativeMethodAccessorImpl.java:0) (first 15 tasks are for partitions Vector(0, 1))
[2023-05-09T10:05:23.082+0000] {spark_submit.py:490} INFO - 23/05/09 10:05:23 INFO TaskSchedulerImpl: Adding task set 0.0 with 2 tasks resource profile 0
[2023-05-09T10:05:23.124+0000] {spark_submit.py:490} INFO - 23/05/09 10:05:23 INFO TaskSetManager: Starting task 0.0 in stage 0.0 (TID 0) (172.23.0.2, executor 0, partition 0, PROCESS_LOCAL, 7347 bytes)
[2023-05-09T10:05:23.128+0000] {spark_submit.py:490} INFO - 23/05/09 10:05:23 INFO TaskSetManager: Starting task 1.0 in stage 0.0 (TID 1) (172.23.0.2, executor 0, partition 1, PROCESS_LOCAL, 8056 bytes)
[2023-05-09T10:05:23.362+0000] {spark_submit.py:490} INFO - 23/05/09 10:05:23 INFO BlockManagerInfo: Added broadcast_0_piece0 in memory on 172.23.0.2:43127 (size: 9.7 KiB, free: 434.4 MiB)
[2023-05-09T10:05:25.022+0000] {spark_submit.py:490} INFO - 23/05/09 10:05:25 INFO TaskSetManager: Finished task 0.0 in stage 0.0 (TID 0) in 1912 ms on 172.23.0.2 (executor 0) (1/2)
[2023-05-09T10:05:25.028+0000] {spark_submit.py:490} INFO - 23/05/09 10:05:25 INFO TaskSetManager: Finished task 1.0 in stage 0.0 (TID 1) in 1901 ms on 172.23.0.2 (executor 0) (2/2)
[2023-05-09T10:05:25.030+0000] {spark_submit.py:490} INFO - 23/05/09 10:05:25 INFO TaskSchedulerImpl: Removed TaskSet 0.0, whose tasks have all completed, from pool
[2023-05-09T10:05:25.036+0000] {spark_submit.py:490} INFO - 23/05/09 10:05:25 INFO PythonAccumulatorV2: Connected to AccumulatorServer at host: 127.0.0.1 port: 33865
[2023-05-09T10:05:25.043+0000] {spark_submit.py:490} INFO - 23/05/09 10:05:25 INFO DAGScheduler: ResultStage 0 (json at NativeMethodAccessorImpl.java:0) finished in 2.125 s
[2023-05-09T10:05:25.049+0000] {spark_submit.py:490} INFO - 23/05/09 10:05:25 INFO DAGScheduler: Job 0 is finished. Cancelling potential speculative or zombie tasks for this job
[2023-05-09T10:05:25.050+0000] {spark_submit.py:490} INFO - 23/05/09 10:05:25 INFO TaskSchedulerImpl: Killing all running tasks in stage 0: Stage finished
[2023-05-09T10:05:25.053+0000] {spark_submit.py:490} INFO - 23/05/09 10:05:25 INFO DAGScheduler: Job 0 finished: json at NativeMethodAccessorImpl.java:0, took 2.170916 s
[2023-05-09T10:05:26.459+0000] {spark_submit.py:490} INFO - {'meta': {'symbol': 'MSFT', 'interval': '1h', 'currency': 'USD', 'exchange_timezone': 'America/New_York', 'exchange': 'NASDAQ', 'mic_code': 'XNGS', 'type': 'Common Stock'}, 'values': [{'datetime': '2019-01-10 15:00:00', 'open': '103.32000', 'high': '103.75000', 'low': '103.20000', 'close': '103.59000', 'volume': '3160767'}, {'datetime': '2019-01-10 14:00:00', 'open': '103.01000', 'high': '103.45000', 'low': '102.90000', 'close': '103.31000', 'volume': '3434101'}, {'datetime': '2019-01-10 13:00:00', 'open': '102.85000', 'high': '103.36000', 'low': '102.38110', 'close': '103.01000', 'volume': '2983593'}, {'datetime': '2019-01-10 12:00:00', 'open': '103.05000', 'high': '103.46000', 'low': '102.62790', 'close': '102.84510', 'volume': '3238377'}, {'datetime': '2019-01-10 11:00:00', 'open': '103.26000', 'high': '103.60000', 'low': '103.00070', 'close': '103.04000', 'volume': '2887803'}, {'datetime': '2019-01-10 10:00:00', 'open': '103.51500', 'high': '103.64000', 'low': '103.22500', 'close': '103.24500', 'volume': '2736747'}, {'datetime': '2019-01-10 09:00:00', 'open': '103.10000', 'high': '103.56000', 'low': '102.60000', 'close': '103.50690', 'volume': '5526963'}], 'status': 'ok'}
[2023-05-09T10:05:26.560+0000] {spark_submit.py:490} INFO - 23/05/09 10:05:26 INFO SparkContext: Starting job: json at NativeMethodAccessorImpl.java:0
[2023-05-09T10:05:26.562+0000] {spark_submit.py:490} INFO - 23/05/09 10:05:26 INFO DAGScheduler: Got job 1 (json at NativeMethodAccessorImpl.java:0) with 2 output partitions
[2023-05-09T10:05:26.562+0000] {spark_submit.py:490} INFO - 23/05/09 10:05:26 INFO DAGScheduler: Final stage: ResultStage 1 (json at NativeMethodAccessorImpl.java:0)
[2023-05-09T10:05:26.562+0000] {spark_submit.py:490} INFO - 23/05/09 10:05:26 INFO DAGScheduler: Parents of final stage: List()
[2023-05-09T10:05:26.562+0000] {spark_submit.py:490} INFO - 23/05/09 10:05:26 INFO DAGScheduler: Missing parents: List()
[2023-05-09T10:05:26.564+0000] {spark_submit.py:490} INFO - 23/05/09 10:05:26 INFO DAGScheduler: Submitting ResultStage 1 (MapPartitionsRDD[22] at json at NativeMethodAccessorImpl.java:0), which has no missing parents
[2023-05-09T10:05:26.569+0000] {spark_submit.py:490} INFO - 23/05/09 10:05:26 INFO MemoryStore: Block broadcast_1 stored as values in memory (estimated size 19.8 KiB, free 434.4 MiB)
[2023-05-09T10:05:26.571+0000] {spark_submit.py:490} INFO - 23/05/09 10:05:26 INFO MemoryStore: Block broadcast_1_piece0 stored as bytes in memory (estimated size 9.7 KiB, free 434.3 MiB)
[2023-05-09T10:05:26.578+0000] {spark_submit.py:490} INFO - 23/05/09 10:05:26 INFO BlockManagerInfo: Added broadcast_1_piece0 in memory on 95de13442dd4:34021 (size: 9.7 KiB, free: 434.4 MiB)
[2023-05-09T10:05:26.580+0000] {spark_submit.py:490} INFO - 23/05/09 10:05:26 INFO SparkContext: Created broadcast 1 from broadcast at DAGScheduler.scala:1535
[2023-05-09T10:05:26.580+0000] {spark_submit.py:490} INFO - 23/05/09 10:05:26 INFO DAGScheduler: Submitting 2 missing tasks from ResultStage 1 (MapPartitionsRDD[22] at json at NativeMethodAccessorImpl.java:0) (first 15 tasks are for partitions Vector(0, 1))
[2023-05-09T10:05:26.581+0000] {spark_submit.py:490} INFO - 23/05/09 10:05:26 INFO TaskSchedulerImpl: Adding task set 1.0 with 2 tasks resource profile 0
[2023-05-09T10:05:26.583+0000] {spark_submit.py:490} INFO - 23/05/09 10:05:26 INFO TaskSetManager: Starting task 0.0 in stage 1.0 (TID 2) (172.23.0.2, executor 0, partition 0, PROCESS_LOCAL, 7347 bytes)
[2023-05-09T10:05:26.583+0000] {spark_submit.py:490} INFO - 23/05/09 10:05:26 INFO TaskSetManager: Starting task 1.0 in stage 1.0 (TID 3) (172.23.0.2, executor 0, partition 1, PROCESS_LOCAL, 8084 bytes)
[2023-05-09T10:05:26.591+0000] {spark_submit.py:490} INFO - 23/05/09 10:05:26 INFO BlockManagerInfo: Removed broadcast_0_piece0 on 95de13442dd4:34021 in memory (size: 9.7 KiB, free: 434.4 MiB)
[2023-05-09T10:05:26.598+0000] {spark_submit.py:490} INFO - 23/05/09 10:05:26 INFO BlockManagerInfo: Removed broadcast_0_piece0 on 172.23.0.2:43127 in memory (size: 9.7 KiB, free: 434.4 MiB)
[2023-05-09T10:05:26.605+0000] {spark_submit.py:490} INFO - 23/05/09 10:05:26 INFO BlockManagerInfo: Added broadcast_1_piece0 in memory on 172.23.0.2:43127 (size: 9.7 KiB, free: 434.4 MiB)
[2023-05-09T10:05:26.670+0000] {spark_submit.py:490} INFO - 23/05/09 10:05:26 INFO TaskSetManager: Finished task 0.0 in stage 1.0 (TID 2) in 87 ms on 172.23.0.2 (executor 0) (1/2)
[2023-05-09T10:05:26.671+0000] {spark_submit.py:490} INFO - 23/05/09 10:05:26 INFO TaskSetManager: Finished task 1.0 in stage 1.0 (TID 3) in 88 ms on 172.23.0.2 (executor 0) (2/2)
[2023-05-09T10:05:26.672+0000] {spark_submit.py:490} INFO - 23/05/09 10:05:26 INFO TaskSchedulerImpl: Removed TaskSet 1.0, whose tasks have all completed, from pool
[2023-05-09T10:05:26.673+0000] {spark_submit.py:490} INFO - 23/05/09 10:05:26 INFO DAGScheduler: ResultStage 1 (json at NativeMethodAccessorImpl.java:0) finished in 0.107 s
[2023-05-09T10:05:26.673+0000] {spark_submit.py:490} INFO - 23/05/09 10:05:26 INFO DAGScheduler: Job 1 is finished. Cancelling potential speculative or zombie tasks for this job
[2023-05-09T10:05:26.673+0000] {spark_submit.py:490} INFO - 23/05/09 10:05:26 INFO TaskSchedulerImpl: Killing all running tasks in stage 1: Stage finished
[2023-05-09T10:05:26.674+0000] {spark_submit.py:490} INFO - 23/05/09 10:05:26 INFO DAGScheduler: Job 1 finished: json at NativeMethodAccessorImpl.java:0, took 0.112964 s
[2023-05-09T10:05:27.994+0000] {spark_submit.py:490} INFO - {'meta': {'symbol': 'GOOG', 'interval': '1h', 'currency': 'USD', 'exchange_timezone': 'America/New_York', 'exchange': 'NASDAQ', 'mic_code': 'XNGS', 'type': 'Common Stock'}, 'values': [{'datetime': '2019-01-10 15:00:00', 'open': '1069.18005', 'high': '1071.15002', 'low': '1067.89685', 'close': '1069.21997', 'volume': '476190'}, {'datetime': '2019-01-10 14:00:00', 'open': '1067.42529', 'high': '1069.77002', 'low': '1064.40002', 'close': '1069.77002', 'volume': '95555'}, {'datetime': '2019-01-10 13:00:00', 'open': '1064.23364', 'high': '1070.44885', 'low': '1060.00000', 'close': '1067.33997', 'volume': '107263'}, {'datetime': '2019-01-10 12:00:00', 'open': '1064.57996', 'high': '1068.31995', 'low': '1061.31995', 'close': '1063.25378', 'volume': '119577'}, {'datetime': '2019-01-10 11:00:00', 'open': '1063.25244', 'high': '1066.16003', 'low': '1061.94995', 'close': '1064.44995', 'volume': '118570'}, {'datetime': '2019-01-10 10:00:00', 'open': '1066.78003', 'high': '1067.30005', 'low': '1061.73926', 'close': '1062.55005', 'volume': '223763'}, {'datetime': '2019-01-10 09:00:00', 'open': '1067.81006', 'high': '1068.05005', 'low': '1058.00000', 'close': '1067.48999', 'volume': '257876'}], 'status': 'ok'}
[2023-05-09T10:05:28.064+0000] {spark_submit.py:490} INFO - 23/05/09 10:05:28 INFO SparkContext: Starting job: json at NativeMethodAccessorImpl.java:0
[2023-05-09T10:05:28.066+0000] {spark_submit.py:490} INFO - 23/05/09 10:05:28 INFO DAGScheduler: Got job 2 (json at NativeMethodAccessorImpl.java:0) with 2 output partitions
[2023-05-09T10:05:28.066+0000] {spark_submit.py:490} INFO - 23/05/09 10:05:28 INFO DAGScheduler: Final stage: ResultStage 2 (json at NativeMethodAccessorImpl.java:0)
[2023-05-09T10:05:28.066+0000] {spark_submit.py:490} INFO - 23/05/09 10:05:28 INFO DAGScheduler: Parents of final stage: List()
[2023-05-09T10:05:28.066+0000] {spark_submit.py:490} INFO - 23/05/09 10:05:28 INFO DAGScheduler: Missing parents: List()
[2023-05-09T10:05:28.067+0000] {spark_submit.py:490} INFO - 23/05/09 10:05:28 INFO DAGScheduler: Submitting ResultStage 2 (MapPartitionsRDD[33] at json at NativeMethodAccessorImpl.java:0), which has no missing parents
[2023-05-09T10:05:28.073+0000] {spark_submit.py:490} INFO - 23/05/09 10:05:28 INFO MemoryStore: Block broadcast_2 stored as values in memory (estimated size 19.8 KiB, free 434.4 MiB)
[2023-05-09T10:05:28.077+0000] {spark_submit.py:490} INFO - 23/05/09 10:05:28 INFO MemoryStore: Block broadcast_2_piece0 stored as bytes in memory (estimated size 9.7 KiB, free 434.3 MiB)
[2023-05-09T10:05:28.079+0000] {spark_submit.py:490} INFO - 23/05/09 10:05:28 INFO BlockManagerInfo: Added broadcast_2_piece0 in memory on 95de13442dd4:34021 (size: 9.7 KiB, free: 434.4 MiB)
[2023-05-09T10:05:28.080+0000] {spark_submit.py:490} INFO - 23/05/09 10:05:28 INFO SparkContext: Created broadcast 2 from broadcast at DAGScheduler.scala:1535
[2023-05-09T10:05:28.081+0000] {spark_submit.py:490} INFO - 23/05/09 10:05:28 INFO DAGScheduler: Submitting 2 missing tasks from ResultStage 2 (MapPartitionsRDD[33] at json at NativeMethodAccessorImpl.java:0) (first 15 tasks are for partitions Vector(0, 1))
[2023-05-09T10:05:28.082+0000] {spark_submit.py:490} INFO - 23/05/09 10:05:28 INFO TaskSchedulerImpl: Adding task set 2.0 with 2 tasks resource profile 0
[2023-05-09T10:05:28.084+0000] {spark_submit.py:490} INFO - 23/05/09 10:05:28 INFO TaskSetManager: Starting task 0.0 in stage 2.0 (TID 4) (172.23.0.2, executor 0, partition 0, PROCESS_LOCAL, 7347 bytes)
[2023-05-09T10:05:28.085+0000] {spark_submit.py:490} INFO - 23/05/09 10:05:28 INFO TaskSetManager: Starting task 1.0 in stage 2.0 (TID 5) (172.23.0.2, executor 0, partition 1, PROCESS_LOCAL, 8104 bytes)
[2023-05-09T10:05:28.116+0000] {spark_submit.py:490} INFO - 23/05/09 10:05:28 INFO BlockManagerInfo: Added broadcast_2_piece0 in memory on 172.23.0.2:43127 (size: 9.7 KiB, free: 434.4 MiB)
[2023-05-09T10:05:28.189+0000] {spark_submit.py:490} INFO - 23/05/09 10:05:28 INFO TaskSetManager: Finished task 1.0 in stage 2.0 (TID 5) in 105 ms on 172.23.0.2 (executor 0) (1/2)
[2023-05-09T10:05:28.195+0000] {spark_submit.py:490} INFO - 23/05/09 10:05:28 INFO TaskSetManager: Finished task 0.0 in stage 2.0 (TID 4) in 110 ms on 172.23.0.2 (executor 0) (2/2)
[2023-05-09T10:05:28.195+0000] {spark_submit.py:490} INFO - 23/05/09 10:05:28 INFO TaskSchedulerImpl: Removed TaskSet 2.0, whose tasks have all completed, from pool
[2023-05-09T10:05:28.196+0000] {spark_submit.py:490} INFO - 23/05/09 10:05:28 INFO DAGScheduler: ResultStage 2 (json at NativeMethodAccessorImpl.java:0) finished in 0.128 s
[2023-05-09T10:05:28.197+0000] {spark_submit.py:490} INFO - 23/05/09 10:05:28 INFO DAGScheduler: Job 2 is finished. Cancelling potential speculative or zombie tasks for this job
[2023-05-09T10:05:28.197+0000] {spark_submit.py:490} INFO - 23/05/09 10:05:28 INFO TaskSchedulerImpl: Killing all running tasks in stage 2: Stage finished
[2023-05-09T10:05:28.198+0000] {spark_submit.py:490} INFO - 23/05/09 10:05:28 INFO DAGScheduler: Job 2 finished: json at NativeMethodAccessorImpl.java:0, took 0.132737 s
[2023-05-09T10:05:29.534+0000] {spark_submit.py:490} INFO - {'meta': {'symbol': 'AMZN', 'interval': '1h', 'currency': 'USD', 'exchange_timezone': 'America/New_York', 'exchange': 'NASDAQ', 'mic_code': 'XNGS', 'type': 'Common Stock'}, 'values': [{'datetime': '2019-01-10 15:00:00', 'open': '1654.87000', 'high': '1659.70996', 'low': '1652.89612', 'close': '1656.27002', 'volume': '510919'}, {'datetime': '2019-01-10 14:00:00', 'open': '1653.41003', 'high': '1656.00000', 'low': '1649.42590', 'close': '1655.01501', 'volume': '470588'}, {'datetime': '2019-01-10 13:00:00', 'open': '1652.00000', 'high': '1657.54065', 'low': '1640.49524', 'close': '1653.68042', 'volume': '686634'}, {'datetime': '2019-01-10 12:00:00', 'open': '1654.00012', 'high': '1663.00000', 'low': '1644.00000', 'close': '1651.79895', 'volume': '819269'}, {'datetime': '2019-01-10 11:00:00', 'open': '1651.45996', 'high': '1657.65002', 'low': '1649.59998', 'close': '1654.24475', 'volume': '531322'}, {'datetime': '2019-01-10 10:00:00', 'open': '1644.02527', 'high': '1659.98999', 'low': '1641.35999', 'close': '1651.05005', 'volume': '1060676'}, {'datetime': '2019-01-10 09:00:00', 'open': '1641.42004', 'high': '1645.50000', 'low': '1622.21997', 'close': '1643.50696', 'volume': '2144437'}], 'status': 'ok'}
[2023-05-09T10:05:29.583+0000] {spark_submit.py:490} INFO - 23/05/09 10:05:29 INFO SparkContext: Starting job: json at NativeMethodAccessorImpl.java:0
[2023-05-09T10:05:29.584+0000] {spark_submit.py:490} INFO - 23/05/09 10:05:29 INFO DAGScheduler: Got job 3 (json at NativeMethodAccessorImpl.java:0) with 2 output partitions
[2023-05-09T10:05:29.585+0000] {spark_submit.py:490} INFO - 23/05/09 10:05:29 INFO DAGScheduler: Final stage: ResultStage 3 (json at NativeMethodAccessorImpl.java:0)
[2023-05-09T10:05:29.585+0000] {spark_submit.py:490} INFO - 23/05/09 10:05:29 INFO DAGScheduler: Parents of final stage: List()
[2023-05-09T10:05:29.585+0000] {spark_submit.py:490} INFO - 23/05/09 10:05:29 INFO DAGScheduler: Missing parents: List()
[2023-05-09T10:05:29.586+0000] {spark_submit.py:490} INFO - 23/05/09 10:05:29 INFO DAGScheduler: Submitting ResultStage 3 (MapPartitionsRDD[44] at json at NativeMethodAccessorImpl.java:0), which has no missing parents
[2023-05-09T10:05:29.591+0000] {spark_submit.py:490} INFO - 23/05/09 10:05:29 INFO MemoryStore: Block broadcast_3 stored as values in memory (estimated size 19.8 KiB, free 434.3 MiB)
[2023-05-09T10:05:29.594+0000] {spark_submit.py:490} INFO - 23/05/09 10:05:29 INFO MemoryStore: Block broadcast_3_piece0 stored as bytes in memory (estimated size 9.7 KiB, free 434.3 MiB)
[2023-05-09T10:05:29.595+0000] {spark_submit.py:490} INFO - 23/05/09 10:05:29 INFO BlockManagerInfo: Added broadcast_3_piece0 in memory on 95de13442dd4:34021 (size: 9.7 KiB, free: 434.4 MiB)
[2023-05-09T10:05:29.595+0000] {spark_submit.py:490} INFO - 23/05/09 10:05:29 INFO SparkContext: Created broadcast 3 from broadcast at DAGScheduler.scala:1535
[2023-05-09T10:05:29.596+0000] {spark_submit.py:490} INFO - 23/05/09 10:05:29 INFO DAGScheduler: Submitting 2 missing tasks from ResultStage 3 (MapPartitionsRDD[44] at json at NativeMethodAccessorImpl.java:0) (first 15 tasks are for partitions Vector(0, 1))
[2023-05-09T10:05:29.596+0000] {spark_submit.py:490} INFO - 23/05/09 10:05:29 INFO TaskSchedulerImpl: Adding task set 3.0 with 2 tasks resource profile 0
[2023-05-09T10:05:29.598+0000] {spark_submit.py:490} INFO - 23/05/09 10:05:29 INFO TaskSetManager: Starting task 0.0 in stage 3.0 (TID 6) (172.23.0.2, executor 0, partition 0, PROCESS_LOCAL, 7347 bytes)
[2023-05-09T10:05:29.598+0000] {spark_submit.py:490} INFO - 23/05/09 10:05:29 INFO TaskSetManager: Starting task 1.0 in stage 3.0 (TID 7) (172.23.0.2, executor 0, partition 1, PROCESS_LOCAL, 8107 bytes)
[2023-05-09T10:05:29.615+0000] {spark_submit.py:490} INFO - 23/05/09 10:05:29 INFO BlockManagerInfo: Added broadcast_3_piece0 in memory on 172.23.0.2:43127 (size: 9.7 KiB, free: 434.4 MiB)
[2023-05-09T10:05:29.678+0000] {spark_submit.py:490} INFO - 23/05/09 10:05:29 INFO TaskSetManager: Finished task 1.0 in stage 3.0 (TID 7) in 80 ms on 172.23.0.2 (executor 0) (1/2)
[2023-05-09T10:05:29.683+0000] {spark_submit.py:490} INFO - 23/05/09 10:05:29 INFO TaskSetManager: Finished task 0.0 in stage 3.0 (TID 6) in 86 ms on 172.23.0.2 (executor 0) (2/2)
[2023-05-09T10:05:29.683+0000] {spark_submit.py:490} INFO - 23/05/09 10:05:29 INFO TaskSchedulerImpl: Removed TaskSet 3.0, whose tasks have all completed, from pool
[2023-05-09T10:05:29.684+0000] {spark_submit.py:490} INFO - 23/05/09 10:05:29 INFO DAGScheduler: ResultStage 3 (json at NativeMethodAccessorImpl.java:0) finished in 0.097 s
[2023-05-09T10:05:29.684+0000] {spark_submit.py:490} INFO - 23/05/09 10:05:29 INFO DAGScheduler: Job 3 is finished. Cancelling potential speculative or zombie tasks for this job
[2023-05-09T10:05:29.685+0000] {spark_submit.py:490} INFO - 23/05/09 10:05:29 INFO TaskSchedulerImpl: Killing all running tasks in stage 3: Stage finished
[2023-05-09T10:05:29.685+0000] {spark_submit.py:490} INFO - 23/05/09 10:05:29 INFO DAGScheduler: Job 3 finished: json at NativeMethodAccessorImpl.java:0, took 0.101326 s
[2023-05-09T10:05:30.860+0000] {spark_submit.py:490} INFO - {'meta': {'symbol': 'TSLA', 'interval': '1h', 'currency': 'USD', 'exchange_timezone': 'America/New_York', 'exchange': 'NASDAQ', 'mic_code': 'XNGS', 'type': 'Common Stock'}, 'values': [{'datetime': '2019-01-10 15:00:00', 'open': '68.81000', 'high': '69.07600', 'low': '68.74000', 'close': '69.02200', 'volume': '831121'}, {'datetime': '2019-01-10 14:00:00', 'open': '68.46378', 'high': '68.82600', 'low': '68.18896', 'close': '68.82434', 'volume': '645428'}, {'datetime': '2019-01-10 13:00:00', 'open': '68.28400', 'high': '68.50000', 'low': '67.84600', 'close': '68.44800', 'volume': '461929'}, {'datetime': '2019-01-10 12:00:00', 'open': '68.54366', 'high': '68.66000', 'low': '68.01600', 'close': '68.24800', 'volume': '726467'}, {'datetime': '2019-01-10 11:00:00', 'open': '67.90100', 'high': '68.54000', 'low': '67.80000', 'close': '68.53496', 'volume': '759737'}, {'datetime': '2019-01-10 10:00:00', 'open': '67.54200', 'high': '68.44400', 'low': '67.50000', 'close': '67.91200', 'volume': '1127421'}, {'datetime': '2019-01-10 09:00:00', 'open': '66.95200', 'high': '67.51200', 'low': '66.36000', 'close': '67.49400', 'volume': '1386752'}], 'status': 'ok'}
[2023-05-09T10:05:30.935+0000] {spark_submit.py:490} INFO - 23/05/09 10:05:30 INFO SparkContext: Starting job: json at NativeMethodAccessorImpl.java:0
[2023-05-09T10:05:30.936+0000] {spark_submit.py:490} INFO - 23/05/09 10:05:30 INFO DAGScheduler: Got job 4 (json at NativeMethodAccessorImpl.java:0) with 2 output partitions
[2023-05-09T10:05:30.936+0000] {spark_submit.py:490} INFO - 23/05/09 10:05:30 INFO DAGScheduler: Final stage: ResultStage 4 (json at NativeMethodAccessorImpl.java:0)
[2023-05-09T10:05:30.936+0000] {spark_submit.py:490} INFO - 23/05/09 10:05:30 INFO DAGScheduler: Parents of final stage: List()
[2023-05-09T10:05:30.936+0000] {spark_submit.py:490} INFO - 23/05/09 10:05:30 INFO DAGScheduler: Missing parents: List()
[2023-05-09T10:05:30.937+0000] {spark_submit.py:490} INFO - 23/05/09 10:05:30 INFO DAGScheduler: Submitting ResultStage 4 (MapPartitionsRDD[55] at json at NativeMethodAccessorImpl.java:0), which has no missing parents
[2023-05-09T10:05:30.942+0000] {spark_submit.py:490} INFO - 23/05/09 10:05:30 INFO MemoryStore: Block broadcast_4 stored as values in memory (estimated size 19.8 KiB, free 434.3 MiB)
[2023-05-09T10:05:30.946+0000] {spark_submit.py:490} INFO - 23/05/09 10:05:30 INFO MemoryStore: Block broadcast_4_piece0 stored as bytes in memory (estimated size 9.7 KiB, free 434.3 MiB)
[2023-05-09T10:05:30.947+0000] {spark_submit.py:490} INFO - 23/05/09 10:05:30 INFO BlockManagerInfo: Added broadcast_4_piece0 in memory on 95de13442dd4:34021 (size: 9.7 KiB, free: 434.4 MiB)
[2023-05-09T10:05:30.948+0000] {spark_submit.py:490} INFO - 23/05/09 10:05:30 INFO SparkContext: Created broadcast 4 from broadcast at DAGScheduler.scala:1535
[2023-05-09T10:05:30.949+0000] {spark_submit.py:490} INFO - 23/05/09 10:05:30 INFO DAGScheduler: Submitting 2 missing tasks from ResultStage 4 (MapPartitionsRDD[55] at json at NativeMethodAccessorImpl.java:0) (first 15 tasks are for partitions Vector(0, 1))
[2023-05-09T10:05:30.949+0000] {spark_submit.py:490} INFO - 23/05/09 10:05:30 INFO TaskSchedulerImpl: Adding task set 4.0 with 2 tasks resource profile 0
[2023-05-09T10:05:30.951+0000] {spark_submit.py:490} INFO - 23/05/09 10:05:30 INFO TaskSetManager: Starting task 0.0 in stage 4.0 (TID 8) (172.23.0.2, executor 0, partition 0, PROCESS_LOCAL, 7347 bytes)
[2023-05-09T10:05:30.951+0000] {spark_submit.py:490} INFO - 23/05/09 10:05:30 INFO TaskSetManager: Starting task 1.0 in stage 4.0 (TID 9) (172.23.0.2, executor 0, partition 1, PROCESS_LOCAL, 8051 bytes)
[2023-05-09T10:05:30.971+0000] {spark_submit.py:490} INFO - 23/05/09 10:05:30 INFO BlockManagerInfo: Added broadcast_4_piece0 in memory on 172.23.0.2:43127 (size: 9.7 KiB, free: 434.4 MiB)
[2023-05-09T10:05:31.042+0000] {spark_submit.py:490} INFO - 23/05/09 10:05:31 INFO TaskSetManager: Finished task 1.0 in stage 4.0 (TID 9) in 91 ms on 172.23.0.2 (executor 0) (1/2)
[2023-05-09T10:05:31.044+0000] {spark_submit.py:490} INFO - 23/05/09 10:05:31 INFO TaskSetManager: Finished task 0.0 in stage 4.0 (TID 8) in 94 ms on 172.23.0.2 (executor 0) (2/2)
[2023-05-09T10:05:31.047+0000] {spark_submit.py:490} INFO - 23/05/09 10:05:31 INFO TaskSchedulerImpl: Removed TaskSet 4.0, whose tasks have all completed, from pool
[2023-05-09T10:05:31.049+0000] {spark_submit.py:490} INFO - 23/05/09 10:05:31 INFO DAGScheduler: ResultStage 4 (json at NativeMethodAccessorImpl.java:0) finished in 0.110 s
[2023-05-09T10:05:31.049+0000] {spark_submit.py:490} INFO - 23/05/09 10:05:31 INFO DAGScheduler: Job 4 is finished. Cancelling potential speculative or zombie tasks for this job
[2023-05-09T10:05:31.049+0000] {spark_submit.py:490} INFO - 23/05/09 10:05:31 INFO TaskSchedulerImpl: Killing all running tasks in stage 4: Stage finished
[2023-05-09T10:05:31.050+0000] {spark_submit.py:490} INFO - 23/05/09 10:05:31 INFO DAGScheduler: Job 4 finished: json at NativeMethodAccessorImpl.java:0, took 0.115122 s
[2023-05-09T10:05:32.329+0000] {spark_submit.py:490} INFO - {'meta': {'symbol': 'META', 'interval': '1h', 'currency': 'USD', 'exchange_timezone': 'America/New_York', 'exchange': 'NASDAQ', 'mic_code': 'XNGS', 'type': 'Common Stock'}, 'values': [{'datetime': '2019-01-10 15:00:00', 'open': '144.41000', 'high': '144.55000', 'low': '144.07001', 'close': '144.22000', 'volume': '1467820'}, {'datetime': '2019-01-10 14:00:00', 'open': '143.98000', 'high': '144.50000', 'low': '143.80000', 'close': '144.40691', 'volume': '1338098'}, {'datetime': '2019-01-10 13:00:00', 'open': '143.34000', 'high': '144.41000', 'low': '142.59000', 'close': '143.95000', 'volume': '1422627'}, {'datetime': '2019-01-10 12:00:00', 'open': '143.70500', 'high': '144.50000', 'low': '143.05000', 'close': '143.33000', 'volume': '2023544'}, {'datetime': '2019-01-10 11:00:00', 'open': '142.97501', 'high': '143.72000', 'low': '142.53000', 'close': '143.72000', 'volume': '1407266'}, {'datetime': '2019-01-10 10:00:00', 'open': '143.03999', 'high': '143.25000', 'low': '142.50999', 'close': '142.97000', 'volume': '1831980'}, {'datetime': '2019-01-10 09:00:00', 'open': '143.06000', 'high': '143.23000', 'low': '140.84000', 'close': '143.09290', 'volume': '4693308'}], 'status': 'ok'}
[2023-05-09T10:05:32.392+0000] {spark_submit.py:490} INFO - 23/05/09 10:05:32 INFO SparkContext: Starting job: json at NativeMethodAccessorImpl.java:0
[2023-05-09T10:05:32.393+0000] {spark_submit.py:490} INFO - 23/05/09 10:05:32 INFO DAGScheduler: Got job 5 (json at NativeMethodAccessorImpl.java:0) with 2 output partitions
[2023-05-09T10:05:32.393+0000] {spark_submit.py:490} INFO - 23/05/09 10:05:32 INFO DAGScheduler: Final stage: ResultStage 5 (json at NativeMethodAccessorImpl.java:0)
[2023-05-09T10:05:32.393+0000] {spark_submit.py:490} INFO - 23/05/09 10:05:32 INFO DAGScheduler: Parents of final stage: List()
[2023-05-09T10:05:32.393+0000] {spark_submit.py:490} INFO - 23/05/09 10:05:32 INFO DAGScheduler: Missing parents: List()
[2023-05-09T10:05:32.394+0000] {spark_submit.py:490} INFO - 23/05/09 10:05:32 INFO DAGScheduler: Submitting ResultStage 5 (MapPartitionsRDD[66] at json at NativeMethodAccessorImpl.java:0), which has no missing parents
[2023-05-09T10:05:32.398+0000] {spark_submit.py:490} INFO - 23/05/09 10:05:32 INFO MemoryStore: Block broadcast_5 stored as values in memory (estimated size 19.8 KiB, free 434.3 MiB)
[2023-05-09T10:05:32.401+0000] {spark_submit.py:490} INFO - 23/05/09 10:05:32 INFO MemoryStore: Block broadcast_5_piece0 stored as bytes in memory (estimated size 9.7 KiB, free 434.3 MiB)
[2023-05-09T10:05:32.402+0000] {spark_submit.py:490} INFO - 23/05/09 10:05:32 INFO BlockManagerInfo: Added broadcast_5_piece0 in memory on 95de13442dd4:34021 (size: 9.7 KiB, free: 434.4 MiB)
[2023-05-09T10:05:32.402+0000] {spark_submit.py:490} INFO - 23/05/09 10:05:32 INFO SparkContext: Created broadcast 5 from broadcast at DAGScheduler.scala:1535
[2023-05-09T10:05:32.403+0000] {spark_submit.py:490} INFO - 23/05/09 10:05:32 INFO DAGScheduler: Submitting 2 missing tasks from ResultStage 5 (MapPartitionsRDD[66] at json at NativeMethodAccessorImpl.java:0) (first 15 tasks are for partitions Vector(0, 1))
[2023-05-09T10:05:32.403+0000] {spark_submit.py:490} INFO - 23/05/09 10:05:32 INFO TaskSchedulerImpl: Adding task set 5.0 with 2 tasks resource profile 0
[2023-05-09T10:05:32.404+0000] {spark_submit.py:490} INFO - 23/05/09 10:05:32 INFO TaskSetManager: Starting task 0.0 in stage 5.0 (TID 10) (172.23.0.2, executor 0, partition 0, PROCESS_LOCAL, 7347 bytes)
[2023-05-09T10:05:32.404+0000] {spark_submit.py:490} INFO - 23/05/09 10:05:32 INFO TaskSetManager: Starting task 1.0 in stage 5.0 (TID 11) (172.23.0.2, executor 0, partition 1, PROCESS_LOCAL, 8084 bytes)
[2023-05-09T10:05:32.420+0000] {spark_submit.py:490} INFO - 23/05/09 10:05:32 INFO BlockManagerInfo: Added broadcast_5_piece0 in memory on 172.23.0.2:43127 (size: 9.7 KiB, free: 434.4 MiB)
[2023-05-09T10:05:32.478+0000] {spark_submit.py:490} INFO - 23/05/09 10:05:32 INFO TaskSetManager: Finished task 0.0 in stage 5.0 (TID 10) in 73 ms on 172.23.0.2 (executor 0) (1/2)
[2023-05-09T10:05:32.480+0000] {spark_submit.py:490} INFO - 23/05/09 10:05:32 INFO TaskSetManager: Finished task 1.0 in stage 5.0 (TID 11) in 75 ms on 172.23.0.2 (executor 0) (2/2)
[2023-05-09T10:05:32.481+0000] {spark_submit.py:490} INFO - 23/05/09 10:05:32 INFO TaskSchedulerImpl: Removed TaskSet 5.0, whose tasks have all completed, from pool
[2023-05-09T10:05:32.483+0000] {spark_submit.py:490} INFO - 23/05/09 10:05:32 INFO DAGScheduler: ResultStage 5 (json at NativeMethodAccessorImpl.java:0) finished in 0.087 s
[2023-05-09T10:05:32.483+0000] {spark_submit.py:490} INFO - 23/05/09 10:05:32 INFO DAGScheduler: Job 5 is finished. Cancelling potential speculative or zombie tasks for this job
[2023-05-09T10:05:32.484+0000] {spark_submit.py:490} INFO - 23/05/09 10:05:32 INFO TaskSchedulerImpl: Killing all running tasks in stage 5: Stage finished
[2023-05-09T10:05:32.485+0000] {spark_submit.py:490} INFO - 23/05/09 10:05:32 INFO DAGScheduler: Job 5 finished: json at NativeMethodAccessorImpl.java:0, took 0.093040 s
[2023-05-09T10:05:33.625+0000] {spark_submit.py:490} INFO - {'meta': {'symbol': 'NFLX', 'interval': '1h', 'currency': 'USD', 'exchange_timezone': 'America/New_York', 'exchange': 'NASDAQ', 'mic_code': 'XNGS', 'type': 'Common Stock'}, 'values': [{'datetime': '2019-01-10 15:00:00', 'open': '323.69000', 'high': '325.22000', 'low': '323.23001', 'close': '324.79001', 'volume': '1427620'}, {'datetime': '2019-01-10 14:00:00', 'open': '322.39001', 'high': '323.89999', 'low': '321.69000', 'close': '323.69000', 'volume': '1328273'}, {'datetime': '2019-01-10 13:00:00', 'open': '322.00000', 'high': '323.50000', 'low': '319.50000', 'close': '322.17999', 'volume': '1515389'}, {'datetime': '2019-01-10 12:00:00', 'open': '322.49899', 'high': '324.12991', 'low': '320.01001', 'close': '321.82001', 'volume': '1277313'}, {'datetime': '2019-01-10 11:00:00', 'open': '323.59250', 'high': '325.29001', 'low': '321.62000', 'close': '322.42389', 'volume': '1459057'}, {'datetime': '2019-01-10 10:00:00', 'open': '320.23999', 'high': '325.07001', 'low': '320.23999', 'close': '323.33551', 'volume': '2450657'}, {'datetime': '2019-01-10 09:00:00', 'open': '314.75000', 'high': '320.29999', 'low': '312.50549', 'close': '320.04999', 'volume': '3314482'}], 'status': 'ok'}
[2023-05-09T10:05:33.665+0000] {spark_submit.py:490} INFO - 23/05/09 10:05:33 INFO SparkContext: Starting job: json at NativeMethodAccessorImpl.java:0
[2023-05-09T10:05:33.666+0000] {spark_submit.py:490} INFO - 23/05/09 10:05:33 INFO DAGScheduler: Got job 6 (json at NativeMethodAccessorImpl.java:0) with 2 output partitions
[2023-05-09T10:05:33.666+0000] {spark_submit.py:490} INFO - 23/05/09 10:05:33 INFO DAGScheduler: Final stage: ResultStage 6 (json at NativeMethodAccessorImpl.java:0)
[2023-05-09T10:05:33.666+0000] {spark_submit.py:490} INFO - 23/05/09 10:05:33 INFO DAGScheduler: Parents of final stage: List()
[2023-05-09T10:05:33.667+0000] {spark_submit.py:490} INFO - 23/05/09 10:05:33 INFO DAGScheduler: Missing parents: List()
[2023-05-09T10:05:33.667+0000] {spark_submit.py:490} INFO - 23/05/09 10:05:33 INFO DAGScheduler: Submitting ResultStage 6 (MapPartitionsRDD[77] at json at NativeMethodAccessorImpl.java:0), which has no missing parents
[2023-05-09T10:05:33.671+0000] {spark_submit.py:490} INFO - 23/05/09 10:05:33 INFO MemoryStore: Block broadcast_6 stored as values in memory (estimated size 19.8 KiB, free 434.2 MiB)
[2023-05-09T10:05:33.674+0000] {spark_submit.py:490} INFO - 23/05/09 10:05:33 INFO MemoryStore: Block broadcast_6_piece0 stored as bytes in memory (estimated size 9.7 KiB, free 434.2 MiB)
[2023-05-09T10:05:33.675+0000] {spark_submit.py:490} INFO - 23/05/09 10:05:33 INFO BlockManagerInfo: Added broadcast_6_piece0 in memory on 95de13442dd4:34021 (size: 9.7 KiB, free: 434.3 MiB)
[2023-05-09T10:05:33.675+0000] {spark_submit.py:490} INFO - 23/05/09 10:05:33 INFO SparkContext: Created broadcast 6 from broadcast at DAGScheduler.scala:1535
[2023-05-09T10:05:33.676+0000] {spark_submit.py:490} INFO - 23/05/09 10:05:33 INFO DAGScheduler: Submitting 2 missing tasks from ResultStage 6 (MapPartitionsRDD[77] at json at NativeMethodAccessorImpl.java:0) (first 15 tasks are for partitions Vector(0, 1))
[2023-05-09T10:05:33.676+0000] {spark_submit.py:490} INFO - 23/05/09 10:05:33 INFO TaskSchedulerImpl: Adding task set 6.0 with 2 tasks resource profile 0
[2023-05-09T10:05:33.678+0000] {spark_submit.py:490} INFO - 23/05/09 10:05:33 INFO TaskSetManager: Starting task 0.0 in stage 6.0 (TID 12) (172.23.0.2, executor 0, partition 0, PROCESS_LOCAL, 7347 bytes)
[2023-05-09T10:05:33.679+0000] {spark_submit.py:490} INFO - 23/05/09 10:05:33 INFO TaskSetManager: Starting task 1.0 in stage 6.0 (TID 13) (172.23.0.2, executor 0, partition 1, PROCESS_LOCAL, 8084 bytes)
[2023-05-09T10:05:33.694+0000] {spark_submit.py:490} INFO - 23/05/09 10:05:33 INFO BlockManagerInfo: Added broadcast_6_piece0 in memory on 172.23.0.2:43127 (size: 9.7 KiB, free: 434.3 MiB)
[2023-05-09T10:05:33.758+0000] {spark_submit.py:490} INFO - 23/05/09 10:05:33 INFO TaskSetManager: Finished task 1.0 in stage 6.0 (TID 13) in 80 ms on 172.23.0.2 (executor 0) (1/2)
[2023-05-09T10:05:33.759+0000] {spark_submit.py:490} INFO - 23/05/09 10:05:33 INFO TaskSetManager: Finished task 0.0 in stage 6.0 (TID 12) in 82 ms on 172.23.0.2 (executor 0) (2/2)
[2023-05-09T10:05:33.759+0000] {spark_submit.py:490} INFO - 23/05/09 10:05:33 INFO TaskSchedulerImpl: Removed TaskSet 6.0, whose tasks have all completed, from pool
[2023-05-09T10:05:33.762+0000] {spark_submit.py:490} INFO - 23/05/09 10:05:33 INFO DAGScheduler: ResultStage 6 (json at NativeMethodAccessorImpl.java:0) finished in 0.093 s
[2023-05-09T10:05:33.762+0000] {spark_submit.py:490} INFO - 23/05/09 10:05:33 INFO DAGScheduler: Job 6 is finished. Cancelling potential speculative or zombie tasks for this job
[2023-05-09T10:05:33.763+0000] {spark_submit.py:490} INFO - 23/05/09 10:05:33 INFO TaskSchedulerImpl: Killing all running tasks in stage 6: Stage finished
[2023-05-09T10:05:33.763+0000] {spark_submit.py:490} INFO - 23/05/09 10:05:33 INFO DAGScheduler: Job 6 finished: json at NativeMethodAccessorImpl.java:0, took 0.097483 s
[2023-05-09T10:05:35.063+0000] {spark_submit.py:490} INFO - {'meta': {'symbol': 'NVDA', 'interval': '1h', 'currency': 'USD', 'exchange_timezone': 'America/New_York', 'exchange': 'NASDAQ', 'mic_code': 'XNGS', 'type': 'Common Stock'}, 'values': [{'datetime': '2019-01-10 15:00:00', 'open': '145.03999', 'high': '145.58000', 'low': '144.82001', 'close': '145.17000', 'volume': '1538715'}, {'datetime': '2019-01-10 14:00:00', 'open': '144.24001', 'high': '145.21500', 'low': '143.77000', 'close': '145.05000', 'volume': '1146004'}, {'datetime': '2019-01-10 13:00:00', 'open': '144.22000', 'high': '144.82001', 'low': '142.83771', 'close': '144.25940', 'volume': '1365097'}, {'datetime': '2019-01-10 12:00:00', 'open': '144.72000', 'high': '145.44000', 'low': '143.48000', 'close': '144.17000', 'volume': '1466214'}, {'datetime': '2019-01-10 11:00:00', 'open': '143.73000', 'high': '144.80161', 'low': '143.39999', 'close': '144.72000', 'volume': '1144353'}, {'datetime': '2019-01-10 10:00:00', 'open': '142.94000', 'high': '144.97000', 'low': '142.53011', 'close': '143.72729', 'volume': '2253102'}, {'datetime': '2019-01-10 09:00:00', 'open': '141.80000', 'high': '143.44000', 'low': '139.36000', 'close': '142.93790', 'volume': '3633466'}], 'status': 'ok'}
[2023-05-09T10:05:35.130+0000] {spark_submit.py:490} INFO - 23/05/09 10:05:35 INFO SparkContext: Starting job: json at NativeMethodAccessorImpl.java:0
[2023-05-09T10:05:35.131+0000] {spark_submit.py:490} INFO - 23/05/09 10:05:35 INFO DAGScheduler: Got job 7 (json at NativeMethodAccessorImpl.java:0) with 2 output partitions
[2023-05-09T10:05:35.132+0000] {spark_submit.py:490} INFO - 23/05/09 10:05:35 INFO DAGScheduler: Final stage: ResultStage 7 (json at NativeMethodAccessorImpl.java:0)
[2023-05-09T10:05:35.132+0000] {spark_submit.py:490} INFO - 23/05/09 10:05:35 INFO DAGScheduler: Parents of final stage: List()
[2023-05-09T10:05:35.132+0000] {spark_submit.py:490} INFO - 23/05/09 10:05:35 INFO DAGScheduler: Missing parents: List()
[2023-05-09T10:05:35.133+0000] {spark_submit.py:490} INFO - 23/05/09 10:05:35 INFO DAGScheduler: Submitting ResultStage 7 (MapPartitionsRDD[88] at json at NativeMethodAccessorImpl.java:0), which has no missing parents
[2023-05-09T10:05:35.136+0000] {spark_submit.py:490} INFO - 23/05/09 10:05:35 INFO MemoryStore: Block broadcast_7 stored as values in memory (estimated size 19.8 KiB, free 434.2 MiB)
[2023-05-09T10:05:35.138+0000] {spark_submit.py:490} INFO - 23/05/09 10:05:35 INFO MemoryStore: Block broadcast_7_piece0 stored as bytes in memory (estimated size 9.7 KiB, free 434.2 MiB)
[2023-05-09T10:05:35.139+0000] {spark_submit.py:490} INFO - 23/05/09 10:05:35 INFO BlockManagerInfo: Added broadcast_7_piece0 in memory on 95de13442dd4:34021 (size: 9.7 KiB, free: 434.3 MiB)
[2023-05-09T10:05:35.139+0000] {spark_submit.py:490} INFO - 23/05/09 10:05:35 INFO SparkContext: Created broadcast 7 from broadcast at DAGScheduler.scala:1535
[2023-05-09T10:05:35.140+0000] {spark_submit.py:490} INFO - 23/05/09 10:05:35 INFO DAGScheduler: Submitting 2 missing tasks from ResultStage 7 (MapPartitionsRDD[88] at json at NativeMethodAccessorImpl.java:0) (first 15 tasks are for partitions Vector(0, 1))
[2023-05-09T10:05:35.140+0000] {spark_submit.py:490} INFO - 23/05/09 10:05:35 INFO TaskSchedulerImpl: Adding task set 7.0 with 2 tasks resource profile 0
[2023-05-09T10:05:35.141+0000] {spark_submit.py:490} INFO - 23/05/09 10:05:35 INFO TaskSetManager: Starting task 0.0 in stage 7.0 (TID 14) (172.23.0.2, executor 0, partition 0, PROCESS_LOCAL, 7347 bytes)
[2023-05-09T10:05:35.142+0000] {spark_submit.py:490} INFO - 23/05/09 10:05:35 INFO TaskSetManager: Starting task 1.0 in stage 7.0 (TID 15) (172.23.0.2, executor 0, partition 1, PROCESS_LOCAL, 8084 bytes)
[2023-05-09T10:05:35.156+0000] {spark_submit.py:490} INFO - 23/05/09 10:05:35 INFO BlockManagerInfo: Added broadcast_7_piece0 in memory on 172.23.0.2:43127 (size: 9.7 KiB, free: 434.3 MiB)
[2023-05-09T10:05:35.214+0000] {spark_submit.py:490} INFO - 23/05/09 10:05:35 INFO TaskSetManager: Finished task 1.0 in stage 7.0 (TID 15) in 72 ms on 172.23.0.2 (executor 0) (1/2)
[2023-05-09T10:05:35.217+0000] {spark_submit.py:490} INFO - 23/05/09 10:05:35 INFO TaskSetManager: Finished task 0.0 in stage 7.0 (TID 14) in 75 ms on 172.23.0.2 (executor 0) (2/2)
[2023-05-09T10:05:35.217+0000] {spark_submit.py:490} INFO - 23/05/09 10:05:35 INFO TaskSchedulerImpl: Removed TaskSet 7.0, whose tasks have all completed, from pool
[2023-05-09T10:05:35.218+0000] {spark_submit.py:490} INFO - 23/05/09 10:05:35 INFO DAGScheduler: ResultStage 7 (json at NativeMethodAccessorImpl.java:0) finished in 0.083 s
[2023-05-09T10:05:35.218+0000] {spark_submit.py:490} INFO - 23/05/09 10:05:35 INFO DAGScheduler: Job 7 is finished. Cancelling potential speculative or zombie tasks for this job
[2023-05-09T10:05:35.218+0000] {spark_submit.py:490} INFO - 23/05/09 10:05:35 INFO TaskSchedulerImpl: Killing all running tasks in stage 7: Stage finished
[2023-05-09T10:05:35.219+0000] {spark_submit.py:490} INFO - 23/05/09 10:05:35 INFO DAGScheduler: Job 7 finished: json at NativeMethodAccessorImpl.java:0, took 0.088008 s
[2023-05-09T10:05:35.410+0000] {spark_submit.py:490} INFO - 23/05/09 10:05:35 INFO BlockManagerInfo: Removed broadcast_1_piece0 on 95de13442dd4:34021 in memory (size: 9.7 KiB, free: 434.3 MiB)
[2023-05-09T10:05:35.411+0000] {spark_submit.py:490} INFO - 23/05/09 10:05:35 INFO BlockManagerInfo: Removed broadcast_1_piece0 on 172.23.0.2:43127 in memory (size: 9.7 KiB, free: 434.3 MiB)
[2023-05-09T10:05:35.418+0000] {spark_submit.py:490} INFO - 23/05/09 10:05:35 INFO BlockManagerInfo: Removed broadcast_5_piece0 on 95de13442dd4:34021 in memory (size: 9.7 KiB, free: 434.4 MiB)
[2023-05-09T10:05:35.420+0000] {spark_submit.py:490} INFO - 23/05/09 10:05:35 INFO BlockManagerInfo: Removed broadcast_5_piece0 on 172.23.0.2:43127 in memory (size: 9.7 KiB, free: 434.4 MiB)
[2023-05-09T10:05:35.430+0000] {spark_submit.py:490} INFO - 23/05/09 10:05:35 INFO BlockManagerInfo: Removed broadcast_7_piece0 on 95de13442dd4:34021 in memory (size: 9.7 KiB, free: 434.4 MiB)
[2023-05-09T10:05:35.432+0000] {spark_submit.py:490} INFO - 23/05/09 10:05:35 INFO BlockManagerInfo: Removed broadcast_7_piece0 on 172.23.0.2:43127 in memory (size: 9.7 KiB, free: 434.4 MiB)
[2023-05-09T10:05:35.442+0000] {spark_submit.py:490} INFO - 23/05/09 10:05:35 INFO BlockManagerInfo: Removed broadcast_6_piece0 on 95de13442dd4:34021 in memory (size: 9.7 KiB, free: 434.4 MiB)
[2023-05-09T10:05:35.444+0000] {spark_submit.py:490} INFO - 23/05/09 10:05:35 INFO BlockManagerInfo: Removed broadcast_6_piece0 on 172.23.0.2:43127 in memory (size: 9.7 KiB, free: 434.4 MiB)
[2023-05-09T10:05:35.450+0000] {spark_submit.py:490} INFO - 23/05/09 10:05:35 INFO BlockManagerInfo: Removed broadcast_4_piece0 on 95de13442dd4:34021 in memory (size: 9.7 KiB, free: 434.4 MiB)
[2023-05-09T10:05:35.452+0000] {spark_submit.py:490} INFO - 23/05/09 10:05:35 INFO BlockManagerInfo: Removed broadcast_4_piece0 on 172.23.0.2:43127 in memory (size: 9.7 KiB, free: 434.4 MiB)
[2023-05-09T10:05:35.458+0000] {spark_submit.py:490} INFO - 23/05/09 10:05:35 INFO BlockManagerInfo: Removed broadcast_2_piece0 on 95de13442dd4:34021 in memory (size: 9.7 KiB, free: 434.4 MiB)
[2023-05-09T10:05:35.460+0000] {spark_submit.py:490} INFO - 23/05/09 10:05:35 INFO BlockManagerInfo: Removed broadcast_2_piece0 on 172.23.0.2:43127 in memory (size: 9.7 KiB, free: 434.4 MiB)
[2023-05-09T10:05:35.467+0000] {spark_submit.py:490} INFO - 23/05/09 10:05:35 INFO BlockManagerInfo: Removed broadcast_3_piece0 on 95de13442dd4:34021 in memory (size: 9.7 KiB, free: 434.4 MiB)
[2023-05-09T10:05:35.470+0000] {spark_submit.py:490} INFO - 23/05/09 10:05:35 INFO BlockManagerInfo: Removed broadcast_3_piece0 on 172.23.0.2:43127 in memory (size: 9.7 KiB, free: 434.4 MiB)
[2023-05-09T10:05:39.982+0000] {spark_submit.py:490} INFO - 23/05/09 10:05:39 INFO ParquetUtils: Using default output committer for Parquet: org.apache.parquet.hadoop.ParquetOutputCommitter
[2023-05-09T10:05:40.021+0000] {spark_submit.py:490} INFO - 23/05/09 10:05:40 INFO FileOutputCommitter: File Output Committer Algorithm version is 1
[2023-05-09T10:05:40.022+0000] {spark_submit.py:490} INFO - 23/05/09 10:05:40 INFO FileOutputCommitter: FileOutputCommitter skip cleanup _temporary folders under output directory:false, ignore cleanup failures: false
[2023-05-09T10:05:40.025+0000] {spark_submit.py:490} INFO - 23/05/09 10:05:40 INFO SQLHadoopMapReduceCommitProtocol: Using user defined output committer class org.apache.parquet.hadoop.ParquetOutputCommitter
[2023-05-09T10:05:40.025+0000] {spark_submit.py:490} INFO - 23/05/09 10:05:40 INFO FileOutputCommitter: File Output Committer Algorithm version is 1
[2023-05-09T10:05:40.025+0000] {spark_submit.py:490} INFO - 23/05/09 10:05:40 INFO FileOutputCommitter: FileOutputCommitter skip cleanup _temporary folders under output directory:false, ignore cleanup failures: false
[2023-05-09T10:05:40.027+0000] {spark_submit.py:490} INFO - 23/05/09 10:05:40 INFO SQLHadoopMapReduceCommitProtocol: Using output committer class org.apache.parquet.hadoop.ParquetOutputCommitter
[2023-05-09T10:05:41.605+0000] {spark_submit.py:490} INFO - 23/05/09 10:05:41 INFO CodeGenerator: Code generated in 39.446173 ms
[2023-05-09T10:05:41.631+0000] {spark_submit.py:490} INFO - 23/05/09 10:05:41 INFO CodeGenerator: Code generated in 18.388974 ms
[2023-05-09T10:05:41.657+0000] {spark_submit.py:490} INFO - 23/05/09 10:05:41 INFO CodeGenerator: Code generated in 17.64411 ms
[2023-05-09T10:05:41.680+0000] {spark_submit.py:490} INFO - 23/05/09 10:05:41 INFO CodeGenerator: Code generated in 15.737969 ms
[2023-05-09T10:05:41.699+0000] {spark_submit.py:490} INFO - 23/05/09 10:05:41 INFO CodeGenerator: Code generated in 12.190529 ms
[2023-05-09T10:05:41.714+0000] {spark_submit.py:490} INFO - 23/05/09 10:05:41 INFO CodeGenerator: Code generated in 10.150856 ms
[2023-05-09T10:05:41.729+0000] {spark_submit.py:490} INFO - 23/05/09 10:05:41 INFO CodeGenerator: Code generated in 10.085733 ms
[2023-05-09T10:05:41.745+0000] {spark_submit.py:490} INFO - 23/05/09 10:05:41 INFO CodeGenerator: Code generated in 9.81183 ms
[2023-05-09T10:05:41.761+0000] {spark_submit.py:490} INFO - 23/05/09 10:05:41 INFO CodeGenerator: Code generated in 10.308466 ms
[2023-05-09T10:05:41.793+0000] {spark_submit.py:490} INFO - 23/05/09 10:05:41 INFO SparkContext: Starting job: parquet at NativeMethodAccessorImpl.java:0
[2023-05-09T10:05:41.797+0000] {spark_submit.py:490} INFO - 23/05/09 10:05:41 INFO DAGScheduler: Got job 8 (parquet at NativeMethodAccessorImpl.java:0) with 1 output partitions
[2023-05-09T10:05:41.797+0000] {spark_submit.py:490} INFO - 23/05/09 10:05:41 INFO DAGScheduler: Final stage: ResultStage 8 (parquet at NativeMethodAccessorImpl.java:0)
[2023-05-09T10:05:41.797+0000] {spark_submit.py:490} INFO - 23/05/09 10:05:41 INFO DAGScheduler: Parents of final stage: List()
[2023-05-09T10:05:41.798+0000] {spark_submit.py:490} INFO - 23/05/09 10:05:41 INFO DAGScheduler: Missing parents: List()
[2023-05-09T10:05:41.800+0000] {spark_submit.py:490} INFO - 23/05/09 10:05:41 INFO DAGScheduler: Submitting ResultStage 8 (MapPartitionsRDD[104] at parquet at NativeMethodAccessorImpl.java:0), which has no missing parents
[2023-05-09T10:05:41.867+0000] {spark_submit.py:490} INFO - 23/05/09 10:05:41 INFO MemoryStore: Block broadcast_8 stored as values in memory (estimated size 276.6 KiB, free 434.1 MiB)
[2023-05-09T10:05:41.870+0000] {spark_submit.py:490} INFO - 23/05/09 10:05:41 INFO MemoryStore: Block broadcast_8_piece0 stored as bytes in memory (estimated size 93.1 KiB, free 434.0 MiB)
[2023-05-09T10:05:41.870+0000] {spark_submit.py:490} INFO - 23/05/09 10:05:41 INFO BlockManagerInfo: Added broadcast_8_piece0 in memory on 95de13442dd4:34021 (size: 93.1 KiB, free: 434.3 MiB)
[2023-05-09T10:05:41.871+0000] {spark_submit.py:490} INFO - 23/05/09 10:05:41 INFO SparkContext: Created broadcast 8 from broadcast at DAGScheduler.scala:1535
[2023-05-09T10:05:41.872+0000] {spark_submit.py:490} INFO - 23/05/09 10:05:41 INFO DAGScheduler: Submitting 1 missing tasks from ResultStage 8 (MapPartitionsRDD[104] at parquet at NativeMethodAccessorImpl.java:0) (first 15 tasks are for partitions Vector(0))
[2023-05-09T10:05:41.872+0000] {spark_submit.py:490} INFO - 23/05/09 10:05:41 INFO TaskSchedulerImpl: Adding task set 8.0 with 1 tasks resource profile 0
[2023-05-09T10:05:41.877+0000] {spark_submit.py:490} INFO - 23/05/09 10:05:41 INFO TaskSetManager: Starting task 0.0 in stage 8.0 (TID 16) (172.23.0.2, executor 0, partition 0, PROCESS_LOCAL, 14491 bytes)
[2023-05-09T10:05:41.904+0000] {spark_submit.py:490} INFO - 23/05/09 10:05:41 INFO BlockManagerInfo: Added broadcast_8_piece0 in memory on 172.23.0.2:43127 (size: 93.1 KiB, free: 434.3 MiB)
[2023-05-09T10:05:54.649+0000] {spark_submit.py:490} INFO - 23/05/09 10:05:54 INFO TaskSetManager: Finished task 0.0 in stage 8.0 (TID 16) in 12775 ms on 172.23.0.2 (executor 0) (1/1)
[2023-05-09T10:05:54.649+0000] {spark_submit.py:490} INFO - 23/05/09 10:05:54 INFO TaskSchedulerImpl: Removed TaskSet 8.0, whose tasks have all completed, from pool
[2023-05-09T10:05:54.650+0000] {spark_submit.py:490} INFO - 23/05/09 10:05:54 INFO DAGScheduler: ResultStage 8 (parquet at NativeMethodAccessorImpl.java:0) finished in 12.848 s
[2023-05-09T10:05:54.651+0000] {spark_submit.py:490} INFO - 23/05/09 10:05:54 INFO DAGScheduler: Job 8 is finished. Cancelling potential speculative or zombie tasks for this job
[2023-05-09T10:05:54.651+0000] {spark_submit.py:490} INFO - 23/05/09 10:05:54 INFO TaskSchedulerImpl: Killing all running tasks in stage 8: Stage finished
[2023-05-09T10:05:54.652+0000] {spark_submit.py:490} INFO - 23/05/09 10:05:54 INFO DAGScheduler: Job 8 finished: parquet at NativeMethodAccessorImpl.java:0, took 12.858671 s
[2023-05-09T10:05:54.660+0000] {spark_submit.py:490} INFO - 23/05/09 10:05:54 INFO FileFormatWriter: Start to commit write Job fe1fbeb4-c239-4ccc-bcf1-b761ee89088f.
[2023-05-09T10:06:01.220+0000] {spark_submit.py:490} INFO - 23/05/09 10:06:01 INFO GoogleCloudStorageFileSystem: Successfully repaired 'gs://dtc-de-382609_bucket/stock_data/2019/01/_temporary/0/task_202305091005415473001035826024992_0008_m_000000/' directory.
[2023-05-09T10:06:04.119+0000] {spark_submit.py:490} INFO - 23/05/09 10:06:04 INFO GoogleCloudStorageFileSystem: Successfully repaired 'gs://dtc-de-382609_bucket/stock_data/2019/01/' directory.
[2023-05-09T10:06:06.518+0000] {spark_submit.py:490} INFO - 23/05/09 10:06:06 INFO BlockManagerInfo: Removed broadcast_8_piece0 on 95de13442dd4:34021 in memory (size: 93.1 KiB, free: 434.4 MiB)
[2023-05-09T10:06:06.520+0000] {spark_submit.py:490} INFO - 23/05/09 10:06:06 INFO BlockManagerInfo: Removed broadcast_8_piece0 on 172.23.0.2:43127 in memory (size: 93.1 KiB, free: 434.4 MiB)
[2023-05-09T10:06:08.241+0000] {spark_submit.py:490} INFO - 23/05/09 10:06:08 INFO FileFormatWriter: Write Job fe1fbeb4-c239-4ccc-bcf1-b761ee89088f committed. Elapsed time: 13578 ms.
[2023-05-09T10:06:08.245+0000] {spark_submit.py:490} INFO - 23/05/09 10:06:08 INFO FileFormatWriter: Finished processing stats for write job fe1fbeb4-c239-4ccc-bcf1-b761ee89088f.
[2023-05-09T10:06:10.186+0000] {spark_submit.py:490} INFO - 23/05/09 10:06:10 INFO InMemoryFileIndex: It took 444 ms to list leaf files for 1 paths.
[2023-05-09T10:06:10.256+0000] {spark_submit.py:490} INFO - 23/05/09 10:06:10 INFO SparkContext: Starting job: load at NativeMethodAccessorImpl.java:0
[2023-05-09T10:06:10.256+0000] {spark_submit.py:490} INFO - 23/05/09 10:06:10 INFO DAGScheduler: Got job 9 (load at NativeMethodAccessorImpl.java:0) with 1 output partitions
[2023-05-09T10:06:10.257+0000] {spark_submit.py:490} INFO - 23/05/09 10:06:10 INFO DAGScheduler: Final stage: ResultStage 9 (load at NativeMethodAccessorImpl.java:0)
[2023-05-09T10:06:10.257+0000] {spark_submit.py:490} INFO - 23/05/09 10:06:10 INFO DAGScheduler: Parents of final stage: List()
[2023-05-09T10:06:10.257+0000] {spark_submit.py:490} INFO - 23/05/09 10:06:10 INFO DAGScheduler: Missing parents: List()
[2023-05-09T10:06:10.258+0000] {spark_submit.py:490} INFO - 23/05/09 10:06:10 INFO DAGScheduler: Submitting ResultStage 9 (MapPartitionsRDD[106] at load at NativeMethodAccessorImpl.java:0), which has no missing parents
[2023-05-09T10:06:10.267+0000] {spark_submit.py:490} INFO - 23/05/09 10:06:10 INFO MemoryStore: Block broadcast_9 stored as values in memory (estimated size 103.5 KiB, free 434.3 MiB)
[2023-05-09T10:06:10.277+0000] {spark_submit.py:490} INFO - 23/05/09 10:06:10 INFO MemoryStore: Block broadcast_9_piece0 stored as bytes in memory (estimated size 37.4 KiB, free 434.3 MiB)
[2023-05-09T10:06:10.278+0000] {spark_submit.py:490} INFO - 23/05/09 10:06:10 INFO BlockManagerInfo: Added broadcast_9_piece0 in memory on 95de13442dd4:34021 (size: 37.4 KiB, free: 434.4 MiB)
[2023-05-09T10:06:10.278+0000] {spark_submit.py:490} INFO - 23/05/09 10:06:10 INFO SparkContext: Created broadcast 9 from broadcast at DAGScheduler.scala:1535
[2023-05-09T10:06:10.279+0000] {spark_submit.py:490} INFO - 23/05/09 10:06:10 INFO DAGScheduler: Submitting 1 missing tasks from ResultStage 9 (MapPartitionsRDD[106] at load at NativeMethodAccessorImpl.java:0) (first 15 tasks are for partitions Vector(0))
[2023-05-09T10:06:10.279+0000] {spark_submit.py:490} INFO - 23/05/09 10:06:10 INFO TaskSchedulerImpl: Adding task set 9.0 with 1 tasks resource profile 0
[2023-05-09T10:06:10.281+0000] {spark_submit.py:490} INFO - 23/05/09 10:06:10 INFO TaskSetManager: Starting task 0.0 in stage 9.0 (TID 17) (172.23.0.2, executor 0, partition 0, PROCESS_LOCAL, 7574 bytes)
[2023-05-09T10:06:10.305+0000] {spark_submit.py:490} INFO - 23/05/09 10:06:10 INFO BlockManagerInfo: Added broadcast_9_piece0 in memory on 172.23.0.2:43127 (size: 37.4 KiB, free: 434.4 MiB)
[2023-05-09T10:06:11.874+0000] {spark_submit.py:490} INFO - 23/05/09 10:06:11 INFO TaskSetManager: Finished task 0.0 in stage 9.0 (TID 17) in 1594 ms on 172.23.0.2 (executor 0) (1/1)
[2023-05-09T10:06:11.874+0000] {spark_submit.py:490} INFO - 23/05/09 10:06:11 INFO TaskSchedulerImpl: Removed TaskSet 9.0, whose tasks have all completed, from pool
[2023-05-09T10:06:11.875+0000] {spark_submit.py:490} INFO - 23/05/09 10:06:11 INFO DAGScheduler: ResultStage 9 (load at NativeMethodAccessorImpl.java:0) finished in 1.615 s
[2023-05-09T10:06:11.876+0000] {spark_submit.py:490} INFO - 23/05/09 10:06:11 INFO DAGScheduler: Job 9 is finished. Cancelling potential speculative or zombie tasks for this job
[2023-05-09T10:06:11.876+0000] {spark_submit.py:490} INFO - 23/05/09 10:06:11 INFO TaskSchedulerImpl: Killing all running tasks in stage 9: Stage finished
[2023-05-09T10:06:11.876+0000] {spark_submit.py:490} INFO - 23/05/09 10:06:11 INFO DAGScheduler: Job 9 finished: load at NativeMethodAccessorImpl.java:0, took 1.620025 s
[2023-05-09T10:06:11.953+0000] {spark_submit.py:490} INFO - 23/05/09 10:06:11 INFO FileSourceStrategy: Pushed Filters:
[2023-05-09T10:06:11.954+0000] {spark_submit.py:490} INFO - 23/05/09 10:06:11 INFO FileSourceStrategy: Post-Scan Filters:
[2023-05-09T10:06:12.028+0000] {spark_submit.py:490} INFO - 23/05/09 10:06:12 INFO CodeGenerator: Code generated in 36.976763 ms
[2023-05-09T10:06:12.070+0000] {spark_submit.py:490} INFO - 23/05/09 10:06:12 INFO MemoryStore: Block broadcast_10 stored as values in memory (estimated size 202.4 KiB, free 434.1 MiB)
[2023-05-09T10:06:12.091+0000] {spark_submit.py:490} INFO - 23/05/09 10:06:12 INFO MemoryStore: Block broadcast_10_piece0 stored as bytes in memory (estimated size 35.1 KiB, free 434.0 MiB)
[2023-05-09T10:06:12.093+0000] {spark_submit.py:490} INFO - 23/05/09 10:06:12 INFO BlockManagerInfo: Added broadcast_10_piece0 in memory on 95de13442dd4:34021 (size: 35.1 KiB, free: 434.3 MiB)
[2023-05-09T10:06:12.094+0000] {spark_submit.py:490} INFO - 23/05/09 10:06:12 INFO SparkContext: Created broadcast 10 from showString at NativeMethodAccessorImpl.java:0
[2023-05-09T10:06:12.112+0000] {spark_submit.py:490} INFO - 23/05/09 10:06:12 INFO FileSourceScanExec: Planning scan with bin packing, max size: 4194304 bytes, open cost is considered as scanning 4194304 bytes.
[2023-05-09T10:06:12.164+0000] {spark_submit.py:490} INFO - 23/05/09 10:06:12 INFO SparkContext: Starting job: showString at NativeMethodAccessorImpl.java:0
[2023-05-09T10:06:12.166+0000] {spark_submit.py:490} INFO - 23/05/09 10:06:12 INFO DAGScheduler: Got job 10 (showString at NativeMethodAccessorImpl.java:0) with 1 output partitions
[2023-05-09T10:06:12.166+0000] {spark_submit.py:490} INFO - 23/05/09 10:06:12 INFO DAGScheduler: Final stage: ResultStage 10 (showString at NativeMethodAccessorImpl.java:0)
[2023-05-09T10:06:12.166+0000] {spark_submit.py:490} INFO - 23/05/09 10:06:12 INFO DAGScheduler: Parents of final stage: List()
[2023-05-09T10:06:12.166+0000] {spark_submit.py:490} INFO - 23/05/09 10:06:12 INFO DAGScheduler: Missing parents: List()
[2023-05-09T10:06:12.169+0000] {spark_submit.py:490} INFO - 23/05/09 10:06:12 INFO DAGScheduler: Submitting ResultStage 10 (MapPartitionsRDD[110] at showString at NativeMethodAccessorImpl.java:0), which has no missing parents
[2023-05-09T10:06:12.186+0000] {spark_submit.py:490} INFO - 23/05/09 10:06:12 INFO MemoryStore: Block broadcast_11 stored as values in memory (estimated size 16.1 KiB, free 434.0 MiB)
[2023-05-09T10:06:12.188+0000] {spark_submit.py:490} INFO - 23/05/09 10:06:12 INFO MemoryStore: Block broadcast_11_piece0 stored as bytes in memory (estimated size 6.3 KiB, free 434.0 MiB)
[2023-05-09T10:06:12.189+0000] {spark_submit.py:490} INFO - 23/05/09 10:06:12 INFO BlockManagerInfo: Added broadcast_11_piece0 in memory on 95de13442dd4:34021 (size: 6.3 KiB, free: 434.3 MiB)
[2023-05-09T10:06:12.190+0000] {spark_submit.py:490} INFO - 23/05/09 10:06:12 INFO SparkContext: Created broadcast 11 from broadcast at DAGScheduler.scala:1535
[2023-05-09T10:06:12.190+0000] {spark_submit.py:490} INFO - 23/05/09 10:06:12 INFO DAGScheduler: Submitting 1 missing tasks from ResultStage 10 (MapPartitionsRDD[110] at showString at NativeMethodAccessorImpl.java:0) (first 15 tasks are for partitions Vector(0))
[2023-05-09T10:06:12.191+0000] {spark_submit.py:490} INFO - 23/05/09 10:06:12 INFO TaskSchedulerImpl: Adding task set 10.0 with 1 tasks resource profile 0
[2023-05-09T10:06:12.194+0000] {spark_submit.py:490} INFO - 23/05/09 10:06:12 INFO TaskSetManager: Starting task 0.0 in stage 10.0 (TID 18) (172.23.0.2, executor 0, partition 0, PROCESS_LOCAL, 7996 bytes)
[2023-05-09T10:06:12.214+0000] {spark_submit.py:490} INFO - 23/05/09 10:06:12 INFO BlockManagerInfo: Added broadcast_11_piece0 in memory on 172.23.0.2:43127 (size: 6.3 KiB, free: 434.4 MiB)
[2023-05-09T10:06:12.363+0000] {spark_submit.py:490} INFO - 23/05/09 10:06:12 INFO BlockManagerInfo: Added broadcast_10_piece0 in memory on 172.23.0.2:43127 (size: 35.1 KiB, free: 434.3 MiB)
[2023-05-09T10:06:15.970+0000] {spark_submit.py:490} INFO - 23/05/09 10:06:15 INFO TaskSetManager: Finished task 0.0 in stage 10.0 (TID 18) in 3778 ms on 172.23.0.2 (executor 0) (1/1)
[2023-05-09T10:06:15.970+0000] {spark_submit.py:490} INFO - 23/05/09 10:06:15 INFO TaskSchedulerImpl: Removed TaskSet 10.0, whose tasks have all completed, from pool
[2023-05-09T10:06:15.971+0000] {spark_submit.py:490} INFO - 23/05/09 10:06:15 INFO DAGScheduler: ResultStage 10 (showString at NativeMethodAccessorImpl.java:0) finished in 3.799 s
[2023-05-09T10:06:15.971+0000] {spark_submit.py:490} INFO - 23/05/09 10:06:15 INFO DAGScheduler: Job 10 is finished. Cancelling potential speculative or zombie tasks for this job
[2023-05-09T10:06:15.972+0000] {spark_submit.py:490} INFO - 23/05/09 10:06:15 INFO TaskSchedulerImpl: Killing all running tasks in stage 10: Stage finished
[2023-05-09T10:06:15.972+0000] {spark_submit.py:490} INFO - 23/05/09 10:06:15 INFO DAGScheduler: Job 10 finished: showString at NativeMethodAccessorImpl.java:0, took 3.807104 s
[2023-05-09T10:06:16.011+0000] {spark_submit.py:490} INFO - 23/05/09 10:06:16 INFO CodeGenerator: Code generated in 17.748202 ms
[2023-05-09T10:06:16.022+0000] {spark_submit.py:490} INFO - +-------------------+------+----------+----------+----------+----------+-------+
[2023-05-09T10:06:16.023+0000] {spark_submit.py:490} INFO - |           datetime|symbol|      open|      high|       low|     close| volume|
[2023-05-09T10:06:16.023+0000] {spark_submit.py:490} INFO - +-------------------+------+----------+----------+----------+----------+-------+
[2023-05-09T10:06:16.023+0000] {spark_submit.py:490} INFO - |2019-01-10 15:00:00|  AAPL|  38.38500|  38.49250|  38.31750|  38.45000|3399058|
[2023-05-09T10:06:16.023+0000] {spark_submit.py:490} INFO - |2019-01-10 14:00:00|  AAPL|  38.27000|  38.40250|  38.19250|  38.38750|3328102|
[2023-05-09T10:06:16.023+0000] {spark_submit.py:490} INFO - |2019-01-10 13:00:00|  AAPL|  38.21000|  38.38500|  38.09000|  38.26875|5695761|
[2023-05-09T10:06:16.023+0000] {spark_submit.py:490} INFO - |2019-01-10 12:00:00|  AAPL|  38.27750|  38.41000|  38.07750|  38.19750|3380849|
[2023-05-09T10:06:16.023+0000] {spark_submit.py:490} INFO - |2019-01-10 11:00:00|  AAPL|  38.05180|  38.31000|  38.05180|  38.27135|4031222|
[2023-05-09T10:06:16.023+0000] {spark_submit.py:490} INFO - |2019-01-10 10:00:00|  AAPL|  38.01500|  38.17250|  37.91500|  38.05103|4252943|
[2023-05-09T10:06:16.024+0000] {spark_submit.py:490} INFO - |2019-01-10 09:00:00|  AAPL|  38.07500|  38.19750|  37.72250|  38.01408|8221598|
[2023-05-09T10:06:16.024+0000] {spark_submit.py:490} INFO - |2019-01-10 15:00:00|  MSFT| 103.32000| 103.75000| 103.20000| 103.59000|3160767|
[2023-05-09T10:06:16.024+0000] {spark_submit.py:490} INFO - |2019-01-10 14:00:00|  MSFT| 103.01000| 103.45000| 102.90000| 103.31000|3434101|
[2023-05-09T10:06:16.024+0000] {spark_submit.py:490} INFO - |2019-01-10 13:00:00|  MSFT| 102.85000| 103.36000| 102.38110| 103.01000|2983593|
[2023-05-09T10:06:16.024+0000] {spark_submit.py:490} INFO - |2019-01-10 12:00:00|  MSFT| 103.05000| 103.46000| 102.62790| 102.84510|3238377|
[2023-05-09T10:06:16.024+0000] {spark_submit.py:490} INFO - |2019-01-10 11:00:00|  MSFT| 103.26000| 103.60000| 103.00070| 103.04000|2887803|
[2023-05-09T10:06:16.024+0000] {spark_submit.py:490} INFO - |2019-01-10 10:00:00|  MSFT| 103.51500| 103.64000| 103.22500| 103.24500|2736747|
[2023-05-09T10:06:16.024+0000] {spark_submit.py:490} INFO - |2019-01-10 09:00:00|  MSFT| 103.10000| 103.56000| 102.60000| 103.50690|5526963|
[2023-05-09T10:06:16.024+0000] {spark_submit.py:490} INFO - |2019-01-10 15:00:00|  GOOG|1069.18005|1071.15002|1067.89685|1069.21997| 476190|
[2023-05-09T10:06:16.024+0000] {spark_submit.py:490} INFO - |2019-01-10 14:00:00|  GOOG|1067.42529|1069.77002|1064.40002|1069.77002|  95555|
[2023-05-09T10:06:16.024+0000] {spark_submit.py:490} INFO - |2019-01-10 13:00:00|  GOOG|1064.23364|1070.44885|1060.00000|1067.33997| 107263|
[2023-05-09T10:06:16.025+0000] {spark_submit.py:490} INFO - |2019-01-10 12:00:00|  GOOG|1064.57996|1068.31995|1061.31995|1063.25378| 119577|
[2023-05-09T10:06:16.025+0000] {spark_submit.py:490} INFO - |2019-01-10 11:00:00|  GOOG|1063.25244|1066.16003|1061.94995|1064.44995| 118570|
[2023-05-09T10:06:16.025+0000] {spark_submit.py:490} INFO - |2019-01-10 10:00:00|  GOOG|1066.78003|1067.30005|1061.73926|1062.55005| 223763|
[2023-05-09T10:06:16.025+0000] {spark_submit.py:490} INFO - +-------------------+------+----------+----------+----------+----------+-------+
[2023-05-09T10:06:16.025+0000] {spark_submit.py:490} INFO - only showing top 20 rows
[2023-05-09T10:06:16.025+0000] {spark_submit.py:490} INFO - 
[2023-05-09T10:06:16.169+0000] {spark_submit.py:490} INFO - 23/05/09 10:06:16 INFO SparkContext: Invoking stop() from shutdown hook
[2023-05-09T10:06:16.169+0000] {spark_submit.py:490} INFO - 23/05/09 10:06:16 INFO SparkContext: SparkContext is stopping with exitCode 0.
[2023-05-09T10:06:16.182+0000] {spark_submit.py:490} INFO - 23/05/09 10:06:16 INFO SparkUI: Stopped Spark web UI at http://95de13442dd4:4040
[2023-05-09T10:06:16.187+0000] {spark_submit.py:490} INFO - 23/05/09 10:06:16 INFO StandaloneSchedulerBackend: Shutting down all executors
[2023-05-09T10:06:16.187+0000] {spark_submit.py:490} INFO - 23/05/09 10:06:16 INFO StandaloneSchedulerBackend$StandaloneDriverEndpoint: Asking each executor to shut down
[2023-05-09T10:06:16.219+0000] {spark_submit.py:490} INFO - 23/05/09 10:06:16 INFO MapOutputTrackerMasterEndpoint: MapOutputTrackerMasterEndpoint stopped!
[2023-05-09T10:06:16.238+0000] {spark_submit.py:490} INFO - 23/05/09 10:06:16 INFO MemoryStore: MemoryStore cleared
[2023-05-09T10:06:16.239+0000] {spark_submit.py:490} INFO - 23/05/09 10:06:16 INFO BlockManager: BlockManager stopped
[2023-05-09T10:06:16.243+0000] {spark_submit.py:490} INFO - 23/05/09 10:06:16 INFO BlockManagerMaster: BlockManagerMaster stopped
[2023-05-09T10:06:16.248+0000] {spark_submit.py:490} INFO - 23/05/09 10:06:16 INFO OutputCommitCoordinator$OutputCommitCoordinatorEndpoint: OutputCommitCoordinator stopped!
[2023-05-09T10:06:16.258+0000] {spark_submit.py:490} INFO - 23/05/09 10:06:16 INFO SparkContext: Successfully stopped SparkContext
[2023-05-09T10:06:16.258+0000] {spark_submit.py:490} INFO - 23/05/09 10:06:16 INFO ShutdownHookManager: Shutdown hook called
[2023-05-09T10:06:16.259+0000] {spark_submit.py:490} INFO - 23/05/09 10:06:16 INFO ShutdownHookManager: Deleting directory /tmp/spark-96654ff3-7833-469c-aa2d-2b796fc95eb1
[2023-05-09T10:06:16.263+0000] {spark_submit.py:490} INFO - 23/05/09 10:06:16 INFO ShutdownHookManager: Deleting directory /tmp/spark-81628a3b-3f8c-4710-b348-e9691a65f302/pyspark-d47ff189-aab0-48f8-a192-ed94f72023f9
[2023-05-09T10:06:16.267+0000] {spark_submit.py:490} INFO - 23/05/09 10:06:16 INFO ShutdownHookManager: Deleting directory /tmp/spark-81628a3b-3f8c-4710-b348-e9691a65f302
[2023-05-09T10:06:16.335+0000] {taskinstance.py:1368} INFO - Marking task as SUCCESS. dag_id=upload_to_gcs, task_id=spark_load_stock_data, execution_date=20230509T100506, start_date=20230509T100508, end_date=20230509T100616
[2023-05-09T10:06:16.372+0000] {local_task_job_runner.py:232} INFO - Task exited with return code 0
[2023-05-09T10:06:16.386+0000] {taskinstance.py:2674} INFO - 0 downstream tasks scheduled from follow-on schedule check
