[2023-06-15T09:37:56.758+0000] {taskinstance.py:1103} INFO - Dependencies all met for dep_context=non-requeueable deps ti=<TaskInstance: upload_to_gcs.spark_load_stock_data backfill__2021-01-16T00:00:00+00:00 [queued]>
[2023-06-15T09:37:56.765+0000] {taskinstance.py:1103} INFO - Dependencies all met for dep_context=requeueable deps ti=<TaskInstance: upload_to_gcs.spark_load_stock_data backfill__2021-01-16T00:00:00+00:00 [queued]>
[2023-06-15T09:37:56.766+0000] {taskinstance.py:1308} INFO - Starting attempt 1 of 2
[2023-06-15T09:37:56.776+0000] {taskinstance.py:1327} INFO - Executing <Task(SparkSubmitOperator): spark_load_stock_data> on 2021-01-16 00:00:00+00:00
[2023-06-15T09:37:56.780+0000] {standard_task_runner.py:57} INFO - Started process 4131 to run task
[2023-06-15T09:37:56.783+0000] {standard_task_runner.py:84} INFO - Running: ['***', 'tasks', 'run', 'upload_to_gcs', 'spark_load_stock_data', 'backfill__2021-01-16T00:00:00+00:00', '--job-id', '387', '--pool', 'default_pool', '--raw', '--subdir', 'DAGS_FOLDER/upload_to_gcs.py', '--cfg-path', '/tmp/tmpf_5i81qi']
[2023-06-15T09:37:56.783+0000] {standard_task_runner.py:85} INFO - Job 387: Subtask spark_load_stock_data
[2023-06-15T09:37:56.816+0000] {task_command.py:410} INFO - Running <TaskInstance: upload_to_gcs.spark_load_stock_data backfill__2021-01-16T00:00:00+00:00 [running]> on host 69b643fc97df
[2023-06-15T09:37:56.887+0000] {taskinstance.py:1545} INFO - Exporting env vars: AIRFLOW_CTX_DAG_OWNER='***' AIRFLOW_CTX_DAG_ID='upload_to_gcs' AIRFLOW_CTX_TASK_ID='spark_load_stock_data' AIRFLOW_CTX_EXECUTION_DATE='2021-01-16T00:00:00+00:00' AIRFLOW_CTX_TRY_NUMBER='1' AIRFLOW_CTX_DAG_RUN_ID='backfill__2021-01-16T00:00:00+00:00'
[2023-06-15T09:37:56.894+0000] {base.py:73} INFO - Using connection ID 'spark_default' for task execution.
[2023-06-15T09:37:56.894+0000] {spark_submit.py:339} INFO - Spark-Submit cmd: spark-submit --master spark://spark:7077 --name arrow-spark --verbose /opt/spark/app/load_data.py 2021-01-16 2efb4e0c80a041b794abaf4369e76869 dtc-de-382609_bucket
[2023-06-15T09:37:56.908+0000] {spark_submit.py:490} INFO - /opt/***/spark/spark-3.4.0-bin-hadoop3/bin/load-spark-env.sh: line 68: ps: command not found
[2023-06-15T09:37:58.195+0000] {spark_submit.py:490} INFO - Using properties file: null
[2023-06-15T09:37:58.303+0000] {spark_submit.py:490} INFO - Parsed arguments:
[2023-06-15T09:37:58.303+0000] {spark_submit.py:490} INFO - master                  spark://spark:7077
[2023-06-15T09:37:58.303+0000] {spark_submit.py:490} INFO - remote                  null
[2023-06-15T09:37:58.303+0000] {spark_submit.py:490} INFO - deployMode              null
[2023-06-15T09:37:58.303+0000] {spark_submit.py:490} INFO - executorMemory          null
[2023-06-15T09:37:58.303+0000] {spark_submit.py:490} INFO - executorCores           null
[2023-06-15T09:37:58.303+0000] {spark_submit.py:490} INFO - totalExecutorCores      null
[2023-06-15T09:37:58.304+0000] {spark_submit.py:490} INFO - propertiesFile          null
[2023-06-15T09:37:58.304+0000] {spark_submit.py:490} INFO - driverMemory            null
[2023-06-15T09:37:58.304+0000] {spark_submit.py:490} INFO - driverCores             null
[2023-06-15T09:37:58.304+0000] {spark_submit.py:490} INFO - driverExtraClassPath    null
[2023-06-15T09:37:58.304+0000] {spark_submit.py:490} INFO - driverExtraLibraryPath  null
[2023-06-15T09:37:58.304+0000] {spark_submit.py:490} INFO - driverExtraJavaOptions  null
[2023-06-15T09:37:58.304+0000] {spark_submit.py:490} INFO - supervise               false
[2023-06-15T09:37:58.304+0000] {spark_submit.py:490} INFO - queue                   null
[2023-06-15T09:37:58.304+0000] {spark_submit.py:490} INFO - numExecutors            null
[2023-06-15T09:37:58.304+0000] {spark_submit.py:490} INFO - files                   null
[2023-06-15T09:37:58.304+0000] {spark_submit.py:490} INFO - pyFiles                 null
[2023-06-15T09:37:58.304+0000] {spark_submit.py:490} INFO - archives                null
[2023-06-15T09:37:58.304+0000] {spark_submit.py:490} INFO - mainClass               null
[2023-06-15T09:37:58.304+0000] {spark_submit.py:490} INFO - primaryResource         file:/opt/spark/app/load_data.py
[2023-06-15T09:37:58.305+0000] {spark_submit.py:490} INFO - name                    arrow-spark
[2023-06-15T09:37:58.305+0000] {spark_submit.py:490} INFO - childArgs               [2021-01-16 2efb4e0c80a041b794abaf4369e76869 dtc-de-382609_bucket]
[2023-06-15T09:37:58.305+0000] {spark_submit.py:490} INFO - jars                    null
[2023-06-15T09:37:58.305+0000] {spark_submit.py:490} INFO - packages                null
[2023-06-15T09:37:58.305+0000] {spark_submit.py:490} INFO - packagesExclusions      null
[2023-06-15T09:37:58.305+0000] {spark_submit.py:490} INFO - repositories            null
[2023-06-15T09:37:58.305+0000] {spark_submit.py:490} INFO - verbose                 true
[2023-06-15T09:37:58.305+0000] {spark_submit.py:490} INFO - 
[2023-06-15T09:37:58.305+0000] {spark_submit.py:490} INFO - Spark properties used, including those specified through
[2023-06-15T09:37:58.305+0000] {spark_submit.py:490} INFO - --conf and those from the properties file null:
[2023-06-15T09:37:58.305+0000] {spark_submit.py:490} INFO - 
[2023-06-15T09:37:58.305+0000] {spark_submit.py:490} INFO - 
[2023-06-15T09:37:58.305+0000] {spark_submit.py:490} INFO - 
[2023-06-15T09:37:58.563+0000] {spark_submit.py:490} INFO - Main class:
[2023-06-15T09:37:58.564+0000] {spark_submit.py:490} INFO - org.apache.spark.deploy.PythonRunner
[2023-06-15T09:37:58.564+0000] {spark_submit.py:490} INFO - Arguments:
[2023-06-15T09:37:58.564+0000] {spark_submit.py:490} INFO - file:/opt/spark/app/load_data.py
[2023-06-15T09:37:58.564+0000] {spark_submit.py:490} INFO - null
[2023-06-15T09:37:58.564+0000] {spark_submit.py:490} INFO - 2021-01-16
[2023-06-15T09:37:58.564+0000] {spark_submit.py:490} INFO - 2efb4e0c80a041b794abaf4369e76869
[2023-06-15T09:37:58.564+0000] {spark_submit.py:490} INFO - dtc-de-382609_bucket
[2023-06-15T09:37:58.567+0000] {spark_submit.py:490} INFO - Spark config:
[2023-06-15T09:37:58.567+0000] {spark_submit.py:490} INFO - (spark.app.name,arrow-spark)
[2023-06-15T09:37:58.567+0000] {spark_submit.py:490} INFO - (spark.app.submitTime,1686821878549)
[2023-06-15T09:37:58.567+0000] {spark_submit.py:490} INFO - (spark.master,spark://spark:7077)
[2023-06-15T09:37:58.567+0000] {spark_submit.py:490} INFO - (spark.submit.deployMode,client)
[2023-06-15T09:37:58.568+0000] {spark_submit.py:490} INFO - (spark.submit.pyFiles,)
[2023-06-15T09:37:58.568+0000] {spark_submit.py:490} INFO - Classpath elements:
[2023-06-15T09:37:58.568+0000] {spark_submit.py:490} INFO - 
[2023-06-15T09:37:58.568+0000] {spark_submit.py:490} INFO - 
[2023-06-15T09:37:58.568+0000] {spark_submit.py:490} INFO - 
[2023-06-15T09:37:59.630+0000] {spark_submit.py:490} INFO - 23/06/15 09:37:59 INFO SparkContext: Running Spark version 3.4.0
[2023-06-15T09:37:59.694+0000] {spark_submit.py:490} INFO - 23/06/15 09:37:59 WARN NativeCodeLoader: Unable to load native-hadoop library for your platform... using builtin-java classes where applicable
[2023-06-15T09:37:59.809+0000] {spark_submit.py:490} INFO - 23/06/15 09:37:59 INFO ResourceUtils: ==============================================================
[2023-06-15T09:37:59.810+0000] {spark_submit.py:490} INFO - 23/06/15 09:37:59 INFO ResourceUtils: No custom resources configured for spark.driver.
[2023-06-15T09:37:59.810+0000] {spark_submit.py:490} INFO - 23/06/15 09:37:59 INFO ResourceUtils: ==============================================================
[2023-06-15T09:37:59.811+0000] {spark_submit.py:490} INFO - 23/06/15 09:37:59 INFO SparkContext: Submitted application: SparkUploadData
[2023-06-15T09:37:59.839+0000] {spark_submit.py:490} INFO - 23/06/15 09:37:59 INFO ResourceProfile: Default ResourceProfile created, executor resources: Map(memory -> name: memory, amount: 1024, script: , vendor: , offHeap -> name: offHeap, amount: 0, script: , vendor: ), task resources: Map(cpus -> name: cpus, amount: 1.0)
[2023-06-15T09:37:59.856+0000] {spark_submit.py:490} INFO - 23/06/15 09:37:59 INFO ResourceProfile: Limiting resource is cpu
[2023-06-15T09:37:59.856+0000] {spark_submit.py:490} INFO - 23/06/15 09:37:59 INFO ResourceProfileManager: Added ResourceProfile id: 0
[2023-06-15T09:37:59.922+0000] {spark_submit.py:490} INFO - 23/06/15 09:37:59 INFO SecurityManager: Changing view acls to: default
[2023-06-15T09:37:59.922+0000] {spark_submit.py:490} INFO - 23/06/15 09:37:59 INFO SecurityManager: Changing modify acls to: default
[2023-06-15T09:37:59.923+0000] {spark_submit.py:490} INFO - 23/06/15 09:37:59 INFO SecurityManager: Changing view acls groups to:
[2023-06-15T09:37:59.923+0000] {spark_submit.py:490} INFO - 23/06/15 09:37:59 INFO SecurityManager: Changing modify acls groups to:
[2023-06-15T09:37:59.924+0000] {spark_submit.py:490} INFO - 23/06/15 09:37:59 INFO SecurityManager: SecurityManager: authentication disabled; ui acls disabled; users with view permissions: default; groups with view permissions: EMPTY; users with modify permissions: default; groups with modify permissions: EMPTY
[2023-06-15T09:38:00.140+0000] {spark_submit.py:490} INFO - 23/06/15 09:38:00 INFO Utils: Successfully started service 'sparkDriver' on port 41591.
[2023-06-15T09:38:00.214+0000] {spark_submit.py:490} INFO - 23/06/15 09:38:00 INFO SparkEnv: Registering MapOutputTracker
[2023-06-15T09:38:00.248+0000] {spark_submit.py:490} INFO - 23/06/15 09:38:00 INFO SparkEnv: Registering BlockManagerMaster
[2023-06-15T09:38:00.265+0000] {spark_submit.py:490} INFO - 23/06/15 09:38:00 INFO BlockManagerMasterEndpoint: Using org.apache.spark.storage.DefaultTopologyMapper for getting topology information
[2023-06-15T09:38:00.266+0000] {spark_submit.py:490} INFO - 23/06/15 09:38:00 INFO BlockManagerMasterEndpoint: BlockManagerMasterEndpoint up
[2023-06-15T09:38:00.269+0000] {spark_submit.py:490} INFO - 23/06/15 09:38:00 INFO SparkEnv: Registering BlockManagerMasterHeartbeat
[2023-06-15T09:38:00.289+0000] {spark_submit.py:490} INFO - 23/06/15 09:38:00 INFO DiskBlockManager: Created local directory at /tmp/blockmgr-c513948f-9743-4ae8-9452-725b3fd95dff
[2023-06-15T09:38:00.304+0000] {spark_submit.py:490} INFO - 23/06/15 09:38:00 INFO MemoryStore: MemoryStore started with capacity 434.4 MiB
[2023-06-15T09:38:00.318+0000] {spark_submit.py:490} INFO - 23/06/15 09:38:00 INFO SparkEnv: Registering OutputCommitCoordinator
[2023-06-15T09:38:00.441+0000] {spark_submit.py:490} INFO - 23/06/15 09:38:00 INFO JettyUtils: Start Jetty 0.0.0.0:4040 for SparkUI
[2023-06-15T09:38:00.496+0000] {spark_submit.py:490} INFO - 23/06/15 09:38:00 INFO Utils: Successfully started service 'SparkUI' on port 4040.
[2023-06-15T09:38:00.611+0000] {spark_submit.py:490} INFO - 23/06/15 09:38:00 INFO StandaloneAppClient$ClientEndpoint: Connecting to master spark://spark:7077...
[2023-06-15T09:38:00.653+0000] {spark_submit.py:490} INFO - 23/06/15 09:38:00 INFO TransportClientFactory: Successfully created connection to spark/172.27.0.3:7077 after 26 ms (0 ms spent in bootstraps)
[2023-06-15T09:38:00.723+0000] {spark_submit.py:490} INFO - 23/06/15 09:38:00 INFO StandaloneSchedulerBackend: Connected to Spark cluster with app ID app-20230615093800-0015
[2023-06-15T09:38:00.725+0000] {spark_submit.py:490} INFO - 23/06/15 09:38:00 INFO StandaloneAppClient$ClientEndpoint: Executor added: app-20230615093800-0015/0 on worker-20230615091312-172.27.0.2-45907 (172.27.0.2:45907) with 2 core(s)
[2023-06-15T09:38:00.727+0000] {spark_submit.py:490} INFO - 23/06/15 09:38:00 INFO StandaloneSchedulerBackend: Granted executor ID app-20230615093800-0015/0 on hostPort 172.27.0.2:45907 with 2 core(s), 1024.0 MiB RAM
[2023-06-15T09:38:00.731+0000] {spark_submit.py:490} INFO - 23/06/15 09:38:00 INFO Utils: Successfully started service 'org.apache.spark.network.netty.NettyBlockTransferService' on port 45521.
[2023-06-15T09:38:00.731+0000] {spark_submit.py:490} INFO - 23/06/15 09:38:00 INFO NettyBlockTransferService: Server created on 69b643fc97df:45521
[2023-06-15T09:38:00.733+0000] {spark_submit.py:490} INFO - 23/06/15 09:38:00 INFO BlockManager: Using org.apache.spark.storage.RandomBlockReplicationPolicy for block replication policy
[2023-06-15T09:38:00.739+0000] {spark_submit.py:490} INFO - 23/06/15 09:38:00 INFO BlockManagerMaster: Registering BlockManager BlockManagerId(driver, 69b643fc97df, 45521, None)
[2023-06-15T09:38:00.742+0000] {spark_submit.py:490} INFO - 23/06/15 09:38:00 INFO BlockManagerMasterEndpoint: Registering block manager 69b643fc97df:45521 with 434.4 MiB RAM, BlockManagerId(driver, 69b643fc97df, 45521, None)
[2023-06-15T09:38:00.744+0000] {spark_submit.py:490} INFO - 23/06/15 09:38:00 INFO BlockManagerMaster: Registered BlockManager BlockManagerId(driver, 69b643fc97df, 45521, None)
[2023-06-15T09:38:00.746+0000] {spark_submit.py:490} INFO - 23/06/15 09:38:00 INFO BlockManager: Initialized BlockManager: BlockManagerId(driver, 69b643fc97df, 45521, None)
[2023-06-15T09:38:00.778+0000] {spark_submit.py:490} INFO - 23/06/15 09:38:00 INFO StandaloneAppClient$ClientEndpoint: Executor updated: app-20230615093800-0015/0 is now RUNNING
[2023-06-15T09:38:00.955+0000] {spark_submit.py:490} INFO - 23/06/15 09:38:00 INFO StandaloneSchedulerBackend: SchedulerBackend is ready for scheduling beginning after reached minRegisteredResourcesRatio: 0.0
[2023-06-15T09:38:02.488+0000] {spark_submit.py:490} INFO - 23/06/15 09:38:02 INFO SharedState: Setting hive.metastore.warehouse.dir ('null') to the value of spark.sql.warehouse.dir.
[2023-06-15T09:38:02.498+0000] {spark_submit.py:490} INFO - 23/06/15 09:38:02 INFO SharedState: Warehouse path is 'file:/opt/***/spark-warehouse'.
[2023-06-15T09:38:03.488+0000] {spark_submit.py:490} INFO - 23/06/15 09:38:03 INFO StandaloneSchedulerBackend$StandaloneDriverEndpoint: Registered executor NettyRpcEndpointRef(spark-client://Executor) (172.27.0.2:51882) with ID 0,  ResourceProfileId 0
[2023-06-15T09:38:03.580+0000] {spark_submit.py:490} INFO - 23/06/15 09:38:03 INFO BlockManagerMasterEndpoint: Registering block manager 172.27.0.2:36595 with 434.4 MiB RAM, BlockManagerId(0, 172.27.0.2, 36595, None)
[2023-06-15T09:38:05.580+0000] {spark_submit.py:490} INFO - {'code': 400, 'message': 'No data is available on the specified dates. Try setting different start/end dates.', 'status': 'error', 'meta': {'symbol': 'AAPL', 'interval': '1h', 'exchange': ''}}
[2023-06-15T09:38:05.589+0000] {spark_submit.py:490} INFO - ERROR:root:Something error
[2023-06-15T09:38:05.689+0000] {spark_submit.py:490} INFO - 23/06/15 09:38:05 INFO SparkContext: Invoking stop() from shutdown hook
[2023-06-15T09:38:05.689+0000] {spark_submit.py:490} INFO - 23/06/15 09:38:05 INFO SparkContext: SparkContext is stopping with exitCode 0.
[2023-06-15T09:38:05.700+0000] {spark_submit.py:490} INFO - 23/06/15 09:38:05 INFO SparkUI: Stopped Spark web UI at http://69b643fc97df:4040
[2023-06-15T09:38:05.705+0000] {spark_submit.py:490} INFO - 23/06/15 09:38:05 INFO StandaloneSchedulerBackend: Shutting down all executors
[2023-06-15T09:38:05.705+0000] {spark_submit.py:490} INFO - 23/06/15 09:38:05 INFO StandaloneSchedulerBackend$StandaloneDriverEndpoint: Asking each executor to shut down
[2023-06-15T09:38:05.726+0000] {spark_submit.py:490} INFO - 23/06/15 09:38:05 INFO MapOutputTrackerMasterEndpoint: MapOutputTrackerMasterEndpoint stopped!
[2023-06-15T09:38:05.738+0000] {spark_submit.py:490} INFO - 23/06/15 09:38:05 INFO MemoryStore: MemoryStore cleared
[2023-06-15T09:38:05.739+0000] {spark_submit.py:490} INFO - 23/06/15 09:38:05 INFO BlockManager: BlockManager stopped
[2023-06-15T09:38:05.750+0000] {spark_submit.py:490} INFO - 23/06/15 09:38:05 INFO BlockManagerMaster: BlockManagerMaster stopped
[2023-06-15T09:38:05.753+0000] {spark_submit.py:490} INFO - 23/06/15 09:38:05 INFO OutputCommitCoordinator$OutputCommitCoordinatorEndpoint: OutputCommitCoordinator stopped!
[2023-06-15T09:38:05.762+0000] {spark_submit.py:490} INFO - 23/06/15 09:38:05 INFO SparkContext: Successfully stopped SparkContext
[2023-06-15T09:38:05.763+0000] {spark_submit.py:490} INFO - 23/06/15 09:38:05 INFO ShutdownHookManager: Shutdown hook called
[2023-06-15T09:38:05.763+0000] {spark_submit.py:490} INFO - 23/06/15 09:38:05 INFO ShutdownHookManager: Deleting directory /tmp/spark-2d0b341c-5328-4f73-8e29-5c82937cef3c
[2023-06-15T09:38:05.766+0000] {spark_submit.py:490} INFO - 23/06/15 09:38:05 INFO ShutdownHookManager: Deleting directory /tmp/spark-fd853a84-3c69-4041-90c9-fba8607167df
[2023-06-15T09:38:05.770+0000] {spark_submit.py:490} INFO - 23/06/15 09:38:05 INFO ShutdownHookManager: Deleting directory /tmp/spark-2d0b341c-5328-4f73-8e29-5c82937cef3c/pyspark-bd321978-0d0e-43d4-8ed5-93bb27d627a2
[2023-06-15T09:38:05.837+0000] {taskinstance.py:1345} INFO - Marking task as SUCCESS. dag_id=upload_to_gcs, task_id=spark_load_stock_data, execution_date=20210116T000000, start_date=20230615T093756, end_date=20230615T093805
[2023-06-15T09:38:05.855+0000] {local_task_job_runner.py:225} INFO - Task exited with return code 0
[2023-06-15T09:38:05.867+0000] {taskinstance.py:2651} INFO - 0 downstream tasks scheduled from follow-on schedule check
