[2023-06-15T09:24:26.236+0000] {taskinstance.py:1103} INFO - Dependencies all met for dep_context=non-requeueable deps ti=<TaskInstance: upload_to_gcs.spark_load_stock_data backfill__2021-01-05T00:00:00+00:00 [queued]>
[2023-06-15T09:24:26.247+0000] {taskinstance.py:1103} INFO - Dependencies all met for dep_context=requeueable deps ti=<TaskInstance: upload_to_gcs.spark_load_stock_data backfill__2021-01-05T00:00:00+00:00 [queued]>
[2023-06-15T09:24:26.247+0000] {taskinstance.py:1308} INFO - Starting attempt 1 of 2
[2023-06-15T09:24:26.266+0000] {taskinstance.py:1327} INFO - Executing <Task(SparkSubmitOperator): spark_load_stock_data> on 2021-01-05 00:00:00+00:00
[2023-06-15T09:24:26.270+0000] {standard_task_runner.py:57} INFO - Started process 984 to run task
[2023-06-15T09:24:26.273+0000] {standard_task_runner.py:84} INFO - Running: ['***', 'tasks', 'run', 'upload_to_gcs', 'spark_load_stock_data', 'backfill__2021-01-05T00:00:00+00:00', '--job-id', '365', '--pool', 'default_pool', '--raw', '--subdir', 'DAGS_FOLDER/upload_to_gcs.py', '--cfg-path', '/tmp/tmphe34zxtq']
[2023-06-15T09:24:26.274+0000] {standard_task_runner.py:85} INFO - Job 365: Subtask spark_load_stock_data
[2023-06-15T09:24:26.313+0000] {task_command.py:410} INFO - Running <TaskInstance: upload_to_gcs.spark_load_stock_data backfill__2021-01-05T00:00:00+00:00 [running]> on host 69b643fc97df
[2023-06-15T09:24:26.381+0000] {taskinstance.py:1545} INFO - Exporting env vars: AIRFLOW_CTX_DAG_OWNER='***' AIRFLOW_CTX_DAG_ID='upload_to_gcs' AIRFLOW_CTX_TASK_ID='spark_load_stock_data' AIRFLOW_CTX_EXECUTION_DATE='2021-01-05T00:00:00+00:00' AIRFLOW_CTX_TRY_NUMBER='1' AIRFLOW_CTX_DAG_RUN_ID='backfill__2021-01-05T00:00:00+00:00'
[2023-06-15T09:24:26.388+0000] {base.py:73} INFO - Using connection ID 'spark_default' for task execution.
[2023-06-15T09:24:26.388+0000] {spark_submit.py:339} INFO - Spark-Submit cmd: spark-submit --master spark://spark:7077 --name arrow-spark --verbose /opt/spark/app/load_data.py 2021-01-05 2efb4e0c80a041b794abaf4369e76869 dtc-de-382609_bucket
[2023-06-15T09:24:26.406+0000] {spark_submit.py:490} INFO - /opt/***/spark/spark-3.4.0-bin-hadoop3/bin/load-spark-env.sh: line 68: ps: command not found
[2023-06-15T09:24:27.968+0000] {spark_submit.py:490} INFO - Using properties file: null
[2023-06-15T09:24:28.167+0000] {spark_submit.py:490} INFO - Parsed arguments:
[2023-06-15T09:24:28.168+0000] {spark_submit.py:490} INFO - master                  spark://spark:7077
[2023-06-15T09:24:28.168+0000] {spark_submit.py:490} INFO - remote                  null
[2023-06-15T09:24:28.168+0000] {spark_submit.py:490} INFO - deployMode              null
[2023-06-15T09:24:28.169+0000] {spark_submit.py:490} INFO - executorMemory          null
[2023-06-15T09:24:28.169+0000] {spark_submit.py:490} INFO - executorCores           null
[2023-06-15T09:24:28.169+0000] {spark_submit.py:490} INFO - totalExecutorCores      null
[2023-06-15T09:24:28.169+0000] {spark_submit.py:490} INFO - propertiesFile          null
[2023-06-15T09:24:28.170+0000] {spark_submit.py:490} INFO - driverMemory            null
[2023-06-15T09:24:28.170+0000] {spark_submit.py:490} INFO - driverCores             null
[2023-06-15T09:24:28.170+0000] {spark_submit.py:490} INFO - driverExtraClassPath    null
[2023-06-15T09:24:28.170+0000] {spark_submit.py:490} INFO - driverExtraLibraryPath  null
[2023-06-15T09:24:28.170+0000] {spark_submit.py:490} INFO - driverExtraJavaOptions  null
[2023-06-15T09:24:28.170+0000] {spark_submit.py:490} INFO - supervise               false
[2023-06-15T09:24:28.171+0000] {spark_submit.py:490} INFO - queue                   null
[2023-06-15T09:24:28.171+0000] {spark_submit.py:490} INFO - numExecutors            null
[2023-06-15T09:24:28.171+0000] {spark_submit.py:490} INFO - files                   null
[2023-06-15T09:24:28.171+0000] {spark_submit.py:490} INFO - pyFiles                 null
[2023-06-15T09:24:28.171+0000] {spark_submit.py:490} INFO - archives                null
[2023-06-15T09:24:28.171+0000] {spark_submit.py:490} INFO - mainClass               null
[2023-06-15T09:24:28.172+0000] {spark_submit.py:490} INFO - primaryResource         file:/opt/spark/app/load_data.py
[2023-06-15T09:24:28.172+0000] {spark_submit.py:490} INFO - name                    arrow-spark
[2023-06-15T09:24:28.172+0000] {spark_submit.py:490} INFO - childArgs               [2021-01-05 2efb4e0c80a041b794abaf4369e76869 dtc-de-382609_bucket]
[2023-06-15T09:24:28.172+0000] {spark_submit.py:490} INFO - jars                    null
[2023-06-15T09:24:28.172+0000] {spark_submit.py:490} INFO - packages                null
[2023-06-15T09:24:28.172+0000] {spark_submit.py:490} INFO - packagesExclusions      null
[2023-06-15T09:24:28.173+0000] {spark_submit.py:490} INFO - repositories            null
[2023-06-15T09:24:28.173+0000] {spark_submit.py:490} INFO - verbose                 true
[2023-06-15T09:24:28.173+0000] {spark_submit.py:490} INFO - 
[2023-06-15T09:24:28.173+0000] {spark_submit.py:490} INFO - Spark properties used, including those specified through
[2023-06-15T09:24:28.173+0000] {spark_submit.py:490} INFO - --conf and those from the properties file null:
[2023-06-15T09:24:28.173+0000] {spark_submit.py:490} INFO - 
[2023-06-15T09:24:28.174+0000] {spark_submit.py:490} INFO - 
[2023-06-15T09:24:28.174+0000] {spark_submit.py:490} INFO - 
[2023-06-15T09:24:28.556+0000] {spark_submit.py:490} INFO - Main class:
[2023-06-15T09:24:28.557+0000] {spark_submit.py:490} INFO - org.apache.spark.deploy.PythonRunner
[2023-06-15T09:24:28.557+0000] {spark_submit.py:490} INFO - Arguments:
[2023-06-15T09:24:28.557+0000] {spark_submit.py:490} INFO - file:/opt/spark/app/load_data.py
[2023-06-15T09:24:28.557+0000] {spark_submit.py:490} INFO - null
[2023-06-15T09:24:28.557+0000] {spark_submit.py:490} INFO - 2021-01-05
[2023-06-15T09:24:28.557+0000] {spark_submit.py:490} INFO - 2efb4e0c80a041b794abaf4369e76869
[2023-06-15T09:24:28.557+0000] {spark_submit.py:490} INFO - dtc-de-382609_bucket
[2023-06-15T09:24:28.560+0000] {spark_submit.py:490} INFO - Spark config:
[2023-06-15T09:24:28.560+0000] {spark_submit.py:490} INFO - (spark.app.name,arrow-spark)
[2023-06-15T09:24:28.561+0000] {spark_submit.py:490} INFO - (spark.app.submitTime,1686821068538)
[2023-06-15T09:24:28.561+0000] {spark_submit.py:490} INFO - (spark.master,spark://spark:7077)
[2023-06-15T09:24:28.561+0000] {spark_submit.py:490} INFO - (spark.submit.deployMode,client)
[2023-06-15T09:24:28.561+0000] {spark_submit.py:490} INFO - (spark.submit.pyFiles,)
[2023-06-15T09:24:28.561+0000] {spark_submit.py:490} INFO - Classpath elements:
[2023-06-15T09:24:28.561+0000] {spark_submit.py:490} INFO - 
[2023-06-15T09:24:28.561+0000] {spark_submit.py:490} INFO - 
[2023-06-15T09:24:28.562+0000] {spark_submit.py:490} INFO - 
[2023-06-15T09:24:29.834+0000] {spark_submit.py:490} INFO - 23/06/15 09:24:29 INFO SparkContext: Running Spark version 3.4.0
[2023-06-15T09:24:29.894+0000] {spark_submit.py:490} INFO - 23/06/15 09:24:29 WARN NativeCodeLoader: Unable to load native-hadoop library for your platform... using builtin-java classes where applicable
[2023-06-15T09:24:30.008+0000] {spark_submit.py:490} INFO - 23/06/15 09:24:30 INFO ResourceUtils: ==============================================================
[2023-06-15T09:24:30.008+0000] {spark_submit.py:490} INFO - 23/06/15 09:24:30 INFO ResourceUtils: No custom resources configured for spark.driver.
[2023-06-15T09:24:30.008+0000] {spark_submit.py:490} INFO - 23/06/15 09:24:30 INFO ResourceUtils: ==============================================================
[2023-06-15T09:24:30.009+0000] {spark_submit.py:490} INFO - 23/06/15 09:24:30 INFO SparkContext: Submitted application: SparkUploadData
[2023-06-15T09:24:30.040+0000] {spark_submit.py:490} INFO - 23/06/15 09:24:30 INFO ResourceProfile: Default ResourceProfile created, executor resources: Map(memory -> name: memory, amount: 1024, script: , vendor: , offHeap -> name: offHeap, amount: 0, script: , vendor: ), task resources: Map(cpus -> name: cpus, amount: 1.0)
[2023-06-15T09:24:30.056+0000] {spark_submit.py:490} INFO - 23/06/15 09:24:30 INFO ResourceProfile: Limiting resource is cpu
[2023-06-15T09:24:30.057+0000] {spark_submit.py:490} INFO - 23/06/15 09:24:30 INFO ResourceProfileManager: Added ResourceProfile id: 0
[2023-06-15T09:24:30.138+0000] {spark_submit.py:490} INFO - 23/06/15 09:24:30 INFO SecurityManager: Changing view acls to: default
[2023-06-15T09:24:30.139+0000] {spark_submit.py:490} INFO - 23/06/15 09:24:30 INFO SecurityManager: Changing modify acls to: default
[2023-06-15T09:24:30.140+0000] {spark_submit.py:490} INFO - 23/06/15 09:24:30 INFO SecurityManager: Changing view acls groups to:
[2023-06-15T09:24:30.141+0000] {spark_submit.py:490} INFO - 23/06/15 09:24:30 INFO SecurityManager: Changing modify acls groups to:
[2023-06-15T09:24:30.142+0000] {spark_submit.py:490} INFO - 23/06/15 09:24:30 INFO SecurityManager: SecurityManager: authentication disabled; ui acls disabled; users with view permissions: default; groups with view permissions: EMPTY; users with modify permissions: default; groups with modify permissions: EMPTY
[2023-06-15T09:24:30.486+0000] {spark_submit.py:490} INFO - 23/06/15 09:24:30 INFO Utils: Successfully started service 'sparkDriver' on port 38597.
[2023-06-15T09:24:30.539+0000] {spark_submit.py:490} INFO - 23/06/15 09:24:30 INFO SparkEnv: Registering MapOutputTracker
[2023-06-15T09:24:30.599+0000] {spark_submit.py:490} INFO - 23/06/15 09:24:30 INFO SparkEnv: Registering BlockManagerMaster
[2023-06-15T09:24:30.634+0000] {spark_submit.py:490} INFO - 23/06/15 09:24:30 INFO BlockManagerMasterEndpoint: Using org.apache.spark.storage.DefaultTopologyMapper for getting topology information
[2023-06-15T09:24:30.635+0000] {spark_submit.py:490} INFO - 23/06/15 09:24:30 INFO BlockManagerMasterEndpoint: BlockManagerMasterEndpoint up
[2023-06-15T09:24:30.641+0000] {spark_submit.py:490} INFO - 23/06/15 09:24:30 INFO SparkEnv: Registering BlockManagerMasterHeartbeat
[2023-06-15T09:24:30.677+0000] {spark_submit.py:490} INFO - 23/06/15 09:24:30 INFO DiskBlockManager: Created local directory at /tmp/blockmgr-f3574dd9-f833-4137-990a-2744896c97ed
[2023-06-15T09:24:30.704+0000] {spark_submit.py:490} INFO - 23/06/15 09:24:30 INFO MemoryStore: MemoryStore started with capacity 434.4 MiB
[2023-06-15T09:24:30.732+0000] {spark_submit.py:490} INFO - 23/06/15 09:24:30 INFO SparkEnv: Registering OutputCommitCoordinator
[2023-06-15T09:24:30.987+0000] {spark_submit.py:490} INFO - 23/06/15 09:24:30 INFO JettyUtils: Start Jetty 0.0.0.0:4040 for SparkUI
[2023-06-15T09:24:31.127+0000] {spark_submit.py:490} INFO - 23/06/15 09:24:31 INFO Utils: Successfully started service 'SparkUI' on port 4040.
[2023-06-15T09:24:31.329+0000] {spark_submit.py:490} INFO - 23/06/15 09:24:31 INFO StandaloneAppClient$ClientEndpoint: Connecting to master spark://spark:7077...
[2023-06-15T09:24:31.397+0000] {spark_submit.py:490} INFO - 23/06/15 09:24:31 INFO TransportClientFactory: Successfully created connection to spark/172.27.0.3:7077 after 43 ms (0 ms spent in bootstraps)
[2023-06-15T09:24:31.505+0000] {spark_submit.py:490} INFO - 23/06/15 09:24:31 INFO StandaloneSchedulerBackend: Connected to Spark cluster with app ID app-20230615092431-0004
[2023-06-15T09:24:31.508+0000] {spark_submit.py:490} INFO - 23/06/15 09:24:31 INFO StandaloneAppClient$ClientEndpoint: Executor added: app-20230615092431-0004/0 on worker-20230615091312-172.27.0.2-45907 (172.27.0.2:45907) with 2 core(s)
[2023-06-15T09:24:31.511+0000] {spark_submit.py:490} INFO - 23/06/15 09:24:31 INFO StandaloneSchedulerBackend: Granted executor ID app-20230615092431-0004/0 on hostPort 172.27.0.2:45907 with 2 core(s), 1024.0 MiB RAM
[2023-06-15T09:24:31.514+0000] {spark_submit.py:490} INFO - 23/06/15 09:24:31 INFO Utils: Successfully started service 'org.apache.spark.network.netty.NettyBlockTransferService' on port 43133.
[2023-06-15T09:24:31.515+0000] {spark_submit.py:490} INFO - 23/06/15 09:24:31 INFO NettyBlockTransferService: Server created on 69b643fc97df:43133
[2023-06-15T09:24:31.517+0000] {spark_submit.py:490} INFO - 23/06/15 09:24:31 INFO BlockManager: Using org.apache.spark.storage.RandomBlockReplicationPolicy for block replication policy
[2023-06-15T09:24:31.529+0000] {spark_submit.py:490} INFO - 23/06/15 09:24:31 INFO BlockManagerMaster: Registering BlockManager BlockManagerId(driver, 69b643fc97df, 43133, None)
[2023-06-15T09:24:31.535+0000] {spark_submit.py:490} INFO - 23/06/15 09:24:31 INFO BlockManagerMasterEndpoint: Registering block manager 69b643fc97df:43133 with 434.4 MiB RAM, BlockManagerId(driver, 69b643fc97df, 43133, None)
[2023-06-15T09:24:31.538+0000] {spark_submit.py:490} INFO - 23/06/15 09:24:31 INFO BlockManagerMaster: Registered BlockManager BlockManagerId(driver, 69b643fc97df, 43133, None)
[2023-06-15T09:24:31.540+0000] {spark_submit.py:490} INFO - 23/06/15 09:24:31 INFO BlockManager: Initialized BlockManager: BlockManagerId(driver, 69b643fc97df, 43133, None)
[2023-06-15T09:24:31.555+0000] {spark_submit.py:490} INFO - 23/06/15 09:24:31 INFO StandaloneAppClient$ClientEndpoint: Executor updated: app-20230615092431-0004/0 is now RUNNING
[2023-06-15T09:24:31.787+0000] {spark_submit.py:490} INFO - 23/06/15 09:24:31 INFO StandaloneSchedulerBackend: SchedulerBackend is ready for scheduling beginning after reached minRegisteredResourcesRatio: 0.0
[2023-06-15T09:24:33.599+0000] {spark_submit.py:490} INFO - 23/06/15 09:24:33 INFO SharedState: Setting hive.metastore.warehouse.dir ('null') to the value of spark.sql.warehouse.dir.
[2023-06-15T09:24:33.613+0000] {spark_submit.py:490} INFO - 23/06/15 09:24:33 INFO SharedState: Warehouse path is 'file:/opt/***/spark-warehouse'.
[2023-06-15T09:24:35.312+0000] {spark_submit.py:490} INFO - 23/06/15 09:24:35 INFO StandaloneSchedulerBackend$StandaloneDriverEndpoint: Registered executor NettyRpcEndpointRef(spark-client://Executor) (172.27.0.2:57800) with ID 0,  ResourceProfileId 0
[2023-06-15T09:24:35.391+0000] {spark_submit.py:490} INFO - 23/06/15 09:24:35 INFO BlockManagerMasterEndpoint: Registering block manager 172.27.0.2:43763 with 434.4 MiB RAM, BlockManagerId(0, 172.27.0.2, 43763, None)
[2023-06-15T09:24:37.833+0000] {spark_submit.py:490} INFO - {'meta': {'symbol': 'AAPL', 'interval': '1h', 'currency': 'USD', 'exchange_timezone': 'America/New_York', 'exchange': 'NASDAQ', 'mic_code': 'XNGS', 'type': 'Common Stock'}, 'values': [{'datetime': '2021-01-05 15:30:00', 'open': '130.83000', 'high': '131.42999', 'low': '130.75999', 'close': '130.95000', 'volume': '8753681'}, {'datetime': '2021-01-05 14:30:00', 'open': '131.12000', 'high': '131.40250', 'low': '130.82001', 'close': '130.83000', 'volume': '8925435'}, {'datetime': '2021-01-05 13:30:00', 'open': '130.04080', 'high': '131.25000', 'low': '130.03999', 'close': '131.11000', 'volume': '9688295'}, {'datetime': '2021-01-05 12:30:00', 'open': '130.14500', 'high': '130.34000', 'low': '129.85001', 'close': '130.04500', 'volume': '6214402'}, {'datetime': '2021-01-05 11:30:00', 'open': '130.38000', 'high': '130.67000', 'low': '129.84000', 'close': '130.14990', 'volume': '10320191'}, {'datetime': '2021-01-05 10:30:00', 'open': '131.07339', 'high': '131.41930', 'low': '129.92999', 'close': '130.38000', 'volume': '14752234'}, {'datetime': '2021-01-05 09:30:00', 'open': '128.93030', 'high': '131.74001', 'low': '128.42999', 'close': '131.05000', 'volume': '26799730'}], 'status': 'ok'}
[2023-06-15T09:24:38.766+0000] {spark_submit.py:490} INFO - 23/06/15 09:24:38 INFO CodeGenerator: Code generated in 324.052168 ms
[2023-06-15T09:24:38.867+0000] {spark_submit.py:490} INFO - 23/06/15 09:24:38 INFO SparkContext: Starting job: json at NativeMethodAccessorImpl.java:0
[2023-06-15T09:24:38.879+0000] {spark_submit.py:490} INFO - 23/06/15 09:24:38 INFO DAGScheduler: Got job 0 (json at NativeMethodAccessorImpl.java:0) with 2 output partitions
[2023-06-15T09:24:38.880+0000] {spark_submit.py:490} INFO - 23/06/15 09:24:38 INFO DAGScheduler: Final stage: ResultStage 0 (json at NativeMethodAccessorImpl.java:0)
[2023-06-15T09:24:38.880+0000] {spark_submit.py:490} INFO - 23/06/15 09:24:38 INFO DAGScheduler: Parents of final stage: List()
[2023-06-15T09:24:38.882+0000] {spark_submit.py:490} INFO - 23/06/15 09:24:38 INFO DAGScheduler: Missing parents: List()
[2023-06-15T09:24:38.886+0000] {spark_submit.py:490} INFO - 23/06/15 09:24:38 INFO DAGScheduler: Submitting ResultStage 0 (MapPartitionsRDD[11] at json at NativeMethodAccessorImpl.java:0), which has no missing parents
[2023-06-15T09:24:39.018+0000] {spark_submit.py:490} INFO - 23/06/15 09:24:39 INFO MemoryStore: Block broadcast_0 stored as values in memory (estimated size 19.8 KiB, free 434.4 MiB)
[2023-06-15T09:24:39.050+0000] {spark_submit.py:490} INFO - 23/06/15 09:24:39 INFO MemoryStore: Block broadcast_0_piece0 stored as bytes in memory (estimated size 9.7 KiB, free 434.4 MiB)
[2023-06-15T09:24:39.053+0000] {spark_submit.py:490} INFO - 23/06/15 09:24:39 INFO BlockManagerInfo: Added broadcast_0_piece0 in memory on 69b643fc97df:43133 (size: 9.7 KiB, free: 434.4 MiB)
[2023-06-15T09:24:39.057+0000] {spark_submit.py:490} INFO - 23/06/15 09:24:39 INFO SparkContext: Created broadcast 0 from broadcast at DAGScheduler.scala:1535
[2023-06-15T09:24:39.068+0000] {spark_submit.py:490} INFO - 23/06/15 09:24:39 INFO DAGScheduler: Submitting 2 missing tasks from ResultStage 0 (MapPartitionsRDD[11] at json at NativeMethodAccessorImpl.java:0) (first 15 tasks are for partitions Vector(0, 1))
[2023-06-15T09:24:39.069+0000] {spark_submit.py:490} INFO - 23/06/15 09:24:39 INFO TaskSchedulerImpl: Adding task set 0.0 with 2 tasks resource profile 0
[2023-06-15T09:24:39.100+0000] {spark_submit.py:490} INFO - 23/06/15 09:24:39 INFO TaskSetManager: Starting task 0.0 in stage 0.0 (TID 0) (172.27.0.2, executor 0, partition 0, PROCESS_LOCAL, 7347 bytes)
[2023-06-15T09:24:39.104+0000] {spark_submit.py:490} INFO - 23/06/15 09:24:39 INFO TaskSetManager: Starting task 1.0 in stage 0.0 (TID 1) (172.27.0.2, executor 0, partition 1, PROCESS_LOCAL, 8087 bytes)
[2023-06-15T09:24:39.421+0000] {spark_submit.py:490} INFO - 23/06/15 09:24:39 INFO BlockManagerInfo: Added broadcast_0_piece0 in memory on 172.27.0.2:43763 (size: 9.7 KiB, free: 434.4 MiB)
[2023-06-15T09:24:40.898+0000] {spark_submit.py:490} INFO - 23/06/15 09:24:40 INFO TaskSetManager: Finished task 0.0 in stage 0.0 (TID 0) in 1807 ms on 172.27.0.2 (executor 0) (1/2)
[2023-06-15T09:24:40.901+0000] {spark_submit.py:490} INFO - 23/06/15 09:24:40 INFO TaskSetManager: Finished task 1.0 in stage 0.0 (TID 1) in 1797 ms on 172.27.0.2 (executor 0) (2/2)
[2023-06-15T09:24:40.902+0000] {spark_submit.py:490} INFO - 23/06/15 09:24:40 INFO TaskSchedulerImpl: Removed TaskSet 0.0, whose tasks have all completed, from pool
[2023-06-15T09:24:40.908+0000] {spark_submit.py:490} INFO - 23/06/15 09:24:40 INFO PythonAccumulatorV2: Connected to AccumulatorServer at host: 127.0.0.1 port: 47789
[2023-06-15T09:24:40.915+0000] {spark_submit.py:490} INFO - 23/06/15 09:24:40 INFO DAGScheduler: ResultStage 0 (json at NativeMethodAccessorImpl.java:0) finished in 2.015 s
[2023-06-15T09:24:40.919+0000] {spark_submit.py:490} INFO - 23/06/15 09:24:40 INFO DAGScheduler: Job 0 is finished. Cancelling potential speculative or zombie tasks for this job
[2023-06-15T09:24:40.919+0000] {spark_submit.py:490} INFO - 23/06/15 09:24:40 INFO TaskSchedulerImpl: Killing all running tasks in stage 0: Stage finished
[2023-06-15T09:24:40.922+0000] {spark_submit.py:490} INFO - 23/06/15 09:24:40 INFO DAGScheduler: Job 0 finished: json at NativeMethodAccessorImpl.java:0, took 2.054015 s
[2023-06-15T09:24:42.542+0000] {spark_submit.py:490} INFO - {'meta': {'symbol': 'MSFT', 'interval': '1h', 'currency': 'USD', 'exchange_timezone': 'America/New_York', 'exchange': 'NASDAQ', 'mic_code': 'XNGS', 'type': 'Common Stock'}, 'values': [{'datetime': '2021-01-05 15:30:00', 'open': '217.08521', 'high': '218.39000', 'low': '216.98000', 'close': '218.00999', 'volume': '2549095'}, {'datetime': '2021-01-05 14:30:00', 'open': '217.56799', 'high': '218.07001', 'low': '217.05000', 'close': '217.07001', 'volume': '2015674'}, {'datetime': '2021-01-05 13:30:00', 'open': '216.14999', 'high': '217.70000', 'low': '216.12000', 'close': '217.54250', 'volume': '1809330'}, {'datetime': '2021-01-05 12:30:00', 'open': '216.38000', 'high': '216.63000', 'low': '216.09000', 'close': '216.14999', 'volume': '1497568'}, {'datetime': '2021-01-05 11:30:00', 'open': '216.64999', 'high': '217.74001', 'low': '216.32001', 'close': '216.37000', 'volume': '2153631'}, {'datetime': '2021-01-05 10:30:00', 'open': '216.96001', 'high': '217.48000', 'low': '215.98000', 'close': '216.67500', 'volume': '2661419'}, {'datetime': '2021-01-05 09:30:00', 'open': '217.25999', 'high': '218.52000', 'low': '215.72000', 'close': '216.95000', 'volume': '5249871'}], 'status': 'ok'}
[2023-06-15T09:24:42.627+0000] {spark_submit.py:490} INFO - 23/06/15 09:24:42 INFO SparkContext: Starting job: json at NativeMethodAccessorImpl.java:0
[2023-06-15T09:24:42.628+0000] {spark_submit.py:490} INFO - 23/06/15 09:24:42 INFO DAGScheduler: Got job 1 (json at NativeMethodAccessorImpl.java:0) with 2 output partitions
[2023-06-15T09:24:42.628+0000] {spark_submit.py:490} INFO - 23/06/15 09:24:42 INFO DAGScheduler: Final stage: ResultStage 1 (json at NativeMethodAccessorImpl.java:0)
[2023-06-15T09:24:42.629+0000] {spark_submit.py:490} INFO - 23/06/15 09:24:42 INFO DAGScheduler: Parents of final stage: List()
[2023-06-15T09:24:42.629+0000] {spark_submit.py:490} INFO - 23/06/15 09:24:42 INFO DAGScheduler: Missing parents: List()
[2023-06-15T09:24:42.630+0000] {spark_submit.py:490} INFO - 23/06/15 09:24:42 INFO DAGScheduler: Submitting ResultStage 1 (MapPartitionsRDD[22] at json at NativeMethodAccessorImpl.java:0), which has no missing parents
[2023-06-15T09:24:42.635+0000] {spark_submit.py:490} INFO - 23/06/15 09:24:42 INFO MemoryStore: Block broadcast_1 stored as values in memory (estimated size 19.8 KiB, free 434.4 MiB)
[2023-06-15T09:24:42.639+0000] {spark_submit.py:490} INFO - 23/06/15 09:24:42 INFO MemoryStore: Block broadcast_1_piece0 stored as bytes in memory (estimated size 9.7 KiB, free 434.3 MiB)
[2023-06-15T09:24:42.639+0000] {spark_submit.py:490} INFO - 23/06/15 09:24:42 INFO BlockManagerInfo: Added broadcast_1_piece0 in memory on 69b643fc97df:43133 (size: 9.7 KiB, free: 434.4 MiB)
[2023-06-15T09:24:42.640+0000] {spark_submit.py:490} INFO - 23/06/15 09:24:42 INFO SparkContext: Created broadcast 1 from broadcast at DAGScheduler.scala:1535
[2023-06-15T09:24:42.641+0000] {spark_submit.py:490} INFO - 23/06/15 09:24:42 INFO DAGScheduler: Submitting 2 missing tasks from ResultStage 1 (MapPartitionsRDD[22] at json at NativeMethodAccessorImpl.java:0) (first 15 tasks are for partitions Vector(0, 1))
[2023-06-15T09:24:42.641+0000] {spark_submit.py:490} INFO - 23/06/15 09:24:42 INFO TaskSchedulerImpl: Adding task set 1.0 with 2 tasks resource profile 0
[2023-06-15T09:24:42.643+0000] {spark_submit.py:490} INFO - 23/06/15 09:24:42 INFO TaskSetManager: Starting task 0.0 in stage 1.0 (TID 2) (172.27.0.2, executor 0, partition 0, PROCESS_LOCAL, 7347 bytes)
[2023-06-15T09:24:42.643+0000] {spark_submit.py:490} INFO - 23/06/15 09:24:42 INFO TaskSetManager: Starting task 1.0 in stage 1.0 (TID 3) (172.27.0.2, executor 0, partition 1, PROCESS_LOCAL, 8084 bytes)
[2023-06-15T09:24:42.662+0000] {spark_submit.py:490} INFO - 23/06/15 09:24:42 INFO BlockManagerInfo: Added broadcast_1_piece0 in memory on 172.27.0.2:43763 (size: 9.7 KiB, free: 434.4 MiB)
[2023-06-15T09:24:42.727+0000] {spark_submit.py:490} INFO - 23/06/15 09:24:42 INFO TaskSetManager: Finished task 1.0 in stage 1.0 (TID 3) in 83 ms on 172.27.0.2 (executor 0) (1/2)
[2023-06-15T09:24:42.727+0000] {spark_submit.py:490} INFO - 23/06/15 09:24:42 INFO TaskSetManager: Finished task 0.0 in stage 1.0 (TID 2) in 85 ms on 172.27.0.2 (executor 0) (2/2)
[2023-06-15T09:24:42.727+0000] {spark_submit.py:490} INFO - 23/06/15 09:24:42 INFO TaskSchedulerImpl: Removed TaskSet 1.0, whose tasks have all completed, from pool
[2023-06-15T09:24:42.729+0000] {spark_submit.py:490} INFO - 23/06/15 09:24:42 INFO DAGScheduler: ResultStage 1 (json at NativeMethodAccessorImpl.java:0) finished in 0.097 s
[2023-06-15T09:24:42.729+0000] {spark_submit.py:490} INFO - 23/06/15 09:24:42 INFO DAGScheduler: Job 1 is finished. Cancelling potential speculative or zombie tasks for this job
[2023-06-15T09:24:42.730+0000] {spark_submit.py:490} INFO - 23/06/15 09:24:42 INFO TaskSchedulerImpl: Killing all running tasks in stage 1: Stage finished
[2023-06-15T09:24:42.730+0000] {spark_submit.py:490} INFO - 23/06/15 09:24:42 INFO DAGScheduler: Job 1 finished: json at NativeMethodAccessorImpl.java:0, took 0.102767 s
[2023-06-15T09:24:43.975+0000] {spark_submit.py:490} INFO - {'meta': {'symbol': 'GOOG', 'interval': '1h', 'currency': 'USD', 'exchange_timezone': 'America/New_York', 'exchange': 'NASDAQ', 'mic_code': 'XNGS', 'type': 'Common Stock'}, 'values': [{'datetime': '2021-01-05 15:30:00', 'open': '1735.50000', 'high': '1743.04004', 'low': '1734.83997', 'close': '1740.92004', 'volume': '123350'}, {'datetime': '2021-01-05 14:30:00', 'open': '1743.34998', 'high': '1743.94995', 'low': '1735.49500', 'close': '1735.49500', 'volume': '104346'}, {'datetime': '2021-01-05 13:30:00', 'open': '1735.59998', 'high': '1742.72998', 'low': '1735.59998', 'close': '1741.83997', 'volume': '77541'}, {'datetime': '2021-01-05 12:30:00', 'open': '1730.53003', 'high': '1736.43506', 'low': '1730.53003', 'close': '1734.82996', 'volume': '58210'}, {'datetime': '2021-01-05 11:30:00', 'open': '1735.84900', 'high': '1738.03003', 'low': '1729.86499', 'close': '1729.95496', 'volume': '82691'}, {'datetime': '2021-01-05 10:30:00', 'open': '1737.48999', 'high': '1738.96997', 'low': '1730.37000', 'close': '1736.88000', 'volume': '105171'}, {'datetime': '2021-01-05 09:30:00', 'open': '1724.87500', 'high': '1747.67004', 'low': '1718.01501', 'close': '1737.97998', 'volume': '207479'}], 'status': 'ok'}
[2023-06-15T09:24:44.043+0000] {spark_submit.py:490} INFO - 23/06/15 09:24:44 INFO SparkContext: Starting job: json at NativeMethodAccessorImpl.java:0
[2023-06-15T09:24:44.044+0000] {spark_submit.py:490} INFO - 23/06/15 09:24:44 INFO DAGScheduler: Got job 2 (json at NativeMethodAccessorImpl.java:0) with 2 output partitions
[2023-06-15T09:24:44.045+0000] {spark_submit.py:490} INFO - 23/06/15 09:24:44 INFO DAGScheduler: Final stage: ResultStage 2 (json at NativeMethodAccessorImpl.java:0)
[2023-06-15T09:24:44.045+0000] {spark_submit.py:490} INFO - 23/06/15 09:24:44 INFO DAGScheduler: Parents of final stage: List()
[2023-06-15T09:24:44.045+0000] {spark_submit.py:490} INFO - 23/06/15 09:24:44 INFO DAGScheduler: Missing parents: List()
[2023-06-15T09:24:44.046+0000] {spark_submit.py:490} INFO - 23/06/15 09:24:44 INFO DAGScheduler: Submitting ResultStage 2 (MapPartitionsRDD[33] at json at NativeMethodAccessorImpl.java:0), which has no missing parents
[2023-06-15T09:24:44.051+0000] {spark_submit.py:490} INFO - 23/06/15 09:24:44 INFO MemoryStore: Block broadcast_2 stored as values in memory (estimated size 19.8 KiB, free 434.3 MiB)
[2023-06-15T09:24:44.054+0000] {spark_submit.py:490} INFO - 23/06/15 09:24:44 INFO MemoryStore: Block broadcast_2_piece0 stored as bytes in memory (estimated size 9.7 KiB, free 434.3 MiB)
[2023-06-15T09:24:44.055+0000] {spark_submit.py:490} INFO - 23/06/15 09:24:44 INFO BlockManagerInfo: Added broadcast_2_piece0 in memory on 69b643fc97df:43133 (size: 9.7 KiB, free: 434.4 MiB)
[2023-06-15T09:24:44.055+0000] {spark_submit.py:490} INFO - 23/06/15 09:24:44 INFO SparkContext: Created broadcast 2 from broadcast at DAGScheduler.scala:1535
[2023-06-15T09:24:44.056+0000] {spark_submit.py:490} INFO - 23/06/15 09:24:44 INFO DAGScheduler: Submitting 2 missing tasks from ResultStage 2 (MapPartitionsRDD[33] at json at NativeMethodAccessorImpl.java:0) (first 15 tasks are for partitions Vector(0, 1))
[2023-06-15T09:24:44.056+0000] {spark_submit.py:490} INFO - 23/06/15 09:24:44 INFO TaskSchedulerImpl: Adding task set 2.0 with 2 tasks resource profile 0
[2023-06-15T09:24:44.057+0000] {spark_submit.py:490} INFO - 23/06/15 09:24:44 INFO TaskSetManager: Starting task 0.0 in stage 2.0 (TID 4) (172.27.0.2, executor 0, partition 0, PROCESS_LOCAL, 7347 bytes)
[2023-06-15T09:24:44.058+0000] {spark_submit.py:490} INFO - 23/06/15 09:24:44 INFO TaskSetManager: Starting task 1.0 in stage 2.0 (TID 5) (172.27.0.2, executor 0, partition 1, PROCESS_LOCAL, 8102 bytes)
[2023-06-15T09:24:44.074+0000] {spark_submit.py:490} INFO - 23/06/15 09:24:44 INFO BlockManagerInfo: Added broadcast_2_piece0 in memory on 172.27.0.2:43763 (size: 9.7 KiB, free: 434.4 MiB)
[2023-06-15T09:24:44.137+0000] {spark_submit.py:490} INFO - 23/06/15 09:24:44 INFO TaskSetManager: Finished task 0.0 in stage 2.0 (TID 4) in 80 ms on 172.27.0.2 (executor 0) (1/2)
[2023-06-15T09:24:44.138+0000] {spark_submit.py:490} INFO - 23/06/15 09:24:44 INFO TaskSetManager: Finished task 1.0 in stage 2.0 (TID 5) in 81 ms on 172.27.0.2 (executor 0) (2/2)
[2023-06-15T09:24:44.138+0000] {spark_submit.py:490} INFO - 23/06/15 09:24:44 INFO TaskSchedulerImpl: Removed TaskSet 2.0, whose tasks have all completed, from pool
[2023-06-15T09:24:44.139+0000] {spark_submit.py:490} INFO - 23/06/15 09:24:44 INFO DAGScheduler: ResultStage 2 (json at NativeMethodAccessorImpl.java:0) finished in 0.092 s
[2023-06-15T09:24:44.140+0000] {spark_submit.py:490} INFO - 23/06/15 09:24:44 INFO DAGScheduler: Job 2 is finished. Cancelling potential speculative or zombie tasks for this job
[2023-06-15T09:24:44.140+0000] {spark_submit.py:490} INFO - 23/06/15 09:24:44 INFO TaskSchedulerImpl: Killing all running tasks in stage 2: Stage finished
[2023-06-15T09:24:44.140+0000] {spark_submit.py:490} INFO - 23/06/15 09:24:44 INFO DAGScheduler: Job 2 finished: json at NativeMethodAccessorImpl.java:0, took 0.096617 s
[2023-06-15T09:24:45.309+0000] {spark_submit.py:490} INFO - {'meta': {'symbol': 'AMZN', 'interval': '1h', 'currency': 'USD', 'exchange_timezone': 'America/New_York', 'exchange': 'NASDAQ', 'mic_code': 'XNGS', 'type': 'Common Stock'}, 'values': [{'datetime': '2021-01-05 15:30:00', 'open': '3207.93799', 'high': '3223.37988', 'low': '3204.51294', 'close': '3218.51001', 'volume': '319275'}, {'datetime': '2021-01-05 14:30:00', 'open': '3216.61011', 'high': '3222.15503', 'low': '3206.31006', 'close': '3208.50000', 'volume': '245771'}, {'datetime': '2021-01-05 13:30:00', 'open': '3196.01001', 'high': '3219.92993', 'low': '3196.01001', 'close': '3216.37988', 'volume': '262039'}, {'datetime': '2021-01-05 12:30:00', 'open': '3189.83008', 'high': '3200.00000', 'low': '3186.45996', 'close': '3196.46997', 'volume': '155119'}, {'datetime': '2021-01-05 11:30:00', 'open': '3193.58008', 'high': '3201.64990', 'low': '3189.00000', 'close': '3190.67993', 'volume': '197988'}, {'datetime': '2021-01-05 10:30:00', 'open': '3202.33496', 'high': '3202.33496', 'low': '3185.80005', 'close': '3194.00000', 'volume': '344192'}, {'datetime': '2021-01-05 09:30:00', 'open': '3166.80005', 'high': '3217.00000', 'low': '3166.00000', 'close': '3202.23218', 'volume': '860142'}], 'status': 'ok'}
[2023-06-15T09:24:45.397+0000] {spark_submit.py:490} INFO - 23/06/15 09:24:45 INFO SparkContext: Starting job: json at NativeMethodAccessorImpl.java:0
[2023-06-15T09:24:45.398+0000] {spark_submit.py:490} INFO - 23/06/15 09:24:45 INFO DAGScheduler: Got job 3 (json at NativeMethodAccessorImpl.java:0) with 2 output partitions
[2023-06-15T09:24:45.399+0000] {spark_submit.py:490} INFO - 23/06/15 09:24:45 INFO DAGScheduler: Final stage: ResultStage 3 (json at NativeMethodAccessorImpl.java:0)
[2023-06-15T09:24:45.399+0000] {spark_submit.py:490} INFO - 23/06/15 09:24:45 INFO DAGScheduler: Parents of final stage: List()
[2023-06-15T09:24:45.399+0000] {spark_submit.py:490} INFO - 23/06/15 09:24:45 INFO DAGScheduler: Missing parents: List()
[2023-06-15T09:24:45.401+0000] {spark_submit.py:490} INFO - 23/06/15 09:24:45 INFO DAGScheduler: Submitting ResultStage 3 (MapPartitionsRDD[44] at json at NativeMethodAccessorImpl.java:0), which has no missing parents
[2023-06-15T09:24:45.406+0000] {spark_submit.py:490} INFO - 23/06/15 09:24:45 INFO MemoryStore: Block broadcast_3 stored as values in memory (estimated size 19.8 KiB, free 434.3 MiB)
[2023-06-15T09:24:45.408+0000] {spark_submit.py:490} INFO - 23/06/15 09:24:45 INFO MemoryStore: Block broadcast_3_piece0 stored as bytes in memory (estimated size 9.7 KiB, free 434.3 MiB)
[2023-06-15T09:24:45.409+0000] {spark_submit.py:490} INFO - 23/06/15 09:24:45 INFO BlockManagerInfo: Added broadcast_3_piece0 in memory on 69b643fc97df:43133 (size: 9.7 KiB, free: 434.4 MiB)
[2023-06-15T09:24:45.410+0000] {spark_submit.py:490} INFO - 23/06/15 09:24:45 INFO SparkContext: Created broadcast 3 from broadcast at DAGScheduler.scala:1535
[2023-06-15T09:24:45.412+0000] {spark_submit.py:490} INFO - 23/06/15 09:24:45 INFO DAGScheduler: Submitting 2 missing tasks from ResultStage 3 (MapPartitionsRDD[44] at json at NativeMethodAccessorImpl.java:0) (first 15 tasks are for partitions Vector(0, 1))
[2023-06-15T09:24:45.412+0000] {spark_submit.py:490} INFO - 23/06/15 09:24:45 INFO TaskSchedulerImpl: Adding task set 3.0 with 2 tasks resource profile 0
[2023-06-15T09:24:45.414+0000] {spark_submit.py:490} INFO - 23/06/15 09:24:45 INFO TaskSetManager: Starting task 0.0 in stage 3.0 (TID 6) (172.27.0.2, executor 0, partition 0, PROCESS_LOCAL, 7347 bytes)
[2023-06-15T09:24:45.415+0000] {spark_submit.py:490} INFO - 23/06/15 09:24:45 INFO TaskSetManager: Starting task 1.0 in stage 3.0 (TID 7) (172.27.0.2, executor 0, partition 1, PROCESS_LOCAL, 8105 bytes)
[2023-06-15T09:24:45.416+0000] {spark_submit.py:490} INFO - 23/06/15 09:24:45 INFO BlockManagerInfo: Removed broadcast_2_piece0 on 69b643fc97df:43133 in memory (size: 9.7 KiB, free: 434.4 MiB)
[2023-06-15T09:24:45.429+0000] {spark_submit.py:490} INFO - 23/06/15 09:24:45 INFO BlockManagerInfo: Removed broadcast_2_piece0 on 172.27.0.2:43763 in memory (size: 9.7 KiB, free: 434.4 MiB)
[2023-06-15T09:24:45.433+0000] {spark_submit.py:490} INFO - 23/06/15 09:24:45 INFO BlockManagerInfo: Added broadcast_3_piece0 in memory on 172.27.0.2:43763 (size: 9.7 KiB, free: 434.4 MiB)
[2023-06-15T09:24:45.439+0000] {spark_submit.py:490} INFO - 23/06/15 09:24:45 INFO BlockManagerInfo: Removed broadcast_0_piece0 on 69b643fc97df:43133 in memory (size: 9.7 KiB, free: 434.4 MiB)
[2023-06-15T09:24:45.449+0000] {spark_submit.py:490} INFO - 23/06/15 09:24:45 INFO BlockManagerInfo: Removed broadcast_0_piece0 on 172.27.0.2:43763 in memory (size: 9.7 KiB, free: 434.4 MiB)
[2023-06-15T09:24:45.455+0000] {spark_submit.py:490} INFO - 23/06/15 09:24:45 INFO BlockManagerInfo: Removed broadcast_1_piece0 on 69b643fc97df:43133 in memory (size: 9.7 KiB, free: 434.4 MiB)
[2023-06-15T09:24:45.458+0000] {spark_submit.py:490} INFO - 23/06/15 09:24:45 INFO BlockManagerInfo: Removed broadcast_1_piece0 on 172.27.0.2:43763 in memory (size: 9.7 KiB, free: 434.4 MiB)
[2023-06-15T09:24:45.498+0000] {spark_submit.py:490} INFO - 23/06/15 09:24:45 INFO TaskSetManager: Finished task 0.0 in stage 3.0 (TID 6) in 84 ms on 172.27.0.2 (executor 0) (1/2)
[2023-06-15T09:24:45.500+0000] {spark_submit.py:490} INFO - 23/06/15 09:24:45 INFO TaskSetManager: Finished task 1.0 in stage 3.0 (TID 7) in 86 ms on 172.27.0.2 (executor 0) (2/2)
[2023-06-15T09:24:45.500+0000] {spark_submit.py:490} INFO - 23/06/15 09:24:45 INFO TaskSchedulerImpl: Removed TaskSet 3.0, whose tasks have all completed, from pool
[2023-06-15T09:24:45.501+0000] {spark_submit.py:490} INFO - 23/06/15 09:24:45 INFO DAGScheduler: ResultStage 3 (json at NativeMethodAccessorImpl.java:0) finished in 0.099 s
[2023-06-15T09:24:45.502+0000] {spark_submit.py:490} INFO - 23/06/15 09:24:45 INFO DAGScheduler: Job 3 is finished. Cancelling potential speculative or zombie tasks for this job
[2023-06-15T09:24:45.502+0000] {spark_submit.py:490} INFO - 23/06/15 09:24:45 INFO TaskSchedulerImpl: Killing all running tasks in stage 3: Stage finished
[2023-06-15T09:24:45.503+0000] {spark_submit.py:490} INFO - 23/06/15 09:24:45 INFO DAGScheduler: Job 3 finished: json at NativeMethodAccessorImpl.java:0, took 0.105011 s
[2023-06-15T09:24:46.741+0000] {spark_submit.py:490} INFO - {'meta': {'symbol': 'TSLA', 'interval': '1h', 'currency': 'USD', 'exchange_timezone': 'America/New_York', 'exchange': 'NASDAQ', 'mic_code': 'XNGS', 'type': 'Common Stock'}, 'values': [{'datetime': '2021-01-05 15:30:00', 'open': '735.90002', 'high': '736.79999', 'low': '731.12000', 'close': '735.10999', 'volume': '2583828'}, {'datetime': '2021-01-05 14:30:00', 'open': '738.44202', 'high': '739.40002', 'low': '733.60681', 'close': '735.90002', 'volume': '2555077'}, {'datetime': '2021-01-05 13:30:00', 'open': '738.82990', 'high': '740.53003', 'low': '737.00000', 'close': '738.38000', 'volume': '1920911'}, {'datetime': '2021-01-05 12:30:00', 'open': '737.66998', 'high': '740.50000', 'low': '735.15009', 'close': '738.73700', 'volume': '2737182'}, {'datetime': '2021-01-05 11:30:00', 'open': '738.78998', 'high': '740.83502', 'low': '733.60999', 'close': '737.66998', 'volume': '3804216'}, {'datetime': '2021-01-05 10:30:00', 'open': '731.90997', 'high': '738.76001', 'low': '730.54999', 'close': '738.57159', 'volume': '4995713'}, {'datetime': '2021-01-05 09:30:00', 'open': '723.83002', 'high': '735.67999', 'low': '719.20001', 'close': '732.00299', 'volume': '10442781'}], 'status': 'ok'}
[2023-06-15T09:24:46.901+0000] {spark_submit.py:490} INFO - 23/06/15 09:24:46 INFO SparkContext: Starting job: json at NativeMethodAccessorImpl.java:0
[2023-06-15T09:24:46.902+0000] {spark_submit.py:490} INFO - 23/06/15 09:24:46 INFO DAGScheduler: Got job 4 (json at NativeMethodAccessorImpl.java:0) with 2 output partitions
[2023-06-15T09:24:46.903+0000] {spark_submit.py:490} INFO - 23/06/15 09:24:46 INFO DAGScheduler: Final stage: ResultStage 4 (json at NativeMethodAccessorImpl.java:0)
[2023-06-15T09:24:46.903+0000] {spark_submit.py:490} INFO - 23/06/15 09:24:46 INFO DAGScheduler: Parents of final stage: List()
[2023-06-15T09:24:46.903+0000] {spark_submit.py:490} INFO - 23/06/15 09:24:46 INFO DAGScheduler: Missing parents: List()
[2023-06-15T09:24:46.905+0000] {spark_submit.py:490} INFO - 23/06/15 09:24:46 INFO DAGScheduler: Submitting ResultStage 4 (MapPartitionsRDD[55] at json at NativeMethodAccessorImpl.java:0), which has no missing parents
[2023-06-15T09:24:46.915+0000] {spark_submit.py:490} INFO - 23/06/15 09:24:46 INFO MemoryStore: Block broadcast_4 stored as values in memory (estimated size 19.8 KiB, free 434.4 MiB)
[2023-06-15T09:24:46.919+0000] {spark_submit.py:490} INFO - 23/06/15 09:24:46 INFO MemoryStore: Block broadcast_4_piece0 stored as bytes in memory (estimated size 9.7 KiB, free 434.3 MiB)
[2023-06-15T09:24:46.920+0000] {spark_submit.py:490} INFO - 23/06/15 09:24:46 INFO BlockManagerInfo: Added broadcast_4_piece0 in memory on 69b643fc97df:43133 (size: 9.7 KiB, free: 434.4 MiB)
[2023-06-15T09:24:46.921+0000] {spark_submit.py:490} INFO - 23/06/15 09:24:46 INFO SparkContext: Created broadcast 4 from broadcast at DAGScheduler.scala:1535
[2023-06-15T09:24:46.924+0000] {spark_submit.py:490} INFO - 23/06/15 09:24:46 INFO DAGScheduler: Submitting 2 missing tasks from ResultStage 4 (MapPartitionsRDD[55] at json at NativeMethodAccessorImpl.java:0) (first 15 tasks are for partitions Vector(0, 1))
[2023-06-15T09:24:46.927+0000] {spark_submit.py:490} INFO - 23/06/15 09:24:46 INFO TaskSchedulerImpl: Adding task set 4.0 with 2 tasks resource profile 0
[2023-06-15T09:24:46.930+0000] {spark_submit.py:490} INFO - 23/06/15 09:24:46 INFO TaskSetManager: Starting task 0.0 in stage 4.0 (TID 8) (172.27.0.2, executor 0, partition 0, PROCESS_LOCAL, 7347 bytes)
[2023-06-15T09:24:46.931+0000] {spark_submit.py:490} INFO - 23/06/15 09:24:46 INFO TaskSetManager: Starting task 1.0 in stage 4.0 (TID 9) (172.27.0.2, executor 0, partition 1, PROCESS_LOCAL, 8085 bytes)
[2023-06-15T09:24:46.958+0000] {spark_submit.py:490} INFO - 23/06/15 09:24:46 INFO BlockManagerInfo: Added broadcast_4_piece0 in memory on 172.27.0.2:43763 (size: 9.7 KiB, free: 434.4 MiB)
[2023-06-15T09:24:47.027+0000] {spark_submit.py:490} INFO - 23/06/15 09:24:47 INFO TaskSetManager: Finished task 0.0 in stage 4.0 (TID 8) in 96 ms on 172.27.0.2 (executor 0) (1/2)
[2023-06-15T09:24:47.027+0000] {spark_submit.py:490} INFO - 23/06/15 09:24:47 INFO TaskSetManager: Finished task 1.0 in stage 4.0 (TID 9) in 96 ms on 172.27.0.2 (executor 0) (2/2)
[2023-06-15T09:24:47.027+0000] {spark_submit.py:490} INFO - 23/06/15 09:24:47 INFO TaskSchedulerImpl: Removed TaskSet 4.0, whose tasks have all completed, from pool
[2023-06-15T09:24:47.029+0000] {spark_submit.py:490} INFO - 23/06/15 09:24:47 INFO DAGScheduler: ResultStage 4 (json at NativeMethodAccessorImpl.java:0) finished in 0.122 s
[2023-06-15T09:24:47.029+0000] {spark_submit.py:490} INFO - 23/06/15 09:24:47 INFO DAGScheduler: Job 4 is finished. Cancelling potential speculative or zombie tasks for this job
[2023-06-15T09:24:47.029+0000] {spark_submit.py:490} INFO - 23/06/15 09:24:47 INFO TaskSchedulerImpl: Killing all running tasks in stage 4: Stage finished
[2023-06-15T09:24:47.030+0000] {spark_submit.py:490} INFO - 23/06/15 09:24:47 INFO DAGScheduler: Job 4 finished: json at NativeMethodAccessorImpl.java:0, took 0.128544 s
[2023-06-15T09:24:48.072+0000] {spark_submit.py:490} INFO - {'meta': {'symbol': 'META', 'interval': '1h', 'currency': 'USD', 'exchange_timezone': 'America/New_York', 'exchange': 'NASDAQ', 'mic_code': 'XNGS', 'type': 'Common Stock'}, 'values': [{'datetime': '2021-01-05 15:30:00', 'open': '270.78500', 'high': '271.48999', 'low': '270.54001', 'close': '270.97000', 'volume': '964280'}, {'datetime': '2021-01-05 14:30:00', 'open': '271.70999', 'high': '272.09000', 'low': '270.72000', 'close': '270.78500', 'volume': '980257'}, {'datetime': '2021-01-05 13:30:00', 'open': '270.32001', 'high': '271.85001', 'low': '270.31000', 'close': '271.70999', 'volume': '685043'}, {'datetime': '2021-01-05 12:30:00', 'open': '270.28000', 'high': '270.89001', 'low': '269.60001', 'close': '270.31500', 'volume': '734432'}, {'datetime': '2021-01-05 11:30:00', 'open': '271.60999', 'high': '272.39999', 'low': '270.17999', 'close': '270.22501', 'volume': '946013'}, {'datetime': '2021-01-05 10:30:00', 'open': '271.29999', 'high': '272.12000', 'low': '270.66000', 'close': '271.62000', 'volume': '1282749'}, {'datetime': '2021-01-05 09:30:00', 'open': '268.28079', 'high': '272.17999', 'low': '268.21109', 'close': '271.32001', 'volume': '2450249'}], 'status': 'ok'}
[2023-06-15T09:24:48.106+0000] {spark_submit.py:490} INFO - 23/06/15 09:24:48 INFO SparkContext: Starting job: json at NativeMethodAccessorImpl.java:0
[2023-06-15T09:24:48.107+0000] {spark_submit.py:490} INFO - 23/06/15 09:24:48 INFO DAGScheduler: Got job 5 (json at NativeMethodAccessorImpl.java:0) with 2 output partitions
[2023-06-15T09:24:48.108+0000] {spark_submit.py:490} INFO - 23/06/15 09:24:48 INFO DAGScheduler: Final stage: ResultStage 5 (json at NativeMethodAccessorImpl.java:0)
[2023-06-15T09:24:48.108+0000] {spark_submit.py:490} INFO - 23/06/15 09:24:48 INFO DAGScheduler: Parents of final stage: List()
[2023-06-15T09:24:48.109+0000] {spark_submit.py:490} INFO - 23/06/15 09:24:48 INFO DAGScheduler: Missing parents: List()
[2023-06-15T09:24:48.110+0000] {spark_submit.py:490} INFO - 23/06/15 09:24:48 INFO DAGScheduler: Submitting ResultStage 5 (MapPartitionsRDD[66] at json at NativeMethodAccessorImpl.java:0), which has no missing parents
[2023-06-15T09:24:48.117+0000] {spark_submit.py:490} INFO - 23/06/15 09:24:48 INFO MemoryStore: Block broadcast_5 stored as values in memory (estimated size 19.8 KiB, free 434.3 MiB)
[2023-06-15T09:24:48.119+0000] {spark_submit.py:490} INFO - 23/06/15 09:24:48 INFO MemoryStore: Block broadcast_5_piece0 stored as bytes in memory (estimated size 9.7 KiB, free 434.3 MiB)
[2023-06-15T09:24:48.121+0000] {spark_submit.py:490} INFO - 23/06/15 09:24:48 INFO BlockManagerInfo: Added broadcast_5_piece0 in memory on 69b643fc97df:43133 (size: 9.7 KiB, free: 434.4 MiB)
[2023-06-15T09:24:48.122+0000] {spark_submit.py:490} INFO - 23/06/15 09:24:48 INFO SparkContext: Created broadcast 5 from broadcast at DAGScheduler.scala:1535
[2023-06-15T09:24:48.123+0000] {spark_submit.py:490} INFO - 23/06/15 09:24:48 INFO DAGScheduler: Submitting 2 missing tasks from ResultStage 5 (MapPartitionsRDD[66] at json at NativeMethodAccessorImpl.java:0) (first 15 tasks are for partitions Vector(0, 1))
[2023-06-15T09:24:48.124+0000] {spark_submit.py:490} INFO - 23/06/15 09:24:48 INFO TaskSchedulerImpl: Adding task set 5.0 with 2 tasks resource profile 0
[2023-06-15T09:24:48.127+0000] {spark_submit.py:490} INFO - 23/06/15 09:24:48 INFO TaskSetManager: Starting task 0.0 in stage 5.0 (TID 10) (172.27.0.2, executor 0, partition 0, PROCESS_LOCAL, 7347 bytes)
[2023-06-15T09:24:48.128+0000] {spark_submit.py:490} INFO - 23/06/15 09:24:48 INFO TaskSetManager: Starting task 1.0 in stage 5.0 (TID 11) (172.27.0.2, executor 0, partition 1, PROCESS_LOCAL, 8079 bytes)
[2023-06-15T09:24:48.145+0000] {spark_submit.py:490} INFO - 23/06/15 09:24:48 INFO BlockManagerInfo: Added broadcast_5_piece0 in memory on 172.27.0.2:43763 (size: 9.7 KiB, free: 434.4 MiB)
[2023-06-15T09:24:48.204+0000] {spark_submit.py:490} INFO - 23/06/15 09:24:48 INFO TaskSetManager: Finished task 1.0 in stage 5.0 (TID 11) in 77 ms on 172.27.0.2 (executor 0) (1/2)
[2023-06-15T09:24:48.209+0000] {spark_submit.py:490} INFO - 23/06/15 09:24:48 INFO TaskSetManager: Finished task 0.0 in stage 5.0 (TID 10) in 83 ms on 172.27.0.2 (executor 0) (2/2)
[2023-06-15T09:24:48.210+0000] {spark_submit.py:490} INFO - 23/06/15 09:24:48 INFO TaskSchedulerImpl: Removed TaskSet 5.0, whose tasks have all completed, from pool
[2023-06-15T09:24:48.210+0000] {spark_submit.py:490} INFO - 23/06/15 09:24:48 INFO DAGScheduler: ResultStage 5 (json at NativeMethodAccessorImpl.java:0) finished in 0.098 s
[2023-06-15T09:24:48.211+0000] {spark_submit.py:490} INFO - 23/06/15 09:24:48 INFO DAGScheduler: Job 5 is finished. Cancelling potential speculative or zombie tasks for this job
[2023-06-15T09:24:48.211+0000] {spark_submit.py:490} INFO - 23/06/15 09:24:48 INFO TaskSchedulerImpl: Killing all running tasks in stage 5: Stage finished
[2023-06-15T09:24:48.212+0000] {spark_submit.py:490} INFO - 23/06/15 09:24:48 INFO DAGScheduler: Job 5 finished: json at NativeMethodAccessorImpl.java:0, took 0.105281 s
[2023-06-15T09:24:49.663+0000] {spark_submit.py:490} INFO - {'meta': {'symbol': 'NFLX', 'interval': '1h', 'currency': 'USD', 'exchange_timezone': 'America/New_York', 'exchange': 'NASDAQ', 'mic_code': 'XNGS', 'type': 'Common Stock'}, 'values': [{'datetime': '2021-01-05 15:30:00', 'open': '520.76379', 'high': '522.14502', 'low': '519.57001', 'close': '520.79999', 'volume': '340355'}, {'datetime': '2021-01-05 14:30:00', 'open': '522.00000', 'high': '523.92987', 'low': '520.83002', 'close': '520.83002', 'volume': '308137'}, {'datetime': '2021-01-05 13:30:00', 'open': '519.75000', 'high': '522.00000', 'low': '519.64459', 'close': '521.79999', 'volume': '227673'}, {'datetime': '2021-01-05 12:30:00', 'open': '518.71002', 'high': '519.90002', 'low': '517.72498', 'close': '519.36499', 'volume': '211265'}, {'datetime': '2021-01-05 11:30:00', 'open': '521.23151', 'high': '521.69000', 'low': '515.89001', 'close': '518.65997', 'volume': '480337'}, {'datetime': '2021-01-05 10:30:00', 'open': '523.53003', 'high': '525.30499', 'low': '518.51001', 'close': '521.20001', 'volume': '381532'}, {'datetime': '2021-01-05 09:30:00', 'open': '521.54999', 'high': '526.78003', 'low': '518.83118', 'close': '523.63000', 'volume': '791434'}], 'status': 'ok'}
[2023-06-15T09:24:49.703+0000] {spark_submit.py:490} INFO - 23/06/15 09:24:49 INFO SparkContext: Starting job: json at NativeMethodAccessorImpl.java:0
[2023-06-15T09:24:49.705+0000] {spark_submit.py:490} INFO - 23/06/15 09:24:49 INFO DAGScheduler: Got job 6 (json at NativeMethodAccessorImpl.java:0) with 2 output partitions
[2023-06-15T09:24:49.705+0000] {spark_submit.py:490} INFO - 23/06/15 09:24:49 INFO DAGScheduler: Final stage: ResultStage 6 (json at NativeMethodAccessorImpl.java:0)
[2023-06-15T09:24:49.705+0000] {spark_submit.py:490} INFO - 23/06/15 09:24:49 INFO DAGScheduler: Parents of final stage: List()
[2023-06-15T09:24:49.705+0000] {spark_submit.py:490} INFO - 23/06/15 09:24:49 INFO DAGScheduler: Missing parents: List()
[2023-06-15T09:24:49.706+0000] {spark_submit.py:490} INFO - 23/06/15 09:24:49 INFO DAGScheduler: Submitting ResultStage 6 (MapPartitionsRDD[77] at json at NativeMethodAccessorImpl.java:0), which has no missing parents
[2023-06-15T09:24:49.711+0000] {spark_submit.py:490} INFO - 23/06/15 09:24:49 INFO MemoryStore: Block broadcast_6 stored as values in memory (estimated size 19.8 KiB, free 434.3 MiB)
[2023-06-15T09:24:49.713+0000] {spark_submit.py:490} INFO - 23/06/15 09:24:49 INFO MemoryStore: Block broadcast_6_piece0 stored as bytes in memory (estimated size 9.7 KiB, free 434.3 MiB)
[2023-06-15T09:24:49.714+0000] {spark_submit.py:490} INFO - 23/06/15 09:24:49 INFO BlockManagerInfo: Added broadcast_6_piece0 in memory on 69b643fc97df:43133 (size: 9.7 KiB, free: 434.4 MiB)
[2023-06-15T09:24:49.715+0000] {spark_submit.py:490} INFO - 23/06/15 09:24:49 INFO SparkContext: Created broadcast 6 from broadcast at DAGScheduler.scala:1535
[2023-06-15T09:24:49.715+0000] {spark_submit.py:490} INFO - 23/06/15 09:24:49 INFO DAGScheduler: Submitting 2 missing tasks from ResultStage 6 (MapPartitionsRDD[77] at json at NativeMethodAccessorImpl.java:0) (first 15 tasks are for partitions Vector(0, 1))
[2023-06-15T09:24:49.715+0000] {spark_submit.py:490} INFO - 23/06/15 09:24:49 INFO TaskSchedulerImpl: Adding task set 6.0 with 2 tasks resource profile 0
[2023-06-15T09:24:49.717+0000] {spark_submit.py:490} INFO - 23/06/15 09:24:49 INFO TaskSetManager: Starting task 0.0 in stage 6.0 (TID 12) (172.27.0.2, executor 0, partition 0, PROCESS_LOCAL, 7347 bytes)
[2023-06-15T09:24:49.717+0000] {spark_submit.py:490} INFO - 23/06/15 09:24:49 INFO TaskSetManager: Starting task 1.0 in stage 6.0 (TID 13) (172.27.0.2, executor 0, partition 1, PROCESS_LOCAL, 8077 bytes)
[2023-06-15T09:24:49.733+0000] {spark_submit.py:490} INFO - 23/06/15 09:24:49 INFO BlockManagerInfo: Added broadcast_6_piece0 in memory on 172.27.0.2:43763 (size: 9.7 KiB, free: 434.4 MiB)
[2023-06-15T09:24:49.794+0000] {spark_submit.py:490} INFO - 23/06/15 09:24:49 INFO TaskSetManager: Finished task 0.0 in stage 6.0 (TID 12) in 78 ms on 172.27.0.2 (executor 0) (1/2)
[2023-06-15T09:24:49.796+0000] {spark_submit.py:490} INFO - 23/06/15 09:24:49 INFO TaskSetManager: Finished task 1.0 in stage 6.0 (TID 13) in 79 ms on 172.27.0.2 (executor 0) (2/2)
[2023-06-15T09:24:49.797+0000] {spark_submit.py:490} INFO - 23/06/15 09:24:49 INFO TaskSchedulerImpl: Removed TaskSet 6.0, whose tasks have all completed, from pool
[2023-06-15T09:24:49.798+0000] {spark_submit.py:490} INFO - 23/06/15 09:24:49 INFO DAGScheduler: ResultStage 6 (json at NativeMethodAccessorImpl.java:0) finished in 0.090 s
[2023-06-15T09:24:49.798+0000] {spark_submit.py:490} INFO - 23/06/15 09:24:49 INFO DAGScheduler: Job 6 is finished. Cancelling potential speculative or zombie tasks for this job
[2023-06-15T09:24:49.798+0000] {spark_submit.py:490} INFO - 23/06/15 09:24:49 INFO TaskSchedulerImpl: Killing all running tasks in stage 6: Stage finished
[2023-06-15T09:24:49.799+0000] {spark_submit.py:490} INFO - 23/06/15 09:24:49 INFO DAGScheduler: Job 6 finished: json at NativeMethodAccessorImpl.java:0, took 0.094938 s
[2023-06-15T09:24:51.450+0000] {spark_submit.py:490} INFO - {'meta': {'symbol': 'NVDA', 'interval': '1h', 'currency': 'USD', 'exchange_timezone': 'America/New_York', 'exchange': 'NASDAQ', 'mic_code': 'XNGS', 'type': 'Common Stock'}, 'values': [{'datetime': '2021-01-05 15:30:00', 'open': '533.87000', 'high': '536.95001', 'low': '533.33002', 'close': '536.23999', 'volume': '826114'}, {'datetime': '2021-01-05 14:30:00', 'open': '533.96002', 'high': '535.46503', 'low': '533.18011', 'close': '534.07001', 'volume': '661824'}, {'datetime': '2021-01-05 13:30:00', 'open': '531.33502', 'high': '534.53998', 'low': '531.33502', 'close': '533.83002', 'volume': '532658'}, {'datetime': '2021-01-05 12:30:00', 'open': '530.09003', 'high': '531.88000', 'low': '527.75000', 'close': '531.35999', 'volume': '537490'}, {'datetime': '2021-01-05 11:30:00', 'open': '532.41998', 'high': '534.64001', 'low': '529.54999', 'close': '529.98999', 'volume': '599139'}, {'datetime': '2021-01-05 10:30:00', 'open': '535.40997', 'high': '536.23999', 'low': '530.16010', 'close': '532.50000', 'volume': '1127338'}, {'datetime': '2021-01-05 09:30:00', 'open': '524.00000', 'high': '537.67999', 'low': '523.47998', 'close': '535.59998', 'volume': '2399397'}], 'status': 'ok'}
[2023-06-15T09:24:51.496+0000] {spark_submit.py:490} INFO - 23/06/15 09:24:51 INFO SparkContext: Starting job: json at NativeMethodAccessorImpl.java:0
[2023-06-15T09:24:51.498+0000] {spark_submit.py:490} INFO - 23/06/15 09:24:51 INFO DAGScheduler: Got job 7 (json at NativeMethodAccessorImpl.java:0) with 2 output partitions
[2023-06-15T09:24:51.498+0000] {spark_submit.py:490} INFO - 23/06/15 09:24:51 INFO DAGScheduler: Final stage: ResultStage 7 (json at NativeMethodAccessorImpl.java:0)
[2023-06-15T09:24:51.498+0000] {spark_submit.py:490} INFO - 23/06/15 09:24:51 INFO DAGScheduler: Parents of final stage: List()
[2023-06-15T09:24:51.498+0000] {spark_submit.py:490} INFO - 23/06/15 09:24:51 INFO DAGScheduler: Missing parents: List()
[2023-06-15T09:24:51.499+0000] {spark_submit.py:490} INFO - 23/06/15 09:24:51 INFO DAGScheduler: Submitting ResultStage 7 (MapPartitionsRDD[88] at json at NativeMethodAccessorImpl.java:0), which has no missing parents
[2023-06-15T09:24:51.503+0000] {spark_submit.py:490} INFO - 23/06/15 09:24:51 INFO MemoryStore: Block broadcast_7 stored as values in memory (estimated size 19.8 KiB, free 434.3 MiB)
[2023-06-15T09:24:51.506+0000] {spark_submit.py:490} INFO - 23/06/15 09:24:51 INFO MemoryStore: Block broadcast_7_piece0 stored as bytes in memory (estimated size 9.7 KiB, free 434.3 MiB)
[2023-06-15T09:24:51.507+0000] {spark_submit.py:490} INFO - 23/06/15 09:24:51 INFO BlockManagerInfo: Added broadcast_7_piece0 in memory on 69b643fc97df:43133 (size: 9.7 KiB, free: 434.4 MiB)
[2023-06-15T09:24:51.507+0000] {spark_submit.py:490} INFO - 23/06/15 09:24:51 INFO SparkContext: Created broadcast 7 from broadcast at DAGScheduler.scala:1535
[2023-06-15T09:24:51.509+0000] {spark_submit.py:490} INFO - 23/06/15 09:24:51 INFO DAGScheduler: Submitting 2 missing tasks from ResultStage 7 (MapPartitionsRDD[88] at json at NativeMethodAccessorImpl.java:0) (first 15 tasks are for partitions Vector(0, 1))
[2023-06-15T09:24:51.509+0000] {spark_submit.py:490} INFO - 23/06/15 09:24:51 INFO TaskSchedulerImpl: Adding task set 7.0 with 2 tasks resource profile 0
[2023-06-15T09:24:51.510+0000] {spark_submit.py:490} INFO - 23/06/15 09:24:51 INFO TaskSetManager: Starting task 0.0 in stage 7.0 (TID 14) (172.27.0.2, executor 0, partition 0, PROCESS_LOCAL, 7347 bytes)
[2023-06-15T09:24:51.511+0000] {spark_submit.py:490} INFO - 23/06/15 09:24:51 INFO TaskSetManager: Starting task 1.0 in stage 7.0 (TID 15) (172.27.0.2, executor 0, partition 1, PROCESS_LOCAL, 8079 bytes)
[2023-06-15T09:24:51.526+0000] {spark_submit.py:490} INFO - 23/06/15 09:24:51 INFO BlockManagerInfo: Added broadcast_7_piece0 in memory on 172.27.0.2:43763 (size: 9.7 KiB, free: 434.4 MiB)
[2023-06-15T09:24:51.583+0000] {spark_submit.py:490} INFO - 23/06/15 09:24:51 INFO TaskSetManager: Finished task 1.0 in stage 7.0 (TID 15) in 73 ms on 172.27.0.2 (executor 0) (1/2)
[2023-06-15T09:24:51.588+0000] {spark_submit.py:490} INFO - 23/06/15 09:24:51 INFO TaskSetManager: Finished task 0.0 in stage 7.0 (TID 14) in 78 ms on 172.27.0.2 (executor 0) (2/2)
[2023-06-15T09:24:51.589+0000] {spark_submit.py:490} INFO - 23/06/15 09:24:51 INFO TaskSchedulerImpl: Removed TaskSet 7.0, whose tasks have all completed, from pool
[2023-06-15T09:24:51.590+0000] {spark_submit.py:490} INFO - 23/06/15 09:24:51 INFO DAGScheduler: ResultStage 7 (json at NativeMethodAccessorImpl.java:0) finished in 0.089 s
[2023-06-15T09:24:51.590+0000] {spark_submit.py:490} INFO - 23/06/15 09:24:51 INFO DAGScheduler: Job 7 is finished. Cancelling potential speculative or zombie tasks for this job
[2023-06-15T09:24:51.591+0000] {spark_submit.py:490} INFO - 23/06/15 09:24:51 INFO TaskSchedulerImpl: Killing all running tasks in stage 7: Stage finished
[2023-06-15T09:24:51.591+0000] {spark_submit.py:490} INFO - 23/06/15 09:24:51 INFO DAGScheduler: Job 7 finished: json at NativeMethodAccessorImpl.java:0, took 0.093905 s
[2023-06-15T09:24:52.055+0000] {spark_submit.py:490} INFO - 23/06/15 09:24:52 INFO BlockManagerInfo: Removed broadcast_6_piece0 on 69b643fc97df:43133 in memory (size: 9.7 KiB, free: 434.4 MiB)
[2023-06-15T09:24:52.061+0000] {spark_submit.py:490} INFO - 23/06/15 09:24:52 INFO BlockManagerInfo: Removed broadcast_6_piece0 on 172.27.0.2:43763 in memory (size: 9.7 KiB, free: 434.4 MiB)
[2023-06-15T09:24:52.075+0000] {spark_submit.py:490} INFO - 23/06/15 09:24:52 INFO BlockManagerInfo: Removed broadcast_3_piece0 on 69b643fc97df:43133 in memory (size: 9.7 KiB, free: 434.4 MiB)
[2023-06-15T09:24:52.079+0000] {spark_submit.py:490} INFO - 23/06/15 09:24:52 INFO BlockManagerInfo: Removed broadcast_3_piece0 on 172.27.0.2:43763 in memory (size: 9.7 KiB, free: 434.4 MiB)
[2023-06-15T09:24:52.089+0000] {spark_submit.py:490} INFO - 23/06/15 09:24:52 INFO BlockManagerInfo: Removed broadcast_7_piece0 on 69b643fc97df:43133 in memory (size: 9.7 KiB, free: 434.4 MiB)
[2023-06-15T09:24:52.092+0000] {spark_submit.py:490} INFO - 23/06/15 09:24:52 INFO BlockManagerInfo: Removed broadcast_7_piece0 on 172.27.0.2:43763 in memory (size: 9.7 KiB, free: 434.4 MiB)
[2023-06-15T09:24:52.098+0000] {spark_submit.py:490} INFO - 23/06/15 09:24:52 INFO BlockManagerInfo: Removed broadcast_4_piece0 on 69b643fc97df:43133 in memory (size: 9.7 KiB, free: 434.4 MiB)
[2023-06-15T09:24:52.102+0000] {spark_submit.py:490} INFO - 23/06/15 09:24:52 INFO BlockManagerInfo: Removed broadcast_4_piece0 on 172.27.0.2:43763 in memory (size: 9.7 KiB, free: 434.4 MiB)
[2023-06-15T09:24:52.112+0000] {spark_submit.py:490} INFO - 23/06/15 09:24:52 INFO BlockManagerInfo: Removed broadcast_5_piece0 on 69b643fc97df:43133 in memory (size: 9.7 KiB, free: 434.4 MiB)
[2023-06-15T09:24:52.114+0000] {spark_submit.py:490} INFO - 23/06/15 09:24:52 INFO BlockManagerInfo: Removed broadcast_5_piece0 on 172.27.0.2:43763 in memory (size: 9.7 KiB, free: 434.4 MiB)
[2023-06-15T09:24:57.432+0000] {spark_submit.py:490} INFO - 23/06/15 09:24:57 INFO GoogleCloudStorageFileSystem: Successfully repaired 'gs://dtc-de-382609_bucket/stock_data/2021/' directory.
[2023-06-15T09:24:57.473+0000] {spark_submit.py:490} INFO - 23/06/15 09:24:57 INFO ParquetUtils: Using default output committer for Parquet: org.apache.parquet.hadoop.ParquetOutputCommitter
[2023-06-15T09:24:57.502+0000] {spark_submit.py:490} INFO - 23/06/15 09:24:57 INFO FileOutputCommitter: File Output Committer Algorithm version is 1
[2023-06-15T09:24:57.503+0000] {spark_submit.py:490} INFO - 23/06/15 09:24:57 INFO FileOutputCommitter: FileOutputCommitter skip cleanup _temporary folders under output directory:false, ignore cleanup failures: false
[2023-06-15T09:24:57.504+0000] {spark_submit.py:490} INFO - 23/06/15 09:24:57 INFO SQLHadoopMapReduceCommitProtocol: Using user defined output committer class org.apache.parquet.hadoop.ParquetOutputCommitter
[2023-06-15T09:24:57.504+0000] {spark_submit.py:490} INFO - 23/06/15 09:24:57 INFO FileOutputCommitter: File Output Committer Algorithm version is 1
[2023-06-15T09:24:57.505+0000] {spark_submit.py:490} INFO - 23/06/15 09:24:57 INFO FileOutputCommitter: FileOutputCommitter skip cleanup _temporary folders under output directory:false, ignore cleanup failures: false
[2023-06-15T09:24:57.506+0000] {spark_submit.py:490} INFO - 23/06/15 09:24:57 INFO SQLHadoopMapReduceCommitProtocol: Using output committer class org.apache.parquet.hadoop.ParquetOutputCommitter
[2023-06-15T09:24:59.072+0000] {spark_submit.py:490} INFO - 23/06/15 09:24:59 INFO CodeGenerator: Code generated in 23.861256 ms
[2023-06-15T09:24:59.092+0000] {spark_submit.py:490} INFO - 23/06/15 09:24:59 INFO CodeGenerator: Code generated in 14.336879 ms
[2023-06-15T09:24:59.113+0000] {spark_submit.py:490} INFO - 23/06/15 09:24:59 INFO CodeGenerator: Code generated in 14.605986 ms
[2023-06-15T09:24:59.130+0000] {spark_submit.py:490} INFO - 23/06/15 09:24:59 INFO CodeGenerator: Code generated in 12.436252 ms
[2023-06-15T09:24:59.147+0000] {spark_submit.py:490} INFO - 23/06/15 09:24:59 INFO CodeGenerator: Code generated in 11.458838 ms
[2023-06-15T09:24:59.165+0000] {spark_submit.py:490} INFO - 23/06/15 09:24:59 INFO CodeGenerator: Code generated in 11.342444 ms
[2023-06-15T09:24:59.182+0000] {spark_submit.py:490} INFO - 23/06/15 09:24:59 INFO CodeGenerator: Code generated in 11.763994 ms
[2023-06-15T09:24:59.198+0000] {spark_submit.py:490} INFO - 23/06/15 09:24:59 INFO CodeGenerator: Code generated in 9.970506 ms
[2023-06-15T09:24:59.214+0000] {spark_submit.py:490} INFO - 23/06/15 09:24:59 INFO CodeGenerator: Code generated in 10.096663 ms
[2023-06-15T09:24:59.246+0000] {spark_submit.py:490} INFO - 23/06/15 09:24:59 INFO SparkContext: Starting job: parquet at NativeMethodAccessorImpl.java:0
[2023-06-15T09:24:59.250+0000] {spark_submit.py:490} INFO - 23/06/15 09:24:59 INFO DAGScheduler: Got job 8 (parquet at NativeMethodAccessorImpl.java:0) with 1 output partitions
[2023-06-15T09:24:59.251+0000] {spark_submit.py:490} INFO - 23/06/15 09:24:59 INFO DAGScheduler: Final stage: ResultStage 8 (parquet at NativeMethodAccessorImpl.java:0)
[2023-06-15T09:24:59.251+0000] {spark_submit.py:490} INFO - 23/06/15 09:24:59 INFO DAGScheduler: Parents of final stage: List()
[2023-06-15T09:24:59.252+0000] {spark_submit.py:490} INFO - 23/06/15 09:24:59 INFO DAGScheduler: Missing parents: List()
[2023-06-15T09:24:59.253+0000] {spark_submit.py:490} INFO - 23/06/15 09:24:59 INFO DAGScheduler: Submitting ResultStage 8 (MapPartitionsRDD[104] at parquet at NativeMethodAccessorImpl.java:0), which has no missing parents
[2023-06-15T09:24:59.313+0000] {spark_submit.py:490} INFO - 23/06/15 09:24:59 INFO MemoryStore: Block broadcast_8 stored as values in memory (estimated size 276.6 KiB, free 434.1 MiB)
[2023-06-15T09:24:59.315+0000] {spark_submit.py:490} INFO - 23/06/15 09:24:59 INFO MemoryStore: Block broadcast_8_piece0 stored as bytes in memory (estimated size 93.1 KiB, free 434.0 MiB)
[2023-06-15T09:24:59.316+0000] {spark_submit.py:490} INFO - 23/06/15 09:24:59 INFO BlockManagerInfo: Added broadcast_8_piece0 in memory on 69b643fc97df:43133 (size: 93.1 KiB, free: 434.3 MiB)
[2023-06-15T09:24:59.317+0000] {spark_submit.py:490} INFO - 23/06/15 09:24:59 INFO SparkContext: Created broadcast 8 from broadcast at DAGScheduler.scala:1535
[2023-06-15T09:24:59.317+0000] {spark_submit.py:490} INFO - 23/06/15 09:24:59 INFO DAGScheduler: Submitting 1 missing tasks from ResultStage 8 (MapPartitionsRDD[104] at parquet at NativeMethodAccessorImpl.java:0) (first 15 tasks are for partitions Vector(0))
[2023-06-15T09:24:59.318+0000] {spark_submit.py:490} INFO - 23/06/15 09:24:59 INFO TaskSchedulerImpl: Adding task set 8.0 with 1 tasks resource profile 0
[2023-06-15T09:24:59.323+0000] {spark_submit.py:490} INFO - 23/06/15 09:24:59 INFO TaskSetManager: Starting task 0.0 in stage 8.0 (TID 16) (172.27.0.2, executor 0, partition 0, PROCESS_LOCAL, 14535 bytes)
[2023-06-15T09:24:59.346+0000] {spark_submit.py:490} INFO - 23/06/15 09:24:59 INFO BlockManagerInfo: Added broadcast_8_piece0 in memory on 172.27.0.2:43763 (size: 93.1 KiB, free: 434.3 MiB)
[2023-06-15T09:25:12.700+0000] {spark_submit.py:490} INFO - 23/06/15 09:25:12 INFO TaskSetManager: Finished task 0.0 in stage 8.0 (TID 16) in 13381 ms on 172.27.0.2 (executor 0) (1/1)
[2023-06-15T09:25:12.701+0000] {spark_submit.py:490} INFO - 23/06/15 09:25:12 INFO TaskSchedulerImpl: Removed TaskSet 8.0, whose tasks have all completed, from pool
[2023-06-15T09:25:12.703+0000] {spark_submit.py:490} INFO - 23/06/15 09:25:12 INFO DAGScheduler: ResultStage 8 (parquet at NativeMethodAccessorImpl.java:0) finished in 13.445 s
[2023-06-15T09:25:12.703+0000] {spark_submit.py:490} INFO - 23/06/15 09:25:12 INFO DAGScheduler: Job 8 is finished. Cancelling potential speculative or zombie tasks for this job
[2023-06-15T09:25:12.703+0000] {spark_submit.py:490} INFO - 23/06/15 09:25:12 INFO TaskSchedulerImpl: Killing all running tasks in stage 8: Stage finished
[2023-06-15T09:25:12.704+0000] {spark_submit.py:490} INFO - 23/06/15 09:25:12 INFO DAGScheduler: Job 8 finished: parquet at NativeMethodAccessorImpl.java:0, took 13.457435 s
[2023-06-15T09:25:12.709+0000] {spark_submit.py:490} INFO - 23/06/15 09:25:12 INFO FileFormatWriter: Start to commit write Job 7e635bff-f64f-4e69-b783-06bf2c6d1bc0.
[2023-06-15T09:25:18.971+0000] {spark_submit.py:490} INFO - 23/06/15 09:25:18 INFO GoogleCloudStorageFileSystem: Successfully repaired 'gs://dtc-de-382609_bucket/stock_data/2021/01/_temporary/0/task_202306150924596520004782473540506_0008_m_000000/' directory.
[2023-06-15T09:25:21.659+0000] {spark_submit.py:490} INFO - 23/06/15 09:25:21 INFO GoogleCloudStorageFileSystem: Successfully repaired 'gs://dtc-de-382609_bucket/stock_data/2021/01/' directory.
[2023-06-15T09:25:24.447+0000] {spark_submit.py:490} INFO - 23/06/15 09:25:24 INFO BlockManagerInfo: Removed broadcast_8_piece0 on 69b643fc97df:43133 in memory (size: 93.1 KiB, free: 434.4 MiB)
[2023-06-15T09:25:24.449+0000] {spark_submit.py:490} INFO - 23/06/15 09:25:24 INFO BlockManagerInfo: Removed broadcast_8_piece0 on 172.27.0.2:43763 in memory (size: 93.1 KiB, free: 434.4 MiB)
[2023-06-15T09:25:25.753+0000] {spark_submit.py:490} INFO - 23/06/15 09:25:25 INFO FileFormatWriter: Write Job 7e635bff-f64f-4e69-b783-06bf2c6d1bc0 committed. Elapsed time: 13042 ms.
[2023-06-15T09:25:25.757+0000] {spark_submit.py:490} INFO - 23/06/15 09:25:25 INFO FileFormatWriter: Finished processing stats for write job 7e635bff-f64f-4e69-b783-06bf2c6d1bc0.
[2023-06-15T09:25:28.322+0000] {spark_submit.py:490} INFO - 23/06/15 09:25:28 INFO InMemoryFileIndex: It took 769 ms to list leaf files for 1 paths.
[2023-06-15T09:25:28.433+0000] {spark_submit.py:490} INFO - 23/06/15 09:25:28 INFO SparkContext: Starting job: load at NativeMethodAccessorImpl.java:0
[2023-06-15T09:25:28.433+0000] {spark_submit.py:490} INFO - 23/06/15 09:25:28 INFO DAGScheduler: Got job 9 (load at NativeMethodAccessorImpl.java:0) with 1 output partitions
[2023-06-15T09:25:28.434+0000] {spark_submit.py:490} INFO - 23/06/15 09:25:28 INFO DAGScheduler: Final stage: ResultStage 9 (load at NativeMethodAccessorImpl.java:0)
[2023-06-15T09:25:28.434+0000] {spark_submit.py:490} INFO - 23/06/15 09:25:28 INFO DAGScheduler: Parents of final stage: List()
[2023-06-15T09:25:28.434+0000] {spark_submit.py:490} INFO - 23/06/15 09:25:28 INFO DAGScheduler: Missing parents: List()
[2023-06-15T09:25:28.435+0000] {spark_submit.py:490} INFO - 23/06/15 09:25:28 INFO DAGScheduler: Submitting ResultStage 9 (MapPartitionsRDD[106] at load at NativeMethodAccessorImpl.java:0), which has no missing parents
[2023-06-15T09:25:28.444+0000] {spark_submit.py:490} INFO - 23/06/15 09:25:28 INFO MemoryStore: Block broadcast_9 stored as values in memory (estimated size 103.5 KiB, free 434.3 MiB)
[2023-06-15T09:25:28.452+0000] {spark_submit.py:490} INFO - 23/06/15 09:25:28 INFO MemoryStore: Block broadcast_9_piece0 stored as bytes in memory (estimated size 37.4 KiB, free 434.3 MiB)
[2023-06-15T09:25:28.452+0000] {spark_submit.py:490} INFO - 23/06/15 09:25:28 INFO BlockManagerInfo: Added broadcast_9_piece0 in memory on 69b643fc97df:43133 (size: 37.4 KiB, free: 434.4 MiB)
[2023-06-15T09:25:28.453+0000] {spark_submit.py:490} INFO - 23/06/15 09:25:28 INFO SparkContext: Created broadcast 9 from broadcast at DAGScheduler.scala:1535
[2023-06-15T09:25:28.454+0000] {spark_submit.py:490} INFO - 23/06/15 09:25:28 INFO DAGScheduler: Submitting 1 missing tasks from ResultStage 9 (MapPartitionsRDD[106] at load at NativeMethodAccessorImpl.java:0) (first 15 tasks are for partitions Vector(0))
[2023-06-15T09:25:28.454+0000] {spark_submit.py:490} INFO - 23/06/15 09:25:28 INFO TaskSchedulerImpl: Adding task set 9.0 with 1 tasks resource profile 0
[2023-06-15T09:25:28.455+0000] {spark_submit.py:490} INFO - 23/06/15 09:25:28 INFO TaskSetManager: Starting task 0.0 in stage 9.0 (TID 17) (172.27.0.2, executor 0, partition 0, PROCESS_LOCAL, 7574 bytes)
[2023-06-15T09:25:28.498+0000] {spark_submit.py:490} INFO - 23/06/15 09:25:28 INFO BlockManagerInfo: Added broadcast_9_piece0 in memory on 172.27.0.2:43763 (size: 37.4 KiB, free: 434.4 MiB)
[2023-06-15T09:25:30.298+0000] {spark_submit.py:490} INFO - 23/06/15 09:25:30 INFO TaskSetManager: Finished task 0.0 in stage 9.0 (TID 17) in 1842 ms on 172.27.0.2 (executor 0) (1/1)
[2023-06-15T09:25:30.299+0000] {spark_submit.py:490} INFO - 23/06/15 09:25:30 INFO TaskSchedulerImpl: Removed TaskSet 9.0, whose tasks have all completed, from pool
[2023-06-15T09:25:30.299+0000] {spark_submit.py:490} INFO - 23/06/15 09:25:30 INFO DAGScheduler: ResultStage 9 (load at NativeMethodAccessorImpl.java:0) finished in 1.864 s
[2023-06-15T09:25:30.300+0000] {spark_submit.py:490} INFO - 23/06/15 09:25:30 INFO DAGScheduler: Job 9 is finished. Cancelling potential speculative or zombie tasks for this job
[2023-06-15T09:25:30.300+0000] {spark_submit.py:490} INFO - 23/06/15 09:25:30 INFO TaskSchedulerImpl: Killing all running tasks in stage 9: Stage finished
[2023-06-15T09:25:30.301+0000] {spark_submit.py:490} INFO - 23/06/15 09:25:30 INFO DAGScheduler: Job 9 finished: load at NativeMethodAccessorImpl.java:0, took 1.867225 s
[2023-06-15T09:25:30.373+0000] {spark_submit.py:490} INFO - 23/06/15 09:25:30 INFO FileSourceStrategy: Pushed Filters:
[2023-06-15T09:25:30.374+0000] {spark_submit.py:490} INFO - 23/06/15 09:25:30 INFO FileSourceStrategy: Post-Scan Filters:
[2023-06-15T09:25:30.430+0000] {spark_submit.py:490} INFO - 23/06/15 09:25:30 INFO CodeGenerator: Code generated in 24.333957 ms
[2023-06-15T09:25:30.449+0000] {spark_submit.py:490} INFO - 23/06/15 09:25:30 INFO MemoryStore: Block broadcast_10 stored as values in memory (estimated size 202.4 KiB, free 434.1 MiB)
[2023-06-15T09:25:30.457+0000] {spark_submit.py:490} INFO - 23/06/15 09:25:30 INFO MemoryStore: Block broadcast_10_piece0 stored as bytes in memory (estimated size 35.1 KiB, free 434.0 MiB)
[2023-06-15T09:25:30.457+0000] {spark_submit.py:490} INFO - 23/06/15 09:25:30 INFO BlockManagerInfo: Added broadcast_10_piece0 in memory on 69b643fc97df:43133 (size: 35.1 KiB, free: 434.3 MiB)
[2023-06-15T09:25:30.458+0000] {spark_submit.py:490} INFO - 23/06/15 09:25:30 INFO SparkContext: Created broadcast 10 from showString at NativeMethodAccessorImpl.java:0
[2023-06-15T09:25:30.473+0000] {spark_submit.py:490} INFO - 23/06/15 09:25:30 INFO FileSourceScanExec: Planning scan with bin packing, max size: 4194304 bytes, open cost is considered as scanning 4194304 bytes.
[2023-06-15T09:25:30.515+0000] {spark_submit.py:490} INFO - 23/06/15 09:25:30 INFO SparkContext: Starting job: showString at NativeMethodAccessorImpl.java:0
[2023-06-15T09:25:30.516+0000] {spark_submit.py:490} INFO - 23/06/15 09:25:30 INFO DAGScheduler: Got job 10 (showString at NativeMethodAccessorImpl.java:0) with 1 output partitions
[2023-06-15T09:25:30.516+0000] {spark_submit.py:490} INFO - 23/06/15 09:25:30 INFO DAGScheduler: Final stage: ResultStage 10 (showString at NativeMethodAccessorImpl.java:0)
[2023-06-15T09:25:30.516+0000] {spark_submit.py:490} INFO - 23/06/15 09:25:30 INFO DAGScheduler: Parents of final stage: List()
[2023-06-15T09:25:30.516+0000] {spark_submit.py:490} INFO - 23/06/15 09:25:30 INFO DAGScheduler: Missing parents: List()
[2023-06-15T09:25:30.517+0000] {spark_submit.py:490} INFO - 23/06/15 09:25:30 INFO DAGScheduler: Submitting ResultStage 10 (MapPartitionsRDD[110] at showString at NativeMethodAccessorImpl.java:0), which has no missing parents
[2023-06-15T09:25:30.534+0000] {spark_submit.py:490} INFO - 23/06/15 09:25:30 INFO MemoryStore: Block broadcast_11 stored as values in memory (estimated size 16.1 KiB, free 434.0 MiB)
[2023-06-15T09:25:30.535+0000] {spark_submit.py:490} INFO - 23/06/15 09:25:30 INFO MemoryStore: Block broadcast_11_piece0 stored as bytes in memory (estimated size 6.3 KiB, free 434.0 MiB)
[2023-06-15T09:25:30.536+0000] {spark_submit.py:490} INFO - 23/06/15 09:25:30 INFO BlockManagerInfo: Added broadcast_11_piece0 in memory on 69b643fc97df:43133 (size: 6.3 KiB, free: 434.3 MiB)
[2023-06-15T09:25:30.536+0000] {spark_submit.py:490} INFO - 23/06/15 09:25:30 INFO SparkContext: Created broadcast 11 from broadcast at DAGScheduler.scala:1535
[2023-06-15T09:25:30.536+0000] {spark_submit.py:490} INFO - 23/06/15 09:25:30 INFO DAGScheduler: Submitting 1 missing tasks from ResultStage 10 (MapPartitionsRDD[110] at showString at NativeMethodAccessorImpl.java:0) (first 15 tasks are for partitions Vector(0))
[2023-06-15T09:25:30.537+0000] {spark_submit.py:490} INFO - 23/06/15 09:25:30 INFO TaskSchedulerImpl: Adding task set 10.0 with 1 tasks resource profile 0
[2023-06-15T09:25:30.540+0000] {spark_submit.py:490} INFO - 23/06/15 09:25:30 INFO TaskSetManager: Starting task 0.0 in stage 10.0 (TID 18) (172.27.0.2, executor 0, partition 0, PROCESS_LOCAL, 7996 bytes)
[2023-06-15T09:25:30.560+0000] {spark_submit.py:490} INFO - 23/06/15 09:25:30 INFO BlockManagerInfo: Added broadcast_11_piece0 in memory on 172.27.0.2:43763 (size: 6.3 KiB, free: 434.4 MiB)
[2023-06-15T09:25:30.676+0000] {spark_submit.py:490} INFO - 23/06/15 09:25:30 INFO BlockManagerInfo: Added broadcast_10_piece0 in memory on 172.27.0.2:43763 (size: 35.1 KiB, free: 434.3 MiB)
[2023-06-15T09:25:34.988+0000] {spark_submit.py:490} INFO - 23/06/15 09:25:34 INFO TaskSetManager: Finished task 0.0 in stage 10.0 (TID 18) in 4450 ms on 172.27.0.2 (executor 0) (1/1)
[2023-06-15T09:25:34.988+0000] {spark_submit.py:490} INFO - 23/06/15 09:25:34 INFO TaskSchedulerImpl: Removed TaskSet 10.0, whose tasks have all completed, from pool
[2023-06-15T09:25:34.989+0000] {spark_submit.py:490} INFO - 23/06/15 09:25:34 INFO DAGScheduler: ResultStage 10 (showString at NativeMethodAccessorImpl.java:0) finished in 4.468 s
[2023-06-15T09:25:34.989+0000] {spark_submit.py:490} INFO - 23/06/15 09:25:34 INFO DAGScheduler: Job 10 is finished. Cancelling potential speculative or zombie tasks for this job
[2023-06-15T09:25:34.989+0000] {spark_submit.py:490} INFO - 23/06/15 09:25:34 INFO TaskSchedulerImpl: Killing all running tasks in stage 10: Stage finished
[2023-06-15T09:25:34.989+0000] {spark_submit.py:490} INFO - 23/06/15 09:25:34 INFO DAGScheduler: Job 10 finished: showString at NativeMethodAccessorImpl.java:0, took 4.474227 s
[2023-06-15T09:25:35.044+0000] {spark_submit.py:490} INFO - 23/06/15 09:25:35 INFO CodeGenerator: Code generated in 30.092161 ms
[2023-06-15T09:25:35.066+0000] {spark_submit.py:490} INFO - +-------------------+------+----------+----------+----------+----------+--------+
[2023-06-15T09:25:35.066+0000] {spark_submit.py:490} INFO - |           datetime|symbol|      open|      high|       low|     close|  volume|
[2023-06-15T09:25:35.067+0000] {spark_submit.py:490} INFO - +-------------------+------+----------+----------+----------+----------+--------+
[2023-06-15T09:25:35.067+0000] {spark_submit.py:490} INFO - |2021-01-05 15:30:00|  AAPL| 130.83000| 131.42999| 130.75999| 130.95000| 8753681|
[2023-06-15T09:25:35.067+0000] {spark_submit.py:490} INFO - |2021-01-05 14:30:00|  AAPL| 131.12000| 131.40250| 130.82001| 130.83000| 8925435|
[2023-06-15T09:25:35.067+0000] {spark_submit.py:490} INFO - |2021-01-05 13:30:00|  AAPL| 130.04080| 131.25000| 130.03999| 131.11000| 9688295|
[2023-06-15T09:25:35.067+0000] {spark_submit.py:490} INFO - |2021-01-05 12:30:00|  AAPL| 130.14500| 130.34000| 129.85001| 130.04500| 6214402|
[2023-06-15T09:25:35.067+0000] {spark_submit.py:490} INFO - |2021-01-05 11:30:00|  AAPL| 130.38000| 130.67000| 129.84000| 130.14990|10320191|
[2023-06-15T09:25:35.068+0000] {spark_submit.py:490} INFO - |2021-01-05 10:30:00|  AAPL| 131.07339| 131.41930| 129.92999| 130.38000|14752234|
[2023-06-15T09:25:35.068+0000] {spark_submit.py:490} INFO - |2021-01-05 09:30:00|  AAPL| 128.93030| 131.74001| 128.42999| 131.05000|26799730|
[2023-06-15T09:25:35.068+0000] {spark_submit.py:490} INFO - |2021-01-05 15:30:00|  MSFT| 217.08521| 218.39000| 216.98000| 218.00999| 2549095|
[2023-06-15T09:25:35.068+0000] {spark_submit.py:490} INFO - |2021-01-05 14:30:00|  MSFT| 217.56799| 218.07001| 217.05000| 217.07001| 2015674|
[2023-06-15T09:25:35.068+0000] {spark_submit.py:490} INFO - |2021-01-05 13:30:00|  MSFT| 216.14999| 217.70000| 216.12000| 217.54250| 1809330|
[2023-06-15T09:25:35.068+0000] {spark_submit.py:490} INFO - |2021-01-05 12:30:00|  MSFT| 216.38000| 216.63000| 216.09000| 216.14999| 1497568|
[2023-06-15T09:25:35.069+0000] {spark_submit.py:490} INFO - |2021-01-05 11:30:00|  MSFT| 216.64999| 217.74001| 216.32001| 216.37000| 2153631|
[2023-06-15T09:25:35.069+0000] {spark_submit.py:490} INFO - |2021-01-05 10:30:00|  MSFT| 216.96001| 217.48000| 215.98000| 216.67500| 2661419|
[2023-06-15T09:25:35.069+0000] {spark_submit.py:490} INFO - |2021-01-05 09:30:00|  MSFT| 217.25999| 218.52000| 215.72000| 216.95000| 5249871|
[2023-06-15T09:25:35.069+0000] {spark_submit.py:490} INFO - |2021-01-05 15:30:00|  GOOG|1735.50000|1743.04004|1734.83997|1740.92004|  123350|
[2023-06-15T09:25:35.069+0000] {spark_submit.py:490} INFO - |2021-01-05 14:30:00|  GOOG|1743.34998|1743.94995|1735.49500|1735.49500|  104346|
[2023-06-15T09:25:35.069+0000] {spark_submit.py:490} INFO - |2021-01-05 13:30:00|  GOOG|1735.59998|1742.72998|1735.59998|1741.83997|   77541|
[2023-06-15T09:25:35.069+0000] {spark_submit.py:490} INFO - |2021-01-05 12:30:00|  GOOG|1730.53003|1736.43506|1730.53003|1734.82996|   58210|
[2023-06-15T09:25:35.069+0000] {spark_submit.py:490} INFO - |2021-01-05 11:30:00|  GOOG|1735.84900|1738.03003|1729.86499|1729.95496|   82691|
[2023-06-15T09:25:35.069+0000] {spark_submit.py:490} INFO - |2021-01-05 10:30:00|  GOOG|1737.48999|1738.96997|1730.37000|1736.88000|  105171|
[2023-06-15T09:25:35.070+0000] {spark_submit.py:490} INFO - +-------------------+------+----------+----------+----------+----------+--------+
[2023-06-15T09:25:35.070+0000] {spark_submit.py:490} INFO - only showing top 20 rows
[2023-06-15T09:25:35.070+0000] {spark_submit.py:490} INFO - 
[2023-06-15T09:25:35.249+0000] {spark_submit.py:490} INFO - 23/06/15 09:25:35 INFO SparkContext: Invoking stop() from shutdown hook
[2023-06-15T09:25:35.250+0000] {spark_submit.py:490} INFO - 23/06/15 09:25:35 INFO SparkContext: SparkContext is stopping with exitCode 0.
[2023-06-15T09:25:35.276+0000] {spark_submit.py:490} INFO - 23/06/15 09:25:35 INFO SparkUI: Stopped Spark web UI at http://69b643fc97df:4040
[2023-06-15T09:25:35.289+0000] {spark_submit.py:490} INFO - 23/06/15 09:25:35 INFO StandaloneSchedulerBackend: Shutting down all executors
[2023-06-15T09:25:35.290+0000] {spark_submit.py:490} INFO - 23/06/15 09:25:35 INFO StandaloneSchedulerBackend$StandaloneDriverEndpoint: Asking each executor to shut down
[2023-06-15T09:25:35.355+0000] {spark_submit.py:490} INFO - 23/06/15 09:25:35 INFO MapOutputTrackerMasterEndpoint: MapOutputTrackerMasterEndpoint stopped!
[2023-06-15T09:25:35.416+0000] {spark_submit.py:490} INFO - 23/06/15 09:25:35 INFO MemoryStore: MemoryStore cleared
[2023-06-15T09:25:35.417+0000] {spark_submit.py:490} INFO - 23/06/15 09:25:35 INFO BlockManager: BlockManager stopped
[2023-06-15T09:25:35.428+0000] {spark_submit.py:490} INFO - 23/06/15 09:25:35 INFO BlockManagerMaster: BlockManagerMaster stopped
[2023-06-15T09:25:35.434+0000] {spark_submit.py:490} INFO - 23/06/15 09:25:35 INFO OutputCommitCoordinator$OutputCommitCoordinatorEndpoint: OutputCommitCoordinator stopped!
[2023-06-15T09:25:35.442+0000] {spark_submit.py:490} INFO - 23/06/15 09:25:35 INFO SparkContext: Successfully stopped SparkContext
[2023-06-15T09:25:35.443+0000] {spark_submit.py:490} INFO - 23/06/15 09:25:35 INFO ShutdownHookManager: Shutdown hook called
[2023-06-15T09:25:35.443+0000] {spark_submit.py:490} INFO - 23/06/15 09:25:35 INFO ShutdownHookManager: Deleting directory /tmp/spark-3778a391-980c-491a-9977-08c23bb4179d/pyspark-f6277e1f-9ecf-4bd5-bb43-abcf7785f535
[2023-06-15T09:25:35.448+0000] {spark_submit.py:490} INFO - 23/06/15 09:25:35 INFO ShutdownHookManager: Deleting directory /tmp/spark-5ab2b6d9-2a2b-4a03-a102-d25112a6d54c
[2023-06-15T09:25:35.452+0000] {spark_submit.py:490} INFO - 23/06/15 09:25:35 INFO ShutdownHookManager: Deleting directory /tmp/spark-3778a391-980c-491a-9977-08c23bb4179d
[2023-06-15T09:25:35.529+0000] {taskinstance.py:1345} INFO - Marking task as SUCCESS. dag_id=upload_to_gcs, task_id=spark_load_stock_data, execution_date=20210105T000000, start_date=20230615T092426, end_date=20230615T092535
[2023-06-15T09:25:35.577+0000] {local_task_job_runner.py:225} INFO - Task exited with return code 0
[2023-06-15T09:25:35.594+0000] {taskinstance.py:2651} INFO - 0 downstream tasks scheduled from follow-on schedule check
