[2023-06-15T09:53:47.616+0000] {taskinstance.py:1103} INFO - Dependencies all met for dep_context=non-requeueable deps ti=<TaskInstance: upload_to_gcs.spark_load_stock_data backfill__2021-01-31T00:00:00+00:00 [queued]>
[2023-06-15T09:53:47.625+0000] {taskinstance.py:1103} INFO - Dependencies all met for dep_context=requeueable deps ti=<TaskInstance: upload_to_gcs.spark_load_stock_data backfill__2021-01-31T00:00:00+00:00 [queued]>
[2023-06-15T09:53:47.625+0000] {taskinstance.py:1308} INFO - Starting attempt 1 of 2
[2023-06-15T09:53:47.641+0000] {taskinstance.py:1327} INFO - Executing <Task(SparkSubmitOperator): spark_load_stock_data> on 2021-01-31 00:00:00+00:00
[2023-06-15T09:53:47.646+0000] {standard_task_runner.py:57} INFO - Started process 7966 to run task
[2023-06-15T09:53:47.649+0000] {standard_task_runner.py:84} INFO - Running: ['***', 'tasks', 'run', 'upload_to_gcs', 'spark_load_stock_data', 'backfill__2021-01-31T00:00:00+00:00', '--job-id', '417', '--pool', 'default_pool', '--raw', '--subdir', 'DAGS_FOLDER/upload_to_gcs.py', '--cfg-path', '/tmp/tmpt0oh89gz']
[2023-06-15T09:53:47.649+0000] {standard_task_runner.py:85} INFO - Job 417: Subtask spark_load_stock_data
[2023-06-15T09:53:47.690+0000] {task_command.py:410} INFO - Running <TaskInstance: upload_to_gcs.spark_load_stock_data backfill__2021-01-31T00:00:00+00:00 [running]> on host 69b643fc97df
[2023-06-15T09:53:47.790+0000] {taskinstance.py:1545} INFO - Exporting env vars: AIRFLOW_CTX_DAG_OWNER='***' AIRFLOW_CTX_DAG_ID='upload_to_gcs' AIRFLOW_CTX_TASK_ID='spark_load_stock_data' AIRFLOW_CTX_EXECUTION_DATE='2021-01-31T00:00:00+00:00' AIRFLOW_CTX_TRY_NUMBER='1' AIRFLOW_CTX_DAG_RUN_ID='backfill__2021-01-31T00:00:00+00:00'
[2023-06-15T09:53:47.802+0000] {base.py:73} INFO - Using connection ID 'spark_default' for task execution.
[2023-06-15T09:53:47.803+0000] {spark_submit.py:339} INFO - Spark-Submit cmd: spark-submit --master spark://spark:7077 --name arrow-spark --verbose /opt/spark/app/load_data.py 2021-01-31 2efb4e0c80a041b794abaf4369e76869 dtc-de-382609_bucket
[2023-06-15T09:53:47.828+0000] {spark_submit.py:490} INFO - /opt/***/spark/spark-3.4.0-bin-hadoop3/bin/load-spark-env.sh: line 68: ps: command not found
[2023-06-15T09:53:49.833+0000] {spark_submit.py:490} INFO - Using properties file: null
[2023-06-15T09:53:50.025+0000] {spark_submit.py:490} INFO - Parsed arguments:
[2023-06-15T09:53:50.026+0000] {spark_submit.py:490} INFO - master                  spark://spark:7077
[2023-06-15T09:53:50.026+0000] {spark_submit.py:490} INFO - remote                  null
[2023-06-15T09:53:50.026+0000] {spark_submit.py:490} INFO - deployMode              null
[2023-06-15T09:53:50.026+0000] {spark_submit.py:490} INFO - executorMemory          null
[2023-06-15T09:53:50.026+0000] {spark_submit.py:490} INFO - executorCores           null
[2023-06-15T09:53:50.026+0000] {spark_submit.py:490} INFO - totalExecutorCores      null
[2023-06-15T09:53:50.027+0000] {spark_submit.py:490} INFO - propertiesFile          null
[2023-06-15T09:53:50.027+0000] {spark_submit.py:490} INFO - driverMemory            null
[2023-06-15T09:53:50.027+0000] {spark_submit.py:490} INFO - driverCores             null
[2023-06-15T09:53:50.027+0000] {spark_submit.py:490} INFO - driverExtraClassPath    null
[2023-06-15T09:53:50.027+0000] {spark_submit.py:490} INFO - driverExtraLibraryPath  null
[2023-06-15T09:53:50.027+0000] {spark_submit.py:490} INFO - driverExtraJavaOptions  null
[2023-06-15T09:53:50.027+0000] {spark_submit.py:490} INFO - supervise               false
[2023-06-15T09:53:50.028+0000] {spark_submit.py:490} INFO - queue                   null
[2023-06-15T09:53:50.028+0000] {spark_submit.py:490} INFO - numExecutors            null
[2023-06-15T09:53:50.028+0000] {spark_submit.py:490} INFO - files                   null
[2023-06-15T09:53:50.028+0000] {spark_submit.py:490} INFO - pyFiles                 null
[2023-06-15T09:53:50.028+0000] {spark_submit.py:490} INFO - archives                null
[2023-06-15T09:53:50.028+0000] {spark_submit.py:490} INFO - mainClass               null
[2023-06-15T09:53:50.028+0000] {spark_submit.py:490} INFO - primaryResource         file:/opt/spark/app/load_data.py
[2023-06-15T09:53:50.028+0000] {spark_submit.py:490} INFO - name                    arrow-spark
[2023-06-15T09:53:50.029+0000] {spark_submit.py:490} INFO - childArgs               [2021-01-31 2efb4e0c80a041b794abaf4369e76869 dtc-de-382609_bucket]
[2023-06-15T09:53:50.029+0000] {spark_submit.py:490} INFO - jars                    null
[2023-06-15T09:53:50.029+0000] {spark_submit.py:490} INFO - packages                null
[2023-06-15T09:53:50.029+0000] {spark_submit.py:490} INFO - packagesExclusions      null
[2023-06-15T09:53:50.029+0000] {spark_submit.py:490} INFO - repositories            null
[2023-06-15T09:53:50.029+0000] {spark_submit.py:490} INFO - verbose                 true
[2023-06-15T09:53:50.029+0000] {spark_submit.py:490} INFO - 
[2023-06-15T09:53:50.029+0000] {spark_submit.py:490} INFO - Spark properties used, including those specified through
[2023-06-15T09:53:50.030+0000] {spark_submit.py:490} INFO - --conf and those from the properties file null:
[2023-06-15T09:53:50.030+0000] {spark_submit.py:490} INFO - 
[2023-06-15T09:53:50.030+0000] {spark_submit.py:490} INFO - 
[2023-06-15T09:53:50.030+0000] {spark_submit.py:490} INFO - 
[2023-06-15T09:53:50.377+0000] {spark_submit.py:490} INFO - Main class:
[2023-06-15T09:53:50.377+0000] {spark_submit.py:490} INFO - org.apache.spark.deploy.PythonRunner
[2023-06-15T09:53:50.377+0000] {spark_submit.py:490} INFO - Arguments:
[2023-06-15T09:53:50.377+0000] {spark_submit.py:490} INFO - file:/opt/spark/app/load_data.py
[2023-06-15T09:53:50.377+0000] {spark_submit.py:490} INFO - null
[2023-06-15T09:53:50.377+0000] {spark_submit.py:490} INFO - 2021-01-31
[2023-06-15T09:53:50.377+0000] {spark_submit.py:490} INFO - 2efb4e0c80a041b794abaf4369e76869
[2023-06-15T09:53:50.378+0000] {spark_submit.py:490} INFO - dtc-de-382609_bucket
[2023-06-15T09:53:50.380+0000] {spark_submit.py:490} INFO - Spark config:
[2023-06-15T09:53:50.381+0000] {spark_submit.py:490} INFO - (spark.app.name,arrow-spark)
[2023-06-15T09:53:50.381+0000] {spark_submit.py:490} INFO - (spark.app.submitTime,1686822830356)
[2023-06-15T09:53:50.381+0000] {spark_submit.py:490} INFO - (spark.master,spark://spark:7077)
[2023-06-15T09:53:50.381+0000] {spark_submit.py:490} INFO - (spark.submit.deployMode,client)
[2023-06-15T09:53:50.381+0000] {spark_submit.py:490} INFO - (spark.submit.pyFiles,)
[2023-06-15T09:53:50.381+0000] {spark_submit.py:490} INFO - Classpath elements:
[2023-06-15T09:53:50.381+0000] {spark_submit.py:490} INFO - 
[2023-06-15T09:53:50.382+0000] {spark_submit.py:490} INFO - 
[2023-06-15T09:53:50.382+0000] {spark_submit.py:490} INFO - 
[2023-06-15T09:53:51.938+0000] {spark_submit.py:490} INFO - 23/06/15 09:53:51 INFO SparkContext: Running Spark version 3.4.0
[2023-06-15T09:53:52.008+0000] {spark_submit.py:490} INFO - 23/06/15 09:53:52 WARN NativeCodeLoader: Unable to load native-hadoop library for your platform... using builtin-java classes where applicable
[2023-06-15T09:53:52.197+0000] {spark_submit.py:490} INFO - 23/06/15 09:53:52 INFO ResourceUtils: ==============================================================
[2023-06-15T09:53:52.199+0000] {spark_submit.py:490} INFO - 23/06/15 09:53:52 INFO ResourceUtils: No custom resources configured for spark.driver.
[2023-06-15T09:53:52.200+0000] {spark_submit.py:490} INFO - 23/06/15 09:53:52 INFO ResourceUtils: ==============================================================
[2023-06-15T09:53:52.201+0000] {spark_submit.py:490} INFO - 23/06/15 09:53:52 INFO SparkContext: Submitted application: SparkUploadData
[2023-06-15T09:53:52.251+0000] {spark_submit.py:490} INFO - 23/06/15 09:53:52 INFO ResourceProfile: Default ResourceProfile created, executor resources: Map(memory -> name: memory, amount: 1024, script: , vendor: , offHeap -> name: offHeap, amount: 0, script: , vendor: ), task resources: Map(cpus -> name: cpus, amount: 1.0)
[2023-06-15T09:53:52.281+0000] {spark_submit.py:490} INFO - 23/06/15 09:53:52 INFO ResourceProfile: Limiting resource is cpu
[2023-06-15T09:53:52.283+0000] {spark_submit.py:490} INFO - 23/06/15 09:53:52 INFO ResourceProfileManager: Added ResourceProfile id: 0
[2023-06-15T09:53:52.405+0000] {spark_submit.py:490} INFO - 23/06/15 09:53:52 INFO SecurityManager: Changing view acls to: default
[2023-06-15T09:53:52.406+0000] {spark_submit.py:490} INFO - 23/06/15 09:53:52 INFO SecurityManager: Changing modify acls to: default
[2023-06-15T09:53:52.407+0000] {spark_submit.py:490} INFO - 23/06/15 09:53:52 INFO SecurityManager: Changing view acls groups to:
[2023-06-15T09:53:52.408+0000] {spark_submit.py:490} INFO - 23/06/15 09:53:52 INFO SecurityManager: Changing modify acls groups to:
[2023-06-15T09:53:52.408+0000] {spark_submit.py:490} INFO - 23/06/15 09:53:52 INFO SecurityManager: SecurityManager: authentication disabled; ui acls disabled; users with view permissions: default; groups with view permissions: EMPTY; users with modify permissions: default; groups with modify permissions: EMPTY
[2023-06-15T09:53:52.882+0000] {spark_submit.py:490} INFO - 23/06/15 09:53:52 INFO Utils: Successfully started service 'sparkDriver' on port 43259.
[2023-06-15T09:53:52.949+0000] {spark_submit.py:490} INFO - 23/06/15 09:53:52 INFO SparkEnv: Registering MapOutputTracker
[2023-06-15T09:53:53.007+0000] {spark_submit.py:490} INFO - 23/06/15 09:53:53 INFO SparkEnv: Registering BlockManagerMaster
[2023-06-15T09:53:53.040+0000] {spark_submit.py:490} INFO - 23/06/15 09:53:53 INFO BlockManagerMasterEndpoint: Using org.apache.spark.storage.DefaultTopologyMapper for getting topology information
[2023-06-15T09:53:53.041+0000] {spark_submit.py:490} INFO - 23/06/15 09:53:53 INFO BlockManagerMasterEndpoint: BlockManagerMasterEndpoint up
[2023-06-15T09:53:53.046+0000] {spark_submit.py:490} INFO - 23/06/15 09:53:53 INFO SparkEnv: Registering BlockManagerMasterHeartbeat
[2023-06-15T09:53:53.077+0000] {spark_submit.py:490} INFO - 23/06/15 09:53:53 INFO DiskBlockManager: Created local directory at /tmp/blockmgr-9b1f794a-82d0-45a8-9ec6-0c43e57f0b35
[2023-06-15T09:53:53.103+0000] {spark_submit.py:490} INFO - 23/06/15 09:53:53 INFO MemoryStore: MemoryStore started with capacity 434.4 MiB
[2023-06-15T09:53:53.170+0000] {spark_submit.py:490} INFO - 23/06/15 09:53:53 INFO SparkEnv: Registering OutputCommitCoordinator
[2023-06-15T09:53:54.253+0000] {spark_submit.py:490} INFO - 23/06/15 09:53:54 INFO JettyUtils: Start Jetty 0.0.0.0:4040 for SparkUI
[2023-06-15T09:53:54.327+0000] {spark_submit.py:490} INFO - 23/06/15 09:53:54 INFO Utils: Successfully started service 'SparkUI' on port 4040.
[2023-06-15T09:53:54.491+0000] {spark_submit.py:490} INFO - 23/06/15 09:53:54 INFO StandaloneAppClient$ClientEndpoint: Connecting to master spark://spark:7077...
[2023-06-15T09:53:54.536+0000] {spark_submit.py:490} INFO - 23/06/15 09:53:54 INFO TransportClientFactory: Successfully created connection to spark/172.27.0.3:7077 after 26 ms (0 ms spent in bootstraps)
[2023-06-15T09:53:54.616+0000] {spark_submit.py:490} INFO - 23/06/15 09:53:54 INFO StandaloneSchedulerBackend: Connected to Spark cluster with app ID app-20230615095354-0030
[2023-06-15T09:53:54.618+0000] {spark_submit.py:490} INFO - 23/06/15 09:53:54 INFO StandaloneAppClient$ClientEndpoint: Executor added: app-20230615095354-0030/0 on worker-20230615091312-172.27.0.2-45907 (172.27.0.2:45907) with 2 core(s)
[2023-06-15T09:53:54.621+0000] {spark_submit.py:490} INFO - 23/06/15 09:53:54 INFO StandaloneSchedulerBackend: Granted executor ID app-20230615095354-0030/0 on hostPort 172.27.0.2:45907 with 2 core(s), 1024.0 MiB RAM
[2023-06-15T09:53:54.625+0000] {spark_submit.py:490} INFO - 23/06/15 09:53:54 INFO Utils: Successfully started service 'org.apache.spark.network.netty.NettyBlockTransferService' on port 46297.
[2023-06-15T09:53:54.625+0000] {spark_submit.py:490} INFO - 23/06/15 09:53:54 INFO NettyBlockTransferService: Server created on 69b643fc97df:46297
[2023-06-15T09:53:54.626+0000] {spark_submit.py:490} INFO - 23/06/15 09:53:54 INFO BlockManager: Using org.apache.spark.storage.RandomBlockReplicationPolicy for block replication policy
[2023-06-15T09:53:54.638+0000] {spark_submit.py:490} INFO - 23/06/15 09:53:54 INFO BlockManagerMaster: Registering BlockManager BlockManagerId(driver, 69b643fc97df, 46297, None)
[2023-06-15T09:53:54.646+0000] {spark_submit.py:490} INFO - 23/06/15 09:53:54 INFO BlockManagerMasterEndpoint: Registering block manager 69b643fc97df:46297 with 434.4 MiB RAM, BlockManagerId(driver, 69b643fc97df, 46297, None)
[2023-06-15T09:53:54.647+0000] {spark_submit.py:490} INFO - 23/06/15 09:53:54 INFO BlockManagerMaster: Registered BlockManager BlockManagerId(driver, 69b643fc97df, 46297, None)
[2023-06-15T09:53:54.651+0000] {spark_submit.py:490} INFO - 23/06/15 09:53:54 INFO BlockManager: Initialized BlockManager: BlockManagerId(driver, 69b643fc97df, 46297, None)
[2023-06-15T09:53:54.654+0000] {spark_submit.py:490} INFO - 23/06/15 09:53:54 INFO StandaloneAppClient$ClientEndpoint: Executor updated: app-20230615095354-0030/0 is now RUNNING
[2023-06-15T09:53:54.916+0000] {spark_submit.py:490} INFO - 23/06/15 09:53:54 INFO StandaloneSchedulerBackend: SchedulerBackend is ready for scheduling beginning after reached minRegisteredResourcesRatio: 0.0
[2023-06-15T09:53:58.228+0000] {spark_submit.py:490} INFO - 23/06/15 09:53:58 INFO SharedState: Setting hive.metastore.warehouse.dir ('null') to the value of spark.sql.warehouse.dir.
[2023-06-15T09:53:58.243+0000] {spark_submit.py:490} INFO - 23/06/15 09:53:58 INFO SharedState: Warehouse path is 'file:/opt/***/spark-warehouse'.
[2023-06-15T09:54:00.194+0000] {spark_submit.py:490} INFO - 23/06/15 09:54:00 INFO StandaloneSchedulerBackend$StandaloneDriverEndpoint: Registered executor NettyRpcEndpointRef(spark-client://Executor) (172.27.0.2:49494) with ID 0,  ResourceProfileId 0
[2023-06-15T09:54:00.336+0000] {spark_submit.py:490} INFO - 23/06/15 09:54:00 INFO BlockManagerMasterEndpoint: Registering block manager 172.27.0.2:33273 with 434.4 MiB RAM, BlockManagerId(0, 172.27.0.2, 33273, None)
[2023-06-15T09:54:03.276+0000] {spark_submit.py:490} INFO - {'code': 400, 'message': 'No data is available on the specified dates. Try setting different start/end dates.', 'status': 'error', 'meta': {'symbol': 'AAPL', 'interval': '1h', 'exchange': ''}}
[2023-06-15T09:54:03.283+0000] {spark_submit.py:490} INFO - ERROR:root:Something error
[2023-06-15T09:54:03.392+0000] {spark_submit.py:490} INFO - 23/06/15 09:54:03 INFO SparkContext: Invoking stop() from shutdown hook
[2023-06-15T09:54:03.393+0000] {spark_submit.py:490} INFO - 23/06/15 09:54:03 INFO SparkContext: SparkContext is stopping with exitCode 0.
[2023-06-15T09:54:03.408+0000] {spark_submit.py:490} INFO - 23/06/15 09:54:03 INFO SparkUI: Stopped Spark web UI at http://69b643fc97df:4040
[2023-06-15T09:54:03.415+0000] {spark_submit.py:490} INFO - 23/06/15 09:54:03 INFO StandaloneSchedulerBackend: Shutting down all executors
[2023-06-15T09:54:03.416+0000] {spark_submit.py:490} INFO - 23/06/15 09:54:03 INFO StandaloneSchedulerBackend$StandaloneDriverEndpoint: Asking each executor to shut down
[2023-06-15T09:54:03.449+0000] {spark_submit.py:490} INFO - 23/06/15 09:54:03 INFO MapOutputTrackerMasterEndpoint: MapOutputTrackerMasterEndpoint stopped!
[2023-06-15T09:54:03.465+0000] {spark_submit.py:490} INFO - 23/06/15 09:54:03 INFO MemoryStore: MemoryStore cleared
[2023-06-15T09:54:03.466+0000] {spark_submit.py:490} INFO - 23/06/15 09:54:03 INFO BlockManager: BlockManager stopped
[2023-06-15T09:54:03.474+0000] {spark_submit.py:490} INFO - 23/06/15 09:54:03 INFO BlockManagerMaster: BlockManagerMaster stopped
[2023-06-15T09:54:03.477+0000] {spark_submit.py:490} INFO - 23/06/15 09:54:03 INFO OutputCommitCoordinator$OutputCommitCoordinatorEndpoint: OutputCommitCoordinator stopped!
[2023-06-15T09:54:03.484+0000] {spark_submit.py:490} INFO - 23/06/15 09:54:03 INFO SparkContext: Successfully stopped SparkContext
[2023-06-15T09:54:03.484+0000] {spark_submit.py:490} INFO - 23/06/15 09:54:03 INFO ShutdownHookManager: Shutdown hook called
[2023-06-15T09:54:03.485+0000] {spark_submit.py:490} INFO - 23/06/15 09:54:03 INFO ShutdownHookManager: Deleting directory /tmp/spark-17f31bf8-a56f-4951-925d-96989d977d93
[2023-06-15T09:54:03.489+0000] {spark_submit.py:490} INFO - 23/06/15 09:54:03 INFO ShutdownHookManager: Deleting directory /tmp/spark-4093ef62-b2d5-4ad9-8075-2504ceb743c0
[2023-06-15T09:54:03.492+0000] {spark_submit.py:490} INFO - 23/06/15 09:54:03 INFO ShutdownHookManager: Deleting directory /tmp/spark-17f31bf8-a56f-4951-925d-96989d977d93/pyspark-76da5761-cea3-4dbe-848d-c769e0fb5720
[2023-06-15T09:54:03.607+0000] {taskinstance.py:1345} INFO - Marking task as SUCCESS. dag_id=upload_to_gcs, task_id=spark_load_stock_data, execution_date=20210131T000000, start_date=20230615T095347, end_date=20230615T095403
[2023-06-15T09:54:03.646+0000] {local_task_job_runner.py:225} INFO - Task exited with return code 0
[2023-06-15T09:54:03.669+0000] {taskinstance.py:2651} INFO - 0 downstream tasks scheduled from follow-on schedule check
