[2023-06-15T09:21:56.081+0000] {taskinstance.py:1103} INFO - Dependencies all met for dep_context=non-requeueable deps ti=<TaskInstance: upload_to_gcs.spark_load_stock_data backfill__2021-01-02T00:00:00+00:00 [queued]>
[2023-06-15T09:21:56.089+0000] {taskinstance.py:1103} INFO - Dependencies all met for dep_context=requeueable deps ti=<TaskInstance: upload_to_gcs.spark_load_stock_data backfill__2021-01-02T00:00:00+00:00 [queued]>
[2023-06-15T09:21:56.089+0000] {taskinstance.py:1308} INFO - Starting attempt 1 of 2
[2023-06-15T09:21:56.099+0000] {taskinstance.py:1327} INFO - Executing <Task(SparkSubmitOperator): spark_load_stock_data> on 2021-01-02 00:00:00+00:00
[2023-06-15T09:21:56.103+0000] {standard_task_runner.py:57} INFO - Started process 329 to run task
[2023-06-15T09:21:56.105+0000] {standard_task_runner.py:84} INFO - Running: ['***', 'tasks', 'run', 'upload_to_gcs', 'spark_load_stock_data', 'backfill__2021-01-02T00:00:00+00:00', '--job-id', '359', '--pool', 'default_pool', '--raw', '--subdir', 'DAGS_FOLDER/upload_to_gcs.py', '--cfg-path', '/tmp/tmpaoc_2dzb']
[2023-06-15T09:21:56.106+0000] {standard_task_runner.py:85} INFO - Job 359: Subtask spark_load_stock_data
[2023-06-15T09:21:56.140+0000] {task_command.py:410} INFO - Running <TaskInstance: upload_to_gcs.spark_load_stock_data backfill__2021-01-02T00:00:00+00:00 [running]> on host 69b643fc97df
[2023-06-15T09:21:56.208+0000] {taskinstance.py:1545} INFO - Exporting env vars: AIRFLOW_CTX_DAG_OWNER='***' AIRFLOW_CTX_DAG_ID='upload_to_gcs' AIRFLOW_CTX_TASK_ID='spark_load_stock_data' AIRFLOW_CTX_EXECUTION_DATE='2021-01-02T00:00:00+00:00' AIRFLOW_CTX_TRY_NUMBER='1' AIRFLOW_CTX_DAG_RUN_ID='backfill__2021-01-02T00:00:00+00:00'
[2023-06-15T09:21:56.215+0000] {base.py:73} INFO - Using connection ID 'spark_default' for task execution.
[2023-06-15T09:21:56.216+0000] {spark_submit.py:339} INFO - Spark-Submit cmd: spark-submit --master spark://spark:7077 --name arrow-spark --verbose /opt/spark/app/load_data.py 2021-01-02 2efb4e0c80a041b794abaf4369e76869 dtc-de-382609_bucket
[2023-06-15T09:21:56.235+0000] {spark_submit.py:490} INFO - /opt/***/spark/spark-3.4.0-bin-hadoop3/bin/load-spark-env.sh: line 68: ps: command not found
[2023-06-15T09:21:58.386+0000] {spark_submit.py:490} INFO - Using properties file: null
[2023-06-15T09:21:58.539+0000] {spark_submit.py:490} INFO - Parsed arguments:
[2023-06-15T09:21:58.539+0000] {spark_submit.py:490} INFO - master                  spark://spark:7077
[2023-06-15T09:21:58.539+0000] {spark_submit.py:490} INFO - remote                  null
[2023-06-15T09:21:58.539+0000] {spark_submit.py:490} INFO - deployMode              null
[2023-06-15T09:21:58.539+0000] {spark_submit.py:490} INFO - executorMemory          null
[2023-06-15T09:21:58.539+0000] {spark_submit.py:490} INFO - executorCores           null
[2023-06-15T09:21:58.540+0000] {spark_submit.py:490} INFO - totalExecutorCores      null
[2023-06-15T09:21:58.540+0000] {spark_submit.py:490} INFO - propertiesFile          null
[2023-06-15T09:21:58.540+0000] {spark_submit.py:490} INFO - driverMemory            null
[2023-06-15T09:21:58.540+0000] {spark_submit.py:490} INFO - driverCores             null
[2023-06-15T09:21:58.540+0000] {spark_submit.py:490} INFO - driverExtraClassPath    null
[2023-06-15T09:21:58.540+0000] {spark_submit.py:490} INFO - driverExtraLibraryPath  null
[2023-06-15T09:21:58.540+0000] {spark_submit.py:490} INFO - driverExtraJavaOptions  null
[2023-06-15T09:21:58.540+0000] {spark_submit.py:490} INFO - supervise               false
[2023-06-15T09:21:58.540+0000] {spark_submit.py:490} INFO - queue                   null
[2023-06-15T09:21:58.541+0000] {spark_submit.py:490} INFO - numExecutors            null
[2023-06-15T09:21:58.541+0000] {spark_submit.py:490} INFO - files                   null
[2023-06-15T09:21:58.541+0000] {spark_submit.py:490} INFO - pyFiles                 null
[2023-06-15T09:21:58.541+0000] {spark_submit.py:490} INFO - archives                null
[2023-06-15T09:21:58.541+0000] {spark_submit.py:490} INFO - mainClass               null
[2023-06-15T09:21:58.541+0000] {spark_submit.py:490} INFO - primaryResource         file:/opt/spark/app/load_data.py
[2023-06-15T09:21:58.541+0000] {spark_submit.py:490} INFO - name                    arrow-spark
[2023-06-15T09:21:58.541+0000] {spark_submit.py:490} INFO - childArgs               [2021-01-02 2efb4e0c80a041b794abaf4369e76869 dtc-de-382609_bucket]
[2023-06-15T09:21:58.541+0000] {spark_submit.py:490} INFO - jars                    null
[2023-06-15T09:21:58.542+0000] {spark_submit.py:490} INFO - packages                null
[2023-06-15T09:21:58.542+0000] {spark_submit.py:490} INFO - packagesExclusions      null
[2023-06-15T09:21:58.542+0000] {spark_submit.py:490} INFO - repositories            null
[2023-06-15T09:21:58.542+0000] {spark_submit.py:490} INFO - verbose                 true
[2023-06-15T09:21:58.542+0000] {spark_submit.py:490} INFO - 
[2023-06-15T09:21:58.542+0000] {spark_submit.py:490} INFO - Spark properties used, including those specified through
[2023-06-15T09:21:58.542+0000] {spark_submit.py:490} INFO - --conf and those from the properties file null:
[2023-06-15T09:21:58.542+0000] {spark_submit.py:490} INFO - 
[2023-06-15T09:21:58.543+0000] {spark_submit.py:490} INFO - 
[2023-06-15T09:21:58.543+0000] {spark_submit.py:490} INFO - 
[2023-06-15T09:21:58.895+0000] {spark_submit.py:490} INFO - Main class:
[2023-06-15T09:21:58.896+0000] {spark_submit.py:490} INFO - org.apache.spark.deploy.PythonRunner
[2023-06-15T09:21:58.896+0000] {spark_submit.py:490} INFO - Arguments:
[2023-06-15T09:21:58.896+0000] {spark_submit.py:490} INFO - file:/opt/spark/app/load_data.py
[2023-06-15T09:21:58.896+0000] {spark_submit.py:490} INFO - null
[2023-06-15T09:21:58.897+0000] {spark_submit.py:490} INFO - 2021-01-02
[2023-06-15T09:21:58.897+0000] {spark_submit.py:490} INFO - 2efb4e0c80a041b794abaf4369e76869
[2023-06-15T09:21:58.897+0000] {spark_submit.py:490} INFO - dtc-de-382609_bucket
[2023-06-15T09:21:58.901+0000] {spark_submit.py:490} INFO - Spark config:
[2023-06-15T09:21:58.902+0000] {spark_submit.py:490} INFO - (spark.app.name,arrow-spark)
[2023-06-15T09:21:58.902+0000] {spark_submit.py:490} INFO - (spark.app.submitTime,1686820918874)
[2023-06-15T09:21:58.902+0000] {spark_submit.py:490} INFO - (spark.master,spark://spark:7077)
[2023-06-15T09:21:58.902+0000] {spark_submit.py:490} INFO - (spark.submit.deployMode,client)
[2023-06-15T09:21:58.903+0000] {spark_submit.py:490} INFO - (spark.submit.pyFiles,)
[2023-06-15T09:21:58.903+0000] {spark_submit.py:490} INFO - Classpath elements:
[2023-06-15T09:21:58.903+0000] {spark_submit.py:490} INFO - 
[2023-06-15T09:21:58.903+0000] {spark_submit.py:490} INFO - 
[2023-06-15T09:21:58.903+0000] {spark_submit.py:490} INFO - 
[2023-06-15T09:22:00.128+0000] {spark_submit.py:490} INFO - 23/06/15 09:22:00 INFO SparkContext: Running Spark version 3.4.0
[2023-06-15T09:22:00.205+0000] {spark_submit.py:490} INFO - 23/06/15 09:22:00 WARN NativeCodeLoader: Unable to load native-hadoop library for your platform... using builtin-java classes where applicable
[2023-06-15T09:22:00.342+0000] {spark_submit.py:490} INFO - 23/06/15 09:22:00 INFO ResourceUtils: ==============================================================
[2023-06-15T09:22:00.343+0000] {spark_submit.py:490} INFO - 23/06/15 09:22:00 INFO ResourceUtils: No custom resources configured for spark.driver.
[2023-06-15T09:22:00.343+0000] {spark_submit.py:490} INFO - 23/06/15 09:22:00 INFO ResourceUtils: ==============================================================
[2023-06-15T09:22:00.344+0000] {spark_submit.py:490} INFO - 23/06/15 09:22:00 INFO SparkContext: Submitted application: SparkUploadData
[2023-06-15T09:22:00.379+0000] {spark_submit.py:490} INFO - 23/06/15 09:22:00 INFO ResourceProfile: Default ResourceProfile created, executor resources: Map(memory -> name: memory, amount: 1024, script: , vendor: , offHeap -> name: offHeap, amount: 0, script: , vendor: ), task resources: Map(cpus -> name: cpus, amount: 1.0)
[2023-06-15T09:22:00.396+0000] {spark_submit.py:490} INFO - 23/06/15 09:22:00 INFO ResourceProfile: Limiting resource is cpu
[2023-06-15T09:22:00.397+0000] {spark_submit.py:490} INFO - 23/06/15 09:22:00 INFO ResourceProfileManager: Added ResourceProfile id: 0
[2023-06-15T09:22:00.488+0000] {spark_submit.py:490} INFO - 23/06/15 09:22:00 INFO SecurityManager: Changing view acls to: default
[2023-06-15T09:22:00.489+0000] {spark_submit.py:490} INFO - 23/06/15 09:22:00 INFO SecurityManager: Changing modify acls to: default
[2023-06-15T09:22:00.489+0000] {spark_submit.py:490} INFO - 23/06/15 09:22:00 INFO SecurityManager: Changing view acls groups to:
[2023-06-15T09:22:00.490+0000] {spark_submit.py:490} INFO - 23/06/15 09:22:00 INFO SecurityManager: Changing modify acls groups to:
[2023-06-15T09:22:00.490+0000] {spark_submit.py:490} INFO - 23/06/15 09:22:00 INFO SecurityManager: SecurityManager: authentication disabled; ui acls disabled; users with view permissions: default; groups with view permissions: EMPTY; users with modify permissions: default; groups with modify permissions: EMPTY
[2023-06-15T09:22:00.800+0000] {spark_submit.py:490} INFO - 23/06/15 09:22:00 INFO Utils: Successfully started service 'sparkDriver' on port 37667.
[2023-06-15T09:22:00.834+0000] {spark_submit.py:490} INFO - 23/06/15 09:22:00 INFO SparkEnv: Registering MapOutputTracker
[2023-06-15T09:22:00.879+0000] {spark_submit.py:490} INFO - 23/06/15 09:22:00 INFO SparkEnv: Registering BlockManagerMaster
[2023-06-15T09:22:00.906+0000] {spark_submit.py:490} INFO - 23/06/15 09:22:00 INFO BlockManagerMasterEndpoint: Using org.apache.spark.storage.DefaultTopologyMapper for getting topology information
[2023-06-15T09:22:00.907+0000] {spark_submit.py:490} INFO - 23/06/15 09:22:00 INFO BlockManagerMasterEndpoint: BlockManagerMasterEndpoint up
[2023-06-15T09:22:00.911+0000] {spark_submit.py:490} INFO - 23/06/15 09:22:00 INFO SparkEnv: Registering BlockManagerMasterHeartbeat
[2023-06-15T09:22:00.940+0000] {spark_submit.py:490} INFO - 23/06/15 09:22:00 INFO DiskBlockManager: Created local directory at /tmp/blockmgr-bc836142-2358-4090-81d1-b4e53748d7cf
[2023-06-15T09:22:00.961+0000] {spark_submit.py:490} INFO - 23/06/15 09:22:00 INFO MemoryStore: MemoryStore started with capacity 434.4 MiB
[2023-06-15T09:22:00.975+0000] {spark_submit.py:490} INFO - 23/06/15 09:22:00 INFO SparkEnv: Registering OutputCommitCoordinator
[2023-06-15T09:22:01.114+0000] {spark_submit.py:490} INFO - 23/06/15 09:22:01 INFO JettyUtils: Start Jetty 0.0.0.0:4040 for SparkUI
[2023-06-15T09:22:01.179+0000] {spark_submit.py:490} INFO - 23/06/15 09:22:01 INFO Utils: Successfully started service 'SparkUI' on port 4040.
[2023-06-15T09:22:01.281+0000] {spark_submit.py:490} INFO - 23/06/15 09:22:01 INFO StandaloneAppClient$ClientEndpoint: Connecting to master spark://spark:7077...
[2023-06-15T09:22:01.320+0000] {spark_submit.py:490} INFO - 23/06/15 09:22:01 INFO TransportClientFactory: Successfully created connection to spark/172.27.0.3:7077 after 24 ms (0 ms spent in bootstraps)
[2023-06-15T09:22:01.394+0000] {spark_submit.py:490} INFO - 23/06/15 09:22:01 INFO StandaloneSchedulerBackend: Connected to Spark cluster with app ID app-20230615092201-0001
[2023-06-15T09:22:01.396+0000] {spark_submit.py:490} INFO - 23/06/15 09:22:01 INFO StandaloneAppClient$ClientEndpoint: Executor added: app-20230615092201-0001/0 on worker-20230615091312-172.27.0.2-45907 (172.27.0.2:45907) with 2 core(s)
[2023-06-15T09:22:01.398+0000] {spark_submit.py:490} INFO - 23/06/15 09:22:01 INFO StandaloneSchedulerBackend: Granted executor ID app-20230615092201-0001/0 on hostPort 172.27.0.2:45907 with 2 core(s), 1024.0 MiB RAM
[2023-06-15T09:22:01.401+0000] {spark_submit.py:490} INFO - 23/06/15 09:22:01 INFO Utils: Successfully started service 'org.apache.spark.network.netty.NettyBlockTransferService' on port 42069.
[2023-06-15T09:22:01.401+0000] {spark_submit.py:490} INFO - 23/06/15 09:22:01 INFO NettyBlockTransferService: Server created on 69b643fc97df:42069
[2023-06-15T09:22:01.403+0000] {spark_submit.py:490} INFO - 23/06/15 09:22:01 INFO BlockManager: Using org.apache.spark.storage.RandomBlockReplicationPolicy for block replication policy
[2023-06-15T09:22:01.412+0000] {spark_submit.py:490} INFO - 23/06/15 09:22:01 INFO BlockManagerMaster: Registering BlockManager BlockManagerId(driver, 69b643fc97df, 42069, None)
[2023-06-15T09:22:01.417+0000] {spark_submit.py:490} INFO - 23/06/15 09:22:01 INFO BlockManagerMasterEndpoint: Registering block manager 69b643fc97df:42069 with 434.4 MiB RAM, BlockManagerId(driver, 69b643fc97df, 42069, None)
[2023-06-15T09:22:01.420+0000] {spark_submit.py:490} INFO - 23/06/15 09:22:01 INFO BlockManagerMaster: Registered BlockManager BlockManagerId(driver, 69b643fc97df, 42069, None)
[2023-06-15T09:22:01.421+0000] {spark_submit.py:490} INFO - 23/06/15 09:22:01 INFO BlockManager: Initialized BlockManager: BlockManagerId(driver, 69b643fc97df, 42069, None)
[2023-06-15T09:22:01.430+0000] {spark_submit.py:490} INFO - 23/06/15 09:22:01 INFO StandaloneAppClient$ClientEndpoint: Executor updated: app-20230615092201-0001/0 is now RUNNING
[2023-06-15T09:22:01.617+0000] {spark_submit.py:490} INFO - 23/06/15 09:22:01 INFO StandaloneSchedulerBackend: SchedulerBackend is ready for scheduling beginning after reached minRegisteredResourcesRatio: 0.0
[2023-06-15T09:22:03.500+0000] {spark_submit.py:490} INFO - 23/06/15 09:22:03 INFO SharedState: Setting hive.metastore.warehouse.dir ('null') to the value of spark.sql.warehouse.dir.
[2023-06-15T09:22:03.519+0000] {spark_submit.py:490} INFO - 23/06/15 09:22:03 INFO SharedState: Warehouse path is 'file:/opt/***/spark-warehouse'.
[2023-06-15T09:22:05.003+0000] {spark_submit.py:490} INFO - 23/06/15 09:22:05 INFO StandaloneSchedulerBackend$StandaloneDriverEndpoint: Registered executor NettyRpcEndpointRef(spark-client://Executor) (172.27.0.2:45980) with ID 0,  ResourceProfileId 0
[2023-06-15T09:22:05.100+0000] {spark_submit.py:490} INFO - 23/06/15 09:22:05 INFO BlockManagerMasterEndpoint: Registering block manager 172.27.0.2:44157 with 434.4 MiB RAM, BlockManagerId(0, 172.27.0.2, 44157, None)
[2023-06-15T09:22:07.709+0000] {spark_submit.py:490} INFO - {'code': 400, 'message': 'No data is available on the specified dates. Try setting different start/end dates.', 'status': 'error', 'meta': {'symbol': 'AAPL', 'interval': '1h', 'exchange': ''}}
[2023-06-15T09:22:07.719+0000] {spark_submit.py:490} INFO - ERROR:root:Something error
[2023-06-15T09:22:07.818+0000] {spark_submit.py:490} INFO - 23/06/15 09:22:07 INFO SparkContext: Invoking stop() from shutdown hook
[2023-06-15T09:22:07.818+0000] {spark_submit.py:490} INFO - 23/06/15 09:22:07 INFO SparkContext: SparkContext is stopping with exitCode 0.
[2023-06-15T09:22:07.829+0000] {spark_submit.py:490} INFO - 23/06/15 09:22:07 INFO SparkUI: Stopped Spark web UI at http://69b643fc97df:4040
[2023-06-15T09:22:07.835+0000] {spark_submit.py:490} INFO - 23/06/15 09:22:07 INFO StandaloneSchedulerBackend: Shutting down all executors
[2023-06-15T09:22:07.836+0000] {spark_submit.py:490} INFO - 23/06/15 09:22:07 INFO StandaloneSchedulerBackend$StandaloneDriverEndpoint: Asking each executor to shut down
[2023-06-15T09:22:07.873+0000] {spark_submit.py:490} INFO - 23/06/15 09:22:07 INFO MapOutputTrackerMasterEndpoint: MapOutputTrackerMasterEndpoint stopped!
[2023-06-15T09:22:07.893+0000] {spark_submit.py:490} INFO - 23/06/15 09:22:07 INFO MemoryStore: MemoryStore cleared
[2023-06-15T09:22:07.893+0000] {spark_submit.py:490} INFO - 23/06/15 09:22:07 INFO BlockManager: BlockManager stopped
[2023-06-15T09:22:07.901+0000] {spark_submit.py:490} INFO - 23/06/15 09:22:07 INFO BlockManagerMaster: BlockManagerMaster stopped
[2023-06-15T09:22:07.904+0000] {spark_submit.py:490} INFO - 23/06/15 09:22:07 INFO OutputCommitCoordinator$OutputCommitCoordinatorEndpoint: OutputCommitCoordinator stopped!
[2023-06-15T09:22:07.911+0000] {spark_submit.py:490} INFO - 23/06/15 09:22:07 INFO SparkContext: Successfully stopped SparkContext
[2023-06-15T09:22:07.911+0000] {spark_submit.py:490} INFO - 23/06/15 09:22:07 INFO ShutdownHookManager: Shutdown hook called
[2023-06-15T09:22:07.912+0000] {spark_submit.py:490} INFO - 23/06/15 09:22:07 INFO ShutdownHookManager: Deleting directory /tmp/spark-5320976b-819d-4013-ae69-ded33c19d25f
[2023-06-15T09:22:07.915+0000] {spark_submit.py:490} INFO - 23/06/15 09:22:07 INFO ShutdownHookManager: Deleting directory /tmp/spark-5320976b-819d-4013-ae69-ded33c19d25f/pyspark-8328b823-cac1-48eb-93f9-ba38386aecc0
[2023-06-15T09:22:07.918+0000] {spark_submit.py:490} INFO - 23/06/15 09:22:07 INFO ShutdownHookManager: Deleting directory /tmp/spark-846d4fba-59a5-4245-ad52-8de0067cff1d
[2023-06-15T09:22:07.975+0000] {taskinstance.py:1345} INFO - Marking task as SUCCESS. dag_id=upload_to_gcs, task_id=spark_load_stock_data, execution_date=20210102T000000, start_date=20230615T092156, end_date=20230615T092207
[2023-06-15T09:22:08.035+0000] {local_task_job_runner.py:225} INFO - Task exited with return code 0
[2023-06-15T09:22:08.079+0000] {taskinstance.py:2651} INFO - 0 downstream tasks scheduled from follow-on schedule check
