[2023-06-15T09:45:57.178+0000] {taskinstance.py:1103} INFO - Dependencies all met for dep_context=non-requeueable deps ti=<TaskInstance: upload_to_gcs.spark_load_stock_data backfill__2021-01-25T00:00:00+00:00 [queued]>
[2023-06-15T09:45:57.187+0000] {taskinstance.py:1103} INFO - Dependencies all met for dep_context=requeueable deps ti=<TaskInstance: upload_to_gcs.spark_load_stock_data backfill__2021-01-25T00:00:00+00:00 [queued]>
[2023-06-15T09:45:57.187+0000] {taskinstance.py:1308} INFO - Starting attempt 1 of 2
[2023-06-15T09:45:57.202+0000] {taskinstance.py:1327} INFO - Executing <Task(SparkSubmitOperator): spark_load_stock_data> on 2021-01-25 00:00:00+00:00
[2023-06-15T09:45:57.206+0000] {standard_task_runner.py:57} INFO - Started process 6227 to run task
[2023-06-15T09:45:57.209+0000] {standard_task_runner.py:84} INFO - Running: ['***', 'tasks', 'run', 'upload_to_gcs', 'spark_load_stock_data', 'backfill__2021-01-25T00:00:00+00:00', '--job-id', '405', '--pool', 'default_pool', '--raw', '--subdir', 'DAGS_FOLDER/upload_to_gcs.py', '--cfg-path', '/tmp/tmpf54qc18p']
[2023-06-15T09:45:57.209+0000] {standard_task_runner.py:85} INFO - Job 405: Subtask spark_load_stock_data
[2023-06-15T09:45:57.246+0000] {task_command.py:410} INFO - Running <TaskInstance: upload_to_gcs.spark_load_stock_data backfill__2021-01-25T00:00:00+00:00 [running]> on host 69b643fc97df
[2023-06-15T09:45:57.312+0000] {taskinstance.py:1545} INFO - Exporting env vars: AIRFLOW_CTX_DAG_OWNER='***' AIRFLOW_CTX_DAG_ID='upload_to_gcs' AIRFLOW_CTX_TASK_ID='spark_load_stock_data' AIRFLOW_CTX_EXECUTION_DATE='2021-01-25T00:00:00+00:00' AIRFLOW_CTX_TRY_NUMBER='1' AIRFLOW_CTX_DAG_RUN_ID='backfill__2021-01-25T00:00:00+00:00'
[2023-06-15T09:45:57.319+0000] {base.py:73} INFO - Using connection ID 'spark_default' for task execution.
[2023-06-15T09:45:57.320+0000] {spark_submit.py:339} INFO - Spark-Submit cmd: spark-submit --master spark://spark:7077 --name arrow-spark --verbose /opt/spark/app/load_data.py 2021-01-25 2efb4e0c80a041b794abaf4369e76869 dtc-de-382609_bucket
[2023-06-15T09:45:57.337+0000] {spark_submit.py:490} INFO - /opt/***/spark/spark-3.4.0-bin-hadoop3/bin/load-spark-env.sh: line 68: ps: command not found
[2023-06-15T09:45:58.848+0000] {spark_submit.py:490} INFO - Using properties file: null
[2023-06-15T09:45:58.984+0000] {spark_submit.py:490} INFO - Parsed arguments:
[2023-06-15T09:45:58.985+0000] {spark_submit.py:490} INFO - master                  spark://spark:7077
[2023-06-15T09:45:58.985+0000] {spark_submit.py:490} INFO - remote                  null
[2023-06-15T09:45:58.985+0000] {spark_submit.py:490} INFO - deployMode              null
[2023-06-15T09:45:58.985+0000] {spark_submit.py:490} INFO - executorMemory          null
[2023-06-15T09:45:58.985+0000] {spark_submit.py:490} INFO - executorCores           null
[2023-06-15T09:45:58.985+0000] {spark_submit.py:490} INFO - totalExecutorCores      null
[2023-06-15T09:45:58.985+0000] {spark_submit.py:490} INFO - propertiesFile          null
[2023-06-15T09:45:58.985+0000] {spark_submit.py:490} INFO - driverMemory            null
[2023-06-15T09:45:58.985+0000] {spark_submit.py:490} INFO - driverCores             null
[2023-06-15T09:45:58.985+0000] {spark_submit.py:490} INFO - driverExtraClassPath    null
[2023-06-15T09:45:58.985+0000] {spark_submit.py:490} INFO - driverExtraLibraryPath  null
[2023-06-15T09:45:58.985+0000] {spark_submit.py:490} INFO - driverExtraJavaOptions  null
[2023-06-15T09:45:58.985+0000] {spark_submit.py:490} INFO - supervise               false
[2023-06-15T09:45:58.985+0000] {spark_submit.py:490} INFO - queue                   null
[2023-06-15T09:45:58.986+0000] {spark_submit.py:490} INFO - numExecutors            null
[2023-06-15T09:45:58.986+0000] {spark_submit.py:490} INFO - files                   null
[2023-06-15T09:45:58.986+0000] {spark_submit.py:490} INFO - pyFiles                 null
[2023-06-15T09:45:58.986+0000] {spark_submit.py:490} INFO - archives                null
[2023-06-15T09:45:58.986+0000] {spark_submit.py:490} INFO - mainClass               null
[2023-06-15T09:45:58.986+0000] {spark_submit.py:490} INFO - primaryResource         file:/opt/spark/app/load_data.py
[2023-06-15T09:45:58.986+0000] {spark_submit.py:490} INFO - name                    arrow-spark
[2023-06-15T09:45:58.986+0000] {spark_submit.py:490} INFO - childArgs               [2021-01-25 2efb4e0c80a041b794abaf4369e76869 dtc-de-382609_bucket]
[2023-06-15T09:45:58.986+0000] {spark_submit.py:490} INFO - jars                    null
[2023-06-15T09:45:58.986+0000] {spark_submit.py:490} INFO - packages                null
[2023-06-15T09:45:58.986+0000] {spark_submit.py:490} INFO - packagesExclusions      null
[2023-06-15T09:45:58.986+0000] {spark_submit.py:490} INFO - repositories            null
[2023-06-15T09:45:58.986+0000] {spark_submit.py:490} INFO - verbose                 true
[2023-06-15T09:45:58.986+0000] {spark_submit.py:490} INFO - 
[2023-06-15T09:45:58.987+0000] {spark_submit.py:490} INFO - Spark properties used, including those specified through
[2023-06-15T09:45:58.987+0000] {spark_submit.py:490} INFO - --conf and those from the properties file null:
[2023-06-15T09:45:58.987+0000] {spark_submit.py:490} INFO - 
[2023-06-15T09:45:58.987+0000] {spark_submit.py:490} INFO - 
[2023-06-15T09:45:58.987+0000] {spark_submit.py:490} INFO - 
[2023-06-15T09:45:59.269+0000] {spark_submit.py:490} INFO - Main class:
[2023-06-15T09:45:59.269+0000] {spark_submit.py:490} INFO - org.apache.spark.deploy.PythonRunner
[2023-06-15T09:45:59.269+0000] {spark_submit.py:490} INFO - Arguments:
[2023-06-15T09:45:59.270+0000] {spark_submit.py:490} INFO - file:/opt/spark/app/load_data.py
[2023-06-15T09:45:59.270+0000] {spark_submit.py:490} INFO - null
[2023-06-15T09:45:59.270+0000] {spark_submit.py:490} INFO - 2021-01-25
[2023-06-15T09:45:59.270+0000] {spark_submit.py:490} INFO - 2efb4e0c80a041b794abaf4369e76869
[2023-06-15T09:45:59.270+0000] {spark_submit.py:490} INFO - dtc-de-382609_bucket
[2023-06-15T09:45:59.274+0000] {spark_submit.py:490} INFO - Spark config:
[2023-06-15T09:45:59.274+0000] {spark_submit.py:490} INFO - (spark.app.name,arrow-spark)
[2023-06-15T09:45:59.274+0000] {spark_submit.py:490} INFO - (spark.app.submitTime,1686822359250)
[2023-06-15T09:45:59.275+0000] {spark_submit.py:490} INFO - (spark.master,spark://spark:7077)
[2023-06-15T09:45:59.275+0000] {spark_submit.py:490} INFO - (spark.submit.deployMode,client)
[2023-06-15T09:45:59.275+0000] {spark_submit.py:490} INFO - (spark.submit.pyFiles,)
[2023-06-15T09:45:59.275+0000] {spark_submit.py:490} INFO - Classpath elements:
[2023-06-15T09:45:59.275+0000] {spark_submit.py:490} INFO - 
[2023-06-15T09:45:59.275+0000] {spark_submit.py:490} INFO - 
[2023-06-15T09:45:59.275+0000] {spark_submit.py:490} INFO - 
[2023-06-15T09:46:00.515+0000] {spark_submit.py:490} INFO - 23/06/15 09:46:00 INFO SparkContext: Running Spark version 3.4.0
[2023-06-15T09:46:00.586+0000] {spark_submit.py:490} INFO - 23/06/15 09:46:00 WARN NativeCodeLoader: Unable to load native-hadoop library for your platform... using builtin-java classes where applicable
[2023-06-15T09:46:00.749+0000] {spark_submit.py:490} INFO - 23/06/15 09:46:00 INFO ResourceUtils: ==============================================================
[2023-06-15T09:46:00.750+0000] {spark_submit.py:490} INFO - 23/06/15 09:46:00 INFO ResourceUtils: No custom resources configured for spark.driver.
[2023-06-15T09:46:00.751+0000] {spark_submit.py:490} INFO - 23/06/15 09:46:00 INFO ResourceUtils: ==============================================================
[2023-06-15T09:46:00.752+0000] {spark_submit.py:490} INFO - 23/06/15 09:46:00 INFO SparkContext: Submitted application: SparkUploadData
[2023-06-15T09:46:00.805+0000] {spark_submit.py:490} INFO - 23/06/15 09:46:00 INFO ResourceProfile: Default ResourceProfile created, executor resources: Map(memory -> name: memory, amount: 1024, script: , vendor: , offHeap -> name: offHeap, amount: 0, script: , vendor: ), task resources: Map(cpus -> name: cpus, amount: 1.0)
[2023-06-15T09:46:00.826+0000] {spark_submit.py:490} INFO - 23/06/15 09:46:00 INFO ResourceProfile: Limiting resource is cpu
[2023-06-15T09:46:00.828+0000] {spark_submit.py:490} INFO - 23/06/15 09:46:00 INFO ResourceProfileManager: Added ResourceProfile id: 0
[2023-06-15T09:46:00.913+0000] {spark_submit.py:490} INFO - 23/06/15 09:46:00 INFO SecurityManager: Changing view acls to: default
[2023-06-15T09:46:00.914+0000] {spark_submit.py:490} INFO - 23/06/15 09:46:00 INFO SecurityManager: Changing modify acls to: default
[2023-06-15T09:46:00.915+0000] {spark_submit.py:490} INFO - 23/06/15 09:46:00 INFO SecurityManager: Changing view acls groups to:
[2023-06-15T09:46:00.915+0000] {spark_submit.py:490} INFO - 23/06/15 09:46:00 INFO SecurityManager: Changing modify acls groups to:
[2023-06-15T09:46:00.916+0000] {spark_submit.py:490} INFO - 23/06/15 09:46:00 INFO SecurityManager: SecurityManager: authentication disabled; ui acls disabled; users with view permissions: default; groups with view permissions: EMPTY; users with modify permissions: default; groups with modify permissions: EMPTY
[2023-06-15T09:46:01.266+0000] {spark_submit.py:490} INFO - 23/06/15 09:46:01 INFO Utils: Successfully started service 'sparkDriver' on port 36083.
[2023-06-15T09:46:01.305+0000] {spark_submit.py:490} INFO - 23/06/15 09:46:01 INFO SparkEnv: Registering MapOutputTracker
[2023-06-15T09:46:01.350+0000] {spark_submit.py:490} INFO - 23/06/15 09:46:01 INFO SparkEnv: Registering BlockManagerMaster
[2023-06-15T09:46:01.374+0000] {spark_submit.py:490} INFO - 23/06/15 09:46:01 INFO BlockManagerMasterEndpoint: Using org.apache.spark.storage.DefaultTopologyMapper for getting topology information
[2023-06-15T09:46:01.374+0000] {spark_submit.py:490} INFO - 23/06/15 09:46:01 INFO BlockManagerMasterEndpoint: BlockManagerMasterEndpoint up
[2023-06-15T09:46:01.378+0000] {spark_submit.py:490} INFO - 23/06/15 09:46:01 INFO SparkEnv: Registering BlockManagerMasterHeartbeat
[2023-06-15T09:46:01.405+0000] {spark_submit.py:490} INFO - 23/06/15 09:46:01 INFO DiskBlockManager: Created local directory at /tmp/blockmgr-c1fa878a-6fe4-445b-8da4-4a5dc79f0fec
[2023-06-15T09:46:01.427+0000] {spark_submit.py:490} INFO - 23/06/15 09:46:01 INFO MemoryStore: MemoryStore started with capacity 434.4 MiB
[2023-06-15T09:46:01.457+0000] {spark_submit.py:490} INFO - 23/06/15 09:46:01 INFO SparkEnv: Registering OutputCommitCoordinator
[2023-06-15T09:46:01.730+0000] {spark_submit.py:490} INFO - 23/06/15 09:46:01 INFO JettyUtils: Start Jetty 0.0.0.0:4040 for SparkUI
[2023-06-15T09:46:01.861+0000] {spark_submit.py:490} INFO - 23/06/15 09:46:01 INFO Utils: Successfully started service 'SparkUI' on port 4040.
[2023-06-15T09:46:02.061+0000] {spark_submit.py:490} INFO - 23/06/15 09:46:02 INFO StandaloneAppClient$ClientEndpoint: Connecting to master spark://spark:7077...
[2023-06-15T09:46:02.115+0000] {spark_submit.py:490} INFO - 23/06/15 09:46:02 INFO TransportClientFactory: Successfully created connection to spark/172.27.0.3:7077 after 34 ms (0 ms spent in bootstraps)
[2023-06-15T09:46:02.219+0000] {spark_submit.py:490} INFO - 23/06/15 09:46:02 INFO StandaloneSchedulerBackend: Connected to Spark cluster with app ID app-20230615094602-0024
[2023-06-15T09:46:02.222+0000] {spark_submit.py:490} INFO - 23/06/15 09:46:02 INFO StandaloneAppClient$ClientEndpoint: Executor added: app-20230615094602-0024/0 on worker-20230615091312-172.27.0.2-45907 (172.27.0.2:45907) with 2 core(s)
[2023-06-15T09:46:02.226+0000] {spark_submit.py:490} INFO - 23/06/15 09:46:02 INFO StandaloneSchedulerBackend: Granted executor ID app-20230615094602-0024/0 on hostPort 172.27.0.2:45907 with 2 core(s), 1024.0 MiB RAM
[2023-06-15T09:46:02.234+0000] {spark_submit.py:490} INFO - 23/06/15 09:46:02 INFO Utils: Successfully started service 'org.apache.spark.network.netty.NettyBlockTransferService' on port 36481.
[2023-06-15T09:46:02.235+0000] {spark_submit.py:490} INFO - 23/06/15 09:46:02 INFO NettyBlockTransferService: Server created on 69b643fc97df:36481
[2023-06-15T09:46:02.237+0000] {spark_submit.py:490} INFO - 23/06/15 09:46:02 INFO BlockManager: Using org.apache.spark.storage.RandomBlockReplicationPolicy for block replication policy
[2023-06-15T09:46:02.256+0000] {spark_submit.py:490} INFO - 23/06/15 09:46:02 INFO BlockManagerMaster: Registering BlockManager BlockManagerId(driver, 69b643fc97df, 36481, None)
[2023-06-15T09:46:02.268+0000] {spark_submit.py:490} INFO - 23/06/15 09:46:02 INFO BlockManagerMasterEndpoint: Registering block manager 69b643fc97df:36481 with 434.4 MiB RAM, BlockManagerId(driver, 69b643fc97df, 36481, None)
[2023-06-15T09:46:02.271+0000] {spark_submit.py:490} INFO - 23/06/15 09:46:02 INFO BlockManagerMaster: Registered BlockManager BlockManagerId(driver, 69b643fc97df, 36481, None)
[2023-06-15T09:46:02.274+0000] {spark_submit.py:490} INFO - 23/06/15 09:46:02 INFO BlockManager: Initialized BlockManager: BlockManagerId(driver, 69b643fc97df, 36481, None)
[2023-06-15T09:46:02.301+0000] {spark_submit.py:490} INFO - 23/06/15 09:46:02 INFO StandaloneAppClient$ClientEndpoint: Executor updated: app-20230615094602-0024/0 is now RUNNING
[2023-06-15T09:46:02.592+0000] {spark_submit.py:490} INFO - 23/06/15 09:46:02 INFO StandaloneSchedulerBackend: SchedulerBackend is ready for scheduling beginning after reached minRegisteredResourcesRatio: 0.0
[2023-06-15T09:46:04.884+0000] {spark_submit.py:490} INFO - 23/06/15 09:46:04 INFO SharedState: Setting hive.metastore.warehouse.dir ('null') to the value of spark.sql.warehouse.dir.
[2023-06-15T09:46:04.912+0000] {spark_submit.py:490} INFO - 23/06/15 09:46:04 INFO SharedState: Warehouse path is 'file:/opt/***/spark-warehouse'.
[2023-06-15T09:46:06.564+0000] {spark_submit.py:490} INFO - 23/06/15 09:46:06 INFO StandaloneSchedulerBackend$StandaloneDriverEndpoint: Registered executor NettyRpcEndpointRef(spark-client://Executor) (172.27.0.2:42694) with ID 0,  ResourceProfileId 0
[2023-06-15T09:46:06.775+0000] {spark_submit.py:490} INFO - 23/06/15 09:46:06 INFO BlockManagerMasterEndpoint: Registering block manager 172.27.0.2:39151 with 434.4 MiB RAM, BlockManagerId(0, 172.27.0.2, 39151, None)
[2023-06-15T09:46:10.695+0000] {spark_submit.py:490} INFO - {'meta': {'symbol': 'AAPL', 'interval': '1h', 'currency': 'USD', 'exchange_timezone': 'America/New_York', 'exchange': 'NASDAQ', 'mic_code': 'XNGS', 'type': 'Common Stock'}, 'values': [{'datetime': '2021-01-25 15:30:00', 'open': '142.06100', 'high': '143.13000', 'low': '141.99001', 'close': '142.92000', 'volume': '9851226'}, {'datetime': '2021-01-25 14:30:00', 'open': '142.58000', 'high': '143.00000', 'low': '141.75000', 'close': '142.07001', 'volume': '11349187'}, {'datetime': '2021-01-25 13:30:00', 'open': '142.99150', 'high': '143.13420', 'low': '141.78999', 'close': '142.58200', 'volume': '11218503'}, {'datetime': '2021-01-25 12:30:00', 'open': '141.17999', 'high': '143.28999', 'low': '141.05000', 'close': '142.98990', 'volume': '14507062'}, {'datetime': '2021-01-25 11:30:00', 'open': '141.22000', 'high': '142.95000', 'low': '140.91000', 'close': '141.17990', 'volume': '18948571'}, {'datetime': '2021-01-25 10:30:00', 'open': '144.24001', 'high': '144.32001', 'low': '136.53999', 'close': '141.22000', 'volume': '37086653'}, {'datetime': '2021-01-25 09:30:00', 'open': '143.07001', 'high': '145.08000', 'low': '142.93980', 'close': '144.22490', 'volume': '46355204'}], 'status': 'ok'}
[2023-06-15T09:46:12.604+0000] {spark_submit.py:490} INFO - 23/06/15 09:46:12 INFO CodeGenerator: Code generated in 564.289236 ms
[2023-06-15T09:46:12.767+0000] {spark_submit.py:490} INFO - 23/06/15 09:46:12 INFO SparkContext: Starting job: json at NativeMethodAccessorImpl.java:0
[2023-06-15T09:46:12.796+0000] {spark_submit.py:490} INFO - 23/06/15 09:46:12 INFO DAGScheduler: Got job 0 (json at NativeMethodAccessorImpl.java:0) with 2 output partitions
[2023-06-15T09:46:12.801+0000] {spark_submit.py:490} INFO - 23/06/15 09:46:12 INFO DAGScheduler: Final stage: ResultStage 0 (json at NativeMethodAccessorImpl.java:0)
[2023-06-15T09:46:12.802+0000] {spark_submit.py:490} INFO - 23/06/15 09:46:12 INFO DAGScheduler: Parents of final stage: List()
[2023-06-15T09:46:12.805+0000] {spark_submit.py:490} INFO - 23/06/15 09:46:12 INFO DAGScheduler: Missing parents: List()
[2023-06-15T09:46:12.822+0000] {spark_submit.py:490} INFO - 23/06/15 09:46:12 INFO DAGScheduler: Submitting ResultStage 0 (MapPartitionsRDD[11] at json at NativeMethodAccessorImpl.java:0), which has no missing parents
[2023-06-15T09:46:13.026+0000] {spark_submit.py:490} INFO - 23/06/15 09:46:13 INFO MemoryStore: Block broadcast_0 stored as values in memory (estimated size 19.8 KiB, free 434.4 MiB)
[2023-06-15T09:46:13.083+0000] {spark_submit.py:490} INFO - 23/06/15 09:46:13 INFO MemoryStore: Block broadcast_0_piece0 stored as bytes in memory (estimated size 9.7 KiB, free 434.4 MiB)
[2023-06-15T09:46:13.087+0000] {spark_submit.py:490} INFO - 23/06/15 09:46:13 INFO BlockManagerInfo: Added broadcast_0_piece0 in memory on 69b643fc97df:36481 (size: 9.7 KiB, free: 434.4 MiB)
[2023-06-15T09:46:13.094+0000] {spark_submit.py:490} INFO - 23/06/15 09:46:13 INFO SparkContext: Created broadcast 0 from broadcast at DAGScheduler.scala:1535
[2023-06-15T09:46:13.116+0000] {spark_submit.py:490} INFO - 23/06/15 09:46:13 INFO DAGScheduler: Submitting 2 missing tasks from ResultStage 0 (MapPartitionsRDD[11] at json at NativeMethodAccessorImpl.java:0) (first 15 tasks are for partitions Vector(0, 1))
[2023-06-15T09:46:13.118+0000] {spark_submit.py:490} INFO - 23/06/15 09:46:13 INFO TaskSchedulerImpl: Adding task set 0.0 with 2 tasks resource profile 0
[2023-06-15T09:46:13.170+0000] {spark_submit.py:490} INFO - 23/06/15 09:46:13 INFO TaskSetManager: Starting task 0.0 in stage 0.0 (TID 0) (172.27.0.2, executor 0, partition 0, PROCESS_LOCAL, 7347 bytes)
[2023-06-15T09:46:13.176+0000] {spark_submit.py:490} INFO - 23/06/15 09:46:13 INFO TaskSetManager: Starting task 1.0 in stage 0.0 (TID 1) (172.27.0.2, executor 0, partition 1, PROCESS_LOCAL, 8090 bytes)
[2023-06-15T09:46:13.589+0000] {spark_submit.py:490} INFO - 23/06/15 09:46:13 INFO BlockManagerInfo: Added broadcast_0_piece0 in memory on 172.27.0.2:39151 (size: 9.7 KiB, free: 434.4 MiB)
[2023-06-15T09:46:15.899+0000] {spark_submit.py:490} INFO - 23/06/15 09:46:15 INFO TaskSetManager: Finished task 0.0 in stage 0.0 (TID 0) in 2739 ms on 172.27.0.2 (executor 0) (1/2)
[2023-06-15T09:46:15.901+0000] {spark_submit.py:490} INFO - 23/06/15 09:46:15 INFO TaskSetManager: Finished task 1.0 in stage 0.0 (TID 1) in 2726 ms on 172.27.0.2 (executor 0) (2/2)
[2023-06-15T09:46:15.904+0000] {spark_submit.py:490} INFO - 23/06/15 09:46:15 INFO TaskSchedulerImpl: Removed TaskSet 0.0, whose tasks have all completed, from pool
[2023-06-15T09:46:15.910+0000] {spark_submit.py:490} INFO - 23/06/15 09:46:15 INFO PythonAccumulatorV2: Connected to AccumulatorServer at host: 127.0.0.1 port: 54851
[2023-06-15T09:46:15.921+0000] {spark_submit.py:490} INFO - 23/06/15 09:46:15 INFO DAGScheduler: ResultStage 0 (json at NativeMethodAccessorImpl.java:0) finished in 3.065 s
[2023-06-15T09:46:15.931+0000] {spark_submit.py:490} INFO - 23/06/15 09:46:15 INFO DAGScheduler: Job 0 is finished. Cancelling potential speculative or zombie tasks for this job
[2023-06-15T09:46:15.933+0000] {spark_submit.py:490} INFO - 23/06/15 09:46:15 INFO TaskSchedulerImpl: Killing all running tasks in stage 0: Stage finished
[2023-06-15T09:46:15.940+0000] {spark_submit.py:490} INFO - 23/06/15 09:46:15 INFO DAGScheduler: Job 0 finished: json at NativeMethodAccessorImpl.java:0, took 3.170562 s
[2023-06-15T09:46:17.901+0000] {spark_submit.py:490} INFO - {'meta': {'symbol': 'MSFT', 'interval': '1h', 'currency': 'USD', 'exchange_timezone': 'America/New_York', 'exchange': 'NASDAQ', 'mic_code': 'XNGS', 'type': 'Common Stock'}, 'values': [{'datetime': '2021-01-25 15:30:00', 'open': '227.53000', 'high': '229.78000', 'low': '227.28000', 'close': '229.53000', 'volume': '3428325'}, {'datetime': '2021-01-25 14:30:00', 'open': '228.86000', 'high': '229.18790', 'low': '227.41000', 'close': '227.55000', 'volume': '3160850'}, {'datetime': '2021-01-25 13:30:00', 'open': '228.30000', 'high': '229.09000', 'low': '227.92000', 'close': '228.86000', 'volume': '2758710'}, {'datetime': '2021-01-25 12:30:00', 'open': '225.95000', 'high': '228.39999', 'low': '225.61000', 'close': '228.30000', 'volume': '3077913'}, {'datetime': '2021-01-25 11:30:00', 'open': '225.76500', 'high': '227.47000', 'low': '225.28000', 'close': '225.96001', 'volume': '2895065'}, {'datetime': '2021-01-25 10:30:00', 'open': '228.56010', 'high': '229.17000', 'low': '224.22000', 'close': '225.67999', 'volume': '5779727'}, {'datetime': '2021-01-25 09:30:00', 'open': '229.12000', 'high': '229.73000', 'low': '226.98000', 'close': '228.57001', 'volume': '7892374'}], 'status': 'ok'}
[2023-06-15T09:46:18.001+0000] {spark_submit.py:490} INFO - 23/06/15 09:46:18 INFO SparkContext: Starting job: json at NativeMethodAccessorImpl.java:0
[2023-06-15T09:46:18.003+0000] {spark_submit.py:490} INFO - 23/06/15 09:46:18 INFO DAGScheduler: Got job 1 (json at NativeMethodAccessorImpl.java:0) with 2 output partitions
[2023-06-15T09:46:18.003+0000] {spark_submit.py:490} INFO - 23/06/15 09:46:18 INFO DAGScheduler: Final stage: ResultStage 1 (json at NativeMethodAccessorImpl.java:0)
[2023-06-15T09:46:18.003+0000] {spark_submit.py:490} INFO - 23/06/15 09:46:18 INFO DAGScheduler: Parents of final stage: List()
[2023-06-15T09:46:18.004+0000] {spark_submit.py:490} INFO - 23/06/15 09:46:18 INFO DAGScheduler: Missing parents: List()
[2023-06-15T09:46:18.005+0000] {spark_submit.py:490} INFO - 23/06/15 09:46:18 INFO DAGScheduler: Submitting ResultStage 1 (MapPartitionsRDD[22] at json at NativeMethodAccessorImpl.java:0), which has no missing parents
[2023-06-15T09:46:18.010+0000] {spark_submit.py:490} INFO - 23/06/15 09:46:18 INFO MemoryStore: Block broadcast_1 stored as values in memory (estimated size 19.8 KiB, free 434.4 MiB)
[2023-06-15T09:46:18.013+0000] {spark_submit.py:490} INFO - 23/06/15 09:46:18 INFO MemoryStore: Block broadcast_1_piece0 stored as bytes in memory (estimated size 9.7 KiB, free 434.3 MiB)
[2023-06-15T09:46:18.014+0000] {spark_submit.py:490} INFO - 23/06/15 09:46:18 INFO BlockManagerInfo: Added broadcast_1_piece0 in memory on 69b643fc97df:36481 (size: 9.7 KiB, free: 434.4 MiB)
[2023-06-15T09:46:18.015+0000] {spark_submit.py:490} INFO - 23/06/15 09:46:18 INFO SparkContext: Created broadcast 1 from broadcast at DAGScheduler.scala:1535
[2023-06-15T09:46:18.016+0000] {spark_submit.py:490} INFO - 23/06/15 09:46:18 INFO DAGScheduler: Submitting 2 missing tasks from ResultStage 1 (MapPartitionsRDD[22] at json at NativeMethodAccessorImpl.java:0) (first 15 tasks are for partitions Vector(0, 1))
[2023-06-15T09:46:18.016+0000] {spark_submit.py:490} INFO - 23/06/15 09:46:18 INFO TaskSchedulerImpl: Adding task set 1.0 with 2 tasks resource profile 0
[2023-06-15T09:46:18.018+0000] {spark_submit.py:490} INFO - 23/06/15 09:46:18 INFO TaskSetManager: Starting task 0.0 in stage 1.0 (TID 2) (172.27.0.2, executor 0, partition 0, PROCESS_LOCAL, 7347 bytes)
[2023-06-15T09:46:18.018+0000] {spark_submit.py:490} INFO - 23/06/15 09:46:18 INFO TaskSetManager: Starting task 1.0 in stage 1.0 (TID 3) (172.27.0.2, executor 0, partition 1, PROCESS_LOCAL, 8084 bytes)
[2023-06-15T09:46:18.039+0000] {spark_submit.py:490} INFO - 23/06/15 09:46:18 INFO BlockManagerInfo: Added broadcast_1_piece0 in memory on 172.27.0.2:39151 (size: 9.7 KiB, free: 434.4 MiB)
[2023-06-15T09:46:18.116+0000] {spark_submit.py:490} INFO - 23/06/15 09:46:18 INFO TaskSetManager: Finished task 0.0 in stage 1.0 (TID 2) in 98 ms on 172.27.0.2 (executor 0) (1/2)
[2023-06-15T09:46:18.117+0000] {spark_submit.py:490} INFO - 23/06/15 09:46:18 INFO TaskSetManager: Finished task 1.0 in stage 1.0 (TID 3) in 99 ms on 172.27.0.2 (executor 0) (2/2)
[2023-06-15T09:46:18.118+0000] {spark_submit.py:490} INFO - 23/06/15 09:46:18 INFO TaskSchedulerImpl: Removed TaskSet 1.0, whose tasks have all completed, from pool
[2023-06-15T09:46:18.119+0000] {spark_submit.py:490} INFO - 23/06/15 09:46:18 INFO DAGScheduler: ResultStage 1 (json at NativeMethodAccessorImpl.java:0) finished in 0.113 s
[2023-06-15T09:46:18.120+0000] {spark_submit.py:490} INFO - 23/06/15 09:46:18 INFO DAGScheduler: Job 1 is finished. Cancelling potential speculative or zombie tasks for this job
[2023-06-15T09:46:18.120+0000] {spark_submit.py:490} INFO - 23/06/15 09:46:18 INFO TaskSchedulerImpl: Killing all running tasks in stage 1: Stage finished
[2023-06-15T09:46:18.121+0000] {spark_submit.py:490} INFO - 23/06/15 09:46:18 INFO DAGScheduler: Job 1 finished: json at NativeMethodAccessorImpl.java:0, took 0.119297 s
[2023-06-15T09:46:19.712+0000] {spark_submit.py:490} INFO - {'meta': {'symbol': 'GOOG', 'interval': '1h', 'currency': 'USD', 'exchange_timezone': 'America/New_York', 'exchange': 'NASDAQ', 'mic_code': 'XNGS', 'type': 'Common Stock'}, 'values': [{'datetime': '2021-01-25 15:30:00', 'open': '1886.64502', 'high': '1903.29004', 'low': '1885.41003', 'close': '1899.40002', 'volume': '230422'}, {'datetime': '2021-01-25 14:30:00', 'open': '1880.54504', 'high': '1887.80005', 'low': '1877.76001', 'close': '1886.51501', 'volume': '170479'}, {'datetime': '2021-01-25 13:30:00', 'open': '1881.60999', 'high': '1881.60999', 'low': '1870.68994', 'close': '1880.33997', 'volume': '143510'}, {'datetime': '2021-01-25 12:30:00', 'open': '1872.57996', 'high': '1887.43005', 'low': '1872.01001', 'close': '1881.13745', 'volume': '180480'}, {'datetime': '2021-01-25 11:30:00', 'open': '1885.16003', 'high': '1887.44995', 'low': '1871.51001', 'close': '1874.48999', 'volume': '225325'}, {'datetime': '2021-01-25 10:30:00', 'open': '1907.04004', 'high': '1908.40002', 'low': '1867.53003', 'close': '1884.17004', 'volume': '345906'}, {'datetime': '2021-01-25 09:30:00', 'open': '1923.90930', 'high': '1929.57996', 'low': '1905.70996', 'close': '1908.43005', 'volume': '459767'}], 'status': 'ok'}
[2023-06-15T09:46:19.755+0000] {spark_submit.py:490} INFO - 23/06/15 09:46:19 INFO SparkContext: Starting job: json at NativeMethodAccessorImpl.java:0
[2023-06-15T09:46:19.756+0000] {spark_submit.py:490} INFO - 23/06/15 09:46:19 INFO DAGScheduler: Got job 2 (json at NativeMethodAccessorImpl.java:0) with 2 output partitions
[2023-06-15T09:46:19.756+0000] {spark_submit.py:490} INFO - 23/06/15 09:46:19 INFO DAGScheduler: Final stage: ResultStage 2 (json at NativeMethodAccessorImpl.java:0)
[2023-06-15T09:46:19.756+0000] {spark_submit.py:490} INFO - 23/06/15 09:46:19 INFO DAGScheduler: Parents of final stage: List()
[2023-06-15T09:46:19.756+0000] {spark_submit.py:490} INFO - 23/06/15 09:46:19 INFO DAGScheduler: Missing parents: List()
[2023-06-15T09:46:19.757+0000] {spark_submit.py:490} INFO - 23/06/15 09:46:19 INFO DAGScheduler: Submitting ResultStage 2 (MapPartitionsRDD[33] at json at NativeMethodAccessorImpl.java:0), which has no missing parents
[2023-06-15T09:46:19.762+0000] {spark_submit.py:490} INFO - 23/06/15 09:46:19 INFO MemoryStore: Block broadcast_2 stored as values in memory (estimated size 19.8 KiB, free 434.3 MiB)
[2023-06-15T09:46:19.766+0000] {spark_submit.py:490} INFO - 23/06/15 09:46:19 INFO MemoryStore: Block broadcast_2_piece0 stored as bytes in memory (estimated size 9.7 KiB, free 434.3 MiB)
[2023-06-15T09:46:19.766+0000] {spark_submit.py:490} INFO - 23/06/15 09:46:19 INFO BlockManagerInfo: Added broadcast_2_piece0 in memory on 69b643fc97df:36481 (size: 9.7 KiB, free: 434.4 MiB)
[2023-06-15T09:46:19.767+0000] {spark_submit.py:490} INFO - 23/06/15 09:46:19 INFO SparkContext: Created broadcast 2 from broadcast at DAGScheduler.scala:1535
[2023-06-15T09:46:19.768+0000] {spark_submit.py:490} INFO - 23/06/15 09:46:19 INFO DAGScheduler: Submitting 2 missing tasks from ResultStage 2 (MapPartitionsRDD[33] at json at NativeMethodAccessorImpl.java:0) (first 15 tasks are for partitions Vector(0, 1))
[2023-06-15T09:46:19.768+0000] {spark_submit.py:490} INFO - 23/06/15 09:46:19 INFO TaskSchedulerImpl: Adding task set 2.0 with 2 tasks resource profile 0
[2023-06-15T09:46:19.770+0000] {spark_submit.py:490} INFO - 23/06/15 09:46:19 INFO TaskSetManager: Starting task 0.0 in stage 2.0 (TID 4) (172.27.0.2, executor 0, partition 0, PROCESS_LOCAL, 7347 bytes)
[2023-06-15T09:46:19.770+0000] {spark_submit.py:490} INFO - 23/06/15 09:46:19 INFO TaskSetManager: Starting task 1.0 in stage 2.0 (TID 5) (172.27.0.2, executor 0, partition 1, PROCESS_LOCAL, 8105 bytes)
[2023-06-15T09:46:19.788+0000] {spark_submit.py:490} INFO - 23/06/15 09:46:19 INFO BlockManagerInfo: Added broadcast_2_piece0 in memory on 172.27.0.2:39151 (size: 9.7 KiB, free: 434.4 MiB)
[2023-06-15T09:46:19.852+0000] {spark_submit.py:490} INFO - 23/06/15 09:46:19 INFO TaskSetManager: Finished task 0.0 in stage 2.0 (TID 4) in 82 ms on 172.27.0.2 (executor 0) (1/2)
[2023-06-15T09:46:19.853+0000] {spark_submit.py:490} INFO - 23/06/15 09:46:19 INFO TaskSetManager: Finished task 1.0 in stage 2.0 (TID 5) in 83 ms on 172.27.0.2 (executor 0) (2/2)
[2023-06-15T09:46:19.854+0000] {spark_submit.py:490} INFO - 23/06/15 09:46:19 INFO TaskSchedulerImpl: Removed TaskSet 2.0, whose tasks have all completed, from pool
[2023-06-15T09:46:19.855+0000] {spark_submit.py:490} INFO - 23/06/15 09:46:19 INFO DAGScheduler: ResultStage 2 (json at NativeMethodAccessorImpl.java:0) finished in 0.096 s
[2023-06-15T09:46:19.855+0000] {spark_submit.py:490} INFO - 23/06/15 09:46:19 INFO DAGScheduler: Job 2 is finished. Cancelling potential speculative or zombie tasks for this job
[2023-06-15T09:46:19.856+0000] {spark_submit.py:490} INFO - 23/06/15 09:46:19 INFO TaskSchedulerImpl: Killing all running tasks in stage 2: Stage finished
[2023-06-15T09:46:19.856+0000] {spark_submit.py:490} INFO - 23/06/15 09:46:19 INFO DAGScheduler: Job 2 finished: json at NativeMethodAccessorImpl.java:0, took 0.101127 s
[2023-06-15T09:46:21.437+0000] {spark_submit.py:490} INFO - {'meta': {'symbol': 'AMZN', 'interval': '1h', 'currency': 'USD', 'exchange_timezone': 'America/New_York', 'exchange': 'NASDAQ', 'mic_code': 'XNGS', 'type': 'Common Stock'}, 'values': [{'datetime': '2021-01-25 15:30:00', 'open': '3292.62988', 'high': '3301.96509', 'low': '3288.82007', 'close': '3294.00000', 'volume': '280018'}, {'datetime': '2021-01-25 14:30:00', 'open': '3299.72998', 'high': '3304.13989', 'low': '3282.81494', 'close': '3293.29492', 'volume': '236826'}, {'datetime': '2021-01-25 13:30:00', 'open': '3309.00000', 'high': '3310.23999', 'low': '3291.01001', 'close': '3300.03491', 'volume': '220478'}, {'datetime': '2021-01-25 12:30:00', 'open': '3283.96997', 'high': '3315.97998', 'low': '3283.78003', 'close': '3308.28003', 'volume': '334026'}, {'datetime': '2021-01-25 11:30:00', 'open': '3274.17798', 'high': '3298.28003', 'low': '3266.68994', 'close': '3284.37988', 'volume': '384648'}, {'datetime': '2021-01-25 10:30:00', 'open': '3323.01001', 'high': '3325.00000', 'low': '3243.14624', 'close': '3271.45801', 'volume': '878878'}, {'datetime': '2021-01-25 09:30:00', 'open': '3329.16870', 'high': '3363.88989', 'low': '3322.43896', 'close': '3323.98999', 'volume': '1078636'}], 'status': 'ok'}
[2023-06-15T09:46:21.562+0000] {spark_submit.py:490} INFO - 23/06/15 09:46:21 INFO SparkContext: Starting job: json at NativeMethodAccessorImpl.java:0
[2023-06-15T09:46:21.563+0000] {spark_submit.py:490} INFO - 23/06/15 09:46:21 INFO DAGScheduler: Got job 3 (json at NativeMethodAccessorImpl.java:0) with 2 output partitions
[2023-06-15T09:46:21.564+0000] {spark_submit.py:490} INFO - 23/06/15 09:46:21 INFO DAGScheduler: Final stage: ResultStage 3 (json at NativeMethodAccessorImpl.java:0)
[2023-06-15T09:46:21.564+0000] {spark_submit.py:490} INFO - 23/06/15 09:46:21 INFO DAGScheduler: Parents of final stage: List()
[2023-06-15T09:46:21.564+0000] {spark_submit.py:490} INFO - 23/06/15 09:46:21 INFO DAGScheduler: Missing parents: List()
[2023-06-15T09:46:21.565+0000] {spark_submit.py:490} INFO - 23/06/15 09:46:21 INFO DAGScheduler: Submitting ResultStage 3 (MapPartitionsRDD[44] at json at NativeMethodAccessorImpl.java:0), which has no missing parents
[2023-06-15T09:46:21.571+0000] {spark_submit.py:490} INFO - 23/06/15 09:46:21 INFO MemoryStore: Block broadcast_3 stored as values in memory (estimated size 19.8 KiB, free 434.3 MiB)
[2023-06-15T09:46:21.575+0000] {spark_submit.py:490} INFO - 23/06/15 09:46:21 INFO MemoryStore: Block broadcast_3_piece0 stored as bytes in memory (estimated size 9.7 KiB, free 434.3 MiB)
[2023-06-15T09:46:21.576+0000] {spark_submit.py:490} INFO - 23/06/15 09:46:21 INFO BlockManagerInfo: Added broadcast_3_piece0 in memory on 69b643fc97df:36481 (size: 9.7 KiB, free: 434.4 MiB)
[2023-06-15T09:46:21.577+0000] {spark_submit.py:490} INFO - 23/06/15 09:46:21 INFO SparkContext: Created broadcast 3 from broadcast at DAGScheduler.scala:1535
[2023-06-15T09:46:21.578+0000] {spark_submit.py:490} INFO - 23/06/15 09:46:21 INFO DAGScheduler: Submitting 2 missing tasks from ResultStage 3 (MapPartitionsRDD[44] at json at NativeMethodAccessorImpl.java:0) (first 15 tasks are for partitions Vector(0, 1))
[2023-06-15T09:46:21.579+0000] {spark_submit.py:490} INFO - 23/06/15 09:46:21 INFO TaskSchedulerImpl: Adding task set 3.0 with 2 tasks resource profile 0
[2023-06-15T09:46:21.580+0000] {spark_submit.py:490} INFO - 23/06/15 09:46:21 INFO TaskSetManager: Starting task 0.0 in stage 3.0 (TID 6) (172.27.0.2, executor 0, partition 0, PROCESS_LOCAL, 7347 bytes)
[2023-06-15T09:46:21.581+0000] {spark_submit.py:490} INFO - 23/06/15 09:46:21 INFO TaskSetManager: Starting task 1.0 in stage 3.0 (TID 7) (172.27.0.2, executor 0, partition 1, PROCESS_LOCAL, 8106 bytes)
[2023-06-15T09:46:21.618+0000] {spark_submit.py:490} INFO - 23/06/15 09:46:21 INFO BlockManagerInfo: Added broadcast_3_piece0 in memory on 172.27.0.2:39151 (size: 9.7 KiB, free: 434.4 MiB)
[2023-06-15T09:46:21.629+0000] {spark_submit.py:490} INFO - 23/06/15 09:46:21 INFO BlockManagerInfo: Removed broadcast_0_piece0 on 69b643fc97df:36481 in memory (size: 9.7 KiB, free: 434.4 MiB)
[2023-06-15T09:46:21.644+0000] {spark_submit.py:490} INFO - 23/06/15 09:46:21 INFO BlockManagerInfo: Removed broadcast_0_piece0 on 172.27.0.2:39151 in memory (size: 9.7 KiB, free: 434.4 MiB)
[2023-06-15T09:46:21.657+0000] {spark_submit.py:490} INFO - 23/06/15 09:46:21 INFO BlockManagerInfo: Removed broadcast_2_piece0 on 69b643fc97df:36481 in memory (size: 9.7 KiB, free: 434.4 MiB)
[2023-06-15T09:46:21.660+0000] {spark_submit.py:490} INFO - 23/06/15 09:46:21 INFO BlockManagerInfo: Removed broadcast_2_piece0 on 172.27.0.2:39151 in memory (size: 9.7 KiB, free: 434.4 MiB)
[2023-06-15T09:46:21.672+0000] {spark_submit.py:490} INFO - 23/06/15 09:46:21 INFO BlockManagerInfo: Removed broadcast_1_piece0 on 69b643fc97df:36481 in memory (size: 9.7 KiB, free: 434.4 MiB)
[2023-06-15T09:46:21.681+0000] {spark_submit.py:490} INFO - 23/06/15 09:46:21 INFO BlockManagerInfo: Removed broadcast_1_piece0 on 172.27.0.2:39151 in memory (size: 9.7 KiB, free: 434.4 MiB)
[2023-06-15T09:46:21.707+0000] {spark_submit.py:490} INFO - 23/06/15 09:46:21 INFO TaskSetManager: Finished task 0.0 in stage 3.0 (TID 6) in 121 ms on 172.27.0.2 (executor 0) (1/2)
[2023-06-15T09:46:21.708+0000] {spark_submit.py:490} INFO - 23/06/15 09:46:21 INFO TaskSetManager: Finished task 1.0 in stage 3.0 (TID 7) in 123 ms on 172.27.0.2 (executor 0) (2/2)
[2023-06-15T09:46:21.708+0000] {spark_submit.py:490} INFO - 23/06/15 09:46:21 INFO TaskSchedulerImpl: Removed TaskSet 3.0, whose tasks have all completed, from pool
[2023-06-15T09:46:21.719+0000] {spark_submit.py:490} INFO - 23/06/15 09:46:21 INFO DAGScheduler: ResultStage 3 (json at NativeMethodAccessorImpl.java:0) finished in 0.143 s
[2023-06-15T09:46:21.719+0000] {spark_submit.py:490} INFO - 23/06/15 09:46:21 INFO DAGScheduler: Job 3 is finished. Cancelling potential speculative or zombie tasks for this job
[2023-06-15T09:46:21.719+0000] {spark_submit.py:490} INFO - 23/06/15 09:46:21 INFO TaskSchedulerImpl: Killing all running tasks in stage 3: Stage finished
[2023-06-15T09:46:21.720+0000] {spark_submit.py:490} INFO - 23/06/15 09:46:21 INFO DAGScheduler: Job 3 finished: json at NativeMethodAccessorImpl.java:0, took 0.150045 s
[2023-06-15T09:46:23.107+0000] {spark_submit.py:490} INFO - {'meta': {'symbol': 'TSLA', 'interval': '1h', 'currency': 'USD', 'exchange_timezone': 'America/New_York', 'exchange': 'NASDAQ', 'mic_code': 'XNGS', 'type': 'Common Stock'}, 'values': [{'datetime': '2021-01-25 15:30:00', 'open': '868.66998', 'high': '882.79999', 'low': '867.21997', 'close': '880.81000', 'volume': '3035316'}, {'datetime': '2021-01-25 14:30:00', 'open': '871.01300', 'high': '880.00000', 'low': '865.83002', 'close': '868.62000', 'volume': '3843276'}, {'datetime': '2021-01-25 13:30:00', 'open': '868.42999', 'high': '871.53998', 'low': '866.69250', 'close': '871.10870', 'volume': '1835309'}, {'datetime': '2021-01-25 12:30:00', 'open': '862.00000', 'high': '872.00000', 'low': '861.50000', 'close': '868.00000', 'volume': '2724083'}, {'datetime': '2021-01-25 11:30:00', 'open': '864.12238', 'high': '875.33002', 'low': '857.70099', 'close': '862.21442', 'volume': '4479424'}, {'datetime': '2021-01-25 10:30:00', 'open': '885.63959', 'high': '887.59998', 'low': '838.82013', 'close': '863.95001', 'volume': '10187490'}, {'datetime': '2021-01-25 09:30:00', 'open': '854.57001', 'high': '900.39001', 'low': '852.12000', 'close': '885.50500', 'volume': '12504477'}], 'status': 'ok'}
[2023-06-15T09:46:23.210+0000] {spark_submit.py:490} INFO - 23/06/15 09:46:23 INFO SparkContext: Starting job: json at NativeMethodAccessorImpl.java:0
[2023-06-15T09:46:23.212+0000] {spark_submit.py:490} INFO - 23/06/15 09:46:23 INFO DAGScheduler: Got job 4 (json at NativeMethodAccessorImpl.java:0) with 2 output partitions
[2023-06-15T09:46:23.212+0000] {spark_submit.py:490} INFO - 23/06/15 09:46:23 INFO DAGScheduler: Final stage: ResultStage 4 (json at NativeMethodAccessorImpl.java:0)
[2023-06-15T09:46:23.212+0000] {spark_submit.py:490} INFO - 23/06/15 09:46:23 INFO DAGScheduler: Parents of final stage: List()
[2023-06-15T09:46:23.213+0000] {spark_submit.py:490} INFO - 23/06/15 09:46:23 INFO DAGScheduler: Missing parents: List()
[2023-06-15T09:46:23.214+0000] {spark_submit.py:490} INFO - 23/06/15 09:46:23 INFO DAGScheduler: Submitting ResultStage 4 (MapPartitionsRDD[55] at json at NativeMethodAccessorImpl.java:0), which has no missing parents
[2023-06-15T09:46:23.220+0000] {spark_submit.py:490} INFO - 23/06/15 09:46:23 INFO MemoryStore: Block broadcast_4 stored as values in memory (estimated size 19.8 KiB, free 434.4 MiB)
[2023-06-15T09:46:23.222+0000] {spark_submit.py:490} INFO - 23/06/15 09:46:23 INFO MemoryStore: Block broadcast_4_piece0 stored as bytes in memory (estimated size 9.7 KiB, free 434.3 MiB)
[2023-06-15T09:46:23.223+0000] {spark_submit.py:490} INFO - 23/06/15 09:46:23 INFO BlockManagerInfo: Added broadcast_4_piece0 in memory on 69b643fc97df:36481 (size: 9.7 KiB, free: 434.4 MiB)
[2023-06-15T09:46:23.224+0000] {spark_submit.py:490} INFO - 23/06/15 09:46:23 INFO SparkContext: Created broadcast 4 from broadcast at DAGScheduler.scala:1535
[2023-06-15T09:46:23.225+0000] {spark_submit.py:490} INFO - 23/06/15 09:46:23 INFO DAGScheduler: Submitting 2 missing tasks from ResultStage 4 (MapPartitionsRDD[55] at json at NativeMethodAccessorImpl.java:0) (first 15 tasks are for partitions Vector(0, 1))
[2023-06-15T09:46:23.225+0000] {spark_submit.py:490} INFO - 23/06/15 09:46:23 INFO TaskSchedulerImpl: Adding task set 4.0 with 2 tasks resource profile 0
[2023-06-15T09:46:23.228+0000] {spark_submit.py:490} INFO - 23/06/15 09:46:23 INFO TaskSetManager: Starting task 0.0 in stage 4.0 (TID 8) (172.27.0.2, executor 0, partition 0, PROCESS_LOCAL, 7347 bytes)
[2023-06-15T09:46:23.228+0000] {spark_submit.py:490} INFO - 23/06/15 09:46:23 INFO TaskSetManager: Starting task 1.0 in stage 4.0 (TID 9) (172.27.0.2, executor 0, partition 1, PROCESS_LOCAL, 8086 bytes)
[2023-06-15T09:46:23.253+0000] {spark_submit.py:490} INFO - 23/06/15 09:46:23 INFO BlockManagerInfo: Added broadcast_4_piece0 in memory on 172.27.0.2:39151 (size: 9.7 KiB, free: 434.4 MiB)
[2023-06-15T09:46:23.318+0000] {spark_submit.py:490} INFO - 23/06/15 09:46:23 INFO TaskSetManager: Finished task 0.0 in stage 4.0 (TID 8) in 90 ms on 172.27.0.2 (executor 0) (1/2)
[2023-06-15T09:46:23.320+0000] {spark_submit.py:490} INFO - 23/06/15 09:46:23 INFO TaskSetManager: Finished task 1.0 in stage 4.0 (TID 9) in 92 ms on 172.27.0.2 (executor 0) (2/2)
[2023-06-15T09:46:23.320+0000] {spark_submit.py:490} INFO - 23/06/15 09:46:23 INFO TaskSchedulerImpl: Removed TaskSet 4.0, whose tasks have all completed, from pool
[2023-06-15T09:46:23.321+0000] {spark_submit.py:490} INFO - 23/06/15 09:46:23 INFO DAGScheduler: ResultStage 4 (json at NativeMethodAccessorImpl.java:0) finished in 0.106 s
[2023-06-15T09:46:23.321+0000] {spark_submit.py:490} INFO - 23/06/15 09:46:23 INFO DAGScheduler: Job 4 is finished. Cancelling potential speculative or zombie tasks for this job
[2023-06-15T09:46:23.322+0000] {spark_submit.py:490} INFO - 23/06/15 09:46:23 INFO TaskSchedulerImpl: Killing all running tasks in stage 4: Stage finished
[2023-06-15T09:46:23.322+0000] {spark_submit.py:490} INFO - 23/06/15 09:46:23 INFO DAGScheduler: Job 4 finished: json at NativeMethodAccessorImpl.java:0, took 0.111237 s
[2023-06-15T09:46:24.614+0000] {spark_submit.py:490} INFO - {'meta': {'symbol': 'META', 'interval': '1h', 'currency': 'USD', 'exchange_timezone': 'America/New_York', 'exchange': 'NASDAQ', 'mic_code': 'XNGS', 'type': 'Common Stock'}, 'values': [{'datetime': '2021-01-25 15:30:00', 'open': '276.48441', 'high': '278.23001', 'low': '276.29999', 'close': '278.01001', 'volume': '1687045'}, {'datetime': '2021-01-25 14:30:00', 'open': '276.92001', 'high': '277.70999', 'low': '276.42999', 'close': '276.48999', 'volume': '1264769'}, {'datetime': '2021-01-25 13:30:00', 'open': '277.00000', 'high': '277.32999', 'low': '276.14001', 'close': '276.91989', 'volume': '1272345'}, {'datetime': '2021-01-25 12:30:00', 'open': '274.50000', 'high': '277.75000', 'low': '274.37000', 'close': '276.95001', 'volume': '1981010'}, {'datetime': '2021-01-25 11:30:00', 'open': '273.98999', 'high': '275.98001', 'low': '273.56000', 'close': '274.60001', 'volume': '1792354'}, {'datetime': '2021-01-25 10:30:00', 'open': '276.54001', 'high': '276.82941', 'low': '271.51001', 'close': '273.81000', 'volume': '4058160'}, {'datetime': '2021-01-25 09:30:00', 'open': '278.14001', 'high': '280.10001', 'low': '275.81000', 'close': '276.48999', 'volume': '5767334'}], 'status': 'ok'}
[2023-06-15T09:46:24.656+0000] {spark_submit.py:490} INFO - 23/06/15 09:46:24 INFO SparkContext: Starting job: json at NativeMethodAccessorImpl.java:0
[2023-06-15T09:46:24.657+0000] {spark_submit.py:490} INFO - 23/06/15 09:46:24 INFO DAGScheduler: Got job 5 (json at NativeMethodAccessorImpl.java:0) with 2 output partitions
[2023-06-15T09:46:24.658+0000] {spark_submit.py:490} INFO - 23/06/15 09:46:24 INFO DAGScheduler: Final stage: ResultStage 5 (json at NativeMethodAccessorImpl.java:0)
[2023-06-15T09:46:24.658+0000] {spark_submit.py:490} INFO - 23/06/15 09:46:24 INFO DAGScheduler: Parents of final stage: List()
[2023-06-15T09:46:24.658+0000] {spark_submit.py:490} INFO - 23/06/15 09:46:24 INFO DAGScheduler: Missing parents: List()
[2023-06-15T09:46:24.659+0000] {spark_submit.py:490} INFO - 23/06/15 09:46:24 INFO DAGScheduler: Submitting ResultStage 5 (MapPartitionsRDD[66] at json at NativeMethodAccessorImpl.java:0), which has no missing parents
[2023-06-15T09:46:24.664+0000] {spark_submit.py:490} INFO - 23/06/15 09:46:24 INFO MemoryStore: Block broadcast_5 stored as values in memory (estimated size 19.8 KiB, free 434.3 MiB)
[2023-06-15T09:46:24.665+0000] {spark_submit.py:490} INFO - 23/06/15 09:46:24 INFO MemoryStore: Block broadcast_5_piece0 stored as bytes in memory (estimated size 9.7 KiB, free 434.3 MiB)
[2023-06-15T09:46:24.666+0000] {spark_submit.py:490} INFO - 23/06/15 09:46:24 INFO BlockManagerInfo: Added broadcast_5_piece0 in memory on 69b643fc97df:36481 (size: 9.7 KiB, free: 434.4 MiB)
[2023-06-15T09:46:24.667+0000] {spark_submit.py:490} INFO - 23/06/15 09:46:24 INFO SparkContext: Created broadcast 5 from broadcast at DAGScheduler.scala:1535
[2023-06-15T09:46:24.667+0000] {spark_submit.py:490} INFO - 23/06/15 09:46:24 INFO DAGScheduler: Submitting 2 missing tasks from ResultStage 5 (MapPartitionsRDD[66] at json at NativeMethodAccessorImpl.java:0) (first 15 tasks are for partitions Vector(0, 1))
[2023-06-15T09:46:24.668+0000] {spark_submit.py:490} INFO - 23/06/15 09:46:24 INFO TaskSchedulerImpl: Adding task set 5.0 with 2 tasks resource profile 0
[2023-06-15T09:46:24.669+0000] {spark_submit.py:490} INFO - 23/06/15 09:46:24 INFO TaskSetManager: Starting task 0.0 in stage 5.0 (TID 10) (172.27.0.2, executor 0, partition 0, PROCESS_LOCAL, 7347 bytes)
[2023-06-15T09:46:24.669+0000] {spark_submit.py:490} INFO - 23/06/15 09:46:24 INFO TaskSetManager: Starting task 1.0 in stage 5.0 (TID 11) (172.27.0.2, executor 0, partition 1, PROCESS_LOCAL, 8084 bytes)
[2023-06-15T09:46:24.683+0000] {spark_submit.py:490} INFO - 23/06/15 09:46:24 INFO BlockManagerInfo: Added broadcast_5_piece0 in memory on 172.27.0.2:39151 (size: 9.7 KiB, free: 434.4 MiB)
[2023-06-15T09:46:24.742+0000] {spark_submit.py:490} INFO - 23/06/15 09:46:24 INFO TaskSetManager: Finished task 0.0 in stage 5.0 (TID 10) in 73 ms on 172.27.0.2 (executor 0) (1/2)
[2023-06-15T09:46:24.747+0000] {spark_submit.py:490} INFO - 23/06/15 09:46:24 INFO TaskSetManager: Finished task 1.0 in stage 5.0 (TID 11) in 77 ms on 172.27.0.2 (executor 0) (2/2)
[2023-06-15T09:46:24.747+0000] {spark_submit.py:490} INFO - 23/06/15 09:46:24 INFO TaskSchedulerImpl: Removed TaskSet 5.0, whose tasks have all completed, from pool
[2023-06-15T09:46:24.751+0000] {spark_submit.py:490} INFO - 23/06/15 09:46:24 INFO DAGScheduler: ResultStage 5 (json at NativeMethodAccessorImpl.java:0) finished in 0.091 s
[2023-06-15T09:46:24.754+0000] {spark_submit.py:490} INFO - 23/06/15 09:46:24 INFO DAGScheduler: Job 5 is finished. Cancelling potential speculative or zombie tasks for this job
[2023-06-15T09:46:24.754+0000] {spark_submit.py:490} INFO - 23/06/15 09:46:24 INFO TaskSchedulerImpl: Killing all running tasks in stage 5: Stage finished
[2023-06-15T09:46:24.755+0000] {spark_submit.py:490} INFO - 23/06/15 09:46:24 INFO DAGScheduler: Job 5 finished: json at NativeMethodAccessorImpl.java:0, took 0.098511 s
[2023-06-15T09:46:25.984+0000] {spark_submit.py:490} INFO - {'meta': {'symbol': 'NFLX', 'interval': '1h', 'currency': 'USD', 'exchange_timezone': 'America/New_York', 'exchange': 'NASDAQ', 'mic_code': 'XNGS', 'type': 'Common Stock'}, 'values': [{'datetime': '2021-01-25 15:30:00', 'open': '555.01001', 'high': '557.94000', 'low': '553.81409', 'close': '556.78003', 'volume': '781315'}, {'datetime': '2021-01-25 14:30:00', 'open': '554.19000', 'high': '557.54370', 'low': '552.53998', 'close': '555.20001', 'volume': '724058'}, {'datetime': '2021-01-25 13:30:00', 'open': '558.22998', 'high': '558.22998', 'low': '552.75000', 'close': '554.21997', 'volume': '504047'}, {'datetime': '2021-01-25 12:30:00', 'open': '554.56000', 'high': '562.54999', 'low': '553.81500', 'close': '558.05499', 'volume': '705916'}, {'datetime': '2021-01-25 11:30:00', 'open': '555.21002', 'high': '559.97998', 'low': '553.91998', 'close': '554.62000', 'volume': '641508'}, {'datetime': '2021-01-25 10:30:00', 'open': '558.76007', 'high': '560.75000', 'low': '548.65002', 'close': '555.14001', 'volume': '1420870'}, {'datetime': '2021-01-25 09:30:00', 'open': '567.00000', 'high': '569.75000', 'low': '555.35999', 'close': '558.70111', 'volume': '2089205'}], 'status': 'ok'}
[2023-06-15T09:46:26.105+0000] {spark_submit.py:490} INFO - 23/06/15 09:46:26 INFO SparkContext: Starting job: json at NativeMethodAccessorImpl.java:0
[2023-06-15T09:46:26.107+0000] {spark_submit.py:490} INFO - 23/06/15 09:46:26 INFO DAGScheduler: Got job 6 (json at NativeMethodAccessorImpl.java:0) with 2 output partitions
[2023-06-15T09:46:26.108+0000] {spark_submit.py:490} INFO - 23/06/15 09:46:26 INFO DAGScheduler: Final stage: ResultStage 6 (json at NativeMethodAccessorImpl.java:0)
[2023-06-15T09:46:26.108+0000] {spark_submit.py:490} INFO - 23/06/15 09:46:26 INFO DAGScheduler: Parents of final stage: List()
[2023-06-15T09:46:26.109+0000] {spark_submit.py:490} INFO - 23/06/15 09:46:26 INFO DAGScheduler: Missing parents: List()
[2023-06-15T09:46:26.110+0000] {spark_submit.py:490} INFO - 23/06/15 09:46:26 INFO DAGScheduler: Submitting ResultStage 6 (MapPartitionsRDD[77] at json at NativeMethodAccessorImpl.java:0), which has no missing parents
[2023-06-15T09:46:26.118+0000] {spark_submit.py:490} INFO - 23/06/15 09:46:26 INFO MemoryStore: Block broadcast_6 stored as values in memory (estimated size 19.8 KiB, free 434.3 MiB)
[2023-06-15T09:46:26.124+0000] {spark_submit.py:490} INFO - 23/06/15 09:46:26 INFO MemoryStore: Block broadcast_6_piece0 stored as bytes in memory (estimated size 9.7 KiB, free 434.3 MiB)
[2023-06-15T09:46:26.126+0000] {spark_submit.py:490} INFO - 23/06/15 09:46:26 INFO BlockManagerInfo: Added broadcast_6_piece0 in memory on 69b643fc97df:36481 (size: 9.7 KiB, free: 434.4 MiB)
[2023-06-15T09:46:26.127+0000] {spark_submit.py:490} INFO - 23/06/15 09:46:26 INFO SparkContext: Created broadcast 6 from broadcast at DAGScheduler.scala:1535
[2023-06-15T09:46:26.128+0000] {spark_submit.py:490} INFO - 23/06/15 09:46:26 INFO DAGScheduler: Submitting 2 missing tasks from ResultStage 6 (MapPartitionsRDD[77] at json at NativeMethodAccessorImpl.java:0) (first 15 tasks are for partitions Vector(0, 1))
[2023-06-15T09:46:26.129+0000] {spark_submit.py:490} INFO - 23/06/15 09:46:26 INFO TaskSchedulerImpl: Adding task set 6.0 with 2 tasks resource profile 0
[2023-06-15T09:46:26.132+0000] {spark_submit.py:490} INFO - 23/06/15 09:46:26 INFO TaskSetManager: Starting task 0.0 in stage 6.0 (TID 12) (172.27.0.2, executor 0, partition 0, PROCESS_LOCAL, 7347 bytes)
[2023-06-15T09:46:26.133+0000] {spark_submit.py:490} INFO - 23/06/15 09:46:26 INFO TaskSetManager: Starting task 1.0 in stage 6.0 (TID 13) (172.27.0.2, executor 0, partition 1, PROCESS_LOCAL, 8079 bytes)
[2023-06-15T09:46:26.168+0000] {spark_submit.py:490} INFO - 23/06/15 09:46:26 INFO BlockManagerInfo: Added broadcast_6_piece0 in memory on 172.27.0.2:39151 (size: 9.7 KiB, free: 434.4 MiB)
[2023-06-15T09:46:26.235+0000] {spark_submit.py:490} INFO - 23/06/15 09:46:26 INFO TaskSetManager: Finished task 0.0 in stage 6.0 (TID 12) in 103 ms on 172.27.0.2 (executor 0) (1/2)
[2023-06-15T09:46:26.238+0000] {spark_submit.py:490} INFO - 23/06/15 09:46:26 INFO TaskSetManager: Finished task 1.0 in stage 6.0 (TID 13) in 105 ms on 172.27.0.2 (executor 0) (2/2)
[2023-06-15T09:46:26.239+0000] {spark_submit.py:490} INFO - 23/06/15 09:46:26 INFO TaskSchedulerImpl: Removed TaskSet 6.0, whose tasks have all completed, from pool
[2023-06-15T09:46:26.242+0000] {spark_submit.py:490} INFO - 23/06/15 09:46:26 INFO DAGScheduler: ResultStage 6 (json at NativeMethodAccessorImpl.java:0) finished in 0.128 s
[2023-06-15T09:46:26.242+0000] {spark_submit.py:490} INFO - 23/06/15 09:46:26 INFO DAGScheduler: Job 6 is finished. Cancelling potential speculative or zombie tasks for this job
[2023-06-15T09:46:26.243+0000] {spark_submit.py:490} INFO - 23/06/15 09:46:26 INFO TaskSchedulerImpl: Killing all running tasks in stage 6: Stage finished
[2023-06-15T09:46:26.244+0000] {spark_submit.py:490} INFO - 23/06/15 09:46:26 INFO DAGScheduler: Job 6 finished: json at NativeMethodAccessorImpl.java:0, took 0.137922 s
[2023-06-15T09:46:27.477+0000] {spark_submit.py:490} INFO - {'meta': {'symbol': 'NVDA', 'interval': '1h', 'currency': 'USD', 'exchange_timezone': 'America/New_York', 'exchange': 'NASDAQ', 'mic_code': 'XNGS', 'type': 'Common Stock'}, 'values': [{'datetime': '2021-01-25 15:30:00', 'open': '541.33801', 'high': '546.84998', 'low': '540.81348', 'close': '546.13000', 'volume': '659322'}, {'datetime': '2021-01-25 14:30:00', 'open': '544.42999', 'high': '545.34998', 'low': '540.69000', 'close': '541.46002', 'volume': '388267'}, {'datetime': '2021-01-25 13:30:00', 'open': '544.69000', 'high': '546.69501', 'low': '543.69000', 'close': '544.52399', 'volume': '471815'}, {'datetime': '2021-01-25 12:30:00', 'open': '536.40002', 'high': '545.00000', 'low': '535.90002', 'close': '544.86987', 'volume': '615812'}, {'datetime': '2021-01-25 11:30:00', 'open': '538.03998', 'high': '541.88000', 'low': '535.63000', 'close': '536.71997', 'volume': '619073'}, {'datetime': '2021-01-25 10:30:00', 'open': '546.95001', 'high': '547.48999', 'low': '529.45923', 'close': '537.83002', 'volume': '1683480'}, {'datetime': '2021-01-25 09:30:00', 'open': '551.64001', 'high': '553.14001', 'low': '546.55298', 'close': '546.96002', 'volume': '1368130'}], 'status': 'ok'}
[2023-06-15T09:46:27.586+0000] {spark_submit.py:490} INFO - 23/06/15 09:46:27 INFO SparkContext: Starting job: json at NativeMethodAccessorImpl.java:0
[2023-06-15T09:46:27.591+0000] {spark_submit.py:490} INFO - 23/06/15 09:46:27 INFO DAGScheduler: Got job 7 (json at NativeMethodAccessorImpl.java:0) with 2 output partitions
[2023-06-15T09:46:27.592+0000] {spark_submit.py:490} INFO - 23/06/15 09:46:27 INFO DAGScheduler: Final stage: ResultStage 7 (json at NativeMethodAccessorImpl.java:0)
[2023-06-15T09:46:27.592+0000] {spark_submit.py:490} INFO - 23/06/15 09:46:27 INFO DAGScheduler: Parents of final stage: List()
[2023-06-15T09:46:27.592+0000] {spark_submit.py:490} INFO - 23/06/15 09:46:27 INFO DAGScheduler: Missing parents: List()
[2023-06-15T09:46:27.593+0000] {spark_submit.py:490} INFO - 23/06/15 09:46:27 INFO DAGScheduler: Submitting ResultStage 7 (MapPartitionsRDD[88] at json at NativeMethodAccessorImpl.java:0), which has no missing parents
[2023-06-15T09:46:27.600+0000] {spark_submit.py:490} INFO - 23/06/15 09:46:27 INFO MemoryStore: Block broadcast_7 stored as values in memory (estimated size 19.8 KiB, free 434.3 MiB)
[2023-06-15T09:46:27.604+0000] {spark_submit.py:490} INFO - 23/06/15 09:46:27 INFO MemoryStore: Block broadcast_7_piece0 stored as bytes in memory (estimated size 9.7 KiB, free 434.3 MiB)
[2023-06-15T09:46:27.605+0000] {spark_submit.py:490} INFO - 23/06/15 09:46:27 INFO BlockManagerInfo: Added broadcast_7_piece0 in memory on 69b643fc97df:36481 (size: 9.7 KiB, free: 434.4 MiB)
[2023-06-15T09:46:27.606+0000] {spark_submit.py:490} INFO - 23/06/15 09:46:27 INFO SparkContext: Created broadcast 7 from broadcast at DAGScheduler.scala:1535
[2023-06-15T09:46:27.607+0000] {spark_submit.py:490} INFO - 23/06/15 09:46:27 INFO DAGScheduler: Submitting 2 missing tasks from ResultStage 7 (MapPartitionsRDD[88] at json at NativeMethodAccessorImpl.java:0) (first 15 tasks are for partitions Vector(0, 1))
[2023-06-15T09:46:27.608+0000] {spark_submit.py:490} INFO - 23/06/15 09:46:27 INFO TaskSchedulerImpl: Adding task set 7.0 with 2 tasks resource profile 0
[2023-06-15T09:46:27.610+0000] {spark_submit.py:490} INFO - 23/06/15 09:46:27 INFO TaskSetManager: Starting task 0.0 in stage 7.0 (TID 14) (172.27.0.2, executor 0, partition 0, PROCESS_LOCAL, 7347 bytes)
[2023-06-15T09:46:27.611+0000] {spark_submit.py:490} INFO - 23/06/15 09:46:27 INFO TaskSetManager: Starting task 1.0 in stage 7.0 (TID 15) (172.27.0.2, executor 0, partition 1, PROCESS_LOCAL, 8079 bytes)
[2023-06-15T09:46:27.633+0000] {spark_submit.py:490} INFO - 23/06/15 09:46:27 INFO BlockManagerInfo: Added broadcast_7_piece0 in memory on 172.27.0.2:39151 (size: 9.7 KiB, free: 434.4 MiB)
[2023-06-15T09:46:27.697+0000] {spark_submit.py:490} INFO - 23/06/15 09:46:27 INFO TaskSetManager: Finished task 0.0 in stage 7.0 (TID 14) in 89 ms on 172.27.0.2 (executor 0) (1/2)
[2023-06-15T09:46:27.698+0000] {spark_submit.py:490} INFO - 23/06/15 09:46:27 INFO TaskSetManager: Finished task 1.0 in stage 7.0 (TID 15) in 88 ms on 172.27.0.2 (executor 0) (2/2)
[2023-06-15T09:46:27.698+0000] {spark_submit.py:490} INFO - 23/06/15 09:46:27 INFO TaskSchedulerImpl: Removed TaskSet 7.0, whose tasks have all completed, from pool
[2023-06-15T09:46:27.700+0000] {spark_submit.py:490} INFO - 23/06/15 09:46:27 INFO DAGScheduler: ResultStage 7 (json at NativeMethodAccessorImpl.java:0) finished in 0.105 s
[2023-06-15T09:46:27.700+0000] {spark_submit.py:490} INFO - 23/06/15 09:46:27 INFO DAGScheduler: Job 7 is finished. Cancelling potential speculative or zombie tasks for this job
[2023-06-15T09:46:27.700+0000] {spark_submit.py:490} INFO - 23/06/15 09:46:27 INFO TaskSchedulerImpl: Killing all running tasks in stage 7: Stage finished
[2023-06-15T09:46:27.701+0000] {spark_submit.py:490} INFO - 23/06/15 09:46:27 INFO DAGScheduler: Job 7 finished: json at NativeMethodAccessorImpl.java:0, took 0.113774 s
[2023-06-15T09:46:28.199+0000] {spark_submit.py:490} INFO - 23/06/15 09:46:28 INFO BlockManagerInfo: Removed broadcast_4_piece0 on 69b643fc97df:36481 in memory (size: 9.7 KiB, free: 434.4 MiB)
[2023-06-15T09:46:28.200+0000] {spark_submit.py:490} INFO - 23/06/15 09:46:28 INFO BlockManagerInfo: Removed broadcast_4_piece0 on 172.27.0.2:39151 in memory (size: 9.7 KiB, free: 434.4 MiB)
[2023-06-15T09:46:28.209+0000] {spark_submit.py:490} INFO - 23/06/15 09:46:28 INFO BlockManagerInfo: Removed broadcast_3_piece0 on 69b643fc97df:36481 in memory (size: 9.7 KiB, free: 434.4 MiB)
[2023-06-15T09:46:28.211+0000] {spark_submit.py:490} INFO - 23/06/15 09:46:28 INFO BlockManagerInfo: Removed broadcast_3_piece0 on 172.27.0.2:39151 in memory (size: 9.7 KiB, free: 434.4 MiB)
[2023-06-15T09:46:28.216+0000] {spark_submit.py:490} INFO - 23/06/15 09:46:28 INFO BlockManagerInfo: Removed broadcast_7_piece0 on 69b643fc97df:36481 in memory (size: 9.7 KiB, free: 434.4 MiB)
[2023-06-15T09:46:28.219+0000] {spark_submit.py:490} INFO - 23/06/15 09:46:28 INFO BlockManagerInfo: Removed broadcast_7_piece0 on 172.27.0.2:39151 in memory (size: 9.7 KiB, free: 434.4 MiB)
[2023-06-15T09:46:28.227+0000] {spark_submit.py:490} INFO - 23/06/15 09:46:28 INFO BlockManagerInfo: Removed broadcast_5_piece0 on 69b643fc97df:36481 in memory (size: 9.7 KiB, free: 434.4 MiB)
[2023-06-15T09:46:28.230+0000] {spark_submit.py:490} INFO - 23/06/15 09:46:28 INFO BlockManagerInfo: Removed broadcast_5_piece0 on 172.27.0.2:39151 in memory (size: 9.7 KiB, free: 434.4 MiB)
[2023-06-15T09:46:28.235+0000] {spark_submit.py:490} INFO - 23/06/15 09:46:28 INFO BlockManagerInfo: Removed broadcast_6_piece0 on 69b643fc97df:36481 in memory (size: 9.7 KiB, free: 434.4 MiB)
[2023-06-15T09:46:28.240+0000] {spark_submit.py:490} INFO - 23/06/15 09:46:28 INFO BlockManagerInfo: Removed broadcast_6_piece0 on 172.27.0.2:39151 in memory (size: 9.7 KiB, free: 434.4 MiB)
[2023-06-15T09:46:34.227+0000] {spark_submit.py:490} INFO - 23/06/15 09:46:34 INFO ParquetUtils: Using default output committer for Parquet: org.apache.parquet.hadoop.ParquetOutputCommitter
[2023-06-15T09:46:34.255+0000] {spark_submit.py:490} INFO - 23/06/15 09:46:34 INFO FileOutputCommitter: File Output Committer Algorithm version is 1
[2023-06-15T09:46:34.255+0000] {spark_submit.py:490} INFO - 23/06/15 09:46:34 INFO FileOutputCommitter: FileOutputCommitter skip cleanup _temporary folders under output directory:false, ignore cleanup failures: false
[2023-06-15T09:46:34.256+0000] {spark_submit.py:490} INFO - 23/06/15 09:46:34 INFO SQLHadoopMapReduceCommitProtocol: Using user defined output committer class org.apache.parquet.hadoop.ParquetOutputCommitter
[2023-06-15T09:46:34.257+0000] {spark_submit.py:490} INFO - 23/06/15 09:46:34 INFO FileOutputCommitter: File Output Committer Algorithm version is 1
[2023-06-15T09:46:34.257+0000] {spark_submit.py:490} INFO - 23/06/15 09:46:34 INFO FileOutputCommitter: FileOutputCommitter skip cleanup _temporary folders under output directory:false, ignore cleanup failures: false
[2023-06-15T09:46:34.258+0000] {spark_submit.py:490} INFO - 23/06/15 09:46:34 INFO SQLHadoopMapReduceCommitProtocol: Using output committer class org.apache.parquet.hadoop.ParquetOutputCommitter
[2023-06-15T09:46:35.997+0000] {spark_submit.py:490} INFO - 23/06/15 09:46:35 INFO CodeGenerator: Code generated in 38.616469 ms
[2023-06-15T09:46:36.038+0000] {spark_submit.py:490} INFO - 23/06/15 09:46:36 INFO CodeGenerator: Code generated in 27.750828 ms
[2023-06-15T09:46:36.068+0000] {spark_submit.py:490} INFO - 23/06/15 09:46:36 INFO CodeGenerator: Code generated in 20.657046 ms
[2023-06-15T09:46:36.111+0000] {spark_submit.py:490} INFO - 23/06/15 09:46:36 INFO CodeGenerator: Code generated in 32.575747 ms
[2023-06-15T09:46:36.139+0000] {spark_submit.py:490} INFO - 23/06/15 09:46:36 INFO CodeGenerator: Code generated in 19.621708 ms
[2023-06-15T09:46:36.165+0000] {spark_submit.py:490} INFO - 23/06/15 09:46:36 INFO CodeGenerator: Code generated in 17.088792 ms
[2023-06-15T09:46:36.188+0000] {spark_submit.py:490} INFO - 23/06/15 09:46:36 INFO CodeGenerator: Code generated in 15.533995 ms
[2023-06-15T09:46:36.211+0000] {spark_submit.py:490} INFO - 23/06/15 09:46:36 INFO CodeGenerator: Code generated in 14.993801 ms
[2023-06-15T09:46:36.238+0000] {spark_submit.py:490} INFO - 23/06/15 09:46:36 INFO CodeGenerator: Code generated in 17.648133 ms
[2023-06-15T09:46:36.290+0000] {spark_submit.py:490} INFO - 23/06/15 09:46:36 INFO SparkContext: Starting job: parquet at NativeMethodAccessorImpl.java:0
[2023-06-15T09:46:36.296+0000] {spark_submit.py:490} INFO - 23/06/15 09:46:36 INFO DAGScheduler: Got job 8 (parquet at NativeMethodAccessorImpl.java:0) with 1 output partitions
[2023-06-15T09:46:36.296+0000] {spark_submit.py:490} INFO - 23/06/15 09:46:36 INFO DAGScheduler: Final stage: ResultStage 8 (parquet at NativeMethodAccessorImpl.java:0)
[2023-06-15T09:46:36.297+0000] {spark_submit.py:490} INFO - 23/06/15 09:46:36 INFO DAGScheduler: Parents of final stage: List()
[2023-06-15T09:46:36.298+0000] {spark_submit.py:490} INFO - 23/06/15 09:46:36 INFO DAGScheduler: Missing parents: List()
[2023-06-15T09:46:36.304+0000] {spark_submit.py:490} INFO - 23/06/15 09:46:36 INFO DAGScheduler: Submitting ResultStage 8 (MapPartitionsRDD[104] at parquet at NativeMethodAccessorImpl.java:0), which has no missing parents
[2023-06-15T09:46:36.374+0000] {spark_submit.py:490} INFO - 23/06/15 09:46:36 INFO MemoryStore: Block broadcast_8 stored as values in memory (estimated size 276.6 KiB, free 434.1 MiB)
[2023-06-15T09:46:36.377+0000] {spark_submit.py:490} INFO - 23/06/15 09:46:36 INFO MemoryStore: Block broadcast_8_piece0 stored as bytes in memory (estimated size 93.1 KiB, free 434.0 MiB)
[2023-06-15T09:46:36.377+0000] {spark_submit.py:490} INFO - 23/06/15 09:46:36 INFO BlockManagerInfo: Added broadcast_8_piece0 in memory on 69b643fc97df:36481 (size: 93.1 KiB, free: 434.3 MiB)
[2023-06-15T09:46:36.378+0000] {spark_submit.py:490} INFO - 23/06/15 09:46:36 INFO SparkContext: Created broadcast 8 from broadcast at DAGScheduler.scala:1535
[2023-06-15T09:46:36.379+0000] {spark_submit.py:490} INFO - 23/06/15 09:46:36 INFO DAGScheduler: Submitting 1 missing tasks from ResultStage 8 (MapPartitionsRDD[104] at parquet at NativeMethodAccessorImpl.java:0) (first 15 tasks are for partitions Vector(0))
[2023-06-15T09:46:36.379+0000] {spark_submit.py:490} INFO - 23/06/15 09:46:36 INFO TaskSchedulerImpl: Adding task set 8.0 with 1 tasks resource profile 0
[2023-06-15T09:46:36.385+0000] {spark_submit.py:490} INFO - 23/06/15 09:46:36 INFO TaskSetManager: Starting task 0.0 in stage 8.0 (TID 16) (172.27.0.2, executor 0, partition 0, PROCESS_LOCAL, 14550 bytes)
[2023-06-15T09:46:36.415+0000] {spark_submit.py:490} INFO - 23/06/15 09:46:36 INFO BlockManagerInfo: Added broadcast_8_piece0 in memory on 172.27.0.2:39151 (size: 93.1 KiB, free: 434.3 MiB)
[2023-06-15T09:46:49.040+0000] {spark_submit.py:490} INFO - 23/06/15 09:46:49 INFO TaskSetManager: Finished task 0.0 in stage 8.0 (TID 16) in 12660 ms on 172.27.0.2 (executor 0) (1/1)
[2023-06-15T09:46:49.040+0000] {spark_submit.py:490} INFO - 23/06/15 09:46:49 INFO TaskSchedulerImpl: Removed TaskSet 8.0, whose tasks have all completed, from pool
[2023-06-15T09:46:49.041+0000] {spark_submit.py:490} INFO - 23/06/15 09:46:49 INFO DAGScheduler: ResultStage 8 (parquet at NativeMethodAccessorImpl.java:0) finished in 12.734 s
[2023-06-15T09:46:49.042+0000] {spark_submit.py:490} INFO - 23/06/15 09:46:49 INFO DAGScheduler: Job 8 is finished. Cancelling potential speculative or zombie tasks for this job
[2023-06-15T09:46:49.042+0000] {spark_submit.py:490} INFO - 23/06/15 09:46:49 INFO TaskSchedulerImpl: Killing all running tasks in stage 8: Stage finished
[2023-06-15T09:46:49.043+0000] {spark_submit.py:490} INFO - 23/06/15 09:46:49 INFO DAGScheduler: Job 8 finished: parquet at NativeMethodAccessorImpl.java:0, took 12.752669 s
[2023-06-15T09:46:49.049+0000] {spark_submit.py:490} INFO - 23/06/15 09:46:49 INFO FileFormatWriter: Start to commit write Job 8d31638a-a7a7-4fd9-b73e-a21ef9deabb1.
[2023-06-15T09:46:56.594+0000] {spark_submit.py:490} INFO - 23/06/15 09:46:56 INFO GoogleCloudStorageFileSystem: Successfully repaired 'gs://dtc-de-382609_bucket/stock_data/2021/01/_temporary/0/task_202306150946364049523707723500240_0008_m_000000/' directory.
[2023-06-15T09:46:59.162+0000] {spark_submit.py:490} INFO - 23/06/15 09:46:59 INFO GoogleCloudStorageFileSystem: Successfully repaired 'gs://dtc-de-382609_bucket/stock_data/2021/01/' directory.
[2023-06-15T09:47:01.820+0000] {spark_submit.py:490} INFO - 23/06/15 09:47:01 INFO BlockManagerInfo: Removed broadcast_8_piece0 on 69b643fc97df:36481 in memory (size: 93.1 KiB, free: 434.4 MiB)
[2023-06-15T09:47:01.824+0000] {spark_submit.py:490} INFO - 23/06/15 09:47:01 INFO BlockManagerInfo: Removed broadcast_8_piece0 on 172.27.0.2:39151 in memory (size: 93.1 KiB, free: 434.4 MiB)
[2023-06-15T09:47:03.144+0000] {spark_submit.py:490} INFO - 23/06/15 09:47:03 INFO FileFormatWriter: Write Job 8d31638a-a7a7-4fd9-b73e-a21ef9deabb1 committed. Elapsed time: 14091 ms.
[2023-06-15T09:47:03.158+0000] {spark_submit.py:490} INFO - 23/06/15 09:47:03 INFO FileFormatWriter: Finished processing stats for write job 8d31638a-a7a7-4fd9-b73e-a21ef9deabb1.
[2023-06-15T09:47:04.888+0000] {spark_submit.py:490} INFO - 23/06/15 09:47:04 INFO InMemoryFileIndex: It took 389 ms to list leaf files for 1 paths.
[2023-06-15T09:47:04.962+0000] {spark_submit.py:490} INFO - 23/06/15 09:47:04 INFO SparkContext: Starting job: load at NativeMethodAccessorImpl.java:0
[2023-06-15T09:47:04.963+0000] {spark_submit.py:490} INFO - 23/06/15 09:47:04 INFO DAGScheduler: Got job 9 (load at NativeMethodAccessorImpl.java:0) with 1 output partitions
[2023-06-15T09:47:04.964+0000] {spark_submit.py:490} INFO - 23/06/15 09:47:04 INFO DAGScheduler: Final stage: ResultStage 9 (load at NativeMethodAccessorImpl.java:0)
[2023-06-15T09:47:04.965+0000] {spark_submit.py:490} INFO - 23/06/15 09:47:04 INFO DAGScheduler: Parents of final stage: List()
[2023-06-15T09:47:04.965+0000] {spark_submit.py:490} INFO - 23/06/15 09:47:04 INFO DAGScheduler: Missing parents: List()
[2023-06-15T09:47:04.967+0000] {spark_submit.py:490} INFO - 23/06/15 09:47:04 INFO DAGScheduler: Submitting ResultStage 9 (MapPartitionsRDD[106] at load at NativeMethodAccessorImpl.java:0), which has no missing parents
[2023-06-15T09:47:04.983+0000] {spark_submit.py:490} INFO - 23/06/15 09:47:04 INFO MemoryStore: Block broadcast_9 stored as values in memory (estimated size 103.5 KiB, free 434.3 MiB)
[2023-06-15T09:47:05.004+0000] {spark_submit.py:490} INFO - 23/06/15 09:47:05 INFO MemoryStore: Block broadcast_9_piece0 stored as bytes in memory (estimated size 37.4 KiB, free 434.3 MiB)
[2023-06-15T09:47:05.005+0000] {spark_submit.py:490} INFO - 23/06/15 09:47:05 INFO BlockManagerInfo: Added broadcast_9_piece0 in memory on 69b643fc97df:36481 (size: 37.4 KiB, free: 434.4 MiB)
[2023-06-15T09:47:05.006+0000] {spark_submit.py:490} INFO - 23/06/15 09:47:05 INFO SparkContext: Created broadcast 9 from broadcast at DAGScheduler.scala:1535
[2023-06-15T09:47:05.007+0000] {spark_submit.py:490} INFO - 23/06/15 09:47:05 INFO DAGScheduler: Submitting 1 missing tasks from ResultStage 9 (MapPartitionsRDD[106] at load at NativeMethodAccessorImpl.java:0) (first 15 tasks are for partitions Vector(0))
[2023-06-15T09:47:05.007+0000] {spark_submit.py:490} INFO - 23/06/15 09:47:05 INFO TaskSchedulerImpl: Adding task set 9.0 with 1 tasks resource profile 0
[2023-06-15T09:47:05.011+0000] {spark_submit.py:490} INFO - 23/06/15 09:47:05 INFO TaskSetManager: Starting task 0.0 in stage 9.0 (TID 17) (172.27.0.2, executor 0, partition 0, PROCESS_LOCAL, 7574 bytes)
[2023-06-15T09:47:05.042+0000] {spark_submit.py:490} INFO - 23/06/15 09:47:05 INFO BlockManagerInfo: Added broadcast_9_piece0 in memory on 172.27.0.2:39151 (size: 37.4 KiB, free: 434.4 MiB)
[2023-06-15T09:47:06.811+0000] {spark_submit.py:490} INFO - 23/06/15 09:47:06 INFO TaskSetManager: Finished task 0.0 in stage 9.0 (TID 17) in 1802 ms on 172.27.0.2 (executor 0) (1/1)
[2023-06-15T09:47:06.811+0000] {spark_submit.py:490} INFO - 23/06/15 09:47:06 INFO TaskSchedulerImpl: Removed TaskSet 9.0, whose tasks have all completed, from pool
[2023-06-15T09:47:06.812+0000] {spark_submit.py:490} INFO - 23/06/15 09:47:06 INFO DAGScheduler: ResultStage 9 (load at NativeMethodAccessorImpl.java:0) finished in 1.843 s
[2023-06-15T09:47:06.812+0000] {spark_submit.py:490} INFO - 23/06/15 09:47:06 INFO DAGScheduler: Job 9 is finished. Cancelling potential speculative or zombie tasks for this job
[2023-06-15T09:47:06.812+0000] {spark_submit.py:490} INFO - 23/06/15 09:47:06 INFO TaskSchedulerImpl: Killing all running tasks in stage 9: Stage finished
[2023-06-15T09:47:06.813+0000] {spark_submit.py:490} INFO - 23/06/15 09:47:06 INFO DAGScheduler: Job 9 finished: load at NativeMethodAccessorImpl.java:0, took 1.850918 s
[2023-06-15T09:47:06.862+0000] {spark_submit.py:490} INFO - 23/06/15 09:47:06 INFO FileSourceStrategy: Pushed Filters:
[2023-06-15T09:47:06.863+0000] {spark_submit.py:490} INFO - 23/06/15 09:47:06 INFO FileSourceStrategy: Post-Scan Filters:
[2023-06-15T09:47:06.910+0000] {spark_submit.py:490} INFO - 23/06/15 09:47:06 INFO CodeGenerator: Code generated in 19.038075 ms
[2023-06-15T09:47:06.926+0000] {spark_submit.py:490} INFO - 23/06/15 09:47:06 INFO MemoryStore: Block broadcast_10 stored as values in memory (estimated size 202.4 KiB, free 434.1 MiB)
[2023-06-15T09:47:06.934+0000] {spark_submit.py:490} INFO - 23/06/15 09:47:06 INFO MemoryStore: Block broadcast_10_piece0 stored as bytes in memory (estimated size 35.1 KiB, free 434.0 MiB)
[2023-06-15T09:47:06.934+0000] {spark_submit.py:490} INFO - 23/06/15 09:47:06 INFO BlockManagerInfo: Added broadcast_10_piece0 in memory on 69b643fc97df:36481 (size: 35.1 KiB, free: 434.3 MiB)
[2023-06-15T09:47:06.935+0000] {spark_submit.py:490} INFO - 23/06/15 09:47:06 INFO SparkContext: Created broadcast 10 from showString at NativeMethodAccessorImpl.java:0
[2023-06-15T09:47:06.947+0000] {spark_submit.py:490} INFO - 23/06/15 09:47:06 INFO FileSourceScanExec: Planning scan with bin packing, max size: 4194304 bytes, open cost is considered as scanning 4194304 bytes.
[2023-06-15T09:47:06.992+0000] {spark_submit.py:490} INFO - 23/06/15 09:47:06 INFO SparkContext: Starting job: showString at NativeMethodAccessorImpl.java:0
[2023-06-15T09:47:06.994+0000] {spark_submit.py:490} INFO - 23/06/15 09:47:06 INFO DAGScheduler: Got job 10 (showString at NativeMethodAccessorImpl.java:0) with 1 output partitions
[2023-06-15T09:47:06.994+0000] {spark_submit.py:490} INFO - 23/06/15 09:47:06 INFO DAGScheduler: Final stage: ResultStage 10 (showString at NativeMethodAccessorImpl.java:0)
[2023-06-15T09:47:06.994+0000] {spark_submit.py:490} INFO - 23/06/15 09:47:06 INFO DAGScheduler: Parents of final stage: List()
[2023-06-15T09:47:06.995+0000] {spark_submit.py:490} INFO - 23/06/15 09:47:06 INFO DAGScheduler: Missing parents: List()
[2023-06-15T09:47:07.000+0000] {spark_submit.py:490} INFO - 23/06/15 09:47:06 INFO DAGScheduler: Submitting ResultStage 10 (MapPartitionsRDD[110] at showString at NativeMethodAccessorImpl.java:0), which has no missing parents
[2023-06-15T09:47:07.034+0000] {spark_submit.py:490} INFO - 23/06/15 09:47:07 INFO MemoryStore: Block broadcast_11 stored as values in memory (estimated size 16.1 KiB, free 434.0 MiB)
[2023-06-15T09:47:07.040+0000] {spark_submit.py:490} INFO - 23/06/15 09:47:07 INFO MemoryStore: Block broadcast_11_piece0 stored as bytes in memory (estimated size 6.3 KiB, free 434.0 MiB)
[2023-06-15T09:47:07.041+0000] {spark_submit.py:490} INFO - 23/06/15 09:47:07 INFO BlockManagerInfo: Added broadcast_11_piece0 in memory on 69b643fc97df:36481 (size: 6.3 KiB, free: 434.3 MiB)
[2023-06-15T09:47:07.042+0000] {spark_submit.py:490} INFO - 23/06/15 09:47:07 INFO SparkContext: Created broadcast 11 from broadcast at DAGScheduler.scala:1535
[2023-06-15T09:47:07.043+0000] {spark_submit.py:490} INFO - 23/06/15 09:47:07 INFO DAGScheduler: Submitting 1 missing tasks from ResultStage 10 (MapPartitionsRDD[110] at showString at NativeMethodAccessorImpl.java:0) (first 15 tasks are for partitions Vector(0))
[2023-06-15T09:47:07.044+0000] {spark_submit.py:490} INFO - 23/06/15 09:47:07 INFO TaskSchedulerImpl: Adding task set 10.0 with 1 tasks resource profile 0
[2023-06-15T09:47:07.051+0000] {spark_submit.py:490} INFO - 23/06/15 09:47:07 INFO TaskSetManager: Starting task 0.0 in stage 10.0 (TID 18) (172.27.0.2, executor 0, partition 0, PROCESS_LOCAL, 7996 bytes)
[2023-06-15T09:47:07.078+0000] {spark_submit.py:490} INFO - 23/06/15 09:47:07 INFO BlockManagerInfo: Added broadcast_11_piece0 in memory on 172.27.0.2:39151 (size: 6.3 KiB, free: 434.4 MiB)
[2023-06-15T09:47:07.188+0000] {spark_submit.py:490} INFO - 23/06/15 09:47:07 INFO BlockManagerInfo: Added broadcast_10_piece0 in memory on 172.27.0.2:39151 (size: 35.1 KiB, free: 434.3 MiB)
[2023-06-15T09:47:10.794+0000] {spark_submit.py:490} INFO - 23/06/15 09:47:10 INFO TaskSetManager: Finished task 0.0 in stage 10.0 (TID 18) in 3749 ms on 172.27.0.2 (executor 0) (1/1)
[2023-06-15T09:47:10.794+0000] {spark_submit.py:490} INFO - 23/06/15 09:47:10 INFO TaskSchedulerImpl: Removed TaskSet 10.0, whose tasks have all completed, from pool
[2023-06-15T09:47:10.794+0000] {spark_submit.py:490} INFO - 23/06/15 09:47:10 INFO DAGScheduler: ResultStage 10 (showString at NativeMethodAccessorImpl.java:0) finished in 3.790 s
[2023-06-15T09:47:10.795+0000] {spark_submit.py:490} INFO - 23/06/15 09:47:10 INFO DAGScheduler: Job 10 is finished. Cancelling potential speculative or zombie tasks for this job
[2023-06-15T09:47:10.795+0000] {spark_submit.py:490} INFO - 23/06/15 09:47:10 INFO TaskSchedulerImpl: Killing all running tasks in stage 10: Stage finished
[2023-06-15T09:47:10.795+0000] {spark_submit.py:490} INFO - 23/06/15 09:47:10 INFO DAGScheduler: Job 10 finished: showString at NativeMethodAccessorImpl.java:0, took 3.802389 s
[2023-06-15T09:47:10.826+0000] {spark_submit.py:490} INFO - 23/06/15 09:47:10 INFO CodeGenerator: Code generated in 16.667144 ms
[2023-06-15T09:47:10.838+0000] {spark_submit.py:490} INFO - +-------------------+------+----------+----------+----------+----------+--------+
[2023-06-15T09:47:10.838+0000] {spark_submit.py:490} INFO - |           datetime|symbol|      open|      high|       low|     close|  volume|
[2023-06-15T09:47:10.838+0000] {spark_submit.py:490} INFO - +-------------------+------+----------+----------+----------+----------+--------+
[2023-06-15T09:47:10.839+0000] {spark_submit.py:490} INFO - |2021-01-25 15:30:00|  AAPL| 142.06100| 143.13000| 141.99001| 142.92000| 9851226|
[2023-06-15T09:47:10.839+0000] {spark_submit.py:490} INFO - |2021-01-25 14:30:00|  AAPL| 142.58000| 143.00000| 141.75000| 142.07001|11349187|
[2023-06-15T09:47:10.839+0000] {spark_submit.py:490} INFO - |2021-01-25 13:30:00|  AAPL| 142.99150| 143.13420| 141.78999| 142.58200|11218503|
[2023-06-15T09:47:10.839+0000] {spark_submit.py:490} INFO - |2021-01-25 12:30:00|  AAPL| 141.17999| 143.28999| 141.05000| 142.98990|14507062|
[2023-06-15T09:47:10.839+0000] {spark_submit.py:490} INFO - |2021-01-25 11:30:00|  AAPL| 141.22000| 142.95000| 140.91000| 141.17990|18948571|
[2023-06-15T09:47:10.839+0000] {spark_submit.py:490} INFO - |2021-01-25 10:30:00|  AAPL| 144.24001| 144.32001| 136.53999| 141.22000|37086653|
[2023-06-15T09:47:10.840+0000] {spark_submit.py:490} INFO - |2021-01-25 09:30:00|  AAPL| 143.07001| 145.08000| 142.93980| 144.22490|46355204|
[2023-06-15T09:47:10.840+0000] {spark_submit.py:490} INFO - |2021-01-25 15:30:00|  MSFT| 227.53000| 229.78000| 227.28000| 229.53000| 3428325|
[2023-06-15T09:47:10.840+0000] {spark_submit.py:490} INFO - |2021-01-25 14:30:00|  MSFT| 228.86000| 229.18790| 227.41000| 227.55000| 3160850|
[2023-06-15T09:47:10.840+0000] {spark_submit.py:490} INFO - |2021-01-25 13:30:00|  MSFT| 228.30000| 229.09000| 227.92000| 228.86000| 2758710|
[2023-06-15T09:47:10.840+0000] {spark_submit.py:490} INFO - |2021-01-25 12:30:00|  MSFT| 225.95000| 228.39999| 225.61000| 228.30000| 3077913|
[2023-06-15T09:47:10.840+0000] {spark_submit.py:490} INFO - |2021-01-25 11:30:00|  MSFT| 225.76500| 227.47000| 225.28000| 225.96001| 2895065|
[2023-06-15T09:47:10.840+0000] {spark_submit.py:490} INFO - |2021-01-25 10:30:00|  MSFT| 228.56010| 229.17000| 224.22000| 225.67999| 5779727|
[2023-06-15T09:47:10.840+0000] {spark_submit.py:490} INFO - |2021-01-25 09:30:00|  MSFT| 229.12000| 229.73000| 226.98000| 228.57001| 7892374|
[2023-06-15T09:47:10.840+0000] {spark_submit.py:490} INFO - |2021-01-25 15:30:00|  GOOG|1886.64502|1903.29004|1885.41003|1899.40002|  230422|
[2023-06-15T09:47:10.841+0000] {spark_submit.py:490} INFO - |2021-01-25 14:30:00|  GOOG|1880.54504|1887.80005|1877.76001|1886.51501|  170479|
[2023-06-15T09:47:10.841+0000] {spark_submit.py:490} INFO - |2021-01-25 13:30:00|  GOOG|1881.60999|1881.60999|1870.68994|1880.33997|  143510|
[2023-06-15T09:47:10.841+0000] {spark_submit.py:490} INFO - |2021-01-25 12:30:00|  GOOG|1872.57996|1887.43005|1872.01001|1881.13745|  180480|
[2023-06-15T09:47:10.841+0000] {spark_submit.py:490} INFO - |2021-01-25 11:30:00|  GOOG|1885.16003|1887.44995|1871.51001|1874.48999|  225325|
[2023-06-15T09:47:10.841+0000] {spark_submit.py:490} INFO - |2021-01-25 10:30:00|  GOOG|1907.04004|1908.40002|1867.53003|1884.17004|  345906|
[2023-06-15T09:47:10.841+0000] {spark_submit.py:490} INFO - +-------------------+------+----------+----------+----------+----------+--------+
[2023-06-15T09:47:10.841+0000] {spark_submit.py:490} INFO - only showing top 20 rows
[2023-06-15T09:47:10.841+0000] {spark_submit.py:490} INFO - 
[2023-06-15T09:47:10.952+0000] {spark_submit.py:490} INFO - 23/06/15 09:47:10 INFO SparkContext: Invoking stop() from shutdown hook
[2023-06-15T09:47:10.953+0000] {spark_submit.py:490} INFO - 23/06/15 09:47:10 INFO SparkContext: SparkContext is stopping with exitCode 0.
[2023-06-15T09:47:10.963+0000] {spark_submit.py:490} INFO - 23/06/15 09:47:10 INFO SparkUI: Stopped Spark web UI at http://69b643fc97df:4040
[2023-06-15T09:47:10.967+0000] {spark_submit.py:490} INFO - 23/06/15 09:47:10 INFO StandaloneSchedulerBackend: Shutting down all executors
[2023-06-15T09:47:10.967+0000] {spark_submit.py:490} INFO - 23/06/15 09:47:10 INFO StandaloneSchedulerBackend$StandaloneDriverEndpoint: Asking each executor to shut down
[2023-06-15T09:47:10.990+0000] {spark_submit.py:490} INFO - 23/06/15 09:47:10 INFO MapOutputTrackerMasterEndpoint: MapOutputTrackerMasterEndpoint stopped!
[2023-06-15T09:47:11.006+0000] {spark_submit.py:490} INFO - 23/06/15 09:47:11 INFO MemoryStore: MemoryStore cleared
[2023-06-15T09:47:11.006+0000] {spark_submit.py:490} INFO - 23/06/15 09:47:11 INFO BlockManager: BlockManager stopped
[2023-06-15T09:47:11.010+0000] {spark_submit.py:490} INFO - 23/06/15 09:47:11 INFO BlockManagerMaster: BlockManagerMaster stopped
[2023-06-15T09:47:11.014+0000] {spark_submit.py:490} INFO - 23/06/15 09:47:11 INFO OutputCommitCoordinator$OutputCommitCoordinatorEndpoint: OutputCommitCoordinator stopped!
[2023-06-15T09:47:11.021+0000] {spark_submit.py:490} INFO - 23/06/15 09:47:11 INFO SparkContext: Successfully stopped SparkContext
[2023-06-15T09:47:11.021+0000] {spark_submit.py:490} INFO - 23/06/15 09:47:11 INFO ShutdownHookManager: Shutdown hook called
[2023-06-15T09:47:11.022+0000] {spark_submit.py:490} INFO - 23/06/15 09:47:11 INFO ShutdownHookManager: Deleting directory /tmp/spark-dcd35458-88c8-48e3-9ae3-5bb996b6b518
[2023-06-15T09:47:11.025+0000] {spark_submit.py:490} INFO - 23/06/15 09:47:11 INFO ShutdownHookManager: Deleting directory /tmp/spark-dcd35458-88c8-48e3-9ae3-5bb996b6b518/pyspark-d393a108-3c3b-465e-a48d-14c5e81f8315
[2023-06-15T09:47:11.028+0000] {spark_submit.py:490} INFO - 23/06/15 09:47:11 INFO ShutdownHookManager: Deleting directory /tmp/spark-23c85024-f714-4c21-bc7f-fc8cd8264909
[2023-06-15T09:47:11.091+0000] {taskinstance.py:1345} INFO - Marking task as SUCCESS. dag_id=upload_to_gcs, task_id=spark_load_stock_data, execution_date=20210125T000000, start_date=20230615T094557, end_date=20230615T094711
[2023-06-15T09:47:11.146+0000] {local_task_job_runner.py:225} INFO - Task exited with return code 0
[2023-06-15T09:47:11.158+0000] {taskinstance.py:2651} INFO - 0 downstream tasks scheduled from follow-on schedule check
