[2023-06-15T09:30:26.448+0000] {taskinstance.py:1103} INFO - Dependencies all met for dep_context=non-requeueable deps ti=<TaskInstance: upload_to_gcs.spark_load_stock_data backfill__2021-01-10T00:00:00+00:00 [queued]>
[2023-06-15T09:30:26.456+0000] {taskinstance.py:1103} INFO - Dependencies all met for dep_context=requeueable deps ti=<TaskInstance: upload_to_gcs.spark_load_stock_data backfill__2021-01-10T00:00:00+00:00 [queued]>
[2023-06-15T09:30:26.456+0000] {taskinstance.py:1308} INFO - Starting attempt 1 of 2
[2023-06-15T09:30:26.467+0000] {taskinstance.py:1327} INFO - Executing <Task(SparkSubmitOperator): spark_load_stock_data> on 2021-01-10 00:00:00+00:00
[2023-06-15T09:30:26.471+0000] {standard_task_runner.py:57} INFO - Started process 2406 to run task
[2023-06-15T09:30:26.474+0000] {standard_task_runner.py:84} INFO - Running: ['***', 'tasks', 'run', 'upload_to_gcs', 'spark_load_stock_data', 'backfill__2021-01-10T00:00:00+00:00', '--job-id', '375', '--pool', 'default_pool', '--raw', '--subdir', 'DAGS_FOLDER/upload_to_gcs.py', '--cfg-path', '/tmp/tmpgxgw2t9r']
[2023-06-15T09:30:26.474+0000] {standard_task_runner.py:85} INFO - Job 375: Subtask spark_load_stock_data
[2023-06-15T09:30:26.513+0000] {task_command.py:410} INFO - Running <TaskInstance: upload_to_gcs.spark_load_stock_data backfill__2021-01-10T00:00:00+00:00 [running]> on host 69b643fc97df
[2023-06-15T09:30:26.580+0000] {taskinstance.py:1545} INFO - Exporting env vars: AIRFLOW_CTX_DAG_OWNER='***' AIRFLOW_CTX_DAG_ID='upload_to_gcs' AIRFLOW_CTX_TASK_ID='spark_load_stock_data' AIRFLOW_CTX_EXECUTION_DATE='2021-01-10T00:00:00+00:00' AIRFLOW_CTX_TRY_NUMBER='1' AIRFLOW_CTX_DAG_RUN_ID='backfill__2021-01-10T00:00:00+00:00'
[2023-06-15T09:30:26.587+0000] {base.py:73} INFO - Using connection ID 'spark_default' for task execution.
[2023-06-15T09:30:26.588+0000] {spark_submit.py:339} INFO - Spark-Submit cmd: spark-submit --master spark://spark:7077 --name arrow-spark --verbose /opt/spark/app/load_data.py 2021-01-10 2efb4e0c80a041b794abaf4369e76869 dtc-de-382609_bucket
[2023-06-15T09:30:26.605+0000] {spark_submit.py:490} INFO - /opt/***/spark/spark-3.4.0-bin-hadoop3/bin/load-spark-env.sh: line 68: ps: command not found
[2023-06-15T09:30:27.898+0000] {spark_submit.py:490} INFO - Using properties file: null
[2023-06-15T09:30:28.028+0000] {spark_submit.py:490} INFO - Parsed arguments:
[2023-06-15T09:30:28.028+0000] {spark_submit.py:490} INFO - master                  spark://spark:7077
[2023-06-15T09:30:28.028+0000] {spark_submit.py:490} INFO - remote                  null
[2023-06-15T09:30:28.028+0000] {spark_submit.py:490} INFO - deployMode              null
[2023-06-15T09:30:28.028+0000] {spark_submit.py:490} INFO - executorMemory          null
[2023-06-15T09:30:28.028+0000] {spark_submit.py:490} INFO - executorCores           null
[2023-06-15T09:30:28.028+0000] {spark_submit.py:490} INFO - totalExecutorCores      null
[2023-06-15T09:30:28.028+0000] {spark_submit.py:490} INFO - propertiesFile          null
[2023-06-15T09:30:28.029+0000] {spark_submit.py:490} INFO - driverMemory            null
[2023-06-15T09:30:28.029+0000] {spark_submit.py:490} INFO - driverCores             null
[2023-06-15T09:30:28.029+0000] {spark_submit.py:490} INFO - driverExtraClassPath    null
[2023-06-15T09:30:28.029+0000] {spark_submit.py:490} INFO - driverExtraLibraryPath  null
[2023-06-15T09:30:28.029+0000] {spark_submit.py:490} INFO - driverExtraJavaOptions  null
[2023-06-15T09:30:28.029+0000] {spark_submit.py:490} INFO - supervise               false
[2023-06-15T09:30:28.029+0000] {spark_submit.py:490} INFO - queue                   null
[2023-06-15T09:30:28.029+0000] {spark_submit.py:490} INFO - numExecutors            null
[2023-06-15T09:30:28.029+0000] {spark_submit.py:490} INFO - files                   null
[2023-06-15T09:30:28.029+0000] {spark_submit.py:490} INFO - pyFiles                 null
[2023-06-15T09:30:28.029+0000] {spark_submit.py:490} INFO - archives                null
[2023-06-15T09:30:28.029+0000] {spark_submit.py:490} INFO - mainClass               null
[2023-06-15T09:30:28.030+0000] {spark_submit.py:490} INFO - primaryResource         file:/opt/spark/app/load_data.py
[2023-06-15T09:30:28.030+0000] {spark_submit.py:490} INFO - name                    arrow-spark
[2023-06-15T09:30:28.030+0000] {spark_submit.py:490} INFO - childArgs               [2021-01-10 2efb4e0c80a041b794abaf4369e76869 dtc-de-382609_bucket]
[2023-06-15T09:30:28.030+0000] {spark_submit.py:490} INFO - jars                    null
[2023-06-15T09:30:28.030+0000] {spark_submit.py:490} INFO - packages                null
[2023-06-15T09:30:28.030+0000] {spark_submit.py:490} INFO - packagesExclusions      null
[2023-06-15T09:30:28.030+0000] {spark_submit.py:490} INFO - repositories            null
[2023-06-15T09:30:28.030+0000] {spark_submit.py:490} INFO - verbose                 true
[2023-06-15T09:30:28.030+0000] {spark_submit.py:490} INFO - 
[2023-06-15T09:30:28.030+0000] {spark_submit.py:490} INFO - Spark properties used, including those specified through
[2023-06-15T09:30:28.030+0000] {spark_submit.py:490} INFO - --conf and those from the properties file null:
[2023-06-15T09:30:28.030+0000] {spark_submit.py:490} INFO - 
[2023-06-15T09:30:28.031+0000] {spark_submit.py:490} INFO - 
[2023-06-15T09:30:28.031+0000] {spark_submit.py:490} INFO - 
[2023-06-15T09:30:28.343+0000] {spark_submit.py:490} INFO - Main class:
[2023-06-15T09:30:28.343+0000] {spark_submit.py:490} INFO - org.apache.spark.deploy.PythonRunner
[2023-06-15T09:30:28.343+0000] {spark_submit.py:490} INFO - Arguments:
[2023-06-15T09:30:28.343+0000] {spark_submit.py:490} INFO - file:/opt/spark/app/load_data.py
[2023-06-15T09:30:28.344+0000] {spark_submit.py:490} INFO - null
[2023-06-15T09:30:28.344+0000] {spark_submit.py:490} INFO - 2021-01-10
[2023-06-15T09:30:28.344+0000] {spark_submit.py:490} INFO - 2efb4e0c80a041b794abaf4369e76869
[2023-06-15T09:30:28.344+0000] {spark_submit.py:490} INFO - dtc-de-382609_bucket
[2023-06-15T09:30:28.348+0000] {spark_submit.py:490} INFO - Spark config:
[2023-06-15T09:30:28.348+0000] {spark_submit.py:490} INFO - (spark.app.name,arrow-spark)
[2023-06-15T09:30:28.348+0000] {spark_submit.py:490} INFO - (spark.app.submitTime,1686821428322)
[2023-06-15T09:30:28.348+0000] {spark_submit.py:490} INFO - (spark.master,spark://spark:7077)
[2023-06-15T09:30:28.348+0000] {spark_submit.py:490} INFO - (spark.submit.deployMode,client)
[2023-06-15T09:30:28.349+0000] {spark_submit.py:490} INFO - (spark.submit.pyFiles,)
[2023-06-15T09:30:28.349+0000] {spark_submit.py:490} INFO - Classpath elements:
[2023-06-15T09:30:28.349+0000] {spark_submit.py:490} INFO - 
[2023-06-15T09:30:28.349+0000] {spark_submit.py:490} INFO - 
[2023-06-15T09:30:28.349+0000] {spark_submit.py:490} INFO - 
[2023-06-15T09:30:29.650+0000] {spark_submit.py:490} INFO - 23/06/15 09:30:29 INFO SparkContext: Running Spark version 3.4.0
[2023-06-15T09:30:29.738+0000] {spark_submit.py:490} INFO - 23/06/15 09:30:29 WARN NativeCodeLoader: Unable to load native-hadoop library for your platform... using builtin-java classes where applicable
[2023-06-15T09:30:29.888+0000] {spark_submit.py:490} INFO - 23/06/15 09:30:29 INFO ResourceUtils: ==============================================================
[2023-06-15T09:30:29.888+0000] {spark_submit.py:490} INFO - 23/06/15 09:30:29 INFO ResourceUtils: No custom resources configured for spark.driver.
[2023-06-15T09:30:29.891+0000] {spark_submit.py:490} INFO - 23/06/15 09:30:29 INFO ResourceUtils: ==============================================================
[2023-06-15T09:30:29.891+0000] {spark_submit.py:490} INFO - 23/06/15 09:30:29 INFO SparkContext: Submitted application: SparkUploadData
[2023-06-15T09:30:29.940+0000] {spark_submit.py:490} INFO - 23/06/15 09:30:29 INFO ResourceProfile: Default ResourceProfile created, executor resources: Map(memory -> name: memory, amount: 1024, script: , vendor: , offHeap -> name: offHeap, amount: 0, script: , vendor: ), task resources: Map(cpus -> name: cpus, amount: 1.0)
[2023-06-15T09:30:29.956+0000] {spark_submit.py:490} INFO - 23/06/15 09:30:29 INFO ResourceProfile: Limiting resource is cpu
[2023-06-15T09:30:29.957+0000] {spark_submit.py:490} INFO - 23/06/15 09:30:29 INFO ResourceProfileManager: Added ResourceProfile id: 0
[2023-06-15T09:30:30.038+0000] {spark_submit.py:490} INFO - 23/06/15 09:30:30 INFO SecurityManager: Changing view acls to: default
[2023-06-15T09:30:30.039+0000] {spark_submit.py:490} INFO - 23/06/15 09:30:30 INFO SecurityManager: Changing modify acls to: default
[2023-06-15T09:30:30.040+0000] {spark_submit.py:490} INFO - 23/06/15 09:30:30 INFO SecurityManager: Changing view acls groups to:
[2023-06-15T09:30:30.041+0000] {spark_submit.py:490} INFO - 23/06/15 09:30:30 INFO SecurityManager: Changing modify acls groups to:
[2023-06-15T09:30:30.042+0000] {spark_submit.py:490} INFO - 23/06/15 09:30:30 INFO SecurityManager: SecurityManager: authentication disabled; ui acls disabled; users with view permissions: default; groups with view permissions: EMPTY; users with modify permissions: default; groups with modify permissions: EMPTY
[2023-06-15T09:30:30.415+0000] {spark_submit.py:490} INFO - 23/06/15 09:30:30 INFO Utils: Successfully started service 'sparkDriver' on port 44315.
[2023-06-15T09:30:30.462+0000] {spark_submit.py:490} INFO - 23/06/15 09:30:30 INFO SparkEnv: Registering MapOutputTracker
[2023-06-15T09:30:30.516+0000] {spark_submit.py:490} INFO - 23/06/15 09:30:30 INFO SparkEnv: Registering BlockManagerMaster
[2023-06-15T09:30:30.547+0000] {spark_submit.py:490} INFO - 23/06/15 09:30:30 INFO BlockManagerMasterEndpoint: Using org.apache.spark.storage.DefaultTopologyMapper for getting topology information
[2023-06-15T09:30:30.548+0000] {spark_submit.py:490} INFO - 23/06/15 09:30:30 INFO BlockManagerMasterEndpoint: BlockManagerMasterEndpoint up
[2023-06-15T09:30:30.554+0000] {spark_submit.py:490} INFO - 23/06/15 09:30:30 INFO SparkEnv: Registering BlockManagerMasterHeartbeat
[2023-06-15T09:30:30.591+0000] {spark_submit.py:490} INFO - 23/06/15 09:30:30 INFO DiskBlockManager: Created local directory at /tmp/blockmgr-e2a3bbae-4f80-494f-bf24-f373368ad8ea
[2023-06-15T09:30:30.619+0000] {spark_submit.py:490} INFO - 23/06/15 09:30:30 INFO MemoryStore: MemoryStore started with capacity 434.4 MiB
[2023-06-15T09:30:30.657+0000] {spark_submit.py:490} INFO - 23/06/15 09:30:30 INFO SparkEnv: Registering OutputCommitCoordinator
[2023-06-15T09:30:30.870+0000] {spark_submit.py:490} INFO - 23/06/15 09:30:30 INFO JettyUtils: Start Jetty 0.0.0.0:4040 for SparkUI
[2023-06-15T09:30:30.960+0000] {spark_submit.py:490} INFO - 23/06/15 09:30:30 INFO Utils: Successfully started service 'SparkUI' on port 4040.
[2023-06-15T09:30:31.197+0000] {spark_submit.py:490} INFO - 23/06/15 09:30:31 INFO StandaloneAppClient$ClientEndpoint: Connecting to master spark://spark:7077...
[2023-06-15T09:30:31.300+0000] {spark_submit.py:490} INFO - 23/06/15 09:30:31 INFO TransportClientFactory: Successfully created connection to spark/172.27.0.3:7077 after 46 ms (0 ms spent in bootstraps)
[2023-06-15T09:30:31.374+0000] {spark_submit.py:490} INFO - 23/06/15 09:30:31 INFO StandaloneSchedulerBackend: Connected to Spark cluster with app ID app-20230615093031-0009
[2023-06-15T09:30:31.376+0000] {spark_submit.py:490} INFO - 23/06/15 09:30:31 INFO StandaloneAppClient$ClientEndpoint: Executor added: app-20230615093031-0009/0 on worker-20230615091312-172.27.0.2-45907 (172.27.0.2:45907) with 2 core(s)
[2023-06-15T09:30:31.381+0000] {spark_submit.py:490} INFO - 23/06/15 09:30:31 INFO StandaloneSchedulerBackend: Granted executor ID app-20230615093031-0009/0 on hostPort 172.27.0.2:45907 with 2 core(s), 1024.0 MiB RAM
[2023-06-15T09:30:31.386+0000] {spark_submit.py:490} INFO - 23/06/15 09:30:31 INFO Utils: Successfully started service 'org.apache.spark.network.netty.NettyBlockTransferService' on port 34409.
[2023-06-15T09:30:31.386+0000] {spark_submit.py:490} INFO - 23/06/15 09:30:31 INFO NettyBlockTransferService: Server created on 69b643fc97df:34409
[2023-06-15T09:30:31.389+0000] {spark_submit.py:490} INFO - 23/06/15 09:30:31 INFO BlockManager: Using org.apache.spark.storage.RandomBlockReplicationPolicy for block replication policy
[2023-06-15T09:30:31.400+0000] {spark_submit.py:490} INFO - 23/06/15 09:30:31 INFO BlockManagerMaster: Registering BlockManager BlockManagerId(driver, 69b643fc97df, 34409, None)
[2023-06-15T09:30:31.405+0000] {spark_submit.py:490} INFO - 23/06/15 09:30:31 INFO BlockManagerMasterEndpoint: Registering block manager 69b643fc97df:34409 with 434.4 MiB RAM, BlockManagerId(driver, 69b643fc97df, 34409, None)
[2023-06-15T09:30:31.409+0000] {spark_submit.py:490} INFO - 23/06/15 09:30:31 INFO BlockManagerMaster: Registered BlockManager BlockManagerId(driver, 69b643fc97df, 34409, None)
[2023-06-15T09:30:31.410+0000] {spark_submit.py:490} INFO - 23/06/15 09:30:31 INFO StandaloneAppClient$ClientEndpoint: Executor updated: app-20230615093031-0009/0 is now RUNNING
[2023-06-15T09:30:31.412+0000] {spark_submit.py:490} INFO - 23/06/15 09:30:31 INFO BlockManager: Initialized BlockManager: BlockManagerId(driver, 69b643fc97df, 34409, None)
[2023-06-15T09:30:31.683+0000] {spark_submit.py:490} INFO - 23/06/15 09:30:31 INFO StandaloneSchedulerBackend: SchedulerBackend is ready for scheduling beginning after reached minRegisteredResourcesRatio: 0.0
[2023-06-15T09:30:33.372+0000] {spark_submit.py:490} INFO - 23/06/15 09:30:33 INFO SharedState: Setting hive.metastore.warehouse.dir ('null') to the value of spark.sql.warehouse.dir.
[2023-06-15T09:30:33.387+0000] {spark_submit.py:490} INFO - 23/06/15 09:30:33 INFO SharedState: Warehouse path is 'file:/opt/***/spark-warehouse'.
[2023-06-15T09:30:34.609+0000] {spark_submit.py:490} INFO - 23/06/15 09:30:34 INFO StandaloneSchedulerBackend$StandaloneDriverEndpoint: Registered executor NettyRpcEndpointRef(spark-client://Executor) (172.27.0.2:37094) with ID 0,  ResourceProfileId 0
[2023-06-15T09:30:34.688+0000] {spark_submit.py:490} INFO - 23/06/15 09:30:34 INFO BlockManagerMasterEndpoint: Registering block manager 172.27.0.2:35317 with 434.4 MiB RAM, BlockManagerId(0, 172.27.0.2, 35317, None)
[2023-06-15T09:30:36.688+0000] {spark_submit.py:490} INFO - {'code': 400, 'message': 'No data is available on the specified dates. Try setting different start/end dates.', 'status': 'error', 'meta': {'symbol': 'AAPL', 'interval': '1h', 'exchange': ''}}
[2023-06-15T09:30:36.708+0000] {spark_submit.py:490} INFO - ERROR:root:Something error
[2023-06-15T09:30:36.832+0000] {spark_submit.py:490} INFO - 23/06/15 09:30:36 INFO SparkContext: Invoking stop() from shutdown hook
[2023-06-15T09:30:36.833+0000] {spark_submit.py:490} INFO - 23/06/15 09:30:36 INFO SparkContext: SparkContext is stopping with exitCode 0.
[2023-06-15T09:30:36.846+0000] {spark_submit.py:490} INFO - 23/06/15 09:30:36 INFO SparkUI: Stopped Spark web UI at http://69b643fc97df:4040
[2023-06-15T09:30:36.852+0000] {spark_submit.py:490} INFO - 23/06/15 09:30:36 INFO StandaloneSchedulerBackend: Shutting down all executors
[2023-06-15T09:30:36.853+0000] {spark_submit.py:490} INFO - 23/06/15 09:30:36 INFO StandaloneSchedulerBackend$StandaloneDriverEndpoint: Asking each executor to shut down
[2023-06-15T09:30:36.880+0000] {spark_submit.py:490} INFO - 23/06/15 09:30:36 INFO MapOutputTrackerMasterEndpoint: MapOutputTrackerMasterEndpoint stopped!
[2023-06-15T09:30:36.893+0000] {spark_submit.py:490} INFO - 23/06/15 09:30:36 INFO MemoryStore: MemoryStore cleared
[2023-06-15T09:30:36.894+0000] {spark_submit.py:490} INFO - 23/06/15 09:30:36 INFO BlockManager: BlockManager stopped
[2023-06-15T09:30:36.902+0000] {spark_submit.py:490} INFO - 23/06/15 09:30:36 INFO BlockManagerMaster: BlockManagerMaster stopped
[2023-06-15T09:30:36.905+0000] {spark_submit.py:490} INFO - 23/06/15 09:30:36 INFO OutputCommitCoordinator$OutputCommitCoordinatorEndpoint: OutputCommitCoordinator stopped!
[2023-06-15T09:30:36.912+0000] {spark_submit.py:490} INFO - 23/06/15 09:30:36 INFO SparkContext: Successfully stopped SparkContext
[2023-06-15T09:30:36.912+0000] {spark_submit.py:490} INFO - 23/06/15 09:30:36 INFO ShutdownHookManager: Shutdown hook called
[2023-06-15T09:30:36.913+0000] {spark_submit.py:490} INFO - 23/06/15 09:30:36 INFO ShutdownHookManager: Deleting directory /tmp/spark-10030e0d-99be-474f-b020-c2eb975e4381/pyspark-4505f752-fa76-4781-ab11-0e9e3ae8fa1d
[2023-06-15T09:30:36.916+0000] {spark_submit.py:490} INFO - 23/06/15 09:30:36 INFO ShutdownHookManager: Deleting directory /tmp/spark-10030e0d-99be-474f-b020-c2eb975e4381
[2023-06-15T09:30:36.919+0000] {spark_submit.py:490} INFO - 23/06/15 09:30:36 INFO ShutdownHookManager: Deleting directory /tmp/spark-4d46f93b-2fcd-4ea1-822e-2f6532227190
[2023-06-15T09:30:36.985+0000] {taskinstance.py:1345} INFO - Marking task as SUCCESS. dag_id=upload_to_gcs, task_id=spark_load_stock_data, execution_date=20210110T000000, start_date=20230615T093026, end_date=20230615T093036
[2023-06-15T09:30:37.044+0000] {local_task_job_runner.py:225} INFO - Task exited with return code 0
[2023-06-15T09:30:37.087+0000] {taskinstance.py:2651} INFO - 0 downstream tasks scheduled from follow-on schedule check
