[2023-06-15T10:02:17.979+0000] {taskinstance.py:1103} INFO - Dependencies all met for dep_context=non-requeueable deps ti=<TaskInstance: upload_to_gcs.spark_load_stock_data backfill__2021-02-08T00:00:00+00:00 [queued]>
[2023-06-15T10:02:17.989+0000] {taskinstance.py:1103} INFO - Dependencies all met for dep_context=requeueable deps ti=<TaskInstance: upload_to_gcs.spark_load_stock_data backfill__2021-02-08T00:00:00+00:00 [queued]>
[2023-06-15T10:02:17.990+0000] {taskinstance.py:1308} INFO - Starting attempt 1 of 2
[2023-06-15T10:02:18.007+0000] {taskinstance.py:1327} INFO - Executing <Task(SparkSubmitOperator): spark_load_stock_data> on 2021-02-08 00:00:00+00:00
[2023-06-15T10:02:18.013+0000] {standard_task_runner.py:57} INFO - Started process 9969 to run task
[2023-06-15T10:02:18.016+0000] {standard_task_runner.py:84} INFO - Running: ['***', 'tasks', 'run', 'upload_to_gcs', 'spark_load_stock_data', 'backfill__2021-02-08T00:00:00+00:00', '--job-id', '433', '--pool', 'default_pool', '--raw', '--subdir', 'DAGS_FOLDER/upload_to_gcs.py', '--cfg-path', '/tmp/tmprem2bulu']
[2023-06-15T10:02:18.016+0000] {standard_task_runner.py:85} INFO - Job 433: Subtask spark_load_stock_data
[2023-06-15T10:02:18.056+0000] {task_command.py:410} INFO - Running <TaskInstance: upload_to_gcs.spark_load_stock_data backfill__2021-02-08T00:00:00+00:00 [running]> on host 69b643fc97df
[2023-06-15T10:02:18.125+0000] {taskinstance.py:1545} INFO - Exporting env vars: AIRFLOW_CTX_DAG_OWNER='***' AIRFLOW_CTX_DAG_ID='upload_to_gcs' AIRFLOW_CTX_TASK_ID='spark_load_stock_data' AIRFLOW_CTX_EXECUTION_DATE='2021-02-08T00:00:00+00:00' AIRFLOW_CTX_TRY_NUMBER='1' AIRFLOW_CTX_DAG_RUN_ID='backfill__2021-02-08T00:00:00+00:00'
[2023-06-15T10:02:18.132+0000] {base.py:73} INFO - Using connection ID 'spark_default' for task execution.
[2023-06-15T10:02:18.133+0000] {spark_submit.py:339} INFO - Spark-Submit cmd: spark-submit --master spark://spark:7077 --name arrow-spark --verbose /opt/spark/app/load_data.py 2021-02-08 2efb4e0c80a041b794abaf4369e76869 dtc-de-382609_bucket
[2023-06-15T10:02:18.152+0000] {spark_submit.py:490} INFO - /opt/***/spark/spark-3.4.0-bin-hadoop3/bin/load-spark-env.sh: line 68: ps: command not found
[2023-06-15T10:02:19.585+0000] {spark_submit.py:490} INFO - Using properties file: null
[2023-06-15T10:02:19.739+0000] {spark_submit.py:490} INFO - Parsed arguments:
[2023-06-15T10:02:19.740+0000] {spark_submit.py:490} INFO - master                  spark://spark:7077
[2023-06-15T10:02:19.740+0000] {spark_submit.py:490} INFO - remote                  null
[2023-06-15T10:02:19.740+0000] {spark_submit.py:490} INFO - deployMode              null
[2023-06-15T10:02:19.740+0000] {spark_submit.py:490} INFO - executorMemory          null
[2023-06-15T10:02:19.740+0000] {spark_submit.py:490} INFO - executorCores           null
[2023-06-15T10:02:19.740+0000] {spark_submit.py:490} INFO - totalExecutorCores      null
[2023-06-15T10:02:19.740+0000] {spark_submit.py:490} INFO - propertiesFile          null
[2023-06-15T10:02:19.741+0000] {spark_submit.py:490} INFO - driverMemory            null
[2023-06-15T10:02:19.741+0000] {spark_submit.py:490} INFO - driverCores             null
[2023-06-15T10:02:19.741+0000] {spark_submit.py:490} INFO - driverExtraClassPath    null
[2023-06-15T10:02:19.741+0000] {spark_submit.py:490} INFO - driverExtraLibraryPath  null
[2023-06-15T10:02:19.741+0000] {spark_submit.py:490} INFO - driverExtraJavaOptions  null
[2023-06-15T10:02:19.741+0000] {spark_submit.py:490} INFO - supervise               false
[2023-06-15T10:02:19.741+0000] {spark_submit.py:490} INFO - queue                   null
[2023-06-15T10:02:19.741+0000] {spark_submit.py:490} INFO - numExecutors            null
[2023-06-15T10:02:19.741+0000] {spark_submit.py:490} INFO - files                   null
[2023-06-15T10:02:19.741+0000] {spark_submit.py:490} INFO - pyFiles                 null
[2023-06-15T10:02:19.741+0000] {spark_submit.py:490} INFO - archives                null
[2023-06-15T10:02:19.742+0000] {spark_submit.py:490} INFO - mainClass               null
[2023-06-15T10:02:19.742+0000] {spark_submit.py:490} INFO - primaryResource         file:/opt/spark/app/load_data.py
[2023-06-15T10:02:19.742+0000] {spark_submit.py:490} INFO - name                    arrow-spark
[2023-06-15T10:02:19.742+0000] {spark_submit.py:490} INFO - childArgs               [2021-02-08 2efb4e0c80a041b794abaf4369e76869 dtc-de-382609_bucket]
[2023-06-15T10:02:19.742+0000] {spark_submit.py:490} INFO - jars                    null
[2023-06-15T10:02:19.742+0000] {spark_submit.py:490} INFO - packages                null
[2023-06-15T10:02:19.742+0000] {spark_submit.py:490} INFO - packagesExclusions      null
[2023-06-15T10:02:19.742+0000] {spark_submit.py:490} INFO - repositories            null
[2023-06-15T10:02:19.742+0000] {spark_submit.py:490} INFO - verbose                 true
[2023-06-15T10:02:19.742+0000] {spark_submit.py:490} INFO - 
[2023-06-15T10:02:19.743+0000] {spark_submit.py:490} INFO - Spark properties used, including those specified through
[2023-06-15T10:02:19.743+0000] {spark_submit.py:490} INFO - --conf and those from the properties file null:
[2023-06-15T10:02:19.743+0000] {spark_submit.py:490} INFO - 
[2023-06-15T10:02:19.743+0000] {spark_submit.py:490} INFO - 
[2023-06-15T10:02:19.743+0000] {spark_submit.py:490} INFO - 
[2023-06-15T10:02:20.101+0000] {spark_submit.py:490} INFO - Main class:
[2023-06-15T10:02:20.102+0000] {spark_submit.py:490} INFO - org.apache.spark.deploy.PythonRunner
[2023-06-15T10:02:20.102+0000] {spark_submit.py:490} INFO - Arguments:
[2023-06-15T10:02:20.102+0000] {spark_submit.py:490} INFO - file:/opt/spark/app/load_data.py
[2023-06-15T10:02:20.102+0000] {spark_submit.py:490} INFO - null
[2023-06-15T10:02:20.102+0000] {spark_submit.py:490} INFO - 2021-02-08
[2023-06-15T10:02:20.102+0000] {spark_submit.py:490} INFO - 2efb4e0c80a041b794abaf4369e76869
[2023-06-15T10:02:20.102+0000] {spark_submit.py:490} INFO - dtc-de-382609_bucket
[2023-06-15T10:02:20.105+0000] {spark_submit.py:490} INFO - Spark config:
[2023-06-15T10:02:20.105+0000] {spark_submit.py:490} INFO - (spark.app.name,arrow-spark)
[2023-06-15T10:02:20.105+0000] {spark_submit.py:490} INFO - (spark.app.submitTime,1686823340084)
[2023-06-15T10:02:20.106+0000] {spark_submit.py:490} INFO - (spark.master,spark://spark:7077)
[2023-06-15T10:02:20.106+0000] {spark_submit.py:490} INFO - (spark.submit.deployMode,client)
[2023-06-15T10:02:20.106+0000] {spark_submit.py:490} INFO - (spark.submit.pyFiles,)
[2023-06-15T10:02:20.106+0000] {spark_submit.py:490} INFO - Classpath elements:
[2023-06-15T10:02:20.106+0000] {spark_submit.py:490} INFO - 
[2023-06-15T10:02:20.106+0000] {spark_submit.py:490} INFO - 
[2023-06-15T10:02:20.106+0000] {spark_submit.py:490} INFO - 
[2023-06-15T10:02:21.377+0000] {spark_submit.py:490} INFO - 23/06/15 10:02:21 INFO SparkContext: Running Spark version 3.4.0
[2023-06-15T10:02:21.430+0000] {spark_submit.py:490} INFO - 23/06/15 10:02:21 WARN NativeCodeLoader: Unable to load native-hadoop library for your platform... using builtin-java classes where applicable
[2023-06-15T10:02:21.549+0000] {spark_submit.py:490} INFO - 23/06/15 10:02:21 INFO ResourceUtils: ==============================================================
[2023-06-15T10:02:21.550+0000] {spark_submit.py:490} INFO - 23/06/15 10:02:21 INFO ResourceUtils: No custom resources configured for spark.driver.
[2023-06-15T10:02:21.550+0000] {spark_submit.py:490} INFO - 23/06/15 10:02:21 INFO ResourceUtils: ==============================================================
[2023-06-15T10:02:21.551+0000] {spark_submit.py:490} INFO - 23/06/15 10:02:21 INFO SparkContext: Submitted application: SparkUploadData
[2023-06-15T10:02:21.591+0000] {spark_submit.py:490} INFO - 23/06/15 10:02:21 INFO ResourceProfile: Default ResourceProfile created, executor resources: Map(memory -> name: memory, amount: 1024, script: , vendor: , offHeap -> name: offHeap, amount: 0, script: , vendor: ), task resources: Map(cpus -> name: cpus, amount: 1.0)
[2023-06-15T10:02:21.612+0000] {spark_submit.py:490} INFO - 23/06/15 10:02:21 INFO ResourceProfile: Limiting resource is cpu
[2023-06-15T10:02:21.613+0000] {spark_submit.py:490} INFO - 23/06/15 10:02:21 INFO ResourceProfileManager: Added ResourceProfile id: 0
[2023-06-15T10:02:21.681+0000] {spark_submit.py:490} INFO - 23/06/15 10:02:21 INFO SecurityManager: Changing view acls to: default
[2023-06-15T10:02:21.682+0000] {spark_submit.py:490} INFO - 23/06/15 10:02:21 INFO SecurityManager: Changing modify acls to: default
[2023-06-15T10:02:21.682+0000] {spark_submit.py:490} INFO - 23/06/15 10:02:21 INFO SecurityManager: Changing view acls groups to:
[2023-06-15T10:02:21.683+0000] {spark_submit.py:490} INFO - 23/06/15 10:02:21 INFO SecurityManager: Changing modify acls groups to:
[2023-06-15T10:02:21.683+0000] {spark_submit.py:490} INFO - 23/06/15 10:02:21 INFO SecurityManager: SecurityManager: authentication disabled; ui acls disabled; users with view permissions: default; groups with view permissions: EMPTY; users with modify permissions: default; groups with modify permissions: EMPTY
[2023-06-15T10:02:21.960+0000] {spark_submit.py:490} INFO - 23/06/15 10:02:21 INFO Utils: Successfully started service 'sparkDriver' on port 33853.
[2023-06-15T10:02:21.992+0000] {spark_submit.py:490} INFO - 23/06/15 10:02:21 INFO SparkEnv: Registering MapOutputTracker
[2023-06-15T10:02:22.050+0000] {spark_submit.py:490} INFO - 23/06/15 10:02:22 INFO SparkEnv: Registering BlockManagerMaster
[2023-06-15T10:02:22.075+0000] {spark_submit.py:490} INFO - 23/06/15 10:02:22 INFO BlockManagerMasterEndpoint: Using org.apache.spark.storage.DefaultTopologyMapper for getting topology information
[2023-06-15T10:02:22.076+0000] {spark_submit.py:490} INFO - 23/06/15 10:02:22 INFO BlockManagerMasterEndpoint: BlockManagerMasterEndpoint up
[2023-06-15T10:02:22.079+0000] {spark_submit.py:490} INFO - 23/06/15 10:02:22 INFO SparkEnv: Registering BlockManagerMasterHeartbeat
[2023-06-15T10:02:22.100+0000] {spark_submit.py:490} INFO - 23/06/15 10:02:22 INFO DiskBlockManager: Created local directory at /tmp/blockmgr-fadce3d7-2941-41ea-a4c4-2b2bdcd77640
[2023-06-15T10:02:22.115+0000] {spark_submit.py:490} INFO - 23/06/15 10:02:22 INFO MemoryStore: MemoryStore started with capacity 434.4 MiB
[2023-06-15T10:02:22.131+0000] {spark_submit.py:490} INFO - 23/06/15 10:02:22 INFO SparkEnv: Registering OutputCommitCoordinator
[2023-06-15T10:02:22.286+0000] {spark_submit.py:490} INFO - 23/06/15 10:02:22 INFO JettyUtils: Start Jetty 0.0.0.0:4040 for SparkUI
[2023-06-15T10:02:22.359+0000] {spark_submit.py:490} INFO - 23/06/15 10:02:22 INFO Utils: Successfully started service 'SparkUI' on port 4040.
[2023-06-15T10:02:22.474+0000] {spark_submit.py:490} INFO - 23/06/15 10:02:22 INFO StandaloneAppClient$ClientEndpoint: Connecting to master spark://spark:7077...
[2023-06-15T10:02:22.528+0000] {spark_submit.py:490} INFO - 23/06/15 10:02:22 INFO TransportClientFactory: Successfully created connection to spark/172.27.0.3:7077 after 38 ms (0 ms spent in bootstraps)
[2023-06-15T10:02:22.614+0000] {spark_submit.py:490} INFO - 23/06/15 10:02:22 INFO StandaloneSchedulerBackend: Connected to Spark cluster with app ID app-20230615100222-0038
[2023-06-15T10:02:22.616+0000] {spark_submit.py:490} INFO - 23/06/15 10:02:22 INFO StandaloneAppClient$ClientEndpoint: Executor added: app-20230615100222-0038/0 on worker-20230615091312-172.27.0.2-45907 (172.27.0.2:45907) with 2 core(s)
[2023-06-15T10:02:22.618+0000] {spark_submit.py:490} INFO - 23/06/15 10:02:22 INFO StandaloneSchedulerBackend: Granted executor ID app-20230615100222-0038/0 on hostPort 172.27.0.2:45907 with 2 core(s), 1024.0 MiB RAM
[2023-06-15T10:02:22.622+0000] {spark_submit.py:490} INFO - 23/06/15 10:02:22 INFO Utils: Successfully started service 'org.apache.spark.network.netty.NettyBlockTransferService' on port 36125.
[2023-06-15T10:02:22.622+0000] {spark_submit.py:490} INFO - 23/06/15 10:02:22 INFO NettyBlockTransferService: Server created on 69b643fc97df:36125
[2023-06-15T10:02:22.623+0000] {spark_submit.py:490} INFO - 23/06/15 10:02:22 INFO BlockManager: Using org.apache.spark.storage.RandomBlockReplicationPolicy for block replication policy
[2023-06-15T10:02:22.632+0000] {spark_submit.py:490} INFO - 23/06/15 10:02:22 INFO BlockManagerMaster: Registering BlockManager BlockManagerId(driver, 69b643fc97df, 36125, None)
[2023-06-15T10:02:22.637+0000] {spark_submit.py:490} INFO - 23/06/15 10:02:22 INFO BlockManagerMasterEndpoint: Registering block manager 69b643fc97df:36125 with 434.4 MiB RAM, BlockManagerId(driver, 69b643fc97df, 36125, None)
[2023-06-15T10:02:22.641+0000] {spark_submit.py:490} INFO - 23/06/15 10:02:22 INFO BlockManagerMaster: Registered BlockManager BlockManagerId(driver, 69b643fc97df, 36125, None)
[2023-06-15T10:02:22.643+0000] {spark_submit.py:490} INFO - 23/06/15 10:02:22 INFO BlockManager: Initialized BlockManager: BlockManagerId(driver, 69b643fc97df, 36125, None)
[2023-06-15T10:02:22.672+0000] {spark_submit.py:490} INFO - 23/06/15 10:02:22 INFO StandaloneAppClient$ClientEndpoint: Executor updated: app-20230615100222-0038/0 is now RUNNING
[2023-06-15T10:02:22.895+0000] {spark_submit.py:490} INFO - 23/06/15 10:02:22 INFO StandaloneSchedulerBackend: SchedulerBackend is ready for scheduling beginning after reached minRegisteredResourcesRatio: 0.0
[2023-06-15T10:02:24.871+0000] {spark_submit.py:490} INFO - 23/06/15 10:02:24 INFO SharedState: Setting hive.metastore.warehouse.dir ('null') to the value of spark.sql.warehouse.dir.
[2023-06-15T10:02:24.929+0000] {spark_submit.py:490} INFO - 23/06/15 10:02:24 INFO SharedState: Warehouse path is 'file:/opt/***/spark-warehouse'.
[2023-06-15T10:02:26.011+0000] {spark_submit.py:490} INFO - 23/06/15 10:02:26 INFO StandaloneSchedulerBackend$StandaloneDriverEndpoint: Registered executor NettyRpcEndpointRef(spark-client://Executor) (172.27.0.2:33654) with ID 0,  ResourceProfileId 0
[2023-06-15T10:02:26.092+0000] {spark_submit.py:490} INFO - 23/06/15 10:02:26 INFO BlockManagerMasterEndpoint: Registering block manager 172.27.0.2:36033 with 434.4 MiB RAM, BlockManagerId(0, 172.27.0.2, 36033, None)
[2023-06-15T10:02:29.440+0000] {spark_submit.py:490} INFO - {'meta': {'symbol': 'AAPL', 'interval': '1h', 'currency': 'USD', 'exchange_timezone': 'America/New_York', 'exchange': 'NASDAQ', 'mic_code': 'XNGS', 'type': 'Common Stock'}, 'values': [{'datetime': '2021-02-08 15:30:00', 'open': '136.32500', 'high': '136.95000', 'low': '136.25000', 'close': '136.90070', 'volume': '7242692'}, {'datetime': '2021-02-08 14:30:00', 'open': '136.02071', 'high': '136.42999', 'low': '135.89999', 'close': '136.32080', 'volume': '5708151'}, {'datetime': '2021-02-08 13:30:00', 'open': '136.07001', 'high': '136.30000', 'low': '135.82001', 'close': '136.02000', 'volume': '4797295'}, {'datetime': '2021-02-08 12:30:00', 'open': '136.07150', 'high': '136.38000', 'low': '135.84000', 'close': '136.07080', 'volume': '5159748'}, {'datetime': '2021-02-08 11:30:00', 'open': '136.44501', 'high': '136.53999', 'low': '135.84000', 'close': '136.09000', 'volume': '8595838'}, {'datetime': '2021-02-08 10:30:00', 'open': '135.90939', 'high': '136.89999', 'low': '135.88000', 'close': '136.44501', 'volume': '11088788'}, {'datetime': '2021-02-08 09:30:00', 'open': '136.10001', 'high': '136.31000', 'low': '134.92999', 'close': '135.91000', 'volume': '21114732'}], 'status': 'ok'}
[2023-06-15T10:02:30.336+0000] {spark_submit.py:490} INFO - 23/06/15 10:02:30 INFO CodeGenerator: Code generated in 308.210282 ms
[2023-06-15T10:02:30.446+0000] {spark_submit.py:490} INFO - 23/06/15 10:02:30 INFO SparkContext: Starting job: json at NativeMethodAccessorImpl.java:0
[2023-06-15T10:02:30.476+0000] {spark_submit.py:490} INFO - 23/06/15 10:02:30 INFO DAGScheduler: Got job 0 (json at NativeMethodAccessorImpl.java:0) with 2 output partitions
[2023-06-15T10:02:30.477+0000] {spark_submit.py:490} INFO - 23/06/15 10:02:30 INFO DAGScheduler: Final stage: ResultStage 0 (json at NativeMethodAccessorImpl.java:0)
[2023-06-15T10:02:30.478+0000] {spark_submit.py:490} INFO - 23/06/15 10:02:30 INFO DAGScheduler: Parents of final stage: List()
[2023-06-15T10:02:30.480+0000] {spark_submit.py:490} INFO - 23/06/15 10:02:30 INFO DAGScheduler: Missing parents: List()
[2023-06-15T10:02:30.486+0000] {spark_submit.py:490} INFO - 23/06/15 10:02:30 INFO DAGScheduler: Submitting ResultStage 0 (MapPartitionsRDD[11] at json at NativeMethodAccessorImpl.java:0), which has no missing parents
[2023-06-15T10:02:30.631+0000] {spark_submit.py:490} INFO - 23/06/15 10:02:30 INFO MemoryStore: Block broadcast_0 stored as values in memory (estimated size 19.8 KiB, free 434.4 MiB)
[2023-06-15T10:02:30.673+0000] {spark_submit.py:490} INFO - 23/06/15 10:02:30 INFO MemoryStore: Block broadcast_0_piece0 stored as bytes in memory (estimated size 9.7 KiB, free 434.4 MiB)
[2023-06-15T10:02:30.676+0000] {spark_submit.py:490} INFO - 23/06/15 10:02:30 INFO BlockManagerInfo: Added broadcast_0_piece0 in memory on 69b643fc97df:36125 (size: 9.7 KiB, free: 434.4 MiB)
[2023-06-15T10:02:30.681+0000] {spark_submit.py:490} INFO - 23/06/15 10:02:30 INFO SparkContext: Created broadcast 0 from broadcast at DAGScheduler.scala:1535
[2023-06-15T10:02:30.698+0000] {spark_submit.py:490} INFO - 23/06/15 10:02:30 INFO DAGScheduler: Submitting 2 missing tasks from ResultStage 0 (MapPartitionsRDD[11] at json at NativeMethodAccessorImpl.java:0) (first 15 tasks are for partitions Vector(0, 1))
[2023-06-15T10:02:30.701+0000] {spark_submit.py:490} INFO - 23/06/15 10:02:30 INFO TaskSchedulerImpl: Adding task set 0.0 with 2 tasks resource profile 0
[2023-06-15T10:02:30.756+0000] {spark_submit.py:490} INFO - 23/06/15 10:02:30 INFO TaskSetManager: Starting task 0.0 in stage 0.0 (TID 0) (172.27.0.2, executor 0, partition 0, PROCESS_LOCAL, 7347 bytes)
[2023-06-15T10:02:30.761+0000] {spark_submit.py:490} INFO - 23/06/15 10:02:30 INFO TaskSetManager: Starting task 1.0 in stage 0.0 (TID 1) (172.27.0.2, executor 0, partition 1, PROCESS_LOCAL, 8086 bytes)
[2023-06-15T10:02:31.042+0000] {spark_submit.py:490} INFO - 23/06/15 10:02:31 INFO BlockManagerInfo: Added broadcast_0_piece0 in memory on 172.27.0.2:36033 (size: 9.7 KiB, free: 434.4 MiB)
[2023-06-15T10:02:32.676+0000] {spark_submit.py:490} INFO - 23/06/15 10:02:32 INFO TaskSetManager: Finished task 0.0 in stage 0.0 (TID 0) in 1940 ms on 172.27.0.2 (executor 0) (1/2)
[2023-06-15T10:02:32.679+0000] {spark_submit.py:490} INFO - 23/06/15 10:02:32 INFO TaskSetManager: Finished task 1.0 in stage 0.0 (TID 1) in 1919 ms on 172.27.0.2 (executor 0) (2/2)
[2023-06-15T10:02:32.681+0000] {spark_submit.py:490} INFO - 23/06/15 10:02:32 INFO TaskSchedulerImpl: Removed TaskSet 0.0, whose tasks have all completed, from pool
[2023-06-15T10:02:32.688+0000] {spark_submit.py:490} INFO - 23/06/15 10:02:32 INFO PythonAccumulatorV2: Connected to AccumulatorServer at host: 127.0.0.1 port: 51629
[2023-06-15T10:02:32.695+0000] {spark_submit.py:490} INFO - 23/06/15 10:02:32 INFO DAGScheduler: ResultStage 0 (json at NativeMethodAccessorImpl.java:0) finished in 2.182 s
[2023-06-15T10:02:32.698+0000] {spark_submit.py:490} INFO - 23/06/15 10:02:32 INFO DAGScheduler: Job 0 is finished. Cancelling potential speculative or zombie tasks for this job
[2023-06-15T10:02:32.699+0000] {spark_submit.py:490} INFO - 23/06/15 10:02:32 INFO TaskSchedulerImpl: Killing all running tasks in stage 0: Stage finished
[2023-06-15T10:02:32.702+0000] {spark_submit.py:490} INFO - 23/06/15 10:02:32 INFO DAGScheduler: Job 0 finished: json at NativeMethodAccessorImpl.java:0, took 2.254985 s
[2023-06-15T10:02:34.455+0000] {spark_submit.py:490} INFO - {'meta': {'symbol': 'MSFT', 'interval': '1h', 'currency': 'USD', 'exchange_timezone': 'America/New_York', 'exchange': 'NASDAQ', 'mic_code': 'XNGS', 'type': 'Common Stock'}, 'values': [{'datetime': '2021-02-08 15:30:00', 'open': '241.23500', 'high': '242.57001', 'low': '241.17210', 'close': '242.47000', 'volume': '2368135'}, {'datetime': '2021-02-08 14:30:00', 'open': '241.44020', 'high': '241.59000', 'low': '240.99001', 'close': '241.23000', 'volume': '1561449'}, {'datetime': '2021-02-08 13:30:00', 'open': '241.78999', 'high': '242.20000', 'low': '241.39999', 'close': '241.46001', 'volume': '1159436'}, {'datetime': '2021-02-08 12:30:00', 'open': '241.66650', 'high': '241.95000', 'low': '241.34171', 'close': '241.79500', 'volume': '1241859'}, {'datetime': '2021-02-08 11:30:00', 'open': '241.66000', 'high': '241.89790', 'low': '240.81000', 'close': '241.70000', 'volume': '1876453'}, {'datetime': '2021-02-08 10:30:00', 'open': '242.33000', 'high': '242.76990', 'low': '241.55000', 'close': '241.67000', 'volume': '2237593'}, {'datetime': '2021-02-08 09:30:00', 'open': '243.30000', 'high': '243.67999', 'low': '241.75999', 'close': '242.35001', 'volume': '4039211'}], 'status': 'ok'}
[2023-06-15T10:02:34.557+0000] {spark_submit.py:490} INFO - 23/06/15 10:02:34 INFO SparkContext: Starting job: json at NativeMethodAccessorImpl.java:0
[2023-06-15T10:02:34.559+0000] {spark_submit.py:490} INFO - 23/06/15 10:02:34 INFO DAGScheduler: Got job 1 (json at NativeMethodAccessorImpl.java:0) with 2 output partitions
[2023-06-15T10:02:34.559+0000] {spark_submit.py:490} INFO - 23/06/15 10:02:34 INFO DAGScheduler: Final stage: ResultStage 1 (json at NativeMethodAccessorImpl.java:0)
[2023-06-15T10:02:34.559+0000] {spark_submit.py:490} INFO - 23/06/15 10:02:34 INFO DAGScheduler: Parents of final stage: List()
[2023-06-15T10:02:34.560+0000] {spark_submit.py:490} INFO - 23/06/15 10:02:34 INFO DAGScheduler: Missing parents: List()
[2023-06-15T10:02:34.561+0000] {spark_submit.py:490} INFO - 23/06/15 10:02:34 INFO DAGScheduler: Submitting ResultStage 1 (MapPartitionsRDD[22] at json at NativeMethodAccessorImpl.java:0), which has no missing parents
[2023-06-15T10:02:34.569+0000] {spark_submit.py:490} INFO - 23/06/15 10:02:34 INFO MemoryStore: Block broadcast_1 stored as values in memory (estimated size 19.8 KiB, free 434.4 MiB)
[2023-06-15T10:02:34.572+0000] {spark_submit.py:490} INFO - 23/06/15 10:02:34 INFO MemoryStore: Block broadcast_1_piece0 stored as bytes in memory (estimated size 9.7 KiB, free 434.3 MiB)
[2023-06-15T10:02:34.573+0000] {spark_submit.py:490} INFO - 23/06/15 10:02:34 INFO BlockManagerInfo: Added broadcast_1_piece0 in memory on 69b643fc97df:36125 (size: 9.7 KiB, free: 434.4 MiB)
[2023-06-15T10:02:34.574+0000] {spark_submit.py:490} INFO - 23/06/15 10:02:34 INFO SparkContext: Created broadcast 1 from broadcast at DAGScheduler.scala:1535
[2023-06-15T10:02:34.575+0000] {spark_submit.py:490} INFO - 23/06/15 10:02:34 INFO DAGScheduler: Submitting 2 missing tasks from ResultStage 1 (MapPartitionsRDD[22] at json at NativeMethodAccessorImpl.java:0) (first 15 tasks are for partitions Vector(0, 1))
[2023-06-15T10:02:34.575+0000] {spark_submit.py:490} INFO - 23/06/15 10:02:34 INFO TaskSchedulerImpl: Adding task set 1.0 with 2 tasks resource profile 0
[2023-06-15T10:02:34.578+0000] {spark_submit.py:490} INFO - 23/06/15 10:02:34 INFO TaskSetManager: Starting task 0.0 in stage 1.0 (TID 2) (172.27.0.2, executor 0, partition 0, PROCESS_LOCAL, 7347 bytes)
[2023-06-15T10:02:34.578+0000] {spark_submit.py:490} INFO - 23/06/15 10:02:34 INFO TaskSetManager: Starting task 1.0 in stage 1.0 (TID 3) (172.27.0.2, executor 0, partition 1, PROCESS_LOCAL, 8084 bytes)
[2023-06-15T10:02:34.603+0000] {spark_submit.py:490} INFO - 23/06/15 10:02:34 INFO BlockManagerInfo: Added broadcast_1_piece0 in memory on 172.27.0.2:36033 (size: 9.7 KiB, free: 434.4 MiB)
[2023-06-15T10:02:34.666+0000] {spark_submit.py:490} INFO - 23/06/15 10:02:34 INFO TaskSetManager: Finished task 1.0 in stage 1.0 (TID 3) in 87 ms on 172.27.0.2 (executor 0) (1/2)
[2023-06-15T10:02:34.667+0000] {spark_submit.py:490} INFO - 23/06/15 10:02:34 INFO TaskSetManager: Finished task 0.0 in stage 1.0 (TID 2) in 90 ms on 172.27.0.2 (executor 0) (2/2)
[2023-06-15T10:02:34.667+0000] {spark_submit.py:490} INFO - 23/06/15 10:02:34 INFO TaskSchedulerImpl: Removed TaskSet 1.0, whose tasks have all completed, from pool
[2023-06-15T10:02:34.669+0000] {spark_submit.py:490} INFO - 23/06/15 10:02:34 INFO DAGScheduler: ResultStage 1 (json at NativeMethodAccessorImpl.java:0) finished in 0.105 s
[2023-06-15T10:02:34.669+0000] {spark_submit.py:490} INFO - 23/06/15 10:02:34 INFO DAGScheduler: Job 1 is finished. Cancelling potential speculative or zombie tasks for this job
[2023-06-15T10:02:34.669+0000] {spark_submit.py:490} INFO - 23/06/15 10:02:34 INFO TaskSchedulerImpl: Killing all running tasks in stage 1: Stage finished
[2023-06-15T10:02:34.670+0000] {spark_submit.py:490} INFO - 23/06/15 10:02:34 INFO DAGScheduler: Job 1 finished: json at NativeMethodAccessorImpl.java:0, took 0.112691 s
[2023-06-15T10:02:35.873+0000] {spark_submit.py:490} INFO - {'meta': {'symbol': 'GOOG', 'interval': '1h', 'currency': 'USD', 'exchange_timezone': 'America/New_York', 'exchange': 'NASDAQ', 'mic_code': 'XNGS', 'type': 'Common Stock'}, 'values': [{'datetime': '2021-02-08 15:30:00', 'open': '2082.94531', 'high': '2093.83008', 'low': '2081.85010', 'close': '2092.90991', 'volume': '144207'}, {'datetime': '2021-02-08 14:30:00', 'open': '2080.75000', 'high': '2087.87500', 'low': '2080.47998', 'close': '2082.42993', 'volume': '96086'}, {'datetime': '2021-02-08 13:30:00', 'open': '2085.42505', 'high': '2088.55005', 'low': '2081.12988', 'close': '2082.00000', 'volume': '85533'}, {'datetime': '2021-02-08 12:30:00', 'open': '2083.45996', 'high': '2086.00000', 'low': '2078.52588', 'close': '2085.18994', 'volume': '79125'}, {'datetime': '2021-02-08 11:30:00', 'open': '2083.76001', 'high': '2086.34497', 'low': '2072.00000', 'close': '2085.07007', 'volume': '183567'}, {'datetime': '2021-02-08 10:30:00', 'open': '2088.28003', 'high': '2093.92993', 'low': '2081.36011', 'close': '2083.62988', 'volume': '133361'}, {'datetime': '2021-02-08 09:30:00', 'open': '2106.19995', 'high': '2123.54688', 'low': '2085.56006', 'close': '2087.54004', 'volume': '379848'}], 'status': 'ok'}
[2023-06-15T10:02:35.915+0000] {spark_submit.py:490} INFO - 23/06/15 10:02:35 INFO SparkContext: Starting job: json at NativeMethodAccessorImpl.java:0
[2023-06-15T10:02:35.916+0000] {spark_submit.py:490} INFO - 23/06/15 10:02:35 INFO DAGScheduler: Got job 2 (json at NativeMethodAccessorImpl.java:0) with 2 output partitions
[2023-06-15T10:02:35.916+0000] {spark_submit.py:490} INFO - 23/06/15 10:02:35 INFO DAGScheduler: Final stage: ResultStage 2 (json at NativeMethodAccessorImpl.java:0)
[2023-06-15T10:02:35.917+0000] {spark_submit.py:490} INFO - 23/06/15 10:02:35 INFO DAGScheduler: Parents of final stage: List()
[2023-06-15T10:02:35.917+0000] {spark_submit.py:490} INFO - 23/06/15 10:02:35 INFO DAGScheduler: Missing parents: List()
[2023-06-15T10:02:35.918+0000] {spark_submit.py:490} INFO - 23/06/15 10:02:35 INFO DAGScheduler: Submitting ResultStage 2 (MapPartitionsRDD[33] at json at NativeMethodAccessorImpl.java:0), which has no missing parents
[2023-06-15T10:02:35.923+0000] {spark_submit.py:490} INFO - 23/06/15 10:02:35 INFO MemoryStore: Block broadcast_2 stored as values in memory (estimated size 19.8 KiB, free 434.3 MiB)
[2023-06-15T10:02:35.926+0000] {spark_submit.py:490} INFO - 23/06/15 10:02:35 INFO MemoryStore: Block broadcast_2_piece0 stored as bytes in memory (estimated size 9.7 KiB, free 434.3 MiB)
[2023-06-15T10:02:35.927+0000] {spark_submit.py:490} INFO - 23/06/15 10:02:35 INFO BlockManagerInfo: Added broadcast_2_piece0 in memory on 69b643fc97df:36125 (size: 9.7 KiB, free: 434.4 MiB)
[2023-06-15T10:02:35.927+0000] {spark_submit.py:490} INFO - 23/06/15 10:02:35 INFO SparkContext: Created broadcast 2 from broadcast at DAGScheduler.scala:1535
[2023-06-15T10:02:35.928+0000] {spark_submit.py:490} INFO - 23/06/15 10:02:35 INFO DAGScheduler: Submitting 2 missing tasks from ResultStage 2 (MapPartitionsRDD[33] at json at NativeMethodAccessorImpl.java:0) (first 15 tasks are for partitions Vector(0, 1))
[2023-06-15T10:02:35.928+0000] {spark_submit.py:490} INFO - 23/06/15 10:02:35 INFO TaskSchedulerImpl: Adding task set 2.0 with 2 tasks resource profile 0
[2023-06-15T10:02:35.930+0000] {spark_submit.py:490} INFO - 23/06/15 10:02:35 INFO TaskSetManager: Starting task 0.0 in stage 2.0 (TID 4) (172.27.0.2, executor 0, partition 0, PROCESS_LOCAL, 7347 bytes)
[2023-06-15T10:02:35.930+0000] {spark_submit.py:490} INFO - 23/06/15 10:02:35 INFO TaskSetManager: Starting task 1.0 in stage 2.0 (TID 5) (172.27.0.2, executor 0, partition 1, PROCESS_LOCAL, 8102 bytes)
[2023-06-15T10:02:35.951+0000] {spark_submit.py:490} INFO - 23/06/15 10:02:35 INFO BlockManagerInfo: Added broadcast_2_piece0 in memory on 172.27.0.2:36033 (size: 9.7 KiB, free: 434.4 MiB)
[2023-06-15T10:02:36.014+0000] {spark_submit.py:490} INFO - 23/06/15 10:02:36 INFO TaskSetManager: Finished task 1.0 in stage 2.0 (TID 5) in 84 ms on 172.27.0.2 (executor 0) (1/2)
[2023-06-15T10:02:36.015+0000] {spark_submit.py:490} INFO - 23/06/15 10:02:36 INFO TaskSetManager: Finished task 0.0 in stage 2.0 (TID 4) in 86 ms on 172.27.0.2 (executor 0) (2/2)
[2023-06-15T10:02:36.016+0000] {spark_submit.py:490} INFO - 23/06/15 10:02:36 INFO TaskSchedulerImpl: Removed TaskSet 2.0, whose tasks have all completed, from pool
[2023-06-15T10:02:36.017+0000] {spark_submit.py:490} INFO - 23/06/15 10:02:36 INFO DAGScheduler: ResultStage 2 (json at NativeMethodAccessorImpl.java:0) finished in 0.097 s
[2023-06-15T10:02:36.017+0000] {spark_submit.py:490} INFO - 23/06/15 10:02:36 INFO DAGScheduler: Job 2 is finished. Cancelling potential speculative or zombie tasks for this job
[2023-06-15T10:02:36.017+0000] {spark_submit.py:490} INFO - 23/06/15 10:02:36 INFO TaskSchedulerImpl: Killing all running tasks in stage 2: Stage finished
[2023-06-15T10:02:36.018+0000] {spark_submit.py:490} INFO - 23/06/15 10:02:36 INFO DAGScheduler: Job 2 finished: json at NativeMethodAccessorImpl.java:0, took 0.102642 s
[2023-06-15T10:02:37.220+0000] {spark_submit.py:490} INFO - {'meta': {'symbol': 'AMZN', 'interval': '1h', 'currency': 'USD', 'exchange_timezone': 'America/New_York', 'exchange': 'NASDAQ', 'mic_code': 'XNGS', 'type': 'Common Stock'}, 'values': [{'datetime': '2021-02-08 15:30:00', 'open': '3311.10010', 'high': '3323.48999', 'low': '3311.08496', 'close': '3323.48999', 'volume': '367388'}, {'datetime': '2021-02-08 14:30:00', 'open': '3309.09009', 'high': '3318.00000', 'low': '3306.05420', 'close': '3310.12500', 'volume': '290837'}, {'datetime': '2021-02-08 13:30:00', 'open': '3308.92993', 'high': '3314.97998', 'low': '3304.00000', 'close': '3309.67505', 'volume': '272874'}, {'datetime': '2021-02-08 12:30:00', 'open': '3315.19995', 'high': '3315.46509', 'low': '3304.00000', 'close': '3307.81006', 'volume': '297380'}, {'datetime': '2021-02-08 11:30:00', 'open': '3317.95996', 'high': '3318.47998', 'low': '3305.43994', 'close': '3315.89673', 'volume': '401186'}, {'datetime': '2021-02-08 10:30:00', 'open': '3309.04004', 'high': '3332.00000', 'low': '3309.04004', 'close': '3316.96997', 'volume': '399409'}, {'datetime': '2021-02-08 09:30:00', 'open': '3356.01001', 'high': '3365.00000', 'low': '3309.00000', 'close': '3310.16504', 'volume': '1003917'}], 'status': 'ok'}
[2023-06-15T10:02:37.344+0000] {spark_submit.py:490} INFO - 23/06/15 10:02:37 INFO SparkContext: Starting job: json at NativeMethodAccessorImpl.java:0
[2023-06-15T10:02:37.346+0000] {spark_submit.py:490} INFO - 23/06/15 10:02:37 INFO DAGScheduler: Got job 3 (json at NativeMethodAccessorImpl.java:0) with 2 output partitions
[2023-06-15T10:02:37.346+0000] {spark_submit.py:490} INFO - 23/06/15 10:02:37 INFO DAGScheduler: Final stage: ResultStage 3 (json at NativeMethodAccessorImpl.java:0)
[2023-06-15T10:02:37.346+0000] {spark_submit.py:490} INFO - 23/06/15 10:02:37 INFO DAGScheduler: Parents of final stage: List()
[2023-06-15T10:02:37.347+0000] {spark_submit.py:490} INFO - 23/06/15 10:02:37 INFO DAGScheduler: Missing parents: List()
[2023-06-15T10:02:37.349+0000] {spark_submit.py:490} INFO - 23/06/15 10:02:37 INFO DAGScheduler: Submitting ResultStage 3 (MapPartitionsRDD[44] at json at NativeMethodAccessorImpl.java:0), which has no missing parents
[2023-06-15T10:02:37.356+0000] {spark_submit.py:490} INFO - 23/06/15 10:02:37 INFO MemoryStore: Block broadcast_3 stored as values in memory (estimated size 19.8 KiB, free 434.3 MiB)
[2023-06-15T10:02:37.361+0000] {spark_submit.py:490} INFO - 23/06/15 10:02:37 INFO MemoryStore: Block broadcast_3_piece0 stored as bytes in memory (estimated size 9.7 KiB, free 434.3 MiB)
[2023-06-15T10:02:37.364+0000] {spark_submit.py:490} INFO - 23/06/15 10:02:37 INFO BlockManagerInfo: Added broadcast_3_piece0 in memory on 69b643fc97df:36125 (size: 9.7 KiB, free: 434.4 MiB)
[2023-06-15T10:02:37.365+0000] {spark_submit.py:490} INFO - 23/06/15 10:02:37 INFO SparkContext: Created broadcast 3 from broadcast at DAGScheduler.scala:1535
[2023-06-15T10:02:37.367+0000] {spark_submit.py:490} INFO - 23/06/15 10:02:37 INFO DAGScheduler: Submitting 2 missing tasks from ResultStage 3 (MapPartitionsRDD[44] at json at NativeMethodAccessorImpl.java:0) (first 15 tasks are for partitions Vector(0, 1))
[2023-06-15T10:02:37.367+0000] {spark_submit.py:490} INFO - 23/06/15 10:02:37 INFO TaskSchedulerImpl: Adding task set 3.0 with 2 tasks resource profile 0
[2023-06-15T10:02:37.369+0000] {spark_submit.py:490} INFO - 23/06/15 10:02:37 INFO TaskSetManager: Starting task 0.0 in stage 3.0 (TID 6) (172.27.0.2, executor 0, partition 0, PROCESS_LOCAL, 7347 bytes)
[2023-06-15T10:02:37.370+0000] {spark_submit.py:490} INFO - 23/06/15 10:02:37 INFO TaskSetManager: Starting task 1.0 in stage 3.0 (TID 7) (172.27.0.2, executor 0, partition 1, PROCESS_LOCAL, 8106 bytes)
[2023-06-15T10:02:37.389+0000] {spark_submit.py:490} INFO - 23/06/15 10:02:37 INFO BlockManagerInfo: Added broadcast_3_piece0 in memory on 172.27.0.2:36033 (size: 9.7 KiB, free: 434.4 MiB)
[2023-06-15T10:02:37.454+0000] {spark_submit.py:490} INFO - 23/06/15 10:02:37 INFO TaskSetManager: Finished task 0.0 in stage 3.0 (TID 6) in 85 ms on 172.27.0.2 (executor 0) (1/2)
[2023-06-15T10:02:37.461+0000] {spark_submit.py:490} INFO - 23/06/15 10:02:37 INFO TaskSetManager: Finished task 1.0 in stage 3.0 (TID 7) in 91 ms on 172.27.0.2 (executor 0) (2/2)
[2023-06-15T10:02:37.461+0000] {spark_submit.py:490} INFO - 23/06/15 10:02:37 INFO TaskSchedulerImpl: Removed TaskSet 3.0, whose tasks have all completed, from pool
[2023-06-15T10:02:37.463+0000] {spark_submit.py:490} INFO - 23/06/15 10:02:37 INFO DAGScheduler: ResultStage 3 (json at NativeMethodAccessorImpl.java:0) finished in 0.111 s
[2023-06-15T10:02:37.463+0000] {spark_submit.py:490} INFO - 23/06/15 10:02:37 INFO DAGScheduler: Job 3 is finished. Cancelling potential speculative or zombie tasks for this job
[2023-06-15T10:02:37.464+0000] {spark_submit.py:490} INFO - 23/06/15 10:02:37 INFO TaskSchedulerImpl: Killing all running tasks in stage 3: Stage finished
[2023-06-15T10:02:37.464+0000] {spark_submit.py:490} INFO - 23/06/15 10:02:37 INFO DAGScheduler: Job 3 finished: json at NativeMethodAccessorImpl.java:0, took 0.119359 s
[2023-06-15T10:02:38.601+0000] {spark_submit.py:490} INFO - {'meta': {'symbol': 'TSLA', 'interval': '1h', 'currency': 'USD', 'exchange_timezone': 'America/New_York', 'exchange': 'NASDAQ', 'mic_code': 'XNGS', 'type': 'Common Stock'}, 'values': [{'datetime': '2021-02-08 15:30:00', 'open': '861.62000', 'high': '863.49500', 'low': '857.94000', 'close': '863.29999', 'volume': '1335693'}, {'datetime': '2021-02-08 14:30:00', 'open': '856.60449', 'high': '865.14001', 'low': '855.21149', 'close': '861.79999', 'volume': '2084286'}, {'datetime': '2021-02-08 13:30:00', 'open': '863.84583', 'high': '864.73999', 'low': '854.75000', 'close': '856.42999', 'volume': '2278338'}, {'datetime': '2021-02-08 12:30:00', 'open': '868.15002', 'high': '870.03998', 'low': '863.77472', 'close': '863.82001', 'volume': '1533195'}, {'datetime': '2021-02-08 11:30:00', 'open': '865.13782', 'high': '869.25500', 'low': '863.33002', 'close': '868.00000', 'volume': '1632454'}, {'datetime': '2021-02-08 10:30:00', 'open': '868.09100', 'high': '872.13000', 'low': '863.34277', 'close': '864.73999', 'volume': '2768199'}, {'datetime': '2021-02-08 09:30:00', 'open': '868.67999', 'high': '877.59998', 'low': '861.70001', 'close': '868.37708', 'volume': '7815990'}], 'status': 'ok'}
[2023-06-15T10:02:38.665+0000] {spark_submit.py:490} INFO - 23/06/15 10:02:38 INFO SparkContext: Starting job: json at NativeMethodAccessorImpl.java:0
[2023-06-15T10:02:38.668+0000] {spark_submit.py:490} INFO - 23/06/15 10:02:38 INFO DAGScheduler: Got job 4 (json at NativeMethodAccessorImpl.java:0) with 2 output partitions
[2023-06-15T10:02:38.668+0000] {spark_submit.py:490} INFO - 23/06/15 10:02:38 INFO DAGScheduler: Final stage: ResultStage 4 (json at NativeMethodAccessorImpl.java:0)
[2023-06-15T10:02:38.668+0000] {spark_submit.py:490} INFO - 23/06/15 10:02:38 INFO DAGScheduler: Parents of final stage: List()
[2023-06-15T10:02:38.668+0000] {spark_submit.py:490} INFO - 23/06/15 10:02:38 INFO DAGScheduler: Missing parents: List()
[2023-06-15T10:02:38.670+0000] {spark_submit.py:490} INFO - 23/06/15 10:02:38 INFO DAGScheduler: Submitting ResultStage 4 (MapPartitionsRDD[55] at json at NativeMethodAccessorImpl.java:0), which has no missing parents
[2023-06-15T10:02:38.678+0000] {spark_submit.py:490} INFO - 23/06/15 10:02:38 INFO MemoryStore: Block broadcast_4 stored as values in memory (estimated size 19.8 KiB, free 434.3 MiB)
[2023-06-15T10:02:38.685+0000] {spark_submit.py:490} INFO - 23/06/15 10:02:38 INFO MemoryStore: Block broadcast_4_piece0 stored as bytes in memory (estimated size 9.7 KiB, free 434.3 MiB)
[2023-06-15T10:02:38.687+0000] {spark_submit.py:490} INFO - 23/06/15 10:02:38 INFO BlockManagerInfo: Added broadcast_4_piece0 in memory on 69b643fc97df:36125 (size: 9.7 KiB, free: 434.4 MiB)
[2023-06-15T10:02:38.688+0000] {spark_submit.py:490} INFO - 23/06/15 10:02:38 INFO SparkContext: Created broadcast 4 from broadcast at DAGScheduler.scala:1535
[2023-06-15T10:02:38.689+0000] {spark_submit.py:490} INFO - 23/06/15 10:02:38 INFO DAGScheduler: Submitting 2 missing tasks from ResultStage 4 (MapPartitionsRDD[55] at json at NativeMethodAccessorImpl.java:0) (first 15 tasks are for partitions Vector(0, 1))
[2023-06-15T10:02:38.690+0000] {spark_submit.py:490} INFO - 23/06/15 10:02:38 INFO TaskSchedulerImpl: Adding task set 4.0 with 2 tasks resource profile 0
[2023-06-15T10:02:38.694+0000] {spark_submit.py:490} INFO - 23/06/15 10:02:38 INFO TaskSetManager: Starting task 0.0 in stage 4.0 (TID 8) (172.27.0.2, executor 0, partition 0, PROCESS_LOCAL, 7347 bytes)
[2023-06-15T10:02:38.696+0000] {spark_submit.py:490} INFO - 23/06/15 10:02:38 INFO TaskSetManager: Starting task 1.0 in stage 4.0 (TID 9) (172.27.0.2, executor 0, partition 1, PROCESS_LOCAL, 8084 bytes)
[2023-06-15T10:02:38.728+0000] {spark_submit.py:490} INFO - 23/06/15 10:02:38 INFO BlockManagerInfo: Added broadcast_4_piece0 in memory on 172.27.0.2:36033 (size: 9.7 KiB, free: 434.4 MiB)
[2023-06-15T10:02:38.799+0000] {spark_submit.py:490} INFO - 23/06/15 10:02:38 INFO TaskSetManager: Finished task 0.0 in stage 4.0 (TID 8) in 105 ms on 172.27.0.2 (executor 0) (1/2)
[2023-06-15T10:02:38.803+0000] {spark_submit.py:490} INFO - 23/06/15 10:02:38 INFO TaskSetManager: Finished task 1.0 in stage 4.0 (TID 9) in 109 ms on 172.27.0.2 (executor 0) (2/2)
[2023-06-15T10:02:38.804+0000] {spark_submit.py:490} INFO - 23/06/15 10:02:38 INFO TaskSchedulerImpl: Removed TaskSet 4.0, whose tasks have all completed, from pool
[2023-06-15T10:02:38.805+0000] {spark_submit.py:490} INFO - 23/06/15 10:02:38 INFO DAGScheduler: ResultStage 4 (json at NativeMethodAccessorImpl.java:0) finished in 0.132 s
[2023-06-15T10:02:38.806+0000] {spark_submit.py:490} INFO - 23/06/15 10:02:38 INFO DAGScheduler: Job 4 is finished. Cancelling potential speculative or zombie tasks for this job
[2023-06-15T10:02:38.807+0000] {spark_submit.py:490} INFO - 23/06/15 10:02:38 INFO TaskSchedulerImpl: Killing all running tasks in stage 4: Stage finished
[2023-06-15T10:02:38.807+0000] {spark_submit.py:490} INFO - 23/06/15 10:02:38 INFO DAGScheduler: Job 4 finished: json at NativeMethodAccessorImpl.java:0, took 0.141220 s
[2023-06-15T10:02:39.854+0000] {spark_submit.py:490} INFO - {'meta': {'symbol': 'META', 'interval': '1h', 'currency': 'USD', 'exchange_timezone': 'America/New_York', 'exchange': 'NASDAQ', 'mic_code': 'XNGS', 'type': 'Common Stock'}, 'values': [{'datetime': '2021-02-08 15:30:00', 'open': '266.23999', 'high': '266.81989', 'low': '265.70001', 'close': '266.60001', 'volume': '1371119'}, {'datetime': '2021-02-08 14:30:00', 'open': '265.82999', 'high': '266.60001', 'low': '265.70001', 'close': '266.22000', 'volume': '1038918'}, {'datetime': '2021-02-08 13:30:00', 'open': '265.73999', 'high': '265.91501', 'low': '265.00000', 'close': '265.83261', 'volume': '898721'}, {'datetime': '2021-02-08 12:30:00', 'open': '265.87000', 'high': '266.20001', 'low': '265.54651', 'close': '265.74500', 'volume': '822075'}, {'datetime': '2021-02-08 11:30:00', 'open': '265.65500', 'high': '266.39999', 'low': '265.14999', 'close': '265.82501', 'volume': '1767315'}, {'datetime': '2021-02-08 10:30:00', 'open': '267.51001', 'high': '267.64001', 'low': '265.51501', 'close': '265.59000', 'volume': '2128849'}, {'datetime': '2021-02-08 09:30:00', 'open': '268.75000', 'high': '269.82001', 'low': '266.19000', 'close': '267.55991', 'volume': '3984719'}], 'status': 'ok'}
[2023-06-15T10:02:39.887+0000] {spark_submit.py:490} INFO - 23/06/15 10:02:39 INFO SparkContext: Starting job: json at NativeMethodAccessorImpl.java:0
[2023-06-15T10:02:39.889+0000] {spark_submit.py:490} INFO - 23/06/15 10:02:39 INFO DAGScheduler: Got job 5 (json at NativeMethodAccessorImpl.java:0) with 2 output partitions
[2023-06-15T10:02:39.889+0000] {spark_submit.py:490} INFO - 23/06/15 10:02:39 INFO DAGScheduler: Final stage: ResultStage 5 (json at NativeMethodAccessorImpl.java:0)
[2023-06-15T10:02:39.889+0000] {spark_submit.py:490} INFO - 23/06/15 10:02:39 INFO DAGScheduler: Parents of final stage: List()
[2023-06-15T10:02:39.889+0000] {spark_submit.py:490} INFO - 23/06/15 10:02:39 INFO DAGScheduler: Missing parents: List()
[2023-06-15T10:02:39.890+0000] {spark_submit.py:490} INFO - 23/06/15 10:02:39 INFO DAGScheduler: Submitting ResultStage 5 (MapPartitionsRDD[66] at json at NativeMethodAccessorImpl.java:0), which has no missing parents
[2023-06-15T10:02:39.895+0000] {spark_submit.py:490} INFO - 23/06/15 10:02:39 INFO MemoryStore: Block broadcast_5 stored as values in memory (estimated size 19.8 KiB, free 434.2 MiB)
[2023-06-15T10:02:39.898+0000] {spark_submit.py:490} INFO - 23/06/15 10:02:39 INFO MemoryStore: Block broadcast_5_piece0 stored as bytes in memory (estimated size 9.7 KiB, free 434.2 MiB)
[2023-06-15T10:02:39.899+0000] {spark_submit.py:490} INFO - 23/06/15 10:02:39 INFO BlockManagerInfo: Added broadcast_5_piece0 in memory on 69b643fc97df:36125 (size: 9.7 KiB, free: 434.3 MiB)
[2023-06-15T10:02:39.899+0000] {spark_submit.py:490} INFO - 23/06/15 10:02:39 INFO SparkContext: Created broadcast 5 from broadcast at DAGScheduler.scala:1535
[2023-06-15T10:02:39.900+0000] {spark_submit.py:490} INFO - 23/06/15 10:02:39 INFO DAGScheduler: Submitting 2 missing tasks from ResultStage 5 (MapPartitionsRDD[66] at json at NativeMethodAccessorImpl.java:0) (first 15 tasks are for partitions Vector(0, 1))
[2023-06-15T10:02:39.901+0000] {spark_submit.py:490} INFO - 23/06/15 10:02:39 INFO TaskSchedulerImpl: Adding task set 5.0 with 2 tasks resource profile 0
[2023-06-15T10:02:39.902+0000] {spark_submit.py:490} INFO - 23/06/15 10:02:39 INFO TaskSetManager: Starting task 0.0 in stage 5.0 (TID 10) (172.27.0.2, executor 0, partition 0, PROCESS_LOCAL, 7347 bytes)
[2023-06-15T10:02:39.903+0000] {spark_submit.py:490} INFO - 23/06/15 10:02:39 INFO TaskSetManager: Starting task 1.0 in stage 5.0 (TID 11) (172.27.0.2, executor 0, partition 1, PROCESS_LOCAL, 8082 bytes)
[2023-06-15T10:02:39.932+0000] {spark_submit.py:490} INFO - 23/06/15 10:02:39 INFO BlockManagerInfo: Added broadcast_5_piece0 in memory on 172.27.0.2:36033 (size: 9.7 KiB, free: 434.3 MiB)
[2023-06-15T10:02:39.995+0000] {spark_submit.py:490} INFO - 23/06/15 10:02:39 INFO TaskSetManager: Finished task 0.0 in stage 5.0 (TID 10) in 94 ms on 172.27.0.2 (executor 0) (1/2)
[2023-06-15T10:02:40.002+0000] {spark_submit.py:490} INFO - 23/06/15 10:02:40 INFO TaskSetManager: Finished task 1.0 in stage 5.0 (TID 11) in 100 ms on 172.27.0.2 (executor 0) (2/2)
[2023-06-15T10:02:40.003+0000] {spark_submit.py:490} INFO - 23/06/15 10:02:40 INFO TaskSchedulerImpl: Removed TaskSet 5.0, whose tasks have all completed, from pool
[2023-06-15T10:02:40.004+0000] {spark_submit.py:490} INFO - 23/06/15 10:02:40 INFO DAGScheduler: ResultStage 5 (json at NativeMethodAccessorImpl.java:0) finished in 0.112 s
[2023-06-15T10:02:40.005+0000] {spark_submit.py:490} INFO - 23/06/15 10:02:40 INFO DAGScheduler: Job 5 is finished. Cancelling potential speculative or zombie tasks for this job
[2023-06-15T10:02:40.005+0000] {spark_submit.py:490} INFO - 23/06/15 10:02:40 INFO TaskSchedulerImpl: Killing all running tasks in stage 5: Stage finished
[2023-06-15T10:02:40.006+0000] {spark_submit.py:490} INFO - 23/06/15 10:02:40 INFO DAGScheduler: Job 5 finished: json at NativeMethodAccessorImpl.java:0, took 0.118449 s
[2023-06-15T10:02:41.313+0000] {spark_submit.py:490} INFO - {'meta': {'symbol': 'NFLX', 'interval': '1h', 'currency': 'USD', 'exchange_timezone': 'America/New_York', 'exchange': 'NASDAQ', 'mic_code': 'XNGS', 'type': 'Common Stock'}, 'values': [{'datetime': '2021-02-08 15:30:00', 'open': '547.15002', 'high': '549.50000', 'low': '546.71283', 'close': '547.91998', 'volume': '346981'}, {'datetime': '2021-02-08 14:30:00', 'open': '547.10999', 'high': '548.32001', 'low': '546.41010', 'close': '546.88501', 'volume': '226084'}, {'datetime': '2021-02-08 13:30:00', 'open': '547.14502', 'high': '547.59003', 'low': '546.00000', 'close': '547.27502', 'volume': '252581'}, {'datetime': '2021-02-08 12:30:00', 'open': '548.47498', 'high': '548.47498', 'low': '546.02002', 'close': '547.22998', 'volume': '172098'}, {'datetime': '2021-02-08 11:30:00', 'open': '549.56000', 'high': '549.59003', 'low': '546.00000', 'close': '548.48999', 'volume': '278539'}, {'datetime': '2021-02-08 10:30:00', 'open': '553.57001', 'high': '553.67999', 'low': '548.87000', 'close': '549.40002', 'volume': '282043'}, {'datetime': '2021-02-08 09:30:00', 'open': '554.89978', 'high': '554.90002', 'low': '543.70001', 'close': '554.09998', 'volume': '846784'}], 'status': 'ok'}
[2023-06-15T10:02:41.399+0000] {spark_submit.py:490} INFO - 23/06/15 10:02:41 INFO BlockManagerInfo: Removed broadcast_5_piece0 on 69b643fc97df:36125 in memory (size: 9.7 KiB, free: 434.4 MiB)
[2023-06-15T10:02:41.410+0000] {spark_submit.py:490} INFO - 23/06/15 10:02:41 INFO BlockManagerInfo: Removed broadcast_5_piece0 on 172.27.0.2:36033 in memory (size: 9.7 KiB, free: 434.4 MiB)
[2023-06-15T10:02:41.427+0000] {spark_submit.py:490} INFO - 23/06/15 10:02:41 INFO BlockManagerInfo: Removed broadcast_0_piece0 on 69b643fc97df:36125 in memory (size: 9.7 KiB, free: 434.4 MiB)
[2023-06-15T10:02:41.432+0000] {spark_submit.py:490} INFO - 23/06/15 10:02:41 INFO BlockManagerInfo: Removed broadcast_0_piece0 on 172.27.0.2:36033 in memory (size: 9.7 KiB, free: 434.4 MiB)
[2023-06-15T10:02:41.448+0000] {spark_submit.py:490} INFO - 23/06/15 10:02:41 INFO BlockManagerInfo: Removed broadcast_2_piece0 on 69b643fc97df:36125 in memory (size: 9.7 KiB, free: 434.4 MiB)
[2023-06-15T10:02:41.456+0000] {spark_submit.py:490} INFO - 23/06/15 10:02:41 INFO BlockManagerInfo: Removed broadcast_2_piece0 on 172.27.0.2:36033 in memory (size: 9.7 KiB, free: 434.4 MiB)
[2023-06-15T10:02:41.459+0000] {spark_submit.py:490} INFO - 23/06/15 10:02:41 INFO SparkContext: Starting job: json at NativeMethodAccessorImpl.java:0
[2023-06-15T10:02:41.461+0000] {spark_submit.py:490} INFO - 23/06/15 10:02:41 INFO DAGScheduler: Got job 6 (json at NativeMethodAccessorImpl.java:0) with 2 output partitions
[2023-06-15T10:02:41.461+0000] {spark_submit.py:490} INFO - 23/06/15 10:02:41 INFO DAGScheduler: Final stage: ResultStage 6 (json at NativeMethodAccessorImpl.java:0)
[2023-06-15T10:02:41.461+0000] {spark_submit.py:490} INFO - 23/06/15 10:02:41 INFO DAGScheduler: Parents of final stage: List()
[2023-06-15T10:02:41.462+0000] {spark_submit.py:490} INFO - 23/06/15 10:02:41 INFO DAGScheduler: Missing parents: List()
[2023-06-15T10:02:41.465+0000] {spark_submit.py:490} INFO - 23/06/15 10:02:41 INFO DAGScheduler: Submitting ResultStage 6 (MapPartitionsRDD[77] at json at NativeMethodAccessorImpl.java:0), which has no missing parents
[2023-06-15T10:02:41.474+0000] {spark_submit.py:490} INFO - 23/06/15 10:02:41 INFO MemoryStore: Block broadcast_6 stored as values in memory (estimated size 19.8 KiB, free 434.3 MiB)
[2023-06-15T10:02:41.478+0000] {spark_submit.py:490} INFO - 23/06/15 10:02:41 INFO MemoryStore: Block broadcast_6_piece0 stored as bytes in memory (estimated size 9.7 KiB, free 434.3 MiB)
[2023-06-15T10:02:41.479+0000] {spark_submit.py:490} INFO - 23/06/15 10:02:41 INFO BlockManagerInfo: Removed broadcast_4_piece0 on 69b643fc97df:36125 in memory (size: 9.7 KiB, free: 434.4 MiB)
[2023-06-15T10:02:41.480+0000] {spark_submit.py:490} INFO - 23/06/15 10:02:41 INFO BlockManagerInfo: Removed broadcast_4_piece0 on 172.27.0.2:36033 in memory (size: 9.7 KiB, free: 434.4 MiB)
[2023-06-15T10:02:41.483+0000] {spark_submit.py:490} INFO - 23/06/15 10:02:41 INFO BlockManagerInfo: Added broadcast_6_piece0 in memory on 69b643fc97df:36125 (size: 9.7 KiB, free: 434.4 MiB)
[2023-06-15T10:02:41.485+0000] {spark_submit.py:490} INFO - 23/06/15 10:02:41 INFO SparkContext: Created broadcast 6 from broadcast at DAGScheduler.scala:1535
[2023-06-15T10:02:41.487+0000] {spark_submit.py:490} INFO - 23/06/15 10:02:41 INFO DAGScheduler: Submitting 2 missing tasks from ResultStage 6 (MapPartitionsRDD[77] at json at NativeMethodAccessorImpl.java:0) (first 15 tasks are for partitions Vector(0, 1))
[2023-06-15T10:02:41.488+0000] {spark_submit.py:490} INFO - 23/06/15 10:02:41 INFO TaskSchedulerImpl: Adding task set 6.0 with 2 tasks resource profile 0
[2023-06-15T10:02:41.492+0000] {spark_submit.py:490} INFO - 23/06/15 10:02:41 INFO TaskSetManager: Starting task 0.0 in stage 6.0 (TID 12) (172.27.0.2, executor 0, partition 0, PROCESS_LOCAL, 7347 bytes)
[2023-06-15T10:02:41.493+0000] {spark_submit.py:490} INFO - 23/06/15 10:02:41 INFO TaskSetManager: Starting task 1.0 in stage 6.0 (TID 13) (172.27.0.2, executor 0, partition 1, PROCESS_LOCAL, 8077 bytes)
[2023-06-15T10:02:41.504+0000] {spark_submit.py:490} INFO - 23/06/15 10:02:41 INFO BlockManagerInfo: Removed broadcast_1_piece0 on 69b643fc97df:36125 in memory (size: 9.7 KiB, free: 434.4 MiB)
[2023-06-15T10:02:41.516+0000] {spark_submit.py:490} INFO - 23/06/15 10:02:41 INFO BlockManagerInfo: Removed broadcast_1_piece0 on 172.27.0.2:36033 in memory (size: 9.7 KiB, free: 434.4 MiB)
[2023-06-15T10:02:41.573+0000] {spark_submit.py:490} INFO - 23/06/15 10:02:41 INFO BlockManagerInfo: Added broadcast_6_piece0 in memory on 172.27.0.2:36033 (size: 9.7 KiB, free: 434.4 MiB)
[2023-06-15T10:02:41.585+0000] {spark_submit.py:490} INFO - 23/06/15 10:02:41 INFO BlockManagerInfo: Removed broadcast_3_piece0 on 69b643fc97df:36125 in memory (size: 9.7 KiB, free: 434.4 MiB)
[2023-06-15T10:02:41.593+0000] {spark_submit.py:490} INFO - 23/06/15 10:02:41 INFO BlockManagerInfo: Removed broadcast_3_piece0 on 172.27.0.2:36033 in memory (size: 9.7 KiB, free: 434.4 MiB)
[2023-06-15T10:02:41.653+0000] {spark_submit.py:490} INFO - 23/06/15 10:02:41 INFO TaskSetManager: Finished task 1.0 in stage 6.0 (TID 13) in 161 ms on 172.27.0.2 (executor 0) (1/2)
[2023-06-15T10:02:41.691+0000] {spark_submit.py:490} INFO - 23/06/15 10:02:41 INFO TaskSetManager: Finished task 0.0 in stage 6.0 (TID 12) in 199 ms on 172.27.0.2 (executor 0) (2/2)
[2023-06-15T10:02:41.691+0000] {spark_submit.py:490} INFO - 23/06/15 10:02:41 INFO TaskSchedulerImpl: Removed TaskSet 6.0, whose tasks have all completed, from pool
[2023-06-15T10:02:41.692+0000] {spark_submit.py:490} INFO - 23/06/15 10:02:41 INFO DAGScheduler: ResultStage 6 (json at NativeMethodAccessorImpl.java:0) finished in 0.225 s
[2023-06-15T10:02:41.692+0000] {spark_submit.py:490} INFO - 23/06/15 10:02:41 INFO DAGScheduler: Job 6 is finished. Cancelling potential speculative or zombie tasks for this job
[2023-06-15T10:02:41.692+0000] {spark_submit.py:490} INFO - 23/06/15 10:02:41 INFO TaskSchedulerImpl: Killing all running tasks in stage 6: Stage finished
[2023-06-15T10:02:41.693+0000] {spark_submit.py:490} INFO - 23/06/15 10:02:41 INFO DAGScheduler: Job 6 finished: json at NativeMethodAccessorImpl.java:0, took 0.232834 s
[2023-06-15T10:02:42.922+0000] {spark_submit.py:490} INFO - {'meta': {'symbol': 'NVDA', 'interval': '1h', 'currency': 'USD', 'exchange_timezone': 'America/New_York', 'exchange': 'NASDAQ', 'mic_code': 'XNGS', 'type': 'Common Stock'}, 'values': [{'datetime': '2021-02-08 15:30:00', 'open': '577.53003', 'high': '578.92999', 'low': '576.28003', 'close': '577.54999', 'volume': '1314684'}, {'datetime': '2021-02-08 14:30:00', 'open': '573.94989', 'high': '578.09003', 'low': '573.33002', 'close': '577.62268', 'volume': '1044974'}, {'datetime': '2021-02-08 13:30:00', 'open': '574.15002', 'high': '575.00000', 'low': '571.13013', 'close': '573.88000', 'volume': '643557'}, {'datetime': '2021-02-08 12:30:00', 'open': '573.75110', 'high': '575.75000', 'low': '570.52002', 'close': '573.92999', 'volume': '927138'}, {'datetime': '2021-02-08 11:30:00', 'open': '567.53998', 'high': '575.00000', 'low': '564.82001', 'close': '573.73322', 'volume': '1368363'}, {'datetime': '2021-02-08 10:30:00', 'open': '562.19000', 'high': '569.57001', 'low': '561.78998', 'close': '567.54993', 'volume': '1321963'}, {'datetime': '2021-02-08 09:30:00', 'open': '549.08862', 'high': '567.65503', 'low': '549.08862', 'close': '562.12109', 'volume': '3374739'}], 'status': 'ok'}
[2023-06-15T10:02:42.967+0000] {spark_submit.py:490} INFO - 23/06/15 10:02:42 INFO SparkContext: Starting job: json at NativeMethodAccessorImpl.java:0
[2023-06-15T10:02:42.969+0000] {spark_submit.py:490} INFO - 23/06/15 10:02:42 INFO DAGScheduler: Got job 7 (json at NativeMethodAccessorImpl.java:0) with 2 output partitions
[2023-06-15T10:02:42.969+0000] {spark_submit.py:490} INFO - 23/06/15 10:02:42 INFO DAGScheduler: Final stage: ResultStage 7 (json at NativeMethodAccessorImpl.java:0)
[2023-06-15T10:02:42.969+0000] {spark_submit.py:490} INFO - 23/06/15 10:02:42 INFO DAGScheduler: Parents of final stage: List()
[2023-06-15T10:02:42.970+0000] {spark_submit.py:490} INFO - 23/06/15 10:02:42 INFO DAGScheduler: Missing parents: List()
[2023-06-15T10:02:42.971+0000] {spark_submit.py:490} INFO - 23/06/15 10:02:42 INFO DAGScheduler: Submitting ResultStage 7 (MapPartitionsRDD[88] at json at NativeMethodAccessorImpl.java:0), which has no missing parents
[2023-06-15T10:02:42.977+0000] {spark_submit.py:490} INFO - 23/06/15 10:02:42 INFO MemoryStore: Block broadcast_7 stored as values in memory (estimated size 19.8 KiB, free 434.4 MiB)
[2023-06-15T10:02:42.979+0000] {spark_submit.py:490} INFO - 23/06/15 10:02:42 INFO MemoryStore: Block broadcast_7_piece0 stored as bytes in memory (estimated size 9.7 KiB, free 434.3 MiB)
[2023-06-15T10:02:42.980+0000] {spark_submit.py:490} INFO - 23/06/15 10:02:42 INFO BlockManagerInfo: Added broadcast_7_piece0 in memory on 69b643fc97df:36125 (size: 9.7 KiB, free: 434.4 MiB)
[2023-06-15T10:02:42.981+0000] {spark_submit.py:490} INFO - 23/06/15 10:02:42 INFO SparkContext: Created broadcast 7 from broadcast at DAGScheduler.scala:1535
[2023-06-15T10:02:42.983+0000] {spark_submit.py:490} INFO - 23/06/15 10:02:42 INFO DAGScheduler: Submitting 2 missing tasks from ResultStage 7 (MapPartitionsRDD[88] at json at NativeMethodAccessorImpl.java:0) (first 15 tasks are for partitions Vector(0, 1))
[2023-06-15T10:02:42.984+0000] {spark_submit.py:490} INFO - 23/06/15 10:02:42 INFO TaskSchedulerImpl: Adding task set 7.0 with 2 tasks resource profile 0
[2023-06-15T10:02:42.986+0000] {spark_submit.py:490} INFO - 23/06/15 10:02:42 INFO TaskSetManager: Starting task 0.0 in stage 7.0 (TID 14) (172.27.0.2, executor 0, partition 0, PROCESS_LOCAL, 7347 bytes)
[2023-06-15T10:02:42.990+0000] {spark_submit.py:490} INFO - 23/06/15 10:02:42 INFO TaskSetManager: Starting task 1.0 in stage 7.0 (TID 15) (172.27.0.2, executor 0, partition 1, PROCESS_LOCAL, 8082 bytes)
[2023-06-15T10:02:43.022+0000] {spark_submit.py:490} INFO - 23/06/15 10:02:43 INFO BlockManagerInfo: Added broadcast_7_piece0 in memory on 172.27.0.2:36033 (size: 9.7 KiB, free: 434.4 MiB)
[2023-06-15T10:02:43.090+0000] {spark_submit.py:490} INFO - 23/06/15 10:02:43 INFO TaskSetManager: Finished task 0.0 in stage 7.0 (TID 14) in 100 ms on 172.27.0.2 (executor 0) (1/2)
[2023-06-15T10:02:43.091+0000] {spark_submit.py:490} INFO - 23/06/15 10:02:43 INFO TaskSetManager: Finished task 1.0 in stage 7.0 (TID 15) in 102 ms on 172.27.0.2 (executor 0) (2/2)
[2023-06-15T10:02:43.091+0000] {spark_submit.py:490} INFO - 23/06/15 10:02:43 INFO TaskSchedulerImpl: Removed TaskSet 7.0, whose tasks have all completed, from pool
[2023-06-15T10:02:43.094+0000] {spark_submit.py:490} INFO - 23/06/15 10:02:43 INFO DAGScheduler: ResultStage 7 (json at NativeMethodAccessorImpl.java:0) finished in 0.120 s
[2023-06-15T10:02:43.095+0000] {spark_submit.py:490} INFO - 23/06/15 10:02:43 INFO DAGScheduler: Job 7 is finished. Cancelling potential speculative or zombie tasks for this job
[2023-06-15T10:02:43.096+0000] {spark_submit.py:490} INFO - 23/06/15 10:02:43 INFO TaskSchedulerImpl: Killing all running tasks in stage 7: Stage finished
[2023-06-15T10:02:43.097+0000] {spark_submit.py:490} INFO - 23/06/15 10:02:43 INFO DAGScheduler: Job 7 finished: json at NativeMethodAccessorImpl.java:0, took 0.129032 s
[2023-06-15T10:02:44.198+0000] {spark_submit.py:490} INFO - 23/06/15 10:02:44 INFO BlockManagerInfo: Removed broadcast_6_piece0 on 69b643fc97df:36125 in memory (size: 9.7 KiB, free: 434.4 MiB)
[2023-06-15T10:02:44.202+0000] {spark_submit.py:490} INFO - 23/06/15 10:02:44 INFO BlockManagerInfo: Removed broadcast_6_piece0 on 172.27.0.2:36033 in memory (size: 9.7 KiB, free: 434.4 MiB)
[2023-06-15T10:02:44.210+0000] {spark_submit.py:490} INFO - 23/06/15 10:02:44 INFO BlockManagerInfo: Removed broadcast_7_piece0 on 69b643fc97df:36125 in memory (size: 9.7 KiB, free: 434.4 MiB)
[2023-06-15T10:02:44.212+0000] {spark_submit.py:490} INFO - 23/06/15 10:02:44 INFO BlockManagerInfo: Removed broadcast_7_piece0 on 172.27.0.2:36033 in memory (size: 9.7 KiB, free: 434.4 MiB)
[2023-06-15T10:02:47.986+0000] {spark_submit.py:490} INFO - 23/06/15 10:02:47 INFO ParquetUtils: Using default output committer for Parquet: org.apache.parquet.hadoop.ParquetOutputCommitter
[2023-06-15T10:02:48.033+0000] {spark_submit.py:490} INFO - 23/06/15 10:02:48 INFO FileOutputCommitter: File Output Committer Algorithm version is 1
[2023-06-15T10:02:48.034+0000] {spark_submit.py:490} INFO - 23/06/15 10:02:48 INFO FileOutputCommitter: FileOutputCommitter skip cleanup _temporary folders under output directory:false, ignore cleanup failures: false
[2023-06-15T10:02:48.038+0000] {spark_submit.py:490} INFO - 23/06/15 10:02:48 INFO SQLHadoopMapReduceCommitProtocol: Using user defined output committer class org.apache.parquet.hadoop.ParquetOutputCommitter
[2023-06-15T10:02:48.039+0000] {spark_submit.py:490} INFO - 23/06/15 10:02:48 INFO FileOutputCommitter: File Output Committer Algorithm version is 1
[2023-06-15T10:02:48.039+0000] {spark_submit.py:490} INFO - 23/06/15 10:02:48 INFO FileOutputCommitter: FileOutputCommitter skip cleanup _temporary folders under output directory:false, ignore cleanup failures: false
[2023-06-15T10:02:48.041+0000] {spark_submit.py:490} INFO - 23/06/15 10:02:48 INFO SQLHadoopMapReduceCommitProtocol: Using output committer class org.apache.parquet.hadoop.ParquetOutputCommitter
[2023-06-15T10:02:49.495+0000] {spark_submit.py:490} INFO - 23/06/15 10:02:49 INFO CodeGenerator: Code generated in 55.229624 ms
[2023-06-15T10:02:49.518+0000] {spark_submit.py:490} INFO - 23/06/15 10:02:49 INFO CodeGenerator: Code generated in 13.154608 ms
[2023-06-15T10:02:49.536+0000] {spark_submit.py:490} INFO - 23/06/15 10:02:49 INFO CodeGenerator: Code generated in 12.436635 ms
[2023-06-15T10:02:49.552+0000] {spark_submit.py:490} INFO - 23/06/15 10:02:49 INFO CodeGenerator: Code generated in 11.083293 ms
[2023-06-15T10:02:49.567+0000] {spark_submit.py:490} INFO - 23/06/15 10:02:49 INFO CodeGenerator: Code generated in 10.06352 ms
[2023-06-15T10:02:49.582+0000] {spark_submit.py:490} INFO - 23/06/15 10:02:49 INFO CodeGenerator: Code generated in 9.952223 ms
[2023-06-15T10:02:49.600+0000] {spark_submit.py:490} INFO - 23/06/15 10:02:49 INFO CodeGenerator: Code generated in 13.805987 ms
[2023-06-15T10:02:49.618+0000] {spark_submit.py:490} INFO - 23/06/15 10:02:49 INFO CodeGenerator: Code generated in 10.408947 ms
[2023-06-15T10:02:49.635+0000] {spark_submit.py:490} INFO - 23/06/15 10:02:49 INFO CodeGenerator: Code generated in 11.13576 ms
[2023-06-15T10:02:49.678+0000] {spark_submit.py:490} INFO - 23/06/15 10:02:49 INFO SparkContext: Starting job: parquet at NativeMethodAccessorImpl.java:0
[2023-06-15T10:02:49.684+0000] {spark_submit.py:490} INFO - 23/06/15 10:02:49 INFO DAGScheduler: Got job 8 (parquet at NativeMethodAccessorImpl.java:0) with 1 output partitions
[2023-06-15T10:02:49.685+0000] {spark_submit.py:490} INFO - 23/06/15 10:02:49 INFO DAGScheduler: Final stage: ResultStage 8 (parquet at NativeMethodAccessorImpl.java:0)
[2023-06-15T10:02:49.685+0000] {spark_submit.py:490} INFO - 23/06/15 10:02:49 INFO DAGScheduler: Parents of final stage: List()
[2023-06-15T10:02:49.686+0000] {spark_submit.py:490} INFO - 23/06/15 10:02:49 INFO DAGScheduler: Missing parents: List()
[2023-06-15T10:02:49.690+0000] {spark_submit.py:490} INFO - 23/06/15 10:02:49 INFO DAGScheduler: Submitting ResultStage 8 (MapPartitionsRDD[104] at parquet at NativeMethodAccessorImpl.java:0), which has no missing parents
[2023-06-15T10:02:49.753+0000] {spark_submit.py:490} INFO - 23/06/15 10:02:49 INFO MemoryStore: Block broadcast_8 stored as values in memory (estimated size 276.6 KiB, free 434.1 MiB)
[2023-06-15T10:02:49.756+0000] {spark_submit.py:490} INFO - 23/06/15 10:02:49 INFO MemoryStore: Block broadcast_8_piece0 stored as bytes in memory (estimated size 93.1 KiB, free 434.0 MiB)
[2023-06-15T10:02:49.756+0000] {spark_submit.py:490} INFO - 23/06/15 10:02:49 INFO BlockManagerInfo: Added broadcast_8_piece0 in memory on 69b643fc97df:36125 (size: 93.1 KiB, free: 434.3 MiB)
[2023-06-15T10:02:49.757+0000] {spark_submit.py:490} INFO - 23/06/15 10:02:49 INFO SparkContext: Created broadcast 8 from broadcast at DAGScheduler.scala:1535
[2023-06-15T10:02:49.757+0000] {spark_submit.py:490} INFO - 23/06/15 10:02:49 INFO DAGScheduler: Submitting 1 missing tasks from ResultStage 8 (MapPartitionsRDD[104] at parquet at NativeMethodAccessorImpl.java:0) (first 15 tasks are for partitions Vector(0))
[2023-06-15T10:02:49.758+0000] {spark_submit.py:490} INFO - 23/06/15 10:02:49 INFO TaskSchedulerImpl: Adding task set 8.0 with 1 tasks resource profile 0
[2023-06-15T10:02:49.761+0000] {spark_submit.py:490} INFO - 23/06/15 10:02:49 INFO TaskSetManager: Starting task 0.0 in stage 8.0 (TID 16) (172.27.0.2, executor 0, partition 0, PROCESS_LOCAL, 14540 bytes)
[2023-06-15T10:02:49.786+0000] {spark_submit.py:490} INFO - 23/06/15 10:02:49 INFO BlockManagerInfo: Added broadcast_8_piece0 in memory on 172.27.0.2:36033 (size: 93.1 KiB, free: 434.3 MiB)
[2023-06-15T10:03:02.346+0000] {spark_submit.py:490} INFO - 23/06/15 10:03:02 INFO TaskSetManager: Finished task 0.0 in stage 8.0 (TID 16) in 12588 ms on 172.27.0.2 (executor 0) (1/1)
[2023-06-15T10:03:02.347+0000] {spark_submit.py:490} INFO - 23/06/15 10:03:02 INFO TaskSchedulerImpl: Removed TaskSet 8.0, whose tasks have all completed, from pool
[2023-06-15T10:03:02.349+0000] {spark_submit.py:490} INFO - 23/06/15 10:03:02 INFO DAGScheduler: ResultStage 8 (parquet at NativeMethodAccessorImpl.java:0) finished in 12.653 s
[2023-06-15T10:03:02.350+0000] {spark_submit.py:490} INFO - 23/06/15 10:03:02 INFO DAGScheduler: Job 8 is finished. Cancelling potential speculative or zombie tasks for this job
[2023-06-15T10:03:02.350+0000] {spark_submit.py:490} INFO - 23/06/15 10:03:02 INFO TaskSchedulerImpl: Killing all running tasks in stage 8: Stage finished
[2023-06-15T10:03:02.352+0000] {spark_submit.py:490} INFO - 23/06/15 10:03:02 INFO DAGScheduler: Job 8 finished: parquet at NativeMethodAccessorImpl.java:0, took 12.672600 s
[2023-06-15T10:03:02.360+0000] {spark_submit.py:490} INFO - 23/06/15 10:03:02 INFO FileFormatWriter: Start to commit write Job d195cbb0-d348-49de-b5d7-0300a2568061.
[2023-06-15T10:03:09.462+0000] {spark_submit.py:490} INFO - 23/06/15 10:03:09 INFO GoogleCloudStorageFileSystem: Successfully repaired 'gs://dtc-de-382609_bucket/stock_data/2021/02/_temporary/0/task_202306151002497541046526042021266_0008_m_000000/' directory.
[2023-06-15T10:03:12.237+0000] {spark_submit.py:490} INFO - 23/06/15 10:03:12 INFO GoogleCloudStorageFileSystem: Successfully repaired 'gs://dtc-de-382609_bucket/stock_data/2021/02/' directory.
[2023-06-15T10:03:14.337+0000] {spark_submit.py:490} INFO - 23/06/15 10:03:14 INFO BlockManagerInfo: Removed broadcast_8_piece0 on 69b643fc97df:36125 in memory (size: 93.1 KiB, free: 434.4 MiB)
[2023-06-15T10:03:14.344+0000] {spark_submit.py:490} INFO - 23/06/15 10:03:14 INFO BlockManagerInfo: Removed broadcast_8_piece0 on 172.27.0.2:36033 in memory (size: 93.1 KiB, free: 434.4 MiB)
[2023-06-15T10:03:15.597+0000] {spark_submit.py:490} INFO - 23/06/15 10:03:15 INFO FileFormatWriter: Write Job d195cbb0-d348-49de-b5d7-0300a2568061 committed. Elapsed time: 13235 ms.
[2023-06-15T10:03:15.602+0000] {spark_submit.py:490} INFO - 23/06/15 10:03:15 INFO FileFormatWriter: Finished processing stats for write job d195cbb0-d348-49de-b5d7-0300a2568061.
[2023-06-15T10:03:19.009+0000] {spark_submit.py:490} INFO - 23/06/15 10:03:19 INFO InMemoryFileIndex: It took 2043 ms to list leaf files for 2 paths.
[2023-06-15T10:03:19.142+0000] {spark_submit.py:490} INFO - 23/06/15 10:03:19 INFO SparkContext: Starting job: load at NativeMethodAccessorImpl.java:0
[2023-06-15T10:03:19.143+0000] {spark_submit.py:490} INFO - 23/06/15 10:03:19 INFO DAGScheduler: Got job 9 (load at NativeMethodAccessorImpl.java:0) with 1 output partitions
[2023-06-15T10:03:19.144+0000] {spark_submit.py:490} INFO - 23/06/15 10:03:19 INFO DAGScheduler: Final stage: ResultStage 9 (load at NativeMethodAccessorImpl.java:0)
[2023-06-15T10:03:19.144+0000] {spark_submit.py:490} INFO - 23/06/15 10:03:19 INFO DAGScheduler: Parents of final stage: List()
[2023-06-15T10:03:19.144+0000] {spark_submit.py:490} INFO - 23/06/15 10:03:19 INFO DAGScheduler: Missing parents: List()
[2023-06-15T10:03:19.145+0000] {spark_submit.py:490} INFO - 23/06/15 10:03:19 INFO DAGScheduler: Submitting ResultStage 9 (MapPartitionsRDD[106] at load at NativeMethodAccessorImpl.java:0), which has no missing parents
[2023-06-15T10:03:19.159+0000] {spark_submit.py:490} INFO - 23/06/15 10:03:19 INFO MemoryStore: Block broadcast_9 stored as values in memory (estimated size 103.5 KiB, free 434.3 MiB)
[2023-06-15T10:03:19.169+0000] {spark_submit.py:490} INFO - 23/06/15 10:03:19 INFO MemoryStore: Block broadcast_9_piece0 stored as bytes in memory (estimated size 37.4 KiB, free 434.3 MiB)
[2023-06-15T10:03:19.170+0000] {spark_submit.py:490} INFO - 23/06/15 10:03:19 INFO BlockManagerInfo: Added broadcast_9_piece0 in memory on 69b643fc97df:36125 (size: 37.4 KiB, free: 434.4 MiB)
[2023-06-15T10:03:19.170+0000] {spark_submit.py:490} INFO - 23/06/15 10:03:19 INFO SparkContext: Created broadcast 9 from broadcast at DAGScheduler.scala:1535
[2023-06-15T10:03:19.171+0000] {spark_submit.py:490} INFO - 23/06/15 10:03:19 INFO DAGScheduler: Submitting 1 missing tasks from ResultStage 9 (MapPartitionsRDD[106] at load at NativeMethodAccessorImpl.java:0) (first 15 tasks are for partitions Vector(0))
[2023-06-15T10:03:19.171+0000] {spark_submit.py:490} INFO - 23/06/15 10:03:19 INFO TaskSchedulerImpl: Adding task set 9.0 with 1 tasks resource profile 0
[2023-06-15T10:03:19.172+0000] {spark_submit.py:490} INFO - 23/06/15 10:03:19 INFO TaskSetManager: Starting task 0.0 in stage 9.0 (TID 17) (172.27.0.2, executor 0, partition 0, PROCESS_LOCAL, 7574 bytes)
[2023-06-15T10:03:19.195+0000] {spark_submit.py:490} INFO - 23/06/15 10:03:19 INFO BlockManagerInfo: Added broadcast_9_piece0 in memory on 172.27.0.2:36033 (size: 37.4 KiB, free: 434.4 MiB)
[2023-06-15T10:03:20.878+0000] {spark_submit.py:490} INFO - 23/06/15 10:03:20 INFO TaskSetManager: Finished task 0.0 in stage 9.0 (TID 17) in 1706 ms on 172.27.0.2 (executor 0) (1/1)
[2023-06-15T10:03:20.879+0000] {spark_submit.py:490} INFO - 23/06/15 10:03:20 INFO TaskSchedulerImpl: Removed TaskSet 9.0, whose tasks have all completed, from pool
[2023-06-15T10:03:20.880+0000] {spark_submit.py:490} INFO - 23/06/15 10:03:20 INFO DAGScheduler: ResultStage 9 (load at NativeMethodAccessorImpl.java:0) finished in 1.733 s
[2023-06-15T10:03:20.881+0000] {spark_submit.py:490} INFO - 23/06/15 10:03:20 INFO DAGScheduler: Job 9 is finished. Cancelling potential speculative or zombie tasks for this job
[2023-06-15T10:03:20.881+0000] {spark_submit.py:490} INFO - 23/06/15 10:03:20 INFO TaskSchedulerImpl: Killing all running tasks in stage 9: Stage finished
[2023-06-15T10:03:20.882+0000] {spark_submit.py:490} INFO - 23/06/15 10:03:20 INFO DAGScheduler: Job 9 finished: load at NativeMethodAccessorImpl.java:0, took 1.739977 s
[2023-06-15T10:03:20.977+0000] {spark_submit.py:490} INFO - 23/06/15 10:03:20 INFO FileSourceStrategy: Pushed Filters:
[2023-06-15T10:03:20.979+0000] {spark_submit.py:490} INFO - 23/06/15 10:03:20 INFO FileSourceStrategy: Post-Scan Filters:
[2023-06-15T10:03:21.037+0000] {spark_submit.py:490} INFO - 23/06/15 10:03:21 INFO CodeGenerator: Code generated in 23.275769 ms
[2023-06-15T10:03:21.066+0000] {spark_submit.py:490} INFO - 23/06/15 10:03:21 INFO MemoryStore: Block broadcast_10 stored as values in memory (estimated size 202.4 KiB, free 434.1 MiB)
[2023-06-15T10:03:21.077+0000] {spark_submit.py:490} INFO - 23/06/15 10:03:21 INFO MemoryStore: Block broadcast_10_piece0 stored as bytes in memory (estimated size 35.1 KiB, free 434.0 MiB)
[2023-06-15T10:03:21.078+0000] {spark_submit.py:490} INFO - 23/06/15 10:03:21 INFO BlockManagerInfo: Added broadcast_10_piece0 in memory on 69b643fc97df:36125 (size: 35.1 KiB, free: 434.3 MiB)
[2023-06-15T10:03:21.078+0000] {spark_submit.py:490} INFO - 23/06/15 10:03:21 INFO SparkContext: Created broadcast 10 from showString at NativeMethodAccessorImpl.java:0
[2023-06-15T10:03:21.090+0000] {spark_submit.py:490} INFO - 23/06/15 10:03:21 INFO FileSourceScanExec: Planning scan with bin packing, max size: 4198936 bytes, open cost is considered as scanning 4194304 bytes.
[2023-06-15T10:03:21.130+0000] {spark_submit.py:490} INFO - 23/06/15 10:03:21 INFO SparkContext: Starting job: showString at NativeMethodAccessorImpl.java:0
[2023-06-15T10:03:21.132+0000] {spark_submit.py:490} INFO - 23/06/15 10:03:21 INFO DAGScheduler: Got job 10 (showString at NativeMethodAccessorImpl.java:0) with 1 output partitions
[2023-06-15T10:03:21.132+0000] {spark_submit.py:490} INFO - 23/06/15 10:03:21 INFO DAGScheduler: Final stage: ResultStage 10 (showString at NativeMethodAccessorImpl.java:0)
[2023-06-15T10:03:21.132+0000] {spark_submit.py:490} INFO - 23/06/15 10:03:21 INFO DAGScheduler: Parents of final stage: List()
[2023-06-15T10:03:21.133+0000] {spark_submit.py:490} INFO - 23/06/15 10:03:21 INFO DAGScheduler: Missing parents: List()
[2023-06-15T10:03:21.134+0000] {spark_submit.py:490} INFO - 23/06/15 10:03:21 INFO DAGScheduler: Submitting ResultStage 10 (MapPartitionsRDD[110] at showString at NativeMethodAccessorImpl.java:0), which has no missing parents
[2023-06-15T10:03:21.156+0000] {spark_submit.py:490} INFO - 23/06/15 10:03:21 INFO MemoryStore: Block broadcast_11 stored as values in memory (estimated size 16.1 KiB, free 434.0 MiB)
[2023-06-15T10:03:21.160+0000] {spark_submit.py:490} INFO - 23/06/15 10:03:21 INFO MemoryStore: Block broadcast_11_piece0 stored as bytes in memory (estimated size 6.3 KiB, free 434.0 MiB)
[2023-06-15T10:03:21.162+0000] {spark_submit.py:490} INFO - 23/06/15 10:03:21 INFO BlockManagerInfo: Added broadcast_11_piece0 in memory on 69b643fc97df:36125 (size: 6.3 KiB, free: 434.3 MiB)
[2023-06-15T10:03:21.163+0000] {spark_submit.py:490} INFO - 23/06/15 10:03:21 INFO SparkContext: Created broadcast 11 from broadcast at DAGScheduler.scala:1535
[2023-06-15T10:03:21.163+0000] {spark_submit.py:490} INFO - 23/06/15 10:03:21 INFO DAGScheduler: Submitting 1 missing tasks from ResultStage 10 (MapPartitionsRDD[110] at showString at NativeMethodAccessorImpl.java:0) (first 15 tasks are for partitions Vector(0))
[2023-06-15T10:03:21.164+0000] {spark_submit.py:490} INFO - 23/06/15 10:03:21 INFO TaskSchedulerImpl: Adding task set 10.0 with 1 tasks resource profile 0
[2023-06-15T10:03:21.173+0000] {spark_submit.py:490} INFO - 23/06/15 10:03:21 INFO TaskSetManager: Starting task 0.0 in stage 10.0 (TID 18) (172.27.0.2, executor 0, partition 0, PROCESS_LOCAL, 7996 bytes)
[2023-06-15T10:03:21.210+0000] {spark_submit.py:490} INFO - 23/06/15 10:03:21 INFO BlockManagerInfo: Added broadcast_11_piece0 in memory on 172.27.0.2:36033 (size: 6.3 KiB, free: 434.4 MiB)
[2023-06-15T10:03:21.308+0000] {spark_submit.py:490} INFO - 23/06/15 10:03:21 INFO BlockManagerInfo: Added broadcast_10_piece0 in memory on 172.27.0.2:36033 (size: 35.1 KiB, free: 434.3 MiB)
[2023-06-15T10:03:25.380+0000] {spark_submit.py:490} INFO - 23/06/15 10:03:25 INFO TaskSetManager: Finished task 0.0 in stage 10.0 (TID 18) in 4214 ms on 172.27.0.2 (executor 0) (1/1)
[2023-06-15T10:03:25.380+0000] {spark_submit.py:490} INFO - 23/06/15 10:03:25 INFO TaskSchedulerImpl: Removed TaskSet 10.0, whose tasks have all completed, from pool
[2023-06-15T10:03:25.381+0000] {spark_submit.py:490} INFO - 23/06/15 10:03:25 INFO DAGScheduler: ResultStage 10 (showString at NativeMethodAccessorImpl.java:0) finished in 4.243 s
[2023-06-15T10:03:25.381+0000] {spark_submit.py:490} INFO - 23/06/15 10:03:25 INFO DAGScheduler: Job 10 is finished. Cancelling potential speculative or zombie tasks for this job
[2023-06-15T10:03:25.382+0000] {spark_submit.py:490} INFO - 23/06/15 10:03:25 INFO TaskSchedulerImpl: Killing all running tasks in stage 10: Stage finished
[2023-06-15T10:03:25.382+0000] {spark_submit.py:490} INFO - 23/06/15 10:03:25 INFO DAGScheduler: Job 10 finished: showString at NativeMethodAccessorImpl.java:0, took 4.251444 s
[2023-06-15T10:03:25.426+0000] {spark_submit.py:490} INFO - 23/06/15 10:03:25 INFO CodeGenerator: Code generated in 20.152184 ms
[2023-06-15T10:03:25.441+0000] {spark_submit.py:490} INFO - +-------------------+------+----------+----------+----------+----------+--------+
[2023-06-15T10:03:25.441+0000] {spark_submit.py:490} INFO - |           datetime|symbol|      open|      high|       low|     close|  volume|
[2023-06-15T10:03:25.441+0000] {spark_submit.py:490} INFO - +-------------------+------+----------+----------+----------+----------+--------+
[2023-06-15T10:03:25.442+0000] {spark_submit.py:490} INFO - |2021-01-29 15:30:00|  AAPL| 132.53999| 133.50000| 131.73000| 131.96001|17156763|
[2023-06-15T10:03:25.442+0000] {spark_submit.py:490} INFO - |2021-01-29 14:30:00|  AAPL| 131.94000| 133.22000| 131.03000| 132.53320|17380581|
[2023-06-15T10:03:25.442+0000] {spark_submit.py:490} INFO - |2021-01-29 13:30:00|  AAPL| 132.03999| 132.81000| 131.47000| 131.93990|18117174|
[2023-06-15T10:03:25.442+0000] {spark_submit.py:490} INFO - |2021-01-29 12:30:00|  AAPL| 131.95000| 132.23000| 130.21001| 132.05000|27629092|
[2023-06-15T10:03:25.442+0000] {spark_submit.py:490} INFO - |2021-01-29 11:30:00|  AAPL| 132.17000| 133.31000| 131.20760| 131.96851|24633251|
[2023-06-15T10:03:25.442+0000] {spark_submit.py:490} INFO - |2021-01-29 10:30:00|  AAPL| 135.09891| 135.44000| 131.88000| 132.20000|25929359|
[2023-06-15T10:03:25.443+0000] {spark_submit.py:490} INFO - |2021-01-29 09:30:00|  AAPL| 135.78000| 136.74001| 133.78999| 135.08009|31835713|
[2023-06-15T10:03:25.443+0000] {spark_submit.py:490} INFO - |2021-01-29 15:30:00|  MSFT| 233.85001| 234.48000| 231.50000| 231.84000| 5471073|
[2023-06-15T10:03:25.443+0000] {spark_submit.py:490} INFO - |2021-01-29 14:30:00|  MSFT| 233.62000| 234.75000| 232.45081| 233.86000| 4423420|
[2023-06-15T10:03:25.443+0000] {spark_submit.py:490} INFO - |2021-01-29 13:30:00|  MSFT| 233.24001| 234.02000| 232.62000| 233.62000| 3542167|
[2023-06-15T10:03:25.443+0000] {spark_submit.py:490} INFO - |2021-01-29 12:30:00|  MSFT| 233.50999| 233.75000| 231.36000| 233.31000| 5090571|
[2023-06-15T10:03:25.444+0000] {spark_submit.py:490} INFO - |2021-01-29 11:30:00|  MSFT| 233.92000| 235.20000| 233.47000| 233.52000| 3931652|
[2023-06-15T10:03:25.444+0000] {spark_submit.py:490} INFO - |2021-01-29 10:30:00|  MSFT| 237.78999| 238.01500| 233.81000| 233.91010| 4548452|
[2023-06-15T10:03:25.444+0000] {spark_submit.py:490} INFO - |2021-01-29 09:30:00|  MSFT| 235.79700| 237.92000| 234.07001| 237.80000| 8536703|
[2023-06-15T10:03:25.444+0000] {spark_submit.py:490} INFO - |2021-01-29 15:30:00|  GOOG|1850.27002|1852.88000|1831.57996|1832.75000|  243621|
[2023-06-15T10:03:25.444+0000] {spark_submit.py:490} INFO - |2021-01-29 14:30:00|  GOOG|1841.62000|1851.90002|1830.76001|1850.85999|  164942|
[2023-06-15T10:03:25.444+0000] {spark_submit.py:490} INFO - |2021-01-29 13:30:00|  GOOG|1824.98999|1844.39001|1821.15015|1841.23999|  140231|
[2023-06-15T10:03:25.444+0000] {spark_submit.py:490} INFO - |2021-01-29 12:30:00|  GOOG|1822.94006|1827.31995|1810.19995|1826.95996|  160996|
[2023-06-15T10:03:25.445+0000] {spark_submit.py:490} INFO - |2021-01-29 11:30:00|  GOOG|1837.18994|1838.05591|1820.28003|1823.85986|  155073|
[2023-06-15T10:03:25.445+0000] {spark_submit.py:490} INFO - |2021-01-29 10:30:00|  GOOG|1851.53003|1857.00000|1833.01001|1835.65015|  163882|
[2023-06-15T10:03:25.445+0000] {spark_submit.py:490} INFO - +-------------------+------+----------+----------+----------+----------+--------+
[2023-06-15T10:03:25.445+0000] {spark_submit.py:490} INFO - only showing top 20 rows
[2023-06-15T10:03:25.445+0000] {spark_submit.py:490} INFO - 
[2023-06-15T10:03:25.598+0000] {spark_submit.py:490} INFO - 23/06/15 10:03:25 INFO SparkContext: Invoking stop() from shutdown hook
[2023-06-15T10:03:25.599+0000] {spark_submit.py:490} INFO - 23/06/15 10:03:25 INFO SparkContext: SparkContext is stopping with exitCode 0.
[2023-06-15T10:03:25.608+0000] {spark_submit.py:490} INFO - 23/06/15 10:03:25 INFO SparkUI: Stopped Spark web UI at http://69b643fc97df:4040
[2023-06-15T10:03:25.613+0000] {spark_submit.py:490} INFO - 23/06/15 10:03:25 INFO StandaloneSchedulerBackend: Shutting down all executors
[2023-06-15T10:03:25.613+0000] {spark_submit.py:490} INFO - 23/06/15 10:03:25 INFO StandaloneSchedulerBackend$StandaloneDriverEndpoint: Asking each executor to shut down
[2023-06-15T10:03:25.643+0000] {spark_submit.py:490} INFO - 23/06/15 10:03:25 INFO MapOutputTrackerMasterEndpoint: MapOutputTrackerMasterEndpoint stopped!
[2023-06-15T10:03:25.663+0000] {spark_submit.py:490} INFO - 23/06/15 10:03:25 INFO MemoryStore: MemoryStore cleared
[2023-06-15T10:03:25.663+0000] {spark_submit.py:490} INFO - 23/06/15 10:03:25 INFO BlockManager: BlockManager stopped
[2023-06-15T10:03:25.666+0000] {spark_submit.py:490} INFO - 23/06/15 10:03:25 INFO BlockManagerMaster: BlockManagerMaster stopped
[2023-06-15T10:03:25.670+0000] {spark_submit.py:490} INFO - 23/06/15 10:03:25 INFO OutputCommitCoordinator$OutputCommitCoordinatorEndpoint: OutputCommitCoordinator stopped!
[2023-06-15T10:03:25.678+0000] {spark_submit.py:490} INFO - 23/06/15 10:03:25 INFO SparkContext: Successfully stopped SparkContext
[2023-06-15T10:03:25.679+0000] {spark_submit.py:490} INFO - 23/06/15 10:03:25 INFO ShutdownHookManager: Shutdown hook called
[2023-06-15T10:03:25.679+0000] {spark_submit.py:490} INFO - 23/06/15 10:03:25 INFO ShutdownHookManager: Deleting directory /tmp/spark-462fe965-9448-4701-9e18-e64ddd9afed6/pyspark-567bd550-bb60-4e74-8468-f5715ce3f1d4
[2023-06-15T10:03:25.683+0000] {spark_submit.py:490} INFO - 23/06/15 10:03:25 INFO ShutdownHookManager: Deleting directory /tmp/spark-721ac37c-984d-448f-928d-66fa46fea144
[2023-06-15T10:03:25.686+0000] {spark_submit.py:490} INFO - 23/06/15 10:03:25 INFO ShutdownHookManager: Deleting directory /tmp/spark-462fe965-9448-4701-9e18-e64ddd9afed6
[2023-06-15T10:03:25.773+0000] {taskinstance.py:1345} INFO - Marking task as SUCCESS. dag_id=upload_to_gcs, task_id=spark_load_stock_data, execution_date=20210208T000000, start_date=20230615T100217, end_date=20230615T100325
[2023-06-15T10:03:25.820+0000] {local_task_job_runner.py:225} INFO - Task exited with return code 0
[2023-06-15T10:03:25.836+0000] {taskinstance.py:2651} INFO - 0 downstream tasks scheduled from follow-on schedule check
