[2023-06-15T09:22:26.082+0000] {taskinstance.py:1103} INFO - Dependencies all met for dep_context=non-requeueable deps ti=<TaskInstance: upload_to_gcs.spark_load_stock_data backfill__2021-01-03T00:00:00+00:00 [queued]>
[2023-06-15T09:22:26.091+0000] {taskinstance.py:1103} INFO - Dependencies all met for dep_context=requeueable deps ti=<TaskInstance: upload_to_gcs.spark_load_stock_data backfill__2021-01-03T00:00:00+00:00 [queued]>
[2023-06-15T09:22:26.091+0000] {taskinstance.py:1308} INFO - Starting attempt 1 of 2
[2023-06-15T09:22:26.110+0000] {taskinstance.py:1327} INFO - Executing <Task(SparkSubmitOperator): spark_load_stock_data> on 2021-01-03 00:00:00+00:00
[2023-06-15T09:22:26.114+0000] {standard_task_runner.py:57} INFO - Started process 502 to run task
[2023-06-15T09:22:26.118+0000] {standard_task_runner.py:84} INFO - Running: ['***', 'tasks', 'run', 'upload_to_gcs', 'spark_load_stock_data', 'backfill__2021-01-03T00:00:00+00:00', '--job-id', '361', '--pool', 'default_pool', '--raw', '--subdir', 'DAGS_FOLDER/upload_to_gcs.py', '--cfg-path', '/tmp/tmp4yk3m5u2']
[2023-06-15T09:22:26.118+0000] {standard_task_runner.py:85} INFO - Job 361: Subtask spark_load_stock_data
[2023-06-15T09:22:26.159+0000] {task_command.py:410} INFO - Running <TaskInstance: upload_to_gcs.spark_load_stock_data backfill__2021-01-03T00:00:00+00:00 [running]> on host 69b643fc97df
[2023-06-15T09:22:26.229+0000] {taskinstance.py:1545} INFO - Exporting env vars: AIRFLOW_CTX_DAG_OWNER='***' AIRFLOW_CTX_DAG_ID='upload_to_gcs' AIRFLOW_CTX_TASK_ID='spark_load_stock_data' AIRFLOW_CTX_EXECUTION_DATE='2021-01-03T00:00:00+00:00' AIRFLOW_CTX_TRY_NUMBER='1' AIRFLOW_CTX_DAG_RUN_ID='backfill__2021-01-03T00:00:00+00:00'
[2023-06-15T09:22:26.235+0000] {base.py:73} INFO - Using connection ID 'spark_default' for task execution.
[2023-06-15T09:22:26.236+0000] {spark_submit.py:339} INFO - Spark-Submit cmd: spark-submit --master spark://spark:7077 --name arrow-spark --verbose /opt/spark/app/load_data.py 2021-01-03 2efb4e0c80a041b794abaf4369e76869 dtc-de-382609_bucket
[2023-06-15T09:22:26.251+0000] {spark_submit.py:490} INFO - /opt/***/spark/spark-3.4.0-bin-hadoop3/bin/load-spark-env.sh: line 68: ps: command not found
[2023-06-15T09:22:27.500+0000] {spark_submit.py:490} INFO - Using properties file: null
[2023-06-15T09:22:27.614+0000] {spark_submit.py:490} INFO - Parsed arguments:
[2023-06-15T09:22:27.614+0000] {spark_submit.py:490} INFO - master                  spark://spark:7077
[2023-06-15T09:22:27.614+0000] {spark_submit.py:490} INFO - remote                  null
[2023-06-15T09:22:27.615+0000] {spark_submit.py:490} INFO - deployMode              null
[2023-06-15T09:22:27.615+0000] {spark_submit.py:490} INFO - executorMemory          null
[2023-06-15T09:22:27.615+0000] {spark_submit.py:490} INFO - executorCores           null
[2023-06-15T09:22:27.615+0000] {spark_submit.py:490} INFO - totalExecutorCores      null
[2023-06-15T09:22:27.615+0000] {spark_submit.py:490} INFO - propertiesFile          null
[2023-06-15T09:22:27.615+0000] {spark_submit.py:490} INFO - driverMemory            null
[2023-06-15T09:22:27.615+0000] {spark_submit.py:490} INFO - driverCores             null
[2023-06-15T09:22:27.615+0000] {spark_submit.py:490} INFO - driverExtraClassPath    null
[2023-06-15T09:22:27.615+0000] {spark_submit.py:490} INFO - driverExtraLibraryPath  null
[2023-06-15T09:22:27.615+0000] {spark_submit.py:490} INFO - driverExtraJavaOptions  null
[2023-06-15T09:22:27.615+0000] {spark_submit.py:490} INFO - supervise               false
[2023-06-15T09:22:27.615+0000] {spark_submit.py:490} INFO - queue                   null
[2023-06-15T09:22:27.615+0000] {spark_submit.py:490} INFO - numExecutors            null
[2023-06-15T09:22:27.616+0000] {spark_submit.py:490} INFO - files                   null
[2023-06-15T09:22:27.616+0000] {spark_submit.py:490} INFO - pyFiles                 null
[2023-06-15T09:22:27.616+0000] {spark_submit.py:490} INFO - archives                null
[2023-06-15T09:22:27.616+0000] {spark_submit.py:490} INFO - mainClass               null
[2023-06-15T09:22:27.616+0000] {spark_submit.py:490} INFO - primaryResource         file:/opt/spark/app/load_data.py
[2023-06-15T09:22:27.616+0000] {spark_submit.py:490} INFO - name                    arrow-spark
[2023-06-15T09:22:27.616+0000] {spark_submit.py:490} INFO - childArgs               [2021-01-03 2efb4e0c80a041b794abaf4369e76869 dtc-de-382609_bucket]
[2023-06-15T09:22:27.616+0000] {spark_submit.py:490} INFO - jars                    null
[2023-06-15T09:22:27.616+0000] {spark_submit.py:490} INFO - packages                null
[2023-06-15T09:22:27.616+0000] {spark_submit.py:490} INFO - packagesExclusions      null
[2023-06-15T09:22:27.616+0000] {spark_submit.py:490} INFO - repositories            null
[2023-06-15T09:22:27.616+0000] {spark_submit.py:490} INFO - verbose                 true
[2023-06-15T09:22:27.616+0000] {spark_submit.py:490} INFO - 
[2023-06-15T09:22:27.616+0000] {spark_submit.py:490} INFO - Spark properties used, including those specified through
[2023-06-15T09:22:27.617+0000] {spark_submit.py:490} INFO - --conf and those from the properties file null:
[2023-06-15T09:22:27.617+0000] {spark_submit.py:490} INFO - 
[2023-06-15T09:22:27.617+0000] {spark_submit.py:490} INFO - 
[2023-06-15T09:22:27.617+0000] {spark_submit.py:490} INFO - 
[2023-06-15T09:22:27.907+0000] {spark_submit.py:490} INFO - Main class:
[2023-06-15T09:22:27.907+0000] {spark_submit.py:490} INFO - org.apache.spark.deploy.PythonRunner
[2023-06-15T09:22:27.908+0000] {spark_submit.py:490} INFO - Arguments:
[2023-06-15T09:22:27.908+0000] {spark_submit.py:490} INFO - file:/opt/spark/app/load_data.py
[2023-06-15T09:22:27.908+0000] {spark_submit.py:490} INFO - null
[2023-06-15T09:22:27.908+0000] {spark_submit.py:490} INFO - 2021-01-03
[2023-06-15T09:22:27.908+0000] {spark_submit.py:490} INFO - 2efb4e0c80a041b794abaf4369e76869
[2023-06-15T09:22:27.908+0000] {spark_submit.py:490} INFO - dtc-de-382609_bucket
[2023-06-15T09:22:27.911+0000] {spark_submit.py:490} INFO - Spark config:
[2023-06-15T09:22:27.911+0000] {spark_submit.py:490} INFO - (spark.app.name,arrow-spark)
[2023-06-15T09:22:27.911+0000] {spark_submit.py:490} INFO - (spark.app.submitTime,1686820947894)
[2023-06-15T09:22:27.911+0000] {spark_submit.py:490} INFO - (spark.master,spark://spark:7077)
[2023-06-15T09:22:27.912+0000] {spark_submit.py:490} INFO - (spark.submit.deployMode,client)
[2023-06-15T09:22:27.912+0000] {spark_submit.py:490} INFO - (spark.submit.pyFiles,)
[2023-06-15T09:22:27.912+0000] {spark_submit.py:490} INFO - Classpath elements:
[2023-06-15T09:22:27.912+0000] {spark_submit.py:490} INFO - 
[2023-06-15T09:22:27.912+0000] {spark_submit.py:490} INFO - 
[2023-06-15T09:22:27.912+0000] {spark_submit.py:490} INFO - 
[2023-06-15T09:22:29.230+0000] {spark_submit.py:490} INFO - 23/06/15 09:22:29 INFO SparkContext: Running Spark version 3.4.0
[2023-06-15T09:22:29.310+0000] {spark_submit.py:490} INFO - 23/06/15 09:22:29 WARN NativeCodeLoader: Unable to load native-hadoop library for your platform... using builtin-java classes where applicable
[2023-06-15T09:22:29.450+0000] {spark_submit.py:490} INFO - 23/06/15 09:22:29 INFO ResourceUtils: ==============================================================
[2023-06-15T09:22:29.451+0000] {spark_submit.py:490} INFO - 23/06/15 09:22:29 INFO ResourceUtils: No custom resources configured for spark.driver.
[2023-06-15T09:22:29.452+0000] {spark_submit.py:490} INFO - 23/06/15 09:22:29 INFO ResourceUtils: ==============================================================
[2023-06-15T09:22:29.453+0000] {spark_submit.py:490} INFO - 23/06/15 09:22:29 INFO SparkContext: Submitted application: SparkUploadData
[2023-06-15T09:22:29.494+0000] {spark_submit.py:490} INFO - 23/06/15 09:22:29 INFO ResourceProfile: Default ResourceProfile created, executor resources: Map(memory -> name: memory, amount: 1024, script: , vendor: , offHeap -> name: offHeap, amount: 0, script: , vendor: ), task resources: Map(cpus -> name: cpus, amount: 1.0)
[2023-06-15T09:22:29.512+0000] {spark_submit.py:490} INFO - 23/06/15 09:22:29 INFO ResourceProfile: Limiting resource is cpu
[2023-06-15T09:22:29.513+0000] {spark_submit.py:490} INFO - 23/06/15 09:22:29 INFO ResourceProfileManager: Added ResourceProfile id: 0
[2023-06-15T09:22:29.585+0000] {spark_submit.py:490} INFO - 23/06/15 09:22:29 INFO SecurityManager: Changing view acls to: default
[2023-06-15T09:22:29.586+0000] {spark_submit.py:490} INFO - 23/06/15 09:22:29 INFO SecurityManager: Changing modify acls to: default
[2023-06-15T09:22:29.586+0000] {spark_submit.py:490} INFO - 23/06/15 09:22:29 INFO SecurityManager: Changing view acls groups to:
[2023-06-15T09:22:29.587+0000] {spark_submit.py:490} INFO - 23/06/15 09:22:29 INFO SecurityManager: Changing modify acls groups to:
[2023-06-15T09:22:29.587+0000] {spark_submit.py:490} INFO - 23/06/15 09:22:29 INFO SecurityManager: SecurityManager: authentication disabled; ui acls disabled; users with view permissions: default; groups with view permissions: EMPTY; users with modify permissions: default; groups with modify permissions: EMPTY
[2023-06-15T09:22:29.838+0000] {spark_submit.py:490} INFO - 23/06/15 09:22:29 INFO Utils: Successfully started service 'sparkDriver' on port 33589.
[2023-06-15T09:22:29.864+0000] {spark_submit.py:490} INFO - 23/06/15 09:22:29 INFO SparkEnv: Registering MapOutputTracker
[2023-06-15T09:22:29.896+0000] {spark_submit.py:490} INFO - 23/06/15 09:22:29 INFO SparkEnv: Registering BlockManagerMaster
[2023-06-15T09:22:29.916+0000] {spark_submit.py:490} INFO - 23/06/15 09:22:29 INFO BlockManagerMasterEndpoint: Using org.apache.spark.storage.DefaultTopologyMapper for getting topology information
[2023-06-15T09:22:29.916+0000] {spark_submit.py:490} INFO - 23/06/15 09:22:29 INFO BlockManagerMasterEndpoint: BlockManagerMasterEndpoint up
[2023-06-15T09:22:29.920+0000] {spark_submit.py:490} INFO - 23/06/15 09:22:29 INFO SparkEnv: Registering BlockManagerMasterHeartbeat
[2023-06-15T09:22:29.938+0000] {spark_submit.py:490} INFO - 23/06/15 09:22:29 INFO DiskBlockManager: Created local directory at /tmp/blockmgr-aaa2d628-f20d-40d9-8d69-607b872fdec6
[2023-06-15T09:22:29.952+0000] {spark_submit.py:490} INFO - 23/06/15 09:22:29 INFO MemoryStore: MemoryStore started with capacity 434.4 MiB
[2023-06-15T09:22:29.966+0000] {spark_submit.py:490} INFO - 23/06/15 09:22:29 INFO SparkEnv: Registering OutputCommitCoordinator
[2023-06-15T09:22:30.090+0000] {spark_submit.py:490} INFO - 23/06/15 09:22:30 INFO JettyUtils: Start Jetty 0.0.0.0:4040 for SparkUI
[2023-06-15T09:22:30.154+0000] {spark_submit.py:490} INFO - 23/06/15 09:22:30 INFO Utils: Successfully started service 'SparkUI' on port 4040.
[2023-06-15T09:22:30.274+0000] {spark_submit.py:490} INFO - 23/06/15 09:22:30 INFO StandaloneAppClient$ClientEndpoint: Connecting to master spark://spark:7077...
[2023-06-15T09:22:30.310+0000] {spark_submit.py:490} INFO - 23/06/15 09:22:30 INFO TransportClientFactory: Successfully created connection to spark/172.27.0.3:7077 after 22 ms (0 ms spent in bootstraps)
[2023-06-15T09:22:30.381+0000] {spark_submit.py:490} INFO - 23/06/15 09:22:30 INFO StandaloneSchedulerBackend: Connected to Spark cluster with app ID app-20230615092230-0002
[2023-06-15T09:22:30.382+0000] {spark_submit.py:490} INFO - 23/06/15 09:22:30 INFO StandaloneAppClient$ClientEndpoint: Executor added: app-20230615092230-0002/0 on worker-20230615091312-172.27.0.2-45907 (172.27.0.2:45907) with 2 core(s)
[2023-06-15T09:22:30.385+0000] {spark_submit.py:490} INFO - 23/06/15 09:22:30 INFO StandaloneSchedulerBackend: Granted executor ID app-20230615092230-0002/0 on hostPort 172.27.0.2:45907 with 2 core(s), 1024.0 MiB RAM
[2023-06-15T09:22:30.390+0000] {spark_submit.py:490} INFO - 23/06/15 09:22:30 INFO Utils: Successfully started service 'org.apache.spark.network.netty.NettyBlockTransferService' on port 42319.
[2023-06-15T09:22:30.390+0000] {spark_submit.py:490} INFO - 23/06/15 09:22:30 INFO NettyBlockTransferService: Server created on 69b643fc97df:42319
[2023-06-15T09:22:30.392+0000] {spark_submit.py:490} INFO - 23/06/15 09:22:30 INFO BlockManager: Using org.apache.spark.storage.RandomBlockReplicationPolicy for block replication policy
[2023-06-15T09:22:30.406+0000] {spark_submit.py:490} INFO - 23/06/15 09:22:30 INFO BlockManagerMaster: Registering BlockManager BlockManagerId(driver, 69b643fc97df, 42319, None)
[2023-06-15T09:22:30.411+0000] {spark_submit.py:490} INFO - 23/06/15 09:22:30 INFO BlockManagerMasterEndpoint: Registering block manager 69b643fc97df:42319 with 434.4 MiB RAM, BlockManagerId(driver, 69b643fc97df, 42319, None)
[2023-06-15T09:22:30.414+0000] {spark_submit.py:490} INFO - 23/06/15 09:22:30 INFO BlockManagerMaster: Registered BlockManager BlockManagerId(driver, 69b643fc97df, 42319, None)
[2023-06-15T09:22:30.415+0000] {spark_submit.py:490} INFO - 23/06/15 09:22:30 INFO StandaloneAppClient$ClientEndpoint: Executor updated: app-20230615092230-0002/0 is now RUNNING
[2023-06-15T09:22:30.416+0000] {spark_submit.py:490} INFO - 23/06/15 09:22:30 INFO BlockManager: Initialized BlockManager: BlockManagerId(driver, 69b643fc97df, 42319, None)
[2023-06-15T09:22:30.619+0000] {spark_submit.py:490} INFO - 23/06/15 09:22:30 INFO StandaloneSchedulerBackend: SchedulerBackend is ready for scheduling beginning after reached minRegisteredResourcesRatio: 0.0
[2023-06-15T09:22:32.349+0000] {spark_submit.py:490} INFO - 23/06/15 09:22:32 INFO SharedState: Setting hive.metastore.warehouse.dir ('null') to the value of spark.sql.warehouse.dir.
[2023-06-15T09:22:32.384+0000] {spark_submit.py:490} INFO - 23/06/15 09:22:32 INFO SharedState: Warehouse path is 'file:/opt/***/spark-warehouse'.
[2023-06-15T09:22:33.445+0000] {spark_submit.py:490} INFO - 23/06/15 09:22:33 INFO StandaloneSchedulerBackend$StandaloneDriverEndpoint: Registered executor NettyRpcEndpointRef(spark-client://Executor) (172.27.0.2:34072) with ID 0,  ResourceProfileId 0
[2023-06-15T09:22:33.517+0000] {spark_submit.py:490} INFO - 23/06/15 09:22:33 INFO BlockManagerMasterEndpoint: Registering block manager 172.27.0.2:41505 with 434.4 MiB RAM, BlockManagerId(0, 172.27.0.2, 41505, None)
[2023-06-15T09:22:35.975+0000] {spark_submit.py:490} INFO - {'code': 400, 'message': 'No data is available on the specified dates. Try setting different start/end dates.', 'status': 'error', 'meta': {'symbol': 'AAPL', 'interval': '1h', 'exchange': ''}}
[2023-06-15T09:22:35.995+0000] {spark_submit.py:490} INFO - ERROR:root:Something error
[2023-06-15T09:22:36.183+0000] {spark_submit.py:490} INFO - 23/06/15 09:22:36 INFO SparkContext: Invoking stop() from shutdown hook
[2023-06-15T09:22:36.185+0000] {spark_submit.py:490} INFO - 23/06/15 09:22:36 INFO SparkContext: SparkContext is stopping with exitCode 0.
[2023-06-15T09:22:36.229+0000] {spark_submit.py:490} INFO - 23/06/15 09:22:36 INFO SparkUI: Stopped Spark web UI at http://69b643fc97df:4040
[2023-06-15T09:22:36.241+0000] {spark_submit.py:490} INFO - 23/06/15 09:22:36 INFO StandaloneSchedulerBackend: Shutting down all executors
[2023-06-15T09:22:36.242+0000] {spark_submit.py:490} INFO - 23/06/15 09:22:36 INFO StandaloneSchedulerBackend$StandaloneDriverEndpoint: Asking each executor to shut down
[2023-06-15T09:22:36.272+0000] {spark_submit.py:490} INFO - 23/06/15 09:22:36 INFO MapOutputTrackerMasterEndpoint: MapOutputTrackerMasterEndpoint stopped!
[2023-06-15T09:22:36.293+0000] {spark_submit.py:490} INFO - 23/06/15 09:22:36 INFO MemoryStore: MemoryStore cleared
[2023-06-15T09:22:36.293+0000] {spark_submit.py:490} INFO - 23/06/15 09:22:36 INFO BlockManager: BlockManager stopped
[2023-06-15T09:22:36.302+0000] {spark_submit.py:490} INFO - 23/06/15 09:22:36 INFO BlockManagerMaster: BlockManagerMaster stopped
[2023-06-15T09:22:36.305+0000] {spark_submit.py:490} INFO - 23/06/15 09:22:36 INFO OutputCommitCoordinator$OutputCommitCoordinatorEndpoint: OutputCommitCoordinator stopped!
[2023-06-15T09:22:36.313+0000] {spark_submit.py:490} INFO - 23/06/15 09:22:36 INFO SparkContext: Successfully stopped SparkContext
[2023-06-15T09:22:36.313+0000] {spark_submit.py:490} INFO - 23/06/15 09:22:36 INFO ShutdownHookManager: Shutdown hook called
[2023-06-15T09:22:36.313+0000] {spark_submit.py:490} INFO - 23/06/15 09:22:36 INFO ShutdownHookManager: Deleting directory /tmp/spark-1bf1bf2f-80e7-4cf5-9582-aa46035c4700
[2023-06-15T09:22:36.317+0000] {spark_submit.py:490} INFO - 23/06/15 09:22:36 INFO ShutdownHookManager: Deleting directory /tmp/spark-58a08ebd-edda-4849-afeb-c07774e2eec0
[2023-06-15T09:22:36.320+0000] {spark_submit.py:490} INFO - 23/06/15 09:22:36 INFO ShutdownHookManager: Deleting directory /tmp/spark-1bf1bf2f-80e7-4cf5-9582-aa46035c4700/pyspark-1cdf12b5-789a-4a6b-8e8c-93146bca99d9
[2023-06-15T09:22:36.380+0000] {taskinstance.py:1345} INFO - Marking task as SUCCESS. dag_id=upload_to_gcs, task_id=spark_load_stock_data, execution_date=20210103T000000, start_date=20230615T092226, end_date=20230615T092236
[2023-06-15T09:22:36.412+0000] {local_task_job_runner.py:225} INFO - Task exited with return code 0
[2023-06-15T09:22:36.468+0000] {taskinstance.py:2651} INFO - 0 downstream tasks scheduled from follow-on schedule check
