[2023-05-05T15:03:23.574+0000] {processor.py:156} INFO - Started process (PID=41) to work on /home/airflow/.local/lib/python3.7/site-packages/airflow/example_dags/example_task_group.py
[2023-05-05T15:03:23.575+0000] {processor.py:799} INFO - Processing file /home/airflow/.local/lib/python3.7/site-packages/airflow/example_dags/example_task_group.py for tasks to queue
[2023-05-05T15:03:23.575+0000] {logging_mixin.py:149} INFO - [2023-05-05T15:03:23.575+0000] {dagbag.py:541} INFO - Filling up the DagBag from /home/airflow/.local/lib/python3.7/site-packages/airflow/example_dags/example_task_group.py
[2023-05-05T15:03:23.583+0000] {processor.py:809} INFO - DAG(s) dict_keys(['example_task_group']) retrieved from /home/airflow/.local/lib/python3.7/site-packages/airflow/example_dags/example_task_group.py
[2023-05-05T15:03:23.704+0000] {logging_mixin.py:149} INFO - [2023-05-05T15:03:23.704+0000] {manager.py:504} INFO - Created Permission View: can read on DAG:example_task_group
[2023-05-05T15:03:23.715+0000] {logging_mixin.py:149} INFO - [2023-05-05T15:03:23.714+0000] {manager.py:504} INFO - Created Permission View: can edit on DAG:example_task_group
[2023-05-05T15:03:23.722+0000] {logging_mixin.py:149} INFO - [2023-05-05T15:03:23.722+0000] {manager.py:504} INFO - Created Permission View: can delete on DAG:example_task_group
[2023-05-05T15:03:23.722+0000] {logging_mixin.py:149} INFO - [2023-05-05T15:03:23.722+0000] {dag.py:2726} INFO - Sync 1 DAGs
[2023-05-05T15:03:23.738+0000] {logging_mixin.py:149} INFO - [2023-05-05T15:03:23.738+0000] {dag.py:2747} INFO - Creating ORM DAG for example_task_group
[2023-05-05T15:03:23.751+0000] {logging_mixin.py:149} INFO - [2023-05-05T15:03:23.751+0000] {dag.py:3490} INFO - Setting next_dagrun for example_task_group to 2023-05-04T15:03:23.751153+00:00, run_after=2023-05-05T15:03:23.751153+00:00
[2023-05-05T15:03:23.771+0000] {processor.py:178} INFO - Processing /home/airflow/.local/lib/python3.7/site-packages/airflow/example_dags/example_task_group.py took 0.199 seconds
[2023-05-05T15:03:54.014+0000] {processor.py:156} INFO - Started process (PID=101) to work on /home/airflow/.local/lib/python3.7/site-packages/airflow/example_dags/example_task_group.py
[2023-05-05T15:03:54.015+0000] {processor.py:799} INFO - Processing file /home/airflow/.local/lib/python3.7/site-packages/airflow/example_dags/example_task_group.py for tasks to queue
[2023-05-05T15:03:54.016+0000] {logging_mixin.py:149} INFO - [2023-05-05T15:03:54.016+0000] {dagbag.py:541} INFO - Filling up the DagBag from /home/airflow/.local/lib/python3.7/site-packages/airflow/example_dags/example_task_group.py
[2023-05-05T15:03:54.022+0000] {processor.py:809} INFO - DAG(s) dict_keys(['example_task_group']) retrieved from /home/airflow/.local/lib/python3.7/site-packages/airflow/example_dags/example_task_group.py
[2023-05-05T15:03:54.043+0000] {logging_mixin.py:149} INFO - [2023-05-05T15:03:54.043+0000] {dag.py:2726} INFO - Sync 1 DAGs
[2023-05-05T15:03:54.068+0000] {logging_mixin.py:149} INFO - [2023-05-05T15:03:54.068+0000] {dag.py:3490} INFO - Setting next_dagrun for example_task_group to 2023-05-04T15:03:54.068201+00:00, run_after=2023-05-05T15:03:54.068201+00:00
[2023-05-05T15:03:54.086+0000] {processor.py:178} INFO - Processing /home/airflow/.local/lib/python3.7/site-packages/airflow/example_dags/example_task_group.py took 0.074 seconds
[2023-05-05T15:04:24.676+0000] {processor.py:156} INFO - Started process (PID=161) to work on /home/airflow/.local/lib/python3.7/site-packages/airflow/example_dags/example_task_group.py
[2023-05-05T15:04:24.677+0000] {processor.py:799} INFO - Processing file /home/airflow/.local/lib/python3.7/site-packages/airflow/example_dags/example_task_group.py for tasks to queue
[2023-05-05T15:04:24.679+0000] {logging_mixin.py:149} INFO - [2023-05-05T15:04:24.679+0000] {dagbag.py:541} INFO - Filling up the DagBag from /home/airflow/.local/lib/python3.7/site-packages/airflow/example_dags/example_task_group.py
[2023-05-05T15:04:24.692+0000] {processor.py:809} INFO - DAG(s) dict_keys(['example_task_group']) retrieved from /home/airflow/.local/lib/python3.7/site-packages/airflow/example_dags/example_task_group.py
[2023-05-05T15:04:24.723+0000] {logging_mixin.py:149} INFO - [2023-05-05T15:04:24.723+0000] {dag.py:2726} INFO - Sync 1 DAGs
[2023-05-05T15:04:24.749+0000] {logging_mixin.py:149} INFO - [2023-05-05T15:04:24.749+0000] {dag.py:3490} INFO - Setting next_dagrun for example_task_group to 2023-05-04T15:04:24.749320+00:00, run_after=2023-05-05T15:04:24.749320+00:00
[2023-05-05T15:04:24.770+0000] {processor.py:178} INFO - Processing /home/airflow/.local/lib/python3.7/site-packages/airflow/example_dags/example_task_group.py took 0.098 seconds
[2023-05-05T15:04:54.966+0000] {processor.py:156} INFO - Started process (PID=221) to work on /home/airflow/.local/lib/python3.7/site-packages/airflow/example_dags/example_task_group.py
[2023-05-05T15:04:54.966+0000] {processor.py:799} INFO - Processing file /home/airflow/.local/lib/python3.7/site-packages/airflow/example_dags/example_task_group.py for tasks to queue
[2023-05-05T15:04:54.967+0000] {logging_mixin.py:149} INFO - [2023-05-05T15:04:54.967+0000] {dagbag.py:541} INFO - Filling up the DagBag from /home/airflow/.local/lib/python3.7/site-packages/airflow/example_dags/example_task_group.py
[2023-05-05T15:04:54.974+0000] {processor.py:809} INFO - DAG(s) dict_keys(['example_task_group']) retrieved from /home/airflow/.local/lib/python3.7/site-packages/airflow/example_dags/example_task_group.py
[2023-05-05T15:04:54.996+0000] {logging_mixin.py:149} INFO - [2023-05-05T15:04:54.996+0000] {dag.py:2726} INFO - Sync 1 DAGs
[2023-05-05T15:04:55.021+0000] {logging_mixin.py:149} INFO - [2023-05-05T15:04:55.020+0000] {dag.py:3490} INFO - Setting next_dagrun for example_task_group to 2023-05-04T15:04:55.020773+00:00, run_after=2023-05-05T15:04:55.020773+00:00
[2023-05-05T15:04:55.040+0000] {processor.py:178} INFO - Processing /home/airflow/.local/lib/python3.7/site-packages/airflow/example_dags/example_task_group.py took 0.076 seconds
[2023-05-05T15:05:25.263+0000] {processor.py:156} INFO - Started process (PID=281) to work on /home/airflow/.local/lib/python3.7/site-packages/airflow/example_dags/example_task_group.py
[2023-05-05T15:05:25.264+0000] {processor.py:799} INFO - Processing file /home/airflow/.local/lib/python3.7/site-packages/airflow/example_dags/example_task_group.py for tasks to queue
[2023-05-05T15:05:25.265+0000] {logging_mixin.py:149} INFO - [2023-05-05T15:05:25.265+0000] {dagbag.py:541} INFO - Filling up the DagBag from /home/airflow/.local/lib/python3.7/site-packages/airflow/example_dags/example_task_group.py
[2023-05-05T15:05:25.271+0000] {processor.py:809} INFO - DAG(s) dict_keys(['example_task_group']) retrieved from /home/airflow/.local/lib/python3.7/site-packages/airflow/example_dags/example_task_group.py
[2023-05-05T15:05:25.293+0000] {logging_mixin.py:149} INFO - [2023-05-05T15:05:25.293+0000] {dag.py:2726} INFO - Sync 1 DAGs
[2023-05-05T15:05:25.317+0000] {logging_mixin.py:149} INFO - [2023-05-05T15:05:25.317+0000] {dag.py:3490} INFO - Setting next_dagrun for example_task_group to 2023-05-04T15:05:25.317102+00:00, run_after=2023-05-05T15:05:25.317102+00:00
[2023-05-05T15:05:25.351+0000] {processor.py:178} INFO - Processing /home/airflow/.local/lib/python3.7/site-packages/airflow/example_dags/example_task_group.py took 0.090 seconds
[2023-05-05T15:05:55.430+0000] {processor.py:156} INFO - Started process (PID=341) to work on /home/airflow/.local/lib/python3.7/site-packages/airflow/example_dags/example_task_group.py
[2023-05-05T15:05:55.431+0000] {processor.py:799} INFO - Processing file /home/airflow/.local/lib/python3.7/site-packages/airflow/example_dags/example_task_group.py for tasks to queue
[2023-05-05T15:05:55.432+0000] {logging_mixin.py:149} INFO - [2023-05-05T15:05:55.431+0000] {dagbag.py:541} INFO - Filling up the DagBag from /home/airflow/.local/lib/python3.7/site-packages/airflow/example_dags/example_task_group.py
[2023-05-05T15:05:55.438+0000] {processor.py:809} INFO - DAG(s) dict_keys(['example_task_group']) retrieved from /home/airflow/.local/lib/python3.7/site-packages/airflow/example_dags/example_task_group.py
[2023-05-05T15:05:55.460+0000] {logging_mixin.py:149} INFO - [2023-05-05T15:05:55.460+0000] {dag.py:2726} INFO - Sync 1 DAGs
[2023-05-05T15:05:55.485+0000] {logging_mixin.py:149} INFO - [2023-05-05T15:05:55.485+0000] {dag.py:3490} INFO - Setting next_dagrun for example_task_group to 2023-05-04T15:05:55.485559+00:00, run_after=2023-05-05T15:05:55.485559+00:00
[2023-05-05T15:05:55.503+0000] {processor.py:178} INFO - Processing /home/airflow/.local/lib/python3.7/site-packages/airflow/example_dags/example_task_group.py took 0.076 seconds
[2023-05-05T15:06:26.038+0000] {processor.py:156} INFO - Started process (PID=401) to work on /home/airflow/.local/lib/python3.7/site-packages/airflow/example_dags/example_task_group.py
[2023-05-05T15:06:26.039+0000] {processor.py:799} INFO - Processing file /home/airflow/.local/lib/python3.7/site-packages/airflow/example_dags/example_task_group.py for tasks to queue
[2023-05-05T15:06:26.039+0000] {logging_mixin.py:149} INFO - [2023-05-05T15:06:26.039+0000] {dagbag.py:541} INFO - Filling up the DagBag from /home/airflow/.local/lib/python3.7/site-packages/airflow/example_dags/example_task_group.py
[2023-05-05T15:06:26.045+0000] {processor.py:809} INFO - DAG(s) dict_keys(['example_task_group']) retrieved from /home/airflow/.local/lib/python3.7/site-packages/airflow/example_dags/example_task_group.py
[2023-05-05T15:06:26.067+0000] {logging_mixin.py:149} INFO - [2023-05-05T15:06:26.067+0000] {dag.py:2726} INFO - Sync 1 DAGs
[2023-05-05T15:06:26.094+0000] {logging_mixin.py:149} INFO - [2023-05-05T15:06:26.093+0000] {dag.py:3490} INFO - Setting next_dagrun for example_task_group to 2023-05-04T15:06:26.093680+00:00, run_after=2023-05-05T15:06:26.093680+00:00
[2023-05-05T15:06:26.112+0000] {processor.py:178} INFO - Processing /home/airflow/.local/lib/python3.7/site-packages/airflow/example_dags/example_task_group.py took 0.077 seconds
[2023-05-05T15:06:56.905+0000] {processor.py:156} INFO - Started process (PID=461) to work on /home/airflow/.local/lib/python3.7/site-packages/airflow/example_dags/example_task_group.py
[2023-05-05T15:06:56.906+0000] {processor.py:799} INFO - Processing file /home/airflow/.local/lib/python3.7/site-packages/airflow/example_dags/example_task_group.py for tasks to queue
[2023-05-05T15:06:56.907+0000] {logging_mixin.py:149} INFO - [2023-05-05T15:06:56.907+0000] {dagbag.py:541} INFO - Filling up the DagBag from /home/airflow/.local/lib/python3.7/site-packages/airflow/example_dags/example_task_group.py
[2023-05-05T15:06:56.914+0000] {processor.py:809} INFO - DAG(s) dict_keys(['example_task_group']) retrieved from /home/airflow/.local/lib/python3.7/site-packages/airflow/example_dags/example_task_group.py
[2023-05-05T15:06:56.941+0000] {logging_mixin.py:149} INFO - [2023-05-05T15:06:56.941+0000] {dag.py:2726} INFO - Sync 1 DAGs
[2023-05-05T15:06:56.976+0000] {logging_mixin.py:149} INFO - [2023-05-05T15:06:56.976+0000] {dag.py:3490} INFO - Setting next_dagrun for example_task_group to 2023-05-04T15:06:56.976042+00:00, run_after=2023-05-05T15:06:56.976042+00:00
[2023-05-05T15:06:57.000+0000] {processor.py:178} INFO - Processing /home/airflow/.local/lib/python3.7/site-packages/airflow/example_dags/example_task_group.py took 0.098 seconds
[2023-05-05T15:07:27.083+0000] {processor.py:156} INFO - Started process (PID=521) to work on /home/airflow/.local/lib/python3.7/site-packages/airflow/example_dags/example_task_group.py
[2023-05-05T15:07:27.084+0000] {processor.py:799} INFO - Processing file /home/airflow/.local/lib/python3.7/site-packages/airflow/example_dags/example_task_group.py for tasks to queue
[2023-05-05T15:07:27.085+0000] {logging_mixin.py:149} INFO - [2023-05-05T15:07:27.085+0000] {dagbag.py:541} INFO - Filling up the DagBag from /home/airflow/.local/lib/python3.7/site-packages/airflow/example_dags/example_task_group.py
[2023-05-05T15:07:27.091+0000] {processor.py:809} INFO - DAG(s) dict_keys(['example_task_group']) retrieved from /home/airflow/.local/lib/python3.7/site-packages/airflow/example_dags/example_task_group.py
[2023-05-05T15:07:27.113+0000] {logging_mixin.py:149} INFO - [2023-05-05T15:07:27.112+0000] {dag.py:2726} INFO - Sync 1 DAGs
[2023-05-05T15:07:27.140+0000] {logging_mixin.py:149} INFO - [2023-05-05T15:07:27.140+0000] {dag.py:3490} INFO - Setting next_dagrun for example_task_group to 2023-05-04T15:07:27.140415+00:00, run_after=2023-05-05T15:07:27.140415+00:00
[2023-05-05T15:07:27.161+0000] {processor.py:178} INFO - Processing /home/airflow/.local/lib/python3.7/site-packages/airflow/example_dags/example_task_group.py took 0.080 seconds
[2023-05-05T15:07:57.339+0000] {processor.py:156} INFO - Started process (PID=581) to work on /home/airflow/.local/lib/python3.7/site-packages/airflow/example_dags/example_task_group.py
[2023-05-05T15:07:57.340+0000] {processor.py:799} INFO - Processing file /home/airflow/.local/lib/python3.7/site-packages/airflow/example_dags/example_task_group.py for tasks to queue
[2023-05-05T15:07:57.340+0000] {logging_mixin.py:149} INFO - [2023-05-05T15:07:57.340+0000] {dagbag.py:541} INFO - Filling up the DagBag from /home/airflow/.local/lib/python3.7/site-packages/airflow/example_dags/example_task_group.py
[2023-05-05T15:07:57.346+0000] {processor.py:809} INFO - DAG(s) dict_keys(['example_task_group']) retrieved from /home/airflow/.local/lib/python3.7/site-packages/airflow/example_dags/example_task_group.py
[2023-05-05T15:07:57.368+0000] {logging_mixin.py:149} INFO - [2023-05-05T15:07:57.368+0000] {dag.py:2726} INFO - Sync 1 DAGs
[2023-05-05T15:07:57.393+0000] {logging_mixin.py:149} INFO - [2023-05-05T15:07:57.392+0000] {dag.py:3490} INFO - Setting next_dagrun for example_task_group to 2023-05-04T15:07:57.392756+00:00, run_after=2023-05-05T15:07:57.392756+00:00
[2023-05-05T15:07:57.411+0000] {processor.py:178} INFO - Processing /home/airflow/.local/lib/python3.7/site-packages/airflow/example_dags/example_task_group.py took 0.074 seconds
[2023-05-05T15:08:27.673+0000] {processor.py:156} INFO - Started process (PID=641) to work on /home/airflow/.local/lib/python3.7/site-packages/airflow/example_dags/example_task_group.py
[2023-05-05T15:08:27.673+0000] {processor.py:799} INFO - Processing file /home/airflow/.local/lib/python3.7/site-packages/airflow/example_dags/example_task_group.py for tasks to queue
[2023-05-05T15:08:27.674+0000] {logging_mixin.py:149} INFO - [2023-05-05T15:08:27.674+0000] {dagbag.py:541} INFO - Filling up the DagBag from /home/airflow/.local/lib/python3.7/site-packages/airflow/example_dags/example_task_group.py
[2023-05-05T15:08:27.681+0000] {processor.py:809} INFO - DAG(s) dict_keys(['example_task_group']) retrieved from /home/airflow/.local/lib/python3.7/site-packages/airflow/example_dags/example_task_group.py
[2023-05-05T15:08:27.703+0000] {logging_mixin.py:149} INFO - [2023-05-05T15:08:27.703+0000] {dag.py:2726} INFO - Sync 1 DAGs
[2023-05-05T15:08:27.729+0000] {logging_mixin.py:149} INFO - [2023-05-05T15:08:27.728+0000] {dag.py:3490} INFO - Setting next_dagrun for example_task_group to 2023-05-04T15:08:27.728807+00:00, run_after=2023-05-05T15:08:27.728807+00:00
[2023-05-05T15:08:27.754+0000] {processor.py:178} INFO - Processing /home/airflow/.local/lib/python3.7/site-packages/airflow/example_dags/example_task_group.py took 0.084 seconds
[2023-05-05T15:08:58.056+0000] {processor.py:156} INFO - Started process (PID=701) to work on /home/airflow/.local/lib/python3.7/site-packages/airflow/example_dags/example_task_group.py
[2023-05-05T15:08:58.056+0000] {processor.py:799} INFO - Processing file /home/airflow/.local/lib/python3.7/site-packages/airflow/example_dags/example_task_group.py for tasks to queue
[2023-05-05T15:08:58.057+0000] {logging_mixin.py:149} INFO - [2023-05-05T15:08:58.057+0000] {dagbag.py:541} INFO - Filling up the DagBag from /home/airflow/.local/lib/python3.7/site-packages/airflow/example_dags/example_task_group.py
[2023-05-05T15:08:58.068+0000] {processor.py:809} INFO - DAG(s) dict_keys(['example_task_group']) retrieved from /home/airflow/.local/lib/python3.7/site-packages/airflow/example_dags/example_task_group.py
[2023-05-05T15:08:58.102+0000] {logging_mixin.py:149} INFO - [2023-05-05T15:08:58.102+0000] {dag.py:2726} INFO - Sync 1 DAGs
[2023-05-05T15:08:58.145+0000] {logging_mixin.py:149} INFO - [2023-05-05T15:08:58.144+0000] {dag.py:3490} INFO - Setting next_dagrun for example_task_group to 2023-05-04T15:08:58.144385+00:00, run_after=2023-05-05T15:08:58.144385+00:00
[2023-05-05T15:08:58.173+0000] {processor.py:178} INFO - Processing /home/airflow/.local/lib/python3.7/site-packages/airflow/example_dags/example_task_group.py took 0.120 seconds
[2023-05-05T15:09:28.579+0000] {processor.py:156} INFO - Started process (PID=761) to work on /home/airflow/.local/lib/python3.7/site-packages/airflow/example_dags/example_task_group.py
[2023-05-05T15:09:28.580+0000] {processor.py:799} INFO - Processing file /home/airflow/.local/lib/python3.7/site-packages/airflow/example_dags/example_task_group.py for tasks to queue
[2023-05-05T15:09:28.580+0000] {logging_mixin.py:149} INFO - [2023-05-05T15:09:28.580+0000] {dagbag.py:541} INFO - Filling up the DagBag from /home/airflow/.local/lib/python3.7/site-packages/airflow/example_dags/example_task_group.py
[2023-05-05T15:09:28.587+0000] {processor.py:809} INFO - DAG(s) dict_keys(['example_task_group']) retrieved from /home/airflow/.local/lib/python3.7/site-packages/airflow/example_dags/example_task_group.py
[2023-05-05T15:09:28.609+0000] {logging_mixin.py:149} INFO - [2023-05-05T15:09:28.609+0000] {dag.py:2726} INFO - Sync 1 DAGs
[2023-05-05T15:09:28.635+0000] {logging_mixin.py:149} INFO - [2023-05-05T15:09:28.635+0000] {dag.py:3490} INFO - Setting next_dagrun for example_task_group to 2023-05-04T15:09:28.635320+00:00, run_after=2023-05-05T15:09:28.635320+00:00
[2023-05-05T15:09:28.656+0000] {processor.py:178} INFO - Processing /home/airflow/.local/lib/python3.7/site-packages/airflow/example_dags/example_task_group.py took 0.080 seconds
[2023-05-05T15:09:58.776+0000] {processor.py:156} INFO - Started process (PID=821) to work on /home/airflow/.local/lib/python3.7/site-packages/airflow/example_dags/example_task_group.py
[2023-05-05T15:09:58.777+0000] {processor.py:799} INFO - Processing file /home/airflow/.local/lib/python3.7/site-packages/airflow/example_dags/example_task_group.py for tasks to queue
[2023-05-05T15:09:58.777+0000] {logging_mixin.py:149} INFO - [2023-05-05T15:09:58.777+0000] {dagbag.py:541} INFO - Filling up the DagBag from /home/airflow/.local/lib/python3.7/site-packages/airflow/example_dags/example_task_group.py
[2023-05-05T15:09:58.784+0000] {processor.py:809} INFO - DAG(s) dict_keys(['example_task_group']) retrieved from /home/airflow/.local/lib/python3.7/site-packages/airflow/example_dags/example_task_group.py
[2023-05-05T15:09:58.809+0000] {logging_mixin.py:149} INFO - [2023-05-05T15:09:58.809+0000] {dag.py:2726} INFO - Sync 1 DAGs
[2023-05-05T15:09:58.838+0000] {logging_mixin.py:149} INFO - [2023-05-05T15:09:58.838+0000] {dag.py:3490} INFO - Setting next_dagrun for example_task_group to 2023-05-04T15:09:58.838113+00:00, run_after=2023-05-05T15:09:58.838113+00:00
[2023-05-05T15:09:58.860+0000] {processor.py:178} INFO - Processing /home/airflow/.local/lib/python3.7/site-packages/airflow/example_dags/example_task_group.py took 0.086 seconds
[2023-05-05T15:10:28.917+0000] {processor.py:156} INFO - Started process (PID=881) to work on /home/airflow/.local/lib/python3.7/site-packages/airflow/example_dags/example_task_group.py
[2023-05-05T15:10:28.918+0000] {processor.py:799} INFO - Processing file /home/airflow/.local/lib/python3.7/site-packages/airflow/example_dags/example_task_group.py for tasks to queue
[2023-05-05T15:10:28.919+0000] {logging_mixin.py:149} INFO - [2023-05-05T15:10:28.919+0000] {dagbag.py:541} INFO - Filling up the DagBag from /home/airflow/.local/lib/python3.7/site-packages/airflow/example_dags/example_task_group.py
[2023-05-05T15:10:28.927+0000] {processor.py:809} INFO - DAG(s) dict_keys(['example_task_group']) retrieved from /home/airflow/.local/lib/python3.7/site-packages/airflow/example_dags/example_task_group.py
[2023-05-05T15:10:28.951+0000] {logging_mixin.py:149} INFO - [2023-05-05T15:10:28.951+0000] {dag.py:2726} INFO - Sync 1 DAGs
[2023-05-05T15:10:28.978+0000] {logging_mixin.py:149} INFO - [2023-05-05T15:10:28.978+0000] {dag.py:3490} INFO - Setting next_dagrun for example_task_group to 2023-05-04T15:10:28.978429+00:00, run_after=2023-05-05T15:10:28.978429+00:00
[2023-05-05T15:10:28.998+0000] {processor.py:178} INFO - Processing /home/airflow/.local/lib/python3.7/site-packages/airflow/example_dags/example_task_group.py took 0.083 seconds
[2023-05-05T15:10:59.267+0000] {processor.py:156} INFO - Started process (PID=941) to work on /home/airflow/.local/lib/python3.7/site-packages/airflow/example_dags/example_task_group.py
[2023-05-05T15:10:59.267+0000] {processor.py:799} INFO - Processing file /home/airflow/.local/lib/python3.7/site-packages/airflow/example_dags/example_task_group.py for tasks to queue
[2023-05-05T15:10:59.268+0000] {logging_mixin.py:149} INFO - [2023-05-05T15:10:59.268+0000] {dagbag.py:541} INFO - Filling up the DagBag from /home/airflow/.local/lib/python3.7/site-packages/airflow/example_dags/example_task_group.py
[2023-05-05T15:10:59.274+0000] {processor.py:809} INFO - DAG(s) dict_keys(['example_task_group']) retrieved from /home/airflow/.local/lib/python3.7/site-packages/airflow/example_dags/example_task_group.py
[2023-05-05T15:10:59.296+0000] {logging_mixin.py:149} INFO - [2023-05-05T15:10:59.296+0000] {dag.py:2726} INFO - Sync 1 DAGs
[2023-05-05T15:10:59.320+0000] {logging_mixin.py:149} INFO - [2023-05-05T15:10:59.320+0000] {dag.py:3490} INFO - Setting next_dagrun for example_task_group to 2023-05-04T15:10:59.319901+00:00, run_after=2023-05-05T15:10:59.319901+00:00
[2023-05-05T15:10:59.342+0000] {processor.py:178} INFO - Processing /home/airflow/.local/lib/python3.7/site-packages/airflow/example_dags/example_task_group.py took 0.077 seconds
[2023-05-05T15:11:29.744+0000] {processor.py:156} INFO - Started process (PID=1000) to work on /home/airflow/.local/lib/python3.7/site-packages/airflow/example_dags/example_task_group.py
[2023-05-05T15:11:29.745+0000] {processor.py:799} INFO - Processing file /home/airflow/.local/lib/python3.7/site-packages/airflow/example_dags/example_task_group.py for tasks to queue
[2023-05-05T15:11:29.746+0000] {logging_mixin.py:149} INFO - [2023-05-05T15:11:29.746+0000] {dagbag.py:541} INFO - Filling up the DagBag from /home/airflow/.local/lib/python3.7/site-packages/airflow/example_dags/example_task_group.py
[2023-05-05T15:11:29.753+0000] {processor.py:809} INFO - DAG(s) dict_keys(['example_task_group']) retrieved from /home/airflow/.local/lib/python3.7/site-packages/airflow/example_dags/example_task_group.py
[2023-05-05T15:11:29.780+0000] {logging_mixin.py:149} INFO - [2023-05-05T15:11:29.779+0000] {dag.py:2726} INFO - Sync 1 DAGs
[2023-05-05T15:11:29.813+0000] {logging_mixin.py:149} INFO - [2023-05-05T15:11:29.813+0000] {dag.py:3490} INFO - Setting next_dagrun for example_task_group to 2023-05-04T15:11:29.813392+00:00, run_after=2023-05-05T15:11:29.813392+00:00
[2023-05-05T15:11:29.843+0000] {processor.py:178} INFO - Processing /home/airflow/.local/lib/python3.7/site-packages/airflow/example_dags/example_task_group.py took 0.101 seconds
[2023-05-05T15:12:00.861+0000] {processor.py:156} INFO - Started process (PID=1061) to work on /home/airflow/.local/lib/python3.7/site-packages/airflow/example_dags/example_task_group.py
[2023-05-05T15:12:00.862+0000] {processor.py:799} INFO - Processing file /home/airflow/.local/lib/python3.7/site-packages/airflow/example_dags/example_task_group.py for tasks to queue
[2023-05-05T15:12:00.863+0000] {logging_mixin.py:149} INFO - [2023-05-05T15:12:00.863+0000] {dagbag.py:541} INFO - Filling up the DagBag from /home/airflow/.local/lib/python3.7/site-packages/airflow/example_dags/example_task_group.py
[2023-05-05T15:12:00.870+0000] {processor.py:809} INFO - DAG(s) dict_keys(['example_task_group']) retrieved from /home/airflow/.local/lib/python3.7/site-packages/airflow/example_dags/example_task_group.py
[2023-05-05T15:12:00.894+0000] {logging_mixin.py:149} INFO - [2023-05-05T15:12:00.894+0000] {dag.py:2726} INFO - Sync 1 DAGs
[2023-05-05T15:12:00.919+0000] {logging_mixin.py:149} INFO - [2023-05-05T15:12:00.918+0000] {dag.py:3490} INFO - Setting next_dagrun for example_task_group to 2023-05-04T15:12:00.918715+00:00, run_after=2023-05-05T15:12:00.918715+00:00
[2023-05-05T15:12:00.946+0000] {processor.py:178} INFO - Processing /home/airflow/.local/lib/python3.7/site-packages/airflow/example_dags/example_task_group.py took 0.087 seconds
[2023-05-05T15:12:31.076+0000] {processor.py:156} INFO - Started process (PID=1121) to work on /home/airflow/.local/lib/python3.7/site-packages/airflow/example_dags/example_task_group.py
[2023-05-05T15:12:31.077+0000] {processor.py:799} INFO - Processing file /home/airflow/.local/lib/python3.7/site-packages/airflow/example_dags/example_task_group.py for tasks to queue
[2023-05-05T15:12:31.078+0000] {logging_mixin.py:149} INFO - [2023-05-05T15:12:31.077+0000] {dagbag.py:541} INFO - Filling up the DagBag from /home/airflow/.local/lib/python3.7/site-packages/airflow/example_dags/example_task_group.py
[2023-05-05T15:12:31.084+0000] {processor.py:809} INFO - DAG(s) dict_keys(['example_task_group']) retrieved from /home/airflow/.local/lib/python3.7/site-packages/airflow/example_dags/example_task_group.py
[2023-05-05T15:12:31.106+0000] {logging_mixin.py:149} INFO - [2023-05-05T15:12:31.106+0000] {dag.py:2726} INFO - Sync 1 DAGs
[2023-05-05T15:12:31.131+0000] {logging_mixin.py:149} INFO - [2023-05-05T15:12:31.130+0000] {dag.py:3490} INFO - Setting next_dagrun for example_task_group to 2023-05-04T15:12:31.130809+00:00, run_after=2023-05-05T15:12:31.130809+00:00
[2023-05-05T15:12:31.148+0000] {processor.py:178} INFO - Processing /home/airflow/.local/lib/python3.7/site-packages/airflow/example_dags/example_task_group.py took 0.074 seconds
[2023-05-05T15:33:41.911+0000] {processor.py:156} INFO - Started process (PID=40) to work on /home/airflow/.local/lib/python3.7/site-packages/airflow/example_dags/example_task_group.py
[2023-05-05T15:33:41.912+0000] {processor.py:799} INFO - Processing file /home/airflow/.local/lib/python3.7/site-packages/airflow/example_dags/example_task_group.py for tasks to queue
[2023-05-05T15:33:41.913+0000] {logging_mixin.py:149} INFO - [2023-05-05T15:33:41.913+0000] {dagbag.py:541} INFO - Filling up the DagBag from /home/airflow/.local/lib/python3.7/site-packages/airflow/example_dags/example_task_group.py
[2023-05-05T15:33:41.923+0000] {processor.py:809} INFO - DAG(s) dict_keys(['example_task_group']) retrieved from /home/airflow/.local/lib/python3.7/site-packages/airflow/example_dags/example_task_group.py
[2023-05-05T15:33:41.966+0000] {logging_mixin.py:149} INFO - [2023-05-05T15:33:41.965+0000] {dag.py:2726} INFO - Sync 1 DAGs
[2023-05-05T15:33:42.012+0000] {logging_mixin.py:149} INFO - [2023-05-05T15:33:42.012+0000] {dag.py:3490} INFO - Setting next_dagrun for example_task_group to 2023-05-04T15:33:42.012202+00:00, run_after=2023-05-05T15:33:42.012202+00:00
[2023-05-05T15:33:42.076+0000] {processor.py:178} INFO - Processing /home/airflow/.local/lib/python3.7/site-packages/airflow/example_dags/example_task_group.py took 0.169 seconds
