[2023-05-05T15:03:26.791+0000] {processor.py:156} INFO - Started process (PID=55) to work on /home/airflow/.local/lib/python3.7/site-packages/airflow/example_dags/example_sensor_decorator.py
[2023-05-05T15:03:26.792+0000] {processor.py:799} INFO - Processing file /home/airflow/.local/lib/python3.7/site-packages/airflow/example_dags/example_sensor_decorator.py for tasks to queue
[2023-05-05T15:03:26.793+0000] {logging_mixin.py:149} INFO - [2023-05-05T15:03:26.792+0000] {dagbag.py:541} INFO - Filling up the DagBag from /home/airflow/.local/lib/python3.7/site-packages/airflow/example_dags/example_sensor_decorator.py
[2023-05-05T15:03:26.797+0000] {processor.py:809} INFO - DAG(s) dict_keys(['example_sensor_decorator']) retrieved from /home/airflow/.local/lib/python3.7/site-packages/airflow/example_dags/example_sensor_decorator.py
[2023-05-05T15:03:26.932+0000] {logging_mixin.py:149} INFO - [2023-05-05T15:03:26.932+0000] {manager.py:504} INFO - Created Permission View: can read on DAG:example_sensor_decorator
[2023-05-05T15:03:26.943+0000] {logging_mixin.py:149} INFO - [2023-05-05T15:03:26.943+0000] {manager.py:504} INFO - Created Permission View: can edit on DAG:example_sensor_decorator
[2023-05-05T15:03:26.950+0000] {logging_mixin.py:149} INFO - [2023-05-05T15:03:26.950+0000] {manager.py:504} INFO - Created Permission View: can delete on DAG:example_sensor_decorator
[2023-05-05T15:03:26.951+0000] {logging_mixin.py:149} INFO - [2023-05-05T15:03:26.950+0000] {dag.py:2726} INFO - Sync 1 DAGs
[2023-05-05T15:03:26.964+0000] {logging_mixin.py:149} INFO - [2023-05-05T15:03:26.964+0000] {dag.py:2747} INFO - Creating ORM DAG for example_sensor_decorator
[2023-05-05T15:03:26.976+0000] {logging_mixin.py:149} INFO - [2023-05-05T15:03:26.976+0000] {dag.py:3490} INFO - Setting next_dagrun for example_sensor_decorator to None, run_after=None
[2023-05-05T15:03:26.996+0000] {processor.py:178} INFO - Processing /home/airflow/.local/lib/python3.7/site-packages/airflow/example_dags/example_sensor_decorator.py took 0.207 seconds
[2023-05-05T15:03:57.888+0000] {processor.py:156} INFO - Started process (PID=115) to work on /home/airflow/.local/lib/python3.7/site-packages/airflow/example_dags/example_sensor_decorator.py
[2023-05-05T15:03:57.892+0000] {processor.py:799} INFO - Processing file /home/airflow/.local/lib/python3.7/site-packages/airflow/example_dags/example_sensor_decorator.py for tasks to queue
[2023-05-05T15:03:57.893+0000] {logging_mixin.py:149} INFO - [2023-05-05T15:03:57.893+0000] {dagbag.py:541} INFO - Filling up the DagBag from /home/airflow/.local/lib/python3.7/site-packages/airflow/example_dags/example_sensor_decorator.py
[2023-05-05T15:03:57.898+0000] {processor.py:809} INFO - DAG(s) dict_keys(['example_sensor_decorator']) retrieved from /home/airflow/.local/lib/python3.7/site-packages/airflow/example_dags/example_sensor_decorator.py
[2023-05-05T15:03:57.926+0000] {logging_mixin.py:149} INFO - [2023-05-05T15:03:57.926+0000] {dag.py:2726} INFO - Sync 1 DAGs
[2023-05-05T15:03:57.953+0000] {logging_mixin.py:149} INFO - [2023-05-05T15:03:57.953+0000] {dag.py:3490} INFO - Setting next_dagrun for example_sensor_decorator to None, run_after=None
[2023-05-05T15:03:57.976+0000] {processor.py:178} INFO - Processing /home/airflow/.local/lib/python3.7/site-packages/airflow/example_dags/example_sensor_decorator.py took 0.092 seconds
[2023-05-05T15:04:28.854+0000] {processor.py:156} INFO - Started process (PID=175) to work on /home/airflow/.local/lib/python3.7/site-packages/airflow/example_dags/example_sensor_decorator.py
[2023-05-05T15:04:28.858+0000] {processor.py:799} INFO - Processing file /home/airflow/.local/lib/python3.7/site-packages/airflow/example_dags/example_sensor_decorator.py for tasks to queue
[2023-05-05T15:04:28.859+0000] {logging_mixin.py:149} INFO - [2023-05-05T15:04:28.859+0000] {dagbag.py:541} INFO - Filling up the DagBag from /home/airflow/.local/lib/python3.7/site-packages/airflow/example_dags/example_sensor_decorator.py
[2023-05-05T15:04:28.865+0000] {processor.py:809} INFO - DAG(s) dict_keys(['example_sensor_decorator']) retrieved from /home/airflow/.local/lib/python3.7/site-packages/airflow/example_dags/example_sensor_decorator.py
[2023-05-05T15:04:28.898+0000] {logging_mixin.py:149} INFO - [2023-05-05T15:04:28.898+0000] {dag.py:2726} INFO - Sync 1 DAGs
[2023-05-05T15:04:28.937+0000] {logging_mixin.py:149} INFO - [2023-05-05T15:04:28.936+0000] {dag.py:3490} INFO - Setting next_dagrun for example_sensor_decorator to None, run_after=None
[2023-05-05T15:04:28.960+0000] {processor.py:178} INFO - Processing /home/airflow/.local/lib/python3.7/site-packages/airflow/example_dags/example_sensor_decorator.py took 0.110 seconds
[2023-05-05T15:04:58.998+0000] {processor.py:156} INFO - Started process (PID=235) to work on /home/airflow/.local/lib/python3.7/site-packages/airflow/example_dags/example_sensor_decorator.py
[2023-05-05T15:04:58.999+0000] {processor.py:799} INFO - Processing file /home/airflow/.local/lib/python3.7/site-packages/airflow/example_dags/example_sensor_decorator.py for tasks to queue
[2023-05-05T15:04:58.999+0000] {logging_mixin.py:149} INFO - [2023-05-05T15:04:58.999+0000] {dagbag.py:541} INFO - Filling up the DagBag from /home/airflow/.local/lib/python3.7/site-packages/airflow/example_dags/example_sensor_decorator.py
[2023-05-05T15:04:59.003+0000] {processor.py:809} INFO - DAG(s) dict_keys(['example_sensor_decorator']) retrieved from /home/airflow/.local/lib/python3.7/site-packages/airflow/example_dags/example_sensor_decorator.py
[2023-05-05T15:04:59.023+0000] {logging_mixin.py:149} INFO - [2023-05-05T15:04:59.023+0000] {dag.py:2726} INFO - Sync 1 DAGs
[2023-05-05T15:04:59.048+0000] {logging_mixin.py:149} INFO - [2023-05-05T15:04:59.048+0000] {dag.py:3490} INFO - Setting next_dagrun for example_sensor_decorator to None, run_after=None
[2023-05-05T15:04:59.076+0000] {processor.py:178} INFO - Processing /home/airflow/.local/lib/python3.7/site-packages/airflow/example_dags/example_sensor_decorator.py took 0.080 seconds
[2023-05-05T15:05:29.277+0000] {processor.py:156} INFO - Started process (PID=295) to work on /home/airflow/.local/lib/python3.7/site-packages/airflow/example_dags/example_sensor_decorator.py
[2023-05-05T15:05:29.278+0000] {processor.py:799} INFO - Processing file /home/airflow/.local/lib/python3.7/site-packages/airflow/example_dags/example_sensor_decorator.py for tasks to queue
[2023-05-05T15:05:29.279+0000] {logging_mixin.py:149} INFO - [2023-05-05T15:05:29.279+0000] {dagbag.py:541} INFO - Filling up the DagBag from /home/airflow/.local/lib/python3.7/site-packages/airflow/example_dags/example_sensor_decorator.py
[2023-05-05T15:05:29.282+0000] {processor.py:809} INFO - DAG(s) dict_keys(['example_sensor_decorator']) retrieved from /home/airflow/.local/lib/python3.7/site-packages/airflow/example_dags/example_sensor_decorator.py
[2023-05-05T15:05:29.303+0000] {logging_mixin.py:149} INFO - [2023-05-05T15:05:29.302+0000] {dag.py:2726} INFO - Sync 1 DAGs
[2023-05-05T15:05:29.325+0000] {logging_mixin.py:149} INFO - [2023-05-05T15:05:29.325+0000] {dag.py:3490} INFO - Setting next_dagrun for example_sensor_decorator to None, run_after=None
[2023-05-05T15:05:29.352+0000] {processor.py:178} INFO - Processing /home/airflow/.local/lib/python3.7/site-packages/airflow/example_dags/example_sensor_decorator.py took 0.078 seconds
[2023-05-05T15:06:00.370+0000] {processor.py:156} INFO - Started process (PID=355) to work on /home/airflow/.local/lib/python3.7/site-packages/airflow/example_dags/example_sensor_decorator.py
[2023-05-05T15:06:00.371+0000] {processor.py:799} INFO - Processing file /home/airflow/.local/lib/python3.7/site-packages/airflow/example_dags/example_sensor_decorator.py for tasks to queue
[2023-05-05T15:06:00.371+0000] {logging_mixin.py:149} INFO - [2023-05-05T15:06:00.371+0000] {dagbag.py:541} INFO - Filling up the DagBag from /home/airflow/.local/lib/python3.7/site-packages/airflow/example_dags/example_sensor_decorator.py
[2023-05-05T15:06:00.375+0000] {processor.py:809} INFO - DAG(s) dict_keys(['example_sensor_decorator']) retrieved from /home/airflow/.local/lib/python3.7/site-packages/airflow/example_dags/example_sensor_decorator.py
[2023-05-05T15:06:00.395+0000] {logging_mixin.py:149} INFO - [2023-05-05T15:06:00.394+0000] {dag.py:2726} INFO - Sync 1 DAGs
[2023-05-05T15:06:00.422+0000] {logging_mixin.py:149} INFO - [2023-05-05T15:06:00.422+0000] {dag.py:3490} INFO - Setting next_dagrun for example_sensor_decorator to None, run_after=None
[2023-05-05T15:06:00.441+0000] {processor.py:178} INFO - Processing /home/airflow/.local/lib/python3.7/site-packages/airflow/example_dags/example_sensor_decorator.py took 0.074 seconds
[2023-05-05T15:06:31.039+0000] {processor.py:156} INFO - Started process (PID=415) to work on /home/airflow/.local/lib/python3.7/site-packages/airflow/example_dags/example_sensor_decorator.py
[2023-05-05T15:06:31.040+0000] {processor.py:799} INFO - Processing file /home/airflow/.local/lib/python3.7/site-packages/airflow/example_dags/example_sensor_decorator.py for tasks to queue
[2023-05-05T15:06:31.041+0000] {logging_mixin.py:149} INFO - [2023-05-05T15:06:31.041+0000] {dagbag.py:541} INFO - Filling up the DagBag from /home/airflow/.local/lib/python3.7/site-packages/airflow/example_dags/example_sensor_decorator.py
[2023-05-05T15:06:31.045+0000] {processor.py:809} INFO - DAG(s) dict_keys(['example_sensor_decorator']) retrieved from /home/airflow/.local/lib/python3.7/site-packages/airflow/example_dags/example_sensor_decorator.py
[2023-05-05T15:06:31.067+0000] {logging_mixin.py:149} INFO - [2023-05-05T15:06:31.066+0000] {dag.py:2726} INFO - Sync 1 DAGs
[2023-05-05T15:06:31.090+0000] {logging_mixin.py:149} INFO - [2023-05-05T15:06:31.090+0000] {dag.py:3490} INFO - Setting next_dagrun for example_sensor_decorator to None, run_after=None
[2023-05-05T15:06:31.115+0000] {processor.py:178} INFO - Processing /home/airflow/.local/lib/python3.7/site-packages/airflow/example_dags/example_sensor_decorator.py took 0.078 seconds
[2023-05-05T15:07:01.970+0000] {processor.py:156} INFO - Started process (PID=475) to work on /home/airflow/.local/lib/python3.7/site-packages/airflow/example_dags/example_sensor_decorator.py
[2023-05-05T15:07:01.971+0000] {processor.py:799} INFO - Processing file /home/airflow/.local/lib/python3.7/site-packages/airflow/example_dags/example_sensor_decorator.py for tasks to queue
[2023-05-05T15:07:01.971+0000] {logging_mixin.py:149} INFO - [2023-05-05T15:07:01.971+0000] {dagbag.py:541} INFO - Filling up the DagBag from /home/airflow/.local/lib/python3.7/site-packages/airflow/example_dags/example_sensor_decorator.py
[2023-05-05T15:07:01.975+0000] {processor.py:809} INFO - DAG(s) dict_keys(['example_sensor_decorator']) retrieved from /home/airflow/.local/lib/python3.7/site-packages/airflow/example_dags/example_sensor_decorator.py
[2023-05-05T15:07:01.998+0000] {logging_mixin.py:149} INFO - [2023-05-05T15:07:01.998+0000] {dag.py:2726} INFO - Sync 1 DAGs
[2023-05-05T15:07:02.032+0000] {logging_mixin.py:149} INFO - [2023-05-05T15:07:02.032+0000] {dag.py:3490} INFO - Setting next_dagrun for example_sensor_decorator to None, run_after=None
[2023-05-05T15:07:02.064+0000] {processor.py:178} INFO - Processing /home/airflow/.local/lib/python3.7/site-packages/airflow/example_dags/example_sensor_decorator.py took 0.097 seconds
[2023-05-05T15:07:33.160+0000] {processor.py:156} INFO - Started process (PID=535) to work on /home/airflow/.local/lib/python3.7/site-packages/airflow/example_dags/example_sensor_decorator.py
[2023-05-05T15:07:33.162+0000] {processor.py:799} INFO - Processing file /home/airflow/.local/lib/python3.7/site-packages/airflow/example_dags/example_sensor_decorator.py for tasks to queue
[2023-05-05T15:07:33.162+0000] {logging_mixin.py:149} INFO - [2023-05-05T15:07:33.162+0000] {dagbag.py:541} INFO - Filling up the DagBag from /home/airflow/.local/lib/python3.7/site-packages/airflow/example_dags/example_sensor_decorator.py
[2023-05-05T15:07:33.166+0000] {processor.py:809} INFO - DAG(s) dict_keys(['example_sensor_decorator']) retrieved from /home/airflow/.local/lib/python3.7/site-packages/airflow/example_dags/example_sensor_decorator.py
[2023-05-05T15:07:33.191+0000] {logging_mixin.py:149} INFO - [2023-05-05T15:07:33.191+0000] {dag.py:2726} INFO - Sync 1 DAGs
[2023-05-05T15:07:33.220+0000] {logging_mixin.py:149} INFO - [2023-05-05T15:07:33.220+0000] {dag.py:3490} INFO - Setting next_dagrun for example_sensor_decorator to None, run_after=None
[2023-05-05T15:07:33.241+0000] {processor.py:178} INFO - Processing /home/airflow/.local/lib/python3.7/site-packages/airflow/example_dags/example_sensor_decorator.py took 0.083 seconds
[2023-05-05T15:08:04.335+0000] {processor.py:156} INFO - Started process (PID=595) to work on /home/airflow/.local/lib/python3.7/site-packages/airflow/example_dags/example_sensor_decorator.py
[2023-05-05T15:08:04.336+0000] {processor.py:799} INFO - Processing file /home/airflow/.local/lib/python3.7/site-packages/airflow/example_dags/example_sensor_decorator.py for tasks to queue
[2023-05-05T15:08:04.336+0000] {logging_mixin.py:149} INFO - [2023-05-05T15:08:04.336+0000] {dagbag.py:541} INFO - Filling up the DagBag from /home/airflow/.local/lib/python3.7/site-packages/airflow/example_dags/example_sensor_decorator.py
[2023-05-05T15:08:04.340+0000] {processor.py:809} INFO - DAG(s) dict_keys(['example_sensor_decorator']) retrieved from /home/airflow/.local/lib/python3.7/site-packages/airflow/example_dags/example_sensor_decorator.py
[2023-05-05T15:08:04.359+0000] {logging_mixin.py:149} INFO - [2023-05-05T15:08:04.359+0000] {dag.py:2726} INFO - Sync 1 DAGs
[2023-05-05T15:08:04.382+0000] {logging_mixin.py:149} INFO - [2023-05-05T15:08:04.382+0000] {dag.py:3490} INFO - Setting next_dagrun for example_sensor_decorator to None, run_after=None
[2023-05-05T15:08:04.398+0000] {processor.py:178} INFO - Processing /home/airflow/.local/lib/python3.7/site-packages/airflow/example_dags/example_sensor_decorator.py took 0.065 seconds
[2023-05-05T15:08:34.664+0000] {processor.py:156} INFO - Started process (PID=655) to work on /home/airflow/.local/lib/python3.7/site-packages/airflow/example_dags/example_sensor_decorator.py
[2023-05-05T15:08:34.665+0000] {processor.py:799} INFO - Processing file /home/airflow/.local/lib/python3.7/site-packages/airflow/example_dags/example_sensor_decorator.py for tasks to queue
[2023-05-05T15:08:34.666+0000] {logging_mixin.py:149} INFO - [2023-05-05T15:08:34.666+0000] {dagbag.py:541} INFO - Filling up the DagBag from /home/airflow/.local/lib/python3.7/site-packages/airflow/example_dags/example_sensor_decorator.py
[2023-05-05T15:08:34.670+0000] {processor.py:809} INFO - DAG(s) dict_keys(['example_sensor_decorator']) retrieved from /home/airflow/.local/lib/python3.7/site-packages/airflow/example_dags/example_sensor_decorator.py
[2023-05-05T15:08:34.693+0000] {logging_mixin.py:149} INFO - [2023-05-05T15:08:34.692+0000] {dag.py:2726} INFO - Sync 1 DAGs
[2023-05-05T15:08:34.720+0000] {logging_mixin.py:149} INFO - [2023-05-05T15:08:34.720+0000] {dag.py:3490} INFO - Setting next_dagrun for example_sensor_decorator to None, run_after=None
[2023-05-05T15:08:34.741+0000] {processor.py:178} INFO - Processing /home/airflow/.local/lib/python3.7/site-packages/airflow/example_dags/example_sensor_decorator.py took 0.080 seconds
[2023-05-05T15:09:05.324+0000] {processor.py:156} INFO - Started process (PID=715) to work on /home/airflow/.local/lib/python3.7/site-packages/airflow/example_dags/example_sensor_decorator.py
[2023-05-05T15:09:05.324+0000] {processor.py:799} INFO - Processing file /home/airflow/.local/lib/python3.7/site-packages/airflow/example_dags/example_sensor_decorator.py for tasks to queue
[2023-05-05T15:09:05.325+0000] {logging_mixin.py:149} INFO - [2023-05-05T15:09:05.325+0000] {dagbag.py:541} INFO - Filling up the DagBag from /home/airflow/.local/lib/python3.7/site-packages/airflow/example_dags/example_sensor_decorator.py
[2023-05-05T15:09:05.331+0000] {processor.py:809} INFO - DAG(s) dict_keys(['example_sensor_decorator']) retrieved from /home/airflow/.local/lib/python3.7/site-packages/airflow/example_dags/example_sensor_decorator.py
[2023-05-05T15:09:05.355+0000] {logging_mixin.py:149} INFO - [2023-05-05T15:09:05.355+0000] {dag.py:2726} INFO - Sync 1 DAGs
[2023-05-05T15:09:05.387+0000] {logging_mixin.py:149} INFO - [2023-05-05T15:09:05.387+0000] {dag.py:3490} INFO - Setting next_dagrun for example_sensor_decorator to None, run_after=None
[2023-05-05T15:09:05.409+0000] {processor.py:178} INFO - Processing /home/airflow/.local/lib/python3.7/site-packages/airflow/example_dags/example_sensor_decorator.py took 0.088 seconds
[2023-05-05T15:09:35.682+0000] {processor.py:156} INFO - Started process (PID=775) to work on /home/airflow/.local/lib/python3.7/site-packages/airflow/example_dags/example_sensor_decorator.py
[2023-05-05T15:09:35.683+0000] {processor.py:799} INFO - Processing file /home/airflow/.local/lib/python3.7/site-packages/airflow/example_dags/example_sensor_decorator.py for tasks to queue
[2023-05-05T15:09:35.684+0000] {logging_mixin.py:149} INFO - [2023-05-05T15:09:35.683+0000] {dagbag.py:541} INFO - Filling up the DagBag from /home/airflow/.local/lib/python3.7/site-packages/airflow/example_dags/example_sensor_decorator.py
[2023-05-05T15:09:35.688+0000] {processor.py:809} INFO - DAG(s) dict_keys(['example_sensor_decorator']) retrieved from /home/airflow/.local/lib/python3.7/site-packages/airflow/example_dags/example_sensor_decorator.py
[2023-05-05T15:09:35.710+0000] {logging_mixin.py:149} INFO - [2023-05-05T15:09:35.710+0000] {dag.py:2726} INFO - Sync 1 DAGs
[2023-05-05T15:09:35.735+0000] {logging_mixin.py:149} INFO - [2023-05-05T15:09:35.735+0000] {dag.py:3490} INFO - Setting next_dagrun for example_sensor_decorator to None, run_after=None
[2023-05-05T15:09:35.771+0000] {processor.py:178} INFO - Processing /home/airflow/.local/lib/python3.7/site-packages/airflow/example_dags/example_sensor_decorator.py took 0.092 seconds
[2023-05-05T15:10:06.832+0000] {processor.py:156} INFO - Started process (PID=835) to work on /home/airflow/.local/lib/python3.7/site-packages/airflow/example_dags/example_sensor_decorator.py
[2023-05-05T15:10:06.833+0000] {processor.py:799} INFO - Processing file /home/airflow/.local/lib/python3.7/site-packages/airflow/example_dags/example_sensor_decorator.py for tasks to queue
[2023-05-05T15:10:06.834+0000] {logging_mixin.py:149} INFO - [2023-05-05T15:10:06.833+0000] {dagbag.py:541} INFO - Filling up the DagBag from /home/airflow/.local/lib/python3.7/site-packages/airflow/example_dags/example_sensor_decorator.py
[2023-05-05T15:10:06.839+0000] {processor.py:809} INFO - DAG(s) dict_keys(['example_sensor_decorator']) retrieved from /home/airflow/.local/lib/python3.7/site-packages/airflow/example_dags/example_sensor_decorator.py
[2023-05-05T15:10:06.861+0000] {logging_mixin.py:149} INFO - [2023-05-05T15:10:06.861+0000] {dag.py:2726} INFO - Sync 1 DAGs
[2023-05-05T15:10:06.886+0000] {logging_mixin.py:149} INFO - [2023-05-05T15:10:06.886+0000] {dag.py:3490} INFO - Setting next_dagrun for example_sensor_decorator to None, run_after=None
[2023-05-05T15:10:06.916+0000] {processor.py:178} INFO - Processing /home/airflow/.local/lib/python3.7/site-packages/airflow/example_dags/example_sensor_decorator.py took 0.087 seconds
[2023-05-05T15:10:37.876+0000] {processor.py:156} INFO - Started process (PID=895) to work on /home/airflow/.local/lib/python3.7/site-packages/airflow/example_dags/example_sensor_decorator.py
[2023-05-05T15:10:37.877+0000] {processor.py:799} INFO - Processing file /home/airflow/.local/lib/python3.7/site-packages/airflow/example_dags/example_sensor_decorator.py for tasks to queue
[2023-05-05T15:10:37.877+0000] {logging_mixin.py:149} INFO - [2023-05-05T15:10:37.877+0000] {dagbag.py:541} INFO - Filling up the DagBag from /home/airflow/.local/lib/python3.7/site-packages/airflow/example_dags/example_sensor_decorator.py
[2023-05-05T15:10:37.882+0000] {processor.py:809} INFO - DAG(s) dict_keys(['example_sensor_decorator']) retrieved from /home/airflow/.local/lib/python3.7/site-packages/airflow/example_dags/example_sensor_decorator.py
[2023-05-05T15:10:37.902+0000] {logging_mixin.py:149} INFO - [2023-05-05T15:10:37.901+0000] {dag.py:2726} INFO - Sync 1 DAGs
[2023-05-05T15:10:37.926+0000] {logging_mixin.py:149} INFO - [2023-05-05T15:10:37.926+0000] {dag.py:3490} INFO - Setting next_dagrun for example_sensor_decorator to None, run_after=None
[2023-05-05T15:10:37.949+0000] {processor.py:178} INFO - Processing /home/airflow/.local/lib/python3.7/site-packages/airflow/example_dags/example_sensor_decorator.py took 0.075 seconds
[2023-05-05T15:11:08.303+0000] {processor.py:156} INFO - Started process (PID=955) to work on /home/airflow/.local/lib/python3.7/site-packages/airflow/example_dags/example_sensor_decorator.py
[2023-05-05T15:11:08.304+0000] {processor.py:799} INFO - Processing file /home/airflow/.local/lib/python3.7/site-packages/airflow/example_dags/example_sensor_decorator.py for tasks to queue
[2023-05-05T15:11:08.304+0000] {logging_mixin.py:149} INFO - [2023-05-05T15:11:08.304+0000] {dagbag.py:541} INFO - Filling up the DagBag from /home/airflow/.local/lib/python3.7/site-packages/airflow/example_dags/example_sensor_decorator.py
[2023-05-05T15:11:08.308+0000] {processor.py:809} INFO - DAG(s) dict_keys(['example_sensor_decorator']) retrieved from /home/airflow/.local/lib/python3.7/site-packages/airflow/example_dags/example_sensor_decorator.py
[2023-05-05T15:11:08.332+0000] {logging_mixin.py:149} INFO - [2023-05-05T15:11:08.331+0000] {dag.py:2726} INFO - Sync 1 DAGs
[2023-05-05T15:11:08.357+0000] {logging_mixin.py:149} INFO - [2023-05-05T15:11:08.357+0000] {dag.py:3490} INFO - Setting next_dagrun for example_sensor_decorator to None, run_after=None
[2023-05-05T15:11:08.375+0000] {processor.py:178} INFO - Processing /home/airflow/.local/lib/python3.7/site-packages/airflow/example_dags/example_sensor_decorator.py took 0.074 seconds
[2023-05-05T15:11:38.918+0000] {processor.py:156} INFO - Started process (PID=1015) to work on /home/airflow/.local/lib/python3.7/site-packages/airflow/example_dags/example_sensor_decorator.py
[2023-05-05T15:11:38.919+0000] {processor.py:799} INFO - Processing file /home/airflow/.local/lib/python3.7/site-packages/airflow/example_dags/example_sensor_decorator.py for tasks to queue
[2023-05-05T15:11:38.920+0000] {logging_mixin.py:149} INFO - [2023-05-05T15:11:38.919+0000] {dagbag.py:541} INFO - Filling up the DagBag from /home/airflow/.local/lib/python3.7/site-packages/airflow/example_dags/example_sensor_decorator.py
[2023-05-05T15:11:38.924+0000] {processor.py:809} INFO - DAG(s) dict_keys(['example_sensor_decorator']) retrieved from /home/airflow/.local/lib/python3.7/site-packages/airflow/example_dags/example_sensor_decorator.py
[2023-05-05T15:11:38.943+0000] {logging_mixin.py:149} INFO - [2023-05-05T15:11:38.943+0000] {dag.py:2726} INFO - Sync 1 DAGs
[2023-05-05T15:11:38.967+0000] {logging_mixin.py:149} INFO - [2023-05-05T15:11:38.967+0000] {dag.py:3490} INFO - Setting next_dagrun for example_sensor_decorator to None, run_after=None
[2023-05-05T15:11:39.001+0000] {processor.py:178} INFO - Processing /home/airflow/.local/lib/python3.7/site-packages/airflow/example_dags/example_sensor_decorator.py took 0.085 seconds
[2023-05-05T15:12:10.031+0000] {processor.py:156} INFO - Started process (PID=1075) to work on /home/airflow/.local/lib/python3.7/site-packages/airflow/example_dags/example_sensor_decorator.py
[2023-05-05T15:12:10.032+0000] {processor.py:799} INFO - Processing file /home/airflow/.local/lib/python3.7/site-packages/airflow/example_dags/example_sensor_decorator.py for tasks to queue
[2023-05-05T15:12:10.032+0000] {logging_mixin.py:149} INFO - [2023-05-05T15:12:10.032+0000] {dagbag.py:541} INFO - Filling up the DagBag from /home/airflow/.local/lib/python3.7/site-packages/airflow/example_dags/example_sensor_decorator.py
[2023-05-05T15:12:10.036+0000] {processor.py:809} INFO - DAG(s) dict_keys(['example_sensor_decorator']) retrieved from /home/airflow/.local/lib/python3.7/site-packages/airflow/example_dags/example_sensor_decorator.py
[2023-05-05T15:12:10.056+0000] {logging_mixin.py:149} INFO - [2023-05-05T15:12:10.056+0000] {dag.py:2726} INFO - Sync 1 DAGs
[2023-05-05T15:12:10.081+0000] {logging_mixin.py:149} INFO - [2023-05-05T15:12:10.081+0000] {dag.py:3490} INFO - Setting next_dagrun for example_sensor_decorator to None, run_after=None
[2023-05-05T15:12:10.106+0000] {processor.py:178} INFO - Processing /home/airflow/.local/lib/python3.7/site-packages/airflow/example_dags/example_sensor_decorator.py took 0.077 seconds
[2023-05-05T15:33:44.864+0000] {processor.py:156} INFO - Started process (PID=54) to work on /home/airflow/.local/lib/python3.7/site-packages/airflow/example_dags/example_sensor_decorator.py
[2023-05-05T15:33:44.868+0000] {processor.py:799} INFO - Processing file /home/airflow/.local/lib/python3.7/site-packages/airflow/example_dags/example_sensor_decorator.py for tasks to queue
[2023-05-05T15:33:44.870+0000] {logging_mixin.py:149} INFO - [2023-05-05T15:33:44.869+0000] {dagbag.py:541} INFO - Filling up the DagBag from /home/airflow/.local/lib/python3.7/site-packages/airflow/example_dags/example_sensor_decorator.py
[2023-05-05T15:33:44.885+0000] {processor.py:809} INFO - DAG(s) dict_keys(['example_sensor_decorator']) retrieved from /home/airflow/.local/lib/python3.7/site-packages/airflow/example_dags/example_sensor_decorator.py
[2023-05-05T15:33:44.959+0000] {logging_mixin.py:149} INFO - [2023-05-05T15:33:44.959+0000] {dag.py:2726} INFO - Sync 1 DAGs
[2023-05-05T15:33:45.022+0000] {logging_mixin.py:149} INFO - [2023-05-05T15:33:45.022+0000] {dag.py:3490} INFO - Setting next_dagrun for example_sensor_decorator to None, run_after=None
[2023-05-05T15:33:45.096+0000] {processor.py:178} INFO - Processing /home/airflow/.local/lib/python3.7/site-packages/airflow/example_dags/example_sensor_decorator.py took 0.237 seconds
