[2023-05-05T15:03:26.346+0000] {processor.py:156} INFO - Started process (PID=53) to work on /home/airflow/.local/lib/python3.7/site-packages/airflow/example_dags/example_python_operator.py
[2023-05-05T15:03:26.347+0000] {processor.py:799} INFO - Processing file /home/airflow/.local/lib/python3.7/site-packages/airflow/example_dags/example_python_operator.py for tasks to queue
[2023-05-05T15:03:26.347+0000] {logging_mixin.py:149} INFO - [2023-05-05T15:03:26.347+0000] {dagbag.py:541} INFO - Filling up the DagBag from /home/airflow/.local/lib/python3.7/site-packages/airflow/example_dags/example_python_operator.py
[2023-05-05T15:03:26.354+0000] {logging_mixin.py:149} INFO - [2023-05-05T15:03:26.354+0000] {taskmixin.py:211} WARNING - Dependency <Task(_PythonDecoratedOperator): print_the_context>, log_sql_query already registered for DAG: example_python_operator
[2023-05-05T15:03:26.354+0000] {logging_mixin.py:149} INFO - [2023-05-05T15:03:26.354+0000] {taskmixin.py:211} WARNING - Dependency <Task(_PythonDecoratedOperator): log_sql_query>, print_the_context already registered for DAG: example_python_operator
[2023-05-05T15:03:26.355+0000] {logging_mixin.py:149} INFO - [2023-05-05T15:03:26.355+0000] {taskmixin.py:211} WARNING - Dependency <Task(_PythonDecoratedOperator): print_the_context>, log_sql_query already registered for DAG: example_python_operator
[2023-05-05T15:03:26.355+0000] {logging_mixin.py:149} INFO - [2023-05-05T15:03:26.355+0000] {taskmixin.py:211} WARNING - Dependency <Task(_PythonDecoratedOperator): log_sql_query>, print_the_context already registered for DAG: example_python_operator
[2023-05-05T15:03:26.356+0000] {logging_mixin.py:149} INFO - [2023-05-05T15:03:26.356+0000] {taskmixin.py:211} WARNING - Dependency <Task(_PythonDecoratedOperator): print_the_context>, log_sql_query already registered for DAG: example_python_operator
[2023-05-05T15:03:26.356+0000] {logging_mixin.py:149} INFO - [2023-05-05T15:03:26.356+0000] {taskmixin.py:211} WARNING - Dependency <Task(_PythonDecoratedOperator): log_sql_query>, print_the_context already registered for DAG: example_python_operator
[2023-05-05T15:03:26.357+0000] {logging_mixin.py:149} INFO - [2023-05-05T15:03:26.357+0000] {taskmixin.py:211} WARNING - Dependency <Task(_PythonDecoratedOperator): print_the_context>, log_sql_query already registered for DAG: example_python_operator
[2023-05-05T15:03:26.357+0000] {logging_mixin.py:149} INFO - [2023-05-05T15:03:26.357+0000] {taskmixin.py:211} WARNING - Dependency <Task(_PythonDecoratedOperator): log_sql_query>, print_the_context already registered for DAG: example_python_operator
[2023-05-05T15:03:26.360+0000] {processor.py:809} INFO - DAG(s) dict_keys(['example_python_operator']) retrieved from /home/airflow/.local/lib/python3.7/site-packages/airflow/example_dags/example_python_operator.py
[2023-05-05T15:03:26.493+0000] {logging_mixin.py:149} INFO - [2023-05-05T15:03:26.493+0000] {manager.py:504} INFO - Created Permission View: can read on DAG:example_python_operator
[2023-05-05T15:03:26.502+0000] {logging_mixin.py:149} INFO - [2023-05-05T15:03:26.502+0000] {manager.py:504} INFO - Created Permission View: can edit on DAG:example_python_operator
[2023-05-05T15:03:26.509+0000] {logging_mixin.py:149} INFO - [2023-05-05T15:03:26.509+0000] {manager.py:504} INFO - Created Permission View: can delete on DAG:example_python_operator
[2023-05-05T15:03:26.510+0000] {logging_mixin.py:149} INFO - [2023-05-05T15:03:26.510+0000] {dag.py:2726} INFO - Sync 1 DAGs
[2023-05-05T15:03:26.523+0000] {logging_mixin.py:149} INFO - [2023-05-05T15:03:26.523+0000] {dag.py:2747} INFO - Creating ORM DAG for example_python_operator
[2023-05-05T15:03:26.535+0000] {logging_mixin.py:149} INFO - [2023-05-05T15:03:26.535+0000] {dag.py:3490} INFO - Setting next_dagrun for example_python_operator to None, run_after=None
[2023-05-05T15:03:26.556+0000] {processor.py:178} INFO - Processing /home/airflow/.local/lib/python3.7/site-packages/airflow/example_dags/example_python_operator.py took 0.212 seconds
[2023-05-05T15:03:56.785+0000] {processor.py:156} INFO - Started process (PID=113) to work on /home/airflow/.local/lib/python3.7/site-packages/airflow/example_dags/example_python_operator.py
[2023-05-05T15:03:56.786+0000] {processor.py:799} INFO - Processing file /home/airflow/.local/lib/python3.7/site-packages/airflow/example_dags/example_python_operator.py for tasks to queue
[2023-05-05T15:03:56.786+0000] {logging_mixin.py:149} INFO - [2023-05-05T15:03:56.786+0000] {dagbag.py:541} INFO - Filling up the DagBag from /home/airflow/.local/lib/python3.7/site-packages/airflow/example_dags/example_python_operator.py
[2023-05-05T15:03:56.792+0000] {logging_mixin.py:149} INFO - [2023-05-05T15:03:56.791+0000] {taskmixin.py:211} WARNING - Dependency <Task(_PythonDecoratedOperator): print_the_context>, log_sql_query already registered for DAG: example_python_operator
[2023-05-05T15:03:56.792+0000] {logging_mixin.py:149} INFO - [2023-05-05T15:03:56.792+0000] {taskmixin.py:211} WARNING - Dependency <Task(_PythonDecoratedOperator): log_sql_query>, print_the_context already registered for DAG: example_python_operator
[2023-05-05T15:03:56.792+0000] {logging_mixin.py:149} INFO - [2023-05-05T15:03:56.792+0000] {taskmixin.py:211} WARNING - Dependency <Task(_PythonDecoratedOperator): print_the_context>, log_sql_query already registered for DAG: example_python_operator
[2023-05-05T15:03:56.793+0000] {logging_mixin.py:149} INFO - [2023-05-05T15:03:56.792+0000] {taskmixin.py:211} WARNING - Dependency <Task(_PythonDecoratedOperator): log_sql_query>, print_the_context already registered for DAG: example_python_operator
[2023-05-05T15:03:56.793+0000] {logging_mixin.py:149} INFO - [2023-05-05T15:03:56.793+0000] {taskmixin.py:211} WARNING - Dependency <Task(_PythonDecoratedOperator): print_the_context>, log_sql_query already registered for DAG: example_python_operator
[2023-05-05T15:03:56.794+0000] {logging_mixin.py:149} INFO - [2023-05-05T15:03:56.793+0000] {taskmixin.py:211} WARNING - Dependency <Task(_PythonDecoratedOperator): log_sql_query>, print_the_context already registered for DAG: example_python_operator
[2023-05-05T15:03:56.794+0000] {logging_mixin.py:149} INFO - [2023-05-05T15:03:56.794+0000] {taskmixin.py:211} WARNING - Dependency <Task(_PythonDecoratedOperator): print_the_context>, log_sql_query already registered for DAG: example_python_operator
[2023-05-05T15:03:56.794+0000] {logging_mixin.py:149} INFO - [2023-05-05T15:03:56.794+0000] {taskmixin.py:211} WARNING - Dependency <Task(_PythonDecoratedOperator): log_sql_query>, print_the_context already registered for DAG: example_python_operator
[2023-05-05T15:03:56.797+0000] {processor.py:809} INFO - DAG(s) dict_keys(['example_python_operator']) retrieved from /home/airflow/.local/lib/python3.7/site-packages/airflow/example_dags/example_python_operator.py
[2023-05-05T15:03:56.820+0000] {logging_mixin.py:149} INFO - [2023-05-05T15:03:56.820+0000] {dag.py:2726} INFO - Sync 1 DAGs
[2023-05-05T15:03:56.843+0000] {logging_mixin.py:149} INFO - [2023-05-05T15:03:56.843+0000] {dag.py:3490} INFO - Setting next_dagrun for example_python_operator to None, run_after=None
[2023-05-05T15:03:56.861+0000] {processor.py:178} INFO - Processing /home/airflow/.local/lib/python3.7/site-packages/airflow/example_dags/example_python_operator.py took 0.079 seconds
[2023-05-05T15:04:27.686+0000] {processor.py:156} INFO - Started process (PID=173) to work on /home/airflow/.local/lib/python3.7/site-packages/airflow/example_dags/example_python_operator.py
[2023-05-05T15:04:27.687+0000] {processor.py:799} INFO - Processing file /home/airflow/.local/lib/python3.7/site-packages/airflow/example_dags/example_python_operator.py for tasks to queue
[2023-05-05T15:04:27.688+0000] {logging_mixin.py:149} INFO - [2023-05-05T15:04:27.687+0000] {dagbag.py:541} INFO - Filling up the DagBag from /home/airflow/.local/lib/python3.7/site-packages/airflow/example_dags/example_python_operator.py
[2023-05-05T15:04:27.698+0000] {logging_mixin.py:149} INFO - [2023-05-05T15:04:27.698+0000] {taskmixin.py:211} WARNING - Dependency <Task(_PythonDecoratedOperator): print_the_context>, log_sql_query already registered for DAG: example_python_operator
[2023-05-05T15:04:27.699+0000] {logging_mixin.py:149} INFO - [2023-05-05T15:04:27.698+0000] {taskmixin.py:211} WARNING - Dependency <Task(_PythonDecoratedOperator): log_sql_query>, print_the_context already registered for DAG: example_python_operator
[2023-05-05T15:04:27.700+0000] {logging_mixin.py:149} INFO - [2023-05-05T15:04:27.700+0000] {taskmixin.py:211} WARNING - Dependency <Task(_PythonDecoratedOperator): print_the_context>, log_sql_query already registered for DAG: example_python_operator
[2023-05-05T15:04:27.700+0000] {logging_mixin.py:149} INFO - [2023-05-05T15:04:27.700+0000] {taskmixin.py:211} WARNING - Dependency <Task(_PythonDecoratedOperator): log_sql_query>, print_the_context already registered for DAG: example_python_operator
[2023-05-05T15:04:27.702+0000] {logging_mixin.py:149} INFO - [2023-05-05T15:04:27.702+0000] {taskmixin.py:211} WARNING - Dependency <Task(_PythonDecoratedOperator): print_the_context>, log_sql_query already registered for DAG: example_python_operator
[2023-05-05T15:04:27.702+0000] {logging_mixin.py:149} INFO - [2023-05-05T15:04:27.702+0000] {taskmixin.py:211} WARNING - Dependency <Task(_PythonDecoratedOperator): log_sql_query>, print_the_context already registered for DAG: example_python_operator
[2023-05-05T15:04:27.703+0000] {logging_mixin.py:149} INFO - [2023-05-05T15:04:27.703+0000] {taskmixin.py:211} WARNING - Dependency <Task(_PythonDecoratedOperator): print_the_context>, log_sql_query already registered for DAG: example_python_operator
[2023-05-05T15:04:27.704+0000] {logging_mixin.py:149} INFO - [2023-05-05T15:04:27.704+0000] {taskmixin.py:211} WARNING - Dependency <Task(_PythonDecoratedOperator): log_sql_query>, print_the_context already registered for DAG: example_python_operator
[2023-05-05T15:04:27.710+0000] {processor.py:809} INFO - DAG(s) dict_keys(['example_python_operator']) retrieved from /home/airflow/.local/lib/python3.7/site-packages/airflow/example_dags/example_python_operator.py
[2023-05-05T15:04:27.748+0000] {logging_mixin.py:149} INFO - [2023-05-05T15:04:27.748+0000] {dag.py:2726} INFO - Sync 1 DAGs
[2023-05-05T15:04:27.786+0000] {logging_mixin.py:149} INFO - [2023-05-05T15:04:27.785+0000] {dag.py:3490} INFO - Setting next_dagrun for example_python_operator to None, run_after=None
[2023-05-05T15:04:27.821+0000] {processor.py:178} INFO - Processing /home/airflow/.local/lib/python3.7/site-packages/airflow/example_dags/example_python_operator.py took 0.138 seconds
[2023-05-05T15:04:58.875+0000] {processor.py:156} INFO - Started process (PID=233) to work on /home/airflow/.local/lib/python3.7/site-packages/airflow/example_dags/example_python_operator.py
[2023-05-05T15:04:58.876+0000] {processor.py:799} INFO - Processing file /home/airflow/.local/lib/python3.7/site-packages/airflow/example_dags/example_python_operator.py for tasks to queue
[2023-05-05T15:04:58.877+0000] {logging_mixin.py:149} INFO - [2023-05-05T15:04:58.877+0000] {dagbag.py:541} INFO - Filling up the DagBag from /home/airflow/.local/lib/python3.7/site-packages/airflow/example_dags/example_python_operator.py
[2023-05-05T15:04:58.883+0000] {logging_mixin.py:149} INFO - [2023-05-05T15:04:58.882+0000] {taskmixin.py:211} WARNING - Dependency <Task(_PythonDecoratedOperator): print_the_context>, log_sql_query already registered for DAG: example_python_operator
[2023-05-05T15:04:58.883+0000] {logging_mixin.py:149} INFO - [2023-05-05T15:04:58.883+0000] {taskmixin.py:211} WARNING - Dependency <Task(_PythonDecoratedOperator): log_sql_query>, print_the_context already registered for DAG: example_python_operator
[2023-05-05T15:04:58.884+0000] {logging_mixin.py:149} INFO - [2023-05-05T15:04:58.884+0000] {taskmixin.py:211} WARNING - Dependency <Task(_PythonDecoratedOperator): print_the_context>, log_sql_query already registered for DAG: example_python_operator
[2023-05-05T15:04:58.884+0000] {logging_mixin.py:149} INFO - [2023-05-05T15:04:58.884+0000] {taskmixin.py:211} WARNING - Dependency <Task(_PythonDecoratedOperator): log_sql_query>, print_the_context already registered for DAG: example_python_operator
[2023-05-05T15:04:58.885+0000] {logging_mixin.py:149} INFO - [2023-05-05T15:04:58.885+0000] {taskmixin.py:211} WARNING - Dependency <Task(_PythonDecoratedOperator): print_the_context>, log_sql_query already registered for DAG: example_python_operator
[2023-05-05T15:04:58.885+0000] {logging_mixin.py:149} INFO - [2023-05-05T15:04:58.885+0000] {taskmixin.py:211} WARNING - Dependency <Task(_PythonDecoratedOperator): log_sql_query>, print_the_context already registered for DAG: example_python_operator
[2023-05-05T15:04:58.887+0000] {logging_mixin.py:149} INFO - [2023-05-05T15:04:58.886+0000] {taskmixin.py:211} WARNING - Dependency <Task(_PythonDecoratedOperator): print_the_context>, log_sql_query already registered for DAG: example_python_operator
[2023-05-05T15:04:58.887+0000] {logging_mixin.py:149} INFO - [2023-05-05T15:04:58.887+0000] {taskmixin.py:211} WARNING - Dependency <Task(_PythonDecoratedOperator): log_sql_query>, print_the_context already registered for DAG: example_python_operator
[2023-05-05T15:04:58.890+0000] {processor.py:809} INFO - DAG(s) dict_keys(['example_python_operator']) retrieved from /home/airflow/.local/lib/python3.7/site-packages/airflow/example_dags/example_python_operator.py
[2023-05-05T15:04:58.924+0000] {logging_mixin.py:149} INFO - [2023-05-05T15:04:58.924+0000] {dag.py:2726} INFO - Sync 1 DAGs
[2023-05-05T15:04:58.957+0000] {logging_mixin.py:149} INFO - [2023-05-05T15:04:58.957+0000] {dag.py:3490} INFO - Setting next_dagrun for example_python_operator to None, run_after=None
[2023-05-05T15:04:58.981+0000] {processor.py:178} INFO - Processing /home/airflow/.local/lib/python3.7/site-packages/airflow/example_dags/example_python_operator.py took 0.109 seconds
[2023-05-05T15:05:29.178+0000] {processor.py:156} INFO - Started process (PID=293) to work on /home/airflow/.local/lib/python3.7/site-packages/airflow/example_dags/example_python_operator.py
[2023-05-05T15:05:29.179+0000] {processor.py:799} INFO - Processing file /home/airflow/.local/lib/python3.7/site-packages/airflow/example_dags/example_python_operator.py for tasks to queue
[2023-05-05T15:05:29.179+0000] {logging_mixin.py:149} INFO - [2023-05-05T15:05:29.179+0000] {dagbag.py:541} INFO - Filling up the DagBag from /home/airflow/.local/lib/python3.7/site-packages/airflow/example_dags/example_python_operator.py
[2023-05-05T15:05:29.184+0000] {logging_mixin.py:149} INFO - [2023-05-05T15:05:29.184+0000] {taskmixin.py:211} WARNING - Dependency <Task(_PythonDecoratedOperator): print_the_context>, log_sql_query already registered for DAG: example_python_operator
[2023-05-05T15:05:29.185+0000] {logging_mixin.py:149} INFO - [2023-05-05T15:05:29.185+0000] {taskmixin.py:211} WARNING - Dependency <Task(_PythonDecoratedOperator): log_sql_query>, print_the_context already registered for DAG: example_python_operator
[2023-05-05T15:05:29.185+0000] {logging_mixin.py:149} INFO - [2023-05-05T15:05:29.185+0000] {taskmixin.py:211} WARNING - Dependency <Task(_PythonDecoratedOperator): print_the_context>, log_sql_query already registered for DAG: example_python_operator
[2023-05-05T15:05:29.185+0000] {logging_mixin.py:149} INFO - [2023-05-05T15:05:29.185+0000] {taskmixin.py:211} WARNING - Dependency <Task(_PythonDecoratedOperator): log_sql_query>, print_the_context already registered for DAG: example_python_operator
[2023-05-05T15:05:29.186+0000] {logging_mixin.py:149} INFO - [2023-05-05T15:05:29.186+0000] {taskmixin.py:211} WARNING - Dependency <Task(_PythonDecoratedOperator): print_the_context>, log_sql_query already registered for DAG: example_python_operator
[2023-05-05T15:05:29.186+0000] {logging_mixin.py:149} INFO - [2023-05-05T15:05:29.186+0000] {taskmixin.py:211} WARNING - Dependency <Task(_PythonDecoratedOperator): log_sql_query>, print_the_context already registered for DAG: example_python_operator
[2023-05-05T15:05:29.187+0000] {logging_mixin.py:149} INFO - [2023-05-05T15:05:29.187+0000] {taskmixin.py:211} WARNING - Dependency <Task(_PythonDecoratedOperator): print_the_context>, log_sql_query already registered for DAG: example_python_operator
[2023-05-05T15:05:29.187+0000] {logging_mixin.py:149} INFO - [2023-05-05T15:05:29.187+0000] {taskmixin.py:211} WARNING - Dependency <Task(_PythonDecoratedOperator): log_sql_query>, print_the_context already registered for DAG: example_python_operator
[2023-05-05T15:05:29.189+0000] {processor.py:809} INFO - DAG(s) dict_keys(['example_python_operator']) retrieved from /home/airflow/.local/lib/python3.7/site-packages/airflow/example_dags/example_python_operator.py
[2023-05-05T15:05:29.212+0000] {logging_mixin.py:149} INFO - [2023-05-05T15:05:29.211+0000] {dag.py:2726} INFO - Sync 1 DAGs
[2023-05-05T15:05:29.237+0000] {logging_mixin.py:149} INFO - [2023-05-05T15:05:29.237+0000] {dag.py:3490} INFO - Setting next_dagrun for example_python_operator to None, run_after=None
[2023-05-05T15:05:29.262+0000] {processor.py:178} INFO - Processing /home/airflow/.local/lib/python3.7/site-packages/airflow/example_dags/example_python_operator.py took 0.087 seconds
[2023-05-05T15:06:00.275+0000] {processor.py:156} INFO - Started process (PID=353) to work on /home/airflow/.local/lib/python3.7/site-packages/airflow/example_dags/example_python_operator.py
[2023-05-05T15:06:00.275+0000] {processor.py:799} INFO - Processing file /home/airflow/.local/lib/python3.7/site-packages/airflow/example_dags/example_python_operator.py for tasks to queue
[2023-05-05T15:06:00.276+0000] {logging_mixin.py:149} INFO - [2023-05-05T15:06:00.276+0000] {dagbag.py:541} INFO - Filling up the DagBag from /home/airflow/.local/lib/python3.7/site-packages/airflow/example_dags/example_python_operator.py
[2023-05-05T15:06:00.281+0000] {logging_mixin.py:149} INFO - [2023-05-05T15:06:00.281+0000] {taskmixin.py:211} WARNING - Dependency <Task(_PythonDecoratedOperator): print_the_context>, log_sql_query already registered for DAG: example_python_operator
[2023-05-05T15:06:00.281+0000] {logging_mixin.py:149} INFO - [2023-05-05T15:06:00.281+0000] {taskmixin.py:211} WARNING - Dependency <Task(_PythonDecoratedOperator): log_sql_query>, print_the_context already registered for DAG: example_python_operator
[2023-05-05T15:06:00.282+0000] {logging_mixin.py:149} INFO - [2023-05-05T15:06:00.282+0000] {taskmixin.py:211} WARNING - Dependency <Task(_PythonDecoratedOperator): print_the_context>, log_sql_query already registered for DAG: example_python_operator
[2023-05-05T15:06:00.282+0000] {logging_mixin.py:149} INFO - [2023-05-05T15:06:00.282+0000] {taskmixin.py:211} WARNING - Dependency <Task(_PythonDecoratedOperator): log_sql_query>, print_the_context already registered for DAG: example_python_operator
[2023-05-05T15:06:00.283+0000] {logging_mixin.py:149} INFO - [2023-05-05T15:06:00.283+0000] {taskmixin.py:211} WARNING - Dependency <Task(_PythonDecoratedOperator): print_the_context>, log_sql_query already registered for DAG: example_python_operator
[2023-05-05T15:06:00.283+0000] {logging_mixin.py:149} INFO - [2023-05-05T15:06:00.283+0000] {taskmixin.py:211} WARNING - Dependency <Task(_PythonDecoratedOperator): log_sql_query>, print_the_context already registered for DAG: example_python_operator
[2023-05-05T15:06:00.284+0000] {logging_mixin.py:149} INFO - [2023-05-05T15:06:00.283+0000] {taskmixin.py:211} WARNING - Dependency <Task(_PythonDecoratedOperator): print_the_context>, log_sql_query already registered for DAG: example_python_operator
[2023-05-05T15:06:00.284+0000] {logging_mixin.py:149} INFO - [2023-05-05T15:06:00.284+0000] {taskmixin.py:211} WARNING - Dependency <Task(_PythonDecoratedOperator): log_sql_query>, print_the_context already registered for DAG: example_python_operator
[2023-05-05T15:06:00.286+0000] {processor.py:809} INFO - DAG(s) dict_keys(['example_python_operator']) retrieved from /home/airflow/.local/lib/python3.7/site-packages/airflow/example_dags/example_python_operator.py
[2023-05-05T15:06:00.310+0000] {logging_mixin.py:149} INFO - [2023-05-05T15:06:00.310+0000] {dag.py:2726} INFO - Sync 1 DAGs
[2023-05-05T15:06:00.335+0000] {logging_mixin.py:149} INFO - [2023-05-05T15:06:00.335+0000] {dag.py:3490} INFO - Setting next_dagrun for example_python_operator to None, run_after=None
[2023-05-05T15:06:00.354+0000] {processor.py:178} INFO - Processing /home/airflow/.local/lib/python3.7/site-packages/airflow/example_dags/example_python_operator.py took 0.081 seconds
[2023-05-05T15:06:30.935+0000] {processor.py:156} INFO - Started process (PID=413) to work on /home/airflow/.local/lib/python3.7/site-packages/airflow/example_dags/example_python_operator.py
[2023-05-05T15:06:30.936+0000] {processor.py:799} INFO - Processing file /home/airflow/.local/lib/python3.7/site-packages/airflow/example_dags/example_python_operator.py for tasks to queue
[2023-05-05T15:06:30.936+0000] {logging_mixin.py:149} INFO - [2023-05-05T15:06:30.936+0000] {dagbag.py:541} INFO - Filling up the DagBag from /home/airflow/.local/lib/python3.7/site-packages/airflow/example_dags/example_python_operator.py
[2023-05-05T15:06:30.943+0000] {logging_mixin.py:149} INFO - [2023-05-05T15:06:30.943+0000] {taskmixin.py:211} WARNING - Dependency <Task(_PythonDecoratedOperator): print_the_context>, log_sql_query already registered for DAG: example_python_operator
[2023-05-05T15:06:30.943+0000] {logging_mixin.py:149} INFO - [2023-05-05T15:06:30.943+0000] {taskmixin.py:211} WARNING - Dependency <Task(_PythonDecoratedOperator): log_sql_query>, print_the_context already registered for DAG: example_python_operator
[2023-05-05T15:06:30.944+0000] {logging_mixin.py:149} INFO - [2023-05-05T15:06:30.944+0000] {taskmixin.py:211} WARNING - Dependency <Task(_PythonDecoratedOperator): print_the_context>, log_sql_query already registered for DAG: example_python_operator
[2023-05-05T15:06:30.944+0000] {logging_mixin.py:149} INFO - [2023-05-05T15:06:30.944+0000] {taskmixin.py:211} WARNING - Dependency <Task(_PythonDecoratedOperator): log_sql_query>, print_the_context already registered for DAG: example_python_operator
[2023-05-05T15:06:30.945+0000] {logging_mixin.py:149} INFO - [2023-05-05T15:06:30.945+0000] {taskmixin.py:211} WARNING - Dependency <Task(_PythonDecoratedOperator): print_the_context>, log_sql_query already registered for DAG: example_python_operator
[2023-05-05T15:06:30.945+0000] {logging_mixin.py:149} INFO - [2023-05-05T15:06:30.945+0000] {taskmixin.py:211} WARNING - Dependency <Task(_PythonDecoratedOperator): log_sql_query>, print_the_context already registered for DAG: example_python_operator
[2023-05-05T15:06:30.946+0000] {logging_mixin.py:149} INFO - [2023-05-05T15:06:30.946+0000] {taskmixin.py:211} WARNING - Dependency <Task(_PythonDecoratedOperator): print_the_context>, log_sql_query already registered for DAG: example_python_operator
[2023-05-05T15:06:30.946+0000] {logging_mixin.py:149} INFO - [2023-05-05T15:06:30.946+0000] {taskmixin.py:211} WARNING - Dependency <Task(_PythonDecoratedOperator): log_sql_query>, print_the_context already registered for DAG: example_python_operator
[2023-05-05T15:06:30.948+0000] {processor.py:809} INFO - DAG(s) dict_keys(['example_python_operator']) retrieved from /home/airflow/.local/lib/python3.7/site-packages/airflow/example_dags/example_python_operator.py
[2023-05-05T15:06:30.972+0000] {logging_mixin.py:149} INFO - [2023-05-05T15:06:30.972+0000] {dag.py:2726} INFO - Sync 1 DAGs
[2023-05-05T15:06:30.996+0000] {logging_mixin.py:149} INFO - [2023-05-05T15:06:30.996+0000] {dag.py:3490} INFO - Setting next_dagrun for example_python_operator to None, run_after=None
[2023-05-05T15:06:31.024+0000] {processor.py:178} INFO - Processing /home/airflow/.local/lib/python3.7/site-packages/airflow/example_dags/example_python_operator.py took 0.092 seconds
[2023-05-05T15:07:01.874+0000] {processor.py:156} INFO - Started process (PID=473) to work on /home/airflow/.local/lib/python3.7/site-packages/airflow/example_dags/example_python_operator.py
[2023-05-05T15:07:01.875+0000] {processor.py:799} INFO - Processing file /home/airflow/.local/lib/python3.7/site-packages/airflow/example_dags/example_python_operator.py for tasks to queue
[2023-05-05T15:07:01.875+0000] {logging_mixin.py:149} INFO - [2023-05-05T15:07:01.875+0000] {dagbag.py:541} INFO - Filling up the DagBag from /home/airflow/.local/lib/python3.7/site-packages/airflow/example_dags/example_python_operator.py
[2023-05-05T15:07:01.882+0000] {logging_mixin.py:149} INFO - [2023-05-05T15:07:01.881+0000] {taskmixin.py:211} WARNING - Dependency <Task(_PythonDecoratedOperator): print_the_context>, log_sql_query already registered for DAG: example_python_operator
[2023-05-05T15:07:01.882+0000] {logging_mixin.py:149} INFO - [2023-05-05T15:07:01.882+0000] {taskmixin.py:211} WARNING - Dependency <Task(_PythonDecoratedOperator): log_sql_query>, print_the_context already registered for DAG: example_python_operator
[2023-05-05T15:07:01.883+0000] {logging_mixin.py:149} INFO - [2023-05-05T15:07:01.882+0000] {taskmixin.py:211} WARNING - Dependency <Task(_PythonDecoratedOperator): print_the_context>, log_sql_query already registered for DAG: example_python_operator
[2023-05-05T15:07:01.883+0000] {logging_mixin.py:149} INFO - [2023-05-05T15:07:01.883+0000] {taskmixin.py:211} WARNING - Dependency <Task(_PythonDecoratedOperator): log_sql_query>, print_the_context already registered for DAG: example_python_operator
[2023-05-05T15:07:01.883+0000] {logging_mixin.py:149} INFO - [2023-05-05T15:07:01.883+0000] {taskmixin.py:211} WARNING - Dependency <Task(_PythonDecoratedOperator): print_the_context>, log_sql_query already registered for DAG: example_python_operator
[2023-05-05T15:07:01.884+0000] {logging_mixin.py:149} INFO - [2023-05-05T15:07:01.884+0000] {taskmixin.py:211} WARNING - Dependency <Task(_PythonDecoratedOperator): log_sql_query>, print_the_context already registered for DAG: example_python_operator
[2023-05-05T15:07:01.884+0000] {logging_mixin.py:149} INFO - [2023-05-05T15:07:01.884+0000] {taskmixin.py:211} WARNING - Dependency <Task(_PythonDecoratedOperator): print_the_context>, log_sql_query already registered for DAG: example_python_operator
[2023-05-05T15:07:01.885+0000] {logging_mixin.py:149} INFO - [2023-05-05T15:07:01.884+0000] {taskmixin.py:211} WARNING - Dependency <Task(_PythonDecoratedOperator): log_sql_query>, print_the_context already registered for DAG: example_python_operator
[2023-05-05T15:07:01.887+0000] {processor.py:809} INFO - DAG(s) dict_keys(['example_python_operator']) retrieved from /home/airflow/.local/lib/python3.7/site-packages/airflow/example_dags/example_python_operator.py
[2023-05-05T15:07:01.912+0000] {logging_mixin.py:149} INFO - [2023-05-05T15:07:01.912+0000] {dag.py:2726} INFO - Sync 1 DAGs
[2023-05-05T15:07:01.936+0000] {logging_mixin.py:149} INFO - [2023-05-05T15:07:01.936+0000] {dag.py:3490} INFO - Setting next_dagrun for example_python_operator to None, run_after=None
[2023-05-05T15:07:01.955+0000] {processor.py:178} INFO - Processing /home/airflow/.local/lib/python3.7/site-packages/airflow/example_dags/example_python_operator.py took 0.084 seconds
[2023-05-05T15:07:33.063+0000] {processor.py:156} INFO - Started process (PID=533) to work on /home/airflow/.local/lib/python3.7/site-packages/airflow/example_dags/example_python_operator.py
[2023-05-05T15:07:33.064+0000] {processor.py:799} INFO - Processing file /home/airflow/.local/lib/python3.7/site-packages/airflow/example_dags/example_python_operator.py for tasks to queue
[2023-05-05T15:07:33.064+0000] {logging_mixin.py:149} INFO - [2023-05-05T15:07:33.064+0000] {dagbag.py:541} INFO - Filling up the DagBag from /home/airflow/.local/lib/python3.7/site-packages/airflow/example_dags/example_python_operator.py
[2023-05-05T15:07:33.070+0000] {logging_mixin.py:149} INFO - [2023-05-05T15:07:33.069+0000] {taskmixin.py:211} WARNING - Dependency <Task(_PythonDecoratedOperator): print_the_context>, log_sql_query already registered for DAG: example_python_operator
[2023-05-05T15:07:33.070+0000] {logging_mixin.py:149} INFO - [2023-05-05T15:07:33.070+0000] {taskmixin.py:211} WARNING - Dependency <Task(_PythonDecoratedOperator): log_sql_query>, print_the_context already registered for DAG: example_python_operator
[2023-05-05T15:07:33.070+0000] {logging_mixin.py:149} INFO - [2023-05-05T15:07:33.070+0000] {taskmixin.py:211} WARNING - Dependency <Task(_PythonDecoratedOperator): print_the_context>, log_sql_query already registered for DAG: example_python_operator
[2023-05-05T15:07:33.071+0000] {logging_mixin.py:149} INFO - [2023-05-05T15:07:33.071+0000] {taskmixin.py:211} WARNING - Dependency <Task(_PythonDecoratedOperator): log_sql_query>, print_the_context already registered for DAG: example_python_operator
[2023-05-05T15:07:33.071+0000] {logging_mixin.py:149} INFO - [2023-05-05T15:07:33.071+0000] {taskmixin.py:211} WARNING - Dependency <Task(_PythonDecoratedOperator): print_the_context>, log_sql_query already registered for DAG: example_python_operator
[2023-05-05T15:07:33.071+0000] {logging_mixin.py:149} INFO - [2023-05-05T15:07:33.071+0000] {taskmixin.py:211} WARNING - Dependency <Task(_PythonDecoratedOperator): log_sql_query>, print_the_context already registered for DAG: example_python_operator
[2023-05-05T15:07:33.072+0000] {logging_mixin.py:149} INFO - [2023-05-05T15:07:33.072+0000] {taskmixin.py:211} WARNING - Dependency <Task(_PythonDecoratedOperator): print_the_context>, log_sql_query already registered for DAG: example_python_operator
[2023-05-05T15:07:33.072+0000] {logging_mixin.py:149} INFO - [2023-05-05T15:07:33.072+0000] {taskmixin.py:211} WARNING - Dependency <Task(_PythonDecoratedOperator): log_sql_query>, print_the_context already registered for DAG: example_python_operator
[2023-05-05T15:07:33.075+0000] {processor.py:809} INFO - DAG(s) dict_keys(['example_python_operator']) retrieved from /home/airflow/.local/lib/python3.7/site-packages/airflow/example_dags/example_python_operator.py
[2023-05-05T15:07:33.098+0000] {logging_mixin.py:149} INFO - [2023-05-05T15:07:33.098+0000] {dag.py:2726} INFO - Sync 1 DAGs
[2023-05-05T15:07:33.123+0000] {logging_mixin.py:149} INFO - [2023-05-05T15:07:33.123+0000] {dag.py:3490} INFO - Setting next_dagrun for example_python_operator to None, run_after=None
[2023-05-05T15:07:33.145+0000] {processor.py:178} INFO - Processing /home/airflow/.local/lib/python3.7/site-packages/airflow/example_dags/example_python_operator.py took 0.085 seconds
[2023-05-05T15:08:04.242+0000] {processor.py:156} INFO - Started process (PID=593) to work on /home/airflow/.local/lib/python3.7/site-packages/airflow/example_dags/example_python_operator.py
[2023-05-05T15:08:04.243+0000] {processor.py:799} INFO - Processing file /home/airflow/.local/lib/python3.7/site-packages/airflow/example_dags/example_python_operator.py for tasks to queue
[2023-05-05T15:08:04.243+0000] {logging_mixin.py:149} INFO - [2023-05-05T15:08:04.243+0000] {dagbag.py:541} INFO - Filling up the DagBag from /home/airflow/.local/lib/python3.7/site-packages/airflow/example_dags/example_python_operator.py
[2023-05-05T15:08:04.249+0000] {logging_mixin.py:149} INFO - [2023-05-05T15:08:04.248+0000] {taskmixin.py:211} WARNING - Dependency <Task(_PythonDecoratedOperator): print_the_context>, log_sql_query already registered for DAG: example_python_operator
[2023-05-05T15:08:04.249+0000] {logging_mixin.py:149} INFO - [2023-05-05T15:08:04.249+0000] {taskmixin.py:211} WARNING - Dependency <Task(_PythonDecoratedOperator): log_sql_query>, print_the_context already registered for DAG: example_python_operator
[2023-05-05T15:08:04.249+0000] {logging_mixin.py:149} INFO - [2023-05-05T15:08:04.249+0000] {taskmixin.py:211} WARNING - Dependency <Task(_PythonDecoratedOperator): print_the_context>, log_sql_query already registered for DAG: example_python_operator
[2023-05-05T15:08:04.250+0000] {logging_mixin.py:149} INFO - [2023-05-05T15:08:04.250+0000] {taskmixin.py:211} WARNING - Dependency <Task(_PythonDecoratedOperator): log_sql_query>, print_the_context already registered for DAG: example_python_operator
[2023-05-05T15:08:04.250+0000] {logging_mixin.py:149} INFO - [2023-05-05T15:08:04.250+0000] {taskmixin.py:211} WARNING - Dependency <Task(_PythonDecoratedOperator): print_the_context>, log_sql_query already registered for DAG: example_python_operator
[2023-05-05T15:08:04.250+0000] {logging_mixin.py:149} INFO - [2023-05-05T15:08:04.250+0000] {taskmixin.py:211} WARNING - Dependency <Task(_PythonDecoratedOperator): log_sql_query>, print_the_context already registered for DAG: example_python_operator
[2023-05-05T15:08:04.251+0000] {logging_mixin.py:149} INFO - [2023-05-05T15:08:04.251+0000] {taskmixin.py:211} WARNING - Dependency <Task(_PythonDecoratedOperator): print_the_context>, log_sql_query already registered for DAG: example_python_operator
[2023-05-05T15:08:04.251+0000] {logging_mixin.py:149} INFO - [2023-05-05T15:08:04.251+0000] {taskmixin.py:211} WARNING - Dependency <Task(_PythonDecoratedOperator): log_sql_query>, print_the_context already registered for DAG: example_python_operator
[2023-05-05T15:08:04.254+0000] {processor.py:809} INFO - DAG(s) dict_keys(['example_python_operator']) retrieved from /home/airflow/.local/lib/python3.7/site-packages/airflow/example_dags/example_python_operator.py
[2023-05-05T15:08:04.277+0000] {logging_mixin.py:149} INFO - [2023-05-05T15:08:04.277+0000] {dag.py:2726} INFO - Sync 1 DAGs
[2023-05-05T15:08:04.302+0000] {logging_mixin.py:149} INFO - [2023-05-05T15:08:04.301+0000] {dag.py:3490} INFO - Setting next_dagrun for example_python_operator to None, run_after=None
[2023-05-05T15:08:04.320+0000] {processor.py:178} INFO - Processing /home/airflow/.local/lib/python3.7/site-packages/airflow/example_dags/example_python_operator.py took 0.080 seconds
[2023-05-05T15:08:34.557+0000] {processor.py:156} INFO - Started process (PID=653) to work on /home/airflow/.local/lib/python3.7/site-packages/airflow/example_dags/example_python_operator.py
[2023-05-05T15:08:34.558+0000] {processor.py:799} INFO - Processing file /home/airflow/.local/lib/python3.7/site-packages/airflow/example_dags/example_python_operator.py for tasks to queue
[2023-05-05T15:08:34.559+0000] {logging_mixin.py:149} INFO - [2023-05-05T15:08:34.559+0000] {dagbag.py:541} INFO - Filling up the DagBag from /home/airflow/.local/lib/python3.7/site-packages/airflow/example_dags/example_python_operator.py
[2023-05-05T15:08:34.565+0000] {logging_mixin.py:149} INFO - [2023-05-05T15:08:34.565+0000] {taskmixin.py:211} WARNING - Dependency <Task(_PythonDecoratedOperator): print_the_context>, log_sql_query already registered for DAG: example_python_operator
[2023-05-05T15:08:34.565+0000] {logging_mixin.py:149} INFO - [2023-05-05T15:08:34.565+0000] {taskmixin.py:211} WARNING - Dependency <Task(_PythonDecoratedOperator): log_sql_query>, print_the_context already registered for DAG: example_python_operator
[2023-05-05T15:08:34.566+0000] {logging_mixin.py:149} INFO - [2023-05-05T15:08:34.566+0000] {taskmixin.py:211} WARNING - Dependency <Task(_PythonDecoratedOperator): print_the_context>, log_sql_query already registered for DAG: example_python_operator
[2023-05-05T15:08:34.566+0000] {logging_mixin.py:149} INFO - [2023-05-05T15:08:34.566+0000] {taskmixin.py:211} WARNING - Dependency <Task(_PythonDecoratedOperator): log_sql_query>, print_the_context already registered for DAG: example_python_operator
[2023-05-05T15:08:34.567+0000] {logging_mixin.py:149} INFO - [2023-05-05T15:08:34.567+0000] {taskmixin.py:211} WARNING - Dependency <Task(_PythonDecoratedOperator): print_the_context>, log_sql_query already registered for DAG: example_python_operator
[2023-05-05T15:08:34.567+0000] {logging_mixin.py:149} INFO - [2023-05-05T15:08:34.567+0000] {taskmixin.py:211} WARNING - Dependency <Task(_PythonDecoratedOperator): log_sql_query>, print_the_context already registered for DAG: example_python_operator
[2023-05-05T15:08:34.568+0000] {logging_mixin.py:149} INFO - [2023-05-05T15:08:34.568+0000] {taskmixin.py:211} WARNING - Dependency <Task(_PythonDecoratedOperator): print_the_context>, log_sql_query already registered for DAG: example_python_operator
[2023-05-05T15:08:34.568+0000] {logging_mixin.py:149} INFO - [2023-05-05T15:08:34.568+0000] {taskmixin.py:211} WARNING - Dependency <Task(_PythonDecoratedOperator): log_sql_query>, print_the_context already registered for DAG: example_python_operator
[2023-05-05T15:08:34.571+0000] {processor.py:809} INFO - DAG(s) dict_keys(['example_python_operator']) retrieved from /home/airflow/.local/lib/python3.7/site-packages/airflow/example_dags/example_python_operator.py
[2023-05-05T15:08:34.596+0000] {logging_mixin.py:149} INFO - [2023-05-05T15:08:34.596+0000] {dag.py:2726} INFO - Sync 1 DAGs
[2023-05-05T15:08:34.624+0000] {logging_mixin.py:149} INFO - [2023-05-05T15:08:34.623+0000] {dag.py:3490} INFO - Setting next_dagrun for example_python_operator to None, run_after=None
[2023-05-05T15:08:34.646+0000] {processor.py:178} INFO - Processing /home/airflow/.local/lib/python3.7/site-packages/airflow/example_dags/example_python_operator.py took 0.091 seconds
[2023-05-05T15:09:05.202+0000] {processor.py:156} INFO - Started process (PID=713) to work on /home/airflow/.local/lib/python3.7/site-packages/airflow/example_dags/example_python_operator.py
[2023-05-05T15:09:05.202+0000] {processor.py:799} INFO - Processing file /home/airflow/.local/lib/python3.7/site-packages/airflow/example_dags/example_python_operator.py for tasks to queue
[2023-05-05T15:09:05.202+0000] {logging_mixin.py:149} INFO - [2023-05-05T15:09:05.202+0000] {dagbag.py:541} INFO - Filling up the DagBag from /home/airflow/.local/lib/python3.7/site-packages/airflow/example_dags/example_python_operator.py
[2023-05-05T15:09:05.208+0000] {logging_mixin.py:149} INFO - [2023-05-05T15:09:05.208+0000] {taskmixin.py:211} WARNING - Dependency <Task(_PythonDecoratedOperator): print_the_context>, log_sql_query already registered for DAG: example_python_operator
[2023-05-05T15:09:05.208+0000] {logging_mixin.py:149} INFO - [2023-05-05T15:09:05.208+0000] {taskmixin.py:211} WARNING - Dependency <Task(_PythonDecoratedOperator): log_sql_query>, print_the_context already registered for DAG: example_python_operator
[2023-05-05T15:09:05.209+0000] {logging_mixin.py:149} INFO - [2023-05-05T15:09:05.209+0000] {taskmixin.py:211} WARNING - Dependency <Task(_PythonDecoratedOperator): print_the_context>, log_sql_query already registered for DAG: example_python_operator
[2023-05-05T15:09:05.210+0000] {logging_mixin.py:149} INFO - [2023-05-05T15:09:05.210+0000] {taskmixin.py:211} WARNING - Dependency <Task(_PythonDecoratedOperator): log_sql_query>, print_the_context already registered for DAG: example_python_operator
[2023-05-05T15:09:05.211+0000] {logging_mixin.py:149} INFO - [2023-05-05T15:09:05.211+0000] {taskmixin.py:211} WARNING - Dependency <Task(_PythonDecoratedOperator): print_the_context>, log_sql_query already registered for DAG: example_python_operator
[2023-05-05T15:09:05.211+0000] {logging_mixin.py:149} INFO - [2023-05-05T15:09:05.211+0000] {taskmixin.py:211} WARNING - Dependency <Task(_PythonDecoratedOperator): log_sql_query>, print_the_context already registered for DAG: example_python_operator
[2023-05-05T15:09:05.213+0000] {logging_mixin.py:149} INFO - [2023-05-05T15:09:05.212+0000] {taskmixin.py:211} WARNING - Dependency <Task(_PythonDecoratedOperator): print_the_context>, log_sql_query already registered for DAG: example_python_operator
[2023-05-05T15:09:05.213+0000] {logging_mixin.py:149} INFO - [2023-05-05T15:09:05.213+0000] {taskmixin.py:211} WARNING - Dependency <Task(_PythonDecoratedOperator): log_sql_query>, print_the_context already registered for DAG: example_python_operator
[2023-05-05T15:09:05.216+0000] {processor.py:809} INFO - DAG(s) dict_keys(['example_python_operator']) retrieved from /home/airflow/.local/lib/python3.7/site-packages/airflow/example_dags/example_python_operator.py
[2023-05-05T15:09:05.244+0000] {logging_mixin.py:149} INFO - [2023-05-05T15:09:05.243+0000] {dag.py:2726} INFO - Sync 1 DAGs
[2023-05-05T15:09:05.274+0000] {logging_mixin.py:149} INFO - [2023-05-05T15:09:05.274+0000] {dag.py:3490} INFO - Setting next_dagrun for example_python_operator to None, run_after=None
[2023-05-05T15:09:05.301+0000] {processor.py:178} INFO - Processing /home/airflow/.local/lib/python3.7/site-packages/airflow/example_dags/example_python_operator.py took 0.102 seconds
[2023-05-05T15:09:35.572+0000] {processor.py:156} INFO - Started process (PID=773) to work on /home/airflow/.local/lib/python3.7/site-packages/airflow/example_dags/example_python_operator.py
[2023-05-05T15:09:35.573+0000] {processor.py:799} INFO - Processing file /home/airflow/.local/lib/python3.7/site-packages/airflow/example_dags/example_python_operator.py for tasks to queue
[2023-05-05T15:09:35.574+0000] {logging_mixin.py:149} INFO - [2023-05-05T15:09:35.574+0000] {dagbag.py:541} INFO - Filling up the DagBag from /home/airflow/.local/lib/python3.7/site-packages/airflow/example_dags/example_python_operator.py
[2023-05-05T15:09:35.579+0000] {logging_mixin.py:149} INFO - [2023-05-05T15:09:35.579+0000] {taskmixin.py:211} WARNING - Dependency <Task(_PythonDecoratedOperator): print_the_context>, log_sql_query already registered for DAG: example_python_operator
[2023-05-05T15:09:35.579+0000] {logging_mixin.py:149} INFO - [2023-05-05T15:09:35.579+0000] {taskmixin.py:211} WARNING - Dependency <Task(_PythonDecoratedOperator): log_sql_query>, print_the_context already registered for DAG: example_python_operator
[2023-05-05T15:09:35.580+0000] {logging_mixin.py:149} INFO - [2023-05-05T15:09:35.580+0000] {taskmixin.py:211} WARNING - Dependency <Task(_PythonDecoratedOperator): print_the_context>, log_sql_query already registered for DAG: example_python_operator
[2023-05-05T15:09:35.580+0000] {logging_mixin.py:149} INFO - [2023-05-05T15:09:35.580+0000] {taskmixin.py:211} WARNING - Dependency <Task(_PythonDecoratedOperator): log_sql_query>, print_the_context already registered for DAG: example_python_operator
[2023-05-05T15:09:35.581+0000] {logging_mixin.py:149} INFO - [2023-05-05T15:09:35.581+0000] {taskmixin.py:211} WARNING - Dependency <Task(_PythonDecoratedOperator): print_the_context>, log_sql_query already registered for DAG: example_python_operator
[2023-05-05T15:09:35.581+0000] {logging_mixin.py:149} INFO - [2023-05-05T15:09:35.581+0000] {taskmixin.py:211} WARNING - Dependency <Task(_PythonDecoratedOperator): log_sql_query>, print_the_context already registered for DAG: example_python_operator
[2023-05-05T15:09:35.582+0000] {logging_mixin.py:149} INFO - [2023-05-05T15:09:35.582+0000] {taskmixin.py:211} WARNING - Dependency <Task(_PythonDecoratedOperator): print_the_context>, log_sql_query already registered for DAG: example_python_operator
[2023-05-05T15:09:35.582+0000] {logging_mixin.py:149} INFO - [2023-05-05T15:09:35.582+0000] {taskmixin.py:211} WARNING - Dependency <Task(_PythonDecoratedOperator): log_sql_query>, print_the_context already registered for DAG: example_python_operator
[2023-05-05T15:09:35.584+0000] {processor.py:809} INFO - DAG(s) dict_keys(['example_python_operator']) retrieved from /home/airflow/.local/lib/python3.7/site-packages/airflow/example_dags/example_python_operator.py
[2023-05-05T15:09:35.615+0000] {logging_mixin.py:149} INFO - [2023-05-05T15:09:35.615+0000] {dag.py:2726} INFO - Sync 1 DAGs
[2023-05-05T15:09:35.639+0000] {logging_mixin.py:149} INFO - [2023-05-05T15:09:35.639+0000] {dag.py:3490} INFO - Setting next_dagrun for example_python_operator to None, run_after=None
[2023-05-05T15:09:35.665+0000] {processor.py:178} INFO - Processing /home/airflow/.local/lib/python3.7/site-packages/airflow/example_dags/example_python_operator.py took 0.095 seconds
[2023-05-05T15:10:06.728+0000] {processor.py:156} INFO - Started process (PID=833) to work on /home/airflow/.local/lib/python3.7/site-packages/airflow/example_dags/example_python_operator.py
[2023-05-05T15:10:06.729+0000] {processor.py:799} INFO - Processing file /home/airflow/.local/lib/python3.7/site-packages/airflow/example_dags/example_python_operator.py for tasks to queue
[2023-05-05T15:10:06.730+0000] {logging_mixin.py:149} INFO - [2023-05-05T15:10:06.730+0000] {dagbag.py:541} INFO - Filling up the DagBag from /home/airflow/.local/lib/python3.7/site-packages/airflow/example_dags/example_python_operator.py
[2023-05-05T15:10:06.736+0000] {logging_mixin.py:149} INFO - [2023-05-05T15:10:06.736+0000] {taskmixin.py:211} WARNING - Dependency <Task(_PythonDecoratedOperator): print_the_context>, log_sql_query already registered for DAG: example_python_operator
[2023-05-05T15:10:06.736+0000] {logging_mixin.py:149} INFO - [2023-05-05T15:10:06.736+0000] {taskmixin.py:211} WARNING - Dependency <Task(_PythonDecoratedOperator): log_sql_query>, print_the_context already registered for DAG: example_python_operator
[2023-05-05T15:10:06.737+0000] {logging_mixin.py:149} INFO - [2023-05-05T15:10:06.737+0000] {taskmixin.py:211} WARNING - Dependency <Task(_PythonDecoratedOperator): print_the_context>, log_sql_query already registered for DAG: example_python_operator
[2023-05-05T15:10:06.737+0000] {logging_mixin.py:149} INFO - [2023-05-05T15:10:06.737+0000] {taskmixin.py:211} WARNING - Dependency <Task(_PythonDecoratedOperator): log_sql_query>, print_the_context already registered for DAG: example_python_operator
[2023-05-05T15:10:06.738+0000] {logging_mixin.py:149} INFO - [2023-05-05T15:10:06.738+0000] {taskmixin.py:211} WARNING - Dependency <Task(_PythonDecoratedOperator): print_the_context>, log_sql_query already registered for DAG: example_python_operator
[2023-05-05T15:10:06.738+0000] {logging_mixin.py:149} INFO - [2023-05-05T15:10:06.738+0000] {taskmixin.py:211} WARNING - Dependency <Task(_PythonDecoratedOperator): log_sql_query>, print_the_context already registered for DAG: example_python_operator
[2023-05-05T15:10:06.739+0000] {logging_mixin.py:149} INFO - [2023-05-05T15:10:06.739+0000] {taskmixin.py:211} WARNING - Dependency <Task(_PythonDecoratedOperator): print_the_context>, log_sql_query already registered for DAG: example_python_operator
[2023-05-05T15:10:06.739+0000] {logging_mixin.py:149} INFO - [2023-05-05T15:10:06.739+0000] {taskmixin.py:211} WARNING - Dependency <Task(_PythonDecoratedOperator): log_sql_query>, print_the_context already registered for DAG: example_python_operator
[2023-05-05T15:10:06.741+0000] {processor.py:809} INFO - DAG(s) dict_keys(['example_python_operator']) retrieved from /home/airflow/.local/lib/python3.7/site-packages/airflow/example_dags/example_python_operator.py
[2023-05-05T15:10:06.767+0000] {logging_mixin.py:149} INFO - [2023-05-05T15:10:06.767+0000] {dag.py:2726} INFO - Sync 1 DAGs
[2023-05-05T15:10:06.793+0000] {logging_mixin.py:149} INFO - [2023-05-05T15:10:06.793+0000] {dag.py:3490} INFO - Setting next_dagrun for example_python_operator to None, run_after=None
[2023-05-05T15:10:06.816+0000] {processor.py:178} INFO - Processing /home/airflow/.local/lib/python3.7/site-packages/airflow/example_dags/example_python_operator.py took 0.090 seconds
[2023-05-05T15:10:37.784+0000] {processor.py:156} INFO - Started process (PID=893) to work on /home/airflow/.local/lib/python3.7/site-packages/airflow/example_dags/example_python_operator.py
[2023-05-05T15:10:37.785+0000] {processor.py:799} INFO - Processing file /home/airflow/.local/lib/python3.7/site-packages/airflow/example_dags/example_python_operator.py for tasks to queue
[2023-05-05T15:10:37.785+0000] {logging_mixin.py:149} INFO - [2023-05-05T15:10:37.785+0000] {dagbag.py:541} INFO - Filling up the DagBag from /home/airflow/.local/lib/python3.7/site-packages/airflow/example_dags/example_python_operator.py
[2023-05-05T15:10:37.791+0000] {logging_mixin.py:149} INFO - [2023-05-05T15:10:37.791+0000] {taskmixin.py:211} WARNING - Dependency <Task(_PythonDecoratedOperator): print_the_context>, log_sql_query already registered for DAG: example_python_operator
[2023-05-05T15:10:37.791+0000] {logging_mixin.py:149} INFO - [2023-05-05T15:10:37.791+0000] {taskmixin.py:211} WARNING - Dependency <Task(_PythonDecoratedOperator): log_sql_query>, print_the_context already registered for DAG: example_python_operator
[2023-05-05T15:10:37.792+0000] {logging_mixin.py:149} INFO - [2023-05-05T15:10:37.792+0000] {taskmixin.py:211} WARNING - Dependency <Task(_PythonDecoratedOperator): print_the_context>, log_sql_query already registered for DAG: example_python_operator
[2023-05-05T15:10:37.792+0000] {logging_mixin.py:149} INFO - [2023-05-05T15:10:37.792+0000] {taskmixin.py:211} WARNING - Dependency <Task(_PythonDecoratedOperator): log_sql_query>, print_the_context already registered for DAG: example_python_operator
[2023-05-05T15:10:37.793+0000] {logging_mixin.py:149} INFO - [2023-05-05T15:10:37.792+0000] {taskmixin.py:211} WARNING - Dependency <Task(_PythonDecoratedOperator): print_the_context>, log_sql_query already registered for DAG: example_python_operator
[2023-05-05T15:10:37.793+0000] {logging_mixin.py:149} INFO - [2023-05-05T15:10:37.793+0000] {taskmixin.py:211} WARNING - Dependency <Task(_PythonDecoratedOperator): log_sql_query>, print_the_context already registered for DAG: example_python_operator
[2023-05-05T15:10:37.793+0000] {logging_mixin.py:149} INFO - [2023-05-05T15:10:37.793+0000] {taskmixin.py:211} WARNING - Dependency <Task(_PythonDecoratedOperator): print_the_context>, log_sql_query already registered for DAG: example_python_operator
[2023-05-05T15:10:37.794+0000] {logging_mixin.py:149} INFO - [2023-05-05T15:10:37.794+0000] {taskmixin.py:211} WARNING - Dependency <Task(_PythonDecoratedOperator): log_sql_query>, print_the_context already registered for DAG: example_python_operator
[2023-05-05T15:10:37.796+0000] {processor.py:809} INFO - DAG(s) dict_keys(['example_python_operator']) retrieved from /home/airflow/.local/lib/python3.7/site-packages/airflow/example_dags/example_python_operator.py
[2023-05-05T15:10:37.819+0000] {logging_mixin.py:149} INFO - [2023-05-05T15:10:37.819+0000] {dag.py:2726} INFO - Sync 1 DAGs
[2023-05-05T15:10:37.842+0000] {logging_mixin.py:149} INFO - [2023-05-05T15:10:37.842+0000] {dag.py:3490} INFO - Setting next_dagrun for example_python_operator to None, run_after=None
[2023-05-05T15:10:37.860+0000] {processor.py:178} INFO - Processing /home/airflow/.local/lib/python3.7/site-packages/airflow/example_dags/example_python_operator.py took 0.078 seconds
[2023-05-05T15:11:08.205+0000] {processor.py:156} INFO - Started process (PID=953) to work on /home/airflow/.local/lib/python3.7/site-packages/airflow/example_dags/example_python_operator.py
[2023-05-05T15:11:08.206+0000] {processor.py:799} INFO - Processing file /home/airflow/.local/lib/python3.7/site-packages/airflow/example_dags/example_python_operator.py for tasks to queue
[2023-05-05T15:11:08.207+0000] {logging_mixin.py:149} INFO - [2023-05-05T15:11:08.207+0000] {dagbag.py:541} INFO - Filling up the DagBag from /home/airflow/.local/lib/python3.7/site-packages/airflow/example_dags/example_python_operator.py
[2023-05-05T15:11:08.212+0000] {logging_mixin.py:149} INFO - [2023-05-05T15:11:08.212+0000] {taskmixin.py:211} WARNING - Dependency <Task(_PythonDecoratedOperator): print_the_context>, log_sql_query already registered for DAG: example_python_operator
[2023-05-05T15:11:08.212+0000] {logging_mixin.py:149} INFO - [2023-05-05T15:11:08.212+0000] {taskmixin.py:211} WARNING - Dependency <Task(_PythonDecoratedOperator): log_sql_query>, print_the_context already registered for DAG: example_python_operator
[2023-05-05T15:11:08.213+0000] {logging_mixin.py:149} INFO - [2023-05-05T15:11:08.213+0000] {taskmixin.py:211} WARNING - Dependency <Task(_PythonDecoratedOperator): print_the_context>, log_sql_query already registered for DAG: example_python_operator
[2023-05-05T15:11:08.213+0000] {logging_mixin.py:149} INFO - [2023-05-05T15:11:08.213+0000] {taskmixin.py:211} WARNING - Dependency <Task(_PythonDecoratedOperator): log_sql_query>, print_the_context already registered for DAG: example_python_operator
[2023-05-05T15:11:08.214+0000] {logging_mixin.py:149} INFO - [2023-05-05T15:11:08.213+0000] {taskmixin.py:211} WARNING - Dependency <Task(_PythonDecoratedOperator): print_the_context>, log_sql_query already registered for DAG: example_python_operator
[2023-05-05T15:11:08.214+0000] {logging_mixin.py:149} INFO - [2023-05-05T15:11:08.214+0000] {taskmixin.py:211} WARNING - Dependency <Task(_PythonDecoratedOperator): log_sql_query>, print_the_context already registered for DAG: example_python_operator
[2023-05-05T15:11:08.214+0000] {logging_mixin.py:149} INFO - [2023-05-05T15:11:08.214+0000] {taskmixin.py:211} WARNING - Dependency <Task(_PythonDecoratedOperator): print_the_context>, log_sql_query already registered for DAG: example_python_operator
[2023-05-05T15:11:08.215+0000] {logging_mixin.py:149} INFO - [2023-05-05T15:11:08.214+0000] {taskmixin.py:211} WARNING - Dependency <Task(_PythonDecoratedOperator): log_sql_query>, print_the_context already registered for DAG: example_python_operator
[2023-05-05T15:11:08.217+0000] {processor.py:809} INFO - DAG(s) dict_keys(['example_python_operator']) retrieved from /home/airflow/.local/lib/python3.7/site-packages/airflow/example_dags/example_python_operator.py
[2023-05-05T15:11:08.242+0000] {logging_mixin.py:149} INFO - [2023-05-05T15:11:08.242+0000] {dag.py:2726} INFO - Sync 1 DAGs
[2023-05-05T15:11:08.267+0000] {logging_mixin.py:149} INFO - [2023-05-05T15:11:08.266+0000] {dag.py:3490} INFO - Setting next_dagrun for example_python_operator to None, run_after=None
[2023-05-05T15:11:08.284+0000] {processor.py:178} INFO - Processing /home/airflow/.local/lib/python3.7/site-packages/airflow/example_dags/example_python_operator.py took 0.081 seconds
[2023-05-05T15:11:38.826+0000] {processor.py:156} INFO - Started process (PID=1013) to work on /home/airflow/.local/lib/python3.7/site-packages/airflow/example_dags/example_python_operator.py
[2023-05-05T15:11:38.827+0000] {processor.py:799} INFO - Processing file /home/airflow/.local/lib/python3.7/site-packages/airflow/example_dags/example_python_operator.py for tasks to queue
[2023-05-05T15:11:38.828+0000] {logging_mixin.py:149} INFO - [2023-05-05T15:11:38.828+0000] {dagbag.py:541} INFO - Filling up the DagBag from /home/airflow/.local/lib/python3.7/site-packages/airflow/example_dags/example_python_operator.py
[2023-05-05T15:11:38.833+0000] {logging_mixin.py:149} INFO - [2023-05-05T15:11:38.833+0000] {taskmixin.py:211} WARNING - Dependency <Task(_PythonDecoratedOperator): print_the_context>, log_sql_query already registered for DAG: example_python_operator
[2023-05-05T15:11:38.833+0000] {logging_mixin.py:149} INFO - [2023-05-05T15:11:38.833+0000] {taskmixin.py:211} WARNING - Dependency <Task(_PythonDecoratedOperator): log_sql_query>, print_the_context already registered for DAG: example_python_operator
[2023-05-05T15:11:38.834+0000] {logging_mixin.py:149} INFO - [2023-05-05T15:11:38.834+0000] {taskmixin.py:211} WARNING - Dependency <Task(_PythonDecoratedOperator): print_the_context>, log_sql_query already registered for DAG: example_python_operator
[2023-05-05T15:11:38.834+0000] {logging_mixin.py:149} INFO - [2023-05-05T15:11:38.834+0000] {taskmixin.py:211} WARNING - Dependency <Task(_PythonDecoratedOperator): log_sql_query>, print_the_context already registered for DAG: example_python_operator
[2023-05-05T15:11:38.835+0000] {logging_mixin.py:149} INFO - [2023-05-05T15:11:38.835+0000] {taskmixin.py:211} WARNING - Dependency <Task(_PythonDecoratedOperator): print_the_context>, log_sql_query already registered for DAG: example_python_operator
[2023-05-05T15:11:38.835+0000] {logging_mixin.py:149} INFO - [2023-05-05T15:11:38.835+0000] {taskmixin.py:211} WARNING - Dependency <Task(_PythonDecoratedOperator): log_sql_query>, print_the_context already registered for DAG: example_python_operator
[2023-05-05T15:11:38.836+0000] {logging_mixin.py:149} INFO - [2023-05-05T15:11:38.836+0000] {taskmixin.py:211} WARNING - Dependency <Task(_PythonDecoratedOperator): print_the_context>, log_sql_query already registered for DAG: example_python_operator
[2023-05-05T15:11:38.836+0000] {logging_mixin.py:149} INFO - [2023-05-05T15:11:38.836+0000] {taskmixin.py:211} WARNING - Dependency <Task(_PythonDecoratedOperator): log_sql_query>, print_the_context already registered for DAG: example_python_operator
[2023-05-05T15:11:38.838+0000] {processor.py:809} INFO - DAG(s) dict_keys(['example_python_operator']) retrieved from /home/airflow/.local/lib/python3.7/site-packages/airflow/example_dags/example_python_operator.py
[2023-05-05T15:11:38.860+0000] {logging_mixin.py:149} INFO - [2023-05-05T15:11:38.860+0000] {dag.py:2726} INFO - Sync 1 DAGs
[2023-05-05T15:11:38.884+0000] {logging_mixin.py:149} INFO - [2023-05-05T15:11:38.883+0000] {dag.py:3490} INFO - Setting next_dagrun for example_python_operator to None, run_after=None
[2023-05-05T15:11:38.902+0000] {processor.py:178} INFO - Processing /home/airflow/.local/lib/python3.7/site-packages/airflow/example_dags/example_python_operator.py took 0.079 seconds
[2023-05-05T15:12:09.933+0000] {processor.py:156} INFO - Started process (PID=1073) to work on /home/airflow/.local/lib/python3.7/site-packages/airflow/example_dags/example_python_operator.py
[2023-05-05T15:12:09.934+0000] {processor.py:799} INFO - Processing file /home/airflow/.local/lib/python3.7/site-packages/airflow/example_dags/example_python_operator.py for tasks to queue
[2023-05-05T15:12:09.934+0000] {logging_mixin.py:149} INFO - [2023-05-05T15:12:09.934+0000] {dagbag.py:541} INFO - Filling up the DagBag from /home/airflow/.local/lib/python3.7/site-packages/airflow/example_dags/example_python_operator.py
[2023-05-05T15:12:09.939+0000] {logging_mixin.py:149} INFO - [2023-05-05T15:12:09.939+0000] {taskmixin.py:211} WARNING - Dependency <Task(_PythonDecoratedOperator): print_the_context>, log_sql_query already registered for DAG: example_python_operator
[2023-05-05T15:12:09.940+0000] {logging_mixin.py:149} INFO - [2023-05-05T15:12:09.940+0000] {taskmixin.py:211} WARNING - Dependency <Task(_PythonDecoratedOperator): log_sql_query>, print_the_context already registered for DAG: example_python_operator
[2023-05-05T15:12:09.940+0000] {logging_mixin.py:149} INFO - [2023-05-05T15:12:09.940+0000] {taskmixin.py:211} WARNING - Dependency <Task(_PythonDecoratedOperator): print_the_context>, log_sql_query already registered for DAG: example_python_operator
[2023-05-05T15:12:09.940+0000] {logging_mixin.py:149} INFO - [2023-05-05T15:12:09.940+0000] {taskmixin.py:211} WARNING - Dependency <Task(_PythonDecoratedOperator): log_sql_query>, print_the_context already registered for DAG: example_python_operator
[2023-05-05T15:12:09.941+0000] {logging_mixin.py:149} INFO - [2023-05-05T15:12:09.941+0000] {taskmixin.py:211} WARNING - Dependency <Task(_PythonDecoratedOperator): print_the_context>, log_sql_query already registered for DAG: example_python_operator
[2023-05-05T15:12:09.941+0000] {logging_mixin.py:149} INFO - [2023-05-05T15:12:09.941+0000] {taskmixin.py:211} WARNING - Dependency <Task(_PythonDecoratedOperator): log_sql_query>, print_the_context already registered for DAG: example_python_operator
[2023-05-05T15:12:09.942+0000] {logging_mixin.py:149} INFO - [2023-05-05T15:12:09.942+0000] {taskmixin.py:211} WARNING - Dependency <Task(_PythonDecoratedOperator): print_the_context>, log_sql_query already registered for DAG: example_python_operator
[2023-05-05T15:12:09.942+0000] {logging_mixin.py:149} INFO - [2023-05-05T15:12:09.942+0000] {taskmixin.py:211} WARNING - Dependency <Task(_PythonDecoratedOperator): log_sql_query>, print_the_context already registered for DAG: example_python_operator
[2023-05-05T15:12:09.945+0000] {processor.py:809} INFO - DAG(s) dict_keys(['example_python_operator']) retrieved from /home/airflow/.local/lib/python3.7/site-packages/airflow/example_dags/example_python_operator.py
[2023-05-05T15:12:09.968+0000] {logging_mixin.py:149} INFO - [2023-05-05T15:12:09.968+0000] {dag.py:2726} INFO - Sync 1 DAGs
[2023-05-05T15:12:09.990+0000] {logging_mixin.py:149} INFO - [2023-05-05T15:12:09.990+0000] {dag.py:3490} INFO - Setting next_dagrun for example_python_operator to None, run_after=None
[2023-05-05T15:12:10.016+0000] {processor.py:178} INFO - Processing /home/airflow/.local/lib/python3.7/site-packages/airflow/example_dags/example_python_operator.py took 0.085 seconds
[2023-05-05T15:33:44.538+0000] {processor.py:156} INFO - Started process (PID=52) to work on /home/airflow/.local/lib/python3.7/site-packages/airflow/example_dags/example_python_operator.py
[2023-05-05T15:33:44.548+0000] {processor.py:799} INFO - Processing file /home/airflow/.local/lib/python3.7/site-packages/airflow/example_dags/example_python_operator.py for tasks to queue
[2023-05-05T15:33:44.550+0000] {logging_mixin.py:149} INFO - [2023-05-05T15:33:44.549+0000] {dagbag.py:541} INFO - Filling up the DagBag from /home/airflow/.local/lib/python3.7/site-packages/airflow/example_dags/example_python_operator.py
[2023-05-05T15:33:44.568+0000] {logging_mixin.py:149} INFO - [2023-05-05T15:33:44.567+0000] {taskmixin.py:211} WARNING - Dependency <Task(_PythonDecoratedOperator): print_the_context>, log_sql_query already registered for DAG: example_python_operator
[2023-05-05T15:33:44.569+0000] {logging_mixin.py:149} INFO - [2023-05-05T15:33:44.569+0000] {taskmixin.py:211} WARNING - Dependency <Task(_PythonDecoratedOperator): log_sql_query>, print_the_context already registered for DAG: example_python_operator
[2023-05-05T15:33:44.571+0000] {logging_mixin.py:149} INFO - [2023-05-05T15:33:44.571+0000] {taskmixin.py:211} WARNING - Dependency <Task(_PythonDecoratedOperator): print_the_context>, log_sql_query already registered for DAG: example_python_operator
[2023-05-05T15:33:44.572+0000] {logging_mixin.py:149} INFO - [2023-05-05T15:33:44.572+0000] {taskmixin.py:211} WARNING - Dependency <Task(_PythonDecoratedOperator): log_sql_query>, print_the_context already registered for DAG: example_python_operator
[2023-05-05T15:33:44.575+0000] {logging_mixin.py:149} INFO - [2023-05-05T15:33:44.575+0000] {taskmixin.py:211} WARNING - Dependency <Task(_PythonDecoratedOperator): print_the_context>, log_sql_query already registered for DAG: example_python_operator
[2023-05-05T15:33:44.575+0000] {logging_mixin.py:149} INFO - [2023-05-05T15:33:44.575+0000] {taskmixin.py:211} WARNING - Dependency <Task(_PythonDecoratedOperator): log_sql_query>, print_the_context already registered for DAG: example_python_operator
[2023-05-05T15:33:44.578+0000] {logging_mixin.py:149} INFO - [2023-05-05T15:33:44.577+0000] {taskmixin.py:211} WARNING - Dependency <Task(_PythonDecoratedOperator): print_the_context>, log_sql_query already registered for DAG: example_python_operator
[2023-05-05T15:33:44.578+0000] {logging_mixin.py:149} INFO - [2023-05-05T15:33:44.578+0000] {taskmixin.py:211} WARNING - Dependency <Task(_PythonDecoratedOperator): log_sql_query>, print_the_context already registered for DAG: example_python_operator
[2023-05-05T15:33:44.586+0000] {processor.py:809} INFO - DAG(s) dict_keys(['example_python_operator']) retrieved from /home/airflow/.local/lib/python3.7/site-packages/airflow/example_dags/example_python_operator.py
[2023-05-05T15:33:44.822+0000] {logging_mixin.py:149} INFO - [2023-05-05T15:33:44.821+0000] {dag.py:2726} INFO - Sync 1 DAGs
[2023-05-05T15:33:44.893+0000] {logging_mixin.py:149} INFO - [2023-05-05T15:33:44.893+0000] {dag.py:3490} INFO - Setting next_dagrun for example_python_operator to None, run_after=None
[2023-05-05T15:33:44.962+0000] {processor.py:178} INFO - Processing /home/airflow/.local/lib/python3.7/site-packages/airflow/example_dags/example_python_operator.py took 0.429 seconds
