[2023-05-05T15:03:24.069+0000] {processor.py:156} INFO - Started process (PID=45) to work on /home/airflow/.local/lib/python3.7/site-packages/airflow/example_dags/example_short_circuit_operator.py
[2023-05-05T15:03:24.069+0000] {processor.py:799} INFO - Processing file /home/airflow/.local/lib/python3.7/site-packages/airflow/example_dags/example_short_circuit_operator.py for tasks to queue
[2023-05-05T15:03:24.070+0000] {logging_mixin.py:149} INFO - [2023-05-05T15:03:24.070+0000] {dagbag.py:541} INFO - Filling up the DagBag from /home/airflow/.local/lib/python3.7/site-packages/airflow/example_dags/example_short_circuit_operator.py
[2023-05-05T15:03:24.078+0000] {processor.py:809} INFO - DAG(s) dict_keys(['example_short_circuit_operator']) retrieved from /home/airflow/.local/lib/python3.7/site-packages/airflow/example_dags/example_short_circuit_operator.py
[2023-05-05T15:03:24.232+0000] {logging_mixin.py:149} INFO - [2023-05-05T15:03:24.231+0000] {manager.py:504} INFO - Created Permission View: can read on DAG:example_short_circuit_operator
[2023-05-05T15:03:24.245+0000] {logging_mixin.py:149} INFO - [2023-05-05T15:03:24.244+0000] {manager.py:504} INFO - Created Permission View: can edit on DAG:example_short_circuit_operator
[2023-05-05T15:03:24.255+0000] {logging_mixin.py:149} INFO - [2023-05-05T15:03:24.255+0000] {manager.py:504} INFO - Created Permission View: can delete on DAG:example_short_circuit_operator
[2023-05-05T15:03:24.255+0000] {logging_mixin.py:149} INFO - [2023-05-05T15:03:24.255+0000] {dag.py:2726} INFO - Sync 1 DAGs
[2023-05-05T15:03:24.281+0000] {logging_mixin.py:149} INFO - [2023-05-05T15:03:24.281+0000] {dag.py:2747} INFO - Creating ORM DAG for example_short_circuit_operator
[2023-05-05T15:03:24.301+0000] {logging_mixin.py:149} INFO - [2023-05-05T15:03:24.301+0000] {dag.py:3490} INFO - Setting next_dagrun for example_short_circuit_operator to 2023-05-04T15:03:24.301307+00:00, run_after=2023-05-05T15:03:24.301307+00:00
[2023-05-05T15:03:24.345+0000] {processor.py:178} INFO - Processing /home/airflow/.local/lib/python3.7/site-packages/airflow/example_dags/example_short_circuit_operator.py took 0.279 seconds
[2023-05-05T15:03:55.170+0000] {processor.py:156} INFO - Started process (PID=105) to work on /home/airflow/.local/lib/python3.7/site-packages/airflow/example_dags/example_short_circuit_operator.py
[2023-05-05T15:03:55.171+0000] {processor.py:799} INFO - Processing file /home/airflow/.local/lib/python3.7/site-packages/airflow/example_dags/example_short_circuit_operator.py for tasks to queue
[2023-05-05T15:03:55.172+0000] {logging_mixin.py:149} INFO - [2023-05-05T15:03:55.172+0000] {dagbag.py:541} INFO - Filling up the DagBag from /home/airflow/.local/lib/python3.7/site-packages/airflow/example_dags/example_short_circuit_operator.py
[2023-05-05T15:03:55.180+0000] {processor.py:809} INFO - DAG(s) dict_keys(['example_short_circuit_operator']) retrieved from /home/airflow/.local/lib/python3.7/site-packages/airflow/example_dags/example_short_circuit_operator.py
[2023-05-05T15:03:55.213+0000] {logging_mixin.py:149} INFO - [2023-05-05T15:03:55.213+0000] {dag.py:2726} INFO - Sync 1 DAGs
[2023-05-05T15:03:55.237+0000] {logging_mixin.py:149} INFO - [2023-05-05T15:03:55.237+0000] {dag.py:3490} INFO - Setting next_dagrun for example_short_circuit_operator to 2023-05-04T15:03:55.237527+00:00, run_after=2023-05-05T15:03:55.237527+00:00
[2023-05-05T15:03:55.259+0000] {processor.py:178} INFO - Processing /home/airflow/.local/lib/python3.7/site-packages/airflow/example_dags/example_short_circuit_operator.py took 0.092 seconds
[2023-05-05T15:04:25.926+0000] {processor.py:156} INFO - Started process (PID=165) to work on /home/airflow/.local/lib/python3.7/site-packages/airflow/example_dags/example_short_circuit_operator.py
[2023-05-05T15:04:25.927+0000] {processor.py:799} INFO - Processing file /home/airflow/.local/lib/python3.7/site-packages/airflow/example_dags/example_short_circuit_operator.py for tasks to queue
[2023-05-05T15:04:25.928+0000] {logging_mixin.py:149} INFO - [2023-05-05T15:04:25.928+0000] {dagbag.py:541} INFO - Filling up the DagBag from /home/airflow/.local/lib/python3.7/site-packages/airflow/example_dags/example_short_circuit_operator.py
[2023-05-05T15:04:25.937+0000] {processor.py:809} INFO - DAG(s) dict_keys(['example_short_circuit_operator']) retrieved from /home/airflow/.local/lib/python3.7/site-packages/airflow/example_dags/example_short_circuit_operator.py
[2023-05-05T15:04:25.970+0000] {logging_mixin.py:149} INFO - [2023-05-05T15:04:25.970+0000] {dag.py:2726} INFO - Sync 1 DAGs
[2023-05-05T15:04:25.999+0000] {logging_mixin.py:149} INFO - [2023-05-05T15:04:25.999+0000] {dag.py:3490} INFO - Setting next_dagrun for example_short_circuit_operator to 2023-05-04T15:04:25.999156+00:00, run_after=2023-05-05T15:04:25.999156+00:00
[2023-05-05T15:04:26.026+0000] {processor.py:178} INFO - Processing /home/airflow/.local/lib/python3.7/site-packages/airflow/example_dags/example_short_circuit_operator.py took 0.104 seconds
[2023-05-05T15:04:56.093+0000] {processor.py:156} INFO - Started process (PID=225) to work on /home/airflow/.local/lib/python3.7/site-packages/airflow/example_dags/example_short_circuit_operator.py
[2023-05-05T15:04:56.093+0000] {processor.py:799} INFO - Processing file /home/airflow/.local/lib/python3.7/site-packages/airflow/example_dags/example_short_circuit_operator.py for tasks to queue
[2023-05-05T15:04:56.094+0000] {logging_mixin.py:149} INFO - [2023-05-05T15:04:56.094+0000] {dagbag.py:541} INFO - Filling up the DagBag from /home/airflow/.local/lib/python3.7/site-packages/airflow/example_dags/example_short_circuit_operator.py
[2023-05-05T15:04:56.102+0000] {processor.py:809} INFO - DAG(s) dict_keys(['example_short_circuit_operator']) retrieved from /home/airflow/.local/lib/python3.7/site-packages/airflow/example_dags/example_short_circuit_operator.py
[2023-05-05T15:04:56.131+0000] {logging_mixin.py:149} INFO - [2023-05-05T15:04:56.131+0000] {dag.py:2726} INFO - Sync 1 DAGs
[2023-05-05T15:04:56.158+0000] {logging_mixin.py:149} INFO - [2023-05-05T15:04:56.157+0000] {dag.py:3490} INFO - Setting next_dagrun for example_short_circuit_operator to 2023-05-04T15:04:56.157631+00:00, run_after=2023-05-05T15:04:56.157631+00:00
[2023-05-05T15:04:56.184+0000] {processor.py:178} INFO - Processing /home/airflow/.local/lib/python3.7/site-packages/airflow/example_dags/example_short_circuit_operator.py took 0.094 seconds
[2023-05-05T15:05:26.399+0000] {processor.py:156} INFO - Started process (PID=285) to work on /home/airflow/.local/lib/python3.7/site-packages/airflow/example_dags/example_short_circuit_operator.py
[2023-05-05T15:05:26.400+0000] {processor.py:799} INFO - Processing file /home/airflow/.local/lib/python3.7/site-packages/airflow/example_dags/example_short_circuit_operator.py for tasks to queue
[2023-05-05T15:05:26.401+0000] {logging_mixin.py:149} INFO - [2023-05-05T15:05:26.401+0000] {dagbag.py:541} INFO - Filling up the DagBag from /home/airflow/.local/lib/python3.7/site-packages/airflow/example_dags/example_short_circuit_operator.py
[2023-05-05T15:05:26.411+0000] {processor.py:809} INFO - DAG(s) dict_keys(['example_short_circuit_operator']) retrieved from /home/airflow/.local/lib/python3.7/site-packages/airflow/example_dags/example_short_circuit_operator.py
[2023-05-05T15:05:26.443+0000] {logging_mixin.py:149} INFO - [2023-05-05T15:05:26.443+0000] {dag.py:2726} INFO - Sync 1 DAGs
[2023-05-05T15:05:26.468+0000] {logging_mixin.py:149} INFO - [2023-05-05T15:05:26.468+0000] {dag.py:3490} INFO - Setting next_dagrun for example_short_circuit_operator to 2023-05-04T15:05:26.468267+00:00, run_after=2023-05-05T15:05:26.468267+00:00
[2023-05-05T15:05:26.490+0000] {processor.py:178} INFO - Processing /home/airflow/.local/lib/python3.7/site-packages/airflow/example_dags/example_short_circuit_operator.py took 0.094 seconds
[2023-05-05T15:05:56.565+0000] {processor.py:156} INFO - Started process (PID=345) to work on /home/airflow/.local/lib/python3.7/site-packages/airflow/example_dags/example_short_circuit_operator.py
[2023-05-05T15:05:56.566+0000] {processor.py:799} INFO - Processing file /home/airflow/.local/lib/python3.7/site-packages/airflow/example_dags/example_short_circuit_operator.py for tasks to queue
[2023-05-05T15:05:56.567+0000] {logging_mixin.py:149} INFO - [2023-05-05T15:05:56.567+0000] {dagbag.py:541} INFO - Filling up the DagBag from /home/airflow/.local/lib/python3.7/site-packages/airflow/example_dags/example_short_circuit_operator.py
[2023-05-05T15:05:56.577+0000] {processor.py:809} INFO - DAG(s) dict_keys(['example_short_circuit_operator']) retrieved from /home/airflow/.local/lib/python3.7/site-packages/airflow/example_dags/example_short_circuit_operator.py
[2023-05-05T15:05:56.609+0000] {logging_mixin.py:149} INFO - [2023-05-05T15:05:56.609+0000] {dag.py:2726} INFO - Sync 1 DAGs
[2023-05-05T15:05:56.641+0000] {logging_mixin.py:149} INFO - [2023-05-05T15:05:56.641+0000] {dag.py:3490} INFO - Setting next_dagrun for example_short_circuit_operator to 2023-05-04T15:05:56.641634+00:00, run_after=2023-05-05T15:05:56.641634+00:00
[2023-05-05T15:05:56.665+0000] {processor.py:178} INFO - Processing /home/airflow/.local/lib/python3.7/site-packages/airflow/example_dags/example_short_circuit_operator.py took 0.104 seconds
[2023-05-05T15:06:27.198+0000] {processor.py:156} INFO - Started process (PID=405) to work on /home/airflow/.local/lib/python3.7/site-packages/airflow/example_dags/example_short_circuit_operator.py
[2023-05-05T15:06:27.199+0000] {processor.py:799} INFO - Processing file /home/airflow/.local/lib/python3.7/site-packages/airflow/example_dags/example_short_circuit_operator.py for tasks to queue
[2023-05-05T15:06:27.200+0000] {logging_mixin.py:149} INFO - [2023-05-05T15:06:27.200+0000] {dagbag.py:541} INFO - Filling up the DagBag from /home/airflow/.local/lib/python3.7/site-packages/airflow/example_dags/example_short_circuit_operator.py
[2023-05-05T15:06:27.208+0000] {processor.py:809} INFO - DAG(s) dict_keys(['example_short_circuit_operator']) retrieved from /home/airflow/.local/lib/python3.7/site-packages/airflow/example_dags/example_short_circuit_operator.py
[2023-05-05T15:06:27.237+0000] {logging_mixin.py:149} INFO - [2023-05-05T15:06:27.236+0000] {dag.py:2726} INFO - Sync 1 DAGs
[2023-05-05T15:06:27.261+0000] {logging_mixin.py:149} INFO - [2023-05-05T15:06:27.260+0000] {dag.py:3490} INFO - Setting next_dagrun for example_short_circuit_operator to 2023-05-04T15:06:27.260782+00:00, run_after=2023-05-05T15:06:27.260782+00:00
[2023-05-05T15:06:27.297+0000] {processor.py:178} INFO - Processing /home/airflow/.local/lib/python3.7/site-packages/airflow/example_dags/example_short_circuit_operator.py took 0.102 seconds
[2023-05-05T15:06:58.091+0000] {processor.py:156} INFO - Started process (PID=465) to work on /home/airflow/.local/lib/python3.7/site-packages/airflow/example_dags/example_short_circuit_operator.py
[2023-05-05T15:06:58.092+0000] {processor.py:799} INFO - Processing file /home/airflow/.local/lib/python3.7/site-packages/airflow/example_dags/example_short_circuit_operator.py for tasks to queue
[2023-05-05T15:06:58.094+0000] {logging_mixin.py:149} INFO - [2023-05-05T15:06:58.094+0000] {dagbag.py:541} INFO - Filling up the DagBag from /home/airflow/.local/lib/python3.7/site-packages/airflow/example_dags/example_short_circuit_operator.py
[2023-05-05T15:06:58.113+0000] {processor.py:809} INFO - DAG(s) dict_keys(['example_short_circuit_operator']) retrieved from /home/airflow/.local/lib/python3.7/site-packages/airflow/example_dags/example_short_circuit_operator.py
[2023-05-05T15:06:58.163+0000] {logging_mixin.py:149} INFO - [2023-05-05T15:06:58.162+0000] {dag.py:2726} INFO - Sync 1 DAGs
[2023-05-05T15:06:58.207+0000] {logging_mixin.py:149} INFO - [2023-05-05T15:06:58.207+0000] {dag.py:3490} INFO - Setting next_dagrun for example_short_circuit_operator to 2023-05-04T15:06:58.207081+00:00, run_after=2023-05-05T15:06:58.207081+00:00
[2023-05-05T15:06:58.240+0000] {processor.py:178} INFO - Processing /home/airflow/.local/lib/python3.7/site-packages/airflow/example_dags/example_short_circuit_operator.py took 0.155 seconds
[2023-05-05T15:07:28.305+0000] {processor.py:156} INFO - Started process (PID=525) to work on /home/airflow/.local/lib/python3.7/site-packages/airflow/example_dags/example_short_circuit_operator.py
[2023-05-05T15:07:28.306+0000] {processor.py:799} INFO - Processing file /home/airflow/.local/lib/python3.7/site-packages/airflow/example_dags/example_short_circuit_operator.py for tasks to queue
[2023-05-05T15:07:28.307+0000] {logging_mixin.py:149} INFO - [2023-05-05T15:07:28.307+0000] {dagbag.py:541} INFO - Filling up the DagBag from /home/airflow/.local/lib/python3.7/site-packages/airflow/example_dags/example_short_circuit_operator.py
[2023-05-05T15:07:28.317+0000] {processor.py:809} INFO - DAG(s) dict_keys(['example_short_circuit_operator']) retrieved from /home/airflow/.local/lib/python3.7/site-packages/airflow/example_dags/example_short_circuit_operator.py
[2023-05-05T15:07:28.342+0000] {logging_mixin.py:149} INFO - [2023-05-05T15:07:28.342+0000] {dag.py:2726} INFO - Sync 1 DAGs
[2023-05-05T15:07:28.368+0000] {logging_mixin.py:149} INFO - [2023-05-05T15:07:28.368+0000] {dag.py:3490} INFO - Setting next_dagrun for example_short_circuit_operator to 2023-05-04T15:07:28.368679+00:00, run_after=2023-05-05T15:07:28.368679+00:00
[2023-05-05T15:07:28.388+0000] {processor.py:178} INFO - Processing /home/airflow/.local/lib/python3.7/site-packages/airflow/example_dags/example_short_circuit_operator.py took 0.087 seconds
[2023-05-05T15:07:58.451+0000] {processor.py:156} INFO - Started process (PID=585) to work on /home/airflow/.local/lib/python3.7/site-packages/airflow/example_dags/example_short_circuit_operator.py
[2023-05-05T15:07:58.452+0000] {processor.py:799} INFO - Processing file /home/airflow/.local/lib/python3.7/site-packages/airflow/example_dags/example_short_circuit_operator.py for tasks to queue
[2023-05-05T15:07:58.453+0000] {logging_mixin.py:149} INFO - [2023-05-05T15:07:58.453+0000] {dagbag.py:541} INFO - Filling up the DagBag from /home/airflow/.local/lib/python3.7/site-packages/airflow/example_dags/example_short_circuit_operator.py
[2023-05-05T15:07:58.464+0000] {processor.py:809} INFO - DAG(s) dict_keys(['example_short_circuit_operator']) retrieved from /home/airflow/.local/lib/python3.7/site-packages/airflow/example_dags/example_short_circuit_operator.py
[2023-05-05T15:07:58.500+0000] {logging_mixin.py:149} INFO - [2023-05-05T15:07:58.500+0000] {dag.py:2726} INFO - Sync 1 DAGs
[2023-05-05T15:07:58.526+0000] {logging_mixin.py:149} INFO - [2023-05-05T15:07:58.526+0000] {dag.py:3490} INFO - Setting next_dagrun for example_short_circuit_operator to 2023-05-04T15:07:58.526179+00:00, run_after=2023-05-05T15:07:58.526179+00:00
[2023-05-05T15:07:58.547+0000] {processor.py:178} INFO - Processing /home/airflow/.local/lib/python3.7/site-packages/airflow/example_dags/example_short_circuit_operator.py took 0.100 seconds
[2023-05-05T15:08:28.903+0000] {processor.py:156} INFO - Started process (PID=645) to work on /home/airflow/.local/lib/python3.7/site-packages/airflow/example_dags/example_short_circuit_operator.py
[2023-05-05T15:08:28.904+0000] {processor.py:799} INFO - Processing file /home/airflow/.local/lib/python3.7/site-packages/airflow/example_dags/example_short_circuit_operator.py for tasks to queue
[2023-05-05T15:08:28.905+0000] {logging_mixin.py:149} INFO - [2023-05-05T15:08:28.904+0000] {dagbag.py:541} INFO - Filling up the DagBag from /home/airflow/.local/lib/python3.7/site-packages/airflow/example_dags/example_short_circuit_operator.py
[2023-05-05T15:08:28.912+0000] {processor.py:809} INFO - DAG(s) dict_keys(['example_short_circuit_operator']) retrieved from /home/airflow/.local/lib/python3.7/site-packages/airflow/example_dags/example_short_circuit_operator.py
[2023-05-05T15:08:28.937+0000] {logging_mixin.py:149} INFO - [2023-05-05T15:08:28.937+0000] {dag.py:2726} INFO - Sync 1 DAGs
[2023-05-05T15:08:28.961+0000] {logging_mixin.py:149} INFO - [2023-05-05T15:08:28.961+0000] {dag.py:3490} INFO - Setting next_dagrun for example_short_circuit_operator to 2023-05-04T15:08:28.961116+00:00, run_after=2023-05-05T15:08:28.961116+00:00
[2023-05-05T15:08:28.994+0000] {processor.py:178} INFO - Processing /home/airflow/.local/lib/python3.7/site-packages/airflow/example_dags/example_short_circuit_operator.py took 0.093 seconds
[2023-05-05T15:08:59.271+0000] {processor.py:156} INFO - Started process (PID=705) to work on /home/airflow/.local/lib/python3.7/site-packages/airflow/example_dags/example_short_circuit_operator.py
[2023-05-05T15:08:59.272+0000] {processor.py:799} INFO - Processing file /home/airflow/.local/lib/python3.7/site-packages/airflow/example_dags/example_short_circuit_operator.py for tasks to queue
[2023-05-05T15:08:59.272+0000] {logging_mixin.py:149} INFO - [2023-05-05T15:08:59.272+0000] {dagbag.py:541} INFO - Filling up the DagBag from /home/airflow/.local/lib/python3.7/site-packages/airflow/example_dags/example_short_circuit_operator.py
[2023-05-05T15:08:59.282+0000] {processor.py:809} INFO - DAG(s) dict_keys(['example_short_circuit_operator']) retrieved from /home/airflow/.local/lib/python3.7/site-packages/airflow/example_dags/example_short_circuit_operator.py
[2023-05-05T15:08:59.312+0000] {logging_mixin.py:149} INFO - [2023-05-05T15:08:59.311+0000] {dag.py:2726} INFO - Sync 1 DAGs
[2023-05-05T15:08:59.341+0000] {logging_mixin.py:149} INFO - [2023-05-05T15:08:59.341+0000] {dag.py:3490} INFO - Setting next_dagrun for example_short_circuit_operator to 2023-05-04T15:08:59.340786+00:00, run_after=2023-05-05T15:08:59.340786+00:00
[2023-05-05T15:08:59.374+0000] {processor.py:178} INFO - Processing /home/airflow/.local/lib/python3.7/site-packages/airflow/example_dags/example_short_circuit_operator.py took 0.107 seconds
[2023-05-05T15:09:29.744+0000] {processor.py:156} INFO - Started process (PID=765) to work on /home/airflow/.local/lib/python3.7/site-packages/airflow/example_dags/example_short_circuit_operator.py
[2023-05-05T15:09:29.744+0000] {processor.py:799} INFO - Processing file /home/airflow/.local/lib/python3.7/site-packages/airflow/example_dags/example_short_circuit_operator.py for tasks to queue
[2023-05-05T15:09:29.745+0000] {logging_mixin.py:149} INFO - [2023-05-05T15:09:29.745+0000] {dagbag.py:541} INFO - Filling up the DagBag from /home/airflow/.local/lib/python3.7/site-packages/airflow/example_dags/example_short_circuit_operator.py
[2023-05-05T15:09:29.753+0000] {processor.py:809} INFO - DAG(s) dict_keys(['example_short_circuit_operator']) retrieved from /home/airflow/.local/lib/python3.7/site-packages/airflow/example_dags/example_short_circuit_operator.py
[2023-05-05T15:09:29.777+0000] {logging_mixin.py:149} INFO - [2023-05-05T15:09:29.777+0000] {dag.py:2726} INFO - Sync 1 DAGs
[2023-05-05T15:09:29.801+0000] {logging_mixin.py:149} INFO - [2023-05-05T15:09:29.801+0000] {dag.py:3490} INFO - Setting next_dagrun for example_short_circuit_operator to 2023-05-04T15:09:29.801050+00:00, run_after=2023-05-05T15:09:29.801050+00:00
[2023-05-05T15:09:29.823+0000] {processor.py:178} INFO - Processing /home/airflow/.local/lib/python3.7/site-packages/airflow/example_dags/example_short_circuit_operator.py took 0.082 seconds
[2023-05-05T15:09:59.943+0000] {processor.py:156} INFO - Started process (PID=825) to work on /home/airflow/.local/lib/python3.7/site-packages/airflow/example_dags/example_short_circuit_operator.py
[2023-05-05T15:09:59.944+0000] {processor.py:799} INFO - Processing file /home/airflow/.local/lib/python3.7/site-packages/airflow/example_dags/example_short_circuit_operator.py for tasks to queue
[2023-05-05T15:09:59.944+0000] {logging_mixin.py:149} INFO - [2023-05-05T15:09:59.944+0000] {dagbag.py:541} INFO - Filling up the DagBag from /home/airflow/.local/lib/python3.7/site-packages/airflow/example_dags/example_short_circuit_operator.py
[2023-05-05T15:09:59.952+0000] {processor.py:809} INFO - DAG(s) dict_keys(['example_short_circuit_operator']) retrieved from /home/airflow/.local/lib/python3.7/site-packages/airflow/example_dags/example_short_circuit_operator.py
[2023-05-05T15:09:59.979+0000] {logging_mixin.py:149} INFO - [2023-05-05T15:09:59.978+0000] {dag.py:2726} INFO - Sync 1 DAGs
[2023-05-05T15:10:00.005+0000] {logging_mixin.py:149} INFO - [2023-05-05T15:10:00.005+0000] {dag.py:3490} INFO - Setting next_dagrun for example_short_circuit_operator to 2023-05-04T15:10:00.005448+00:00, run_after=2023-05-05T15:10:00.005448+00:00
[2023-05-05T15:10:00.032+0000] {processor.py:178} INFO - Processing /home/airflow/.local/lib/python3.7/site-packages/airflow/example_dags/example_short_circuit_operator.py took 0.091 seconds
[2023-05-05T15:10:30.096+0000] {processor.py:156} INFO - Started process (PID=885) to work on /home/airflow/.local/lib/python3.7/site-packages/airflow/example_dags/example_short_circuit_operator.py
[2023-05-05T15:10:30.097+0000] {processor.py:799} INFO - Processing file /home/airflow/.local/lib/python3.7/site-packages/airflow/example_dags/example_short_circuit_operator.py for tasks to queue
[2023-05-05T15:10:30.098+0000] {logging_mixin.py:149} INFO - [2023-05-05T15:10:30.098+0000] {dagbag.py:541} INFO - Filling up the DagBag from /home/airflow/.local/lib/python3.7/site-packages/airflow/example_dags/example_short_circuit_operator.py
[2023-05-05T15:10:30.107+0000] {processor.py:809} INFO - DAG(s) dict_keys(['example_short_circuit_operator']) retrieved from /home/airflow/.local/lib/python3.7/site-packages/airflow/example_dags/example_short_circuit_operator.py
[2023-05-05T15:10:30.134+0000] {logging_mixin.py:149} INFO - [2023-05-05T15:10:30.134+0000] {dag.py:2726} INFO - Sync 1 DAGs
[2023-05-05T15:10:30.161+0000] {logging_mixin.py:149} INFO - [2023-05-05T15:10:30.161+0000] {dag.py:3490} INFO - Setting next_dagrun for example_short_circuit_operator to 2023-05-04T15:10:30.161564+00:00, run_after=2023-05-05T15:10:30.161564+00:00
[2023-05-05T15:10:30.182+0000] {processor.py:178} INFO - Processing /home/airflow/.local/lib/python3.7/site-packages/airflow/example_dags/example_short_circuit_operator.py took 0.090 seconds
[2023-05-05T15:11:00.484+0000] {processor.py:156} INFO - Started process (PID=945) to work on /home/airflow/.local/lib/python3.7/site-packages/airflow/example_dags/example_short_circuit_operator.py
[2023-05-05T15:11:00.485+0000] {processor.py:799} INFO - Processing file /home/airflow/.local/lib/python3.7/site-packages/airflow/example_dags/example_short_circuit_operator.py for tasks to queue
[2023-05-05T15:11:00.486+0000] {logging_mixin.py:149} INFO - [2023-05-05T15:11:00.486+0000] {dagbag.py:541} INFO - Filling up the DagBag from /home/airflow/.local/lib/python3.7/site-packages/airflow/example_dags/example_short_circuit_operator.py
[2023-05-05T15:11:00.496+0000] {processor.py:809} INFO - DAG(s) dict_keys(['example_short_circuit_operator']) retrieved from /home/airflow/.local/lib/python3.7/site-packages/airflow/example_dags/example_short_circuit_operator.py
[2023-05-05T15:11:00.523+0000] {logging_mixin.py:149} INFO - [2023-05-05T15:11:00.522+0000] {dag.py:2726} INFO - Sync 1 DAGs
[2023-05-05T15:11:00.549+0000] {logging_mixin.py:149} INFO - [2023-05-05T15:11:00.549+0000] {dag.py:3490} INFO - Setting next_dagrun for example_short_circuit_operator to 2023-05-04T15:11:00.549472+00:00, run_after=2023-05-05T15:11:00.549472+00:00
[2023-05-05T15:11:00.575+0000] {processor.py:178} INFO - Processing /home/airflow/.local/lib/python3.7/site-packages/airflow/example_dags/example_short_circuit_operator.py took 0.095 seconds
[2023-05-05T15:11:31.017+0000] {processor.py:156} INFO - Started process (PID=1005) to work on /home/airflow/.local/lib/python3.7/site-packages/airflow/example_dags/example_short_circuit_operator.py
[2023-05-05T15:11:31.019+0000] {processor.py:799} INFO - Processing file /home/airflow/.local/lib/python3.7/site-packages/airflow/example_dags/example_short_circuit_operator.py for tasks to queue
[2023-05-05T15:11:31.020+0000] {logging_mixin.py:149} INFO - [2023-05-05T15:11:31.020+0000] {dagbag.py:541} INFO - Filling up the DagBag from /home/airflow/.local/lib/python3.7/site-packages/airflow/example_dags/example_short_circuit_operator.py
[2023-05-05T15:11:31.039+0000] {processor.py:809} INFO - DAG(s) dict_keys(['example_short_circuit_operator']) retrieved from /home/airflow/.local/lib/python3.7/site-packages/airflow/example_dags/example_short_circuit_operator.py
[2023-05-05T15:11:31.101+0000] {logging_mixin.py:149} INFO - [2023-05-05T15:11:31.101+0000] {dag.py:2726} INFO - Sync 1 DAGs
[2023-05-05T15:11:31.134+0000] {logging_mixin.py:149} INFO - [2023-05-05T15:11:31.134+0000] {dag.py:3490} INFO - Setting next_dagrun for example_short_circuit_operator to 2023-05-04T15:11:31.134546+00:00, run_after=2023-05-05T15:11:31.134546+00:00
[2023-05-05T15:11:31.163+0000] {processor.py:178} INFO - Processing /home/airflow/.local/lib/python3.7/site-packages/airflow/example_dags/example_short_circuit_operator.py took 0.153 seconds
[2023-05-05T15:12:01.994+0000] {processor.py:156} INFO - Started process (PID=1065) to work on /home/airflow/.local/lib/python3.7/site-packages/airflow/example_dags/example_short_circuit_operator.py
[2023-05-05T15:12:01.994+0000] {processor.py:799} INFO - Processing file /home/airflow/.local/lib/python3.7/site-packages/airflow/example_dags/example_short_circuit_operator.py for tasks to queue
[2023-05-05T15:12:01.995+0000] {logging_mixin.py:149} INFO - [2023-05-05T15:12:01.995+0000] {dagbag.py:541} INFO - Filling up the DagBag from /home/airflow/.local/lib/python3.7/site-packages/airflow/example_dags/example_short_circuit_operator.py
[2023-05-05T15:12:02.003+0000] {processor.py:809} INFO - DAG(s) dict_keys(['example_short_circuit_operator']) retrieved from /home/airflow/.local/lib/python3.7/site-packages/airflow/example_dags/example_short_circuit_operator.py
[2023-05-05T15:12:02.031+0000] {logging_mixin.py:149} INFO - [2023-05-05T15:12:02.031+0000] {dag.py:2726} INFO - Sync 1 DAGs
[2023-05-05T15:12:02.062+0000] {logging_mixin.py:149} INFO - [2023-05-05T15:12:02.062+0000] {dag.py:3490} INFO - Setting next_dagrun for example_short_circuit_operator to 2023-05-04T15:12:02.062144+00:00, run_after=2023-05-05T15:12:02.062144+00:00
[2023-05-05T15:12:02.088+0000] {processor.py:178} INFO - Processing /home/airflow/.local/lib/python3.7/site-packages/airflow/example_dags/example_short_circuit_operator.py took 0.098 seconds
[2023-05-05T15:33:42.353+0000] {processor.py:156} INFO - Started process (PID=44) to work on /home/airflow/.local/lib/python3.7/site-packages/airflow/example_dags/example_short_circuit_operator.py
[2023-05-05T15:33:42.354+0000] {processor.py:799} INFO - Processing file /home/airflow/.local/lib/python3.7/site-packages/airflow/example_dags/example_short_circuit_operator.py for tasks to queue
[2023-05-05T15:33:42.356+0000] {logging_mixin.py:149} INFO - [2023-05-05T15:33:42.355+0000] {dagbag.py:541} INFO - Filling up the DagBag from /home/airflow/.local/lib/python3.7/site-packages/airflow/example_dags/example_short_circuit_operator.py
[2023-05-05T15:33:42.366+0000] {processor.py:809} INFO - DAG(s) dict_keys(['example_short_circuit_operator']) retrieved from /home/airflow/.local/lib/python3.7/site-packages/airflow/example_dags/example_short_circuit_operator.py
[2023-05-05T15:33:42.422+0000] {logging_mixin.py:149} INFO - [2023-05-05T15:33:42.422+0000] {dag.py:2726} INFO - Sync 1 DAGs
[2023-05-05T15:33:42.482+0000] {logging_mixin.py:149} INFO - [2023-05-05T15:33:42.482+0000] {dag.py:3490} INFO - Setting next_dagrun for example_short_circuit_operator to 2023-05-04T15:33:42.481894+00:00, run_after=2023-05-05T15:33:42.481894+00:00
[2023-05-05T15:33:42.556+0000] {processor.py:178} INFO - Processing /home/airflow/.local/lib/python3.7/site-packages/airflow/example_dags/example_short_circuit_operator.py took 0.208 seconds
