[2023-05-05T15:03:28.435+0000] {processor.py:156} INFO - Started process (PID=69) to work on /home/airflow/.local/lib/python3.7/site-packages/airflow/example_dags/example_branch_python_dop_operator_3.py
[2023-05-05T15:03:28.436+0000] {processor.py:799} INFO - Processing file /home/airflow/.local/lib/python3.7/site-packages/airflow/example_dags/example_branch_python_dop_operator_3.py for tasks to queue
[2023-05-05T15:03:28.437+0000] {logging_mixin.py:149} INFO - [2023-05-05T15:03:28.436+0000] {dagbag.py:541} INFO - Filling up the DagBag from /home/airflow/.local/lib/python3.7/site-packages/airflow/example_dags/example_branch_python_dop_operator_3.py
[2023-05-05T15:03:28.444+0000] {processor.py:809} INFO - DAG(s) dict_keys(['example_branch_dop_operator_v3']) retrieved from /home/airflow/.local/lib/python3.7/site-packages/airflow/example_dags/example_branch_python_dop_operator_3.py
[2023-05-05T15:03:28.572+0000] {logging_mixin.py:149} INFO - [2023-05-05T15:03:28.572+0000] {manager.py:504} INFO - Created Permission View: can read on DAG:example_branch_dop_operator_v3
[2023-05-05T15:03:28.582+0000] {logging_mixin.py:149} INFO - [2023-05-05T15:03:28.582+0000] {manager.py:504} INFO - Created Permission View: can edit on DAG:example_branch_dop_operator_v3
[2023-05-05T15:03:28.589+0000] {logging_mixin.py:149} INFO - [2023-05-05T15:03:28.589+0000] {manager.py:504} INFO - Created Permission View: can delete on DAG:example_branch_dop_operator_v3
[2023-05-05T15:03:28.589+0000] {logging_mixin.py:149} INFO - [2023-05-05T15:03:28.589+0000] {dag.py:2726} INFO - Sync 1 DAGs
[2023-05-05T15:03:28.603+0000] {logging_mixin.py:149} INFO - [2023-05-05T15:03:28.603+0000] {dag.py:2747} INFO - Creating ORM DAG for example_branch_dop_operator_v3
[2023-05-05T15:03:28.620+0000] {logging_mixin.py:149} INFO - [2023-05-05T15:03:28.619+0000] {dag.py:3490} INFO - Setting next_dagrun for example_branch_dop_operator_v3 to 2023-05-05T15:02:00+00:00, run_after=2023-05-05T15:03:00+00:00
[2023-05-05T15:03:28.655+0000] {processor.py:178} INFO - Processing /home/airflow/.local/lib/python3.7/site-packages/airflow/example_dags/example_branch_python_dop_operator_3.py took 0.222 seconds
[2023-05-05T15:03:59.624+0000] {processor.py:156} INFO - Started process (PID=129) to work on /home/airflow/.local/lib/python3.7/site-packages/airflow/example_dags/example_branch_python_dop_operator_3.py
[2023-05-05T15:03:59.629+0000] {processor.py:799} INFO - Processing file /home/airflow/.local/lib/python3.7/site-packages/airflow/example_dags/example_branch_python_dop_operator_3.py for tasks to queue
[2023-05-05T15:03:59.629+0000] {logging_mixin.py:149} INFO - [2023-05-05T15:03:59.629+0000] {dagbag.py:541} INFO - Filling up the DagBag from /home/airflow/.local/lib/python3.7/site-packages/airflow/example_dags/example_branch_python_dop_operator_3.py
[2023-05-05T15:03:59.637+0000] {processor.py:809} INFO - DAG(s) dict_keys(['example_branch_dop_operator_v3']) retrieved from /home/airflow/.local/lib/python3.7/site-packages/airflow/example_dags/example_branch_python_dop_operator_3.py
[2023-05-05T15:03:59.660+0000] {logging_mixin.py:149} INFO - [2023-05-05T15:03:59.660+0000] {dag.py:2726} INFO - Sync 1 DAGs
[2023-05-05T15:03:59.689+0000] {logging_mixin.py:149} INFO - [2023-05-05T15:03:59.689+0000] {dag.py:3490} INFO - Setting next_dagrun for example_branch_dop_operator_v3 to 2023-05-05T15:02:00+00:00, run_after=2023-05-05T15:03:00+00:00
[2023-05-05T15:03:59.706+0000] {processor.py:178} INFO - Processing /home/airflow/.local/lib/python3.7/site-packages/airflow/example_dags/example_branch_python_dop_operator_3.py took 0.085 seconds
[2023-05-05T15:04:29.823+0000] {processor.py:156} INFO - Started process (PID=189) to work on /home/airflow/.local/lib/python3.7/site-packages/airflow/example_dags/example_branch_python_dop_operator_3.py
[2023-05-05T15:04:29.824+0000] {processor.py:799} INFO - Processing file /home/airflow/.local/lib/python3.7/site-packages/airflow/example_dags/example_branch_python_dop_operator_3.py for tasks to queue
[2023-05-05T15:04:29.824+0000] {logging_mixin.py:149} INFO - [2023-05-05T15:04:29.824+0000] {dagbag.py:541} INFO - Filling up the DagBag from /home/airflow/.local/lib/python3.7/site-packages/airflow/example_dags/example_branch_python_dop_operator_3.py
[2023-05-05T15:04:29.831+0000] {processor.py:809} INFO - DAG(s) dict_keys(['example_branch_dop_operator_v3']) retrieved from /home/airflow/.local/lib/python3.7/site-packages/airflow/example_dags/example_branch_python_dop_operator_3.py
[2023-05-05T15:04:29.854+0000] {logging_mixin.py:149} INFO - [2023-05-05T15:04:29.854+0000] {dag.py:2726} INFO - Sync 1 DAGs
[2023-05-05T15:04:29.893+0000] {logging_mixin.py:149} INFO - [2023-05-05T15:04:29.893+0000] {dag.py:3490} INFO - Setting next_dagrun for example_branch_dop_operator_v3 to 2023-05-05T15:03:00+00:00, run_after=2023-05-05T15:04:00+00:00
[2023-05-05T15:04:29.918+0000] {processor.py:178} INFO - Processing /home/airflow/.local/lib/python3.7/site-packages/airflow/example_dags/example_branch_python_dop_operator_3.py took 0.098 seconds
[2023-05-05T15:05:00.785+0000] {processor.py:156} INFO - Started process (PID=249) to work on /home/airflow/.local/lib/python3.7/site-packages/airflow/example_dags/example_branch_python_dop_operator_3.py
[2023-05-05T15:05:00.785+0000] {processor.py:799} INFO - Processing file /home/airflow/.local/lib/python3.7/site-packages/airflow/example_dags/example_branch_python_dop_operator_3.py for tasks to queue
[2023-05-05T15:05:00.786+0000] {logging_mixin.py:149} INFO - [2023-05-05T15:05:00.786+0000] {dagbag.py:541} INFO - Filling up the DagBag from /home/airflow/.local/lib/python3.7/site-packages/airflow/example_dags/example_branch_python_dop_operator_3.py
[2023-05-05T15:05:00.792+0000] {processor.py:809} INFO - DAG(s) dict_keys(['example_branch_dop_operator_v3']) retrieved from /home/airflow/.local/lib/python3.7/site-packages/airflow/example_dags/example_branch_python_dop_operator_3.py
[2023-05-05T15:05:00.812+0000] {logging_mixin.py:149} INFO - [2023-05-05T15:05:00.812+0000] {dag.py:2726} INFO - Sync 1 DAGs
[2023-05-05T15:05:00.841+0000] {logging_mixin.py:149} INFO - [2023-05-05T15:05:00.841+0000] {dag.py:3490} INFO - Setting next_dagrun for example_branch_dop_operator_v3 to 2023-05-05T15:04:00+00:00, run_after=2023-05-05T15:05:00+00:00
[2023-05-05T15:05:00.859+0000] {processor.py:178} INFO - Processing /home/airflow/.local/lib/python3.7/site-packages/airflow/example_dags/example_branch_python_dop_operator_3.py took 0.077 seconds
[2023-05-05T15:05:30.992+0000] {processor.py:156} INFO - Started process (PID=309) to work on /home/airflow/.local/lib/python3.7/site-packages/airflow/example_dags/example_branch_python_dop_operator_3.py
[2023-05-05T15:05:30.994+0000] {processor.py:799} INFO - Processing file /home/airflow/.local/lib/python3.7/site-packages/airflow/example_dags/example_branch_python_dop_operator_3.py for tasks to queue
[2023-05-05T15:05:30.994+0000] {logging_mixin.py:149} INFO - [2023-05-05T15:05:30.994+0000] {dagbag.py:541} INFO - Filling up the DagBag from /home/airflow/.local/lib/python3.7/site-packages/airflow/example_dags/example_branch_python_dop_operator_3.py
[2023-05-05T15:05:31.001+0000] {processor.py:809} INFO - DAG(s) dict_keys(['example_branch_dop_operator_v3']) retrieved from /home/airflow/.local/lib/python3.7/site-packages/airflow/example_dags/example_branch_python_dop_operator_3.py
[2023-05-05T15:05:31.023+0000] {logging_mixin.py:149} INFO - [2023-05-05T15:05:31.022+0000] {dag.py:2726} INFO - Sync 1 DAGs
[2023-05-05T15:05:31.050+0000] {logging_mixin.py:149} INFO - [2023-05-05T15:05:31.050+0000] {dag.py:3490} INFO - Setting next_dagrun for example_branch_dop_operator_v3 to 2023-05-05T15:04:00+00:00, run_after=2023-05-05T15:05:00+00:00
[2023-05-05T15:05:31.071+0000] {processor.py:178} INFO - Processing /home/airflow/.local/lib/python3.7/site-packages/airflow/example_dags/example_branch_python_dop_operator_3.py took 0.082 seconds
[2023-05-05T15:06:02.020+0000] {processor.py:156} INFO - Started process (PID=369) to work on /home/airflow/.local/lib/python3.7/site-packages/airflow/example_dags/example_branch_python_dop_operator_3.py
[2023-05-05T15:06:02.021+0000] {processor.py:799} INFO - Processing file /home/airflow/.local/lib/python3.7/site-packages/airflow/example_dags/example_branch_python_dop_operator_3.py for tasks to queue
[2023-05-05T15:06:02.022+0000] {logging_mixin.py:149} INFO - [2023-05-05T15:06:02.022+0000] {dagbag.py:541} INFO - Filling up the DagBag from /home/airflow/.local/lib/python3.7/site-packages/airflow/example_dags/example_branch_python_dop_operator_3.py
[2023-05-05T15:06:02.029+0000] {processor.py:809} INFO - DAG(s) dict_keys(['example_branch_dop_operator_v3']) retrieved from /home/airflow/.local/lib/python3.7/site-packages/airflow/example_dags/example_branch_python_dop_operator_3.py
[2023-05-05T15:06:02.052+0000] {logging_mixin.py:149} INFO - [2023-05-05T15:06:02.052+0000] {dag.py:2726} INFO - Sync 1 DAGs
[2023-05-05T15:06:02.081+0000] {logging_mixin.py:149} INFO - [2023-05-05T15:06:02.081+0000] {dag.py:3490} INFO - Setting next_dagrun for example_branch_dop_operator_v3 to 2023-05-05T15:05:00+00:00, run_after=2023-05-05T15:06:00+00:00
[2023-05-05T15:06:02.103+0000] {processor.py:178} INFO - Processing /home/airflow/.local/lib/python3.7/site-packages/airflow/example_dags/example_branch_python_dop_operator_3.py took 0.085 seconds
[2023-05-05T15:06:32.678+0000] {processor.py:156} INFO - Started process (PID=429) to work on /home/airflow/.local/lib/python3.7/site-packages/airflow/example_dags/example_branch_python_dop_operator_3.py
[2023-05-05T15:06:32.679+0000] {processor.py:799} INFO - Processing file /home/airflow/.local/lib/python3.7/site-packages/airflow/example_dags/example_branch_python_dop_operator_3.py for tasks to queue
[2023-05-05T15:06:32.680+0000] {logging_mixin.py:149} INFO - [2023-05-05T15:06:32.679+0000] {dagbag.py:541} INFO - Filling up the DagBag from /home/airflow/.local/lib/python3.7/site-packages/airflow/example_dags/example_branch_python_dop_operator_3.py
[2023-05-05T15:06:32.686+0000] {processor.py:809} INFO - DAG(s) dict_keys(['example_branch_dop_operator_v3']) retrieved from /home/airflow/.local/lib/python3.7/site-packages/airflow/example_dags/example_branch_python_dop_operator_3.py
[2023-05-05T15:06:32.709+0000] {logging_mixin.py:149} INFO - [2023-05-05T15:06:32.709+0000] {dag.py:2726} INFO - Sync 1 DAGs
[2023-05-05T15:06:32.737+0000] {logging_mixin.py:149} INFO - [2023-05-05T15:06:32.737+0000] {dag.py:3490} INFO - Setting next_dagrun for example_branch_dop_operator_v3 to 2023-05-05T15:05:00+00:00, run_after=2023-05-05T15:06:00+00:00
[2023-05-05T15:06:32.754+0000] {processor.py:178} INFO - Processing /home/airflow/.local/lib/python3.7/site-packages/airflow/example_dags/example_branch_python_dop_operator_3.py took 0.079 seconds
[2023-05-05T15:07:02.795+0000] {processor.py:156} INFO - Started process (PID=488) to work on /home/airflow/.local/lib/python3.7/site-packages/airflow/example_dags/example_branch_python_dop_operator_3.py
[2023-05-05T15:07:02.796+0000] {processor.py:799} INFO - Processing file /home/airflow/.local/lib/python3.7/site-packages/airflow/example_dags/example_branch_python_dop_operator_3.py for tasks to queue
[2023-05-05T15:07:02.797+0000] {logging_mixin.py:149} INFO - [2023-05-05T15:07:02.797+0000] {dagbag.py:541} INFO - Filling up the DagBag from /home/airflow/.local/lib/python3.7/site-packages/airflow/example_dags/example_branch_python_dop_operator_3.py
[2023-05-05T15:07:02.804+0000] {processor.py:809} INFO - DAG(s) dict_keys(['example_branch_dop_operator_v3']) retrieved from /home/airflow/.local/lib/python3.7/site-packages/airflow/example_dags/example_branch_python_dop_operator_3.py
[2023-05-05T15:07:02.825+0000] {logging_mixin.py:149} INFO - [2023-05-05T15:07:02.825+0000] {dag.py:2726} INFO - Sync 1 DAGs
[2023-05-05T15:07:02.852+0000] {logging_mixin.py:149} INFO - [2023-05-05T15:07:02.852+0000] {dag.py:3490} INFO - Setting next_dagrun for example_branch_dop_operator_v3 to 2023-05-05T15:06:00+00:00, run_after=2023-05-05T15:07:00+00:00
[2023-05-05T15:07:02.883+0000] {processor.py:178} INFO - Processing /home/airflow/.local/lib/python3.7/site-packages/airflow/example_dags/example_branch_python_dop_operator_3.py took 0.090 seconds
[2023-05-05T15:07:33.891+0000] {processor.py:156} INFO - Started process (PID=549) to work on /home/airflow/.local/lib/python3.7/site-packages/airflow/example_dags/example_branch_python_dop_operator_3.py
[2023-05-05T15:07:33.891+0000] {processor.py:799} INFO - Processing file /home/airflow/.local/lib/python3.7/site-packages/airflow/example_dags/example_branch_python_dop_operator_3.py for tasks to queue
[2023-05-05T15:07:33.892+0000] {logging_mixin.py:149} INFO - [2023-05-05T15:07:33.892+0000] {dagbag.py:541} INFO - Filling up the DagBag from /home/airflow/.local/lib/python3.7/site-packages/airflow/example_dags/example_branch_python_dop_operator_3.py
[2023-05-05T15:07:33.898+0000] {processor.py:809} INFO - DAG(s) dict_keys(['example_branch_dop_operator_v3']) retrieved from /home/airflow/.local/lib/python3.7/site-packages/airflow/example_dags/example_branch_python_dop_operator_3.py
[2023-05-05T15:07:33.920+0000] {logging_mixin.py:149} INFO - [2023-05-05T15:07:33.920+0000] {dag.py:2726} INFO - Sync 1 DAGs
[2023-05-05T15:07:33.948+0000] {logging_mixin.py:149} INFO - [2023-05-05T15:07:33.948+0000] {dag.py:3490} INFO - Setting next_dagrun for example_branch_dop_operator_v3 to 2023-05-05T15:06:00+00:00, run_after=2023-05-05T15:07:00+00:00
[2023-05-05T15:07:33.970+0000] {processor.py:178} INFO - Processing /home/airflow/.local/lib/python3.7/site-packages/airflow/example_dags/example_branch_python_dop_operator_3.py took 0.082 seconds
[2023-05-05T15:08:05.053+0000] {processor.py:156} INFO - Started process (PID=609) to work on /home/airflow/.local/lib/python3.7/site-packages/airflow/example_dags/example_branch_python_dop_operator_3.py
[2023-05-05T15:08:05.054+0000] {processor.py:799} INFO - Processing file /home/airflow/.local/lib/python3.7/site-packages/airflow/example_dags/example_branch_python_dop_operator_3.py for tasks to queue
[2023-05-05T15:08:05.054+0000] {logging_mixin.py:149} INFO - [2023-05-05T15:08:05.054+0000] {dagbag.py:541} INFO - Filling up the DagBag from /home/airflow/.local/lib/python3.7/site-packages/airflow/example_dags/example_branch_python_dop_operator_3.py
[2023-05-05T15:08:05.060+0000] {processor.py:809} INFO - DAG(s) dict_keys(['example_branch_dop_operator_v3']) retrieved from /home/airflow/.local/lib/python3.7/site-packages/airflow/example_dags/example_branch_python_dop_operator_3.py
[2023-05-05T15:08:05.081+0000] {logging_mixin.py:149} INFO - [2023-05-05T15:08:05.081+0000] {dag.py:2726} INFO - Sync 1 DAGs
[2023-05-05T15:08:05.108+0000] {logging_mixin.py:149} INFO - [2023-05-05T15:08:05.108+0000] {dag.py:3490} INFO - Setting next_dagrun for example_branch_dop_operator_v3 to 2023-05-05T15:07:00+00:00, run_after=2023-05-05T15:08:00+00:00
[2023-05-05T15:08:05.126+0000] {processor.py:178} INFO - Processing /home/airflow/.local/lib/python3.7/site-packages/airflow/example_dags/example_branch_python_dop_operator_3.py took 0.076 seconds
[2023-05-05T15:08:35.861+0000] {processor.py:156} INFO - Started process (PID=669) to work on /home/airflow/.local/lib/python3.7/site-packages/airflow/example_dags/example_branch_python_dop_operator_3.py
[2023-05-05T15:08:35.862+0000] {processor.py:799} INFO - Processing file /home/airflow/.local/lib/python3.7/site-packages/airflow/example_dags/example_branch_python_dop_operator_3.py for tasks to queue
[2023-05-05T15:08:35.863+0000] {logging_mixin.py:149} INFO - [2023-05-05T15:08:35.863+0000] {dagbag.py:541} INFO - Filling up the DagBag from /home/airflow/.local/lib/python3.7/site-packages/airflow/example_dags/example_branch_python_dop_operator_3.py
[2023-05-05T15:08:35.873+0000] {processor.py:809} INFO - DAG(s) dict_keys(['example_branch_dop_operator_v3']) retrieved from /home/airflow/.local/lib/python3.7/site-packages/airflow/example_dags/example_branch_python_dop_operator_3.py
[2023-05-05T15:08:35.905+0000] {logging_mixin.py:149} INFO - [2023-05-05T15:08:35.905+0000] {dag.py:2726} INFO - Sync 1 DAGs
[2023-05-05T15:08:35.941+0000] {logging_mixin.py:149} INFO - [2023-05-05T15:08:35.941+0000] {dag.py:3490} INFO - Setting next_dagrun for example_branch_dop_operator_v3 to 2023-05-05T15:07:00+00:00, run_after=2023-05-05T15:08:00+00:00
[2023-05-05T15:08:35.965+0000] {processor.py:178} INFO - Processing /home/airflow/.local/lib/python3.7/site-packages/airflow/example_dags/example_branch_python_dop_operator_3.py took 0.108 seconds
[2023-05-05T15:09:06.310+0000] {processor.py:156} INFO - Started process (PID=729) to work on /home/airflow/.local/lib/python3.7/site-packages/airflow/example_dags/example_branch_python_dop_operator_3.py
[2023-05-05T15:09:06.311+0000] {processor.py:799} INFO - Processing file /home/airflow/.local/lib/python3.7/site-packages/airflow/example_dags/example_branch_python_dop_operator_3.py for tasks to queue
[2023-05-05T15:09:06.312+0000] {logging_mixin.py:149} INFO - [2023-05-05T15:09:06.312+0000] {dagbag.py:541} INFO - Filling up the DagBag from /home/airflow/.local/lib/python3.7/site-packages/airflow/example_dags/example_branch_python_dop_operator_3.py
[2023-05-05T15:09:06.319+0000] {processor.py:809} INFO - DAG(s) dict_keys(['example_branch_dop_operator_v3']) retrieved from /home/airflow/.local/lib/python3.7/site-packages/airflow/example_dags/example_branch_python_dop_operator_3.py
[2023-05-05T15:09:06.349+0000] {logging_mixin.py:149} INFO - [2023-05-05T15:09:06.349+0000] {dag.py:2726} INFO - Sync 1 DAGs
[2023-05-05T15:09:06.392+0000] {logging_mixin.py:149} INFO - [2023-05-05T15:09:06.391+0000] {dag.py:3490} INFO - Setting next_dagrun for example_branch_dop_operator_v3 to 2023-05-05T15:08:00+00:00, run_after=2023-05-05T15:09:00+00:00
[2023-05-05T15:09:06.422+0000] {processor.py:178} INFO - Processing /home/airflow/.local/lib/python3.7/site-packages/airflow/example_dags/example_branch_python_dop_operator_3.py took 0.115 seconds
[2023-05-05T15:09:36.482+0000] {processor.py:156} INFO - Started process (PID=789) to work on /home/airflow/.local/lib/python3.7/site-packages/airflow/example_dags/example_branch_python_dop_operator_3.py
[2023-05-05T15:09:36.483+0000] {processor.py:799} INFO - Processing file /home/airflow/.local/lib/python3.7/site-packages/airflow/example_dags/example_branch_python_dop_operator_3.py for tasks to queue
[2023-05-05T15:09:36.483+0000] {logging_mixin.py:149} INFO - [2023-05-05T15:09:36.483+0000] {dagbag.py:541} INFO - Filling up the DagBag from /home/airflow/.local/lib/python3.7/site-packages/airflow/example_dags/example_branch_python_dop_operator_3.py
[2023-05-05T15:09:36.492+0000] {processor.py:809} INFO - DAG(s) dict_keys(['example_branch_dop_operator_v3']) retrieved from /home/airflow/.local/lib/python3.7/site-packages/airflow/example_dags/example_branch_python_dop_operator_3.py
[2023-05-05T15:09:36.514+0000] {logging_mixin.py:149} INFO - [2023-05-05T15:09:36.514+0000] {dag.py:2726} INFO - Sync 1 DAGs
[2023-05-05T15:09:36.549+0000] {logging_mixin.py:149} INFO - [2023-05-05T15:09:36.549+0000] {dag.py:3490} INFO - Setting next_dagrun for example_branch_dop_operator_v3 to 2023-05-05T15:08:00+00:00, run_after=2023-05-05T15:09:00+00:00
[2023-05-05T15:09:36.570+0000] {processor.py:178} INFO - Processing /home/airflow/.local/lib/python3.7/site-packages/airflow/example_dags/example_branch_python_dop_operator_3.py took 0.091 seconds
[2023-05-05T15:10:07.638+0000] {processor.py:156} INFO - Started process (PID=849) to work on /home/airflow/.local/lib/python3.7/site-packages/airflow/example_dags/example_branch_python_dop_operator_3.py
[2023-05-05T15:10:07.639+0000] {processor.py:799} INFO - Processing file /home/airflow/.local/lib/python3.7/site-packages/airflow/example_dags/example_branch_python_dop_operator_3.py for tasks to queue
[2023-05-05T15:10:07.639+0000] {logging_mixin.py:149} INFO - [2023-05-05T15:10:07.639+0000] {dagbag.py:541} INFO - Filling up the DagBag from /home/airflow/.local/lib/python3.7/site-packages/airflow/example_dags/example_branch_python_dop_operator_3.py
[2023-05-05T15:10:07.646+0000] {processor.py:809} INFO - DAG(s) dict_keys(['example_branch_dop_operator_v3']) retrieved from /home/airflow/.local/lib/python3.7/site-packages/airflow/example_dags/example_branch_python_dop_operator_3.py
[2023-05-05T15:10:07.669+0000] {logging_mixin.py:149} INFO - [2023-05-05T15:10:07.668+0000] {dag.py:2726} INFO - Sync 1 DAGs
[2023-05-05T15:10:07.699+0000] {logging_mixin.py:149} INFO - [2023-05-05T15:10:07.699+0000] {dag.py:3490} INFO - Setting next_dagrun for example_branch_dop_operator_v3 to 2023-05-05T15:09:00+00:00, run_after=2023-05-05T15:10:00+00:00
[2023-05-05T15:10:07.725+0000] {processor.py:178} INFO - Processing /home/airflow/.local/lib/python3.7/site-packages/airflow/example_dags/example_branch_python_dop_operator_3.py took 0.090 seconds
[2023-05-05T15:10:38.757+0000] {processor.py:156} INFO - Started process (PID=909) to work on /home/airflow/.local/lib/python3.7/site-packages/airflow/example_dags/example_branch_python_dop_operator_3.py
[2023-05-05T15:10:38.757+0000] {processor.py:799} INFO - Processing file /home/airflow/.local/lib/python3.7/site-packages/airflow/example_dags/example_branch_python_dop_operator_3.py for tasks to queue
[2023-05-05T15:10:38.758+0000] {logging_mixin.py:149} INFO - [2023-05-05T15:10:38.758+0000] {dagbag.py:541} INFO - Filling up the DagBag from /home/airflow/.local/lib/python3.7/site-packages/airflow/example_dags/example_branch_python_dop_operator_3.py
[2023-05-05T15:10:38.764+0000] {processor.py:809} INFO - DAG(s) dict_keys(['example_branch_dop_operator_v3']) retrieved from /home/airflow/.local/lib/python3.7/site-packages/airflow/example_dags/example_branch_python_dop_operator_3.py
[2023-05-05T15:10:38.784+0000] {logging_mixin.py:149} INFO - [2023-05-05T15:10:38.784+0000] {dag.py:2726} INFO - Sync 1 DAGs
[2023-05-05T15:10:38.811+0000] {logging_mixin.py:149} INFO - [2023-05-05T15:10:38.811+0000] {dag.py:3490} INFO - Setting next_dagrun for example_branch_dop_operator_v3 to 2023-05-05T15:09:00+00:00, run_after=2023-05-05T15:10:00+00:00
[2023-05-05T15:10:38.837+0000] {processor.py:178} INFO - Processing /home/airflow/.local/lib/python3.7/site-packages/airflow/example_dags/example_branch_python_dop_operator_3.py took 0.082 seconds
[2023-05-05T15:11:09.100+0000] {processor.py:156} INFO - Started process (PID=969) to work on /home/airflow/.local/lib/python3.7/site-packages/airflow/example_dags/example_branch_python_dop_operator_3.py
[2023-05-05T15:11:09.101+0000] {processor.py:799} INFO - Processing file /home/airflow/.local/lib/python3.7/site-packages/airflow/example_dags/example_branch_python_dop_operator_3.py for tasks to queue
[2023-05-05T15:11:09.102+0000] {logging_mixin.py:149} INFO - [2023-05-05T15:11:09.102+0000] {dagbag.py:541} INFO - Filling up the DagBag from /home/airflow/.local/lib/python3.7/site-packages/airflow/example_dags/example_branch_python_dop_operator_3.py
[2023-05-05T15:11:09.110+0000] {processor.py:809} INFO - DAG(s) dict_keys(['example_branch_dop_operator_v3']) retrieved from /home/airflow/.local/lib/python3.7/site-packages/airflow/example_dags/example_branch_python_dop_operator_3.py
[2023-05-05T15:11:09.133+0000] {logging_mixin.py:149} INFO - [2023-05-05T15:11:09.133+0000] {dag.py:2726} INFO - Sync 1 DAGs
[2023-05-05T15:11:09.167+0000] {logging_mixin.py:149} INFO - [2023-05-05T15:11:09.167+0000] {dag.py:3490} INFO - Setting next_dagrun for example_branch_dop_operator_v3 to 2023-05-05T15:10:00+00:00, run_after=2023-05-05T15:11:00+00:00
[2023-05-05T15:11:09.192+0000] {processor.py:178} INFO - Processing /home/airflow/.local/lib/python3.7/site-packages/airflow/example_dags/example_branch_python_dop_operator_3.py took 0.094 seconds
[2023-05-05T15:11:39.737+0000] {processor.py:156} INFO - Started process (PID=1029) to work on /home/airflow/.local/lib/python3.7/site-packages/airflow/example_dags/example_branch_python_dop_operator_3.py
[2023-05-05T15:11:39.738+0000] {processor.py:799} INFO - Processing file /home/airflow/.local/lib/python3.7/site-packages/airflow/example_dags/example_branch_python_dop_operator_3.py for tasks to queue
[2023-05-05T15:11:39.739+0000] {logging_mixin.py:149} INFO - [2023-05-05T15:11:39.739+0000] {dagbag.py:541} INFO - Filling up the DagBag from /home/airflow/.local/lib/python3.7/site-packages/airflow/example_dags/example_branch_python_dop_operator_3.py
[2023-05-05T15:11:39.745+0000] {processor.py:809} INFO - DAG(s) dict_keys(['example_branch_dop_operator_v3']) retrieved from /home/airflow/.local/lib/python3.7/site-packages/airflow/example_dags/example_branch_python_dop_operator_3.py
[2023-05-05T15:11:39.766+0000] {logging_mixin.py:149} INFO - [2023-05-05T15:11:39.766+0000] {dag.py:2726} INFO - Sync 1 DAGs
[2023-05-05T15:11:39.794+0000] {logging_mixin.py:149} INFO - [2023-05-05T15:11:39.794+0000] {dag.py:3490} INFO - Setting next_dagrun for example_branch_dop_operator_v3 to 2023-05-05T15:10:00+00:00, run_after=2023-05-05T15:11:00+00:00
[2023-05-05T15:11:39.819+0000] {processor.py:178} INFO - Processing /home/airflow/.local/lib/python3.7/site-packages/airflow/example_dags/example_branch_python_dop_operator_3.py took 0.084 seconds
[2023-05-05T15:12:10.740+0000] {processor.py:156} INFO - Started process (PID=1089) to work on /home/airflow/.local/lib/python3.7/site-packages/airflow/example_dags/example_branch_python_dop_operator_3.py
[2023-05-05T15:12:10.741+0000] {processor.py:799} INFO - Processing file /home/airflow/.local/lib/python3.7/site-packages/airflow/example_dags/example_branch_python_dop_operator_3.py for tasks to queue
[2023-05-05T15:12:10.742+0000] {logging_mixin.py:149} INFO - [2023-05-05T15:12:10.741+0000] {dagbag.py:541} INFO - Filling up the DagBag from /home/airflow/.local/lib/python3.7/site-packages/airflow/example_dags/example_branch_python_dop_operator_3.py
[2023-05-05T15:12:10.747+0000] {processor.py:809} INFO - DAG(s) dict_keys(['example_branch_dop_operator_v3']) retrieved from /home/airflow/.local/lib/python3.7/site-packages/airflow/example_dags/example_branch_python_dop_operator_3.py
[2023-05-05T15:12:10.767+0000] {logging_mixin.py:149} INFO - [2023-05-05T15:12:10.767+0000] {dag.py:2726} INFO - Sync 1 DAGs
[2023-05-05T15:12:10.800+0000] {logging_mixin.py:149} INFO - [2023-05-05T15:12:10.800+0000] {dag.py:3490} INFO - Setting next_dagrun for example_branch_dop_operator_v3 to 2023-05-05T15:11:00+00:00, run_after=2023-05-05T15:12:00+00:00
[2023-05-05T15:12:10.821+0000] {processor.py:178} INFO - Processing /home/airflow/.local/lib/python3.7/site-packages/airflow/example_dags/example_branch_python_dop_operator_3.py took 0.083 seconds
[2023-05-05T15:33:47.143+0000] {processor.py:156} INFO - Started process (PID=68) to work on /home/airflow/.local/lib/python3.7/site-packages/airflow/example_dags/example_branch_python_dop_operator_3.py
[2023-05-05T15:33:47.145+0000] {processor.py:799} INFO - Processing file /home/airflow/.local/lib/python3.7/site-packages/airflow/example_dags/example_branch_python_dop_operator_3.py for tasks to queue
[2023-05-05T15:33:47.146+0000] {logging_mixin.py:149} INFO - [2023-05-05T15:33:47.146+0000] {dagbag.py:541} INFO - Filling up the DagBag from /home/airflow/.local/lib/python3.7/site-packages/airflow/example_dags/example_branch_python_dop_operator_3.py
[2023-05-05T15:33:47.163+0000] {processor.py:809} INFO - DAG(s) dict_keys(['example_branch_dop_operator_v3']) retrieved from /home/airflow/.local/lib/python3.7/site-packages/airflow/example_dags/example_branch_python_dop_operator_3.py
[2023-05-05T15:33:47.205+0000] {logging_mixin.py:149} INFO - [2023-05-05T15:33:47.205+0000] {dag.py:2726} INFO - Sync 1 DAGs
[2023-05-05T15:33:47.288+0000] {logging_mixin.py:149} INFO - [2023-05-05T15:33:47.288+0000] {dag.py:3490} INFO - Setting next_dagrun for example_branch_dop_operator_v3 to 2023-05-05T15:32:00+00:00, run_after=2023-05-05T15:33:00+00:00
[2023-05-05T15:33:47.349+0000] {processor.py:178} INFO - Processing /home/airflow/.local/lib/python3.7/site-packages/airflow/example_dags/example_branch_python_dop_operator_3.py took 0.211 seconds
