[2023-05-05T15:03:26.796+0000] {processor.py:156} INFO - Started process (PID=56) to work on /home/airflow/.local/lib/python3.7/site-packages/airflow/example_dags/example_short_circuit_decorator.py
[2023-05-05T15:03:26.797+0000] {processor.py:799} INFO - Processing file /home/airflow/.local/lib/python3.7/site-packages/airflow/example_dags/example_short_circuit_decorator.py for tasks to queue
[2023-05-05T15:03:26.797+0000] {logging_mixin.py:149} INFO - [2023-05-05T15:03:26.797+0000] {dagbag.py:541} INFO - Filling up the DagBag from /home/airflow/.local/lib/python3.7/site-packages/airflow/example_dags/example_short_circuit_decorator.py
[2023-05-05T15:03:26.808+0000] {processor.py:809} INFO - DAG(s) dict_keys(['example_short_circuit_decorator']) retrieved from /home/airflow/.local/lib/python3.7/site-packages/airflow/example_dags/example_short_circuit_decorator.py
[2023-05-05T15:03:26.932+0000] {logging_mixin.py:149} INFO - [2023-05-05T15:03:26.932+0000] {manager.py:504} INFO - Created Permission View: can read on DAG:example_short_circuit_decorator
[2023-05-05T15:03:26.942+0000] {logging_mixin.py:149} INFO - [2023-05-05T15:03:26.942+0000] {manager.py:504} INFO - Created Permission View: can edit on DAG:example_short_circuit_decorator
[2023-05-05T15:03:26.950+0000] {logging_mixin.py:149} INFO - [2023-05-05T15:03:26.950+0000] {manager.py:504} INFO - Created Permission View: can delete on DAG:example_short_circuit_decorator
[2023-05-05T15:03:26.950+0000] {logging_mixin.py:149} INFO - [2023-05-05T15:03:26.950+0000] {dag.py:2726} INFO - Sync 1 DAGs
[2023-05-05T15:03:26.964+0000] {logging_mixin.py:149} INFO - [2023-05-05T15:03:26.963+0000] {dag.py:2747} INFO - Creating ORM DAG for example_short_circuit_decorator
[2023-05-05T15:03:26.976+0000] {logging_mixin.py:149} INFO - [2023-05-05T15:03:26.976+0000] {dag.py:3490} INFO - Setting next_dagrun for example_short_circuit_decorator to 2023-05-04T15:03:26.976624+00:00, run_after=2023-05-05T15:03:26.976624+00:00
[2023-05-05T15:03:26.996+0000] {processor.py:178} INFO - Processing /home/airflow/.local/lib/python3.7/site-packages/airflow/example_dags/example_short_circuit_decorator.py took 0.202 seconds
[2023-05-05T15:03:57.893+0000] {processor.py:156} INFO - Started process (PID=116) to work on /home/airflow/.local/lib/python3.7/site-packages/airflow/example_dags/example_short_circuit_decorator.py
[2023-05-05T15:03:57.894+0000] {processor.py:799} INFO - Processing file /home/airflow/.local/lib/python3.7/site-packages/airflow/example_dags/example_short_circuit_decorator.py for tasks to queue
[2023-05-05T15:03:57.895+0000] {logging_mixin.py:149} INFO - [2023-05-05T15:03:57.895+0000] {dagbag.py:541} INFO - Filling up the DagBag from /home/airflow/.local/lib/python3.7/site-packages/airflow/example_dags/example_short_circuit_decorator.py
[2023-05-05T15:03:57.906+0000] {processor.py:809} INFO - DAG(s) dict_keys(['example_short_circuit_decorator']) retrieved from /home/airflow/.local/lib/python3.7/site-packages/airflow/example_dags/example_short_circuit_decorator.py
[2023-05-05T15:03:57.936+0000] {logging_mixin.py:149} INFO - [2023-05-05T15:03:57.936+0000] {dag.py:2726} INFO - Sync 1 DAGs
[2023-05-05T15:03:57.963+0000] {logging_mixin.py:149} INFO - [2023-05-05T15:03:57.963+0000] {dag.py:3490} INFO - Setting next_dagrun for example_short_circuit_decorator to 2023-05-04T15:03:57.962960+00:00, run_after=2023-05-05T15:03:57.962960+00:00
[2023-05-05T15:03:57.982+0000] {processor.py:178} INFO - Processing /home/airflow/.local/lib/python3.7/site-packages/airflow/example_dags/example_short_circuit_decorator.py took 0.092 seconds
[2023-05-05T15:04:28.861+0000] {processor.py:156} INFO - Started process (PID=176) to work on /home/airflow/.local/lib/python3.7/site-packages/airflow/example_dags/example_short_circuit_decorator.py
[2023-05-05T15:04:28.862+0000] {processor.py:799} INFO - Processing file /home/airflow/.local/lib/python3.7/site-packages/airflow/example_dags/example_short_circuit_decorator.py for tasks to queue
[2023-05-05T15:04:28.863+0000] {logging_mixin.py:149} INFO - [2023-05-05T15:04:28.863+0000] {dagbag.py:541} INFO - Filling up the DagBag from /home/airflow/.local/lib/python3.7/site-packages/airflow/example_dags/example_short_circuit_decorator.py
[2023-05-05T15:04:28.875+0000] {processor.py:809} INFO - DAG(s) dict_keys(['example_short_circuit_decorator']) retrieved from /home/airflow/.local/lib/python3.7/site-packages/airflow/example_dags/example_short_circuit_decorator.py
[2023-05-05T15:04:28.914+0000] {logging_mixin.py:149} INFO - [2023-05-05T15:04:28.914+0000] {dag.py:2726} INFO - Sync 1 DAGs
[2023-05-05T15:04:28.946+0000] {logging_mixin.py:149} INFO - [2023-05-05T15:04:28.946+0000] {dag.py:3490} INFO - Setting next_dagrun for example_short_circuit_decorator to 2023-05-04T15:04:28.946424+00:00, run_after=2023-05-05T15:04:28.946424+00:00
[2023-05-05T15:04:28.968+0000] {processor.py:178} INFO - Processing /home/airflow/.local/lib/python3.7/site-packages/airflow/example_dags/example_short_circuit_decorator.py took 0.110 seconds
[2023-05-05T15:04:59.094+0000] {processor.py:156} INFO - Started process (PID=236) to work on /home/airflow/.local/lib/python3.7/site-packages/airflow/example_dags/example_short_circuit_decorator.py
[2023-05-05T15:04:59.095+0000] {processor.py:799} INFO - Processing file /home/airflow/.local/lib/python3.7/site-packages/airflow/example_dags/example_short_circuit_decorator.py for tasks to queue
[2023-05-05T15:04:59.096+0000] {logging_mixin.py:149} INFO - [2023-05-05T15:04:59.096+0000] {dagbag.py:541} INFO - Filling up the DagBag from /home/airflow/.local/lib/python3.7/site-packages/airflow/example_dags/example_short_circuit_decorator.py
[2023-05-05T15:04:59.106+0000] {processor.py:809} INFO - DAG(s) dict_keys(['example_short_circuit_decorator']) retrieved from /home/airflow/.local/lib/python3.7/site-packages/airflow/example_dags/example_short_circuit_decorator.py
[2023-05-05T15:04:59.138+0000] {logging_mixin.py:149} INFO - [2023-05-05T15:04:59.138+0000] {dag.py:2726} INFO - Sync 1 DAGs
[2023-05-05T15:04:59.165+0000] {logging_mixin.py:149} INFO - [2023-05-05T15:04:59.164+0000] {dag.py:3490} INFO - Setting next_dagrun for example_short_circuit_decorator to 2023-05-04T15:04:59.164712+00:00, run_after=2023-05-05T15:04:59.164712+00:00
[2023-05-05T15:04:59.192+0000] {processor.py:178} INFO - Processing /home/airflow/.local/lib/python3.7/site-packages/airflow/example_dags/example_short_circuit_decorator.py took 0.100 seconds
[2023-05-05T15:05:29.368+0000] {processor.py:156} INFO - Started process (PID=296) to work on /home/airflow/.local/lib/python3.7/site-packages/airflow/example_dags/example_short_circuit_decorator.py
[2023-05-05T15:05:29.369+0000] {processor.py:799} INFO - Processing file /home/airflow/.local/lib/python3.7/site-packages/airflow/example_dags/example_short_circuit_decorator.py for tasks to queue
[2023-05-05T15:05:29.369+0000] {logging_mixin.py:149} INFO - [2023-05-05T15:05:29.369+0000] {dagbag.py:541} INFO - Filling up the DagBag from /home/airflow/.local/lib/python3.7/site-packages/airflow/example_dags/example_short_circuit_decorator.py
[2023-05-05T15:05:29.377+0000] {processor.py:809} INFO - DAG(s) dict_keys(['example_short_circuit_decorator']) retrieved from /home/airflow/.local/lib/python3.7/site-packages/airflow/example_dags/example_short_circuit_decorator.py
[2023-05-05T15:05:29.406+0000] {logging_mixin.py:149} INFO - [2023-05-05T15:05:29.406+0000] {dag.py:2726} INFO - Sync 1 DAGs
[2023-05-05T15:05:29.434+0000] {logging_mixin.py:149} INFO - [2023-05-05T15:05:29.434+0000] {dag.py:3490} INFO - Setting next_dagrun for example_short_circuit_decorator to 2023-05-04T15:05:29.433976+00:00, run_after=2023-05-05T15:05:29.433976+00:00
[2023-05-05T15:05:29.456+0000] {processor.py:178} INFO - Processing /home/airflow/.local/lib/python3.7/site-packages/airflow/example_dags/example_short_circuit_decorator.py took 0.090 seconds
[2023-05-05T15:06:00.437+0000] {processor.py:156} INFO - Started process (PID=356) to work on /home/airflow/.local/lib/python3.7/site-packages/airflow/example_dags/example_short_circuit_decorator.py
[2023-05-05T15:06:00.438+0000] {processor.py:799} INFO - Processing file /home/airflow/.local/lib/python3.7/site-packages/airflow/example_dags/example_short_circuit_decorator.py for tasks to queue
[2023-05-05T15:06:00.438+0000] {logging_mixin.py:149} INFO - [2023-05-05T15:06:00.438+0000] {dagbag.py:541} INFO - Filling up the DagBag from /home/airflow/.local/lib/python3.7/site-packages/airflow/example_dags/example_short_circuit_decorator.py
[2023-05-05T15:06:00.446+0000] {processor.py:809} INFO - DAG(s) dict_keys(['example_short_circuit_decorator']) retrieved from /home/airflow/.local/lib/python3.7/site-packages/airflow/example_dags/example_short_circuit_decorator.py
[2023-05-05T15:06:00.470+0000] {logging_mixin.py:149} INFO - [2023-05-05T15:06:00.469+0000] {dag.py:2726} INFO - Sync 1 DAGs
[2023-05-05T15:06:00.495+0000] {logging_mixin.py:149} INFO - [2023-05-05T15:06:00.494+0000] {dag.py:3490} INFO - Setting next_dagrun for example_short_circuit_decorator to 2023-05-04T15:06:00.494757+00:00, run_after=2023-05-05T15:06:00.494757+00:00
[2023-05-05T15:06:00.513+0000] {processor.py:178} INFO - Processing /home/airflow/.local/lib/python3.7/site-packages/airflow/example_dags/example_short_circuit_decorator.py took 0.079 seconds
[2023-05-05T15:06:31.131+0000] {processor.py:156} INFO - Started process (PID=416) to work on /home/airflow/.local/lib/python3.7/site-packages/airflow/example_dags/example_short_circuit_decorator.py
[2023-05-05T15:06:31.132+0000] {processor.py:799} INFO - Processing file /home/airflow/.local/lib/python3.7/site-packages/airflow/example_dags/example_short_circuit_decorator.py for tasks to queue
[2023-05-05T15:06:31.132+0000] {logging_mixin.py:149} INFO - [2023-05-05T15:06:31.132+0000] {dagbag.py:541} INFO - Filling up the DagBag from /home/airflow/.local/lib/python3.7/site-packages/airflow/example_dags/example_short_circuit_decorator.py
[2023-05-05T15:06:31.140+0000] {processor.py:809} INFO - DAG(s) dict_keys(['example_short_circuit_decorator']) retrieved from /home/airflow/.local/lib/python3.7/site-packages/airflow/example_dags/example_short_circuit_decorator.py
[2023-05-05T15:06:31.163+0000] {logging_mixin.py:149} INFO - [2023-05-05T15:06:31.163+0000] {dag.py:2726} INFO - Sync 1 DAGs
[2023-05-05T15:06:31.186+0000] {logging_mixin.py:149} INFO - [2023-05-05T15:06:31.186+0000] {dag.py:3490} INFO - Setting next_dagrun for example_short_circuit_decorator to 2023-05-04T15:06:31.186637+00:00, run_after=2023-05-05T15:06:31.186637+00:00
[2023-05-05T15:06:31.213+0000] {processor.py:178} INFO - Processing /home/airflow/.local/lib/python3.7/site-packages/airflow/example_dags/example_short_circuit_decorator.py took 0.085 seconds
[2023-05-05T15:07:02.066+0000] {processor.py:156} INFO - Started process (PID=476) to work on /home/airflow/.local/lib/python3.7/site-packages/airflow/example_dags/example_short_circuit_decorator.py
[2023-05-05T15:07:02.066+0000] {processor.py:799} INFO - Processing file /home/airflow/.local/lib/python3.7/site-packages/airflow/example_dags/example_short_circuit_decorator.py for tasks to queue
[2023-05-05T15:07:02.067+0000] {logging_mixin.py:149} INFO - [2023-05-05T15:07:02.067+0000] {dagbag.py:541} INFO - Filling up the DagBag from /home/airflow/.local/lib/python3.7/site-packages/airflow/example_dags/example_short_circuit_decorator.py
[2023-05-05T15:07:02.077+0000] {processor.py:809} INFO - DAG(s) dict_keys(['example_short_circuit_decorator']) retrieved from /home/airflow/.local/lib/python3.7/site-packages/airflow/example_dags/example_short_circuit_decorator.py
[2023-05-05T15:07:02.104+0000] {logging_mixin.py:149} INFO - [2023-05-05T15:07:02.104+0000] {dag.py:2726} INFO - Sync 1 DAGs
[2023-05-05T15:07:02.140+0000] {logging_mixin.py:149} INFO - [2023-05-05T15:07:02.140+0000] {dag.py:3490} INFO - Setting next_dagrun for example_short_circuit_decorator to 2023-05-04T15:07:02.140382+00:00, run_after=2023-05-05T15:07:02.140382+00:00
[2023-05-05T15:07:02.163+0000] {processor.py:178} INFO - Processing /home/airflow/.local/lib/python3.7/site-packages/airflow/example_dags/example_short_circuit_decorator.py took 0.100 seconds
[2023-05-05T15:07:33.261+0000] {processor.py:156} INFO - Started process (PID=536) to work on /home/airflow/.local/lib/python3.7/site-packages/airflow/example_dags/example_short_circuit_decorator.py
[2023-05-05T15:07:33.262+0000] {processor.py:799} INFO - Processing file /home/airflow/.local/lib/python3.7/site-packages/airflow/example_dags/example_short_circuit_decorator.py for tasks to queue
[2023-05-05T15:07:33.262+0000] {logging_mixin.py:149} INFO - [2023-05-05T15:07:33.262+0000] {dagbag.py:541} INFO - Filling up the DagBag from /home/airflow/.local/lib/python3.7/site-packages/airflow/example_dags/example_short_circuit_decorator.py
[2023-05-05T15:07:33.271+0000] {processor.py:809} INFO - DAG(s) dict_keys(['example_short_circuit_decorator']) retrieved from /home/airflow/.local/lib/python3.7/site-packages/airflow/example_dags/example_short_circuit_decorator.py
[2023-05-05T15:07:33.299+0000] {logging_mixin.py:149} INFO - [2023-05-05T15:07:33.299+0000] {dag.py:2726} INFO - Sync 1 DAGs
[2023-05-05T15:07:33.327+0000] {logging_mixin.py:149} INFO - [2023-05-05T15:07:33.327+0000] {dag.py:3490} INFO - Setting next_dagrun for example_short_circuit_decorator to 2023-05-04T15:07:33.327005+00:00, run_after=2023-05-05T15:07:33.327005+00:00
[2023-05-05T15:07:33.344+0000] {processor.py:178} INFO - Processing /home/airflow/.local/lib/python3.7/site-packages/airflow/example_dags/example_short_circuit_decorator.py took 0.085 seconds
[2023-05-05T15:08:04.412+0000] {processor.py:156} INFO - Started process (PID=596) to work on /home/airflow/.local/lib/python3.7/site-packages/airflow/example_dags/example_short_circuit_decorator.py
[2023-05-05T15:08:04.413+0000] {processor.py:799} INFO - Processing file /home/airflow/.local/lib/python3.7/site-packages/airflow/example_dags/example_short_circuit_decorator.py for tasks to queue
[2023-05-05T15:08:04.414+0000] {logging_mixin.py:149} INFO - [2023-05-05T15:08:04.414+0000] {dagbag.py:541} INFO - Filling up the DagBag from /home/airflow/.local/lib/python3.7/site-packages/airflow/example_dags/example_short_circuit_decorator.py
[2023-05-05T15:08:04.421+0000] {processor.py:809} INFO - DAG(s) dict_keys(['example_short_circuit_decorator']) retrieved from /home/airflow/.local/lib/python3.7/site-packages/airflow/example_dags/example_short_circuit_decorator.py
[2023-05-05T15:08:04.445+0000] {logging_mixin.py:149} INFO - [2023-05-05T15:08:04.445+0000] {dag.py:2726} INFO - Sync 1 DAGs
[2023-05-05T15:08:04.469+0000] {logging_mixin.py:149} INFO - [2023-05-05T15:08:04.468+0000] {dag.py:3490} INFO - Setting next_dagrun for example_short_circuit_decorator to 2023-05-04T15:08:04.468771+00:00, run_after=2023-05-05T15:08:04.468771+00:00
[2023-05-05T15:08:04.490+0000] {processor.py:178} INFO - Processing /home/airflow/.local/lib/python3.7/site-packages/airflow/example_dags/example_short_circuit_decorator.py took 0.080 seconds
[2023-05-05T15:08:34.759+0000] {processor.py:156} INFO - Started process (PID=656) to work on /home/airflow/.local/lib/python3.7/site-packages/airflow/example_dags/example_short_circuit_decorator.py
[2023-05-05T15:08:34.759+0000] {processor.py:799} INFO - Processing file /home/airflow/.local/lib/python3.7/site-packages/airflow/example_dags/example_short_circuit_decorator.py for tasks to queue
[2023-05-05T15:08:34.760+0000] {logging_mixin.py:149} INFO - [2023-05-05T15:08:34.760+0000] {dagbag.py:541} INFO - Filling up the DagBag from /home/airflow/.local/lib/python3.7/site-packages/airflow/example_dags/example_short_circuit_decorator.py
[2023-05-05T15:08:34.768+0000] {processor.py:809} INFO - DAG(s) dict_keys(['example_short_circuit_decorator']) retrieved from /home/airflow/.local/lib/python3.7/site-packages/airflow/example_dags/example_short_circuit_decorator.py
[2023-05-05T15:08:34.794+0000] {logging_mixin.py:149} INFO - [2023-05-05T15:08:34.794+0000] {dag.py:2726} INFO - Sync 1 DAGs
[2023-05-05T15:08:34.824+0000] {logging_mixin.py:149} INFO - [2023-05-05T15:08:34.824+0000] {dag.py:3490} INFO - Setting next_dagrun for example_short_circuit_decorator to 2023-05-04T15:08:34.824138+00:00, run_after=2023-05-05T15:08:34.824138+00:00
[2023-05-05T15:08:34.864+0000] {processor.py:178} INFO - Processing /home/airflow/.local/lib/python3.7/site-packages/airflow/example_dags/example_short_circuit_decorator.py took 0.107 seconds
[2023-05-05T15:09:05.430+0000] {processor.py:156} INFO - Started process (PID=716) to work on /home/airflow/.local/lib/python3.7/site-packages/airflow/example_dags/example_short_circuit_decorator.py
[2023-05-05T15:09:05.431+0000] {processor.py:799} INFO - Processing file /home/airflow/.local/lib/python3.7/site-packages/airflow/example_dags/example_short_circuit_decorator.py for tasks to queue
[2023-05-05T15:09:05.432+0000] {logging_mixin.py:149} INFO - [2023-05-05T15:09:05.432+0000] {dagbag.py:541} INFO - Filling up the DagBag from /home/airflow/.local/lib/python3.7/site-packages/airflow/example_dags/example_short_circuit_decorator.py
[2023-05-05T15:09:05.447+0000] {processor.py:809} INFO - DAG(s) dict_keys(['example_short_circuit_decorator']) retrieved from /home/airflow/.local/lib/python3.7/site-packages/airflow/example_dags/example_short_circuit_decorator.py
[2023-05-05T15:09:05.484+0000] {logging_mixin.py:149} INFO - [2023-05-05T15:09:05.483+0000] {dag.py:2726} INFO - Sync 1 DAGs
[2023-05-05T15:09:05.511+0000] {logging_mixin.py:149} INFO - [2023-05-05T15:09:05.511+0000] {dag.py:3490} INFO - Setting next_dagrun for example_short_circuit_decorator to 2023-05-04T15:09:05.511172+00:00, run_after=2023-05-05T15:09:05.511172+00:00
[2023-05-05T15:09:05.532+0000] {processor.py:178} INFO - Processing /home/airflow/.local/lib/python3.7/site-packages/airflow/example_dags/example_short_circuit_decorator.py took 0.106 seconds
[2023-05-05T15:09:35.790+0000] {processor.py:156} INFO - Started process (PID=776) to work on /home/airflow/.local/lib/python3.7/site-packages/airflow/example_dags/example_short_circuit_decorator.py
[2023-05-05T15:09:35.791+0000] {processor.py:799} INFO - Processing file /home/airflow/.local/lib/python3.7/site-packages/airflow/example_dags/example_short_circuit_decorator.py for tasks to queue
[2023-05-05T15:09:35.791+0000] {logging_mixin.py:149} INFO - [2023-05-05T15:09:35.791+0000] {dagbag.py:541} INFO - Filling up the DagBag from /home/airflow/.local/lib/python3.7/site-packages/airflow/example_dags/example_short_circuit_decorator.py
[2023-05-05T15:09:35.801+0000] {processor.py:809} INFO - DAG(s) dict_keys(['example_short_circuit_decorator']) retrieved from /home/airflow/.local/lib/python3.7/site-packages/airflow/example_dags/example_short_circuit_decorator.py
[2023-05-05T15:09:35.828+0000] {logging_mixin.py:149} INFO - [2023-05-05T15:09:35.828+0000] {dag.py:2726} INFO - Sync 1 DAGs
[2023-05-05T15:09:35.855+0000] {logging_mixin.py:149} INFO - [2023-05-05T15:09:35.855+0000] {dag.py:3490} INFO - Setting next_dagrun for example_short_circuit_decorator to 2023-05-04T15:09:35.855440+00:00, run_after=2023-05-05T15:09:35.855440+00:00
[2023-05-05T15:09:35.881+0000] {processor.py:178} INFO - Processing /home/airflow/.local/lib/python3.7/site-packages/airflow/example_dags/example_short_circuit_decorator.py took 0.093 seconds
[2023-05-05T15:10:06.933+0000] {processor.py:156} INFO - Started process (PID=836) to work on /home/airflow/.local/lib/python3.7/site-packages/airflow/example_dags/example_short_circuit_decorator.py
[2023-05-05T15:10:06.934+0000] {processor.py:799} INFO - Processing file /home/airflow/.local/lib/python3.7/site-packages/airflow/example_dags/example_short_circuit_decorator.py for tasks to queue
[2023-05-05T15:10:06.935+0000] {logging_mixin.py:149} INFO - [2023-05-05T15:10:06.934+0000] {dagbag.py:541} INFO - Filling up the DagBag from /home/airflow/.local/lib/python3.7/site-packages/airflow/example_dags/example_short_circuit_decorator.py
[2023-05-05T15:10:06.943+0000] {processor.py:809} INFO - DAG(s) dict_keys(['example_short_circuit_decorator']) retrieved from /home/airflow/.local/lib/python3.7/site-packages/airflow/example_dags/example_short_circuit_decorator.py
[2023-05-05T15:10:06.970+0000] {logging_mixin.py:149} INFO - [2023-05-05T15:10:06.970+0000] {dag.py:2726} INFO - Sync 1 DAGs
[2023-05-05T15:10:06.998+0000] {logging_mixin.py:149} INFO - [2023-05-05T15:10:06.998+0000] {dag.py:3490} INFO - Setting next_dagrun for example_short_circuit_decorator to 2023-05-04T15:10:06.997935+00:00, run_after=2023-05-05T15:10:06.997935+00:00
[2023-05-05T15:10:07.022+0000] {processor.py:178} INFO - Processing /home/airflow/.local/lib/python3.7/site-packages/airflow/example_dags/example_short_circuit_decorator.py took 0.092 seconds
[2023-05-05T15:10:37.964+0000] {processor.py:156} INFO - Started process (PID=896) to work on /home/airflow/.local/lib/python3.7/site-packages/airflow/example_dags/example_short_circuit_decorator.py
[2023-05-05T15:10:37.965+0000] {processor.py:799} INFO - Processing file /home/airflow/.local/lib/python3.7/site-packages/airflow/example_dags/example_short_circuit_decorator.py for tasks to queue
[2023-05-05T15:10:37.965+0000] {logging_mixin.py:149} INFO - [2023-05-05T15:10:37.965+0000] {dagbag.py:541} INFO - Filling up the DagBag from /home/airflow/.local/lib/python3.7/site-packages/airflow/example_dags/example_short_circuit_decorator.py
[2023-05-05T15:10:37.972+0000] {processor.py:809} INFO - DAG(s) dict_keys(['example_short_circuit_decorator']) retrieved from /home/airflow/.local/lib/python3.7/site-packages/airflow/example_dags/example_short_circuit_decorator.py
[2023-05-05T15:10:37.995+0000] {logging_mixin.py:149} INFO - [2023-05-05T15:10:37.995+0000] {dag.py:2726} INFO - Sync 1 DAGs
[2023-05-05T15:10:38.018+0000] {logging_mixin.py:149} INFO - [2023-05-05T15:10:38.018+0000] {dag.py:3490} INFO - Setting next_dagrun for example_short_circuit_decorator to 2023-05-04T15:10:38.018524+00:00, run_after=2023-05-05T15:10:38.018524+00:00
[2023-05-05T15:10:38.049+0000] {processor.py:178} INFO - Processing /home/airflow/.local/lib/python3.7/site-packages/airflow/example_dags/example_short_circuit_decorator.py took 0.087 seconds
[2023-05-05T15:11:08.390+0000] {processor.py:156} INFO - Started process (PID=956) to work on /home/airflow/.local/lib/python3.7/site-packages/airflow/example_dags/example_short_circuit_decorator.py
[2023-05-05T15:11:08.391+0000] {processor.py:799} INFO - Processing file /home/airflow/.local/lib/python3.7/site-packages/airflow/example_dags/example_short_circuit_decorator.py for tasks to queue
[2023-05-05T15:11:08.391+0000] {logging_mixin.py:149} INFO - [2023-05-05T15:11:08.391+0000] {dagbag.py:541} INFO - Filling up the DagBag from /home/airflow/.local/lib/python3.7/site-packages/airflow/example_dags/example_short_circuit_decorator.py
[2023-05-05T15:11:08.399+0000] {processor.py:809} INFO - DAG(s) dict_keys(['example_short_circuit_decorator']) retrieved from /home/airflow/.local/lib/python3.7/site-packages/airflow/example_dags/example_short_circuit_decorator.py
[2023-05-05T15:11:08.422+0000] {logging_mixin.py:149} INFO - [2023-05-05T15:11:08.422+0000] {dag.py:2726} INFO - Sync 1 DAGs
[2023-05-05T15:11:08.445+0000] {logging_mixin.py:149} INFO - [2023-05-05T15:11:08.445+0000] {dag.py:3490} INFO - Setting next_dagrun for example_short_circuit_decorator to 2023-05-04T15:11:08.445013+00:00, run_after=2023-05-05T15:11:08.445013+00:00
[2023-05-05T15:11:08.461+0000] {processor.py:178} INFO - Processing /home/airflow/.local/lib/python3.7/site-packages/airflow/example_dags/example_short_circuit_decorator.py took 0.073 seconds
[2023-05-05T15:11:39.017+0000] {processor.py:156} INFO - Started process (PID=1016) to work on /home/airflow/.local/lib/python3.7/site-packages/airflow/example_dags/example_short_circuit_decorator.py
[2023-05-05T15:11:39.018+0000] {processor.py:799} INFO - Processing file /home/airflow/.local/lib/python3.7/site-packages/airflow/example_dags/example_short_circuit_decorator.py for tasks to queue
[2023-05-05T15:11:39.019+0000] {logging_mixin.py:149} INFO - [2023-05-05T15:11:39.019+0000] {dagbag.py:541} INFO - Filling up the DagBag from /home/airflow/.local/lib/python3.7/site-packages/airflow/example_dags/example_short_circuit_decorator.py
[2023-05-05T15:11:39.026+0000] {processor.py:809} INFO - DAG(s) dict_keys(['example_short_circuit_decorator']) retrieved from /home/airflow/.local/lib/python3.7/site-packages/airflow/example_dags/example_short_circuit_decorator.py
[2023-05-05T15:11:39.048+0000] {logging_mixin.py:149} INFO - [2023-05-05T15:11:39.048+0000] {dag.py:2726} INFO - Sync 1 DAGs
[2023-05-05T15:11:39.076+0000] {logging_mixin.py:149} INFO - [2023-05-05T15:11:39.076+0000] {dag.py:3490} INFO - Setting next_dagrun for example_short_circuit_decorator to 2023-05-04T15:11:39.076175+00:00, run_after=2023-05-05T15:11:39.076175+00:00
[2023-05-05T15:11:39.094+0000] {processor.py:178} INFO - Processing /home/airflow/.local/lib/python3.7/site-packages/airflow/example_dags/example_short_circuit_decorator.py took 0.079 seconds
[2023-05-05T15:12:10.121+0000] {processor.py:156} INFO - Started process (PID=1076) to work on /home/airflow/.local/lib/python3.7/site-packages/airflow/example_dags/example_short_circuit_decorator.py
[2023-05-05T15:12:10.122+0000] {processor.py:799} INFO - Processing file /home/airflow/.local/lib/python3.7/site-packages/airflow/example_dags/example_short_circuit_decorator.py for tasks to queue
[2023-05-05T15:12:10.122+0000] {logging_mixin.py:149} INFO - [2023-05-05T15:12:10.122+0000] {dagbag.py:541} INFO - Filling up the DagBag from /home/airflow/.local/lib/python3.7/site-packages/airflow/example_dags/example_short_circuit_decorator.py
[2023-05-05T15:12:10.130+0000] {processor.py:809} INFO - DAG(s) dict_keys(['example_short_circuit_decorator']) retrieved from /home/airflow/.local/lib/python3.7/site-packages/airflow/example_dags/example_short_circuit_decorator.py
[2023-05-05T15:12:10.153+0000] {logging_mixin.py:149} INFO - [2023-05-05T15:12:10.153+0000] {dag.py:2726} INFO - Sync 1 DAGs
[2023-05-05T15:12:10.176+0000] {logging_mixin.py:149} INFO - [2023-05-05T15:12:10.176+0000] {dag.py:3490} INFO - Setting next_dagrun for example_short_circuit_decorator to 2023-05-04T15:12:10.176211+00:00, run_after=2023-05-05T15:12:10.176211+00:00
[2023-05-05T15:12:10.195+0000] {processor.py:178} INFO - Processing /home/airflow/.local/lib/python3.7/site-packages/airflow/example_dags/example_short_circuit_decorator.py took 0.077 seconds
[2023-05-05T15:33:45.011+0000] {processor.py:156} INFO - Started process (PID=55) to work on /home/airflow/.local/lib/python3.7/site-packages/airflow/example_dags/example_short_circuit_decorator.py
[2023-05-05T15:33:45.019+0000] {processor.py:799} INFO - Processing file /home/airflow/.local/lib/python3.7/site-packages/airflow/example_dags/example_short_circuit_decorator.py for tasks to queue
[2023-05-05T15:33:45.020+0000] {logging_mixin.py:149} INFO - [2023-05-05T15:33:45.020+0000] {dagbag.py:541} INFO - Filling up the DagBag from /home/airflow/.local/lib/python3.7/site-packages/airflow/example_dags/example_short_circuit_decorator.py
[2023-05-05T15:33:45.053+0000] {processor.py:809} INFO - DAG(s) dict_keys(['example_short_circuit_decorator']) retrieved from /home/airflow/.local/lib/python3.7/site-packages/airflow/example_dags/example_short_circuit_decorator.py
[2023-05-05T15:33:45.145+0000] {logging_mixin.py:149} INFO - [2023-05-05T15:33:45.145+0000] {dag.py:2726} INFO - Sync 1 DAGs
[2023-05-05T15:33:45.215+0000] {logging_mixin.py:149} INFO - [2023-05-05T15:33:45.214+0000] {dag.py:3490} INFO - Setting next_dagrun for example_short_circuit_decorator to 2023-05-04T15:33:45.214371+00:00, run_after=2023-05-05T15:33:45.214371+00:00
[2023-05-05T15:33:45.263+0000] {processor.py:178} INFO - Processing /home/airflow/.local/lib/python3.7/site-packages/airflow/example_dags/example_short_circuit_decorator.py took 0.269 seconds
