[2023-05-05T15:03:28.074+0000] {processor.py:156} INFO - Started process (PID=66) to work on /home/airflow/.local/lib/python3.7/site-packages/airflow/example_dags/example_latest_only_with_trigger.py
[2023-05-05T15:03:28.075+0000] {processor.py:799} INFO - Processing file /home/airflow/.local/lib/python3.7/site-packages/airflow/example_dags/example_latest_only_with_trigger.py for tasks to queue
[2023-05-05T15:03:28.076+0000] {logging_mixin.py:149} INFO - [2023-05-05T15:03:28.075+0000] {dagbag.py:541} INFO - Filling up the DagBag from /home/airflow/.local/lib/python3.7/site-packages/airflow/example_dags/example_latest_only_with_trigger.py
[2023-05-05T15:03:28.081+0000] {processor.py:809} INFO - DAG(s) dict_keys(['latest_only_with_trigger']) retrieved from /home/airflow/.local/lib/python3.7/site-packages/airflow/example_dags/example_latest_only_with_trigger.py
[2023-05-05T15:03:28.210+0000] {logging_mixin.py:149} INFO - [2023-05-05T15:03:28.210+0000] {manager.py:504} INFO - Created Permission View: can read on DAG:latest_only_with_trigger
[2023-05-05T15:03:28.220+0000] {logging_mixin.py:149} INFO - [2023-05-05T15:03:28.220+0000] {manager.py:504} INFO - Created Permission View: can edit on DAG:latest_only_with_trigger
[2023-05-05T15:03:28.228+0000] {logging_mixin.py:149} INFO - [2023-05-05T15:03:28.228+0000] {manager.py:504} INFO - Created Permission View: can delete on DAG:latest_only_with_trigger
[2023-05-05T15:03:28.228+0000] {logging_mixin.py:149} INFO - [2023-05-05T15:03:28.228+0000] {dag.py:2726} INFO - Sync 1 DAGs
[2023-05-05T15:03:28.244+0000] {logging_mixin.py:149} INFO - [2023-05-05T15:03:28.243+0000] {dag.py:2747} INFO - Creating ORM DAG for latest_only_with_trigger
[2023-05-05T15:03:28.255+0000] {logging_mixin.py:149} INFO - [2023-05-05T15:03:28.255+0000] {dag.py:3490} INFO - Setting next_dagrun for latest_only_with_trigger to 2023-05-05T11:03:28.255329+00:00, run_after=2023-05-05T15:03:28.255329+00:00
[2023-05-05T15:03:28.277+0000] {processor.py:178} INFO - Processing /home/airflow/.local/lib/python3.7/site-packages/airflow/example_dags/example_latest_only_with_trigger.py took 0.206 seconds
[2023-05-05T15:03:58.432+0000] {processor.py:156} INFO - Started process (PID=126) to work on /home/airflow/.local/lib/python3.7/site-packages/airflow/example_dags/example_latest_only_with_trigger.py
[2023-05-05T15:03:58.433+0000] {processor.py:799} INFO - Processing file /home/airflow/.local/lib/python3.7/site-packages/airflow/example_dags/example_latest_only_with_trigger.py for tasks to queue
[2023-05-05T15:03:58.434+0000] {logging_mixin.py:149} INFO - [2023-05-05T15:03:58.434+0000] {dagbag.py:541} INFO - Filling up the DagBag from /home/airflow/.local/lib/python3.7/site-packages/airflow/example_dags/example_latest_only_with_trigger.py
[2023-05-05T15:03:58.438+0000] {processor.py:809} INFO - DAG(s) dict_keys(['latest_only_with_trigger']) retrieved from /home/airflow/.local/lib/python3.7/site-packages/airflow/example_dags/example_latest_only_with_trigger.py
[2023-05-05T15:03:58.459+0000] {logging_mixin.py:149} INFO - [2023-05-05T15:03:58.459+0000] {dag.py:2726} INFO - Sync 1 DAGs
[2023-05-05T15:03:58.483+0000] {logging_mixin.py:149} INFO - [2023-05-05T15:03:58.483+0000] {dag.py:3490} INFO - Setting next_dagrun for latest_only_with_trigger to 2023-05-05T11:03:58.483219+00:00, run_after=2023-05-05T15:03:58.483219+00:00
[2023-05-05T15:03:58.501+0000] {processor.py:178} INFO - Processing /home/airflow/.local/lib/python3.7/site-packages/airflow/example_dags/example_latest_only_with_trigger.py took 0.071 seconds
[2023-05-05T15:04:29.562+0000] {processor.py:156} INFO - Started process (PID=186) to work on /home/airflow/.local/lib/python3.7/site-packages/airflow/example_dags/example_latest_only_with_trigger.py
[2023-05-05T15:04:29.563+0000] {processor.py:799} INFO - Processing file /home/airflow/.local/lib/python3.7/site-packages/airflow/example_dags/example_latest_only_with_trigger.py for tasks to queue
[2023-05-05T15:04:29.564+0000] {logging_mixin.py:149} INFO - [2023-05-05T15:04:29.564+0000] {dagbag.py:541} INFO - Filling up the DagBag from /home/airflow/.local/lib/python3.7/site-packages/airflow/example_dags/example_latest_only_with_trigger.py
[2023-05-05T15:04:29.571+0000] {processor.py:809} INFO - DAG(s) dict_keys(['latest_only_with_trigger']) retrieved from /home/airflow/.local/lib/python3.7/site-packages/airflow/example_dags/example_latest_only_with_trigger.py
[2023-05-05T15:04:29.607+0000] {logging_mixin.py:149} INFO - [2023-05-05T15:04:29.607+0000] {dag.py:2726} INFO - Sync 1 DAGs
[2023-05-05T15:04:29.648+0000] {logging_mixin.py:149} INFO - [2023-05-05T15:04:29.648+0000] {dag.py:3490} INFO - Setting next_dagrun for latest_only_with_trigger to 2023-05-05T11:04:29.648153+00:00, run_after=2023-05-05T15:04:29.648153+00:00
[2023-05-05T15:04:29.676+0000] {processor.py:178} INFO - Processing /home/airflow/.local/lib/python3.7/site-packages/airflow/example_dags/example_latest_only_with_trigger.py took 0.118 seconds
[2023-05-05T15:05:00.596+0000] {processor.py:156} INFO - Started process (PID=246) to work on /home/airflow/.local/lib/python3.7/site-packages/airflow/example_dags/example_latest_only_with_trigger.py
[2023-05-05T15:05:00.597+0000] {processor.py:799} INFO - Processing file /home/airflow/.local/lib/python3.7/site-packages/airflow/example_dags/example_latest_only_with_trigger.py for tasks to queue
[2023-05-05T15:05:00.598+0000] {logging_mixin.py:149} INFO - [2023-05-05T15:05:00.598+0000] {dagbag.py:541} INFO - Filling up the DagBag from /home/airflow/.local/lib/python3.7/site-packages/airflow/example_dags/example_latest_only_with_trigger.py
[2023-05-05T15:05:00.609+0000] {processor.py:809} INFO - DAG(s) dict_keys(['latest_only_with_trigger']) retrieved from /home/airflow/.local/lib/python3.7/site-packages/airflow/example_dags/example_latest_only_with_trigger.py
[2023-05-05T15:05:00.636+0000] {logging_mixin.py:149} INFO - [2023-05-05T15:05:00.636+0000] {dag.py:2726} INFO - Sync 1 DAGs
[2023-05-05T15:05:00.662+0000] {logging_mixin.py:149} INFO - [2023-05-05T15:05:00.661+0000] {dag.py:3490} INFO - Setting next_dagrun for latest_only_with_trigger to 2023-05-05T11:05:00.661792+00:00, run_after=2023-05-05T15:05:00.661792+00:00
[2023-05-05T15:05:00.682+0000] {processor.py:178} INFO - Processing /home/airflow/.local/lib/python3.7/site-packages/airflow/example_dags/example_latest_only_with_trigger.py took 0.092 seconds
[2023-05-05T15:05:30.778+0000] {processor.py:156} INFO - Started process (PID=306) to work on /home/airflow/.local/lib/python3.7/site-packages/airflow/example_dags/example_latest_only_with_trigger.py
[2023-05-05T15:05:30.779+0000] {processor.py:799} INFO - Processing file /home/airflow/.local/lib/python3.7/site-packages/airflow/example_dags/example_latest_only_with_trigger.py for tasks to queue
[2023-05-05T15:05:30.779+0000] {logging_mixin.py:149} INFO - [2023-05-05T15:05:30.779+0000] {dagbag.py:541} INFO - Filling up the DagBag from /home/airflow/.local/lib/python3.7/site-packages/airflow/example_dags/example_latest_only_with_trigger.py
[2023-05-05T15:05:30.786+0000] {processor.py:809} INFO - DAG(s) dict_keys(['latest_only_with_trigger']) retrieved from /home/airflow/.local/lib/python3.7/site-packages/airflow/example_dags/example_latest_only_with_trigger.py
[2023-05-05T15:05:30.815+0000] {logging_mixin.py:149} INFO - [2023-05-05T15:05:30.815+0000] {dag.py:2726} INFO - Sync 1 DAGs
[2023-05-05T15:05:30.843+0000] {logging_mixin.py:149} INFO - [2023-05-05T15:05:30.843+0000] {dag.py:3490} INFO - Setting next_dagrun for latest_only_with_trigger to 2023-05-05T11:05:30.842837+00:00, run_after=2023-05-05T15:05:30.842837+00:00
[2023-05-05T15:05:30.865+0000] {processor.py:178} INFO - Processing /home/airflow/.local/lib/python3.7/site-packages/airflow/example_dags/example_latest_only_with_trigger.py took 0.091 seconds
[2023-05-05T15:06:00.896+0000] {processor.py:156} INFO - Started process (PID=366) to work on /home/airflow/.local/lib/python3.7/site-packages/airflow/example_dags/example_latest_only_with_trigger.py
[2023-05-05T15:06:00.897+0000] {processor.py:799} INFO - Processing file /home/airflow/.local/lib/python3.7/site-packages/airflow/example_dags/example_latest_only_with_trigger.py for tasks to queue
[2023-05-05T15:06:00.898+0000] {logging_mixin.py:149} INFO - [2023-05-05T15:06:00.898+0000] {dagbag.py:541} INFO - Filling up the DagBag from /home/airflow/.local/lib/python3.7/site-packages/airflow/example_dags/example_latest_only_with_trigger.py
[2023-05-05T15:06:00.902+0000] {processor.py:809} INFO - DAG(s) dict_keys(['latest_only_with_trigger']) retrieved from /home/airflow/.local/lib/python3.7/site-packages/airflow/example_dags/example_latest_only_with_trigger.py
[2023-05-05T15:06:00.924+0000] {logging_mixin.py:149} INFO - [2023-05-05T15:06:00.923+0000] {dag.py:2726} INFO - Sync 1 DAGs
[2023-05-05T15:06:00.947+0000] {logging_mixin.py:149} INFO - [2023-05-05T15:06:00.947+0000] {dag.py:3490} INFO - Setting next_dagrun for latest_only_with_trigger to 2023-05-05T11:06:00.947662+00:00, run_after=2023-05-05T15:06:00.947662+00:00
[2023-05-05T15:06:00.969+0000] {processor.py:178} INFO - Processing /home/airflow/.local/lib/python3.7/site-packages/airflow/example_dags/example_latest_only_with_trigger.py took 0.075 seconds
[2023-05-05T15:06:31.573+0000] {processor.py:156} INFO - Started process (PID=426) to work on /home/airflow/.local/lib/python3.7/site-packages/airflow/example_dags/example_latest_only_with_trigger.py
[2023-05-05T15:06:31.574+0000] {processor.py:799} INFO - Processing file /home/airflow/.local/lib/python3.7/site-packages/airflow/example_dags/example_latest_only_with_trigger.py for tasks to queue
[2023-05-05T15:06:31.574+0000] {logging_mixin.py:149} INFO - [2023-05-05T15:06:31.574+0000] {dagbag.py:541} INFO - Filling up the DagBag from /home/airflow/.local/lib/python3.7/site-packages/airflow/example_dags/example_latest_only_with_trigger.py
[2023-05-05T15:06:31.579+0000] {processor.py:809} INFO - DAG(s) dict_keys(['latest_only_with_trigger']) retrieved from /home/airflow/.local/lib/python3.7/site-packages/airflow/example_dags/example_latest_only_with_trigger.py
[2023-05-05T15:06:31.601+0000] {logging_mixin.py:149} INFO - [2023-05-05T15:06:31.601+0000] {dag.py:2726} INFO - Sync 1 DAGs
[2023-05-05T15:06:31.627+0000] {logging_mixin.py:149} INFO - [2023-05-05T15:06:31.627+0000] {dag.py:3490} INFO - Setting next_dagrun for latest_only_with_trigger to 2023-05-05T11:06:31.626860+00:00, run_after=2023-05-05T15:06:31.626860+00:00
[2023-05-05T15:06:31.649+0000] {processor.py:178} INFO - Processing /home/airflow/.local/lib/python3.7/site-packages/airflow/example_dags/example_latest_only_with_trigger.py took 0.078 seconds
[2023-05-05T15:07:02.554+0000] {processor.py:156} INFO - Started process (PID=486) to work on /home/airflow/.local/lib/python3.7/site-packages/airflow/example_dags/example_latest_only_with_trigger.py
[2023-05-05T15:07:02.555+0000] {processor.py:799} INFO - Processing file /home/airflow/.local/lib/python3.7/site-packages/airflow/example_dags/example_latest_only_with_trigger.py for tasks to queue
[2023-05-05T15:07:02.555+0000] {logging_mixin.py:149} INFO - [2023-05-05T15:07:02.555+0000] {dagbag.py:541} INFO - Filling up the DagBag from /home/airflow/.local/lib/python3.7/site-packages/airflow/example_dags/example_latest_only_with_trigger.py
[2023-05-05T15:07:02.560+0000] {processor.py:809} INFO - DAG(s) dict_keys(['latest_only_with_trigger']) retrieved from /home/airflow/.local/lib/python3.7/site-packages/airflow/example_dags/example_latest_only_with_trigger.py
[2023-05-05T15:07:02.581+0000] {logging_mixin.py:149} INFO - [2023-05-05T15:07:02.581+0000] {dag.py:2726} INFO - Sync 1 DAGs
[2023-05-05T15:07:02.604+0000] {logging_mixin.py:149} INFO - [2023-05-05T15:07:02.604+0000] {dag.py:3490} INFO - Setting next_dagrun for latest_only_with_trigger to 2023-05-05T11:07:02.603882+00:00, run_after=2023-05-05T15:07:02.603882+00:00
[2023-05-05T15:07:02.648+0000] {processor.py:178} INFO - Processing /home/airflow/.local/lib/python3.7/site-packages/airflow/example_dags/example_latest_only_with_trigger.py took 0.097 seconds
[2023-05-05T15:07:33.708+0000] {processor.py:156} INFO - Started process (PID=546) to work on /home/airflow/.local/lib/python3.7/site-packages/airflow/example_dags/example_latest_only_with_trigger.py
[2023-05-05T15:07:33.708+0000] {processor.py:799} INFO - Processing file /home/airflow/.local/lib/python3.7/site-packages/airflow/example_dags/example_latest_only_with_trigger.py for tasks to queue
[2023-05-05T15:07:33.709+0000] {logging_mixin.py:149} INFO - [2023-05-05T15:07:33.709+0000] {dagbag.py:541} INFO - Filling up the DagBag from /home/airflow/.local/lib/python3.7/site-packages/airflow/example_dags/example_latest_only_with_trigger.py
[2023-05-05T15:07:33.714+0000] {processor.py:809} INFO - DAG(s) dict_keys(['latest_only_with_trigger']) retrieved from /home/airflow/.local/lib/python3.7/site-packages/airflow/example_dags/example_latest_only_with_trigger.py
[2023-05-05T15:07:33.735+0000] {logging_mixin.py:149} INFO - [2023-05-05T15:07:33.735+0000] {dag.py:2726} INFO - Sync 1 DAGs
[2023-05-05T15:07:33.760+0000] {logging_mixin.py:149} INFO - [2023-05-05T15:07:33.760+0000] {dag.py:3490} INFO - Setting next_dagrun for latest_only_with_trigger to 2023-05-05T11:07:33.760520+00:00, run_after=2023-05-05T15:07:33.760520+00:00
[2023-05-05T15:07:33.782+0000] {processor.py:178} INFO - Processing /home/airflow/.local/lib/python3.7/site-packages/airflow/example_dags/example_latest_only_with_trigger.py took 0.077 seconds
[2023-05-05T15:08:04.881+0000] {processor.py:156} INFO - Started process (PID=606) to work on /home/airflow/.local/lib/python3.7/site-packages/airflow/example_dags/example_latest_only_with_trigger.py
[2023-05-05T15:08:04.882+0000] {processor.py:799} INFO - Processing file /home/airflow/.local/lib/python3.7/site-packages/airflow/example_dags/example_latest_only_with_trigger.py for tasks to queue
[2023-05-05T15:08:04.882+0000] {logging_mixin.py:149} INFO - [2023-05-05T15:08:04.882+0000] {dagbag.py:541} INFO - Filling up the DagBag from /home/airflow/.local/lib/python3.7/site-packages/airflow/example_dags/example_latest_only_with_trigger.py
[2023-05-05T15:08:04.887+0000] {processor.py:809} INFO - DAG(s) dict_keys(['latest_only_with_trigger']) retrieved from /home/airflow/.local/lib/python3.7/site-packages/airflow/example_dags/example_latest_only_with_trigger.py
[2023-05-05T15:08:04.909+0000] {logging_mixin.py:149} INFO - [2023-05-05T15:08:04.908+0000] {dag.py:2726} INFO - Sync 1 DAGs
[2023-05-05T15:08:04.933+0000] {logging_mixin.py:149} INFO - [2023-05-05T15:08:04.932+0000] {dag.py:3490} INFO - Setting next_dagrun for latest_only_with_trigger to 2023-05-05T11:08:04.932793+00:00, run_after=2023-05-05T15:08:04.932793+00:00
[2023-05-05T15:08:04.951+0000] {processor.py:178} INFO - Processing /home/airflow/.local/lib/python3.7/site-packages/airflow/example_dags/example_latest_only_with_trigger.py took 0.072 seconds
[2023-05-05T15:08:35.603+0000] {processor.py:156} INFO - Started process (PID=666) to work on /home/airflow/.local/lib/python3.7/site-packages/airflow/example_dags/example_latest_only_with_trigger.py
[2023-05-05T15:08:35.604+0000] {processor.py:799} INFO - Processing file /home/airflow/.local/lib/python3.7/site-packages/airflow/example_dags/example_latest_only_with_trigger.py for tasks to queue
[2023-05-05T15:08:35.605+0000] {logging_mixin.py:149} INFO - [2023-05-05T15:08:35.605+0000] {dagbag.py:541} INFO - Filling up the DagBag from /home/airflow/.local/lib/python3.7/site-packages/airflow/example_dags/example_latest_only_with_trigger.py
[2023-05-05T15:08:35.611+0000] {processor.py:809} INFO - DAG(s) dict_keys(['latest_only_with_trigger']) retrieved from /home/airflow/.local/lib/python3.7/site-packages/airflow/example_dags/example_latest_only_with_trigger.py
[2023-05-05T15:08:35.644+0000] {logging_mixin.py:149} INFO - [2023-05-05T15:08:35.643+0000] {dag.py:2726} INFO - Sync 1 DAGs
[2023-05-05T15:08:35.684+0000] {logging_mixin.py:149} INFO - [2023-05-05T15:08:35.684+0000] {dag.py:3490} INFO - Setting next_dagrun for latest_only_with_trigger to 2023-05-05T11:08:35.683967+00:00, run_after=2023-05-05T15:08:35.683967+00:00
[2023-05-05T15:08:35.712+0000] {processor.py:178} INFO - Processing /home/airflow/.local/lib/python3.7/site-packages/airflow/example_dags/example_latest_only_with_trigger.py took 0.113 seconds
[2023-05-05T15:09:06.088+0000] {processor.py:156} INFO - Started process (PID=726) to work on /home/airflow/.local/lib/python3.7/site-packages/airflow/example_dags/example_latest_only_with_trigger.py
[2023-05-05T15:09:06.089+0000] {processor.py:799} INFO - Processing file /home/airflow/.local/lib/python3.7/site-packages/airflow/example_dags/example_latest_only_with_trigger.py for tasks to queue
[2023-05-05T15:09:06.089+0000] {logging_mixin.py:149} INFO - [2023-05-05T15:09:06.089+0000] {dagbag.py:541} INFO - Filling up the DagBag from /home/airflow/.local/lib/python3.7/site-packages/airflow/example_dags/example_latest_only_with_trigger.py
[2023-05-05T15:09:06.095+0000] {processor.py:809} INFO - DAG(s) dict_keys(['latest_only_with_trigger']) retrieved from /home/airflow/.local/lib/python3.7/site-packages/airflow/example_dags/example_latest_only_with_trigger.py
[2023-05-05T15:09:06.120+0000] {logging_mixin.py:149} INFO - [2023-05-05T15:09:06.120+0000] {dag.py:2726} INFO - Sync 1 DAGs
[2023-05-05T15:09:06.152+0000] {logging_mixin.py:149} INFO - [2023-05-05T15:09:06.152+0000] {dag.py:3490} INFO - Setting next_dagrun for latest_only_with_trigger to 2023-05-05T11:09:06.152080+00:00, run_after=2023-05-05T15:09:06.152080+00:00
[2023-05-05T15:09:06.178+0000] {processor.py:178} INFO - Processing /home/airflow/.local/lib/python3.7/site-packages/airflow/example_dags/example_latest_only_with_trigger.py took 0.093 seconds
[2023-05-05T15:09:36.320+0000] {processor.py:156} INFO - Started process (PID=786) to work on /home/airflow/.local/lib/python3.7/site-packages/airflow/example_dags/example_latest_only_with_trigger.py
[2023-05-05T15:09:36.320+0000] {processor.py:799} INFO - Processing file /home/airflow/.local/lib/python3.7/site-packages/airflow/example_dags/example_latest_only_with_trigger.py for tasks to queue
[2023-05-05T15:09:36.321+0000] {logging_mixin.py:149} INFO - [2023-05-05T15:09:36.320+0000] {dagbag.py:541} INFO - Filling up the DagBag from /home/airflow/.local/lib/python3.7/site-packages/airflow/example_dags/example_latest_only_with_trigger.py
[2023-05-05T15:09:36.325+0000] {processor.py:809} INFO - DAG(s) dict_keys(['latest_only_with_trigger']) retrieved from /home/airflow/.local/lib/python3.7/site-packages/airflow/example_dags/example_latest_only_with_trigger.py
[2023-05-05T15:09:36.346+0000] {logging_mixin.py:149} INFO - [2023-05-05T15:09:36.346+0000] {dag.py:2726} INFO - Sync 1 DAGs
[2023-05-05T15:09:36.371+0000] {logging_mixin.py:149} INFO - [2023-05-05T15:09:36.371+0000] {dag.py:3490} INFO - Setting next_dagrun for latest_only_with_trigger to 2023-05-05T11:09:36.371341+00:00, run_after=2023-05-05T15:09:36.371341+00:00
[2023-05-05T15:09:36.391+0000] {processor.py:178} INFO - Processing /home/airflow/.local/lib/python3.7/site-packages/airflow/example_dags/example_latest_only_with_trigger.py took 0.074 seconds
[2023-05-05T15:10:07.427+0000] {processor.py:156} INFO - Started process (PID=846) to work on /home/airflow/.local/lib/python3.7/site-packages/airflow/example_dags/example_latest_only_with_trigger.py
[2023-05-05T15:10:07.428+0000] {processor.py:799} INFO - Processing file /home/airflow/.local/lib/python3.7/site-packages/airflow/example_dags/example_latest_only_with_trigger.py for tasks to queue
[2023-05-05T15:10:07.429+0000] {logging_mixin.py:149} INFO - [2023-05-05T15:10:07.429+0000] {dagbag.py:541} INFO - Filling up the DagBag from /home/airflow/.local/lib/python3.7/site-packages/airflow/example_dags/example_latest_only_with_trigger.py
[2023-05-05T15:10:07.437+0000] {processor.py:809} INFO - DAG(s) dict_keys(['latest_only_with_trigger']) retrieved from /home/airflow/.local/lib/python3.7/site-packages/airflow/example_dags/example_latest_only_with_trigger.py
[2023-05-05T15:10:07.467+0000] {logging_mixin.py:149} INFO - [2023-05-05T15:10:07.467+0000] {dag.py:2726} INFO - Sync 1 DAGs
[2023-05-05T15:10:07.495+0000] {logging_mixin.py:149} INFO - [2023-05-05T15:10:07.495+0000] {dag.py:3490} INFO - Setting next_dagrun for latest_only_with_trigger to 2023-05-05T11:10:07.495150+00:00, run_after=2023-05-05T15:10:07.495150+00:00
[2023-05-05T15:10:07.514+0000] {processor.py:178} INFO - Processing /home/airflow/.local/lib/python3.7/site-packages/airflow/example_dags/example_latest_only_with_trigger.py took 0.090 seconds
[2023-05-05T15:10:38.590+0000] {processor.py:156} INFO - Started process (PID=906) to work on /home/airflow/.local/lib/python3.7/site-packages/airflow/example_dags/example_latest_only_with_trigger.py
[2023-05-05T15:10:38.590+0000] {processor.py:799} INFO - Processing file /home/airflow/.local/lib/python3.7/site-packages/airflow/example_dags/example_latest_only_with_trigger.py for tasks to queue
[2023-05-05T15:10:38.591+0000] {logging_mixin.py:149} INFO - [2023-05-05T15:10:38.591+0000] {dagbag.py:541} INFO - Filling up the DagBag from /home/airflow/.local/lib/python3.7/site-packages/airflow/example_dags/example_latest_only_with_trigger.py
[2023-05-05T15:10:38.595+0000] {processor.py:809} INFO - DAG(s) dict_keys(['latest_only_with_trigger']) retrieved from /home/airflow/.local/lib/python3.7/site-packages/airflow/example_dags/example_latest_only_with_trigger.py
[2023-05-05T15:10:38.616+0000] {logging_mixin.py:149} INFO - [2023-05-05T15:10:38.616+0000] {dag.py:2726} INFO - Sync 1 DAGs
[2023-05-05T15:10:38.641+0000] {logging_mixin.py:149} INFO - [2023-05-05T15:10:38.641+0000] {dag.py:3490} INFO - Setting next_dagrun for latest_only_with_trigger to 2023-05-05T11:10:38.640899+00:00, run_after=2023-05-05T15:10:38.640899+00:00
[2023-05-05T15:10:38.663+0000] {processor.py:178} INFO - Processing /home/airflow/.local/lib/python3.7/site-packages/airflow/example_dags/example_latest_only_with_trigger.py took 0.076 seconds
[2023-05-05T15:11:08.902+0000] {processor.py:156} INFO - Started process (PID=966) to work on /home/airflow/.local/lib/python3.7/site-packages/airflow/example_dags/example_latest_only_with_trigger.py
[2023-05-05T15:11:08.903+0000] {processor.py:799} INFO - Processing file /home/airflow/.local/lib/python3.7/site-packages/airflow/example_dags/example_latest_only_with_trigger.py for tasks to queue
[2023-05-05T15:11:08.903+0000] {logging_mixin.py:149} INFO - [2023-05-05T15:11:08.903+0000] {dagbag.py:541} INFO - Filling up the DagBag from /home/airflow/.local/lib/python3.7/site-packages/airflow/example_dags/example_latest_only_with_trigger.py
[2023-05-05T15:11:08.909+0000] {processor.py:809} INFO - DAG(s) dict_keys(['latest_only_with_trigger']) retrieved from /home/airflow/.local/lib/python3.7/site-packages/airflow/example_dags/example_latest_only_with_trigger.py
[2023-05-05T15:11:08.931+0000] {logging_mixin.py:149} INFO - [2023-05-05T15:11:08.930+0000] {dag.py:2726} INFO - Sync 1 DAGs
[2023-05-05T15:11:08.955+0000] {logging_mixin.py:149} INFO - [2023-05-05T15:11:08.954+0000] {dag.py:3490} INFO - Setting next_dagrun for latest_only_with_trigger to 2023-05-05T11:11:08.954625+00:00, run_after=2023-05-05T15:11:08.954625+00:00
[2023-05-05T15:11:08.976+0000] {processor.py:178} INFO - Processing /home/airflow/.local/lib/python3.7/site-packages/airflow/example_dags/example_latest_only_with_trigger.py took 0.076 seconds
[2023-05-05T15:11:39.557+0000] {processor.py:156} INFO - Started process (PID=1026) to work on /home/airflow/.local/lib/python3.7/site-packages/airflow/example_dags/example_latest_only_with_trigger.py
[2023-05-05T15:11:39.558+0000] {processor.py:799} INFO - Processing file /home/airflow/.local/lib/python3.7/site-packages/airflow/example_dags/example_latest_only_with_trigger.py for tasks to queue
[2023-05-05T15:11:39.558+0000] {logging_mixin.py:149} INFO - [2023-05-05T15:11:39.558+0000] {dagbag.py:541} INFO - Filling up the DagBag from /home/airflow/.local/lib/python3.7/site-packages/airflow/example_dags/example_latest_only_with_trigger.py
[2023-05-05T15:11:39.563+0000] {processor.py:809} INFO - DAG(s) dict_keys(['latest_only_with_trigger']) retrieved from /home/airflow/.local/lib/python3.7/site-packages/airflow/example_dags/example_latest_only_with_trigger.py
[2023-05-05T15:11:39.585+0000] {logging_mixin.py:149} INFO - [2023-05-05T15:11:39.585+0000] {dag.py:2726} INFO - Sync 1 DAGs
[2023-05-05T15:11:39.611+0000] {logging_mixin.py:149} INFO - [2023-05-05T15:11:39.611+0000] {dag.py:3490} INFO - Setting next_dagrun for latest_only_with_trigger to 2023-05-05T11:11:39.611417+00:00, run_after=2023-05-05T15:11:39.611417+00:00
[2023-05-05T15:11:39.629+0000] {processor.py:178} INFO - Processing /home/airflow/.local/lib/python3.7/site-packages/airflow/example_dags/example_latest_only_with_trigger.py took 0.075 seconds
[2023-05-05T15:12:10.556+0000] {processor.py:156} INFO - Started process (PID=1086) to work on /home/airflow/.local/lib/python3.7/site-packages/airflow/example_dags/example_latest_only_with_trigger.py
[2023-05-05T15:12:10.557+0000] {processor.py:799} INFO - Processing file /home/airflow/.local/lib/python3.7/site-packages/airflow/example_dags/example_latest_only_with_trigger.py for tasks to queue
[2023-05-05T15:12:10.557+0000] {logging_mixin.py:149} INFO - [2023-05-05T15:12:10.557+0000] {dagbag.py:541} INFO - Filling up the DagBag from /home/airflow/.local/lib/python3.7/site-packages/airflow/example_dags/example_latest_only_with_trigger.py
[2023-05-05T15:12:10.562+0000] {processor.py:809} INFO - DAG(s) dict_keys(['latest_only_with_trigger']) retrieved from /home/airflow/.local/lib/python3.7/site-packages/airflow/example_dags/example_latest_only_with_trigger.py
[2023-05-05T15:12:10.582+0000] {logging_mixin.py:149} INFO - [2023-05-05T15:12:10.582+0000] {dag.py:2726} INFO - Sync 1 DAGs
[2023-05-05T15:12:10.605+0000] {logging_mixin.py:149} INFO - [2023-05-05T15:12:10.605+0000] {dag.py:3490} INFO - Setting next_dagrun for latest_only_with_trigger to 2023-05-05T11:12:10.604941+00:00, run_after=2023-05-05T15:12:10.604941+00:00
[2023-05-05T15:12:10.631+0000] {processor.py:178} INFO - Processing /home/airflow/.local/lib/python3.7/site-packages/airflow/example_dags/example_latest_only_with_trigger.py took 0.077 seconds
[2023-05-05T15:33:46.587+0000] {processor.py:156} INFO - Started process (PID=65) to work on /home/airflow/.local/lib/python3.7/site-packages/airflow/example_dags/example_latest_only_with_trigger.py
[2023-05-05T15:33:46.602+0000] {processor.py:799} INFO - Processing file /home/airflow/.local/lib/python3.7/site-packages/airflow/example_dags/example_latest_only_with_trigger.py for tasks to queue
[2023-05-05T15:33:46.604+0000] {logging_mixin.py:149} INFO - [2023-05-05T15:33:46.603+0000] {dagbag.py:541} INFO - Filling up the DagBag from /home/airflow/.local/lib/python3.7/site-packages/airflow/example_dags/example_latest_only_with_trigger.py
[2023-05-05T15:33:46.622+0000] {processor.py:809} INFO - DAG(s) dict_keys(['latest_only_with_trigger']) retrieved from /home/airflow/.local/lib/python3.7/site-packages/airflow/example_dags/example_latest_only_with_trigger.py
[2023-05-05T15:33:46.684+0000] {logging_mixin.py:149} INFO - [2023-05-05T15:33:46.684+0000] {dag.py:2726} INFO - Sync 1 DAGs
[2023-05-05T15:33:46.766+0000] {logging_mixin.py:149} INFO - [2023-05-05T15:33:46.766+0000] {dag.py:3490} INFO - Setting next_dagrun for latest_only_with_trigger to 2023-05-05T11:33:46.766132+00:00, run_after=2023-05-05T15:33:46.766132+00:00
[2023-05-05T15:33:46.826+0000] {processor.py:178} INFO - Processing /home/airflow/.local/lib/python3.7/site-packages/airflow/example_dags/example_latest_only_with_trigger.py took 0.245 seconds
