[2023-05-05T15:03:26.571+0000] {processor.py:156} INFO - Started process (PID=54) to work on /home/airflow/.local/lib/python3.7/site-packages/airflow/example_dags/example_xcomargs.py
[2023-05-05T15:03:26.572+0000] {processor.py:799} INFO - Processing file /home/airflow/.local/lib/python3.7/site-packages/airflow/example_dags/example_xcomargs.py for tasks to queue
[2023-05-05T15:03:26.572+0000] {logging_mixin.py:149} INFO - [2023-05-05T15:03:26.572+0000] {dagbag.py:541} INFO - Filling up the DagBag from /home/airflow/.local/lib/python3.7/site-packages/airflow/example_dags/example_xcomargs.py
[2023-05-05T15:03:26.578+0000] {processor.py:809} INFO - DAG(s) dict_keys(['example_xcom_args_with_operators', 'example_xcom_args']) retrieved from /home/airflow/.local/lib/python3.7/site-packages/airflow/example_dags/example_xcomargs.py
[2023-05-05T15:03:26.685+0000] {logging_mixin.py:149} INFO - [2023-05-05T15:03:26.684+0000] {manager.py:504} INFO - Created Permission View: can read on DAG:example_xcom_args_with_operators
[2023-05-05T15:03:26.693+0000] {logging_mixin.py:149} INFO - [2023-05-05T15:03:26.693+0000] {manager.py:504} INFO - Created Permission View: can edit on DAG:example_xcom_args_with_operators
[2023-05-05T15:03:26.700+0000] {logging_mixin.py:149} INFO - [2023-05-05T15:03:26.700+0000] {manager.py:504} INFO - Created Permission View: can delete on DAG:example_xcom_args_with_operators
[2023-05-05T15:03:26.715+0000] {logging_mixin.py:149} INFO - [2023-05-05T15:03:26.715+0000] {manager.py:504} INFO - Created Permission View: can read on DAG:example_xcom_args
[2023-05-05T15:03:26.723+0000] {logging_mixin.py:149} INFO - [2023-05-05T15:03:26.723+0000] {manager.py:504} INFO - Created Permission View: can edit on DAG:example_xcom_args
[2023-05-05T15:03:26.731+0000] {logging_mixin.py:149} INFO - [2023-05-05T15:03:26.731+0000] {manager.py:504} INFO - Created Permission View: can delete on DAG:example_xcom_args
[2023-05-05T15:03:26.731+0000] {logging_mixin.py:149} INFO - [2023-05-05T15:03:26.731+0000] {dag.py:2726} INFO - Sync 2 DAGs
[2023-05-05T15:03:26.745+0000] {logging_mixin.py:149} INFO - [2023-05-05T15:03:26.745+0000] {dag.py:2747} INFO - Creating ORM DAG for example_xcom_args_with_operators
[2023-05-05T15:03:26.745+0000] {logging_mixin.py:149} INFO - [2023-05-05T15:03:26.745+0000] {dag.py:2747} INFO - Creating ORM DAG for example_xcom_args
[2023-05-05T15:03:26.756+0000] {logging_mixin.py:149} INFO - [2023-05-05T15:03:26.756+0000] {dag.py:3490} INFO - Setting next_dagrun for example_xcom_args to None, run_after=None
[2023-05-05T15:03:26.757+0000] {logging_mixin.py:149} INFO - [2023-05-05T15:03:26.757+0000] {dag.py:3490} INFO - Setting next_dagrun for example_xcom_args_with_operators to None, run_after=None
[2023-05-05T15:03:26.776+0000] {processor.py:178} INFO - Processing /home/airflow/.local/lib/python3.7/site-packages/airflow/example_dags/example_xcomargs.py took 0.207 seconds
[2023-05-05T15:03:56.864+0000] {processor.py:156} INFO - Started process (PID=114) to work on /home/airflow/.local/lib/python3.7/site-packages/airflow/example_dags/example_xcomargs.py
[2023-05-05T15:03:56.865+0000] {processor.py:799} INFO - Processing file /home/airflow/.local/lib/python3.7/site-packages/airflow/example_dags/example_xcomargs.py for tasks to queue
[2023-05-05T15:03:56.866+0000] {logging_mixin.py:149} INFO - [2023-05-05T15:03:56.866+0000] {dagbag.py:541} INFO - Filling up the DagBag from /home/airflow/.local/lib/python3.7/site-packages/airflow/example_dags/example_xcomargs.py
[2023-05-05T15:03:56.872+0000] {processor.py:809} INFO - DAG(s) dict_keys(['example_xcom_args_with_operators', 'example_xcom_args']) retrieved from /home/airflow/.local/lib/python3.7/site-packages/airflow/example_dags/example_xcomargs.py
[2023-05-05T15:03:56.894+0000] {logging_mixin.py:149} INFO - [2023-05-05T15:03:56.894+0000] {dag.py:2726} INFO - Sync 2 DAGs
[2023-05-05T15:03:56.918+0000] {logging_mixin.py:149} INFO - [2023-05-05T15:03:56.917+0000] {dag.py:3490} INFO - Setting next_dagrun for example_xcom_args to None, run_after=None
[2023-05-05T15:03:56.921+0000] {logging_mixin.py:149} INFO - [2023-05-05T15:03:56.921+0000] {dag.py:3490} INFO - Setting next_dagrun for example_xcom_args_with_operators to None, run_after=None
[2023-05-05T15:03:56.943+0000] {processor.py:178} INFO - Processing /home/airflow/.local/lib/python3.7/site-packages/airflow/example_dags/example_xcomargs.py took 0.081 seconds
[2023-05-05T15:04:27.815+0000] {processor.py:156} INFO - Started process (PID=174) to work on /home/airflow/.local/lib/python3.7/site-packages/airflow/example_dags/example_xcomargs.py
[2023-05-05T15:04:27.816+0000] {processor.py:799} INFO - Processing file /home/airflow/.local/lib/python3.7/site-packages/airflow/example_dags/example_xcomargs.py for tasks to queue
[2023-05-05T15:04:27.818+0000] {logging_mixin.py:149} INFO - [2023-05-05T15:04:27.817+0000] {dagbag.py:541} INFO - Filling up the DagBag from /home/airflow/.local/lib/python3.7/site-packages/airflow/example_dags/example_xcomargs.py
[2023-05-05T15:04:27.828+0000] {processor.py:809} INFO - DAG(s) dict_keys(['example_xcom_args', 'example_xcom_args_with_operators']) retrieved from /home/airflow/.local/lib/python3.7/site-packages/airflow/example_dags/example_xcomargs.py
[2023-05-05T15:04:27.862+0000] {logging_mixin.py:149} INFO - [2023-05-05T15:04:27.862+0000] {dag.py:2726} INFO - Sync 2 DAGs
[2023-05-05T15:04:27.892+0000] {logging_mixin.py:149} INFO - [2023-05-05T15:04:27.891+0000] {dag.py:3490} INFO - Setting next_dagrun for example_xcom_args to None, run_after=None
[2023-05-05T15:04:27.895+0000] {logging_mixin.py:149} INFO - [2023-05-05T15:04:27.895+0000] {dag.py:3490} INFO - Setting next_dagrun for example_xcom_args_with_operators to None, run_after=None
[2023-05-05T15:04:27.918+0000] {processor.py:178} INFO - Processing /home/airflow/.local/lib/python3.7/site-packages/airflow/example_dags/example_xcomargs.py took 0.110 seconds
[2023-05-05T15:04:58.880+0000] {processor.py:156} INFO - Started process (PID=234) to work on /home/airflow/.local/lib/python3.7/site-packages/airflow/example_dags/example_xcomargs.py
[2023-05-05T15:04:58.881+0000] {processor.py:799} INFO - Processing file /home/airflow/.local/lib/python3.7/site-packages/airflow/example_dags/example_xcomargs.py for tasks to queue
[2023-05-05T15:04:58.881+0000] {logging_mixin.py:149} INFO - [2023-05-05T15:04:58.881+0000] {dagbag.py:541} INFO - Filling up the DagBag from /home/airflow/.local/lib/python3.7/site-packages/airflow/example_dags/example_xcomargs.py
[2023-05-05T15:04:58.889+0000] {processor.py:809} INFO - DAG(s) dict_keys(['example_xcom_args', 'example_xcom_args_with_operators']) retrieved from /home/airflow/.local/lib/python3.7/site-packages/airflow/example_dags/example_xcomargs.py
[2023-05-05T15:04:58.925+0000] {logging_mixin.py:149} INFO - [2023-05-05T15:04:58.925+0000] {dag.py:2726} INFO - Sync 2 DAGs
[2023-05-05T15:04:58.957+0000] {logging_mixin.py:149} INFO - [2023-05-05T15:04:58.957+0000] {dag.py:3490} INFO - Setting next_dagrun for example_xcom_args to None, run_after=None
[2023-05-05T15:04:58.961+0000] {logging_mixin.py:149} INFO - [2023-05-05T15:04:58.961+0000] {dag.py:3490} INFO - Setting next_dagrun for example_xcom_args_with_operators to None, run_after=None
[2023-05-05T15:04:58.981+0000] {processor.py:178} INFO - Processing /home/airflow/.local/lib/python3.7/site-packages/airflow/example_dags/example_xcomargs.py took 0.104 seconds
[2023-05-05T15:05:29.182+0000] {processor.py:156} INFO - Started process (PID=294) to work on /home/airflow/.local/lib/python3.7/site-packages/airflow/example_dags/example_xcomargs.py
[2023-05-05T15:05:29.183+0000] {processor.py:799} INFO - Processing file /home/airflow/.local/lib/python3.7/site-packages/airflow/example_dags/example_xcomargs.py for tasks to queue
[2023-05-05T15:05:29.183+0000] {logging_mixin.py:149} INFO - [2023-05-05T15:05:29.183+0000] {dagbag.py:541} INFO - Filling up the DagBag from /home/airflow/.local/lib/python3.7/site-packages/airflow/example_dags/example_xcomargs.py
[2023-05-05T15:05:29.189+0000] {processor.py:809} INFO - DAG(s) dict_keys(['example_xcom_args_with_operators', 'example_xcom_args']) retrieved from /home/airflow/.local/lib/python3.7/site-packages/airflow/example_dags/example_xcomargs.py
[2023-05-05T15:05:29.213+0000] {logging_mixin.py:149} INFO - [2023-05-05T15:05:29.213+0000] {dag.py:2726} INFO - Sync 2 DAGs
[2023-05-05T15:05:29.238+0000] {logging_mixin.py:149} INFO - [2023-05-05T15:05:29.238+0000] {dag.py:3490} INFO - Setting next_dagrun for example_xcom_args to None, run_after=None
[2023-05-05T15:05:29.241+0000] {logging_mixin.py:149} INFO - [2023-05-05T15:05:29.241+0000] {dag.py:3490} INFO - Setting next_dagrun for example_xcom_args_with_operators to None, run_after=None
[2023-05-05T15:05:29.262+0000] {processor.py:178} INFO - Processing /home/airflow/.local/lib/python3.7/site-packages/airflow/example_dags/example_xcomargs.py took 0.082 seconds
[2023-05-05T15:06:00.341+0000] {processor.py:156} INFO - Started process (PID=354) to work on /home/airflow/.local/lib/python3.7/site-packages/airflow/example_dags/example_xcomargs.py
[2023-05-05T15:06:00.342+0000] {processor.py:799} INFO - Processing file /home/airflow/.local/lib/python3.7/site-packages/airflow/example_dags/example_xcomargs.py for tasks to queue
[2023-05-05T15:06:00.342+0000] {logging_mixin.py:149} INFO - [2023-05-05T15:06:00.342+0000] {dagbag.py:541} INFO - Filling up the DagBag from /home/airflow/.local/lib/python3.7/site-packages/airflow/example_dags/example_xcomargs.py
[2023-05-05T15:06:00.348+0000] {processor.py:809} INFO - DAG(s) dict_keys(['example_xcom_args', 'example_xcom_args_with_operators']) retrieved from /home/airflow/.local/lib/python3.7/site-packages/airflow/example_dags/example_xcomargs.py
[2023-05-05T15:06:00.373+0000] {logging_mixin.py:149} INFO - [2023-05-05T15:06:00.373+0000] {dag.py:2726} INFO - Sync 2 DAGs
[2023-05-05T15:06:00.398+0000] {logging_mixin.py:149} INFO - [2023-05-05T15:06:00.398+0000] {dag.py:3490} INFO - Setting next_dagrun for example_xcom_args to None, run_after=None
[2023-05-05T15:06:00.402+0000] {logging_mixin.py:149} INFO - [2023-05-05T15:06:00.402+0000] {dag.py:3490} INFO - Setting next_dagrun for example_xcom_args_with_operators to None, run_after=None
[2023-05-05T15:06:00.420+0000] {processor.py:178} INFO - Processing /home/airflow/.local/lib/python3.7/site-packages/airflow/example_dags/example_xcomargs.py took 0.082 seconds
[2023-05-05T15:06:30.940+0000] {processor.py:156} INFO - Started process (PID=414) to work on /home/airflow/.local/lib/python3.7/site-packages/airflow/example_dags/example_xcomargs.py
[2023-05-05T15:06:30.941+0000] {processor.py:799} INFO - Processing file /home/airflow/.local/lib/python3.7/site-packages/airflow/example_dags/example_xcomargs.py for tasks to queue
[2023-05-05T15:06:30.941+0000] {logging_mixin.py:149} INFO - [2023-05-05T15:06:30.941+0000] {dagbag.py:541} INFO - Filling up the DagBag from /home/airflow/.local/lib/python3.7/site-packages/airflow/example_dags/example_xcomargs.py
[2023-05-05T15:06:30.948+0000] {processor.py:809} INFO - DAG(s) dict_keys(['example_xcom_args_with_operators', 'example_xcom_args']) retrieved from /home/airflow/.local/lib/python3.7/site-packages/airflow/example_dags/example_xcomargs.py
[2023-05-05T15:06:30.973+0000] {logging_mixin.py:149} INFO - [2023-05-05T15:06:30.973+0000] {dag.py:2726} INFO - Sync 2 DAGs
[2023-05-05T15:06:30.998+0000] {logging_mixin.py:149} INFO - [2023-05-05T15:06:30.998+0000] {dag.py:3490} INFO - Setting next_dagrun for example_xcom_args to None, run_after=None
[2023-05-05T15:06:31.003+0000] {logging_mixin.py:149} INFO - [2023-05-05T15:06:31.002+0000] {dag.py:3490} INFO - Setting next_dagrun for example_xcom_args_with_operators to None, run_after=None
[2023-05-05T15:06:31.024+0000] {processor.py:178} INFO - Processing /home/airflow/.local/lib/python3.7/site-packages/airflow/example_dags/example_xcomargs.py took 0.088 seconds
[2023-05-05T15:07:01.944+0000] {processor.py:156} INFO - Started process (PID=474) to work on /home/airflow/.local/lib/python3.7/site-packages/airflow/example_dags/example_xcomargs.py
[2023-05-05T15:07:01.945+0000] {processor.py:799} INFO - Processing file /home/airflow/.local/lib/python3.7/site-packages/airflow/example_dags/example_xcomargs.py for tasks to queue
[2023-05-05T15:07:01.946+0000] {logging_mixin.py:149} INFO - [2023-05-05T15:07:01.945+0000] {dagbag.py:541} INFO - Filling up the DagBag from /home/airflow/.local/lib/python3.7/site-packages/airflow/example_dags/example_xcomargs.py
[2023-05-05T15:07:01.952+0000] {processor.py:809} INFO - DAG(s) dict_keys(['example_xcom_args_with_operators', 'example_xcom_args']) retrieved from /home/airflow/.local/lib/python3.7/site-packages/airflow/example_dags/example_xcomargs.py
[2023-05-05T15:07:01.976+0000] {logging_mixin.py:149} INFO - [2023-05-05T15:07:01.976+0000] {dag.py:2726} INFO - Sync 2 DAGs
[2023-05-05T15:07:02.006+0000] {logging_mixin.py:149} INFO - [2023-05-05T15:07:02.006+0000] {dag.py:3490} INFO - Setting next_dagrun for example_xcom_args to None, run_after=None
[2023-05-05T15:07:02.010+0000] {logging_mixin.py:149} INFO - [2023-05-05T15:07:02.010+0000] {dag.py:3490} INFO - Setting next_dagrun for example_xcom_args_with_operators to None, run_after=None
[2023-05-05T15:07:02.038+0000] {processor.py:178} INFO - Processing /home/airflow/.local/lib/python3.7/site-packages/airflow/example_dags/example_xcomargs.py took 0.096 seconds
[2023-05-05T15:07:33.067+0000] {processor.py:156} INFO - Started process (PID=534) to work on /home/airflow/.local/lib/python3.7/site-packages/airflow/example_dags/example_xcomargs.py
[2023-05-05T15:07:33.068+0000] {processor.py:799} INFO - Processing file /home/airflow/.local/lib/python3.7/site-packages/airflow/example_dags/example_xcomargs.py for tasks to queue
[2023-05-05T15:07:33.068+0000] {logging_mixin.py:149} INFO - [2023-05-05T15:07:33.068+0000] {dagbag.py:541} INFO - Filling up the DagBag from /home/airflow/.local/lib/python3.7/site-packages/airflow/example_dags/example_xcomargs.py
[2023-05-05T15:07:33.074+0000] {processor.py:809} INFO - DAG(s) dict_keys(['example_xcom_args_with_operators', 'example_xcom_args']) retrieved from /home/airflow/.local/lib/python3.7/site-packages/airflow/example_dags/example_xcomargs.py
[2023-05-05T15:07:33.099+0000] {logging_mixin.py:149} INFO - [2023-05-05T15:07:33.099+0000] {dag.py:2726} INFO - Sync 2 DAGs
[2023-05-05T15:07:33.123+0000] {logging_mixin.py:149} INFO - [2023-05-05T15:07:33.123+0000] {dag.py:3490} INFO - Setting next_dagrun for example_xcom_args to None, run_after=None
[2023-05-05T15:07:33.126+0000] {logging_mixin.py:149} INFO - [2023-05-05T15:07:33.126+0000] {dag.py:3490} INFO - Setting next_dagrun for example_xcom_args_with_operators to None, run_after=None
[2023-05-05T15:07:33.145+0000] {processor.py:178} INFO - Processing /home/airflow/.local/lib/python3.7/site-packages/airflow/example_dags/example_xcomargs.py took 0.081 seconds
[2023-05-05T15:08:04.246+0000] {processor.py:156} INFO - Started process (PID=594) to work on /home/airflow/.local/lib/python3.7/site-packages/airflow/example_dags/example_xcomargs.py
[2023-05-05T15:08:04.247+0000] {processor.py:799} INFO - Processing file /home/airflow/.local/lib/python3.7/site-packages/airflow/example_dags/example_xcomargs.py for tasks to queue
[2023-05-05T15:08:04.247+0000] {logging_mixin.py:149} INFO - [2023-05-05T15:08:04.247+0000] {dagbag.py:541} INFO - Filling up the DagBag from /home/airflow/.local/lib/python3.7/site-packages/airflow/example_dags/example_xcomargs.py
[2023-05-05T15:08:04.254+0000] {processor.py:809} INFO - DAG(s) dict_keys(['example_xcom_args', 'example_xcom_args_with_operators']) retrieved from /home/airflow/.local/lib/python3.7/site-packages/airflow/example_dags/example_xcomargs.py
[2023-05-05T15:08:04.278+0000] {logging_mixin.py:149} INFO - [2023-05-05T15:08:04.277+0000] {dag.py:2726} INFO - Sync 2 DAGs
[2023-05-05T15:08:04.302+0000] {logging_mixin.py:149} INFO - [2023-05-05T15:08:04.301+0000] {dag.py:3490} INFO - Setting next_dagrun for example_xcom_args to None, run_after=None
[2023-05-05T15:08:04.305+0000] {logging_mixin.py:149} INFO - [2023-05-05T15:08:04.305+0000] {dag.py:3490} INFO - Setting next_dagrun for example_xcom_args_with_operators to None, run_after=None
[2023-05-05T15:08:04.321+0000] {processor.py:178} INFO - Processing /home/airflow/.local/lib/python3.7/site-packages/airflow/example_dags/example_xcomargs.py took 0.077 seconds
[2023-05-05T15:08:34.648+0000] {processor.py:156} INFO - Started process (PID=654) to work on /home/airflow/.local/lib/python3.7/site-packages/airflow/example_dags/example_xcomargs.py
[2023-05-05T15:08:34.650+0000] {processor.py:799} INFO - Processing file /home/airflow/.local/lib/python3.7/site-packages/airflow/example_dags/example_xcomargs.py for tasks to queue
[2023-05-05T15:08:34.650+0000] {logging_mixin.py:149} INFO - [2023-05-05T15:08:34.650+0000] {dagbag.py:541} INFO - Filling up the DagBag from /home/airflow/.local/lib/python3.7/site-packages/airflow/example_dags/example_xcomargs.py
[2023-05-05T15:08:34.657+0000] {processor.py:809} INFO - DAG(s) dict_keys(['example_xcom_args_with_operators', 'example_xcom_args']) retrieved from /home/airflow/.local/lib/python3.7/site-packages/airflow/example_dags/example_xcomargs.py
[2023-05-05T15:08:34.684+0000] {logging_mixin.py:149} INFO - [2023-05-05T15:08:34.684+0000] {dag.py:2726} INFO - Sync 2 DAGs
[2023-05-05T15:08:34.711+0000] {logging_mixin.py:149} INFO - [2023-05-05T15:08:34.711+0000] {dag.py:3490} INFO - Setting next_dagrun for example_xcom_args to None, run_after=None
[2023-05-05T15:08:34.716+0000] {logging_mixin.py:149} INFO - [2023-05-05T15:08:34.716+0000] {dag.py:3490} INFO - Setting next_dagrun for example_xcom_args_with_operators to None, run_after=None
[2023-05-05T15:08:34.741+0000] {processor.py:178} INFO - Processing /home/airflow/.local/lib/python3.7/site-packages/airflow/example_dags/example_xcomargs.py took 0.096 seconds
[2023-05-05T15:09:05.319+0000] {processor.py:156} INFO - Started process (PID=714) to work on /home/airflow/.local/lib/python3.7/site-packages/airflow/example_dags/example_xcomargs.py
[2023-05-05T15:09:05.320+0000] {processor.py:799} INFO - Processing file /home/airflow/.local/lib/python3.7/site-packages/airflow/example_dags/example_xcomargs.py for tasks to queue
[2023-05-05T15:09:05.321+0000] {logging_mixin.py:149} INFO - [2023-05-05T15:09:05.320+0000] {dagbag.py:541} INFO - Filling up the DagBag from /home/airflow/.local/lib/python3.7/site-packages/airflow/example_dags/example_xcomargs.py
[2023-05-05T15:09:05.329+0000] {processor.py:809} INFO - DAG(s) dict_keys(['example_xcom_args', 'example_xcom_args_with_operators']) retrieved from /home/airflow/.local/lib/python3.7/site-packages/airflow/example_dags/example_xcomargs.py
[2023-05-05T15:09:05.361+0000] {logging_mixin.py:149} INFO - [2023-05-05T15:09:05.361+0000] {dag.py:2726} INFO - Sync 2 DAGs
[2023-05-05T15:09:05.391+0000] {logging_mixin.py:149} INFO - [2023-05-05T15:09:05.391+0000] {dag.py:3490} INFO - Setting next_dagrun for example_xcom_args to None, run_after=None
[2023-05-05T15:09:05.396+0000] {logging_mixin.py:149} INFO - [2023-05-05T15:09:05.396+0000] {dag.py:3490} INFO - Setting next_dagrun for example_xcom_args_with_operators to None, run_after=None
[2023-05-05T15:09:05.416+0000] {processor.py:178} INFO - Processing /home/airflow/.local/lib/python3.7/site-packages/airflow/example_dags/example_xcomargs.py took 0.099 seconds
[2023-05-05T15:09:35.577+0000] {processor.py:156} INFO - Started process (PID=774) to work on /home/airflow/.local/lib/python3.7/site-packages/airflow/example_dags/example_xcomargs.py
[2023-05-05T15:09:35.578+0000] {processor.py:799} INFO - Processing file /home/airflow/.local/lib/python3.7/site-packages/airflow/example_dags/example_xcomargs.py for tasks to queue
[2023-05-05T15:09:35.578+0000] {logging_mixin.py:149} INFO - [2023-05-05T15:09:35.578+0000] {dagbag.py:541} INFO - Filling up the DagBag from /home/airflow/.local/lib/python3.7/site-packages/airflow/example_dags/example_xcomargs.py
[2023-05-05T15:09:35.584+0000] {processor.py:809} INFO - DAG(s) dict_keys(['example_xcom_args', 'example_xcom_args_with_operators']) retrieved from /home/airflow/.local/lib/python3.7/site-packages/airflow/example_dags/example_xcomargs.py
[2023-05-05T15:09:35.615+0000] {logging_mixin.py:149} INFO - [2023-05-05T15:09:35.615+0000] {dag.py:2726} INFO - Sync 2 DAGs
[2023-05-05T15:09:35.639+0000] {logging_mixin.py:149} INFO - [2023-05-05T15:09:35.639+0000] {dag.py:3490} INFO - Setting next_dagrun for example_xcom_args to None, run_after=None
[2023-05-05T15:09:35.643+0000] {logging_mixin.py:149} INFO - [2023-05-05T15:09:35.643+0000] {dag.py:3490} INFO - Setting next_dagrun for example_xcom_args_with_operators to None, run_after=None
[2023-05-05T15:09:35.665+0000] {processor.py:178} INFO - Processing /home/airflow/.local/lib/python3.7/site-packages/airflow/example_dags/example_xcomargs.py took 0.091 seconds
[2023-05-05T15:10:06.733+0000] {processor.py:156} INFO - Started process (PID=834) to work on /home/airflow/.local/lib/python3.7/site-packages/airflow/example_dags/example_xcomargs.py
[2023-05-05T15:10:06.734+0000] {processor.py:799} INFO - Processing file /home/airflow/.local/lib/python3.7/site-packages/airflow/example_dags/example_xcomargs.py for tasks to queue
[2023-05-05T15:10:06.735+0000] {logging_mixin.py:149} INFO - [2023-05-05T15:10:06.735+0000] {dagbag.py:541} INFO - Filling up the DagBag from /home/airflow/.local/lib/python3.7/site-packages/airflow/example_dags/example_xcomargs.py
[2023-05-05T15:10:06.741+0000] {processor.py:809} INFO - DAG(s) dict_keys(['example_xcom_args', 'example_xcom_args_with_operators']) retrieved from /home/airflow/.local/lib/python3.7/site-packages/airflow/example_dags/example_xcomargs.py
[2023-05-05T15:10:06.768+0000] {logging_mixin.py:149} INFO - [2023-05-05T15:10:06.768+0000] {dag.py:2726} INFO - Sync 2 DAGs
[2023-05-05T15:10:06.794+0000] {logging_mixin.py:149} INFO - [2023-05-05T15:10:06.793+0000] {dag.py:3490} INFO - Setting next_dagrun for example_xcom_args to None, run_after=None
[2023-05-05T15:10:06.797+0000] {logging_mixin.py:149} INFO - [2023-05-05T15:10:06.797+0000] {dag.py:3490} INFO - Setting next_dagrun for example_xcom_args_with_operators to None, run_after=None
[2023-05-05T15:10:06.817+0000] {processor.py:178} INFO - Processing /home/airflow/.local/lib/python3.7/site-packages/airflow/example_dags/example_xcomargs.py took 0.087 seconds
[2023-05-05T15:10:37.866+0000] {processor.py:156} INFO - Started process (PID=894) to work on /home/airflow/.local/lib/python3.7/site-packages/airflow/example_dags/example_xcomargs.py
[2023-05-05T15:10:37.866+0000] {processor.py:799} INFO - Processing file /home/airflow/.local/lib/python3.7/site-packages/airflow/example_dags/example_xcomargs.py for tasks to queue
[2023-05-05T15:10:37.867+0000] {logging_mixin.py:149} INFO - [2023-05-05T15:10:37.867+0000] {dagbag.py:541} INFO - Filling up the DagBag from /home/airflow/.local/lib/python3.7/site-packages/airflow/example_dags/example_xcomargs.py
[2023-05-05T15:10:37.873+0000] {processor.py:809} INFO - DAG(s) dict_keys(['example_xcom_args_with_operators', 'example_xcom_args']) retrieved from /home/airflow/.local/lib/python3.7/site-packages/airflow/example_dags/example_xcomargs.py
[2023-05-05T15:10:37.897+0000] {logging_mixin.py:149} INFO - [2023-05-05T15:10:37.897+0000] {dag.py:2726} INFO - Sync 2 DAGs
[2023-05-05T15:10:37.921+0000] {logging_mixin.py:149} INFO - [2023-05-05T15:10:37.921+0000] {dag.py:3490} INFO - Setting next_dagrun for example_xcom_args to None, run_after=None
[2023-05-05T15:10:37.925+0000] {logging_mixin.py:149} INFO - [2023-05-05T15:10:37.925+0000] {dag.py:3490} INFO - Setting next_dagrun for example_xcom_args_with_operators to None, run_after=None
[2023-05-05T15:10:37.949+0000] {processor.py:178} INFO - Processing /home/airflow/.local/lib/python3.7/site-packages/airflow/example_dags/example_xcomargs.py took 0.086 seconds
[2023-05-05T15:11:08.299+0000] {processor.py:156} INFO - Started process (PID=954) to work on /home/airflow/.local/lib/python3.7/site-packages/airflow/example_dags/example_xcomargs.py
[2023-05-05T15:11:08.300+0000] {processor.py:799} INFO - Processing file /home/airflow/.local/lib/python3.7/site-packages/airflow/example_dags/example_xcomargs.py for tasks to queue
[2023-05-05T15:11:08.300+0000] {logging_mixin.py:149} INFO - [2023-05-05T15:11:08.300+0000] {dagbag.py:541} INFO - Filling up the DagBag from /home/airflow/.local/lib/python3.7/site-packages/airflow/example_dags/example_xcomargs.py
[2023-05-05T15:11:08.307+0000] {processor.py:809} INFO - DAG(s) dict_keys(['example_xcom_args_with_operators', 'example_xcom_args']) retrieved from /home/airflow/.local/lib/python3.7/site-packages/airflow/example_dags/example_xcomargs.py
[2023-05-05T15:11:08.334+0000] {logging_mixin.py:149} INFO - [2023-05-05T15:11:08.334+0000] {dag.py:2726} INFO - Sync 2 DAGs
[2023-05-05T15:11:08.360+0000] {logging_mixin.py:149} INFO - [2023-05-05T15:11:08.359+0000] {dag.py:3490} INFO - Setting next_dagrun for example_xcom_args to None, run_after=None
[2023-05-05T15:11:08.363+0000] {logging_mixin.py:149} INFO - [2023-05-05T15:11:08.363+0000] {dag.py:3490} INFO - Setting next_dagrun for example_xcom_args_with_operators to None, run_after=None
[2023-05-05T15:11:08.379+0000] {processor.py:178} INFO - Processing /home/airflow/.local/lib/python3.7/site-packages/airflow/example_dags/example_xcomargs.py took 0.083 seconds
[2023-05-05T15:11:38.910+0000] {processor.py:156} INFO - Started process (PID=1014) to work on /home/airflow/.local/lib/python3.7/site-packages/airflow/example_dags/example_xcomargs.py
[2023-05-05T15:11:38.911+0000] {processor.py:799} INFO - Processing file /home/airflow/.local/lib/python3.7/site-packages/airflow/example_dags/example_xcomargs.py for tasks to queue
[2023-05-05T15:11:38.911+0000] {logging_mixin.py:149} INFO - [2023-05-05T15:11:38.911+0000] {dagbag.py:541} INFO - Filling up the DagBag from /home/airflow/.local/lib/python3.7/site-packages/airflow/example_dags/example_xcomargs.py
[2023-05-05T15:11:38.917+0000] {processor.py:809} INFO - DAG(s) dict_keys(['example_xcom_args', 'example_xcom_args_with_operators']) retrieved from /home/airflow/.local/lib/python3.7/site-packages/airflow/example_dags/example_xcomargs.py
[2023-05-05T15:11:38.941+0000] {logging_mixin.py:149} INFO - [2023-05-05T15:11:38.941+0000] {dag.py:2726} INFO - Sync 2 DAGs
[2023-05-05T15:11:38.965+0000] {logging_mixin.py:149} INFO - [2023-05-05T15:11:38.965+0000] {dag.py:3490} INFO - Setting next_dagrun for example_xcom_args to None, run_after=None
[2023-05-05T15:11:38.968+0000] {logging_mixin.py:149} INFO - [2023-05-05T15:11:38.968+0000] {dag.py:3490} INFO - Setting next_dagrun for example_xcom_args_with_operators to None, run_after=None
[2023-05-05T15:11:39.001+0000] {processor.py:178} INFO - Processing /home/airflow/.local/lib/python3.7/site-packages/airflow/example_dags/example_xcomargs.py took 0.093 seconds
[2023-05-05T15:12:09.937+0000] {processor.py:156} INFO - Started process (PID=1074) to work on /home/airflow/.local/lib/python3.7/site-packages/airflow/example_dags/example_xcomargs.py
[2023-05-05T15:12:09.938+0000] {processor.py:799} INFO - Processing file /home/airflow/.local/lib/python3.7/site-packages/airflow/example_dags/example_xcomargs.py for tasks to queue
[2023-05-05T15:12:09.938+0000] {logging_mixin.py:149} INFO - [2023-05-05T15:12:09.938+0000] {dagbag.py:541} INFO - Filling up the DagBag from /home/airflow/.local/lib/python3.7/site-packages/airflow/example_dags/example_xcomargs.py
[2023-05-05T15:12:09.944+0000] {processor.py:809} INFO - DAG(s) dict_keys(['example_xcom_args', 'example_xcom_args_with_operators']) retrieved from /home/airflow/.local/lib/python3.7/site-packages/airflow/example_dags/example_xcomargs.py
[2023-05-05T15:12:09.968+0000] {logging_mixin.py:149} INFO - [2023-05-05T15:12:09.968+0000] {dag.py:2726} INFO - Sync 2 DAGs
[2023-05-05T15:12:09.991+0000] {logging_mixin.py:149} INFO - [2023-05-05T15:12:09.991+0000] {dag.py:3490} INFO - Setting next_dagrun for example_xcom_args to None, run_after=None
[2023-05-05T15:12:09.994+0000] {logging_mixin.py:149} INFO - [2023-05-05T15:12:09.994+0000] {dag.py:3490} INFO - Setting next_dagrun for example_xcom_args_with_operators to None, run_after=None
[2023-05-05T15:12:10.016+0000] {processor.py:178} INFO - Processing /home/airflow/.local/lib/python3.7/site-packages/airflow/example_dags/example_xcomargs.py took 0.081 seconds
[2023-05-05T15:33:44.575+0000] {processor.py:156} INFO - Started process (PID=53) to work on /home/airflow/.local/lib/python3.7/site-packages/airflow/example_dags/example_xcomargs.py
[2023-05-05T15:33:44.578+0000] {processor.py:799} INFO - Processing file /home/airflow/.local/lib/python3.7/site-packages/airflow/example_dags/example_xcomargs.py for tasks to queue
[2023-05-05T15:33:44.579+0000] {logging_mixin.py:149} INFO - [2023-05-05T15:33:44.579+0000] {dagbag.py:541} INFO - Filling up the DagBag from /home/airflow/.local/lib/python3.7/site-packages/airflow/example_dags/example_xcomargs.py
[2023-05-05T15:33:44.599+0000] {processor.py:809} INFO - DAG(s) dict_keys(['example_xcom_args_with_operators', 'example_xcom_args']) retrieved from /home/airflow/.local/lib/python3.7/site-packages/airflow/example_dags/example_xcomargs.py
[2023-05-05T15:33:44.693+0000] {logging_mixin.py:149} INFO - [2023-05-05T15:33:44.692+0000] {dag.py:2726} INFO - Sync 2 DAGs
[2023-05-05T15:33:44.773+0000] {logging_mixin.py:149} INFO - [2023-05-05T15:33:44.773+0000] {dag.py:3490} INFO - Setting next_dagrun for example_xcom_args to None, run_after=None
[2023-05-05T15:33:44.782+0000] {logging_mixin.py:149} INFO - [2023-05-05T15:33:44.782+0000] {dag.py:3490} INFO - Setting next_dagrun for example_xcom_args_with_operators to None, run_after=None
[2023-05-05T15:33:44.826+0000] {processor.py:178} INFO - Processing /home/airflow/.local/lib/python3.7/site-packages/airflow/example_dags/example_xcomargs.py took 0.261 seconds
