[2023-05-05T15:03:28.672+0000] {processor.py:156} INFO - Started process (PID=71) to work on /home/airflow/.local/lib/python3.7/site-packages/airflow/example_dags/example_trigger_target_dag.py
[2023-05-05T15:03:28.672+0000] {processor.py:799} INFO - Processing file /home/airflow/.local/lib/python3.7/site-packages/airflow/example_dags/example_trigger_target_dag.py for tasks to queue
[2023-05-05T15:03:28.673+0000] {logging_mixin.py:149} INFO - [2023-05-05T15:03:28.673+0000] {dagbag.py:541} INFO - Filling up the DagBag from /home/airflow/.local/lib/python3.7/site-packages/airflow/example_dags/example_trigger_target_dag.py
[2023-05-05T15:03:28.677+0000] {processor.py:809} INFO - DAG(s) dict_keys(['example_trigger_target_dag']) retrieved from /home/airflow/.local/lib/python3.7/site-packages/airflow/example_dags/example_trigger_target_dag.py
[2023-05-05T15:03:28.807+0000] {logging_mixin.py:149} INFO - [2023-05-05T15:03:28.807+0000] {manager.py:504} INFO - Created Permission View: can read on DAG:example_trigger_target_dag
[2023-05-05T15:03:28.817+0000] {logging_mixin.py:149} INFO - [2023-05-05T15:03:28.817+0000] {manager.py:504} INFO - Created Permission View: can edit on DAG:example_trigger_target_dag
[2023-05-05T15:03:28.824+0000] {logging_mixin.py:149} INFO - [2023-05-05T15:03:28.824+0000] {manager.py:504} INFO - Created Permission View: can delete on DAG:example_trigger_target_dag
[2023-05-05T15:03:28.825+0000] {logging_mixin.py:149} INFO - [2023-05-05T15:03:28.825+0000] {dag.py:2726} INFO - Sync 1 DAGs
[2023-05-05T15:03:28.839+0000] {logging_mixin.py:149} INFO - [2023-05-05T15:03:28.839+0000] {dag.py:2747} INFO - Creating ORM DAG for example_trigger_target_dag
[2023-05-05T15:03:28.851+0000] {logging_mixin.py:149} INFO - [2023-05-05T15:03:28.851+0000] {dag.py:3490} INFO - Setting next_dagrun for example_trigger_target_dag to None, run_after=None
[2023-05-05T15:03:28.871+0000] {processor.py:178} INFO - Processing /home/airflow/.local/lib/python3.7/site-packages/airflow/example_dags/example_trigger_target_dag.py took 0.202 seconds
[2023-05-05T15:03:59.720+0000] {processor.py:156} INFO - Started process (PID=131) to work on /home/airflow/.local/lib/python3.7/site-packages/airflow/example_dags/example_trigger_target_dag.py
[2023-05-05T15:03:59.721+0000] {processor.py:799} INFO - Processing file /home/airflow/.local/lib/python3.7/site-packages/airflow/example_dags/example_trigger_target_dag.py for tasks to queue
[2023-05-05T15:03:59.722+0000] {logging_mixin.py:149} INFO - [2023-05-05T15:03:59.722+0000] {dagbag.py:541} INFO - Filling up the DagBag from /home/airflow/.local/lib/python3.7/site-packages/airflow/example_dags/example_trigger_target_dag.py
[2023-05-05T15:03:59.726+0000] {processor.py:809} INFO - DAG(s) dict_keys(['example_trigger_target_dag']) retrieved from /home/airflow/.local/lib/python3.7/site-packages/airflow/example_dags/example_trigger_target_dag.py
[2023-05-05T15:03:59.746+0000] {logging_mixin.py:149} INFO - [2023-05-05T15:03:59.746+0000] {dag.py:2726} INFO - Sync 1 DAGs
[2023-05-05T15:03:59.770+0000] {logging_mixin.py:149} INFO - [2023-05-05T15:03:59.770+0000] {dag.py:3490} INFO - Setting next_dagrun for example_trigger_target_dag to None, run_after=None
[2023-05-05T15:03:59.787+0000] {processor.py:178} INFO - Processing /home/airflow/.local/lib/python3.7/site-packages/airflow/example_dags/example_trigger_target_dag.py took 0.069 seconds
[2023-05-05T15:04:29.936+0000] {processor.py:156} INFO - Started process (PID=191) to work on /home/airflow/.local/lib/python3.7/site-packages/airflow/example_dags/example_trigger_target_dag.py
[2023-05-05T15:04:29.937+0000] {processor.py:799} INFO - Processing file /home/airflow/.local/lib/python3.7/site-packages/airflow/example_dags/example_trigger_target_dag.py for tasks to queue
[2023-05-05T15:04:29.937+0000] {logging_mixin.py:149} INFO - [2023-05-05T15:04:29.937+0000] {dagbag.py:541} INFO - Filling up the DagBag from /home/airflow/.local/lib/python3.7/site-packages/airflow/example_dags/example_trigger_target_dag.py
[2023-05-05T15:04:29.942+0000] {processor.py:809} INFO - DAG(s) dict_keys(['example_trigger_target_dag']) retrieved from /home/airflow/.local/lib/python3.7/site-packages/airflow/example_dags/example_trigger_target_dag.py
[2023-05-05T15:04:29.965+0000] {logging_mixin.py:149} INFO - [2023-05-05T15:04:29.965+0000] {dag.py:2726} INFO - Sync 1 DAGs
[2023-05-05T15:04:29.991+0000] {logging_mixin.py:149} INFO - [2023-05-05T15:04:29.991+0000] {dag.py:3490} INFO - Setting next_dagrun for example_trigger_target_dag to None, run_after=None
[2023-05-05T15:04:30.018+0000] {processor.py:178} INFO - Processing /home/airflow/.local/lib/python3.7/site-packages/airflow/example_dags/example_trigger_target_dag.py took 0.085 seconds
[2023-05-05T15:05:00.876+0000] {processor.py:156} INFO - Started process (PID=251) to work on /home/airflow/.local/lib/python3.7/site-packages/airflow/example_dags/example_trigger_target_dag.py
[2023-05-05T15:05:00.877+0000] {processor.py:799} INFO - Processing file /home/airflow/.local/lib/python3.7/site-packages/airflow/example_dags/example_trigger_target_dag.py for tasks to queue
[2023-05-05T15:05:00.877+0000] {logging_mixin.py:149} INFO - [2023-05-05T15:05:00.877+0000] {dagbag.py:541} INFO - Filling up the DagBag from /home/airflow/.local/lib/python3.7/site-packages/airflow/example_dags/example_trigger_target_dag.py
[2023-05-05T15:05:00.881+0000] {processor.py:809} INFO - DAG(s) dict_keys(['example_trigger_target_dag']) retrieved from /home/airflow/.local/lib/python3.7/site-packages/airflow/example_dags/example_trigger_target_dag.py
[2023-05-05T15:05:00.901+0000] {logging_mixin.py:149} INFO - [2023-05-05T15:05:00.901+0000] {dag.py:2726} INFO - Sync 1 DAGs
[2023-05-05T15:05:00.927+0000] {logging_mixin.py:149} INFO - [2023-05-05T15:05:00.927+0000] {dag.py:3490} INFO - Setting next_dagrun for example_trigger_target_dag to None, run_after=None
[2023-05-05T15:05:00.946+0000] {processor.py:178} INFO - Processing /home/airflow/.local/lib/python3.7/site-packages/airflow/example_dags/example_trigger_target_dag.py took 0.072 seconds
[2023-05-05T15:05:31.165+0000] {processor.py:156} INFO - Started process (PID=311) to work on /home/airflow/.local/lib/python3.7/site-packages/airflow/example_dags/example_trigger_target_dag.py
[2023-05-05T15:05:31.166+0000] {processor.py:799} INFO - Processing file /home/airflow/.local/lib/python3.7/site-packages/airflow/example_dags/example_trigger_target_dag.py for tasks to queue
[2023-05-05T15:05:31.166+0000] {logging_mixin.py:149} INFO - [2023-05-05T15:05:31.166+0000] {dagbag.py:541} INFO - Filling up the DagBag from /home/airflow/.local/lib/python3.7/site-packages/airflow/example_dags/example_trigger_target_dag.py
[2023-05-05T15:05:31.172+0000] {processor.py:809} INFO - DAG(s) dict_keys(['example_trigger_target_dag']) retrieved from /home/airflow/.local/lib/python3.7/site-packages/airflow/example_dags/example_trigger_target_dag.py
[2023-05-05T15:05:31.198+0000] {logging_mixin.py:149} INFO - [2023-05-05T15:05:31.198+0000] {dag.py:2726} INFO - Sync 1 DAGs
[2023-05-05T15:05:31.224+0000] {logging_mixin.py:149} INFO - [2023-05-05T15:05:31.224+0000] {dag.py:3490} INFO - Setting next_dagrun for example_trigger_target_dag to None, run_after=None
[2023-05-05T15:05:31.243+0000] {processor.py:178} INFO - Processing /home/airflow/.local/lib/python3.7/site-packages/airflow/example_dags/example_trigger_target_dag.py took 0.081 seconds
[2023-05-05T15:06:02.178+0000] {processor.py:156} INFO - Started process (PID=371) to work on /home/airflow/.local/lib/python3.7/site-packages/airflow/example_dags/example_trigger_target_dag.py
[2023-05-05T15:06:02.179+0000] {processor.py:799} INFO - Processing file /home/airflow/.local/lib/python3.7/site-packages/airflow/example_dags/example_trigger_target_dag.py for tasks to queue
[2023-05-05T15:06:02.179+0000] {logging_mixin.py:149} INFO - [2023-05-05T15:06:02.179+0000] {dagbag.py:541} INFO - Filling up the DagBag from /home/airflow/.local/lib/python3.7/site-packages/airflow/example_dags/example_trigger_target_dag.py
[2023-05-05T15:06:02.184+0000] {processor.py:809} INFO - DAG(s) dict_keys(['example_trigger_target_dag']) retrieved from /home/airflow/.local/lib/python3.7/site-packages/airflow/example_dags/example_trigger_target_dag.py
[2023-05-05T15:06:02.204+0000] {logging_mixin.py:149} INFO - [2023-05-05T15:06:02.204+0000] {dag.py:2726} INFO - Sync 1 DAGs
[2023-05-05T15:06:02.229+0000] {logging_mixin.py:149} INFO - [2023-05-05T15:06:02.228+0000] {dag.py:3490} INFO - Setting next_dagrun for example_trigger_target_dag to None, run_after=None
[2023-05-05T15:06:02.246+0000] {processor.py:178} INFO - Processing /home/airflow/.local/lib/python3.7/site-packages/airflow/example_dags/example_trigger_target_dag.py took 0.070 seconds
[2023-05-05T15:06:32.836+0000] {processor.py:156} INFO - Started process (PID=431) to work on /home/airflow/.local/lib/python3.7/site-packages/airflow/example_dags/example_trigger_target_dag.py
[2023-05-05T15:06:32.836+0000] {processor.py:799} INFO - Processing file /home/airflow/.local/lib/python3.7/site-packages/airflow/example_dags/example_trigger_target_dag.py for tasks to queue
[2023-05-05T15:06:32.837+0000] {logging_mixin.py:149} INFO - [2023-05-05T15:06:32.837+0000] {dagbag.py:541} INFO - Filling up the DagBag from /home/airflow/.local/lib/python3.7/site-packages/airflow/example_dags/example_trigger_target_dag.py
[2023-05-05T15:06:32.841+0000] {processor.py:809} INFO - DAG(s) dict_keys(['example_trigger_target_dag']) retrieved from /home/airflow/.local/lib/python3.7/site-packages/airflow/example_dags/example_trigger_target_dag.py
[2023-05-05T15:06:32.861+0000] {logging_mixin.py:149} INFO - [2023-05-05T15:06:32.861+0000] {dag.py:2726} INFO - Sync 1 DAGs
[2023-05-05T15:06:32.890+0000] {logging_mixin.py:149} INFO - [2023-05-05T15:06:32.890+0000] {dag.py:3490} INFO - Setting next_dagrun for example_trigger_target_dag to None, run_after=None
[2023-05-05T15:06:32.909+0000] {processor.py:178} INFO - Processing /home/airflow/.local/lib/python3.7/site-packages/airflow/example_dags/example_trigger_target_dag.py took 0.076 seconds
[2023-05-05T15:07:03.037+0000] {processor.py:156} INFO - Started process (PID=491) to work on /home/airflow/.local/lib/python3.7/site-packages/airflow/example_dags/example_trigger_target_dag.py
[2023-05-05T15:07:03.038+0000] {processor.py:799} INFO - Processing file /home/airflow/.local/lib/python3.7/site-packages/airflow/example_dags/example_trigger_target_dag.py for tasks to queue
[2023-05-05T15:07:03.038+0000] {logging_mixin.py:149} INFO - [2023-05-05T15:07:03.038+0000] {dagbag.py:541} INFO - Filling up the DagBag from /home/airflow/.local/lib/python3.7/site-packages/airflow/example_dags/example_trigger_target_dag.py
[2023-05-05T15:07:03.044+0000] {processor.py:809} INFO - DAG(s) dict_keys(['example_trigger_target_dag']) retrieved from /home/airflow/.local/lib/python3.7/site-packages/airflow/example_dags/example_trigger_target_dag.py
[2023-05-05T15:07:03.067+0000] {logging_mixin.py:149} INFO - [2023-05-05T15:07:03.067+0000] {dag.py:2726} INFO - Sync 1 DAGs
[2023-05-05T15:07:03.102+0000] {logging_mixin.py:149} INFO - [2023-05-05T15:07:03.102+0000] {dag.py:3490} INFO - Setting next_dagrun for example_trigger_target_dag to None, run_after=None
[2023-05-05T15:07:03.123+0000] {processor.py:178} INFO - Processing /home/airflow/.local/lib/python3.7/site-packages/airflow/example_dags/example_trigger_target_dag.py took 0.090 seconds
[2023-05-05T15:07:33.986+0000] {processor.py:156} INFO - Started process (PID=551) to work on /home/airflow/.local/lib/python3.7/site-packages/airflow/example_dags/example_trigger_target_dag.py
[2023-05-05T15:07:33.986+0000] {processor.py:799} INFO - Processing file /home/airflow/.local/lib/python3.7/site-packages/airflow/example_dags/example_trigger_target_dag.py for tasks to queue
[2023-05-05T15:07:33.987+0000] {logging_mixin.py:149} INFO - [2023-05-05T15:07:33.987+0000] {dagbag.py:541} INFO - Filling up the DagBag from /home/airflow/.local/lib/python3.7/site-packages/airflow/example_dags/example_trigger_target_dag.py
[2023-05-05T15:07:33.991+0000] {processor.py:809} INFO - DAG(s) dict_keys(['example_trigger_target_dag']) retrieved from /home/airflow/.local/lib/python3.7/site-packages/airflow/example_dags/example_trigger_target_dag.py
[2023-05-05T15:07:34.011+0000] {logging_mixin.py:149} INFO - [2023-05-05T15:07:34.011+0000] {dag.py:2726} INFO - Sync 1 DAGs
[2023-05-05T15:07:34.035+0000] {logging_mixin.py:149} INFO - [2023-05-05T15:07:34.035+0000] {dag.py:3490} INFO - Setting next_dagrun for example_trigger_target_dag to None, run_after=None
[2023-05-05T15:07:34.056+0000] {processor.py:178} INFO - Processing /home/airflow/.local/lib/python3.7/site-packages/airflow/example_dags/example_trigger_target_dag.py took 0.073 seconds
[2023-05-05T15:08:05.145+0000] {processor.py:156} INFO - Started process (PID=611) to work on /home/airflow/.local/lib/python3.7/site-packages/airflow/example_dags/example_trigger_target_dag.py
[2023-05-05T15:08:05.146+0000] {processor.py:799} INFO - Processing file /home/airflow/.local/lib/python3.7/site-packages/airflow/example_dags/example_trigger_target_dag.py for tasks to queue
[2023-05-05T15:08:05.147+0000] {logging_mixin.py:149} INFO - [2023-05-05T15:08:05.147+0000] {dagbag.py:541} INFO - Filling up the DagBag from /home/airflow/.local/lib/python3.7/site-packages/airflow/example_dags/example_trigger_target_dag.py
[2023-05-05T15:08:05.151+0000] {processor.py:809} INFO - DAG(s) dict_keys(['example_trigger_target_dag']) retrieved from /home/airflow/.local/lib/python3.7/site-packages/airflow/example_dags/example_trigger_target_dag.py
[2023-05-05T15:08:05.171+0000] {logging_mixin.py:149} INFO - [2023-05-05T15:08:05.171+0000] {dag.py:2726} INFO - Sync 1 DAGs
[2023-05-05T15:08:05.195+0000] {logging_mixin.py:149} INFO - [2023-05-05T15:08:05.195+0000] {dag.py:3490} INFO - Setting next_dagrun for example_trigger_target_dag to None, run_after=None
[2023-05-05T15:08:05.222+0000] {processor.py:178} INFO - Processing /home/airflow/.local/lib/python3.7/site-packages/airflow/example_dags/example_trigger_target_dag.py took 0.078 seconds
[2023-05-05T15:08:35.982+0000] {processor.py:156} INFO - Started process (PID=671) to work on /home/airflow/.local/lib/python3.7/site-packages/airflow/example_dags/example_trigger_target_dag.py
[2023-05-05T15:08:35.982+0000] {processor.py:799} INFO - Processing file /home/airflow/.local/lib/python3.7/site-packages/airflow/example_dags/example_trigger_target_dag.py for tasks to queue
[2023-05-05T15:08:35.983+0000] {logging_mixin.py:149} INFO - [2023-05-05T15:08:35.983+0000] {dagbag.py:541} INFO - Filling up the DagBag from /home/airflow/.local/lib/python3.7/site-packages/airflow/example_dags/example_trigger_target_dag.py
[2023-05-05T15:08:35.987+0000] {processor.py:809} INFO - DAG(s) dict_keys(['example_trigger_target_dag']) retrieved from /home/airflow/.local/lib/python3.7/site-packages/airflow/example_dags/example_trigger_target_dag.py
[2023-05-05T15:08:36.007+0000] {logging_mixin.py:149} INFO - [2023-05-05T15:08:36.007+0000] {dag.py:2726} INFO - Sync 1 DAGs
[2023-05-05T15:08:36.031+0000] {logging_mixin.py:149} INFO - [2023-05-05T15:08:36.031+0000] {dag.py:3490} INFO - Setting next_dagrun for example_trigger_target_dag to None, run_after=None
[2023-05-05T15:08:36.049+0000] {processor.py:178} INFO - Processing /home/airflow/.local/lib/python3.7/site-packages/airflow/example_dags/example_trigger_target_dag.py took 0.069 seconds
[2023-05-05T15:09:06.444+0000] {processor.py:156} INFO - Started process (PID=731) to work on /home/airflow/.local/lib/python3.7/site-packages/airflow/example_dags/example_trigger_target_dag.py
[2023-05-05T15:09:06.445+0000] {processor.py:799} INFO - Processing file /home/airflow/.local/lib/python3.7/site-packages/airflow/example_dags/example_trigger_target_dag.py for tasks to queue
[2023-05-05T15:09:06.445+0000] {logging_mixin.py:149} INFO - [2023-05-05T15:09:06.445+0000] {dagbag.py:541} INFO - Filling up the DagBag from /home/airflow/.local/lib/python3.7/site-packages/airflow/example_dags/example_trigger_target_dag.py
[2023-05-05T15:09:06.450+0000] {processor.py:809} INFO - DAG(s) dict_keys(['example_trigger_target_dag']) retrieved from /home/airflow/.local/lib/python3.7/site-packages/airflow/example_dags/example_trigger_target_dag.py
[2023-05-05T15:09:06.475+0000] {logging_mixin.py:149} INFO - [2023-05-05T15:09:06.475+0000] {dag.py:2726} INFO - Sync 1 DAGs
[2023-05-05T15:09:06.504+0000] {logging_mixin.py:149} INFO - [2023-05-05T15:09:06.503+0000] {dag.py:3490} INFO - Setting next_dagrun for example_trigger_target_dag to None, run_after=None
[2023-05-05T15:09:06.530+0000] {processor.py:178} INFO - Processing /home/airflow/.local/lib/python3.7/site-packages/airflow/example_dags/example_trigger_target_dag.py took 0.089 seconds
[2023-05-05T15:09:36.687+0000] {processor.py:156} INFO - Started process (PID=791) to work on /home/airflow/.local/lib/python3.7/site-packages/airflow/example_dags/example_trigger_target_dag.py
[2023-05-05T15:09:36.688+0000] {processor.py:799} INFO - Processing file /home/airflow/.local/lib/python3.7/site-packages/airflow/example_dags/example_trigger_target_dag.py for tasks to queue
[2023-05-05T15:09:36.688+0000] {logging_mixin.py:149} INFO - [2023-05-05T15:09:36.688+0000] {dagbag.py:541} INFO - Filling up the DagBag from /home/airflow/.local/lib/python3.7/site-packages/airflow/example_dags/example_trigger_target_dag.py
[2023-05-05T15:09:36.692+0000] {processor.py:809} INFO - DAG(s) dict_keys(['example_trigger_target_dag']) retrieved from /home/airflow/.local/lib/python3.7/site-packages/airflow/example_dags/example_trigger_target_dag.py
[2023-05-05T15:09:36.713+0000] {logging_mixin.py:149} INFO - [2023-05-05T15:09:36.713+0000] {dag.py:2726} INFO - Sync 1 DAGs
[2023-05-05T15:09:36.739+0000] {logging_mixin.py:149} INFO - [2023-05-05T15:09:36.739+0000] {dag.py:3490} INFO - Setting next_dagrun for example_trigger_target_dag to None, run_after=None
[2023-05-05T15:09:36.758+0000] {processor.py:178} INFO - Processing /home/airflow/.local/lib/python3.7/site-packages/airflow/example_dags/example_trigger_target_dag.py took 0.073 seconds
[2023-05-05T15:10:07.745+0000] {processor.py:156} INFO - Started process (PID=851) to work on /home/airflow/.local/lib/python3.7/site-packages/airflow/example_dags/example_trigger_target_dag.py
[2023-05-05T15:10:07.746+0000] {processor.py:799} INFO - Processing file /home/airflow/.local/lib/python3.7/site-packages/airflow/example_dags/example_trigger_target_dag.py for tasks to queue
[2023-05-05T15:10:07.747+0000] {logging_mixin.py:149} INFO - [2023-05-05T15:10:07.747+0000] {dagbag.py:541} INFO - Filling up the DagBag from /home/airflow/.local/lib/python3.7/site-packages/airflow/example_dags/example_trigger_target_dag.py
[2023-05-05T15:10:07.751+0000] {processor.py:809} INFO - DAG(s) dict_keys(['example_trigger_target_dag']) retrieved from /home/airflow/.local/lib/python3.7/site-packages/airflow/example_dags/example_trigger_target_dag.py
[2023-05-05T15:10:07.772+0000] {logging_mixin.py:149} INFO - [2023-05-05T15:10:07.772+0000] {dag.py:2726} INFO - Sync 1 DAGs
[2023-05-05T15:10:07.798+0000] {logging_mixin.py:149} INFO - [2023-05-05T15:10:07.798+0000] {dag.py:3490} INFO - Setting next_dagrun for example_trigger_target_dag to None, run_after=None
[2023-05-05T15:10:07.833+0000] {processor.py:178} INFO - Processing /home/airflow/.local/lib/python3.7/site-packages/airflow/example_dags/example_trigger_target_dag.py took 0.090 seconds
[2023-05-05T15:10:38.856+0000] {processor.py:156} INFO - Started process (PID=911) to work on /home/airflow/.local/lib/python3.7/site-packages/airflow/example_dags/example_trigger_target_dag.py
[2023-05-05T15:10:38.857+0000] {processor.py:799} INFO - Processing file /home/airflow/.local/lib/python3.7/site-packages/airflow/example_dags/example_trigger_target_dag.py for tasks to queue
[2023-05-05T15:10:38.857+0000] {logging_mixin.py:149} INFO - [2023-05-05T15:10:38.857+0000] {dagbag.py:541} INFO - Filling up the DagBag from /home/airflow/.local/lib/python3.7/site-packages/airflow/example_dags/example_trigger_target_dag.py
[2023-05-05T15:10:38.861+0000] {processor.py:809} INFO - DAG(s) dict_keys(['example_trigger_target_dag']) retrieved from /home/airflow/.local/lib/python3.7/site-packages/airflow/example_dags/example_trigger_target_dag.py
[2023-05-05T15:10:38.882+0000] {logging_mixin.py:149} INFO - [2023-05-05T15:10:38.882+0000] {dag.py:2726} INFO - Sync 1 DAGs
[2023-05-05T15:10:38.905+0000] {logging_mixin.py:149} INFO - [2023-05-05T15:10:38.905+0000] {dag.py:3490} INFO - Setting next_dagrun for example_trigger_target_dag to None, run_after=None
[2023-05-05T15:10:38.924+0000] {processor.py:178} INFO - Processing /home/airflow/.local/lib/python3.7/site-packages/airflow/example_dags/example_trigger_target_dag.py took 0.070 seconds
[2023-05-05T15:11:09.210+0000] {processor.py:156} INFO - Started process (PID=971) to work on /home/airflow/.local/lib/python3.7/site-packages/airflow/example_dags/example_trigger_target_dag.py
[2023-05-05T15:11:09.211+0000] {processor.py:799} INFO - Processing file /home/airflow/.local/lib/python3.7/site-packages/airflow/example_dags/example_trigger_target_dag.py for tasks to queue
[2023-05-05T15:11:09.212+0000] {logging_mixin.py:149} INFO - [2023-05-05T15:11:09.212+0000] {dagbag.py:541} INFO - Filling up the DagBag from /home/airflow/.local/lib/python3.7/site-packages/airflow/example_dags/example_trigger_target_dag.py
[2023-05-05T15:11:09.216+0000] {processor.py:809} INFO - DAG(s) dict_keys(['example_trigger_target_dag']) retrieved from /home/airflow/.local/lib/python3.7/site-packages/airflow/example_dags/example_trigger_target_dag.py
[2023-05-05T15:11:09.238+0000] {logging_mixin.py:149} INFO - [2023-05-05T15:11:09.238+0000] {dag.py:2726} INFO - Sync 1 DAGs
[2023-05-05T15:11:09.264+0000] {logging_mixin.py:149} INFO - [2023-05-05T15:11:09.264+0000] {dag.py:3490} INFO - Setting next_dagrun for example_trigger_target_dag to None, run_after=None
[2023-05-05T15:11:09.284+0000] {processor.py:178} INFO - Processing /home/airflow/.local/lib/python3.7/site-packages/airflow/example_dags/example_trigger_target_dag.py took 0.077 seconds
[2023-05-05T15:11:39.890+0000] {processor.py:156} INFO - Started process (PID=1031) to work on /home/airflow/.local/lib/python3.7/site-packages/airflow/example_dags/example_trigger_target_dag.py
[2023-05-05T15:11:39.891+0000] {processor.py:799} INFO - Processing file /home/airflow/.local/lib/python3.7/site-packages/airflow/example_dags/example_trigger_target_dag.py for tasks to queue
[2023-05-05T15:11:39.891+0000] {logging_mixin.py:149} INFO - [2023-05-05T15:11:39.891+0000] {dagbag.py:541} INFO - Filling up the DagBag from /home/airflow/.local/lib/python3.7/site-packages/airflow/example_dags/example_trigger_target_dag.py
[2023-05-05T15:11:39.895+0000] {processor.py:809} INFO - DAG(s) dict_keys(['example_trigger_target_dag']) retrieved from /home/airflow/.local/lib/python3.7/site-packages/airflow/example_dags/example_trigger_target_dag.py
[2023-05-05T15:11:39.915+0000] {logging_mixin.py:149} INFO - [2023-05-05T15:11:39.915+0000] {dag.py:2726} INFO - Sync 1 DAGs
[2023-05-05T15:11:39.940+0000] {logging_mixin.py:149} INFO - [2023-05-05T15:11:39.940+0000] {dag.py:3490} INFO - Setting next_dagrun for example_trigger_target_dag to None, run_after=None
[2023-05-05T15:11:39.957+0000] {processor.py:178} INFO - Processing /home/airflow/.local/lib/python3.7/site-packages/airflow/example_dags/example_trigger_target_dag.py took 0.070 seconds
[2023-05-05T15:12:10.837+0000] {processor.py:156} INFO - Started process (PID=1091) to work on /home/airflow/.local/lib/python3.7/site-packages/airflow/example_dags/example_trigger_target_dag.py
[2023-05-05T15:12:10.838+0000] {processor.py:799} INFO - Processing file /home/airflow/.local/lib/python3.7/site-packages/airflow/example_dags/example_trigger_target_dag.py for tasks to queue
[2023-05-05T15:12:10.838+0000] {logging_mixin.py:149} INFO - [2023-05-05T15:12:10.838+0000] {dagbag.py:541} INFO - Filling up the DagBag from /home/airflow/.local/lib/python3.7/site-packages/airflow/example_dags/example_trigger_target_dag.py
[2023-05-05T15:12:10.842+0000] {processor.py:809} INFO - DAG(s) dict_keys(['example_trigger_target_dag']) retrieved from /home/airflow/.local/lib/python3.7/site-packages/airflow/example_dags/example_trigger_target_dag.py
[2023-05-05T15:12:10.863+0000] {logging_mixin.py:149} INFO - [2023-05-05T15:12:10.863+0000] {dag.py:2726} INFO - Sync 1 DAGs
[2023-05-05T15:12:10.889+0000] {logging_mixin.py:149} INFO - [2023-05-05T15:12:10.889+0000] {dag.py:3490} INFO - Setting next_dagrun for example_trigger_target_dag to None, run_after=None
[2023-05-05T15:12:10.910+0000] {processor.py:178} INFO - Processing /home/airflow/.local/lib/python3.7/site-packages/airflow/example_dags/example_trigger_target_dag.py took 0.075 seconds
[2023-05-05T15:33:47.384+0000] {processor.py:156} INFO - Started process (PID=70) to work on /home/airflow/.local/lib/python3.7/site-packages/airflow/example_dags/example_trigger_target_dag.py
[2023-05-05T15:33:47.391+0000] {processor.py:799} INFO - Processing file /home/airflow/.local/lib/python3.7/site-packages/airflow/example_dags/example_trigger_target_dag.py for tasks to queue
[2023-05-05T15:33:47.392+0000] {logging_mixin.py:149} INFO - [2023-05-05T15:33:47.392+0000] {dagbag.py:541} INFO - Filling up the DagBag from /home/airflow/.local/lib/python3.7/site-packages/airflow/example_dags/example_trigger_target_dag.py
[2023-05-05T15:33:47.400+0000] {processor.py:809} INFO - DAG(s) dict_keys(['example_trigger_target_dag']) retrieved from /home/airflow/.local/lib/python3.7/site-packages/airflow/example_dags/example_trigger_target_dag.py
[2023-05-05T15:33:47.458+0000] {logging_mixin.py:149} INFO - [2023-05-05T15:33:47.457+0000] {dag.py:2726} INFO - Sync 1 DAGs
[2023-05-05T15:33:47.522+0000] {logging_mixin.py:149} INFO - [2023-05-05T15:33:47.522+0000] {dag.py:3490} INFO - Setting next_dagrun for example_trigger_target_dag to None, run_after=None
[2023-05-05T15:33:47.561+0000] {processor.py:178} INFO - Processing /home/airflow/.local/lib/python3.7/site-packages/airflow/example_dags/example_trigger_target_dag.py took 0.182 seconds
