[2023-05-05T15:03:23.302+0000] {processor.py:156} INFO - Started process (PID=39) to work on /home/airflow/.local/lib/python3.7/site-packages/airflow/example_dags/example_nested_branch_dag.py
[2023-05-05T15:03:23.303+0000] {processor.py:799} INFO - Processing file /home/airflow/.local/lib/python3.7/site-packages/airflow/example_dags/example_nested_branch_dag.py for tasks to queue
[2023-05-05T15:03:23.304+0000] {logging_mixin.py:149} INFO - [2023-05-05T15:03:23.304+0000] {dagbag.py:541} INFO - Filling up the DagBag from /home/airflow/.local/lib/python3.7/site-packages/airflow/example_dags/example_nested_branch_dag.py
[2023-05-05T15:03:23.319+0000] {processor.py:809} INFO - DAG(s) dict_keys(['example_nested_branch_dag']) retrieved from /home/airflow/.local/lib/python3.7/site-packages/airflow/example_dags/example_nested_branch_dag.py
[2023-05-05T15:03:23.470+0000] {logging_mixin.py:149} INFO - [2023-05-05T15:03:23.470+0000] {manager.py:504} INFO - Created Permission View: can read on DAG:example_nested_branch_dag
[2023-05-05T15:03:23.481+0000] {logging_mixin.py:149} INFO - [2023-05-05T15:03:23.481+0000] {manager.py:504} INFO - Created Permission View: can edit on DAG:example_nested_branch_dag
[2023-05-05T15:03:23.489+0000] {logging_mixin.py:149} INFO - [2023-05-05T15:03:23.489+0000] {manager.py:504} INFO - Created Permission View: can delete on DAG:example_nested_branch_dag
[2023-05-05T15:03:23.489+0000] {logging_mixin.py:149} INFO - [2023-05-05T15:03:23.489+0000] {dag.py:2726} INFO - Sync 1 DAGs
[2023-05-05T15:03:23.505+0000] {logging_mixin.py:149} INFO - [2023-05-05T15:03:23.505+0000] {dag.py:2747} INFO - Creating ORM DAG for example_nested_branch_dag
[2023-05-05T15:03:23.519+0000] {logging_mixin.py:149} INFO - [2023-05-05T15:03:23.519+0000] {dag.py:3490} INFO - Setting next_dagrun for example_nested_branch_dag to 2023-05-04T00:00:00+00:00, run_after=2023-05-05T00:00:00+00:00
[2023-05-05T15:03:23.559+0000] {processor.py:178} INFO - Processing /home/airflow/.local/lib/python3.7/site-packages/airflow/example_dags/example_nested_branch_dag.py took 0.260 seconds
[2023-05-05T15:03:53.913+0000] {processor.py:156} INFO - Started process (PID=99) to work on /home/airflow/.local/lib/python3.7/site-packages/airflow/example_dags/example_nested_branch_dag.py
[2023-05-05T15:03:53.914+0000] {processor.py:799} INFO - Processing file /home/airflow/.local/lib/python3.7/site-packages/airflow/example_dags/example_nested_branch_dag.py for tasks to queue
[2023-05-05T15:03:53.915+0000] {logging_mixin.py:149} INFO - [2023-05-05T15:03:53.914+0000] {dagbag.py:541} INFO - Filling up the DagBag from /home/airflow/.local/lib/python3.7/site-packages/airflow/example_dags/example_nested_branch_dag.py
[2023-05-05T15:03:53.923+0000] {processor.py:809} INFO - DAG(s) dict_keys(['example_nested_branch_dag']) retrieved from /home/airflow/.local/lib/python3.7/site-packages/airflow/example_dags/example_nested_branch_dag.py
[2023-05-05T15:03:53.947+0000] {logging_mixin.py:149} INFO - [2023-05-05T15:03:53.947+0000] {dag.py:2726} INFO - Sync 1 DAGs
[2023-05-05T15:03:53.975+0000] {logging_mixin.py:149} INFO - [2023-05-05T15:03:53.974+0000] {dag.py:3490} INFO - Setting next_dagrun for example_nested_branch_dag to 2023-05-04T00:00:00+00:00, run_after=2023-05-05T00:00:00+00:00
[2023-05-05T15:03:53.998+0000] {processor.py:178} INFO - Processing /home/airflow/.local/lib/python3.7/site-packages/airflow/example_dags/example_nested_branch_dag.py took 0.087 seconds
[2023-05-05T15:04:24.582+0000] {processor.py:156} INFO - Started process (PID=159) to work on /home/airflow/.local/lib/python3.7/site-packages/airflow/example_dags/example_nested_branch_dag.py
[2023-05-05T15:04:24.583+0000] {processor.py:799} INFO - Processing file /home/airflow/.local/lib/python3.7/site-packages/airflow/example_dags/example_nested_branch_dag.py for tasks to queue
[2023-05-05T15:04:24.583+0000] {logging_mixin.py:149} INFO - [2023-05-05T15:04:24.583+0000] {dagbag.py:541} INFO - Filling up the DagBag from /home/airflow/.local/lib/python3.7/site-packages/airflow/example_dags/example_nested_branch_dag.py
[2023-05-05T15:04:24.591+0000] {processor.py:809} INFO - DAG(s) dict_keys(['example_nested_branch_dag']) retrieved from /home/airflow/.local/lib/python3.7/site-packages/airflow/example_dags/example_nested_branch_dag.py
[2023-05-05T15:04:24.613+0000] {logging_mixin.py:149} INFO - [2023-05-05T15:04:24.613+0000] {dag.py:2726} INFO - Sync 1 DAGs
[2023-05-05T15:04:24.639+0000] {logging_mixin.py:149} INFO - [2023-05-05T15:04:24.639+0000] {dag.py:3490} INFO - Setting next_dagrun for example_nested_branch_dag to 2023-05-04T00:00:00+00:00, run_after=2023-05-05T00:00:00+00:00
[2023-05-05T15:04:24.656+0000] {processor.py:178} INFO - Processing /home/airflow/.local/lib/python3.7/site-packages/airflow/example_dags/example_nested_branch_dag.py took 0.077 seconds
[2023-05-05T15:04:54.869+0000] {processor.py:156} INFO - Started process (PID=219) to work on /home/airflow/.local/lib/python3.7/site-packages/airflow/example_dags/example_nested_branch_dag.py
[2023-05-05T15:04:54.870+0000] {processor.py:799} INFO - Processing file /home/airflow/.local/lib/python3.7/site-packages/airflow/example_dags/example_nested_branch_dag.py for tasks to queue
[2023-05-05T15:04:54.871+0000] {logging_mixin.py:149} INFO - [2023-05-05T15:04:54.871+0000] {dagbag.py:541} INFO - Filling up the DagBag from /home/airflow/.local/lib/python3.7/site-packages/airflow/example_dags/example_nested_branch_dag.py
[2023-05-05T15:04:54.879+0000] {processor.py:809} INFO - DAG(s) dict_keys(['example_nested_branch_dag']) retrieved from /home/airflow/.local/lib/python3.7/site-packages/airflow/example_dags/example_nested_branch_dag.py
[2023-05-05T15:04:54.901+0000] {logging_mixin.py:149} INFO - [2023-05-05T15:04:54.901+0000] {dag.py:2726} INFO - Sync 1 DAGs
[2023-05-05T15:04:54.927+0000] {logging_mixin.py:149} INFO - [2023-05-05T15:04:54.927+0000] {dag.py:3490} INFO - Setting next_dagrun for example_nested_branch_dag to 2023-05-04T00:00:00+00:00, run_after=2023-05-05T00:00:00+00:00
[2023-05-05T15:04:54.950+0000] {processor.py:178} INFO - Processing /home/airflow/.local/lib/python3.7/site-packages/airflow/example_dags/example_nested_branch_dag.py took 0.083 seconds
[2023-05-05T15:05:25.069+0000] {processor.py:156} INFO - Started process (PID=279) to work on /home/airflow/.local/lib/python3.7/site-packages/airflow/example_dags/example_nested_branch_dag.py
[2023-05-05T15:05:25.069+0000] {processor.py:799} INFO - Processing file /home/airflow/.local/lib/python3.7/site-packages/airflow/example_dags/example_nested_branch_dag.py for tasks to queue
[2023-05-05T15:05:25.070+0000] {logging_mixin.py:149} INFO - [2023-05-05T15:05:25.070+0000] {dagbag.py:541} INFO - Filling up the DagBag from /home/airflow/.local/lib/python3.7/site-packages/airflow/example_dags/example_nested_branch_dag.py
[2023-05-05T15:05:25.078+0000] {processor.py:809} INFO - DAG(s) dict_keys(['example_nested_branch_dag']) retrieved from /home/airflow/.local/lib/python3.7/site-packages/airflow/example_dags/example_nested_branch_dag.py
[2023-05-05T15:05:25.100+0000] {logging_mixin.py:149} INFO - [2023-05-05T15:05:25.100+0000] {dag.py:2726} INFO - Sync 1 DAGs
[2023-05-05T15:05:25.125+0000] {logging_mixin.py:149} INFO - [2023-05-05T15:05:25.125+0000] {dag.py:3490} INFO - Setting next_dagrun for example_nested_branch_dag to 2023-05-04T00:00:00+00:00, run_after=2023-05-05T00:00:00+00:00
[2023-05-05T15:05:25.141+0000] {processor.py:178} INFO - Processing /home/airflow/.local/lib/python3.7/site-packages/airflow/example_dags/example_nested_branch_dag.py took 0.075 seconds
[2023-05-05T15:05:55.321+0000] {processor.py:156} INFO - Started process (PID=339) to work on /home/airflow/.local/lib/python3.7/site-packages/airflow/example_dags/example_nested_branch_dag.py
[2023-05-05T15:05:55.322+0000] {processor.py:799} INFO - Processing file /home/airflow/.local/lib/python3.7/site-packages/airflow/example_dags/example_nested_branch_dag.py for tasks to queue
[2023-05-05T15:05:55.322+0000] {logging_mixin.py:149} INFO - [2023-05-05T15:05:55.322+0000] {dagbag.py:541} INFO - Filling up the DagBag from /home/airflow/.local/lib/python3.7/site-packages/airflow/example_dags/example_nested_branch_dag.py
[2023-05-05T15:05:55.330+0000] {processor.py:809} INFO - DAG(s) dict_keys(['example_nested_branch_dag']) retrieved from /home/airflow/.local/lib/python3.7/site-packages/airflow/example_dags/example_nested_branch_dag.py
[2023-05-05T15:05:55.354+0000] {logging_mixin.py:149} INFO - [2023-05-05T15:05:55.354+0000] {dag.py:2726} INFO - Sync 1 DAGs
[2023-05-05T15:05:55.389+0000] {logging_mixin.py:149} INFO - [2023-05-05T15:05:55.389+0000] {dag.py:3490} INFO - Setting next_dagrun for example_nested_branch_dag to 2023-05-04T00:00:00+00:00, run_after=2023-05-05T00:00:00+00:00
[2023-05-05T15:05:55.413+0000] {processor.py:178} INFO - Processing /home/airflow/.local/lib/python3.7/site-packages/airflow/example_dags/example_nested_branch_dag.py took 0.095 seconds
[2023-05-05T15:06:25.941+0000] {processor.py:156} INFO - Started process (PID=399) to work on /home/airflow/.local/lib/python3.7/site-packages/airflow/example_dags/example_nested_branch_dag.py
[2023-05-05T15:06:25.942+0000] {processor.py:799} INFO - Processing file /home/airflow/.local/lib/python3.7/site-packages/airflow/example_dags/example_nested_branch_dag.py for tasks to queue
[2023-05-05T15:06:25.943+0000] {logging_mixin.py:149} INFO - [2023-05-05T15:06:25.943+0000] {dagbag.py:541} INFO - Filling up the DagBag from /home/airflow/.local/lib/python3.7/site-packages/airflow/example_dags/example_nested_branch_dag.py
[2023-05-05T15:06:25.951+0000] {processor.py:809} INFO - DAG(s) dict_keys(['example_nested_branch_dag']) retrieved from /home/airflow/.local/lib/python3.7/site-packages/airflow/example_dags/example_nested_branch_dag.py
[2023-05-05T15:06:25.973+0000] {logging_mixin.py:149} INFO - [2023-05-05T15:06:25.972+0000] {dag.py:2726} INFO - Sync 1 DAGs
[2023-05-05T15:06:25.999+0000] {logging_mixin.py:149} INFO - [2023-05-05T15:06:25.999+0000] {dag.py:3490} INFO - Setting next_dagrun for example_nested_branch_dag to 2023-05-04T00:00:00+00:00, run_after=2023-05-05T00:00:00+00:00
[2023-05-05T15:06:26.021+0000] {processor.py:178} INFO - Processing /home/airflow/.local/lib/python3.7/site-packages/airflow/example_dags/example_nested_branch_dag.py took 0.082 seconds
[2023-05-05T15:06:56.806+0000] {processor.py:156} INFO - Started process (PID=459) to work on /home/airflow/.local/lib/python3.7/site-packages/airflow/example_dags/example_nested_branch_dag.py
[2023-05-05T15:06:56.807+0000] {processor.py:799} INFO - Processing file /home/airflow/.local/lib/python3.7/site-packages/airflow/example_dags/example_nested_branch_dag.py for tasks to queue
[2023-05-05T15:06:56.808+0000] {logging_mixin.py:149} INFO - [2023-05-05T15:06:56.808+0000] {dagbag.py:541} INFO - Filling up the DagBag from /home/airflow/.local/lib/python3.7/site-packages/airflow/example_dags/example_nested_branch_dag.py
[2023-05-05T15:06:56.816+0000] {processor.py:809} INFO - DAG(s) dict_keys(['example_nested_branch_dag']) retrieved from /home/airflow/.local/lib/python3.7/site-packages/airflow/example_dags/example_nested_branch_dag.py
[2023-05-05T15:06:56.840+0000] {logging_mixin.py:149} INFO - [2023-05-05T15:06:56.840+0000] {dag.py:2726} INFO - Sync 1 DAGs
[2023-05-05T15:06:56.868+0000] {logging_mixin.py:149} INFO - [2023-05-05T15:06:56.867+0000] {dag.py:3490} INFO - Setting next_dagrun for example_nested_branch_dag to 2023-05-04T00:00:00+00:00, run_after=2023-05-05T00:00:00+00:00
[2023-05-05T15:06:56.885+0000] {processor.py:178} INFO - Processing /home/airflow/.local/lib/python3.7/site-packages/airflow/example_dags/example_nested_branch_dag.py took 0.081 seconds
[2023-05-05T15:07:26.989+0000] {processor.py:156} INFO - Started process (PID=519) to work on /home/airflow/.local/lib/python3.7/site-packages/airflow/example_dags/example_nested_branch_dag.py
[2023-05-05T15:07:26.990+0000] {processor.py:799} INFO - Processing file /home/airflow/.local/lib/python3.7/site-packages/airflow/example_dags/example_nested_branch_dag.py for tasks to queue
[2023-05-05T15:07:26.990+0000] {logging_mixin.py:149} INFO - [2023-05-05T15:07:26.990+0000] {dagbag.py:541} INFO - Filling up the DagBag from /home/airflow/.local/lib/python3.7/site-packages/airflow/example_dags/example_nested_branch_dag.py
[2023-05-05T15:07:26.998+0000] {processor.py:809} INFO - DAG(s) dict_keys(['example_nested_branch_dag']) retrieved from /home/airflow/.local/lib/python3.7/site-packages/airflow/example_dags/example_nested_branch_dag.py
[2023-05-05T15:07:27.022+0000] {logging_mixin.py:149} INFO - [2023-05-05T15:07:27.021+0000] {dag.py:2726} INFO - Sync 1 DAGs
[2023-05-05T15:07:27.048+0000] {logging_mixin.py:149} INFO - [2023-05-05T15:07:27.048+0000] {dag.py:3490} INFO - Setting next_dagrun for example_nested_branch_dag to 2023-05-04T00:00:00+00:00, run_after=2023-05-05T00:00:00+00:00
[2023-05-05T15:07:27.065+0000] {processor.py:178} INFO - Processing /home/airflow/.local/lib/python3.7/site-packages/airflow/example_dags/example_nested_branch_dag.py took 0.079 seconds
[2023-05-05T15:07:57.131+0000] {processor.py:156} INFO - Started process (PID=579) to work on /home/airflow/.local/lib/python3.7/site-packages/airflow/example_dags/example_nested_branch_dag.py
[2023-05-05T15:07:57.132+0000] {processor.py:799} INFO - Processing file /home/airflow/.local/lib/python3.7/site-packages/airflow/example_dags/example_nested_branch_dag.py for tasks to queue
[2023-05-05T15:07:57.132+0000] {logging_mixin.py:149} INFO - [2023-05-05T15:07:57.132+0000] {dagbag.py:541} INFO - Filling up the DagBag from /home/airflow/.local/lib/python3.7/site-packages/airflow/example_dags/example_nested_branch_dag.py
[2023-05-05T15:07:57.140+0000] {processor.py:809} INFO - DAG(s) dict_keys(['example_nested_branch_dag']) retrieved from /home/airflow/.local/lib/python3.7/site-packages/airflow/example_dags/example_nested_branch_dag.py
[2023-05-05T15:07:57.161+0000] {logging_mixin.py:149} INFO - [2023-05-05T15:07:57.161+0000] {dag.py:2726} INFO - Sync 1 DAGs
[2023-05-05T15:07:57.187+0000] {logging_mixin.py:149} INFO - [2023-05-05T15:07:57.187+0000] {dag.py:3490} INFO - Setting next_dagrun for example_nested_branch_dag to 2023-05-04T00:00:00+00:00, run_after=2023-05-05T00:00:00+00:00
[2023-05-05T15:07:57.219+0000] {processor.py:178} INFO - Processing /home/airflow/.local/lib/python3.7/site-packages/airflow/example_dags/example_nested_branch_dag.py took 0.090 seconds
[2023-05-05T15:08:27.569+0000] {processor.py:156} INFO - Started process (PID=639) to work on /home/airflow/.local/lib/python3.7/site-packages/airflow/example_dags/example_nested_branch_dag.py
[2023-05-05T15:08:27.570+0000] {processor.py:799} INFO - Processing file /home/airflow/.local/lib/python3.7/site-packages/airflow/example_dags/example_nested_branch_dag.py for tasks to queue
[2023-05-05T15:08:27.570+0000] {logging_mixin.py:149} INFO - [2023-05-05T15:08:27.570+0000] {dagbag.py:541} INFO - Filling up the DagBag from /home/airflow/.local/lib/python3.7/site-packages/airflow/example_dags/example_nested_branch_dag.py
[2023-05-05T15:08:27.578+0000] {processor.py:809} INFO - DAG(s) dict_keys(['example_nested_branch_dag']) retrieved from /home/airflow/.local/lib/python3.7/site-packages/airflow/example_dags/example_nested_branch_dag.py
[2023-05-05T15:08:27.601+0000] {logging_mixin.py:149} INFO - [2023-05-05T15:08:27.601+0000] {dag.py:2726} INFO - Sync 1 DAGs
[2023-05-05T15:08:27.626+0000] {logging_mixin.py:149} INFO - [2023-05-05T15:08:27.626+0000] {dag.py:3490} INFO - Setting next_dagrun for example_nested_branch_dag to 2023-05-04T00:00:00+00:00, run_after=2023-05-05T00:00:00+00:00
[2023-05-05T15:08:27.651+0000] {processor.py:178} INFO - Processing /home/airflow/.local/lib/python3.7/site-packages/airflow/example_dags/example_nested_branch_dag.py took 0.085 seconds
[2023-05-05T15:08:57.925+0000] {processor.py:156} INFO - Started process (PID=699) to work on /home/airflow/.local/lib/python3.7/site-packages/airflow/example_dags/example_nested_branch_dag.py
[2023-05-05T15:08:57.926+0000] {processor.py:799} INFO - Processing file /home/airflow/.local/lib/python3.7/site-packages/airflow/example_dags/example_nested_branch_dag.py for tasks to queue
[2023-05-05T15:08:57.927+0000] {logging_mixin.py:149} INFO - [2023-05-05T15:08:57.927+0000] {dagbag.py:541} INFO - Filling up the DagBag from /home/airflow/.local/lib/python3.7/site-packages/airflow/example_dags/example_nested_branch_dag.py
[2023-05-05T15:08:57.936+0000] {processor.py:809} INFO - DAG(s) dict_keys(['example_nested_branch_dag']) retrieved from /home/airflow/.local/lib/python3.7/site-packages/airflow/example_dags/example_nested_branch_dag.py
[2023-05-05T15:08:57.962+0000] {logging_mixin.py:149} INFO - [2023-05-05T15:08:57.962+0000] {dag.py:2726} INFO - Sync 1 DAGs
[2023-05-05T15:08:57.999+0000] {logging_mixin.py:149} INFO - [2023-05-05T15:08:57.999+0000] {dag.py:3490} INFO - Setting next_dagrun for example_nested_branch_dag to 2023-05-04T00:00:00+00:00, run_after=2023-05-05T00:00:00+00:00
[2023-05-05T15:08:58.022+0000] {processor.py:178} INFO - Processing /home/airflow/.local/lib/python3.7/site-packages/airflow/example_dags/example_nested_branch_dag.py took 0.100 seconds
[2023-05-05T15:09:28.459+0000] {processor.py:156} INFO - Started process (PID=759) to work on /home/airflow/.local/lib/python3.7/site-packages/airflow/example_dags/example_nested_branch_dag.py
[2023-05-05T15:09:28.460+0000] {processor.py:799} INFO - Processing file /home/airflow/.local/lib/python3.7/site-packages/airflow/example_dags/example_nested_branch_dag.py for tasks to queue
[2023-05-05T15:09:28.461+0000] {logging_mixin.py:149} INFO - [2023-05-05T15:09:28.460+0000] {dagbag.py:541} INFO - Filling up the DagBag from /home/airflow/.local/lib/python3.7/site-packages/airflow/example_dags/example_nested_branch_dag.py
[2023-05-05T15:09:28.470+0000] {processor.py:809} INFO - DAG(s) dict_keys(['example_nested_branch_dag']) retrieved from /home/airflow/.local/lib/python3.7/site-packages/airflow/example_dags/example_nested_branch_dag.py
[2023-05-05T15:09:28.500+0000] {logging_mixin.py:149} INFO - [2023-05-05T15:09:28.500+0000] {dag.py:2726} INFO - Sync 1 DAGs
[2023-05-05T15:09:28.540+0000] {logging_mixin.py:149} INFO - [2023-05-05T15:09:28.539+0000] {dag.py:3490} INFO - Setting next_dagrun for example_nested_branch_dag to 2023-05-04T00:00:00+00:00, run_after=2023-05-05T00:00:00+00:00
[2023-05-05T15:09:28.562+0000] {processor.py:178} INFO - Processing /home/airflow/.local/lib/python3.7/site-packages/airflow/example_dags/example_nested_branch_dag.py took 0.107 seconds
[2023-05-05T15:09:58.670+0000] {processor.py:156} INFO - Started process (PID=819) to work on /home/airflow/.local/lib/python3.7/site-packages/airflow/example_dags/example_nested_branch_dag.py
[2023-05-05T15:09:58.671+0000] {processor.py:799} INFO - Processing file /home/airflow/.local/lib/python3.7/site-packages/airflow/example_dags/example_nested_branch_dag.py for tasks to queue
[2023-05-05T15:09:58.671+0000] {logging_mixin.py:149} INFO - [2023-05-05T15:09:58.671+0000] {dagbag.py:541} INFO - Filling up the DagBag from /home/airflow/.local/lib/python3.7/site-packages/airflow/example_dags/example_nested_branch_dag.py
[2023-05-05T15:09:58.680+0000] {processor.py:809} INFO - DAG(s) dict_keys(['example_nested_branch_dag']) retrieved from /home/airflow/.local/lib/python3.7/site-packages/airflow/example_dags/example_nested_branch_dag.py
[2023-05-05T15:09:58.705+0000] {logging_mixin.py:149} INFO - [2023-05-05T15:09:58.705+0000] {dag.py:2726} INFO - Sync 1 DAGs
[2023-05-05T15:09:58.734+0000] {logging_mixin.py:149} INFO - [2023-05-05T15:09:58.734+0000] {dag.py:3490} INFO - Setting next_dagrun for example_nested_branch_dag to 2023-05-04T00:00:00+00:00, run_after=2023-05-05T00:00:00+00:00
[2023-05-05T15:09:58.758+0000] {processor.py:178} INFO - Processing /home/airflow/.local/lib/python3.7/site-packages/airflow/example_dags/example_nested_branch_dag.py took 0.091 seconds
[2023-05-05T15:10:28.813+0000] {processor.py:156} INFO - Started process (PID=879) to work on /home/airflow/.local/lib/python3.7/site-packages/airflow/example_dags/example_nested_branch_dag.py
[2023-05-05T15:10:28.814+0000] {processor.py:799} INFO - Processing file /home/airflow/.local/lib/python3.7/site-packages/airflow/example_dags/example_nested_branch_dag.py for tasks to queue
[2023-05-05T15:10:28.814+0000] {logging_mixin.py:149} INFO - [2023-05-05T15:10:28.814+0000] {dagbag.py:541} INFO - Filling up the DagBag from /home/airflow/.local/lib/python3.7/site-packages/airflow/example_dags/example_nested_branch_dag.py
[2023-05-05T15:10:28.823+0000] {processor.py:809} INFO - DAG(s) dict_keys(['example_nested_branch_dag']) retrieved from /home/airflow/.local/lib/python3.7/site-packages/airflow/example_dags/example_nested_branch_dag.py
[2023-05-05T15:10:28.850+0000] {logging_mixin.py:149} INFO - [2023-05-05T15:10:28.850+0000] {dag.py:2726} INFO - Sync 1 DAGs
[2023-05-05T15:10:28.881+0000] {logging_mixin.py:149} INFO - [2023-05-05T15:10:28.881+0000] {dag.py:3490} INFO - Setting next_dagrun for example_nested_branch_dag to 2023-05-04T00:00:00+00:00, run_after=2023-05-05T00:00:00+00:00
[2023-05-05T15:10:28.900+0000] {processor.py:178} INFO - Processing /home/airflow/.local/lib/python3.7/site-packages/airflow/example_dags/example_nested_branch_dag.py took 0.091 seconds
[2023-05-05T15:10:59.162+0000] {processor.py:156} INFO - Started process (PID=939) to work on /home/airflow/.local/lib/python3.7/site-packages/airflow/example_dags/example_nested_branch_dag.py
[2023-05-05T15:10:59.162+0000] {processor.py:799} INFO - Processing file /home/airflow/.local/lib/python3.7/site-packages/airflow/example_dags/example_nested_branch_dag.py for tasks to queue
[2023-05-05T15:10:59.163+0000] {logging_mixin.py:149} INFO - [2023-05-05T15:10:59.163+0000] {dagbag.py:541} INFO - Filling up the DagBag from /home/airflow/.local/lib/python3.7/site-packages/airflow/example_dags/example_nested_branch_dag.py
[2023-05-05T15:10:59.171+0000] {processor.py:809} INFO - DAG(s) dict_keys(['example_nested_branch_dag']) retrieved from /home/airflow/.local/lib/python3.7/site-packages/airflow/example_dags/example_nested_branch_dag.py
[2023-05-05T15:10:59.194+0000] {logging_mixin.py:149} INFO - [2023-05-05T15:10:59.194+0000] {dag.py:2726} INFO - Sync 1 DAGs
[2023-05-05T15:10:59.226+0000] {logging_mixin.py:149} INFO - [2023-05-05T15:10:59.226+0000] {dag.py:3490} INFO - Setting next_dagrun for example_nested_branch_dag to 2023-05-04T00:00:00+00:00, run_after=2023-05-05T00:00:00+00:00
[2023-05-05T15:10:59.247+0000] {processor.py:178} INFO - Processing /home/airflow/.local/lib/python3.7/site-packages/airflow/example_dags/example_nested_branch_dag.py took 0.088 seconds
[2023-05-05T15:11:29.740+0000] {processor.py:156} INFO - Started process (PID=999) to work on /home/airflow/.local/lib/python3.7/site-packages/airflow/example_dags/example_nested_branch_dag.py
[2023-05-05T15:11:29.740+0000] {processor.py:799} INFO - Processing file /home/airflow/.local/lib/python3.7/site-packages/airflow/example_dags/example_nested_branch_dag.py for tasks to queue
[2023-05-05T15:11:29.741+0000] {logging_mixin.py:149} INFO - [2023-05-05T15:11:29.741+0000] {dagbag.py:541} INFO - Filling up the DagBag from /home/airflow/.local/lib/python3.7/site-packages/airflow/example_dags/example_nested_branch_dag.py
[2023-05-05T15:11:29.750+0000] {processor.py:809} INFO - DAG(s) dict_keys(['example_nested_branch_dag']) retrieved from /home/airflow/.local/lib/python3.7/site-packages/airflow/example_dags/example_nested_branch_dag.py
[2023-05-05T15:11:29.777+0000] {logging_mixin.py:149} INFO - [2023-05-05T15:11:29.777+0000] {dag.py:2726} INFO - Sync 1 DAGs
[2023-05-05T15:11:29.823+0000] {logging_mixin.py:149} INFO - [2023-05-05T15:11:29.822+0000] {dag.py:3490} INFO - Setting next_dagrun for example_nested_branch_dag to 2023-05-04T00:00:00+00:00, run_after=2023-05-05T00:00:00+00:00
[2023-05-05T15:11:29.847+0000] {processor.py:178} INFO - Processing /home/airflow/.local/lib/python3.7/site-packages/airflow/example_dags/example_nested_branch_dag.py took 0.110 seconds
[2023-05-05T15:12:00.639+0000] {processor.py:156} INFO - Started process (PID=1059) to work on /home/airflow/.local/lib/python3.7/site-packages/airflow/example_dags/example_nested_branch_dag.py
[2023-05-05T15:12:00.640+0000] {processor.py:799} INFO - Processing file /home/airflow/.local/lib/python3.7/site-packages/airflow/example_dags/example_nested_branch_dag.py for tasks to queue
[2023-05-05T15:12:00.640+0000] {logging_mixin.py:149} INFO - [2023-05-05T15:12:00.640+0000] {dagbag.py:541} INFO - Filling up the DagBag from /home/airflow/.local/lib/python3.7/site-packages/airflow/example_dags/example_nested_branch_dag.py
[2023-05-05T15:12:00.650+0000] {processor.py:809} INFO - DAG(s) dict_keys(['example_nested_branch_dag']) retrieved from /home/airflow/.local/lib/python3.7/site-packages/airflow/example_dags/example_nested_branch_dag.py
[2023-05-05T15:12:00.674+0000] {logging_mixin.py:149} INFO - [2023-05-05T15:12:00.674+0000] {dag.py:2726} INFO - Sync 1 DAGs
[2023-05-05T15:12:00.701+0000] {logging_mixin.py:149} INFO - [2023-05-05T15:12:00.700+0000] {dag.py:3490} INFO - Setting next_dagrun for example_nested_branch_dag to 2023-05-04T00:00:00+00:00, run_after=2023-05-05T00:00:00+00:00
[2023-05-05T15:12:00.719+0000] {processor.py:178} INFO - Processing /home/airflow/.local/lib/python3.7/site-packages/airflow/example_dags/example_nested_branch_dag.py took 0.083 seconds
[2023-05-05T15:12:30.976+0000] {processor.py:156} INFO - Started process (PID=1119) to work on /home/airflow/.local/lib/python3.7/site-packages/airflow/example_dags/example_nested_branch_dag.py
[2023-05-05T15:12:30.977+0000] {processor.py:799} INFO - Processing file /home/airflow/.local/lib/python3.7/site-packages/airflow/example_dags/example_nested_branch_dag.py for tasks to queue
[2023-05-05T15:12:30.978+0000] {logging_mixin.py:149} INFO - [2023-05-05T15:12:30.977+0000] {dagbag.py:541} INFO - Filling up the DagBag from /home/airflow/.local/lib/python3.7/site-packages/airflow/example_dags/example_nested_branch_dag.py
[2023-05-05T15:12:30.986+0000] {processor.py:809} INFO - DAG(s) dict_keys(['example_nested_branch_dag']) retrieved from /home/airflow/.local/lib/python3.7/site-packages/airflow/example_dags/example_nested_branch_dag.py
[2023-05-05T15:12:31.009+0000] {logging_mixin.py:149} INFO - [2023-05-05T15:12:31.009+0000] {dag.py:2726} INFO - Sync 1 DAGs
[2023-05-05T15:12:31.035+0000] {logging_mixin.py:149} INFO - [2023-05-05T15:12:31.035+0000] {dag.py:3490} INFO - Setting next_dagrun for example_nested_branch_dag to 2023-05-04T00:00:00+00:00, run_after=2023-05-05T00:00:00+00:00
[2023-05-05T15:12:31.060+0000] {processor.py:178} INFO - Processing /home/airflow/.local/lib/python3.7/site-packages/airflow/example_dags/example_nested_branch_dag.py took 0.087 seconds
[2023-05-05T15:33:41.716+0000] {processor.py:156} INFO - Started process (PID=38) to work on /home/airflow/.local/lib/python3.7/site-packages/airflow/example_dags/example_nested_branch_dag.py
[2023-05-05T15:33:41.717+0000] {processor.py:799} INFO - Processing file /home/airflow/.local/lib/python3.7/site-packages/airflow/example_dags/example_nested_branch_dag.py for tasks to queue
[2023-05-05T15:33:41.718+0000] {logging_mixin.py:149} INFO - [2023-05-05T15:33:41.718+0000] {dagbag.py:541} INFO - Filling up the DagBag from /home/airflow/.local/lib/python3.7/site-packages/airflow/example_dags/example_nested_branch_dag.py
[2023-05-05T15:33:41.735+0000] {processor.py:809} INFO - DAG(s) dict_keys(['example_nested_branch_dag']) retrieved from /home/airflow/.local/lib/python3.7/site-packages/airflow/example_dags/example_nested_branch_dag.py
[2023-05-05T15:33:41.783+0000] {logging_mixin.py:149} INFO - [2023-05-05T15:33:41.783+0000] {dag.py:2726} INFO - Sync 1 DAGs
[2023-05-05T15:33:41.836+0000] {logging_mixin.py:149} INFO - [2023-05-05T15:33:41.836+0000] {dag.py:3490} INFO - Setting next_dagrun for example_nested_branch_dag to 2023-05-04T00:00:00+00:00, run_after=2023-05-05T00:00:00+00:00
[2023-05-05T15:33:41.873+0000] {processor.py:178} INFO - Processing /home/airflow/.local/lib/python3.7/site-packages/airflow/example_dags/example_nested_branch_dag.py took 0.161 seconds
