[2023-05-05T15:03:22.023+0000] {processor.py:156} INFO - Started process (PID=32) to work on /home/airflow/.local/lib/python3.7/site-packages/airflow/example_dags/example_branch_operator.py
[2023-05-05T15:03:22.024+0000] {processor.py:799} INFO - Processing file /home/airflow/.local/lib/python3.7/site-packages/airflow/example_dags/example_branch_operator.py for tasks to queue
[2023-05-05T15:03:22.024+0000] {logging_mixin.py:149} INFO - [2023-05-05T15:03:22.024+0000] {dagbag.py:541} INFO - Filling up the DagBag from /home/airflow/.local/lib/python3.7/site-packages/airflow/example_dags/example_branch_operator.py
[2023-05-05T15:03:22.056+0000] {processor.py:809} INFO - DAG(s) dict_keys(['example_branch_operator']) retrieved from /home/airflow/.local/lib/python3.7/site-packages/airflow/example_dags/example_branch_operator.py
[2023-05-05T15:03:22.440+0000] {logging_mixin.py:149} INFO - [2023-05-05T15:03:22.439+0000] {manager.py:504} INFO - Created Permission View: can read on DAG:example_branch_operator
[2023-05-05T15:03:22.451+0000] {logging_mixin.py:149} INFO - [2023-05-05T15:03:22.450+0000] {manager.py:504} INFO - Created Permission View: can edit on DAG:example_branch_operator
[2023-05-05T15:03:22.459+0000] {logging_mixin.py:149} INFO - [2023-05-05T15:03:22.459+0000] {manager.py:504} INFO - Created Permission View: can delete on DAG:example_branch_operator
[2023-05-05T15:03:22.459+0000] {logging_mixin.py:149} INFO - [2023-05-05T15:03:22.459+0000] {dag.py:2726} INFO - Sync 1 DAGs
[2023-05-05T15:03:22.481+0000] {logging_mixin.py:149} INFO - [2023-05-05T15:03:22.480+0000] {dag.py:2747} INFO - Creating ORM DAG for example_branch_operator
[2023-05-05T15:03:22.501+0000] {logging_mixin.py:149} INFO - [2023-05-05T15:03:22.501+0000] {dag.py:3490} INFO - Setting next_dagrun for example_branch_operator to 2023-05-04T00:00:00+00:00, run_after=2023-05-05T00:00:00+00:00
[2023-05-05T15:03:22.533+0000] {processor.py:178} INFO - Processing /home/airflow/.local/lib/python3.7/site-packages/airflow/example_dags/example_branch_operator.py took 0.513 seconds
[2023-05-05T15:03:53.486+0000] {processor.py:156} INFO - Started process (PID=92) to work on /home/airflow/.local/lib/python3.7/site-packages/airflow/example_dags/example_branch_operator.py
[2023-05-05T15:03:53.490+0000] {processor.py:799} INFO - Processing file /home/airflow/.local/lib/python3.7/site-packages/airflow/example_dags/example_branch_operator.py for tasks to queue
[2023-05-05T15:03:53.491+0000] {logging_mixin.py:149} INFO - [2023-05-05T15:03:53.491+0000] {dagbag.py:541} INFO - Filling up the DagBag from /home/airflow/.local/lib/python3.7/site-packages/airflow/example_dags/example_branch_operator.py
[2023-05-05T15:03:53.504+0000] {processor.py:809} INFO - DAG(s) dict_keys(['example_branch_operator']) retrieved from /home/airflow/.local/lib/python3.7/site-packages/airflow/example_dags/example_branch_operator.py
[2023-05-05T15:03:53.531+0000] {logging_mixin.py:149} INFO - [2023-05-05T15:03:53.531+0000] {dag.py:2726} INFO - Sync 1 DAGs
[2023-05-05T15:03:53.557+0000] {logging_mixin.py:149} INFO - [2023-05-05T15:03:53.557+0000] {dag.py:3490} INFO - Setting next_dagrun for example_branch_operator to 2023-05-04T00:00:00+00:00, run_after=2023-05-05T00:00:00+00:00
[2023-05-05T15:03:53.578+0000] {processor.py:178} INFO - Processing /home/airflow/.local/lib/python3.7/site-packages/airflow/example_dags/example_branch_operator.py took 0.100 seconds
[2023-05-05T15:04:24.138+0000] {processor.py:156} INFO - Started process (PID=152) to work on /home/airflow/.local/lib/python3.7/site-packages/airflow/example_dags/example_branch_operator.py
[2023-05-05T15:04:24.143+0000] {processor.py:799} INFO - Processing file /home/airflow/.local/lib/python3.7/site-packages/airflow/example_dags/example_branch_operator.py for tasks to queue
[2023-05-05T15:04:24.144+0000] {logging_mixin.py:149} INFO - [2023-05-05T15:04:24.144+0000] {dagbag.py:541} INFO - Filling up the DagBag from /home/airflow/.local/lib/python3.7/site-packages/airflow/example_dags/example_branch_operator.py
[2023-05-05T15:04:24.160+0000] {processor.py:809} INFO - DAG(s) dict_keys(['example_branch_operator']) retrieved from /home/airflow/.local/lib/python3.7/site-packages/airflow/example_dags/example_branch_operator.py
[2023-05-05T15:04:24.188+0000] {logging_mixin.py:149} INFO - [2023-05-05T15:04:24.188+0000] {dag.py:2726} INFO - Sync 1 DAGs
[2023-05-05T15:04:24.213+0000] {logging_mixin.py:149} INFO - [2023-05-05T15:04:24.213+0000] {dag.py:3490} INFO - Setting next_dagrun for example_branch_operator to 2023-05-04T00:00:00+00:00, run_after=2023-05-05T00:00:00+00:00
[2023-05-05T15:04:24.239+0000] {processor.py:178} INFO - Processing /home/airflow/.local/lib/python3.7/site-packages/airflow/example_dags/example_branch_operator.py took 0.109 seconds
[2023-05-05T15:04:54.325+0000] {processor.py:156} INFO - Started process (PID=212) to work on /home/airflow/.local/lib/python3.7/site-packages/airflow/example_dags/example_branch_operator.py
[2023-05-05T15:04:54.331+0000] {processor.py:799} INFO - Processing file /home/airflow/.local/lib/python3.7/site-packages/airflow/example_dags/example_branch_operator.py for tasks to queue
[2023-05-05T15:04:54.333+0000] {logging_mixin.py:149} INFO - [2023-05-05T15:04:54.332+0000] {dagbag.py:541} INFO - Filling up the DagBag from /home/airflow/.local/lib/python3.7/site-packages/airflow/example_dags/example_branch_operator.py
[2023-05-05T15:04:54.354+0000] {processor.py:809} INFO - DAG(s) dict_keys(['example_branch_operator']) retrieved from /home/airflow/.local/lib/python3.7/site-packages/airflow/example_dags/example_branch_operator.py
[2023-05-05T15:04:54.383+0000] {logging_mixin.py:149} INFO - [2023-05-05T15:04:54.383+0000] {dag.py:2726} INFO - Sync 1 DAGs
[2023-05-05T15:04:54.411+0000] {logging_mixin.py:149} INFO - [2023-05-05T15:04:54.411+0000] {dag.py:3490} INFO - Setting next_dagrun for example_branch_operator to 2023-05-04T00:00:00+00:00, run_after=2023-05-05T00:00:00+00:00
[2023-05-05T15:04:54.438+0000] {processor.py:178} INFO - Processing /home/airflow/.local/lib/python3.7/site-packages/airflow/example_dags/example_branch_operator.py took 0.122 seconds
[2023-05-05T15:05:24.623+0000] {processor.py:156} INFO - Started process (PID=272) to work on /home/airflow/.local/lib/python3.7/site-packages/airflow/example_dags/example_branch_operator.py
[2023-05-05T15:05:24.627+0000] {processor.py:799} INFO - Processing file /home/airflow/.local/lib/python3.7/site-packages/airflow/example_dags/example_branch_operator.py for tasks to queue
[2023-05-05T15:05:24.628+0000] {logging_mixin.py:149} INFO - [2023-05-05T15:05:24.628+0000] {dagbag.py:541} INFO - Filling up the DagBag from /home/airflow/.local/lib/python3.7/site-packages/airflow/example_dags/example_branch_operator.py
[2023-05-05T15:05:24.643+0000] {processor.py:809} INFO - DAG(s) dict_keys(['example_branch_operator']) retrieved from /home/airflow/.local/lib/python3.7/site-packages/airflow/example_dags/example_branch_operator.py
[2023-05-05T15:05:24.670+0000] {logging_mixin.py:149} INFO - [2023-05-05T15:05:24.670+0000] {dag.py:2726} INFO - Sync 1 DAGs
[2023-05-05T15:05:24.698+0000] {logging_mixin.py:149} INFO - [2023-05-05T15:05:24.698+0000] {dag.py:3490} INFO - Setting next_dagrun for example_branch_operator to 2023-05-04T00:00:00+00:00, run_after=2023-05-05T00:00:00+00:00
[2023-05-05T15:05:24.718+0000] {processor.py:178} INFO - Processing /home/airflow/.local/lib/python3.7/site-packages/airflow/example_dags/example_branch_operator.py took 0.100 seconds
[2023-05-05T15:05:54.881+0000] {processor.py:156} INFO - Started process (PID=332) to work on /home/airflow/.local/lib/python3.7/site-packages/airflow/example_dags/example_branch_operator.py
[2023-05-05T15:05:54.885+0000] {processor.py:799} INFO - Processing file /home/airflow/.local/lib/python3.7/site-packages/airflow/example_dags/example_branch_operator.py for tasks to queue
[2023-05-05T15:05:54.886+0000] {logging_mixin.py:149} INFO - [2023-05-05T15:05:54.886+0000] {dagbag.py:541} INFO - Filling up the DagBag from /home/airflow/.local/lib/python3.7/site-packages/airflow/example_dags/example_branch_operator.py
[2023-05-05T15:05:54.895+0000] {processor.py:809} INFO - DAG(s) dict_keys(['example_branch_operator']) retrieved from /home/airflow/.local/lib/python3.7/site-packages/airflow/example_dags/example_branch_operator.py
[2023-05-05T15:05:54.920+0000] {logging_mixin.py:149} INFO - [2023-05-05T15:05:54.920+0000] {dag.py:2726} INFO - Sync 1 DAGs
[2023-05-05T15:05:54.945+0000] {logging_mixin.py:149} INFO - [2023-05-05T15:05:54.945+0000] {dag.py:3490} INFO - Setting next_dagrun for example_branch_operator to 2023-05-04T00:00:00+00:00, run_after=2023-05-05T00:00:00+00:00
[2023-05-05T15:05:54.976+0000] {processor.py:178} INFO - Processing /home/airflow/.local/lib/python3.7/site-packages/airflow/example_dags/example_branch_operator.py took 0.098 seconds
[2023-05-05T15:06:25.490+0000] {processor.py:156} INFO - Started process (PID=392) to work on /home/airflow/.local/lib/python3.7/site-packages/airflow/example_dags/example_branch_operator.py
[2023-05-05T15:06:25.492+0000] {processor.py:799} INFO - Processing file /home/airflow/.local/lib/python3.7/site-packages/airflow/example_dags/example_branch_operator.py for tasks to queue
[2023-05-05T15:06:25.492+0000] {logging_mixin.py:149} INFO - [2023-05-05T15:06:25.492+0000] {dagbag.py:541} INFO - Filling up the DagBag from /home/airflow/.local/lib/python3.7/site-packages/airflow/example_dags/example_branch_operator.py
[2023-05-05T15:06:25.506+0000] {processor.py:809} INFO - DAG(s) dict_keys(['example_branch_operator']) retrieved from /home/airflow/.local/lib/python3.7/site-packages/airflow/example_dags/example_branch_operator.py
[2023-05-05T15:06:25.541+0000] {logging_mixin.py:149} INFO - [2023-05-05T15:06:25.541+0000] {dag.py:2726} INFO - Sync 1 DAGs
[2023-05-05T15:06:25.569+0000] {logging_mixin.py:149} INFO - [2023-05-05T15:06:25.569+0000] {dag.py:3490} INFO - Setting next_dagrun for example_branch_operator to 2023-05-04T00:00:00+00:00, run_after=2023-05-05T00:00:00+00:00
[2023-05-05T15:06:25.588+0000] {processor.py:178} INFO - Processing /home/airflow/.local/lib/python3.7/site-packages/airflow/example_dags/example_branch_operator.py took 0.101 seconds
[2023-05-05T15:06:56.233+0000] {processor.py:156} INFO - Started process (PID=452) to work on /home/airflow/.local/lib/python3.7/site-packages/airflow/example_dags/example_branch_operator.py
[2023-05-05T15:06:56.234+0000] {processor.py:799} INFO - Processing file /home/airflow/.local/lib/python3.7/site-packages/airflow/example_dags/example_branch_operator.py for tasks to queue
[2023-05-05T15:06:56.234+0000] {logging_mixin.py:149} INFO - [2023-05-05T15:06:56.234+0000] {dagbag.py:541} INFO - Filling up the DagBag from /home/airflow/.local/lib/python3.7/site-packages/airflow/example_dags/example_branch_operator.py
[2023-05-05T15:06:56.245+0000] {processor.py:809} INFO - DAG(s) dict_keys(['example_branch_operator']) retrieved from /home/airflow/.local/lib/python3.7/site-packages/airflow/example_dags/example_branch_operator.py
[2023-05-05T15:06:56.285+0000] {logging_mixin.py:149} INFO - [2023-05-05T15:06:56.284+0000] {dag.py:2726} INFO - Sync 1 DAGs
[2023-05-05T15:06:56.330+0000] {logging_mixin.py:149} INFO - [2023-05-05T15:06:56.330+0000] {dag.py:3490} INFO - Setting next_dagrun for example_branch_operator to 2023-05-04T00:00:00+00:00, run_after=2023-05-05T00:00:00+00:00
[2023-05-05T15:06:56.384+0000] {processor.py:178} INFO - Processing /home/airflow/.local/lib/python3.7/site-packages/airflow/example_dags/example_branch_operator.py took 0.154 seconds
[2023-05-05T15:07:26.457+0000] {processor.py:156} INFO - Started process (PID=512) to work on /home/airflow/.local/lib/python3.7/site-packages/airflow/example_dags/example_branch_operator.py
[2023-05-05T15:07:26.458+0000] {processor.py:799} INFO - Processing file /home/airflow/.local/lib/python3.7/site-packages/airflow/example_dags/example_branch_operator.py for tasks to queue
[2023-05-05T15:07:26.459+0000] {logging_mixin.py:149} INFO - [2023-05-05T15:07:26.459+0000] {dagbag.py:541} INFO - Filling up the DagBag from /home/airflow/.local/lib/python3.7/site-packages/airflow/example_dags/example_branch_operator.py
[2023-05-05T15:07:26.473+0000] {processor.py:809} INFO - DAG(s) dict_keys(['example_branch_operator']) retrieved from /home/airflow/.local/lib/python3.7/site-packages/airflow/example_dags/example_branch_operator.py
[2023-05-05T15:07:26.499+0000] {logging_mixin.py:149} INFO - [2023-05-05T15:07:26.499+0000] {dag.py:2726} INFO - Sync 1 DAGs
[2023-05-05T15:07:26.531+0000] {logging_mixin.py:149} INFO - [2023-05-05T15:07:26.530+0000] {dag.py:3490} INFO - Setting next_dagrun for example_branch_operator to 2023-05-04T00:00:00+00:00, run_after=2023-05-05T00:00:00+00:00
[2023-05-05T15:07:26.555+0000] {processor.py:178} INFO - Processing /home/airflow/.local/lib/python3.7/site-packages/airflow/example_dags/example_branch_operator.py took 0.105 seconds
[2023-05-05T15:07:56.682+0000] {processor.py:156} INFO - Started process (PID=572) to work on /home/airflow/.local/lib/python3.7/site-packages/airflow/example_dags/example_branch_operator.py
[2023-05-05T15:07:56.686+0000] {processor.py:799} INFO - Processing file /home/airflow/.local/lib/python3.7/site-packages/airflow/example_dags/example_branch_operator.py for tasks to queue
[2023-05-05T15:07:56.687+0000] {logging_mixin.py:149} INFO - [2023-05-05T15:07:56.687+0000] {dagbag.py:541} INFO - Filling up the DagBag from /home/airflow/.local/lib/python3.7/site-packages/airflow/example_dags/example_branch_operator.py
[2023-05-05T15:07:56.697+0000] {processor.py:809} INFO - DAG(s) dict_keys(['example_branch_operator']) retrieved from /home/airflow/.local/lib/python3.7/site-packages/airflow/example_dags/example_branch_operator.py
[2023-05-05T15:07:56.722+0000] {logging_mixin.py:149} INFO - [2023-05-05T15:07:56.722+0000] {dag.py:2726} INFO - Sync 1 DAGs
[2023-05-05T15:07:56.747+0000] {logging_mixin.py:149} INFO - [2023-05-05T15:07:56.747+0000] {dag.py:3490} INFO - Setting next_dagrun for example_branch_operator to 2023-05-04T00:00:00+00:00, run_after=2023-05-05T00:00:00+00:00
[2023-05-05T15:07:56.774+0000] {processor.py:178} INFO - Processing /home/airflow/.local/lib/python3.7/site-packages/airflow/example_dags/example_branch_operator.py took 0.097 seconds
[2023-05-05T15:08:27.048+0000] {processor.py:156} INFO - Started process (PID=632) to work on /home/airflow/.local/lib/python3.7/site-packages/airflow/example_dags/example_branch_operator.py
[2023-05-05T15:08:27.048+0000] {processor.py:799} INFO - Processing file /home/airflow/.local/lib/python3.7/site-packages/airflow/example_dags/example_branch_operator.py for tasks to queue
[2023-05-05T15:08:27.049+0000] {logging_mixin.py:149} INFO - [2023-05-05T15:08:27.049+0000] {dagbag.py:541} INFO - Filling up the DagBag from /home/airflow/.local/lib/python3.7/site-packages/airflow/example_dags/example_branch_operator.py
[2023-05-05T15:08:27.060+0000] {processor.py:809} INFO - DAG(s) dict_keys(['example_branch_operator']) retrieved from /home/airflow/.local/lib/python3.7/site-packages/airflow/example_dags/example_branch_operator.py
[2023-05-05T15:08:27.086+0000] {logging_mixin.py:149} INFO - [2023-05-05T15:08:27.086+0000] {dag.py:2726} INFO - Sync 1 DAGs
[2023-05-05T15:08:27.114+0000] {logging_mixin.py:149} INFO - [2023-05-05T15:08:27.114+0000] {dag.py:3490} INFO - Setting next_dagrun for example_branch_operator to 2023-05-04T00:00:00+00:00, run_after=2023-05-05T00:00:00+00:00
[2023-05-05T15:08:27.133+0000] {processor.py:178} INFO - Processing /home/airflow/.local/lib/python3.7/site-packages/airflow/example_dags/example_branch_operator.py took 0.088 seconds
[2023-05-05T15:08:57.363+0000] {processor.py:156} INFO - Started process (PID=692) to work on /home/airflow/.local/lib/python3.7/site-packages/airflow/example_dags/example_branch_operator.py
[2023-05-05T15:08:57.367+0000] {processor.py:799} INFO - Processing file /home/airflow/.local/lib/python3.7/site-packages/airflow/example_dags/example_branch_operator.py for tasks to queue
[2023-05-05T15:08:57.368+0000] {logging_mixin.py:149} INFO - [2023-05-05T15:08:57.368+0000] {dagbag.py:541} INFO - Filling up the DagBag from /home/airflow/.local/lib/python3.7/site-packages/airflow/example_dags/example_branch_operator.py
[2023-05-05T15:08:57.381+0000] {processor.py:809} INFO - DAG(s) dict_keys(['example_branch_operator']) retrieved from /home/airflow/.local/lib/python3.7/site-packages/airflow/example_dags/example_branch_operator.py
[2023-05-05T15:08:57.408+0000] {logging_mixin.py:149} INFO - [2023-05-05T15:08:57.408+0000] {dag.py:2726} INFO - Sync 1 DAGs
[2023-05-05T15:08:57.436+0000] {logging_mixin.py:149} INFO - [2023-05-05T15:08:57.435+0000] {dag.py:3490} INFO - Setting next_dagrun for example_branch_operator to 2023-05-04T00:00:00+00:00, run_after=2023-05-05T00:00:00+00:00
[2023-05-05T15:08:57.463+0000] {processor.py:178} INFO - Processing /home/airflow/.local/lib/python3.7/site-packages/airflow/example_dags/example_branch_operator.py took 0.107 seconds
[2023-05-05T15:09:27.889+0000] {processor.py:156} INFO - Started process (PID=752) to work on /home/airflow/.local/lib/python3.7/site-packages/airflow/example_dags/example_branch_operator.py
[2023-05-05T15:09:27.890+0000] {processor.py:799} INFO - Processing file /home/airflow/.local/lib/python3.7/site-packages/airflow/example_dags/example_branch_operator.py for tasks to queue
[2023-05-05T15:09:27.891+0000] {logging_mixin.py:149} INFO - [2023-05-05T15:09:27.891+0000] {dagbag.py:541} INFO - Filling up the DagBag from /home/airflow/.local/lib/python3.7/site-packages/airflow/example_dags/example_branch_operator.py
[2023-05-05T15:09:27.903+0000] {processor.py:809} INFO - DAG(s) dict_keys(['example_branch_operator']) retrieved from /home/airflow/.local/lib/python3.7/site-packages/airflow/example_dags/example_branch_operator.py
[2023-05-05T15:09:27.941+0000] {logging_mixin.py:149} INFO - [2023-05-05T15:09:27.941+0000] {dag.py:2726} INFO - Sync 1 DAGs
[2023-05-05T15:09:27.976+0000] {logging_mixin.py:149} INFO - [2023-05-05T15:09:27.976+0000] {dag.py:3490} INFO - Setting next_dagrun for example_branch_operator to 2023-05-04T00:00:00+00:00, run_after=2023-05-05T00:00:00+00:00
[2023-05-05T15:09:28.000+0000] {processor.py:178} INFO - Processing /home/airflow/.local/lib/python3.7/site-packages/airflow/example_dags/example_branch_operator.py took 0.116 seconds
[2023-05-05T15:09:58.049+0000] {processor.py:156} INFO - Started process (PID=812) to work on /home/airflow/.local/lib/python3.7/site-packages/airflow/example_dags/example_branch_operator.py
[2023-05-05T15:09:58.051+0000] {processor.py:799} INFO - Processing file /home/airflow/.local/lib/python3.7/site-packages/airflow/example_dags/example_branch_operator.py for tasks to queue
[2023-05-05T15:09:58.051+0000] {logging_mixin.py:149} INFO - [2023-05-05T15:09:58.051+0000] {dagbag.py:541} INFO - Filling up the DagBag from /home/airflow/.local/lib/python3.7/site-packages/airflow/example_dags/example_branch_operator.py
[2023-05-05T15:09:58.059+0000] {processor.py:809} INFO - DAG(s) dict_keys(['example_branch_operator']) retrieved from /home/airflow/.local/lib/python3.7/site-packages/airflow/example_dags/example_branch_operator.py
[2023-05-05T15:09:58.085+0000] {logging_mixin.py:149} INFO - [2023-05-05T15:09:58.085+0000] {dag.py:2726} INFO - Sync 1 DAGs
[2023-05-05T15:09:58.113+0000] {logging_mixin.py:149} INFO - [2023-05-05T15:09:58.112+0000] {dag.py:3490} INFO - Setting next_dagrun for example_branch_operator to 2023-05-04T00:00:00+00:00, run_after=2023-05-05T00:00:00+00:00
[2023-05-05T15:09:58.139+0000] {processor.py:178} INFO - Processing /home/airflow/.local/lib/python3.7/site-packages/airflow/example_dags/example_branch_operator.py took 0.093 seconds
[2023-05-05T15:10:28.252+0000] {processor.py:156} INFO - Started process (PID=872) to work on /home/airflow/.local/lib/python3.7/site-packages/airflow/example_dags/example_branch_operator.py
[2023-05-05T15:10:28.253+0000] {processor.py:799} INFO - Processing file /home/airflow/.local/lib/python3.7/site-packages/airflow/example_dags/example_branch_operator.py for tasks to queue
[2023-05-05T15:10:28.254+0000] {logging_mixin.py:149} INFO - [2023-05-05T15:10:28.254+0000] {dagbag.py:541} INFO - Filling up the DagBag from /home/airflow/.local/lib/python3.7/site-packages/airflow/example_dags/example_branch_operator.py
[2023-05-05T15:10:28.267+0000] {processor.py:809} INFO - DAG(s) dict_keys(['example_branch_operator']) retrieved from /home/airflow/.local/lib/python3.7/site-packages/airflow/example_dags/example_branch_operator.py
[2023-05-05T15:10:28.295+0000] {logging_mixin.py:149} INFO - [2023-05-05T15:10:28.295+0000] {dag.py:2726} INFO - Sync 1 DAGs
[2023-05-05T15:10:28.324+0000] {logging_mixin.py:149} INFO - [2023-05-05T15:10:28.324+0000] {dag.py:3490} INFO - Setting next_dagrun for example_branch_operator to 2023-05-04T00:00:00+00:00, run_after=2023-05-05T00:00:00+00:00
[2023-05-05T15:10:28.351+0000] {processor.py:178} INFO - Processing /home/airflow/.local/lib/python3.7/site-packages/airflow/example_dags/example_branch_operator.py took 0.105 seconds
[2023-05-05T15:10:58.627+0000] {processor.py:156} INFO - Started process (PID=932) to work on /home/airflow/.local/lib/python3.7/site-packages/airflow/example_dags/example_branch_operator.py
[2023-05-05T15:10:58.631+0000] {processor.py:799} INFO - Processing file /home/airflow/.local/lib/python3.7/site-packages/airflow/example_dags/example_branch_operator.py for tasks to queue
[2023-05-05T15:10:58.632+0000] {logging_mixin.py:149} INFO - [2023-05-05T15:10:58.632+0000] {dagbag.py:541} INFO - Filling up the DagBag from /home/airflow/.local/lib/python3.7/site-packages/airflow/example_dags/example_branch_operator.py
[2023-05-05T15:10:58.646+0000] {processor.py:809} INFO - DAG(s) dict_keys(['example_branch_operator']) retrieved from /home/airflow/.local/lib/python3.7/site-packages/airflow/example_dags/example_branch_operator.py
[2023-05-05T15:10:58.673+0000] {logging_mixin.py:149} INFO - [2023-05-05T15:10:58.672+0000] {dag.py:2726} INFO - Sync 1 DAGs
[2023-05-05T15:10:58.701+0000] {logging_mixin.py:149} INFO - [2023-05-05T15:10:58.701+0000] {dag.py:3490} INFO - Setting next_dagrun for example_branch_operator to 2023-05-04T00:00:00+00:00, run_after=2023-05-05T00:00:00+00:00
[2023-05-05T15:10:58.727+0000] {processor.py:178} INFO - Processing /home/airflow/.local/lib/python3.7/site-packages/airflow/example_dags/example_branch_operator.py took 0.105 seconds
[2023-05-05T15:11:28.982+0000] {processor.py:156} INFO - Started process (PID=992) to work on /home/airflow/.local/lib/python3.7/site-packages/airflow/example_dags/example_branch_operator.py
[2023-05-05T15:11:28.987+0000] {processor.py:799} INFO - Processing file /home/airflow/.local/lib/python3.7/site-packages/airflow/example_dags/example_branch_operator.py for tasks to queue
[2023-05-05T15:11:28.988+0000] {logging_mixin.py:149} INFO - [2023-05-05T15:11:28.988+0000] {dagbag.py:541} INFO - Filling up the DagBag from /home/airflow/.local/lib/python3.7/site-packages/airflow/example_dags/example_branch_operator.py
[2023-05-05T15:11:28.996+0000] {processor.py:809} INFO - DAG(s) dict_keys(['example_branch_operator']) retrieved from /home/airflow/.local/lib/python3.7/site-packages/airflow/example_dags/example_branch_operator.py
[2023-05-05T15:11:29.024+0000] {logging_mixin.py:149} INFO - [2023-05-05T15:11:29.023+0000] {dag.py:2726} INFO - Sync 1 DAGs
[2023-05-05T15:11:29.055+0000] {logging_mixin.py:149} INFO - [2023-05-05T15:11:29.055+0000] {dag.py:3490} INFO - Setting next_dagrun for example_branch_operator to 2023-05-04T00:00:00+00:00, run_after=2023-05-05T00:00:00+00:00
[2023-05-05T15:11:29.081+0000] {processor.py:178} INFO - Processing /home/airflow/.local/lib/python3.7/site-packages/airflow/example_dags/example_branch_operator.py took 0.103 seconds
[2023-05-05T15:11:59.238+0000] {processor.py:156} INFO - Started process (PID=1052) to work on /home/airflow/.local/lib/python3.7/site-packages/airflow/example_dags/example_branch_operator.py
[2023-05-05T15:11:59.243+0000] {processor.py:799} INFO - Processing file /home/airflow/.local/lib/python3.7/site-packages/airflow/example_dags/example_branch_operator.py for tasks to queue
[2023-05-05T15:11:59.244+0000] {logging_mixin.py:149} INFO - [2023-05-05T15:11:59.244+0000] {dagbag.py:541} INFO - Filling up the DagBag from /home/airflow/.local/lib/python3.7/site-packages/airflow/example_dags/example_branch_operator.py
[2023-05-05T15:11:59.259+0000] {processor.py:809} INFO - DAG(s) dict_keys(['example_branch_operator']) retrieved from /home/airflow/.local/lib/python3.7/site-packages/airflow/example_dags/example_branch_operator.py
[2023-05-05T15:11:59.287+0000] {logging_mixin.py:149} INFO - [2023-05-05T15:11:59.287+0000] {dag.py:2726} INFO - Sync 1 DAGs
[2023-05-05T15:11:59.312+0000] {logging_mixin.py:149} INFO - [2023-05-05T15:11:59.312+0000] {dag.py:3490} INFO - Setting next_dagrun for example_branch_operator to 2023-05-04T00:00:00+00:00, run_after=2023-05-05T00:00:00+00:00
[2023-05-05T15:11:59.338+0000] {processor.py:178} INFO - Processing /home/airflow/.local/lib/python3.7/site-packages/airflow/example_dags/example_branch_operator.py took 0.107 seconds
[2023-05-05T15:12:29.603+0000] {processor.py:156} INFO - Started process (PID=1112) to work on /home/airflow/.local/lib/python3.7/site-packages/airflow/example_dags/example_branch_operator.py
[2023-05-05T15:12:29.607+0000] {processor.py:799} INFO - Processing file /home/airflow/.local/lib/python3.7/site-packages/airflow/example_dags/example_branch_operator.py for tasks to queue
[2023-05-05T15:12:29.608+0000] {logging_mixin.py:149} INFO - [2023-05-05T15:12:29.608+0000] {dagbag.py:541} INFO - Filling up the DagBag from /home/airflow/.local/lib/python3.7/site-packages/airflow/example_dags/example_branch_operator.py
[2023-05-05T15:12:29.617+0000] {processor.py:809} INFO - DAG(s) dict_keys(['example_branch_operator']) retrieved from /home/airflow/.local/lib/python3.7/site-packages/airflow/example_dags/example_branch_operator.py
[2023-05-05T15:12:29.643+0000] {logging_mixin.py:149} INFO - [2023-05-05T15:12:29.643+0000] {dag.py:2726} INFO - Sync 1 DAGs
[2023-05-05T15:12:29.672+0000] {logging_mixin.py:149} INFO - [2023-05-05T15:12:29.672+0000] {dag.py:3490} INFO - Setting next_dagrun for example_branch_operator to 2023-05-04T00:00:00+00:00, run_after=2023-05-05T00:00:00+00:00
[2023-05-05T15:12:29.705+0000] {processor.py:178} INFO - Processing /home/airflow/.local/lib/python3.7/site-packages/airflow/example_dags/example_branch_operator.py took 0.105 seconds
[2023-05-05T15:33:40.779+0000] {processor.py:156} INFO - Started process (PID=31) to work on /home/airflow/.local/lib/python3.7/site-packages/airflow/example_dags/example_branch_operator.py
[2023-05-05T15:33:40.780+0000] {processor.py:799} INFO - Processing file /home/airflow/.local/lib/python3.7/site-packages/airflow/example_dags/example_branch_operator.py for tasks to queue
[2023-05-05T15:33:40.781+0000] {logging_mixin.py:149} INFO - [2023-05-05T15:33:40.781+0000] {dagbag.py:541} INFO - Filling up the DagBag from /home/airflow/.local/lib/python3.7/site-packages/airflow/example_dags/example_branch_operator.py
[2023-05-05T15:33:40.809+0000] {processor.py:809} INFO - DAG(s) dict_keys(['example_branch_operator']) retrieved from /home/airflow/.local/lib/python3.7/site-packages/airflow/example_dags/example_branch_operator.py
[2023-05-05T15:33:40.919+0000] {logging_mixin.py:149} INFO - [2023-05-05T15:33:40.918+0000] {dag.py:2726} INFO - Sync 1 DAGs
[2023-05-05T15:33:41.027+0000] {logging_mixin.py:149} INFO - [2023-05-05T15:33:41.027+0000] {dag.py:3490} INFO - Setting next_dagrun for example_branch_operator to 2023-05-04T00:00:00+00:00, run_after=2023-05-05T00:00:00+00:00
[2023-05-05T15:33:41.068+0000] {processor.py:178} INFO - Processing /home/airflow/.local/lib/python3.7/site-packages/airflow/example_dags/example_branch_operator.py took 0.293 seconds
[2023-05-05T15:34:11.130+0000] {processor.py:156} INFO - Started process (PID=91) to work on /home/airflow/.local/lib/python3.7/site-packages/airflow/example_dags/example_branch_operator.py
[2023-05-05T15:34:11.131+0000] {processor.py:799} INFO - Processing file /home/airflow/.local/lib/python3.7/site-packages/airflow/example_dags/example_branch_operator.py for tasks to queue
[2023-05-05T15:34:11.132+0000] {logging_mixin.py:149} INFO - [2023-05-05T15:34:11.132+0000] {dagbag.py:541} INFO - Filling up the DagBag from /home/airflow/.local/lib/python3.7/site-packages/airflow/example_dags/example_branch_operator.py
[2023-05-05T15:34:11.140+0000] {processor.py:809} INFO - DAG(s) dict_keys(['example_branch_operator']) retrieved from /home/airflow/.local/lib/python3.7/site-packages/airflow/example_dags/example_branch_operator.py
[2023-05-05T15:34:11.164+0000] {logging_mixin.py:149} INFO - [2023-05-05T15:34:11.164+0000] {dag.py:2726} INFO - Sync 1 DAGs
[2023-05-05T15:34:11.191+0000] {logging_mixin.py:149} INFO - [2023-05-05T15:34:11.191+0000] {dag.py:3490} INFO - Setting next_dagrun for example_branch_operator to 2023-05-04T00:00:00+00:00, run_after=2023-05-05T00:00:00+00:00
[2023-05-05T15:34:11.217+0000] {processor.py:178} INFO - Processing /home/airflow/.local/lib/python3.7/site-packages/airflow/example_dags/example_branch_operator.py took 0.090 seconds
