[2023-05-05T15:03:27.570+0000] {processor.py:156} INFO - Started process (PID=62) to work on /home/airflow/.local/lib/python3.7/site-packages/airflow/example_dags/example_latest_only.py
[2023-05-05T15:03:27.571+0000] {processor.py:799} INFO - Processing file /home/airflow/.local/lib/python3.7/site-packages/airflow/example_dags/example_latest_only.py for tasks to queue
[2023-05-05T15:03:27.571+0000] {logging_mixin.py:149} INFO - [2023-05-05T15:03:27.571+0000] {dagbag.py:541} INFO - Filling up the DagBag from /home/airflow/.local/lib/python3.7/site-packages/airflow/example_dags/example_latest_only.py
[2023-05-05T15:03:27.576+0000] {processor.py:809} INFO - DAG(s) dict_keys(['latest_only']) retrieved from /home/airflow/.local/lib/python3.7/site-packages/airflow/example_dags/example_latest_only.py
[2023-05-05T15:03:27.708+0000] {logging_mixin.py:149} INFO - [2023-05-05T15:03:27.708+0000] {manager.py:504} INFO - Created Permission View: can read on DAG:latest_only
[2023-05-05T15:03:27.720+0000] {logging_mixin.py:149} INFO - [2023-05-05T15:03:27.720+0000] {manager.py:504} INFO - Created Permission View: can edit on DAG:latest_only
[2023-05-05T15:03:27.728+0000] {logging_mixin.py:149} INFO - [2023-05-05T15:03:27.728+0000] {manager.py:504} INFO - Created Permission View: can delete on DAG:latest_only
[2023-05-05T15:03:27.729+0000] {logging_mixin.py:149} INFO - [2023-05-05T15:03:27.729+0000] {dag.py:2726} INFO - Sync 1 DAGs
[2023-05-05T15:03:27.747+0000] {logging_mixin.py:149} INFO - [2023-05-05T15:03:27.747+0000] {dag.py:2747} INFO - Creating ORM DAG for latest_only
[2023-05-05T15:03:27.762+0000] {logging_mixin.py:149} INFO - [2023-05-05T15:03:27.762+0000] {dag.py:3490} INFO - Setting next_dagrun for latest_only to 2023-05-05T11:03:27.762439+00:00, run_after=2023-05-05T15:03:27.762439+00:00
[2023-05-05T15:03:27.806+0000] {processor.py:178} INFO - Processing /home/airflow/.local/lib/python3.7/site-packages/airflow/example_dags/example_latest_only.py took 0.238 seconds
[2023-05-05T15:03:58.233+0000] {processor.py:156} INFO - Started process (PID=122) to work on /home/airflow/.local/lib/python3.7/site-packages/airflow/example_dags/example_latest_only.py
[2023-05-05T15:03:58.234+0000] {processor.py:799} INFO - Processing file /home/airflow/.local/lib/python3.7/site-packages/airflow/example_dags/example_latest_only.py for tasks to queue
[2023-05-05T15:03:58.234+0000] {logging_mixin.py:149} INFO - [2023-05-05T15:03:58.234+0000] {dagbag.py:541} INFO - Filling up the DagBag from /home/airflow/.local/lib/python3.7/site-packages/airflow/example_dags/example_latest_only.py
[2023-05-05T15:03:58.238+0000] {processor.py:809} INFO - DAG(s) dict_keys(['latest_only']) retrieved from /home/airflow/.local/lib/python3.7/site-packages/airflow/example_dags/example_latest_only.py
[2023-05-05T15:03:58.258+0000] {logging_mixin.py:149} INFO - [2023-05-05T15:03:58.257+0000] {dag.py:2726} INFO - Sync 1 DAGs
[2023-05-05T15:03:58.281+0000] {logging_mixin.py:149} INFO - [2023-05-05T15:03:58.281+0000] {dag.py:3490} INFO - Setting next_dagrun for latest_only to 2023-05-05T11:03:58.281117+00:00, run_after=2023-05-05T15:03:58.281117+00:00
[2023-05-05T15:03:58.304+0000] {processor.py:178} INFO - Processing /home/airflow/.local/lib/python3.7/site-packages/airflow/example_dags/example_latest_only.py took 0.074 seconds
[2023-05-05T15:04:29.295+0000] {processor.py:156} INFO - Started process (PID=182) to work on /home/airflow/.local/lib/python3.7/site-packages/airflow/example_dags/example_latest_only.py
[2023-05-05T15:04:29.296+0000] {processor.py:799} INFO - Processing file /home/airflow/.local/lib/python3.7/site-packages/airflow/example_dags/example_latest_only.py for tasks to queue
[2023-05-05T15:04:29.297+0000] {logging_mixin.py:149} INFO - [2023-05-05T15:04:29.297+0000] {dagbag.py:541} INFO - Filling up the DagBag from /home/airflow/.local/lib/python3.7/site-packages/airflow/example_dags/example_latest_only.py
[2023-05-05T15:04:29.301+0000] {processor.py:809} INFO - DAG(s) dict_keys(['latest_only']) retrieved from /home/airflow/.local/lib/python3.7/site-packages/airflow/example_dags/example_latest_only.py
[2023-05-05T15:04:29.330+0000] {logging_mixin.py:149} INFO - [2023-05-05T15:04:29.330+0000] {dag.py:2726} INFO - Sync 1 DAGs
[2023-05-05T15:04:29.371+0000] {logging_mixin.py:149} INFO - [2023-05-05T15:04:29.370+0000] {dag.py:3490} INFO - Setting next_dagrun for latest_only to 2023-05-05T11:04:29.370606+00:00, run_after=2023-05-05T15:04:29.370606+00:00
[2023-05-05T15:04:29.407+0000] {processor.py:178} INFO - Processing /home/airflow/.local/lib/python3.7/site-packages/airflow/example_dags/example_latest_only.py took 0.114 seconds
[2023-05-05T15:04:59.462+0000] {processor.py:156} INFO - Started process (PID=242) to work on /home/airflow/.local/lib/python3.7/site-packages/airflow/example_dags/example_latest_only.py
[2023-05-05T15:04:59.463+0000] {processor.py:799} INFO - Processing file /home/airflow/.local/lib/python3.7/site-packages/airflow/example_dags/example_latest_only.py for tasks to queue
[2023-05-05T15:04:59.463+0000] {logging_mixin.py:149} INFO - [2023-05-05T15:04:59.463+0000] {dagbag.py:541} INFO - Filling up the DagBag from /home/airflow/.local/lib/python3.7/site-packages/airflow/example_dags/example_latest_only.py
[2023-05-05T15:04:59.468+0000] {processor.py:809} INFO - DAG(s) dict_keys(['latest_only']) retrieved from /home/airflow/.local/lib/python3.7/site-packages/airflow/example_dags/example_latest_only.py
[2023-05-05T15:04:59.489+0000] {logging_mixin.py:149} INFO - [2023-05-05T15:04:59.489+0000] {dag.py:2726} INFO - Sync 1 DAGs
[2023-05-05T15:04:59.513+0000] {logging_mixin.py:149} INFO - [2023-05-05T15:04:59.513+0000] {dag.py:3490} INFO - Setting next_dagrun for latest_only to 2023-05-05T11:04:59.513359+00:00, run_after=2023-05-05T15:04:59.513359+00:00
[2023-05-05T15:04:59.540+0000] {processor.py:178} INFO - Processing /home/airflow/.local/lib/python3.7/site-packages/airflow/example_dags/example_latest_only.py took 0.080 seconds
[2023-05-05T15:05:29.622+0000] {processor.py:156} INFO - Started process (PID=302) to work on /home/airflow/.local/lib/python3.7/site-packages/airflow/example_dags/example_latest_only.py
[2023-05-05T15:05:29.623+0000] {processor.py:799} INFO - Processing file /home/airflow/.local/lib/python3.7/site-packages/airflow/example_dags/example_latest_only.py for tasks to queue
[2023-05-05T15:05:29.624+0000] {logging_mixin.py:149} INFO - [2023-05-05T15:05:29.624+0000] {dagbag.py:541} INFO - Filling up the DagBag from /home/airflow/.local/lib/python3.7/site-packages/airflow/example_dags/example_latest_only.py
[2023-05-05T15:05:29.628+0000] {processor.py:809} INFO - DAG(s) dict_keys(['latest_only']) retrieved from /home/airflow/.local/lib/python3.7/site-packages/airflow/example_dags/example_latest_only.py
[2023-05-05T15:05:29.648+0000] {logging_mixin.py:149} INFO - [2023-05-05T15:05:29.648+0000] {dag.py:2726} INFO - Sync 1 DAGs
[2023-05-05T15:05:29.673+0000] {logging_mixin.py:149} INFO - [2023-05-05T15:05:29.673+0000] {dag.py:3490} INFO - Setting next_dagrun for latest_only to 2023-05-05T11:05:29.673371+00:00, run_after=2023-05-05T15:05:29.673371+00:00
[2023-05-05T15:05:29.692+0000] {processor.py:178} INFO - Processing /home/airflow/.local/lib/python3.7/site-packages/airflow/example_dags/example_latest_only.py took 0.072 seconds
[2023-05-05T15:06:00.697+0000] {processor.py:156} INFO - Started process (PID=362) to work on /home/airflow/.local/lib/python3.7/site-packages/airflow/example_dags/example_latest_only.py
[2023-05-05T15:06:00.697+0000] {processor.py:799} INFO - Processing file /home/airflow/.local/lib/python3.7/site-packages/airflow/example_dags/example_latest_only.py for tasks to queue
[2023-05-05T15:06:00.698+0000] {logging_mixin.py:149} INFO - [2023-05-05T15:06:00.698+0000] {dagbag.py:541} INFO - Filling up the DagBag from /home/airflow/.local/lib/python3.7/site-packages/airflow/example_dags/example_latest_only.py
[2023-05-05T15:06:00.702+0000] {processor.py:809} INFO - DAG(s) dict_keys(['latest_only']) retrieved from /home/airflow/.local/lib/python3.7/site-packages/airflow/example_dags/example_latest_only.py
[2023-05-05T15:06:00.722+0000] {logging_mixin.py:149} INFO - [2023-05-05T15:06:00.722+0000] {dag.py:2726} INFO - Sync 1 DAGs
[2023-05-05T15:06:00.747+0000] {logging_mixin.py:149} INFO - [2023-05-05T15:06:00.747+0000] {dag.py:3490} INFO - Setting next_dagrun for latest_only to 2023-05-05T11:06:00.746946+00:00, run_after=2023-05-05T15:06:00.746946+00:00
[2023-05-05T15:06:00.765+0000] {processor.py:178} INFO - Processing /home/airflow/.local/lib/python3.7/site-packages/airflow/example_dags/example_latest_only.py took 0.071 seconds
[2023-05-05T15:06:31.381+0000] {processor.py:156} INFO - Started process (PID=422) to work on /home/airflow/.local/lib/python3.7/site-packages/airflow/example_dags/example_latest_only.py
[2023-05-05T15:06:31.381+0000] {processor.py:799} INFO - Processing file /home/airflow/.local/lib/python3.7/site-packages/airflow/example_dags/example_latest_only.py for tasks to queue
[2023-05-05T15:06:31.382+0000] {logging_mixin.py:149} INFO - [2023-05-05T15:06:31.381+0000] {dagbag.py:541} INFO - Filling up the DagBag from /home/airflow/.local/lib/python3.7/site-packages/airflow/example_dags/example_latest_only.py
[2023-05-05T15:06:31.386+0000] {processor.py:809} INFO - DAG(s) dict_keys(['latest_only']) retrieved from /home/airflow/.local/lib/python3.7/site-packages/airflow/example_dags/example_latest_only.py
[2023-05-05T15:06:31.406+0000] {logging_mixin.py:149} INFO - [2023-05-05T15:06:31.406+0000] {dag.py:2726} INFO - Sync 1 DAGs
[2023-05-05T15:06:31.431+0000] {logging_mixin.py:149} INFO - [2023-05-05T15:06:31.431+0000] {dag.py:3490} INFO - Setting next_dagrun for latest_only to 2023-05-05T11:06:31.431160+00:00, run_after=2023-05-05T15:06:31.431160+00:00
[2023-05-05T15:06:31.453+0000] {processor.py:178} INFO - Processing /home/airflow/.local/lib/python3.7/site-packages/airflow/example_dags/example_latest_only.py took 0.074 seconds
[2023-05-05T15:07:02.343+0000] {processor.py:156} INFO - Started process (PID=482) to work on /home/airflow/.local/lib/python3.7/site-packages/airflow/example_dags/example_latest_only.py
[2023-05-05T15:07:02.343+0000] {processor.py:799} INFO - Processing file /home/airflow/.local/lib/python3.7/site-packages/airflow/example_dags/example_latest_only.py for tasks to queue
[2023-05-05T15:07:02.344+0000] {logging_mixin.py:149} INFO - [2023-05-05T15:07:02.344+0000] {dagbag.py:541} INFO - Filling up the DagBag from /home/airflow/.local/lib/python3.7/site-packages/airflow/example_dags/example_latest_only.py
[2023-05-05T15:07:02.348+0000] {processor.py:809} INFO - DAG(s) dict_keys(['latest_only']) retrieved from /home/airflow/.local/lib/python3.7/site-packages/airflow/example_dags/example_latest_only.py
[2023-05-05T15:07:02.369+0000] {logging_mixin.py:149} INFO - [2023-05-05T15:07:02.369+0000] {dag.py:2726} INFO - Sync 1 DAGs
[2023-05-05T15:07:02.394+0000] {logging_mixin.py:149} INFO - [2023-05-05T15:07:02.394+0000] {dag.py:3490} INFO - Setting next_dagrun for latest_only to 2023-05-05T11:07:02.394550+00:00, run_after=2023-05-05T15:07:02.394550+00:00
[2023-05-05T15:07:02.414+0000] {processor.py:178} INFO - Processing /home/airflow/.local/lib/python3.7/site-packages/airflow/example_dags/example_latest_only.py took 0.074 seconds
[2023-05-05T15:07:33.518+0000] {processor.py:156} INFO - Started process (PID=542) to work on /home/airflow/.local/lib/python3.7/site-packages/airflow/example_dags/example_latest_only.py
[2023-05-05T15:07:33.519+0000] {processor.py:799} INFO - Processing file /home/airflow/.local/lib/python3.7/site-packages/airflow/example_dags/example_latest_only.py for tasks to queue
[2023-05-05T15:07:33.519+0000] {logging_mixin.py:149} INFO - [2023-05-05T15:07:33.519+0000] {dagbag.py:541} INFO - Filling up the DagBag from /home/airflow/.local/lib/python3.7/site-packages/airflow/example_dags/example_latest_only.py
[2023-05-05T15:07:33.524+0000] {processor.py:809} INFO - DAG(s) dict_keys(['latest_only']) retrieved from /home/airflow/.local/lib/python3.7/site-packages/airflow/example_dags/example_latest_only.py
[2023-05-05T15:07:33.545+0000] {logging_mixin.py:149} INFO - [2023-05-05T15:07:33.545+0000] {dag.py:2726} INFO - Sync 1 DAGs
[2023-05-05T15:07:33.571+0000] {logging_mixin.py:149} INFO - [2023-05-05T15:07:33.571+0000] {dag.py:3490} INFO - Setting next_dagrun for latest_only to 2023-05-05T11:07:33.570952+00:00, run_after=2023-05-05T15:07:33.570952+00:00
[2023-05-05T15:07:33.589+0000] {processor.py:178} INFO - Processing /home/airflow/.local/lib/python3.7/site-packages/airflow/example_dags/example_latest_only.py took 0.073 seconds
[2023-05-05T15:08:04.685+0000] {processor.py:156} INFO - Started process (PID=602) to work on /home/airflow/.local/lib/python3.7/site-packages/airflow/example_dags/example_latest_only.py
[2023-05-05T15:08:04.686+0000] {processor.py:799} INFO - Processing file /home/airflow/.local/lib/python3.7/site-packages/airflow/example_dags/example_latest_only.py for tasks to queue
[2023-05-05T15:08:04.687+0000] {logging_mixin.py:149} INFO - [2023-05-05T15:08:04.687+0000] {dagbag.py:541} INFO - Filling up the DagBag from /home/airflow/.local/lib/python3.7/site-packages/airflow/example_dags/example_latest_only.py
[2023-05-05T15:08:04.691+0000] {processor.py:809} INFO - DAG(s) dict_keys(['latest_only']) retrieved from /home/airflow/.local/lib/python3.7/site-packages/airflow/example_dags/example_latest_only.py
[2023-05-05T15:08:04.712+0000] {logging_mixin.py:149} INFO - [2023-05-05T15:08:04.712+0000] {dag.py:2726} INFO - Sync 1 DAGs
[2023-05-05T15:08:04.738+0000] {logging_mixin.py:149} INFO - [2023-05-05T15:08:04.738+0000] {dag.py:3490} INFO - Setting next_dagrun for latest_only to 2023-05-05T11:08:04.738155+00:00, run_after=2023-05-05T15:08:04.738155+00:00
[2023-05-05T15:08:04.760+0000] {processor.py:178} INFO - Processing /home/airflow/.local/lib/python3.7/site-packages/airflow/example_dags/example_latest_only.py took 0.077 seconds
[2023-05-05T15:08:35.317+0000] {processor.py:156} INFO - Started process (PID=662) to work on /home/airflow/.local/lib/python3.7/site-packages/airflow/example_dags/example_latest_only.py
[2023-05-05T15:08:35.318+0000] {processor.py:799} INFO - Processing file /home/airflow/.local/lib/python3.7/site-packages/airflow/example_dags/example_latest_only.py for tasks to queue
[2023-05-05T15:08:35.319+0000] {logging_mixin.py:149} INFO - [2023-05-05T15:08:35.319+0000] {dagbag.py:541} INFO - Filling up the DagBag from /home/airflow/.local/lib/python3.7/site-packages/airflow/example_dags/example_latest_only.py
[2023-05-05T15:08:35.324+0000] {processor.py:809} INFO - DAG(s) dict_keys(['latest_only']) retrieved from /home/airflow/.local/lib/python3.7/site-packages/airflow/example_dags/example_latest_only.py
[2023-05-05T15:08:35.353+0000] {logging_mixin.py:149} INFO - [2023-05-05T15:08:35.353+0000] {dag.py:2726} INFO - Sync 1 DAGs
[2023-05-05T15:08:35.391+0000] {logging_mixin.py:149} INFO - [2023-05-05T15:08:35.390+0000] {dag.py:3490} INFO - Setting next_dagrun for latest_only to 2023-05-05T11:08:35.390464+00:00, run_after=2023-05-05T15:08:35.390464+00:00
[2023-05-05T15:08:35.420+0000] {processor.py:178} INFO - Processing /home/airflow/.local/lib/python3.7/site-packages/airflow/example_dags/example_latest_only.py took 0.107 seconds
[2023-05-05T15:09:05.845+0000] {processor.py:156} INFO - Started process (PID=722) to work on /home/airflow/.local/lib/python3.7/site-packages/airflow/example_dags/example_latest_only.py
[2023-05-05T15:09:05.846+0000] {processor.py:799} INFO - Processing file /home/airflow/.local/lib/python3.7/site-packages/airflow/example_dags/example_latest_only.py for tasks to queue
[2023-05-05T15:09:05.847+0000] {logging_mixin.py:149} INFO - [2023-05-05T15:09:05.847+0000] {dagbag.py:541} INFO - Filling up the DagBag from /home/airflow/.local/lib/python3.7/site-packages/airflow/example_dags/example_latest_only.py
[2023-05-05T15:09:05.852+0000] {processor.py:809} INFO - DAG(s) dict_keys(['latest_only']) retrieved from /home/airflow/.local/lib/python3.7/site-packages/airflow/example_dags/example_latest_only.py
[2023-05-05T15:09:05.882+0000] {logging_mixin.py:149} INFO - [2023-05-05T15:09:05.881+0000] {dag.py:2726} INFO - Sync 1 DAGs
[2023-05-05T15:09:05.917+0000] {logging_mixin.py:149} INFO - [2023-05-05T15:09:05.917+0000] {dag.py:3490} INFO - Setting next_dagrun for latest_only to 2023-05-05T11:09:05.917450+00:00, run_after=2023-05-05T15:09:05.917450+00:00
[2023-05-05T15:09:05.938+0000] {processor.py:178} INFO - Processing /home/airflow/.local/lib/python3.7/site-packages/airflow/example_dags/example_latest_only.py took 0.096 seconds
[2023-05-05T15:09:36.128+0000] {processor.py:156} INFO - Started process (PID=782) to work on /home/airflow/.local/lib/python3.7/site-packages/airflow/example_dags/example_latest_only.py
[2023-05-05T15:09:36.128+0000] {processor.py:799} INFO - Processing file /home/airflow/.local/lib/python3.7/site-packages/airflow/example_dags/example_latest_only.py for tasks to queue
[2023-05-05T15:09:36.128+0000] {logging_mixin.py:149} INFO - [2023-05-05T15:09:36.128+0000] {dagbag.py:541} INFO - Filling up the DagBag from /home/airflow/.local/lib/python3.7/site-packages/airflow/example_dags/example_latest_only.py
[2023-05-05T15:09:36.132+0000] {processor.py:809} INFO - DAG(s) dict_keys(['latest_only']) retrieved from /home/airflow/.local/lib/python3.7/site-packages/airflow/example_dags/example_latest_only.py
[2023-05-05T15:09:36.153+0000] {logging_mixin.py:149} INFO - [2023-05-05T15:09:36.152+0000] {dag.py:2726} INFO - Sync 1 DAGs
[2023-05-05T15:09:36.177+0000] {logging_mixin.py:149} INFO - [2023-05-05T15:09:36.177+0000] {dag.py:3490} INFO - Setting next_dagrun for latest_only to 2023-05-05T11:09:36.176760+00:00, run_after=2023-05-05T15:09:36.176760+00:00
[2023-05-05T15:09:36.195+0000] {processor.py:178} INFO - Processing /home/airflow/.local/lib/python3.7/site-packages/airflow/example_dags/example_latest_only.py took 0.070 seconds
[2023-05-05T15:10:07.211+0000] {processor.py:156} INFO - Started process (PID=842) to work on /home/airflow/.local/lib/python3.7/site-packages/airflow/example_dags/example_latest_only.py
[2023-05-05T15:10:07.212+0000] {processor.py:799} INFO - Processing file /home/airflow/.local/lib/python3.7/site-packages/airflow/example_dags/example_latest_only.py for tasks to queue
[2023-05-05T15:10:07.213+0000] {logging_mixin.py:149} INFO - [2023-05-05T15:10:07.212+0000] {dagbag.py:541} INFO - Filling up the DagBag from /home/airflow/.local/lib/python3.7/site-packages/airflow/example_dags/example_latest_only.py
[2023-05-05T15:10:07.217+0000] {processor.py:809} INFO - DAG(s) dict_keys(['latest_only']) retrieved from /home/airflow/.local/lib/python3.7/site-packages/airflow/example_dags/example_latest_only.py
[2023-05-05T15:10:07.241+0000] {logging_mixin.py:149} INFO - [2023-05-05T15:10:07.241+0000] {dag.py:2726} INFO - Sync 1 DAGs
[2023-05-05T15:10:07.270+0000] {logging_mixin.py:149} INFO - [2023-05-05T15:10:07.269+0000] {dag.py:3490} INFO - Setting next_dagrun for latest_only to 2023-05-05T11:10:07.269733+00:00, run_after=2023-05-05T15:10:07.269733+00:00
[2023-05-05T15:10:07.289+0000] {processor.py:178} INFO - Processing /home/airflow/.local/lib/python3.7/site-packages/airflow/example_dags/example_latest_only.py took 0.081 seconds
[2023-05-05T15:10:38.294+0000] {processor.py:156} INFO - Started process (PID=902) to work on /home/airflow/.local/lib/python3.7/site-packages/airflow/example_dags/example_latest_only.py
[2023-05-05T15:10:38.294+0000] {processor.py:799} INFO - Processing file /home/airflow/.local/lib/python3.7/site-packages/airflow/example_dags/example_latest_only.py for tasks to queue
[2023-05-05T15:10:38.295+0000] {logging_mixin.py:149} INFO - [2023-05-05T15:10:38.295+0000] {dagbag.py:541} INFO - Filling up the DagBag from /home/airflow/.local/lib/python3.7/site-packages/airflow/example_dags/example_latest_only.py
[2023-05-05T15:10:38.299+0000] {processor.py:809} INFO - DAG(s) dict_keys(['latest_only']) retrieved from /home/airflow/.local/lib/python3.7/site-packages/airflow/example_dags/example_latest_only.py
[2023-05-05T15:10:38.323+0000] {logging_mixin.py:149} INFO - [2023-05-05T15:10:38.323+0000] {dag.py:2726} INFO - Sync 1 DAGs
[2023-05-05T15:10:38.352+0000] {logging_mixin.py:149} INFO - [2023-05-05T15:10:38.352+0000] {dag.py:3490} INFO - Setting next_dagrun for latest_only to 2023-05-05T11:10:38.352220+00:00, run_after=2023-05-05T15:10:38.352220+00:00
[2023-05-05T15:10:38.375+0000] {processor.py:178} INFO - Processing /home/airflow/.local/lib/python3.7/site-packages/airflow/example_dags/example_latest_only.py took 0.084 seconds
[2023-05-05T15:11:08.701+0000] {processor.py:156} INFO - Started process (PID=962) to work on /home/airflow/.local/lib/python3.7/site-packages/airflow/example_dags/example_latest_only.py
[2023-05-05T15:11:08.702+0000] {processor.py:799} INFO - Processing file /home/airflow/.local/lib/python3.7/site-packages/airflow/example_dags/example_latest_only.py for tasks to queue
[2023-05-05T15:11:08.702+0000] {logging_mixin.py:149} INFO - [2023-05-05T15:11:08.702+0000] {dagbag.py:541} INFO - Filling up the DagBag from /home/airflow/.local/lib/python3.7/site-packages/airflow/example_dags/example_latest_only.py
[2023-05-05T15:11:08.706+0000] {processor.py:809} INFO - DAG(s) dict_keys(['latest_only']) retrieved from /home/airflow/.local/lib/python3.7/site-packages/airflow/example_dags/example_latest_only.py
[2023-05-05T15:11:08.730+0000] {logging_mixin.py:149} INFO - [2023-05-05T15:11:08.730+0000] {dag.py:2726} INFO - Sync 1 DAGs
[2023-05-05T15:11:08.762+0000] {logging_mixin.py:149} INFO - [2023-05-05T15:11:08.761+0000] {dag.py:3490} INFO - Setting next_dagrun for latest_only to 2023-05-05T11:11:08.761647+00:00, run_after=2023-05-05T15:11:08.761647+00:00
[2023-05-05T15:11:08.787+0000] {processor.py:178} INFO - Processing /home/airflow/.local/lib/python3.7/site-packages/airflow/example_dags/example_latest_only.py took 0.089 seconds
[2023-05-05T15:11:39.350+0000] {processor.py:156} INFO - Started process (PID=1022) to work on /home/airflow/.local/lib/python3.7/site-packages/airflow/example_dags/example_latest_only.py
[2023-05-05T15:11:39.351+0000] {processor.py:799} INFO - Processing file /home/airflow/.local/lib/python3.7/site-packages/airflow/example_dags/example_latest_only.py for tasks to queue
[2023-05-05T15:11:39.351+0000] {logging_mixin.py:149} INFO - [2023-05-05T15:11:39.351+0000] {dagbag.py:541} INFO - Filling up the DagBag from /home/airflow/.local/lib/python3.7/site-packages/airflow/example_dags/example_latest_only.py
[2023-05-05T15:11:39.356+0000] {processor.py:809} INFO - DAG(s) dict_keys(['latest_only']) retrieved from /home/airflow/.local/lib/python3.7/site-packages/airflow/example_dags/example_latest_only.py
[2023-05-05T15:11:39.378+0000] {logging_mixin.py:149} INFO - [2023-05-05T15:11:39.378+0000] {dag.py:2726} INFO - Sync 1 DAGs
[2023-05-05T15:11:39.404+0000] {logging_mixin.py:149} INFO - [2023-05-05T15:11:39.404+0000] {dag.py:3490} INFO - Setting next_dagrun for latest_only to 2023-05-05T11:11:39.404522+00:00, run_after=2023-05-05T15:11:39.404522+00:00
[2023-05-05T15:11:39.425+0000] {processor.py:178} INFO - Processing /home/airflow/.local/lib/python3.7/site-packages/airflow/example_dags/example_latest_only.py took 0.078 seconds
[2023-05-05T15:12:10.361+0000] {processor.py:156} INFO - Started process (PID=1082) to work on /home/airflow/.local/lib/python3.7/site-packages/airflow/example_dags/example_latest_only.py
[2023-05-05T15:12:10.362+0000] {processor.py:799} INFO - Processing file /home/airflow/.local/lib/python3.7/site-packages/airflow/example_dags/example_latest_only.py for tasks to queue
[2023-05-05T15:12:10.363+0000] {logging_mixin.py:149} INFO - [2023-05-05T15:12:10.363+0000] {dagbag.py:541} INFO - Filling up the DagBag from /home/airflow/.local/lib/python3.7/site-packages/airflow/example_dags/example_latest_only.py
[2023-05-05T15:12:10.367+0000] {processor.py:809} INFO - DAG(s) dict_keys(['latest_only']) retrieved from /home/airflow/.local/lib/python3.7/site-packages/airflow/example_dags/example_latest_only.py
[2023-05-05T15:12:10.389+0000] {logging_mixin.py:149} INFO - [2023-05-05T15:12:10.389+0000] {dag.py:2726} INFO - Sync 1 DAGs
[2023-05-05T15:12:10.422+0000] {logging_mixin.py:149} INFO - [2023-05-05T15:12:10.422+0000] {dag.py:3490} INFO - Setting next_dagrun for latest_only to 2023-05-05T11:12:10.421758+00:00, run_after=2023-05-05T15:12:10.421758+00:00
[2023-05-05T15:12:10.439+0000] {processor.py:178} INFO - Processing /home/airflow/.local/lib/python3.7/site-packages/airflow/example_dags/example_latest_only.py took 0.080 seconds
[2023-05-05T15:33:45.888+0000] {processor.py:156} INFO - Started process (PID=61) to work on /home/airflow/.local/lib/python3.7/site-packages/airflow/example_dags/example_latest_only.py
[2023-05-05T15:33:45.889+0000] {processor.py:799} INFO - Processing file /home/airflow/.local/lib/python3.7/site-packages/airflow/example_dags/example_latest_only.py for tasks to queue
[2023-05-05T15:33:45.890+0000] {logging_mixin.py:149} INFO - [2023-05-05T15:33:45.890+0000] {dagbag.py:541} INFO - Filling up the DagBag from /home/airflow/.local/lib/python3.7/site-packages/airflow/example_dags/example_latest_only.py
[2023-05-05T15:33:45.899+0000] {processor.py:809} INFO - DAG(s) dict_keys(['latest_only']) retrieved from /home/airflow/.local/lib/python3.7/site-packages/airflow/example_dags/example_latest_only.py
[2023-05-05T15:33:45.969+0000] {logging_mixin.py:149} INFO - [2023-05-05T15:33:45.969+0000] {dag.py:2726} INFO - Sync 1 DAGs
[2023-05-05T15:33:46.042+0000] {logging_mixin.py:149} INFO - [2023-05-05T15:33:46.041+0000] {dag.py:3490} INFO - Setting next_dagrun for latest_only to 2023-05-05T11:33:46.041293+00:00, run_after=2023-05-05T15:33:46.041293+00:00
[2023-05-05T15:33:46.152+0000] {processor.py:178} INFO - Processing /home/airflow/.local/lib/python3.7/site-packages/airflow/example_dags/example_latest_only.py took 0.269 seconds
