[2023-05-05T15:03:27.457+0000] {processor.py:156} INFO - Started process (PID=60) to work on /home/airflow/.local/lib/python3.7/site-packages/airflow/example_dags/example_sensors.py
[2023-05-05T15:03:27.457+0000] {processor.py:799} INFO - Processing file /home/airflow/.local/lib/python3.7/site-packages/airflow/example_dags/example_sensors.py for tasks to queue
[2023-05-05T15:03:27.458+0000] {logging_mixin.py:149} INFO - [2023-05-05T15:03:27.458+0000] {dagbag.py:541} INFO - Filling up the DagBag from /home/airflow/.local/lib/python3.7/site-packages/airflow/example_dags/example_sensors.py
[2023-05-05T15:03:27.466+0000] {processor.py:809} INFO - DAG(s) dict_keys(['example_sensors']) retrieved from /home/airflow/.local/lib/python3.7/site-packages/airflow/example_dags/example_sensors.py
[2023-05-05T15:03:27.604+0000] {logging_mixin.py:149} INFO - [2023-05-05T15:03:27.604+0000] {manager.py:504} INFO - Created Permission View: can read on DAG:example_sensors
[2023-05-05T15:03:27.613+0000] {logging_mixin.py:149} INFO - [2023-05-05T15:03:27.613+0000] {manager.py:504} INFO - Created Permission View: can edit on DAG:example_sensors
[2023-05-05T15:03:27.620+0000] {logging_mixin.py:149} INFO - [2023-05-05T15:03:27.619+0000] {manager.py:504} INFO - Created Permission View: can delete on DAG:example_sensors
[2023-05-05T15:03:27.620+0000] {logging_mixin.py:149} INFO - [2023-05-05T15:03:27.620+0000] {dag.py:2726} INFO - Sync 1 DAGs
[2023-05-05T15:03:27.633+0000] {logging_mixin.py:149} INFO - [2023-05-05T15:03:27.633+0000] {dag.py:2747} INFO - Creating ORM DAG for example_sensors
[2023-05-05T15:03:27.644+0000] {logging_mixin.py:149} INFO - [2023-05-05T15:03:27.644+0000] {dag.py:3490} INFO - Setting next_dagrun for example_sensors to None, run_after=None
[2023-05-05T15:03:27.665+0000] {processor.py:178} INFO - Processing /home/airflow/.local/lib/python3.7/site-packages/airflow/example_dags/example_sensors.py took 0.210 seconds
[2023-05-05T15:03:58.106+0000] {processor.py:156} INFO - Started process (PID=120) to work on /home/airflow/.local/lib/python3.7/site-packages/airflow/example_dags/example_sensors.py
[2023-05-05T15:03:58.107+0000] {processor.py:799} INFO - Processing file /home/airflow/.local/lib/python3.7/site-packages/airflow/example_dags/example_sensors.py for tasks to queue
[2023-05-05T15:03:58.107+0000] {logging_mixin.py:149} INFO - [2023-05-05T15:03:58.107+0000] {dagbag.py:541} INFO - Filling up the DagBag from /home/airflow/.local/lib/python3.7/site-packages/airflow/example_dags/example_sensors.py
[2023-05-05T15:03:58.115+0000] {processor.py:809} INFO - DAG(s) dict_keys(['example_sensors']) retrieved from /home/airflow/.local/lib/python3.7/site-packages/airflow/example_dags/example_sensors.py
[2023-05-05T15:03:58.140+0000] {logging_mixin.py:149} INFO - [2023-05-05T15:03:58.140+0000] {dag.py:2726} INFO - Sync 1 DAGs
[2023-05-05T15:03:58.165+0000] {logging_mixin.py:149} INFO - [2023-05-05T15:03:58.164+0000] {dag.py:3490} INFO - Setting next_dagrun for example_sensors to None, run_after=None
[2023-05-05T15:03:58.190+0000] {processor.py:178} INFO - Processing /home/airflow/.local/lib/python3.7/site-packages/airflow/example_dags/example_sensors.py took 0.086 seconds
[2023-05-05T15:04:29.143+0000] {processor.py:156} INFO - Started process (PID=180) to work on /home/airflow/.local/lib/python3.7/site-packages/airflow/example_dags/example_sensors.py
[2023-05-05T15:04:29.144+0000] {processor.py:799} INFO - Processing file /home/airflow/.local/lib/python3.7/site-packages/airflow/example_dags/example_sensors.py for tasks to queue
[2023-05-05T15:04:29.145+0000] {logging_mixin.py:149} INFO - [2023-05-05T15:04:29.145+0000] {dagbag.py:541} INFO - Filling up the DagBag from /home/airflow/.local/lib/python3.7/site-packages/airflow/example_dags/example_sensors.py
[2023-05-05T15:04:29.155+0000] {processor.py:809} INFO - DAG(s) dict_keys(['example_sensors']) retrieved from /home/airflow/.local/lib/python3.7/site-packages/airflow/example_dags/example_sensors.py
[2023-05-05T15:04:29.183+0000] {logging_mixin.py:149} INFO - [2023-05-05T15:04:29.183+0000] {dag.py:2726} INFO - Sync 1 DAGs
[2023-05-05T15:04:29.218+0000] {logging_mixin.py:149} INFO - [2023-05-05T15:04:29.218+0000] {dag.py:3490} INFO - Setting next_dagrun for example_sensors to None, run_after=None
[2023-05-05T15:04:29.246+0000] {processor.py:178} INFO - Processing /home/airflow/.local/lib/python3.7/site-packages/airflow/example_dags/example_sensors.py took 0.106 seconds
[2023-05-05T15:04:59.342+0000] {processor.py:156} INFO - Started process (PID=240) to work on /home/airflow/.local/lib/python3.7/site-packages/airflow/example_dags/example_sensors.py
[2023-05-05T15:04:59.343+0000] {processor.py:799} INFO - Processing file /home/airflow/.local/lib/python3.7/site-packages/airflow/example_dags/example_sensors.py for tasks to queue
[2023-05-05T15:04:59.343+0000] {logging_mixin.py:149} INFO - [2023-05-05T15:04:59.343+0000] {dagbag.py:541} INFO - Filling up the DagBag from /home/airflow/.local/lib/python3.7/site-packages/airflow/example_dags/example_sensors.py
[2023-05-05T15:04:59.351+0000] {processor.py:809} INFO - DAG(s) dict_keys(['example_sensors']) retrieved from /home/airflow/.local/lib/python3.7/site-packages/airflow/example_dags/example_sensors.py
[2023-05-05T15:04:59.376+0000] {logging_mixin.py:149} INFO - [2023-05-05T15:04:59.376+0000] {dag.py:2726} INFO - Sync 1 DAGs
[2023-05-05T15:04:59.401+0000] {logging_mixin.py:149} INFO - [2023-05-05T15:04:59.401+0000] {dag.py:3490} INFO - Setting next_dagrun for example_sensors to None, run_after=None
[2023-05-05T15:04:59.420+0000] {processor.py:178} INFO - Processing /home/airflow/.local/lib/python3.7/site-packages/airflow/example_dags/example_sensors.py took 0.081 seconds
[2023-05-05T15:05:29.557+0000] {processor.py:156} INFO - Started process (PID=300) to work on /home/airflow/.local/lib/python3.7/site-packages/airflow/example_dags/example_sensors.py
[2023-05-05T15:05:29.558+0000] {processor.py:799} INFO - Processing file /home/airflow/.local/lib/python3.7/site-packages/airflow/example_dags/example_sensors.py for tasks to queue
[2023-05-05T15:05:29.558+0000] {logging_mixin.py:149} INFO - [2023-05-05T15:05:29.558+0000] {dagbag.py:541} INFO - Filling up the DagBag from /home/airflow/.local/lib/python3.7/site-packages/airflow/example_dags/example_sensors.py
[2023-05-05T15:05:29.566+0000] {processor.py:809} INFO - DAG(s) dict_keys(['example_sensors']) retrieved from /home/airflow/.local/lib/python3.7/site-packages/airflow/example_dags/example_sensors.py
[2023-05-05T15:05:29.591+0000] {logging_mixin.py:149} INFO - [2023-05-05T15:05:29.591+0000] {dag.py:2726} INFO - Sync 1 DAGs
[2023-05-05T15:05:29.615+0000] {logging_mixin.py:149} INFO - [2023-05-05T15:05:29.615+0000] {dag.py:3490} INFO - Setting next_dagrun for example_sensors to None, run_after=None
[2023-05-05T15:05:29.634+0000] {processor.py:178} INFO - Processing /home/airflow/.local/lib/python3.7/site-packages/airflow/example_dags/example_sensors.py took 0.079 seconds
[2023-05-05T15:06:00.614+0000] {processor.py:156} INFO - Started process (PID=360) to work on /home/airflow/.local/lib/python3.7/site-packages/airflow/example_dags/example_sensors.py
[2023-05-05T15:06:00.614+0000] {processor.py:799} INFO - Processing file /home/airflow/.local/lib/python3.7/site-packages/airflow/example_dags/example_sensors.py for tasks to queue
[2023-05-05T15:06:00.615+0000] {logging_mixin.py:149} INFO - [2023-05-05T15:06:00.615+0000] {dagbag.py:541} INFO - Filling up the DagBag from /home/airflow/.local/lib/python3.7/site-packages/airflow/example_dags/example_sensors.py
[2023-05-05T15:06:00.622+0000] {processor.py:809} INFO - DAG(s) dict_keys(['example_sensors']) retrieved from /home/airflow/.local/lib/python3.7/site-packages/airflow/example_dags/example_sensors.py
[2023-05-05T15:06:00.648+0000] {logging_mixin.py:149} INFO - [2023-05-05T15:06:00.648+0000] {dag.py:2726} INFO - Sync 1 DAGs
[2023-05-05T15:06:00.673+0000] {logging_mixin.py:149} INFO - [2023-05-05T15:06:00.673+0000] {dag.py:3490} INFO - Setting next_dagrun for example_sensors to None, run_after=None
[2023-05-05T15:06:00.691+0000] {processor.py:178} INFO - Processing /home/airflow/.local/lib/python3.7/site-packages/airflow/example_dags/example_sensors.py took 0.080 seconds
[2023-05-05T15:06:31.315+0000] {processor.py:156} INFO - Started process (PID=420) to work on /home/airflow/.local/lib/python3.7/site-packages/airflow/example_dags/example_sensors.py
[2023-05-05T15:06:31.315+0000] {processor.py:799} INFO - Processing file /home/airflow/.local/lib/python3.7/site-packages/airflow/example_dags/example_sensors.py for tasks to queue
[2023-05-05T15:06:31.316+0000] {logging_mixin.py:149} INFO - [2023-05-05T15:06:31.316+0000] {dagbag.py:541} INFO - Filling up the DagBag from /home/airflow/.local/lib/python3.7/site-packages/airflow/example_dags/example_sensors.py
[2023-05-05T15:06:31.324+0000] {processor.py:809} INFO - DAG(s) dict_keys(['example_sensors']) retrieved from /home/airflow/.local/lib/python3.7/site-packages/airflow/example_dags/example_sensors.py
[2023-05-05T15:06:31.353+0000] {logging_mixin.py:149} INFO - [2023-05-05T15:06:31.353+0000] {dag.py:2726} INFO - Sync 1 DAGs
[2023-05-05T15:06:31.378+0000] {logging_mixin.py:149} INFO - [2023-05-05T15:06:31.378+0000] {dag.py:3490} INFO - Setting next_dagrun for example_sensors to None, run_after=None
[2023-05-05T15:06:31.398+0000] {processor.py:178} INFO - Processing /home/airflow/.local/lib/python3.7/site-packages/airflow/example_dags/example_sensors.py took 0.086 seconds
[2023-05-05T15:07:02.266+0000] {processor.py:156} INFO - Started process (PID=480) to work on /home/airflow/.local/lib/python3.7/site-packages/airflow/example_dags/example_sensors.py
[2023-05-05T15:07:02.267+0000] {processor.py:799} INFO - Processing file /home/airflow/.local/lib/python3.7/site-packages/airflow/example_dags/example_sensors.py for tasks to queue
[2023-05-05T15:07:02.268+0000] {logging_mixin.py:149} INFO - [2023-05-05T15:07:02.267+0000] {dagbag.py:541} INFO - Filling up the DagBag from /home/airflow/.local/lib/python3.7/site-packages/airflow/example_dags/example_sensors.py
[2023-05-05T15:07:02.275+0000] {processor.py:809} INFO - DAG(s) dict_keys(['example_sensors']) retrieved from /home/airflow/.local/lib/python3.7/site-packages/airflow/example_dags/example_sensors.py
[2023-05-05T15:07:02.301+0000] {logging_mixin.py:149} INFO - [2023-05-05T15:07:02.301+0000] {dag.py:2726} INFO - Sync 1 DAGs
[2023-05-05T15:07:02.326+0000] {logging_mixin.py:149} INFO - [2023-05-05T15:07:02.326+0000] {dag.py:3490} INFO - Setting next_dagrun for example_sensors to None, run_after=None
[2023-05-05T15:07:02.344+0000] {processor.py:178} INFO - Processing /home/airflow/.local/lib/python3.7/site-packages/airflow/example_dags/example_sensors.py took 0.081 seconds
[2023-05-05T15:07:33.445+0000] {processor.py:156} INFO - Started process (PID=540) to work on /home/airflow/.local/lib/python3.7/site-packages/airflow/example_dags/example_sensors.py
[2023-05-05T15:07:33.445+0000] {processor.py:799} INFO - Processing file /home/airflow/.local/lib/python3.7/site-packages/airflow/example_dags/example_sensors.py for tasks to queue
[2023-05-05T15:07:33.446+0000] {logging_mixin.py:149} INFO - [2023-05-05T15:07:33.446+0000] {dagbag.py:541} INFO - Filling up the DagBag from /home/airflow/.local/lib/python3.7/site-packages/airflow/example_dags/example_sensors.py
[2023-05-05T15:07:33.454+0000] {processor.py:809} INFO - DAG(s) dict_keys(['example_sensors']) retrieved from /home/airflow/.local/lib/python3.7/site-packages/airflow/example_dags/example_sensors.py
[2023-05-05T15:07:33.479+0000] {logging_mixin.py:149} INFO - [2023-05-05T15:07:33.479+0000] {dag.py:2726} INFO - Sync 1 DAGs
[2023-05-05T15:07:33.505+0000] {logging_mixin.py:149} INFO - [2023-05-05T15:07:33.505+0000] {dag.py:3490} INFO - Setting next_dagrun for example_sensors to None, run_after=None
[2023-05-05T15:07:33.525+0000] {processor.py:178} INFO - Processing /home/airflow/.local/lib/python3.7/site-packages/airflow/example_dags/example_sensors.py took 0.083 seconds
[2023-05-05T15:08:04.603+0000] {processor.py:156} INFO - Started process (PID=600) to work on /home/airflow/.local/lib/python3.7/site-packages/airflow/example_dags/example_sensors.py
[2023-05-05T15:08:04.604+0000] {processor.py:799} INFO - Processing file /home/airflow/.local/lib/python3.7/site-packages/airflow/example_dags/example_sensors.py for tasks to queue
[2023-05-05T15:08:04.604+0000] {logging_mixin.py:149} INFO - [2023-05-05T15:08:04.604+0000] {dagbag.py:541} INFO - Filling up the DagBag from /home/airflow/.local/lib/python3.7/site-packages/airflow/example_dags/example_sensors.py
[2023-05-05T15:08:04.612+0000] {processor.py:809} INFO - DAG(s) dict_keys(['example_sensors']) retrieved from /home/airflow/.local/lib/python3.7/site-packages/airflow/example_dags/example_sensors.py
[2023-05-05T15:08:04.644+0000] {logging_mixin.py:149} INFO - [2023-05-05T15:08:04.644+0000] {dag.py:2726} INFO - Sync 1 DAGs
[2023-05-05T15:08:04.675+0000] {logging_mixin.py:149} INFO - [2023-05-05T15:08:04.675+0000] {dag.py:3490} INFO - Setting next_dagrun for example_sensors to None, run_after=None
[2023-05-05T15:08:04.694+0000] {processor.py:178} INFO - Processing /home/airflow/.local/lib/python3.7/site-packages/airflow/example_dags/example_sensors.py took 0.094 seconds
[2023-05-05T15:08:35.245+0000] {processor.py:156} INFO - Started process (PID=660) to work on /home/airflow/.local/lib/python3.7/site-packages/airflow/example_dags/example_sensors.py
[2023-05-05T15:08:35.246+0000] {processor.py:799} INFO - Processing file /home/airflow/.local/lib/python3.7/site-packages/airflow/example_dags/example_sensors.py for tasks to queue
[2023-05-05T15:08:35.246+0000] {logging_mixin.py:149} INFO - [2023-05-05T15:08:35.246+0000] {dagbag.py:541} INFO - Filling up the DagBag from /home/airflow/.local/lib/python3.7/site-packages/airflow/example_dags/example_sensors.py
[2023-05-05T15:08:35.259+0000] {processor.py:809} INFO - DAG(s) dict_keys(['example_sensors']) retrieved from /home/airflow/.local/lib/python3.7/site-packages/airflow/example_dags/example_sensors.py
[2023-05-05T15:08:35.309+0000] {logging_mixin.py:149} INFO - [2023-05-05T15:08:35.308+0000] {dag.py:2726} INFO - Sync 1 DAGs
[2023-05-05T15:08:35.346+0000] {logging_mixin.py:149} INFO - [2023-05-05T15:08:35.346+0000] {dag.py:3490} INFO - Setting next_dagrun for example_sensors to None, run_after=None
[2023-05-05T15:08:35.373+0000] {processor.py:178} INFO - Processing /home/airflow/.local/lib/python3.7/site-packages/airflow/example_dags/example_sensors.py took 0.132 seconds
[2023-05-05T15:09:05.840+0000] {processor.py:156} INFO - Started process (PID=721) to work on /home/airflow/.local/lib/python3.7/site-packages/airflow/example_dags/example_sensors.py
[2023-05-05T15:09:05.841+0000] {processor.py:799} INFO - Processing file /home/airflow/.local/lib/python3.7/site-packages/airflow/example_dags/example_sensors.py for tasks to queue
[2023-05-05T15:09:05.842+0000] {logging_mixin.py:149} INFO - [2023-05-05T15:09:05.841+0000] {dagbag.py:541} INFO - Filling up the DagBag from /home/airflow/.local/lib/python3.7/site-packages/airflow/example_dags/example_sensors.py
[2023-05-05T15:09:05.852+0000] {processor.py:809} INFO - DAG(s) dict_keys(['example_sensors']) retrieved from /home/airflow/.local/lib/python3.7/site-packages/airflow/example_dags/example_sensors.py
[2023-05-05T15:09:05.882+0000] {logging_mixin.py:149} INFO - [2023-05-05T15:09:05.881+0000] {dag.py:2726} INFO - Sync 1 DAGs
[2023-05-05T15:09:05.909+0000] {logging_mixin.py:149} INFO - [2023-05-05T15:09:05.909+0000] {dag.py:3490} INFO - Setting next_dagrun for example_sensors to None, run_after=None
[2023-05-05T15:09:05.936+0000] {processor.py:178} INFO - Processing /home/airflow/.local/lib/python3.7/site-packages/airflow/example_dags/example_sensors.py took 0.099 seconds
[2023-05-05T15:09:36.033+0000] {processor.py:156} INFO - Started process (PID=781) to work on /home/airflow/.local/lib/python3.7/site-packages/airflow/example_dags/example_sensors.py
[2023-05-05T15:09:36.034+0000] {processor.py:799} INFO - Processing file /home/airflow/.local/lib/python3.7/site-packages/airflow/example_dags/example_sensors.py for tasks to queue
[2023-05-05T15:09:36.034+0000] {logging_mixin.py:149} INFO - [2023-05-05T15:09:36.034+0000] {dagbag.py:541} INFO - Filling up the DagBag from /home/airflow/.local/lib/python3.7/site-packages/airflow/example_dags/example_sensors.py
[2023-05-05T15:09:36.042+0000] {processor.py:809} INFO - DAG(s) dict_keys(['example_sensors']) retrieved from /home/airflow/.local/lib/python3.7/site-packages/airflow/example_dags/example_sensors.py
[2023-05-05T15:09:36.067+0000] {logging_mixin.py:149} INFO - [2023-05-05T15:09:36.066+0000] {dag.py:2726} INFO - Sync 1 DAGs
[2023-05-05T15:09:36.089+0000] {logging_mixin.py:149} INFO - [2023-05-05T15:09:36.089+0000] {dag.py:3490} INFO - Setting next_dagrun for example_sensors to None, run_after=None
[2023-05-05T15:09:36.112+0000] {processor.py:178} INFO - Processing /home/airflow/.local/lib/python3.7/site-packages/airflow/example_dags/example_sensors.py took 0.081 seconds
[2023-05-05T15:10:07.136+0000] {processor.py:156} INFO - Started process (PID=840) to work on /home/airflow/.local/lib/python3.7/site-packages/airflow/example_dags/example_sensors.py
[2023-05-05T15:10:07.137+0000] {processor.py:799} INFO - Processing file /home/airflow/.local/lib/python3.7/site-packages/airflow/example_dags/example_sensors.py for tasks to queue
[2023-05-05T15:10:07.138+0000] {logging_mixin.py:149} INFO - [2023-05-05T15:10:07.138+0000] {dagbag.py:541} INFO - Filling up the DagBag from /home/airflow/.local/lib/python3.7/site-packages/airflow/example_dags/example_sensors.py
[2023-05-05T15:10:07.147+0000] {processor.py:809} INFO - DAG(s) dict_keys(['example_sensors']) retrieved from /home/airflow/.local/lib/python3.7/site-packages/airflow/example_dags/example_sensors.py
[2023-05-05T15:10:07.177+0000] {logging_mixin.py:149} INFO - [2023-05-05T15:10:07.177+0000] {dag.py:2726} INFO - Sync 1 DAGs
[2023-05-05T15:10:07.205+0000] {logging_mixin.py:149} INFO - [2023-05-05T15:10:07.205+0000] {dag.py:3490} INFO - Setting next_dagrun for example_sensors to None, run_after=None
[2023-05-05T15:10:07.227+0000] {processor.py:178} INFO - Processing /home/airflow/.local/lib/python3.7/site-packages/airflow/example_dags/example_sensors.py took 0.094 seconds
[2023-05-05T15:10:38.178+0000] {processor.py:156} INFO - Started process (PID=900) to work on /home/airflow/.local/lib/python3.7/site-packages/airflow/example_dags/example_sensors.py
[2023-05-05T15:10:38.179+0000] {processor.py:799} INFO - Processing file /home/airflow/.local/lib/python3.7/site-packages/airflow/example_dags/example_sensors.py for tasks to queue
[2023-05-05T15:10:38.180+0000] {logging_mixin.py:149} INFO - [2023-05-05T15:10:38.179+0000] {dagbag.py:541} INFO - Filling up the DagBag from /home/airflow/.local/lib/python3.7/site-packages/airflow/example_dags/example_sensors.py
[2023-05-05T15:10:38.187+0000] {processor.py:809} INFO - DAG(s) dict_keys(['example_sensors']) retrieved from /home/airflow/.local/lib/python3.7/site-packages/airflow/example_dags/example_sensors.py
[2023-05-05T15:10:38.212+0000] {logging_mixin.py:149} INFO - [2023-05-05T15:10:38.212+0000] {dag.py:2726} INFO - Sync 1 DAGs
[2023-05-05T15:10:38.235+0000] {logging_mixin.py:149} INFO - [2023-05-05T15:10:38.235+0000] {dag.py:3490} INFO - Setting next_dagrun for example_sensors to None, run_after=None
[2023-05-05T15:10:38.255+0000] {processor.py:178} INFO - Processing /home/airflow/.local/lib/python3.7/site-packages/airflow/example_dags/example_sensors.py took 0.079 seconds
[2023-05-05T15:11:08.586+0000] {processor.py:156} INFO - Started process (PID=960) to work on /home/airflow/.local/lib/python3.7/site-packages/airflow/example_dags/example_sensors.py
[2023-05-05T15:11:08.586+0000] {processor.py:799} INFO - Processing file /home/airflow/.local/lib/python3.7/site-packages/airflow/example_dags/example_sensors.py for tasks to queue
[2023-05-05T15:11:08.587+0000] {logging_mixin.py:149} INFO - [2023-05-05T15:11:08.587+0000] {dagbag.py:541} INFO - Filling up the DagBag from /home/airflow/.local/lib/python3.7/site-packages/airflow/example_dags/example_sensors.py
[2023-05-05T15:11:08.595+0000] {processor.py:809} INFO - DAG(s) dict_keys(['example_sensors']) retrieved from /home/airflow/.local/lib/python3.7/site-packages/airflow/example_dags/example_sensors.py
[2023-05-05T15:11:08.619+0000] {logging_mixin.py:149} INFO - [2023-05-05T15:11:08.619+0000] {dag.py:2726} INFO - Sync 1 DAGs
[2023-05-05T15:11:08.644+0000] {logging_mixin.py:149} INFO - [2023-05-05T15:11:08.643+0000] {dag.py:3490} INFO - Setting next_dagrun for example_sensors to None, run_after=None
[2023-05-05T15:11:08.661+0000] {processor.py:178} INFO - Processing /home/airflow/.local/lib/python3.7/site-packages/airflow/example_dags/example_sensors.py took 0.078 seconds
[2023-05-05T15:11:39.228+0000] {processor.py:156} INFO - Started process (PID=1020) to work on /home/airflow/.local/lib/python3.7/site-packages/airflow/example_dags/example_sensors.py
[2023-05-05T15:11:39.229+0000] {processor.py:799} INFO - Processing file /home/airflow/.local/lib/python3.7/site-packages/airflow/example_dags/example_sensors.py for tasks to queue
[2023-05-05T15:11:39.230+0000] {logging_mixin.py:149} INFO - [2023-05-05T15:11:39.230+0000] {dagbag.py:541} INFO - Filling up the DagBag from /home/airflow/.local/lib/python3.7/site-packages/airflow/example_dags/example_sensors.py
[2023-05-05T15:11:39.238+0000] {processor.py:809} INFO - DAG(s) dict_keys(['example_sensors']) retrieved from /home/airflow/.local/lib/python3.7/site-packages/airflow/example_dags/example_sensors.py
[2023-05-05T15:11:39.264+0000] {logging_mixin.py:149} INFO - [2023-05-05T15:11:39.263+0000] {dag.py:2726} INFO - Sync 1 DAGs
[2023-05-05T15:11:39.288+0000] {logging_mixin.py:149} INFO - [2023-05-05T15:11:39.288+0000] {dag.py:3490} INFO - Setting next_dagrun for example_sensors to None, run_after=None
[2023-05-05T15:11:39.308+0000] {processor.py:178} INFO - Processing /home/airflow/.local/lib/python3.7/site-packages/airflow/example_dags/example_sensors.py took 0.082 seconds
[2023-05-05T15:12:10.295+0000] {processor.py:156} INFO - Started process (PID=1080) to work on /home/airflow/.local/lib/python3.7/site-packages/airflow/example_dags/example_sensors.py
[2023-05-05T15:12:10.296+0000] {processor.py:799} INFO - Processing file /home/airflow/.local/lib/python3.7/site-packages/airflow/example_dags/example_sensors.py for tasks to queue
[2023-05-05T15:12:10.297+0000] {logging_mixin.py:149} INFO - [2023-05-05T15:12:10.297+0000] {dagbag.py:541} INFO - Filling up the DagBag from /home/airflow/.local/lib/python3.7/site-packages/airflow/example_dags/example_sensors.py
[2023-05-05T15:12:10.305+0000] {processor.py:809} INFO - DAG(s) dict_keys(['example_sensors']) retrieved from /home/airflow/.local/lib/python3.7/site-packages/airflow/example_dags/example_sensors.py
[2023-05-05T15:12:10.330+0000] {logging_mixin.py:149} INFO - [2023-05-05T15:12:10.330+0000] {dag.py:2726} INFO - Sync 1 DAGs
[2023-05-05T15:12:10.357+0000] {logging_mixin.py:149} INFO - [2023-05-05T15:12:10.357+0000] {dag.py:3490} INFO - Setting next_dagrun for example_sensors to None, run_after=None
[2023-05-05T15:12:10.377+0000] {processor.py:178} INFO - Processing /home/airflow/.local/lib/python3.7/site-packages/airflow/example_dags/example_sensors.py took 0.084 seconds
[2023-05-05T15:33:45.610+0000] {processor.py:156} INFO - Started process (PID=59) to work on /home/airflow/.local/lib/python3.7/site-packages/airflow/example_dags/example_sensors.py
[2023-05-05T15:33:45.612+0000] {processor.py:799} INFO - Processing file /home/airflow/.local/lib/python3.7/site-packages/airflow/example_dags/example_sensors.py for tasks to queue
[2023-05-05T15:33:45.614+0000] {logging_mixin.py:149} INFO - [2023-05-05T15:33:45.613+0000] {dagbag.py:541} INFO - Filling up the DagBag from /home/airflow/.local/lib/python3.7/site-packages/airflow/example_dags/example_sensors.py
[2023-05-05T15:33:45.634+0000] {processor.py:809} INFO - DAG(s) dict_keys(['example_sensors']) retrieved from /home/airflow/.local/lib/python3.7/site-packages/airflow/example_dags/example_sensors.py
[2023-05-05T15:33:45.715+0000] {logging_mixin.py:149} INFO - [2023-05-05T15:33:45.714+0000] {dag.py:2726} INFO - Sync 1 DAGs
[2023-05-05T15:33:45.794+0000] {logging_mixin.py:149} INFO - [2023-05-05T15:33:45.793+0000] {dag.py:3490} INFO - Setting next_dagrun for example_sensors to None, run_after=None
[2023-05-05T15:33:45.844+0000] {processor.py:178} INFO - Processing /home/airflow/.local/lib/python3.7/site-packages/airflow/example_dags/example_sensors.py took 0.240 seconds
