[2023-05-05T15:03:24.024+0000] {processor.py:156} INFO - Started process (PID=44) to work on /home/airflow/.local/lib/python3.7/site-packages/airflow/example_dags/example_external_task_marker_dag.py
[2023-05-05T15:03:24.024+0000] {processor.py:799} INFO - Processing file /home/airflow/.local/lib/python3.7/site-packages/airflow/example_dags/example_external_task_marker_dag.py for tasks to queue
[2023-05-05T15:03:24.025+0000] {logging_mixin.py:149} INFO - [2023-05-05T15:03:24.025+0000] {dagbag.py:541} INFO - Filling up the DagBag from /home/airflow/.local/lib/python3.7/site-packages/airflow/example_dags/example_external_task_marker_dag.py
[2023-05-05T15:03:24.030+0000] {processor.py:809} INFO - DAG(s) dict_keys(['example_external_task_marker_child', 'example_external_task_marker_parent']) retrieved from /home/airflow/.local/lib/python3.7/site-packages/airflow/example_dags/example_external_task_marker_dag.py
[2023-05-05T15:03:24.228+0000] {logging_mixin.py:149} INFO - [2023-05-05T15:03:24.228+0000] {manager.py:504} INFO - Created Permission View: can read on DAG:example_external_task_marker_child
[2023-05-05T15:03:24.241+0000] {logging_mixin.py:149} INFO - [2023-05-05T15:03:24.241+0000] {manager.py:504} INFO - Created Permission View: can edit on DAG:example_external_task_marker_child
[2023-05-05T15:03:24.251+0000] {logging_mixin.py:149} INFO - [2023-05-05T15:03:24.250+0000] {manager.py:504} INFO - Created Permission View: can delete on DAG:example_external_task_marker_child
[2023-05-05T15:03:24.266+0000] {logging_mixin.py:149} INFO - [2023-05-05T15:03:24.266+0000] {manager.py:504} INFO - Created Permission View: can read on DAG:example_external_task_marker_parent
[2023-05-05T15:03:24.275+0000] {logging_mixin.py:149} INFO - [2023-05-05T15:03:24.275+0000] {manager.py:504} INFO - Created Permission View: can edit on DAG:example_external_task_marker_parent
[2023-05-05T15:03:24.283+0000] {logging_mixin.py:149} INFO - [2023-05-05T15:03:24.283+0000] {manager.py:504} INFO - Created Permission View: can delete on DAG:example_external_task_marker_parent
[2023-05-05T15:03:24.283+0000] {logging_mixin.py:149} INFO - [2023-05-05T15:03:24.283+0000] {dag.py:2726} INFO - Sync 2 DAGs
[2023-05-05T15:03:24.301+0000] {logging_mixin.py:149} INFO - [2023-05-05T15:03:24.301+0000] {dag.py:2747} INFO - Creating ORM DAG for example_external_task_marker_parent
[2023-05-05T15:03:24.302+0000] {logging_mixin.py:149} INFO - [2023-05-05T15:03:24.302+0000] {dag.py:2747} INFO - Creating ORM DAG for example_external_task_marker_child
[2023-05-05T15:03:24.315+0000] {logging_mixin.py:149} INFO - [2023-05-05T15:03:24.315+0000] {dag.py:3490} INFO - Setting next_dagrun for example_external_task_marker_child to None, run_after=None
[2023-05-05T15:03:24.316+0000] {logging_mixin.py:149} INFO - [2023-05-05T15:03:24.316+0000] {dag.py:3490} INFO - Setting next_dagrun for example_external_task_marker_parent to None, run_after=None
[2023-05-05T15:03:24.345+0000] {processor.py:178} INFO - Processing /home/airflow/.local/lib/python3.7/site-packages/airflow/example_dags/example_external_task_marker_dag.py took 0.324 seconds
[2023-05-05T15:03:55.164+0000] {processor.py:156} INFO - Started process (PID=104) to work on /home/airflow/.local/lib/python3.7/site-packages/airflow/example_dags/example_external_task_marker_dag.py
[2023-05-05T15:03:55.169+0000] {processor.py:799} INFO - Processing file /home/airflow/.local/lib/python3.7/site-packages/airflow/example_dags/example_external_task_marker_dag.py for tasks to queue
[2023-05-05T15:03:55.169+0000] {logging_mixin.py:149} INFO - [2023-05-05T15:03:55.169+0000] {dagbag.py:541} INFO - Filling up the DagBag from /home/airflow/.local/lib/python3.7/site-packages/airflow/example_dags/example_external_task_marker_dag.py
[2023-05-05T15:03:55.175+0000] {processor.py:809} INFO - DAG(s) dict_keys(['example_external_task_marker_parent', 'example_external_task_marker_child']) retrieved from /home/airflow/.local/lib/python3.7/site-packages/airflow/example_dags/example_external_task_marker_dag.py
[2023-05-05T15:03:55.211+0000] {logging_mixin.py:149} INFO - [2023-05-05T15:03:55.211+0000] {dag.py:2726} INFO - Sync 2 DAGs
[2023-05-05T15:03:55.235+0000] {logging_mixin.py:149} INFO - [2023-05-05T15:03:55.235+0000] {dag.py:3490} INFO - Setting next_dagrun for example_external_task_marker_child to None, run_after=None
[2023-05-05T15:03:55.238+0000] {logging_mixin.py:149} INFO - [2023-05-05T15:03:55.238+0000] {dag.py:3490} INFO - Setting next_dagrun for example_external_task_marker_parent to None, run_after=None
[2023-05-05T15:03:55.259+0000] {processor.py:178} INFO - Processing /home/airflow/.local/lib/python3.7/site-packages/airflow/example_dags/example_external_task_marker_dag.py took 0.098 seconds
[2023-05-05T15:04:25.919+0000] {processor.py:156} INFO - Started process (PID=164) to work on /home/airflow/.local/lib/python3.7/site-packages/airflow/example_dags/example_external_task_marker_dag.py
[2023-05-05T15:04:25.924+0000] {processor.py:799} INFO - Processing file /home/airflow/.local/lib/python3.7/site-packages/airflow/example_dags/example_external_task_marker_dag.py for tasks to queue
[2023-05-05T15:04:25.925+0000] {logging_mixin.py:149} INFO - [2023-05-05T15:04:25.925+0000] {dagbag.py:541} INFO - Filling up the DagBag from /home/airflow/.local/lib/python3.7/site-packages/airflow/example_dags/example_external_task_marker_dag.py
[2023-05-05T15:04:25.932+0000] {processor.py:809} INFO - DAG(s) dict_keys(['example_external_task_marker_child', 'example_external_task_marker_parent']) retrieved from /home/airflow/.local/lib/python3.7/site-packages/airflow/example_dags/example_external_task_marker_dag.py
[2023-05-05T15:04:25.968+0000] {logging_mixin.py:149} INFO - [2023-05-05T15:04:25.968+0000] {dag.py:2726} INFO - Sync 2 DAGs
[2023-05-05T15:04:25.998+0000] {logging_mixin.py:149} INFO - [2023-05-05T15:04:25.998+0000] {dag.py:3490} INFO - Setting next_dagrun for example_external_task_marker_child to None, run_after=None
[2023-05-05T15:04:26.002+0000] {logging_mixin.py:149} INFO - [2023-05-05T15:04:26.002+0000] {dag.py:3490} INFO - Setting next_dagrun for example_external_task_marker_parent to None, run_after=None
[2023-05-05T15:04:26.026+0000] {processor.py:178} INFO - Processing /home/airflow/.local/lib/python3.7/site-packages/airflow/example_dags/example_external_task_marker_dag.py took 0.114 seconds
[2023-05-05T15:04:56.087+0000] {processor.py:156} INFO - Started process (PID=224) to work on /home/airflow/.local/lib/python3.7/site-packages/airflow/example_dags/example_external_task_marker_dag.py
[2023-05-05T15:04:56.092+0000] {processor.py:799} INFO - Processing file /home/airflow/.local/lib/python3.7/site-packages/airflow/example_dags/example_external_task_marker_dag.py for tasks to queue
[2023-05-05T15:04:56.092+0000] {logging_mixin.py:149} INFO - [2023-05-05T15:04:56.092+0000] {dagbag.py:541} INFO - Filling up the DagBag from /home/airflow/.local/lib/python3.7/site-packages/airflow/example_dags/example_external_task_marker_dag.py
[2023-05-05T15:04:56.098+0000] {processor.py:809} INFO - DAG(s) dict_keys(['example_external_task_marker_parent', 'example_external_task_marker_child']) retrieved from /home/airflow/.local/lib/python3.7/site-packages/airflow/example_dags/example_external_task_marker_dag.py
[2023-05-05T15:04:56.128+0000] {logging_mixin.py:149} INFO - [2023-05-05T15:04:56.127+0000] {dag.py:2726} INFO - Sync 2 DAGs
[2023-05-05T15:04:56.154+0000] {logging_mixin.py:149} INFO - [2023-05-05T15:04:56.154+0000] {dag.py:3490} INFO - Setting next_dagrun for example_external_task_marker_child to None, run_after=None
[2023-05-05T15:04:56.158+0000] {logging_mixin.py:149} INFO - [2023-05-05T15:04:56.158+0000] {dag.py:3490} INFO - Setting next_dagrun for example_external_task_marker_parent to None, run_after=None
[2023-05-05T15:04:56.184+0000] {processor.py:178} INFO - Processing /home/airflow/.local/lib/python3.7/site-packages/airflow/example_dags/example_external_task_marker_dag.py took 0.100 seconds
[2023-05-05T15:05:26.393+0000] {processor.py:156} INFO - Started process (PID=284) to work on /home/airflow/.local/lib/python3.7/site-packages/airflow/example_dags/example_external_task_marker_dag.py
[2023-05-05T15:05:26.397+0000] {processor.py:799} INFO - Processing file /home/airflow/.local/lib/python3.7/site-packages/airflow/example_dags/example_external_task_marker_dag.py for tasks to queue
[2023-05-05T15:05:26.398+0000] {logging_mixin.py:149} INFO - [2023-05-05T15:05:26.398+0000] {dagbag.py:541} INFO - Filling up the DagBag from /home/airflow/.local/lib/python3.7/site-packages/airflow/example_dags/example_external_task_marker_dag.py
[2023-05-05T15:05:26.405+0000] {processor.py:809} INFO - DAG(s) dict_keys(['example_external_task_marker_parent', 'example_external_task_marker_child']) retrieved from /home/airflow/.local/lib/python3.7/site-packages/airflow/example_dags/example_external_task_marker_dag.py
[2023-05-05T15:05:26.439+0000] {logging_mixin.py:149} INFO - [2023-05-05T15:05:26.439+0000] {dag.py:2726} INFO - Sync 2 DAGs
[2023-05-05T15:05:26.465+0000] {logging_mixin.py:149} INFO - [2023-05-05T15:05:26.464+0000] {dag.py:3490} INFO - Setting next_dagrun for example_external_task_marker_child to None, run_after=None
[2023-05-05T15:05:26.468+0000] {logging_mixin.py:149} INFO - [2023-05-05T15:05:26.468+0000] {dag.py:3490} INFO - Setting next_dagrun for example_external_task_marker_parent to None, run_after=None
[2023-05-05T15:05:26.490+0000] {processor.py:178} INFO - Processing /home/airflow/.local/lib/python3.7/site-packages/airflow/example_dags/example_external_task_marker_dag.py took 0.102 seconds
[2023-05-05T15:05:56.558+0000] {processor.py:156} INFO - Started process (PID=344) to work on /home/airflow/.local/lib/python3.7/site-packages/airflow/example_dags/example_external_task_marker_dag.py
[2023-05-05T15:05:56.563+0000] {processor.py:799} INFO - Processing file /home/airflow/.local/lib/python3.7/site-packages/airflow/example_dags/example_external_task_marker_dag.py for tasks to queue
[2023-05-05T15:05:56.564+0000] {logging_mixin.py:149} INFO - [2023-05-05T15:05:56.564+0000] {dagbag.py:541} INFO - Filling up the DagBag from /home/airflow/.local/lib/python3.7/site-packages/airflow/example_dags/example_external_task_marker_dag.py
[2023-05-05T15:05:56.571+0000] {processor.py:809} INFO - DAG(s) dict_keys(['example_external_task_marker_child', 'example_external_task_marker_parent']) retrieved from /home/airflow/.local/lib/python3.7/site-packages/airflow/example_dags/example_external_task_marker_dag.py
[2023-05-05T15:05:56.606+0000] {logging_mixin.py:149} INFO - [2023-05-05T15:05:56.606+0000] {dag.py:2726} INFO - Sync 2 DAGs
[2023-05-05T15:05:56.638+0000] {logging_mixin.py:149} INFO - [2023-05-05T15:05:56.637+0000] {dag.py:3490} INFO - Setting next_dagrun for example_external_task_marker_child to None, run_after=None
[2023-05-05T15:05:56.641+0000] {logging_mixin.py:149} INFO - [2023-05-05T15:05:56.641+0000] {dag.py:3490} INFO - Setting next_dagrun for example_external_task_marker_parent to None, run_after=None
[2023-05-05T15:05:56.664+0000] {processor.py:178} INFO - Processing /home/airflow/.local/lib/python3.7/site-packages/airflow/example_dags/example_external_task_marker_dag.py took 0.111 seconds
[2023-05-05T15:06:27.193+0000] {processor.py:156} INFO - Started process (PID=404) to work on /home/airflow/.local/lib/python3.7/site-packages/airflow/example_dags/example_external_task_marker_dag.py
[2023-05-05T15:06:27.197+0000] {processor.py:799} INFO - Processing file /home/airflow/.local/lib/python3.7/site-packages/airflow/example_dags/example_external_task_marker_dag.py for tasks to queue
[2023-05-05T15:06:27.198+0000] {logging_mixin.py:149} INFO - [2023-05-05T15:06:27.197+0000] {dagbag.py:541} INFO - Filling up the DagBag from /home/airflow/.local/lib/python3.7/site-packages/airflow/example_dags/example_external_task_marker_dag.py
[2023-05-05T15:06:27.203+0000] {processor.py:809} INFO - DAG(s) dict_keys(['example_external_task_marker_parent', 'example_external_task_marker_child']) retrieved from /home/airflow/.local/lib/python3.7/site-packages/airflow/example_dags/example_external_task_marker_dag.py
[2023-05-05T15:06:27.233+0000] {logging_mixin.py:149} INFO - [2023-05-05T15:06:27.233+0000] {dag.py:2726} INFO - Sync 2 DAGs
[2023-05-05T15:06:27.259+0000] {logging_mixin.py:149} INFO - [2023-05-05T15:06:27.259+0000] {dag.py:3490} INFO - Setting next_dagrun for example_external_task_marker_child to None, run_after=None
[2023-05-05T15:06:27.262+0000] {logging_mixin.py:149} INFO - [2023-05-05T15:06:27.262+0000] {dag.py:3490} INFO - Setting next_dagrun for example_external_task_marker_parent to None, run_after=None
[2023-05-05T15:06:27.297+0000] {processor.py:178} INFO - Processing /home/airflow/.local/lib/python3.7/site-packages/airflow/example_dags/example_external_task_marker_dag.py took 0.108 seconds
[2023-05-05T15:06:58.081+0000] {processor.py:156} INFO - Started process (PID=464) to work on /home/airflow/.local/lib/python3.7/site-packages/airflow/example_dags/example_external_task_marker_dag.py
[2023-05-05T15:06:58.082+0000] {processor.py:799} INFO - Processing file /home/airflow/.local/lib/python3.7/site-packages/airflow/example_dags/example_external_task_marker_dag.py for tasks to queue
[2023-05-05T15:06:58.083+0000] {logging_mixin.py:149} INFO - [2023-05-05T15:06:58.082+0000] {dagbag.py:541} INFO - Filling up the DagBag from /home/airflow/.local/lib/python3.7/site-packages/airflow/example_dags/example_external_task_marker_dag.py
[2023-05-05T15:06:58.096+0000] {processor.py:809} INFO - DAG(s) dict_keys(['example_external_task_marker_parent', 'example_external_task_marker_child']) retrieved from /home/airflow/.local/lib/python3.7/site-packages/airflow/example_dags/example_external_task_marker_dag.py
[2023-05-05T15:06:58.164+0000] {logging_mixin.py:149} INFO - [2023-05-05T15:06:58.164+0000] {dag.py:2726} INFO - Sync 2 DAGs
[2023-05-05T15:06:58.223+0000] {logging_mixin.py:149} INFO - [2023-05-05T15:06:58.223+0000] {dag.py:3490} INFO - Setting next_dagrun for example_external_task_marker_child to None, run_after=None
[2023-05-05T15:06:58.229+0000] {logging_mixin.py:149} INFO - [2023-05-05T15:06:58.229+0000] {dag.py:3490} INFO - Setting next_dagrun for example_external_task_marker_parent to None, run_after=None
[2023-05-05T15:06:58.251+0000] {processor.py:178} INFO - Processing /home/airflow/.local/lib/python3.7/site-packages/airflow/example_dags/example_external_task_marker_dag.py took 0.174 seconds
[2023-05-05T15:07:28.288+0000] {processor.py:156} INFO - Started process (PID=524) to work on /home/airflow/.local/lib/python3.7/site-packages/airflow/example_dags/example_external_task_marker_dag.py
[2023-05-05T15:07:28.292+0000] {processor.py:799} INFO - Processing file /home/airflow/.local/lib/python3.7/site-packages/airflow/example_dags/example_external_task_marker_dag.py for tasks to queue
[2023-05-05T15:07:28.293+0000] {logging_mixin.py:149} INFO - [2023-05-05T15:07:28.293+0000] {dagbag.py:541} INFO - Filling up the DagBag from /home/airflow/.local/lib/python3.7/site-packages/airflow/example_dags/example_external_task_marker_dag.py
[2023-05-05T15:07:28.299+0000] {processor.py:809} INFO - DAG(s) dict_keys(['example_external_task_marker_parent', 'example_external_task_marker_child']) retrieved from /home/airflow/.local/lib/python3.7/site-packages/airflow/example_dags/example_external_task_marker_dag.py
[2023-05-05T15:07:28.330+0000] {logging_mixin.py:149} INFO - [2023-05-05T15:07:28.330+0000] {dag.py:2726} INFO - Sync 2 DAGs
[2023-05-05T15:07:28.357+0000] {logging_mixin.py:149} INFO - [2023-05-05T15:07:28.357+0000] {dag.py:3490} INFO - Setting next_dagrun for example_external_task_marker_child to None, run_after=None
[2023-05-05T15:07:28.361+0000] {logging_mixin.py:149} INFO - [2023-05-05T15:07:28.361+0000] {dag.py:3490} INFO - Setting next_dagrun for example_external_task_marker_parent to None, run_after=None
[2023-05-05T15:07:28.381+0000] {processor.py:178} INFO - Processing /home/airflow/.local/lib/python3.7/site-packages/airflow/example_dags/example_external_task_marker_dag.py took 0.098 seconds
[2023-05-05T15:07:58.445+0000] {processor.py:156} INFO - Started process (PID=584) to work on /home/airflow/.local/lib/python3.7/site-packages/airflow/example_dags/example_external_task_marker_dag.py
[2023-05-05T15:07:58.445+0000] {processor.py:799} INFO - Processing file /home/airflow/.local/lib/python3.7/site-packages/airflow/example_dags/example_external_task_marker_dag.py for tasks to queue
[2023-05-05T15:07:58.446+0000] {logging_mixin.py:149} INFO - [2023-05-05T15:07:58.446+0000] {dagbag.py:541} INFO - Filling up the DagBag from /home/airflow/.local/lib/python3.7/site-packages/airflow/example_dags/example_external_task_marker_dag.py
[2023-05-05T15:07:58.453+0000] {processor.py:809} INFO - DAG(s) dict_keys(['example_external_task_marker_parent', 'example_external_task_marker_child']) retrieved from /home/airflow/.local/lib/python3.7/site-packages/airflow/example_dags/example_external_task_marker_dag.py
[2023-05-05T15:07:58.492+0000] {logging_mixin.py:149} INFO - [2023-05-05T15:07:58.492+0000] {dag.py:2726} INFO - Sync 2 DAGs
[2023-05-05T15:07:58.520+0000] {logging_mixin.py:149} INFO - [2023-05-05T15:07:58.520+0000] {dag.py:3490} INFO - Setting next_dagrun for example_external_task_marker_child to None, run_after=None
[2023-05-05T15:07:58.524+0000] {logging_mixin.py:149} INFO - [2023-05-05T15:07:58.524+0000] {dag.py:3490} INFO - Setting next_dagrun for example_external_task_marker_parent to None, run_after=None
[2023-05-05T15:07:58.547+0000] {processor.py:178} INFO - Processing /home/airflow/.local/lib/python3.7/site-packages/airflow/example_dags/example_external_task_marker_dag.py took 0.106 seconds
[2023-05-05T15:08:28.898+0000] {processor.py:156} INFO - Started process (PID=644) to work on /home/airflow/.local/lib/python3.7/site-packages/airflow/example_dags/example_external_task_marker_dag.py
[2023-05-05T15:08:28.902+0000] {processor.py:799} INFO - Processing file /home/airflow/.local/lib/python3.7/site-packages/airflow/example_dags/example_external_task_marker_dag.py for tasks to queue
[2023-05-05T15:08:28.903+0000] {logging_mixin.py:149} INFO - [2023-05-05T15:08:28.903+0000] {dagbag.py:541} INFO - Filling up the DagBag from /home/airflow/.local/lib/python3.7/site-packages/airflow/example_dags/example_external_task_marker_dag.py
[2023-05-05T15:08:28.908+0000] {processor.py:809} INFO - DAG(s) dict_keys(['example_external_task_marker_parent', 'example_external_task_marker_child']) retrieved from /home/airflow/.local/lib/python3.7/site-packages/airflow/example_dags/example_external_task_marker_dag.py
[2023-05-05T15:08:28.934+0000] {logging_mixin.py:149} INFO - [2023-05-05T15:08:28.934+0000] {dag.py:2726} INFO - Sync 2 DAGs
[2023-05-05T15:08:28.958+0000] {logging_mixin.py:149} INFO - [2023-05-05T15:08:28.958+0000] {dag.py:3490} INFO - Setting next_dagrun for example_external_task_marker_child to None, run_after=None
[2023-05-05T15:08:28.962+0000] {logging_mixin.py:149} INFO - [2023-05-05T15:08:28.962+0000] {dag.py:3490} INFO - Setting next_dagrun for example_external_task_marker_parent to None, run_after=None
[2023-05-05T15:08:28.993+0000] {processor.py:178} INFO - Processing /home/airflow/.local/lib/python3.7/site-packages/airflow/example_dags/example_external_task_marker_dag.py took 0.098 seconds
[2023-05-05T15:08:59.263+0000] {processor.py:156} INFO - Started process (PID=704) to work on /home/airflow/.local/lib/python3.7/site-packages/airflow/example_dags/example_external_task_marker_dag.py
[2023-05-05T15:08:59.267+0000] {processor.py:799} INFO - Processing file /home/airflow/.local/lib/python3.7/site-packages/airflow/example_dags/example_external_task_marker_dag.py for tasks to queue
[2023-05-05T15:08:59.268+0000] {logging_mixin.py:149} INFO - [2023-05-05T15:08:59.268+0000] {dagbag.py:541} INFO - Filling up the DagBag from /home/airflow/.local/lib/python3.7/site-packages/airflow/example_dags/example_external_task_marker_dag.py
[2023-05-05T15:08:59.274+0000] {processor.py:809} INFO - DAG(s) dict_keys(['example_external_task_marker_parent', 'example_external_task_marker_child']) retrieved from /home/airflow/.local/lib/python3.7/site-packages/airflow/example_dags/example_external_task_marker_dag.py
[2023-05-05T15:08:59.306+0000] {logging_mixin.py:149} INFO - [2023-05-05T15:08:59.306+0000] {dag.py:2726} INFO - Sync 2 DAGs
[2023-05-05T15:08:59.339+0000] {logging_mixin.py:149} INFO - [2023-05-05T15:08:59.338+0000] {dag.py:3490} INFO - Setting next_dagrun for example_external_task_marker_child to None, run_after=None
[2023-05-05T15:08:59.344+0000] {logging_mixin.py:149} INFO - [2023-05-05T15:08:59.343+0000] {dag.py:3490} INFO - Setting next_dagrun for example_external_task_marker_parent to None, run_after=None
[2023-05-05T15:08:59.376+0000] {processor.py:178} INFO - Processing /home/airflow/.local/lib/python3.7/site-packages/airflow/example_dags/example_external_task_marker_dag.py took 0.119 seconds
[2023-05-05T15:09:29.739+0000] {processor.py:156} INFO - Started process (PID=764) to work on /home/airflow/.local/lib/python3.7/site-packages/airflow/example_dags/example_external_task_marker_dag.py
[2023-05-05T15:09:29.739+0000] {processor.py:799} INFO - Processing file /home/airflow/.local/lib/python3.7/site-packages/airflow/example_dags/example_external_task_marker_dag.py for tasks to queue
[2023-05-05T15:09:29.740+0000] {logging_mixin.py:149} INFO - [2023-05-05T15:09:29.740+0000] {dagbag.py:541} INFO - Filling up the DagBag from /home/airflow/.local/lib/python3.7/site-packages/airflow/example_dags/example_external_task_marker_dag.py
[2023-05-05T15:09:29.745+0000] {processor.py:809} INFO - DAG(s) dict_keys(['example_external_task_marker_child', 'example_external_task_marker_parent']) retrieved from /home/airflow/.local/lib/python3.7/site-packages/airflow/example_dags/example_external_task_marker_dag.py
[2023-05-05T15:09:29.772+0000] {logging_mixin.py:149} INFO - [2023-05-05T15:09:29.772+0000] {dag.py:2726} INFO - Sync 2 DAGs
[2023-05-05T15:09:29.797+0000] {logging_mixin.py:149} INFO - [2023-05-05T15:09:29.796+0000] {dag.py:3490} INFO - Setting next_dagrun for example_external_task_marker_child to None, run_after=None
[2023-05-05T15:09:29.800+0000] {logging_mixin.py:149} INFO - [2023-05-05T15:09:29.800+0000] {dag.py:3490} INFO - Setting next_dagrun for example_external_task_marker_parent to None, run_after=None
[2023-05-05T15:09:29.823+0000] {processor.py:178} INFO - Processing /home/airflow/.local/lib/python3.7/site-packages/airflow/example_dags/example_external_task_marker_dag.py took 0.087 seconds
[2023-05-05T15:09:59.937+0000] {processor.py:156} INFO - Started process (PID=824) to work on /home/airflow/.local/lib/python3.7/site-packages/airflow/example_dags/example_external_task_marker_dag.py
[2023-05-05T15:09:59.938+0000] {processor.py:799} INFO - Processing file /home/airflow/.local/lib/python3.7/site-packages/airflow/example_dags/example_external_task_marker_dag.py for tasks to queue
[2023-05-05T15:09:59.939+0000] {logging_mixin.py:149} INFO - [2023-05-05T15:09:59.938+0000] {dagbag.py:541} INFO - Filling up the DagBag from /home/airflow/.local/lib/python3.7/site-packages/airflow/example_dags/example_external_task_marker_dag.py
[2023-05-05T15:09:59.944+0000] {processor.py:809} INFO - DAG(s) dict_keys(['example_external_task_marker_parent', 'example_external_task_marker_child']) retrieved from /home/airflow/.local/lib/python3.7/site-packages/airflow/example_dags/example_external_task_marker_dag.py
[2023-05-05T15:09:59.980+0000] {logging_mixin.py:149} INFO - [2023-05-05T15:09:59.979+0000] {dag.py:2726} INFO - Sync 2 DAGs
[2023-05-05T15:10:00.019+0000] {logging_mixin.py:149} INFO - [2023-05-05T15:10:00.019+0000] {dag.py:3490} INFO - Setting next_dagrun for example_external_task_marker_child to None, run_after=None
[2023-05-05T15:10:00.025+0000] {logging_mixin.py:149} INFO - [2023-05-05T15:10:00.024+0000] {dag.py:3490} INFO - Setting next_dagrun for example_external_task_marker_parent to None, run_after=None
[2023-05-05T15:10:00.046+0000] {processor.py:178} INFO - Processing /home/airflow/.local/lib/python3.7/site-packages/airflow/example_dags/example_external_task_marker_dag.py took 0.111 seconds
[2023-05-05T15:10:30.089+0000] {processor.py:156} INFO - Started process (PID=884) to work on /home/airflow/.local/lib/python3.7/site-packages/airflow/example_dags/example_external_task_marker_dag.py
[2023-05-05T15:10:30.093+0000] {processor.py:799} INFO - Processing file /home/airflow/.local/lib/python3.7/site-packages/airflow/example_dags/example_external_task_marker_dag.py for tasks to queue
[2023-05-05T15:10:30.094+0000] {logging_mixin.py:149} INFO - [2023-05-05T15:10:30.094+0000] {dagbag.py:541} INFO - Filling up the DagBag from /home/airflow/.local/lib/python3.7/site-packages/airflow/example_dags/example_external_task_marker_dag.py
[2023-05-05T15:10:30.101+0000] {processor.py:809} INFO - DAG(s) dict_keys(['example_external_task_marker_parent', 'example_external_task_marker_child']) retrieved from /home/airflow/.local/lib/python3.7/site-packages/airflow/example_dags/example_external_task_marker_dag.py
[2023-05-05T15:10:30.132+0000] {logging_mixin.py:149} INFO - [2023-05-05T15:10:30.132+0000] {dag.py:2726} INFO - Sync 2 DAGs
[2023-05-05T15:10:30.161+0000] {logging_mixin.py:149} INFO - [2023-05-05T15:10:30.161+0000] {dag.py:3490} INFO - Setting next_dagrun for example_external_task_marker_child to None, run_after=None
[2023-05-05T15:10:30.165+0000] {logging_mixin.py:149} INFO - [2023-05-05T15:10:30.165+0000] {dag.py:3490} INFO - Setting next_dagrun for example_external_task_marker_parent to None, run_after=None
[2023-05-05T15:10:30.183+0000] {processor.py:178} INFO - Processing /home/airflow/.local/lib/python3.7/site-packages/airflow/example_dags/example_external_task_marker_dag.py took 0.101 seconds
[2023-05-05T15:11:00.476+0000] {processor.py:156} INFO - Started process (PID=944) to work on /home/airflow/.local/lib/python3.7/site-packages/airflow/example_dags/example_external_task_marker_dag.py
[2023-05-05T15:11:00.478+0000] {processor.py:799} INFO - Processing file /home/airflow/.local/lib/python3.7/site-packages/airflow/example_dags/example_external_task_marker_dag.py for tasks to queue
[2023-05-05T15:11:00.479+0000] {logging_mixin.py:149} INFO - [2023-05-05T15:11:00.479+0000] {dagbag.py:541} INFO - Filling up the DagBag from /home/airflow/.local/lib/python3.7/site-packages/airflow/example_dags/example_external_task_marker_dag.py
[2023-05-05T15:11:00.487+0000] {processor.py:809} INFO - DAG(s) dict_keys(['example_external_task_marker_child', 'example_external_task_marker_parent']) retrieved from /home/airflow/.local/lib/python3.7/site-packages/airflow/example_dags/example_external_task_marker_dag.py
[2023-05-05T15:11:00.518+0000] {logging_mixin.py:149} INFO - [2023-05-05T15:11:00.518+0000] {dag.py:2726} INFO - Sync 2 DAGs
[2023-05-05T15:11:00.546+0000] {logging_mixin.py:149} INFO - [2023-05-05T15:11:00.545+0000] {dag.py:3490} INFO - Setting next_dagrun for example_external_task_marker_child to None, run_after=None
[2023-05-05T15:11:00.549+0000] {logging_mixin.py:149} INFO - [2023-05-05T15:11:00.549+0000] {dag.py:3490} INFO - Setting next_dagrun for example_external_task_marker_parent to None, run_after=None
[2023-05-05T15:11:00.575+0000] {processor.py:178} INFO - Processing /home/airflow/.local/lib/python3.7/site-packages/airflow/example_dags/example_external_task_marker_dag.py took 0.109 seconds
[2023-05-05T15:11:31.005+0000] {processor.py:156} INFO - Started process (PID=1004) to work on /home/airflow/.local/lib/python3.7/site-packages/airflow/example_dags/example_external_task_marker_dag.py
[2023-05-05T15:11:31.010+0000] {processor.py:799} INFO - Processing file /home/airflow/.local/lib/python3.7/site-packages/airflow/example_dags/example_external_task_marker_dag.py for tasks to queue
[2023-05-05T15:11:31.012+0000] {logging_mixin.py:149} INFO - [2023-05-05T15:11:31.011+0000] {dagbag.py:541} INFO - Filling up the DagBag from /home/airflow/.local/lib/python3.7/site-packages/airflow/example_dags/example_external_task_marker_dag.py
[2023-05-05T15:11:31.024+0000] {processor.py:809} INFO - DAG(s) dict_keys(['example_external_task_marker_parent', 'example_external_task_marker_child']) retrieved from /home/airflow/.local/lib/python3.7/site-packages/airflow/example_dags/example_external_task_marker_dag.py
[2023-05-05T15:11:31.089+0000] {logging_mixin.py:149} INFO - [2023-05-05T15:11:31.089+0000] {dag.py:2726} INFO - Sync 2 DAGs
[2023-05-05T15:11:31.129+0000] {logging_mixin.py:149} INFO - [2023-05-05T15:11:31.129+0000] {dag.py:3490} INFO - Setting next_dagrun for example_external_task_marker_child to None, run_after=None
[2023-05-05T15:11:31.133+0000] {logging_mixin.py:149} INFO - [2023-05-05T15:11:31.133+0000] {dag.py:3490} INFO - Setting next_dagrun for example_external_task_marker_parent to None, run_after=None
[2023-05-05T15:11:31.160+0000] {processor.py:178} INFO - Processing /home/airflow/.local/lib/python3.7/site-packages/airflow/example_dags/example_external_task_marker_dag.py took 0.161 seconds
[2023-05-05T15:12:01.988+0000] {processor.py:156} INFO - Started process (PID=1064) to work on /home/airflow/.local/lib/python3.7/site-packages/airflow/example_dags/example_external_task_marker_dag.py
[2023-05-05T15:12:01.993+0000] {processor.py:799} INFO - Processing file /home/airflow/.local/lib/python3.7/site-packages/airflow/example_dags/example_external_task_marker_dag.py for tasks to queue
[2023-05-05T15:12:01.993+0000] {logging_mixin.py:149} INFO - [2023-05-05T15:12:01.993+0000] {dagbag.py:541} INFO - Filling up the DagBag from /home/airflow/.local/lib/python3.7/site-packages/airflow/example_dags/example_external_task_marker_dag.py
[2023-05-05T15:12:01.999+0000] {processor.py:809} INFO - DAG(s) dict_keys(['example_external_task_marker_child', 'example_external_task_marker_parent']) retrieved from /home/airflow/.local/lib/python3.7/site-packages/airflow/example_dags/example_external_task_marker_dag.py
[2023-05-05T15:12:02.028+0000] {logging_mixin.py:149} INFO - [2023-05-05T15:12:02.027+0000] {dag.py:2726} INFO - Sync 2 DAGs
[2023-05-05T15:12:02.058+0000] {logging_mixin.py:149} INFO - [2023-05-05T15:12:02.058+0000] {dag.py:3490} INFO - Setting next_dagrun for example_external_task_marker_child to None, run_after=None
[2023-05-05T15:12:02.063+0000] {logging_mixin.py:149} INFO - [2023-05-05T15:12:02.062+0000] {dag.py:3490} INFO - Setting next_dagrun for example_external_task_marker_parent to None, run_after=None
[2023-05-05T15:12:02.088+0000] {processor.py:178} INFO - Processing /home/airflow/.local/lib/python3.7/site-packages/airflow/example_dags/example_external_task_marker_dag.py took 0.103 seconds
[2023-05-05T15:33:42.319+0000] {processor.py:156} INFO - Started process (PID=43) to work on /home/airflow/.local/lib/python3.7/site-packages/airflow/example_dags/example_external_task_marker_dag.py
[2023-05-05T15:33:42.320+0000] {processor.py:799} INFO - Processing file /home/airflow/.local/lib/python3.7/site-packages/airflow/example_dags/example_external_task_marker_dag.py for tasks to queue
[2023-05-05T15:33:42.321+0000] {logging_mixin.py:149} INFO - [2023-05-05T15:33:42.321+0000] {dagbag.py:541} INFO - Filling up the DagBag from /home/airflow/.local/lib/python3.7/site-packages/airflow/example_dags/example_external_task_marker_dag.py
[2023-05-05T15:33:42.331+0000] {processor.py:809} INFO - DAG(s) dict_keys(['example_external_task_marker_parent', 'example_external_task_marker_child']) retrieved from /home/airflow/.local/lib/python3.7/site-packages/airflow/example_dags/example_external_task_marker_dag.py
[2023-05-05T15:33:42.443+0000] {logging_mixin.py:149} INFO - [2023-05-05T15:33:42.443+0000] {dag.py:2726} INFO - Sync 2 DAGs
[2023-05-05T15:33:42.495+0000] {logging_mixin.py:149} INFO - [2023-05-05T15:33:42.495+0000] {dag.py:3490} INFO - Setting next_dagrun for example_external_task_marker_child to None, run_after=None
[2023-05-05T15:33:42.505+0000] {logging_mixin.py:149} INFO - [2023-05-05T15:33:42.504+0000] {dag.py:3490} INFO - Setting next_dagrun for example_external_task_marker_parent to None, run_after=None
[2023-05-05T15:33:42.545+0000] {processor.py:178} INFO - Processing /home/airflow/.local/lib/python3.7/site-packages/airflow/example_dags/example_external_task_marker_dag.py took 0.229 seconds
