[2023-05-05T15:03:22.559+0000] {processor.py:156} INFO - Started process (PID=34) to work on /home/airflow/.local/lib/python3.7/site-packages/airflow/example_dags/example_task_group_decorator.py
[2023-05-05T15:03:22.560+0000] {processor.py:799} INFO - Processing file /home/airflow/.local/lib/python3.7/site-packages/airflow/example_dags/example_task_group_decorator.py for tasks to queue
[2023-05-05T15:03:22.561+0000] {logging_mixin.py:149} INFO - [2023-05-05T15:03:22.560+0000] {dagbag.py:541} INFO - Filling up the DagBag from /home/airflow/.local/lib/python3.7/site-packages/airflow/example_dags/example_task_group_decorator.py
[2023-05-05T15:03:22.584+0000] {processor.py:809} INFO - DAG(s) dict_keys(['example_task_group_decorator']) retrieved from /home/airflow/.local/lib/python3.7/site-packages/airflow/example_dags/example_task_group_decorator.py
[2023-05-05T15:03:22.719+0000] {logging_mixin.py:149} INFO - [2023-05-05T15:03:22.719+0000] {manager.py:504} INFO - Created Permission View: can read on DAG:example_task_group_decorator
[2023-05-05T15:03:22.729+0000] {logging_mixin.py:149} INFO - [2023-05-05T15:03:22.729+0000] {manager.py:504} INFO - Created Permission View: can edit on DAG:example_task_group_decorator
[2023-05-05T15:03:22.736+0000] {logging_mixin.py:149} INFO - [2023-05-05T15:03:22.736+0000] {manager.py:504} INFO - Created Permission View: can delete on DAG:example_task_group_decorator
[2023-05-05T15:03:22.737+0000] {logging_mixin.py:149} INFO - [2023-05-05T15:03:22.737+0000] {dag.py:2726} INFO - Sync 1 DAGs
[2023-05-05T15:03:22.751+0000] {logging_mixin.py:149} INFO - [2023-05-05T15:03:22.751+0000] {dag.py:2747} INFO - Creating ORM DAG for example_task_group_decorator
[2023-05-05T15:03:22.765+0000] {logging_mixin.py:149} INFO - [2023-05-05T15:03:22.765+0000] {dag.py:3490} INFO - Setting next_dagrun for example_task_group_decorator to 2023-05-04T15:03:22.765098+00:00, run_after=2023-05-05T15:03:22.765098+00:00
[2023-05-05T15:03:22.786+0000] {processor.py:178} INFO - Processing /home/airflow/.local/lib/python3.7/site-packages/airflow/example_dags/example_task_group_decorator.py took 0.231 seconds
[2023-05-05T15:03:53.592+0000] {processor.py:156} INFO - Started process (PID=94) to work on /home/airflow/.local/lib/python3.7/site-packages/airflow/example_dags/example_task_group_decorator.py
[2023-05-05T15:03:53.593+0000] {processor.py:799} INFO - Processing file /home/airflow/.local/lib/python3.7/site-packages/airflow/example_dags/example_task_group_decorator.py for tasks to queue
[2023-05-05T15:03:53.594+0000] {logging_mixin.py:149} INFO - [2023-05-05T15:03:53.593+0000] {dagbag.py:541} INFO - Filling up the DagBag from /home/airflow/.local/lib/python3.7/site-packages/airflow/example_dags/example_task_group_decorator.py
[2023-05-05T15:03:53.606+0000] {processor.py:809} INFO - DAG(s) dict_keys(['example_task_group_decorator']) retrieved from /home/airflow/.local/lib/python3.7/site-packages/airflow/example_dags/example_task_group_decorator.py
[2023-05-05T15:03:53.630+0000] {logging_mixin.py:149} INFO - [2023-05-05T15:03:53.630+0000] {dag.py:2726} INFO - Sync 1 DAGs
[2023-05-05T15:03:53.653+0000] {logging_mixin.py:149} INFO - [2023-05-05T15:03:53.653+0000] {dag.py:3490} INFO - Setting next_dagrun for example_task_group_decorator to 2023-05-04T15:03:53.653617+00:00, run_after=2023-05-05T15:03:53.653617+00:00
[2023-05-05T15:03:53.672+0000] {processor.py:178} INFO - Processing /home/airflow/.local/lib/python3.7/site-packages/airflow/example_dags/example_task_group_decorator.py took 0.082 seconds
[2023-05-05T15:04:24.255+0000] {processor.py:156} INFO - Started process (PID=154) to work on /home/airflow/.local/lib/python3.7/site-packages/airflow/example_dags/example_task_group_decorator.py
[2023-05-05T15:04:24.255+0000] {processor.py:799} INFO - Processing file /home/airflow/.local/lib/python3.7/site-packages/airflow/example_dags/example_task_group_decorator.py for tasks to queue
[2023-05-05T15:04:24.256+0000] {logging_mixin.py:149} INFO - [2023-05-05T15:04:24.256+0000] {dagbag.py:541} INFO - Filling up the DagBag from /home/airflow/.local/lib/python3.7/site-packages/airflow/example_dags/example_task_group_decorator.py
[2023-05-05T15:04:24.269+0000] {processor.py:809} INFO - DAG(s) dict_keys(['example_task_group_decorator']) retrieved from /home/airflow/.local/lib/python3.7/site-packages/airflow/example_dags/example_task_group_decorator.py
[2023-05-05T15:04:24.295+0000] {logging_mixin.py:149} INFO - [2023-05-05T15:04:24.295+0000] {dag.py:2726} INFO - Sync 1 DAGs
[2023-05-05T15:04:24.319+0000] {logging_mixin.py:149} INFO - [2023-05-05T15:04:24.319+0000] {dag.py:3490} INFO - Setting next_dagrun for example_task_group_decorator to 2023-05-04T15:04:24.319292+00:00, run_after=2023-05-05T15:04:24.319292+00:00
[2023-05-05T15:04:24.339+0000] {processor.py:178} INFO - Processing /home/airflow/.local/lib/python3.7/site-packages/airflow/example_dags/example_task_group_decorator.py took 0.087 seconds
[2023-05-05T15:04:54.452+0000] {processor.py:156} INFO - Started process (PID=214) to work on /home/airflow/.local/lib/python3.7/site-packages/airflow/example_dags/example_task_group_decorator.py
[2023-05-05T15:04:54.454+0000] {processor.py:799} INFO - Processing file /home/airflow/.local/lib/python3.7/site-packages/airflow/example_dags/example_task_group_decorator.py for tasks to queue
[2023-05-05T15:04:54.454+0000] {logging_mixin.py:149} INFO - [2023-05-05T15:04:54.454+0000] {dagbag.py:541} INFO - Filling up the DagBag from /home/airflow/.local/lib/python3.7/site-packages/airflow/example_dags/example_task_group_decorator.py
[2023-05-05T15:04:54.466+0000] {processor.py:809} INFO - DAG(s) dict_keys(['example_task_group_decorator']) retrieved from /home/airflow/.local/lib/python3.7/site-packages/airflow/example_dags/example_task_group_decorator.py
[2023-05-05T15:04:54.490+0000] {logging_mixin.py:149} INFO - [2023-05-05T15:04:54.490+0000] {dag.py:2726} INFO - Sync 1 DAGs
[2023-05-05T15:04:54.513+0000] {logging_mixin.py:149} INFO - [2023-05-05T15:04:54.513+0000] {dag.py:3490} INFO - Setting next_dagrun for example_task_group_decorator to 2023-05-04T15:04:54.513039+00:00, run_after=2023-05-05T15:04:54.513039+00:00
[2023-05-05T15:04:54.533+0000] {processor.py:178} INFO - Processing /home/airflow/.local/lib/python3.7/site-packages/airflow/example_dags/example_task_group_decorator.py took 0.082 seconds
[2023-05-05T15:05:24.733+0000] {processor.py:156} INFO - Started process (PID=274) to work on /home/airflow/.local/lib/python3.7/site-packages/airflow/example_dags/example_task_group_decorator.py
[2023-05-05T15:05:24.735+0000] {processor.py:799} INFO - Processing file /home/airflow/.local/lib/python3.7/site-packages/airflow/example_dags/example_task_group_decorator.py for tasks to queue
[2023-05-05T15:05:24.735+0000] {logging_mixin.py:149} INFO - [2023-05-05T15:05:24.735+0000] {dagbag.py:541} INFO - Filling up the DagBag from /home/airflow/.local/lib/python3.7/site-packages/airflow/example_dags/example_task_group_decorator.py
[2023-05-05T15:05:24.747+0000] {processor.py:809} INFO - DAG(s) dict_keys(['example_task_group_decorator']) retrieved from /home/airflow/.local/lib/python3.7/site-packages/airflow/example_dags/example_task_group_decorator.py
[2023-05-05T15:05:24.771+0000] {logging_mixin.py:149} INFO - [2023-05-05T15:05:24.771+0000] {dag.py:2726} INFO - Sync 1 DAGs
[2023-05-05T15:05:24.795+0000] {logging_mixin.py:149} INFO - [2023-05-05T15:05:24.795+0000] {dag.py:3490} INFO - Setting next_dagrun for example_task_group_decorator to 2023-05-04T15:05:24.795403+00:00, run_after=2023-05-05T15:05:24.795403+00:00
[2023-05-05T15:05:24.817+0000] {processor.py:178} INFO - Processing /home/airflow/.local/lib/python3.7/site-packages/airflow/example_dags/example_task_group_decorator.py took 0.086 seconds
[2023-05-05T15:05:54.993+0000] {processor.py:156} INFO - Started process (PID=334) to work on /home/airflow/.local/lib/python3.7/site-packages/airflow/example_dags/example_task_group_decorator.py
[2023-05-05T15:05:54.995+0000] {processor.py:799} INFO - Processing file /home/airflow/.local/lib/python3.7/site-packages/airflow/example_dags/example_task_group_decorator.py for tasks to queue
[2023-05-05T15:05:54.995+0000] {logging_mixin.py:149} INFO - [2023-05-05T15:05:54.995+0000] {dagbag.py:541} INFO - Filling up the DagBag from /home/airflow/.local/lib/python3.7/site-packages/airflow/example_dags/example_task_group_decorator.py
[2023-05-05T15:05:55.008+0000] {processor.py:809} INFO - DAG(s) dict_keys(['example_task_group_decorator']) retrieved from /home/airflow/.local/lib/python3.7/site-packages/airflow/example_dags/example_task_group_decorator.py
[2023-05-05T15:05:55.034+0000] {logging_mixin.py:149} INFO - [2023-05-05T15:05:55.033+0000] {dag.py:2726} INFO - Sync 1 DAGs
[2023-05-05T15:05:55.056+0000] {logging_mixin.py:149} INFO - [2023-05-05T15:05:55.056+0000] {dag.py:3490} INFO - Setting next_dagrun for example_task_group_decorator to 2023-05-04T15:05:55.056532+00:00, run_after=2023-05-05T15:05:55.056532+00:00
[2023-05-05T15:05:55.075+0000] {processor.py:178} INFO - Processing /home/airflow/.local/lib/python3.7/site-packages/airflow/example_dags/example_task_group_decorator.py took 0.083 seconds
[2023-05-05T15:06:25.603+0000] {processor.py:156} INFO - Started process (PID=394) to work on /home/airflow/.local/lib/python3.7/site-packages/airflow/example_dags/example_task_group_decorator.py
[2023-05-05T15:06:25.604+0000] {processor.py:799} INFO - Processing file /home/airflow/.local/lib/python3.7/site-packages/airflow/example_dags/example_task_group_decorator.py for tasks to queue
[2023-05-05T15:06:25.605+0000] {logging_mixin.py:149} INFO - [2023-05-05T15:06:25.605+0000] {dagbag.py:541} INFO - Filling up the DagBag from /home/airflow/.local/lib/python3.7/site-packages/airflow/example_dags/example_task_group_decorator.py
[2023-05-05T15:06:25.618+0000] {processor.py:809} INFO - DAG(s) dict_keys(['example_task_group_decorator']) retrieved from /home/airflow/.local/lib/python3.7/site-packages/airflow/example_dags/example_task_group_decorator.py
[2023-05-05T15:06:25.649+0000] {logging_mixin.py:149} INFO - [2023-05-05T15:06:25.649+0000] {dag.py:2726} INFO - Sync 1 DAGs
[2023-05-05T15:06:25.673+0000] {logging_mixin.py:149} INFO - [2023-05-05T15:06:25.672+0000] {dag.py:3490} INFO - Setting next_dagrun for example_task_group_decorator to 2023-05-04T15:06:25.672696+00:00, run_after=2023-05-05T15:06:25.672696+00:00
[2023-05-05T15:06:25.691+0000] {processor.py:178} INFO - Processing /home/airflow/.local/lib/python3.7/site-packages/airflow/example_dags/example_task_group_decorator.py took 0.090 seconds
[2023-05-05T15:06:56.421+0000] {processor.py:156} INFO - Started process (PID=454) to work on /home/airflow/.local/lib/python3.7/site-packages/airflow/example_dags/example_task_group_decorator.py
[2023-05-05T15:06:56.430+0000] {processor.py:799} INFO - Processing file /home/airflow/.local/lib/python3.7/site-packages/airflow/example_dags/example_task_group_decorator.py for tasks to queue
[2023-05-05T15:06:56.431+0000] {logging_mixin.py:149} INFO - [2023-05-05T15:06:56.430+0000] {dagbag.py:541} INFO - Filling up the DagBag from /home/airflow/.local/lib/python3.7/site-packages/airflow/example_dags/example_task_group_decorator.py
[2023-05-05T15:06:56.457+0000] {processor.py:809} INFO - DAG(s) dict_keys(['example_task_group_decorator']) retrieved from /home/airflow/.local/lib/python3.7/site-packages/airflow/example_dags/example_task_group_decorator.py
[2023-05-05T15:06:56.503+0000] {logging_mixin.py:149} INFO - [2023-05-05T15:06:56.503+0000] {dag.py:2726} INFO - Sync 1 DAGs
[2023-05-05T15:06:56.530+0000] {logging_mixin.py:149} INFO - [2023-05-05T15:06:56.530+0000] {dag.py:3490} INFO - Setting next_dagrun for example_task_group_decorator to 2023-05-04T15:06:56.530502+00:00, run_after=2023-05-05T15:06:56.530502+00:00
[2023-05-05T15:06:56.551+0000] {processor.py:178} INFO - Processing /home/airflow/.local/lib/python3.7/site-packages/airflow/example_dags/example_task_group_decorator.py took 0.136 seconds
[2023-05-05T15:07:26.663+0000] {processor.py:156} INFO - Started process (PID=515) to work on /home/airflow/.local/lib/python3.7/site-packages/airflow/example_dags/example_task_group_decorator.py
[2023-05-05T15:07:26.664+0000] {processor.py:799} INFO - Processing file /home/airflow/.local/lib/python3.7/site-packages/airflow/example_dags/example_task_group_decorator.py for tasks to queue
[2023-05-05T15:07:26.664+0000] {logging_mixin.py:149} INFO - [2023-05-05T15:07:26.664+0000] {dagbag.py:541} INFO - Filling up the DagBag from /home/airflow/.local/lib/python3.7/site-packages/airflow/example_dags/example_task_group_decorator.py
[2023-05-05T15:07:26.677+0000] {processor.py:809} INFO - DAG(s) dict_keys(['example_task_group_decorator']) retrieved from /home/airflow/.local/lib/python3.7/site-packages/airflow/example_dags/example_task_group_decorator.py
[2023-05-05T15:07:26.701+0000] {logging_mixin.py:149} INFO - [2023-05-05T15:07:26.701+0000] {dag.py:2726} INFO - Sync 1 DAGs
[2023-05-05T15:07:26.725+0000] {logging_mixin.py:149} INFO - [2023-05-05T15:07:26.725+0000] {dag.py:3490} INFO - Setting next_dagrun for example_task_group_decorator to 2023-05-04T15:07:26.725095+00:00, run_after=2023-05-05T15:07:26.725095+00:00
[2023-05-05T15:07:26.749+0000] {processor.py:178} INFO - Processing /home/airflow/.local/lib/python3.7/site-packages/airflow/example_dags/example_task_group_decorator.py took 0.088 seconds
[2023-05-05T15:07:56.888+0000] {processor.py:156} INFO - Started process (PID=575) to work on /home/airflow/.local/lib/python3.7/site-packages/airflow/example_dags/example_task_group_decorator.py
[2023-05-05T15:07:56.889+0000] {processor.py:799} INFO - Processing file /home/airflow/.local/lib/python3.7/site-packages/airflow/example_dags/example_task_group_decorator.py for tasks to queue
[2023-05-05T15:07:56.889+0000] {logging_mixin.py:149} INFO - [2023-05-05T15:07:56.889+0000] {dagbag.py:541} INFO - Filling up the DagBag from /home/airflow/.local/lib/python3.7/site-packages/airflow/example_dags/example_task_group_decorator.py
[2023-05-05T15:07:56.903+0000] {processor.py:809} INFO - DAG(s) dict_keys(['example_task_group_decorator']) retrieved from /home/airflow/.local/lib/python3.7/site-packages/airflow/example_dags/example_task_group_decorator.py
[2023-05-05T15:07:56.933+0000] {logging_mixin.py:149} INFO - [2023-05-05T15:07:56.932+0000] {dag.py:2726} INFO - Sync 1 DAGs
[2023-05-05T15:07:56.956+0000] {logging_mixin.py:149} INFO - [2023-05-05T15:07:56.956+0000] {dag.py:3490} INFO - Setting next_dagrun for example_task_group_decorator to 2023-05-04T15:07:56.956366+00:00, run_after=2023-05-05T15:07:56.956366+00:00
[2023-05-05T15:07:56.977+0000] {processor.py:178} INFO - Processing /home/airflow/.local/lib/python3.7/site-packages/airflow/example_dags/example_task_group_decorator.py took 0.092 seconds
[2023-05-05T15:08:27.149+0000] {processor.py:156} INFO - Started process (PID=634) to work on /home/airflow/.local/lib/python3.7/site-packages/airflow/example_dags/example_task_group_decorator.py
[2023-05-05T15:08:27.150+0000] {processor.py:799} INFO - Processing file /home/airflow/.local/lib/python3.7/site-packages/airflow/example_dags/example_task_group_decorator.py for tasks to queue
[2023-05-05T15:08:27.150+0000] {logging_mixin.py:149} INFO - [2023-05-05T15:08:27.150+0000] {dagbag.py:541} INFO - Filling up the DagBag from /home/airflow/.local/lib/python3.7/site-packages/airflow/example_dags/example_task_group_decorator.py
[2023-05-05T15:08:27.162+0000] {processor.py:809} INFO - DAG(s) dict_keys(['example_task_group_decorator']) retrieved from /home/airflow/.local/lib/python3.7/site-packages/airflow/example_dags/example_task_group_decorator.py
[2023-05-05T15:08:27.187+0000] {logging_mixin.py:149} INFO - [2023-05-05T15:08:27.186+0000] {dag.py:2726} INFO - Sync 1 DAGs
[2023-05-05T15:08:27.210+0000] {logging_mixin.py:149} INFO - [2023-05-05T15:08:27.210+0000] {dag.py:3490} INFO - Setting next_dagrun for example_task_group_decorator to 2023-05-04T15:08:27.209966+00:00, run_after=2023-05-05T15:08:27.209966+00:00
[2023-05-05T15:08:27.235+0000] {processor.py:178} INFO - Processing /home/airflow/.local/lib/python3.7/site-packages/airflow/example_dags/example_task_group_decorator.py took 0.088 seconds
[2023-05-05T15:08:57.479+0000] {processor.py:156} INFO - Started process (PID=694) to work on /home/airflow/.local/lib/python3.7/site-packages/airflow/example_dags/example_task_group_decorator.py
[2023-05-05T15:08:57.480+0000] {processor.py:799} INFO - Processing file /home/airflow/.local/lib/python3.7/site-packages/airflow/example_dags/example_task_group_decorator.py for tasks to queue
[2023-05-05T15:08:57.481+0000] {logging_mixin.py:149} INFO - [2023-05-05T15:08:57.480+0000] {dagbag.py:541} INFO - Filling up the DagBag from /home/airflow/.local/lib/python3.7/site-packages/airflow/example_dags/example_task_group_decorator.py
[2023-05-05T15:08:57.497+0000] {processor.py:809} INFO - DAG(s) dict_keys(['example_task_group_decorator']) retrieved from /home/airflow/.local/lib/python3.7/site-packages/airflow/example_dags/example_task_group_decorator.py
[2023-05-05T15:08:57.525+0000] {logging_mixin.py:149} INFO - [2023-05-05T15:08:57.524+0000] {dag.py:2726} INFO - Sync 1 DAGs
[2023-05-05T15:08:57.550+0000] {logging_mixin.py:149} INFO - [2023-05-05T15:08:57.550+0000] {dag.py:3490} INFO - Setting next_dagrun for example_task_group_decorator to 2023-05-04T15:08:57.549981+00:00, run_after=2023-05-05T15:08:57.549981+00:00
[2023-05-05T15:08:57.595+0000] {processor.py:178} INFO - Processing /home/airflow/.local/lib/python3.7/site-packages/airflow/example_dags/example_task_group_decorator.py took 0.119 seconds
[2023-05-05T15:09:28.021+0000] {processor.py:156} INFO - Started process (PID=754) to work on /home/airflow/.local/lib/python3.7/site-packages/airflow/example_dags/example_task_group_decorator.py
[2023-05-05T15:09:28.021+0000] {processor.py:799} INFO - Processing file /home/airflow/.local/lib/python3.7/site-packages/airflow/example_dags/example_task_group_decorator.py for tasks to queue
[2023-05-05T15:09:28.022+0000] {logging_mixin.py:149} INFO - [2023-05-05T15:09:28.022+0000] {dagbag.py:541} INFO - Filling up the DagBag from /home/airflow/.local/lib/python3.7/site-packages/airflow/example_dags/example_task_group_decorator.py
[2023-05-05T15:09:28.039+0000] {processor.py:809} INFO - DAG(s) dict_keys(['example_task_group_decorator']) retrieved from /home/airflow/.local/lib/python3.7/site-packages/airflow/example_dags/example_task_group_decorator.py
[2023-05-05T15:09:28.073+0000] {logging_mixin.py:149} INFO - [2023-05-05T15:09:28.072+0000] {dag.py:2726} INFO - Sync 1 DAGs
[2023-05-05T15:09:28.103+0000] {logging_mixin.py:149} INFO - [2023-05-05T15:09:28.103+0000] {dag.py:3490} INFO - Setting next_dagrun for example_task_group_decorator to 2023-05-04T15:09:28.102964+00:00, run_after=2023-05-05T15:09:28.102964+00:00
[2023-05-05T15:09:28.129+0000] {processor.py:178} INFO - Processing /home/airflow/.local/lib/python3.7/site-packages/airflow/example_dags/example_task_group_decorator.py took 0.111 seconds
[2023-05-05T15:09:58.156+0000] {processor.py:156} INFO - Started process (PID=814) to work on /home/airflow/.local/lib/python3.7/site-packages/airflow/example_dags/example_task_group_decorator.py
[2023-05-05T15:09:58.157+0000] {processor.py:799} INFO - Processing file /home/airflow/.local/lib/python3.7/site-packages/airflow/example_dags/example_task_group_decorator.py for tasks to queue
[2023-05-05T15:09:58.158+0000] {logging_mixin.py:149} INFO - [2023-05-05T15:09:58.158+0000] {dagbag.py:541} INFO - Filling up the DagBag from /home/airflow/.local/lib/python3.7/site-packages/airflow/example_dags/example_task_group_decorator.py
[2023-05-05T15:09:58.172+0000] {processor.py:809} INFO - DAG(s) dict_keys(['example_task_group_decorator']) retrieved from /home/airflow/.local/lib/python3.7/site-packages/airflow/example_dags/example_task_group_decorator.py
[2023-05-05T15:09:58.198+0000] {logging_mixin.py:149} INFO - [2023-05-05T15:09:58.198+0000] {dag.py:2726} INFO - Sync 1 DAGs
[2023-05-05T15:09:58.225+0000] {logging_mixin.py:149} INFO - [2023-05-05T15:09:58.224+0000] {dag.py:3490} INFO - Setting next_dagrun for example_task_group_decorator to 2023-05-04T15:09:58.224791+00:00, run_after=2023-05-05T15:09:58.224791+00:00
[2023-05-05T15:09:58.247+0000] {processor.py:178} INFO - Processing /home/airflow/.local/lib/python3.7/site-packages/airflow/example_dags/example_task_group_decorator.py took 0.093 seconds
[2023-05-05T15:10:28.367+0000] {processor.py:156} INFO - Started process (PID=874) to work on /home/airflow/.local/lib/python3.7/site-packages/airflow/example_dags/example_task_group_decorator.py
[2023-05-05T15:10:28.368+0000] {processor.py:799} INFO - Processing file /home/airflow/.local/lib/python3.7/site-packages/airflow/example_dags/example_task_group_decorator.py for tasks to queue
[2023-05-05T15:10:28.368+0000] {logging_mixin.py:149} INFO - [2023-05-05T15:10:28.368+0000] {dagbag.py:541} INFO - Filling up the DagBag from /home/airflow/.local/lib/python3.7/site-packages/airflow/example_dags/example_task_group_decorator.py
[2023-05-05T15:10:28.381+0000] {processor.py:809} INFO - DAG(s) dict_keys(['example_task_group_decorator']) retrieved from /home/airflow/.local/lib/python3.7/site-packages/airflow/example_dags/example_task_group_decorator.py
[2023-05-05T15:10:28.405+0000] {logging_mixin.py:149} INFO - [2023-05-05T15:10:28.405+0000] {dag.py:2726} INFO - Sync 1 DAGs
[2023-05-05T15:10:28.428+0000] {logging_mixin.py:149} INFO - [2023-05-05T15:10:28.427+0000] {dag.py:3490} INFO - Setting next_dagrun for example_task_group_decorator to 2023-05-04T15:10:28.427561+00:00, run_after=2023-05-05T15:10:28.427561+00:00
[2023-05-05T15:10:28.450+0000] {processor.py:178} INFO - Processing /home/airflow/.local/lib/python3.7/site-packages/airflow/example_dags/example_task_group_decorator.py took 0.085 seconds
[2023-05-05T15:10:58.742+0000] {processor.py:156} INFO - Started process (PID=934) to work on /home/airflow/.local/lib/python3.7/site-packages/airflow/example_dags/example_task_group_decorator.py
[2023-05-05T15:10:58.743+0000] {processor.py:799} INFO - Processing file /home/airflow/.local/lib/python3.7/site-packages/airflow/example_dags/example_task_group_decorator.py for tasks to queue
[2023-05-05T15:10:58.744+0000] {logging_mixin.py:149} INFO - [2023-05-05T15:10:58.744+0000] {dagbag.py:541} INFO - Filling up the DagBag from /home/airflow/.local/lib/python3.7/site-packages/airflow/example_dags/example_task_group_decorator.py
[2023-05-05T15:10:58.756+0000] {processor.py:809} INFO - DAG(s) dict_keys(['example_task_group_decorator']) retrieved from /home/airflow/.local/lib/python3.7/site-packages/airflow/example_dags/example_task_group_decorator.py
[2023-05-05T15:10:58.780+0000] {logging_mixin.py:149} INFO - [2023-05-05T15:10:58.780+0000] {dag.py:2726} INFO - Sync 1 DAGs
[2023-05-05T15:10:58.803+0000] {logging_mixin.py:149} INFO - [2023-05-05T15:10:58.803+0000] {dag.py:3490} INFO - Setting next_dagrun for example_task_group_decorator to 2023-05-04T15:10:58.802873+00:00, run_after=2023-05-05T15:10:58.802873+00:00
[2023-05-05T15:10:58.820+0000] {processor.py:178} INFO - Processing /home/airflow/.local/lib/python3.7/site-packages/airflow/example_dags/example_task_group_decorator.py took 0.080 seconds
[2023-05-05T15:11:29.101+0000] {processor.py:156} INFO - Started process (PID=994) to work on /home/airflow/.local/lib/python3.7/site-packages/airflow/example_dags/example_task_group_decorator.py
[2023-05-05T15:11:29.102+0000] {processor.py:799} INFO - Processing file /home/airflow/.local/lib/python3.7/site-packages/airflow/example_dags/example_task_group_decorator.py for tasks to queue
[2023-05-05T15:11:29.102+0000] {logging_mixin.py:149} INFO - [2023-05-05T15:11:29.102+0000] {dagbag.py:541} INFO - Filling up the DagBag from /home/airflow/.local/lib/python3.7/site-packages/airflow/example_dags/example_task_group_decorator.py
[2023-05-05T15:11:29.116+0000] {processor.py:809} INFO - DAG(s) dict_keys(['example_task_group_decorator']) retrieved from /home/airflow/.local/lib/python3.7/site-packages/airflow/example_dags/example_task_group_decorator.py
[2023-05-05T15:11:29.143+0000] {logging_mixin.py:149} INFO - [2023-05-05T15:11:29.142+0000] {dag.py:2726} INFO - Sync 1 DAGs
[2023-05-05T15:11:29.172+0000] {logging_mixin.py:149} INFO - [2023-05-05T15:11:29.172+0000] {dag.py:3490} INFO - Setting next_dagrun for example_task_group_decorator to 2023-05-04T15:11:29.172282+00:00, run_after=2023-05-05T15:11:29.172282+00:00
[2023-05-05T15:11:29.203+0000] {processor.py:178} INFO - Processing /home/airflow/.local/lib/python3.7/site-packages/airflow/example_dags/example_task_group_decorator.py took 0.105 seconds
[2023-05-05T15:11:59.353+0000] {processor.py:156} INFO - Started process (PID=1054) to work on /home/airflow/.local/lib/python3.7/site-packages/airflow/example_dags/example_task_group_decorator.py
[2023-05-05T15:11:59.354+0000] {processor.py:799} INFO - Processing file /home/airflow/.local/lib/python3.7/site-packages/airflow/example_dags/example_task_group_decorator.py for tasks to queue
[2023-05-05T15:11:59.355+0000] {logging_mixin.py:149} INFO - [2023-05-05T15:11:59.355+0000] {dagbag.py:541} INFO - Filling up the DagBag from /home/airflow/.local/lib/python3.7/site-packages/airflow/example_dags/example_task_group_decorator.py
[2023-05-05T15:11:59.367+0000] {processor.py:809} INFO - DAG(s) dict_keys(['example_task_group_decorator']) retrieved from /home/airflow/.local/lib/python3.7/site-packages/airflow/example_dags/example_task_group_decorator.py
[2023-05-05T15:11:59.390+0000] {logging_mixin.py:149} INFO - [2023-05-05T15:11:59.390+0000] {dag.py:2726} INFO - Sync 1 DAGs
[2023-05-05T15:11:59.412+0000] {logging_mixin.py:149} INFO - [2023-05-05T15:11:59.412+0000] {dag.py:3490} INFO - Setting next_dagrun for example_task_group_decorator to 2023-05-04T15:11:59.412684+00:00, run_after=2023-05-05T15:11:59.412684+00:00
[2023-05-05T15:11:59.430+0000] {processor.py:178} INFO - Processing /home/airflow/.local/lib/python3.7/site-packages/airflow/example_dags/example_task_group_decorator.py took 0.079 seconds
[2023-05-05T15:12:29.723+0000] {processor.py:156} INFO - Started process (PID=1114) to work on /home/airflow/.local/lib/python3.7/site-packages/airflow/example_dags/example_task_group_decorator.py
[2023-05-05T15:12:29.723+0000] {processor.py:799} INFO - Processing file /home/airflow/.local/lib/python3.7/site-packages/airflow/example_dags/example_task_group_decorator.py for tasks to queue
[2023-05-05T15:12:29.724+0000] {logging_mixin.py:149} INFO - [2023-05-05T15:12:29.724+0000] {dagbag.py:541} INFO - Filling up the DagBag from /home/airflow/.local/lib/python3.7/site-packages/airflow/example_dags/example_task_group_decorator.py
[2023-05-05T15:12:29.737+0000] {processor.py:809} INFO - DAG(s) dict_keys(['example_task_group_decorator']) retrieved from /home/airflow/.local/lib/python3.7/site-packages/airflow/example_dags/example_task_group_decorator.py
[2023-05-05T15:12:29.771+0000] {logging_mixin.py:149} INFO - [2023-05-05T15:12:29.771+0000] {dag.py:2726} INFO - Sync 1 DAGs
[2023-05-05T15:12:29.798+0000] {logging_mixin.py:149} INFO - [2023-05-05T15:12:29.798+0000] {dag.py:3490} INFO - Setting next_dagrun for example_task_group_decorator to 2023-05-04T15:12:29.798106+00:00, run_after=2023-05-05T15:12:29.798106+00:00
[2023-05-05T15:12:29.816+0000] {processor.py:178} INFO - Processing /home/airflow/.local/lib/python3.7/site-packages/airflow/example_dags/example_task_group_decorator.py took 0.096 seconds
[2023-05-05T15:33:41.031+0000] {processor.py:156} INFO - Started process (PID=33) to work on /home/airflow/.local/lib/python3.7/site-packages/airflow/example_dags/example_task_group_decorator.py
[2023-05-05T15:33:41.033+0000] {processor.py:799} INFO - Processing file /home/airflow/.local/lib/python3.7/site-packages/airflow/example_dags/example_task_group_decorator.py for tasks to queue
[2023-05-05T15:33:41.034+0000] {logging_mixin.py:149} INFO - [2023-05-05T15:33:41.034+0000] {dagbag.py:541} INFO - Filling up the DagBag from /home/airflow/.local/lib/python3.7/site-packages/airflow/example_dags/example_task_group_decorator.py
[2023-05-05T15:33:41.066+0000] {processor.py:809} INFO - DAG(s) dict_keys(['example_task_group_decorator']) retrieved from /home/airflow/.local/lib/python3.7/site-packages/airflow/example_dags/example_task_group_decorator.py
[2023-05-05T15:33:41.133+0000] {logging_mixin.py:149} INFO - [2023-05-05T15:33:41.132+0000] {dag.py:2726} INFO - Sync 1 DAGs
[2023-05-05T15:33:41.183+0000] {logging_mixin.py:149} INFO - [2023-05-05T15:33:41.183+0000] {dag.py:3490} INFO - Setting next_dagrun for example_task_group_decorator to 2023-05-04T15:33:41.182757+00:00, run_after=2023-05-05T15:33:41.182757+00:00
[2023-05-05T15:33:41.213+0000] {processor.py:178} INFO - Processing /home/airflow/.local/lib/python3.7/site-packages/airflow/example_dags/example_task_group_decorator.py took 0.187 seconds
[2023-05-05T15:34:11.232+0000] {processor.py:156} INFO - Started process (PID=93) to work on /home/airflow/.local/lib/python3.7/site-packages/airflow/example_dags/example_task_group_decorator.py
[2023-05-05T15:34:11.232+0000] {processor.py:799} INFO - Processing file /home/airflow/.local/lib/python3.7/site-packages/airflow/example_dags/example_task_group_decorator.py for tasks to queue
[2023-05-05T15:34:11.233+0000] {logging_mixin.py:149} INFO - [2023-05-05T15:34:11.233+0000] {dagbag.py:541} INFO - Filling up the DagBag from /home/airflow/.local/lib/python3.7/site-packages/airflow/example_dags/example_task_group_decorator.py
[2023-05-05T15:34:11.244+0000] {processor.py:809} INFO - DAG(s) dict_keys(['example_task_group_decorator']) retrieved from /home/airflow/.local/lib/python3.7/site-packages/airflow/example_dags/example_task_group_decorator.py
[2023-05-05T15:34:11.268+0000] {logging_mixin.py:149} INFO - [2023-05-05T15:34:11.268+0000] {dag.py:2726} INFO - Sync 1 DAGs
[2023-05-05T15:34:11.291+0000] {logging_mixin.py:149} INFO - [2023-05-05T15:34:11.291+0000] {dag.py:3490} INFO - Setting next_dagrun for example_task_group_decorator to 2023-05-04T15:34:11.291117+00:00, run_after=2023-05-05T15:34:11.291117+00:00
[2023-05-05T15:34:11.313+0000] {processor.py:178} INFO - Processing /home/airflow/.local/lib/python3.7/site-packages/airflow/example_dags/example_task_group_decorator.py took 0.084 seconds
