[2023-05-05T15:03:28.727+0000] {processor.py:156} INFO - Started process (PID=72) to work on /home/airflow/.local/lib/python3.7/site-packages/airflow/example_dags/tutorial_dag.py
[2023-05-05T15:03:28.728+0000] {processor.py:799} INFO - Processing file /home/airflow/.local/lib/python3.7/site-packages/airflow/example_dags/tutorial_dag.py for tasks to queue
[2023-05-05T15:03:28.728+0000] {logging_mixin.py:149} INFO - [2023-05-05T15:03:28.728+0000] {dagbag.py:541} INFO - Filling up the DagBag from /home/airflow/.local/lib/python3.7/site-packages/airflow/example_dags/tutorial_dag.py
[2023-05-05T15:03:28.732+0000] {processor.py:809} INFO - DAG(s) dict_keys(['tutorial_dag']) retrieved from /home/airflow/.local/lib/python3.7/site-packages/airflow/example_dags/tutorial_dag.py
[2023-05-05T15:03:28.845+0000] {logging_mixin.py:149} INFO - [2023-05-05T15:03:28.845+0000] {manager.py:504} INFO - Created Permission View: can read on DAG:tutorial_dag
[2023-05-05T15:03:28.855+0000] {logging_mixin.py:149} INFO - [2023-05-05T15:03:28.855+0000] {manager.py:504} INFO - Created Permission View: can edit on DAG:tutorial_dag
[2023-05-05T15:03:28.863+0000] {logging_mixin.py:149} INFO - [2023-05-05T15:03:28.863+0000] {manager.py:504} INFO - Created Permission View: can delete on DAG:tutorial_dag
[2023-05-05T15:03:28.863+0000] {logging_mixin.py:149} INFO - [2023-05-05T15:03:28.863+0000] {dag.py:2726} INFO - Sync 1 DAGs
[2023-05-05T15:03:28.878+0000] {logging_mixin.py:149} INFO - [2023-05-05T15:03:28.878+0000] {dag.py:2747} INFO - Creating ORM DAG for tutorial_dag
[2023-05-05T15:03:28.891+0000] {logging_mixin.py:149} INFO - [2023-05-05T15:03:28.891+0000] {dag.py:3490} INFO - Setting next_dagrun for tutorial_dag to None, run_after=None
[2023-05-05T15:03:28.913+0000] {processor.py:178} INFO - Processing /home/airflow/.local/lib/python3.7/site-packages/airflow/example_dags/tutorial_dag.py took 0.188 seconds
[2023-05-05T15:03:59.725+0000] {processor.py:156} INFO - Started process (PID=132) to work on /home/airflow/.local/lib/python3.7/site-packages/airflow/example_dags/tutorial_dag.py
[2023-05-05T15:03:59.725+0000] {processor.py:799} INFO - Processing file /home/airflow/.local/lib/python3.7/site-packages/airflow/example_dags/tutorial_dag.py for tasks to queue
[2023-05-05T15:03:59.726+0000] {logging_mixin.py:149} INFO - [2023-05-05T15:03:59.726+0000] {dagbag.py:541} INFO - Filling up the DagBag from /home/airflow/.local/lib/python3.7/site-packages/airflow/example_dags/tutorial_dag.py
[2023-05-05T15:03:59.730+0000] {processor.py:809} INFO - DAG(s) dict_keys(['tutorial_dag']) retrieved from /home/airflow/.local/lib/python3.7/site-packages/airflow/example_dags/tutorial_dag.py
[2023-05-05T15:03:59.750+0000] {logging_mixin.py:149} INFO - [2023-05-05T15:03:59.750+0000] {dag.py:2726} INFO - Sync 1 DAGs
[2023-05-05T15:03:59.774+0000] {logging_mixin.py:149} INFO - [2023-05-05T15:03:59.773+0000] {dag.py:3490} INFO - Setting next_dagrun for tutorial_dag to None, run_after=None
[2023-05-05T15:03:59.791+0000] {processor.py:178} INFO - Processing /home/airflow/.local/lib/python3.7/site-packages/airflow/example_dags/tutorial_dag.py took 0.069 seconds
[2023-05-05T15:04:30.019+0000] {processor.py:156} INFO - Started process (PID=192) to work on /home/airflow/.local/lib/python3.7/site-packages/airflow/example_dags/tutorial_dag.py
[2023-05-05T15:04:30.020+0000] {processor.py:799} INFO - Processing file /home/airflow/.local/lib/python3.7/site-packages/airflow/example_dags/tutorial_dag.py for tasks to queue
[2023-05-05T15:04:30.021+0000] {logging_mixin.py:149} INFO - [2023-05-05T15:04:30.021+0000] {dagbag.py:541} INFO - Filling up the DagBag from /home/airflow/.local/lib/python3.7/site-packages/airflow/example_dags/tutorial_dag.py
[2023-05-05T15:04:30.026+0000] {processor.py:809} INFO - DAG(s) dict_keys(['tutorial_dag']) retrieved from /home/airflow/.local/lib/python3.7/site-packages/airflow/example_dags/tutorial_dag.py
[2023-05-05T15:04:30.056+0000] {logging_mixin.py:149} INFO - [2023-05-05T15:04:30.056+0000] {dag.py:2726} INFO - Sync 1 DAGs
[2023-05-05T15:04:30.090+0000] {logging_mixin.py:149} INFO - [2023-05-05T15:04:30.090+0000] {dag.py:3490} INFO - Setting next_dagrun for tutorial_dag to None, run_after=None
[2023-05-05T15:04:30.116+0000] {processor.py:178} INFO - Processing /home/airflow/.local/lib/python3.7/site-packages/airflow/example_dags/tutorial_dag.py took 0.100 seconds
[2023-05-05T15:05:00.943+0000] {processor.py:156} INFO - Started process (PID=252) to work on /home/airflow/.local/lib/python3.7/site-packages/airflow/example_dags/tutorial_dag.py
[2023-05-05T15:05:00.944+0000] {processor.py:799} INFO - Processing file /home/airflow/.local/lib/python3.7/site-packages/airflow/example_dags/tutorial_dag.py for tasks to queue
[2023-05-05T15:05:00.944+0000] {logging_mixin.py:149} INFO - [2023-05-05T15:05:00.944+0000] {dagbag.py:541} INFO - Filling up the DagBag from /home/airflow/.local/lib/python3.7/site-packages/airflow/example_dags/tutorial_dag.py
[2023-05-05T15:05:00.948+0000] {processor.py:809} INFO - DAG(s) dict_keys(['tutorial_dag']) retrieved from /home/airflow/.local/lib/python3.7/site-packages/airflow/example_dags/tutorial_dag.py
[2023-05-05T15:05:00.969+0000] {logging_mixin.py:149} INFO - [2023-05-05T15:05:00.969+0000] {dag.py:2726} INFO - Sync 1 DAGs
[2023-05-05T15:05:00.994+0000] {logging_mixin.py:149} INFO - [2023-05-05T15:05:00.994+0000] {dag.py:3490} INFO - Setting next_dagrun for tutorial_dag to None, run_after=None
[2023-05-05T15:05:01.012+0000] {processor.py:178} INFO - Processing /home/airflow/.local/lib/python3.7/site-packages/airflow/example_dags/tutorial_dag.py took 0.072 seconds
[2023-05-05T15:05:31.195+0000] {processor.py:156} INFO - Started process (PID=312) to work on /home/airflow/.local/lib/python3.7/site-packages/airflow/example_dags/tutorial_dag.py
[2023-05-05T15:05:31.196+0000] {processor.py:799} INFO - Processing file /home/airflow/.local/lib/python3.7/site-packages/airflow/example_dags/tutorial_dag.py for tasks to queue
[2023-05-05T15:05:31.196+0000] {logging_mixin.py:149} INFO - [2023-05-05T15:05:31.196+0000] {dagbag.py:541} INFO - Filling up the DagBag from /home/airflow/.local/lib/python3.7/site-packages/airflow/example_dags/tutorial_dag.py
[2023-05-05T15:05:31.200+0000] {processor.py:809} INFO - DAG(s) dict_keys(['tutorial_dag']) retrieved from /home/airflow/.local/lib/python3.7/site-packages/airflow/example_dags/tutorial_dag.py
[2023-05-05T15:05:31.222+0000] {logging_mixin.py:149} INFO - [2023-05-05T15:05:31.221+0000] {dag.py:2726} INFO - Sync 1 DAGs
[2023-05-05T15:05:31.249+0000] {logging_mixin.py:149} INFO - [2023-05-05T15:05:31.248+0000] {dag.py:3490} INFO - Setting next_dagrun for tutorial_dag to None, run_after=None
[2023-05-05T15:05:31.268+0000] {processor.py:178} INFO - Processing /home/airflow/.local/lib/python3.7/site-packages/airflow/example_dags/tutorial_dag.py took 0.076 seconds
[2023-05-05T15:06:02.204+0000] {processor.py:156} INFO - Started process (PID=372) to work on /home/airflow/.local/lib/python3.7/site-packages/airflow/example_dags/tutorial_dag.py
[2023-05-05T15:06:02.205+0000] {processor.py:799} INFO - Processing file /home/airflow/.local/lib/python3.7/site-packages/airflow/example_dags/tutorial_dag.py for tasks to queue
[2023-05-05T15:06:02.205+0000] {logging_mixin.py:149} INFO - [2023-05-05T15:06:02.205+0000] {dagbag.py:541} INFO - Filling up the DagBag from /home/airflow/.local/lib/python3.7/site-packages/airflow/example_dags/tutorial_dag.py
[2023-05-05T15:06:02.209+0000] {processor.py:809} INFO - DAG(s) dict_keys(['tutorial_dag']) retrieved from /home/airflow/.local/lib/python3.7/site-packages/airflow/example_dags/tutorial_dag.py
[2023-05-05T15:06:02.229+0000] {logging_mixin.py:149} INFO - [2023-05-05T15:06:02.229+0000] {dag.py:2726} INFO - Sync 1 DAGs
[2023-05-05T15:06:02.254+0000] {logging_mixin.py:149} INFO - [2023-05-05T15:06:02.254+0000] {dag.py:3490} INFO - Setting next_dagrun for tutorial_dag to None, run_after=None
[2023-05-05T15:06:02.275+0000] {processor.py:178} INFO - Processing /home/airflow/.local/lib/python3.7/site-packages/airflow/example_dags/tutorial_dag.py took 0.073 seconds
[2023-05-05T15:06:32.860+0000] {processor.py:156} INFO - Started process (PID=432) to work on /home/airflow/.local/lib/python3.7/site-packages/airflow/example_dags/tutorial_dag.py
[2023-05-05T15:06:32.860+0000] {processor.py:799} INFO - Processing file /home/airflow/.local/lib/python3.7/site-packages/airflow/example_dags/tutorial_dag.py for tasks to queue
[2023-05-05T15:06:32.861+0000] {logging_mixin.py:149} INFO - [2023-05-05T15:06:32.861+0000] {dagbag.py:541} INFO - Filling up the DagBag from /home/airflow/.local/lib/python3.7/site-packages/airflow/example_dags/tutorial_dag.py
[2023-05-05T15:06:32.865+0000] {processor.py:809} INFO - DAG(s) dict_keys(['tutorial_dag']) retrieved from /home/airflow/.local/lib/python3.7/site-packages/airflow/example_dags/tutorial_dag.py
[2023-05-05T15:06:32.888+0000] {logging_mixin.py:149} INFO - [2023-05-05T15:06:32.888+0000] {dag.py:2726} INFO - Sync 1 DAGs
[2023-05-05T15:06:32.915+0000] {logging_mixin.py:149} INFO - [2023-05-05T15:06:32.915+0000] {dag.py:3490} INFO - Setting next_dagrun for tutorial_dag to None, run_after=None
[2023-05-05T15:06:32.938+0000] {processor.py:178} INFO - Processing /home/airflow/.local/lib/python3.7/site-packages/airflow/example_dags/tutorial_dag.py took 0.080 seconds
[2023-05-05T15:07:03.123+0000] {processor.py:156} INFO - Started process (PID=492) to work on /home/airflow/.local/lib/python3.7/site-packages/airflow/example_dags/tutorial_dag.py
[2023-05-05T15:07:03.124+0000] {processor.py:799} INFO - Processing file /home/airflow/.local/lib/python3.7/site-packages/airflow/example_dags/tutorial_dag.py for tasks to queue
[2023-05-05T15:07:03.124+0000] {logging_mixin.py:149} INFO - [2023-05-05T15:07:03.124+0000] {dagbag.py:541} INFO - Filling up the DagBag from /home/airflow/.local/lib/python3.7/site-packages/airflow/example_dags/tutorial_dag.py
[2023-05-05T15:07:03.128+0000] {processor.py:809} INFO - DAG(s) dict_keys(['tutorial_dag']) retrieved from /home/airflow/.local/lib/python3.7/site-packages/airflow/example_dags/tutorial_dag.py
[2023-05-05T15:07:03.149+0000] {logging_mixin.py:149} INFO - [2023-05-05T15:07:03.149+0000] {dag.py:2726} INFO - Sync 1 DAGs
[2023-05-05T15:07:03.173+0000] {logging_mixin.py:149} INFO - [2023-05-05T15:07:03.173+0000] {dag.py:3490} INFO - Setting next_dagrun for tutorial_dag to None, run_after=None
[2023-05-05T15:07:03.189+0000] {processor.py:178} INFO - Processing /home/airflow/.local/lib/python3.7/site-packages/airflow/example_dags/tutorial_dag.py took 0.069 seconds
[2023-05-05T15:07:33.990+0000] {processor.py:156} INFO - Started process (PID=552) to work on /home/airflow/.local/lib/python3.7/site-packages/airflow/example_dags/tutorial_dag.py
[2023-05-05T15:07:33.991+0000] {processor.py:799} INFO - Processing file /home/airflow/.local/lib/python3.7/site-packages/airflow/example_dags/tutorial_dag.py for tasks to queue
[2023-05-05T15:07:33.991+0000] {logging_mixin.py:149} INFO - [2023-05-05T15:07:33.991+0000] {dagbag.py:541} INFO - Filling up the DagBag from /home/airflow/.local/lib/python3.7/site-packages/airflow/example_dags/tutorial_dag.py
[2023-05-05T15:07:33.995+0000] {processor.py:809} INFO - DAG(s) dict_keys(['tutorial_dag']) retrieved from /home/airflow/.local/lib/python3.7/site-packages/airflow/example_dags/tutorial_dag.py
[2023-05-05T15:07:34.016+0000] {logging_mixin.py:149} INFO - [2023-05-05T15:07:34.016+0000] {dag.py:2726} INFO - Sync 1 DAGs
[2023-05-05T15:07:34.039+0000] {logging_mixin.py:149} INFO - [2023-05-05T15:07:34.039+0000] {dag.py:3490} INFO - Setting next_dagrun for tutorial_dag to None, run_after=None
[2023-05-05T15:07:34.057+0000] {processor.py:178} INFO - Processing /home/airflow/.local/lib/python3.7/site-packages/airflow/example_dags/tutorial_dag.py took 0.069 seconds
[2023-05-05T15:08:05.239+0000] {processor.py:156} INFO - Started process (PID=612) to work on /home/airflow/.local/lib/python3.7/site-packages/airflow/example_dags/tutorial_dag.py
[2023-05-05T15:08:05.241+0000] {processor.py:799} INFO - Processing file /home/airflow/.local/lib/python3.7/site-packages/airflow/example_dags/tutorial_dag.py for tasks to queue
[2023-05-05T15:08:05.241+0000] {logging_mixin.py:149} INFO - [2023-05-05T15:08:05.241+0000] {dagbag.py:541} INFO - Filling up the DagBag from /home/airflow/.local/lib/python3.7/site-packages/airflow/example_dags/tutorial_dag.py
[2023-05-05T15:08:05.244+0000] {processor.py:809} INFO - DAG(s) dict_keys(['tutorial_dag']) retrieved from /home/airflow/.local/lib/python3.7/site-packages/airflow/example_dags/tutorial_dag.py
[2023-05-05T15:08:05.269+0000] {logging_mixin.py:149} INFO - [2023-05-05T15:08:05.268+0000] {dag.py:2726} INFO - Sync 1 DAGs
[2023-05-05T15:08:05.297+0000] {logging_mixin.py:149} INFO - [2023-05-05T15:08:05.297+0000] {dag.py:3490} INFO - Setting next_dagrun for tutorial_dag to None, run_after=None
[2023-05-05T15:08:05.319+0000] {processor.py:178} INFO - Processing /home/airflow/.local/lib/python3.7/site-packages/airflow/example_dags/tutorial_dag.py took 0.083 seconds
[2023-05-05T15:08:35.999+0000] {processor.py:156} INFO - Started process (PID=672) to work on /home/airflow/.local/lib/python3.7/site-packages/airflow/example_dags/tutorial_dag.py
[2023-05-05T15:08:35.999+0000] {processor.py:799} INFO - Processing file /home/airflow/.local/lib/python3.7/site-packages/airflow/example_dags/tutorial_dag.py for tasks to queue
[2023-05-05T15:08:36.000+0000] {logging_mixin.py:149} INFO - [2023-05-05T15:08:36.000+0000] {dagbag.py:541} INFO - Filling up the DagBag from /home/airflow/.local/lib/python3.7/site-packages/airflow/example_dags/tutorial_dag.py
[2023-05-05T15:08:36.003+0000] {processor.py:809} INFO - DAG(s) dict_keys(['tutorial_dag']) retrieved from /home/airflow/.local/lib/python3.7/site-packages/airflow/example_dags/tutorial_dag.py
[2023-05-05T15:08:36.023+0000] {logging_mixin.py:149} INFO - [2023-05-05T15:08:36.023+0000] {dag.py:2726} INFO - Sync 1 DAGs
[2023-05-05T15:08:36.047+0000] {logging_mixin.py:149} INFO - [2023-05-05T15:08:36.047+0000] {dag.py:3490} INFO - Setting next_dagrun for tutorial_dag to None, run_after=None
[2023-05-05T15:08:36.071+0000] {processor.py:178} INFO - Processing /home/airflow/.local/lib/python3.7/site-packages/airflow/example_dags/tutorial_dag.py took 0.075 seconds
[2023-05-05T15:09:06.514+0000] {processor.py:156} INFO - Started process (PID=732) to work on /home/airflow/.local/lib/python3.7/site-packages/airflow/example_dags/tutorial_dag.py
[2023-05-05T15:09:06.515+0000] {processor.py:799} INFO - Processing file /home/airflow/.local/lib/python3.7/site-packages/airflow/example_dags/tutorial_dag.py for tasks to queue
[2023-05-05T15:09:06.516+0000] {logging_mixin.py:149} INFO - [2023-05-05T15:09:06.516+0000] {dagbag.py:541} INFO - Filling up the DagBag from /home/airflow/.local/lib/python3.7/site-packages/airflow/example_dags/tutorial_dag.py
[2023-05-05T15:09:06.520+0000] {processor.py:809} INFO - DAG(s) dict_keys(['tutorial_dag']) retrieved from /home/airflow/.local/lib/python3.7/site-packages/airflow/example_dags/tutorial_dag.py
[2023-05-05T15:09:06.548+0000] {logging_mixin.py:149} INFO - [2023-05-05T15:09:06.548+0000] {dag.py:2726} INFO - Sync 1 DAGs
[2023-05-05T15:09:06.579+0000] {logging_mixin.py:149} INFO - [2023-05-05T15:09:06.579+0000] {dag.py:3490} INFO - Setting next_dagrun for tutorial_dag to None, run_after=None
[2023-05-05T15:09:06.604+0000] {processor.py:178} INFO - Processing /home/airflow/.local/lib/python3.7/site-packages/airflow/example_dags/tutorial_dag.py took 0.092 seconds
[2023-05-05T15:09:36.721+0000] {processor.py:156} INFO - Started process (PID=793) to work on /home/airflow/.local/lib/python3.7/site-packages/airflow/example_dags/tutorial_dag.py
[2023-05-05T15:09:36.721+0000] {processor.py:799} INFO - Processing file /home/airflow/.local/lib/python3.7/site-packages/airflow/example_dags/tutorial_dag.py for tasks to queue
[2023-05-05T15:09:36.722+0000] {logging_mixin.py:149} INFO - [2023-05-05T15:09:36.722+0000] {dagbag.py:541} INFO - Filling up the DagBag from /home/airflow/.local/lib/python3.7/site-packages/airflow/example_dags/tutorial_dag.py
[2023-05-05T15:09:36.725+0000] {processor.py:809} INFO - DAG(s) dict_keys(['tutorial_dag']) retrieved from /home/airflow/.local/lib/python3.7/site-packages/airflow/example_dags/tutorial_dag.py
[2023-05-05T15:09:36.745+0000] {logging_mixin.py:149} INFO - [2023-05-05T15:09:36.745+0000] {dag.py:2726} INFO - Sync 1 DAGs
[2023-05-05T15:09:36.771+0000] {logging_mixin.py:149} INFO - [2023-05-05T15:09:36.771+0000] {dag.py:3490} INFO - Setting next_dagrun for tutorial_dag to None, run_after=None
[2023-05-05T15:09:36.792+0000] {processor.py:178} INFO - Processing /home/airflow/.local/lib/python3.7/site-packages/airflow/example_dags/tutorial_dag.py took 0.074 seconds
[2023-05-05T15:10:07.853+0000] {processor.py:156} INFO - Started process (PID=852) to work on /home/airflow/.local/lib/python3.7/site-packages/airflow/example_dags/tutorial_dag.py
[2023-05-05T15:10:07.854+0000] {processor.py:799} INFO - Processing file /home/airflow/.local/lib/python3.7/site-packages/airflow/example_dags/tutorial_dag.py for tasks to queue
[2023-05-05T15:10:07.855+0000] {logging_mixin.py:149} INFO - [2023-05-05T15:10:07.855+0000] {dagbag.py:541} INFO - Filling up the DagBag from /home/airflow/.local/lib/python3.7/site-packages/airflow/example_dags/tutorial_dag.py
[2023-05-05T15:10:07.858+0000] {processor.py:809} INFO - DAG(s) dict_keys(['tutorial_dag']) retrieved from /home/airflow/.local/lib/python3.7/site-packages/airflow/example_dags/tutorial_dag.py
[2023-05-05T15:10:07.880+0000] {logging_mixin.py:149} INFO - [2023-05-05T15:10:07.880+0000] {dag.py:2726} INFO - Sync 1 DAGs
[2023-05-05T15:10:07.905+0000] {logging_mixin.py:149} INFO - [2023-05-05T15:10:07.905+0000] {dag.py:3490} INFO - Setting next_dagrun for tutorial_dag to None, run_after=None
[2023-05-05T15:10:07.929+0000] {processor.py:178} INFO - Processing /home/airflow/.local/lib/python3.7/site-packages/airflow/example_dags/tutorial_dag.py took 0.078 seconds
[2023-05-05T15:10:38.938+0000] {processor.py:156} INFO - Started process (PID=912) to work on /home/airflow/.local/lib/python3.7/site-packages/airflow/example_dags/tutorial_dag.py
[2023-05-05T15:10:38.939+0000] {processor.py:799} INFO - Processing file /home/airflow/.local/lib/python3.7/site-packages/airflow/example_dags/tutorial_dag.py for tasks to queue
[2023-05-05T15:10:38.939+0000] {logging_mixin.py:149} INFO - [2023-05-05T15:10:38.939+0000] {dagbag.py:541} INFO - Filling up the DagBag from /home/airflow/.local/lib/python3.7/site-packages/airflow/example_dags/tutorial_dag.py
[2023-05-05T15:10:38.943+0000] {processor.py:809} INFO - DAG(s) dict_keys(['tutorial_dag']) retrieved from /home/airflow/.local/lib/python3.7/site-packages/airflow/example_dags/tutorial_dag.py
[2023-05-05T15:10:38.962+0000] {logging_mixin.py:149} INFO - [2023-05-05T15:10:38.962+0000] {dag.py:2726} INFO - Sync 1 DAGs
[2023-05-05T15:10:38.986+0000] {logging_mixin.py:149} INFO - [2023-05-05T15:10:38.986+0000] {dag.py:3490} INFO - Setting next_dagrun for tutorial_dag to None, run_after=None
[2023-05-05T15:10:39.004+0000] {processor.py:178} INFO - Processing /home/airflow/.local/lib/python3.7/site-packages/airflow/example_dags/tutorial_dag.py took 0.067 seconds
[2023-05-05T15:11:09.273+0000] {processor.py:156} INFO - Started process (PID=972) to work on /home/airflow/.local/lib/python3.7/site-packages/airflow/example_dags/tutorial_dag.py
[2023-05-05T15:11:09.274+0000] {processor.py:799} INFO - Processing file /home/airflow/.local/lib/python3.7/site-packages/airflow/example_dags/tutorial_dag.py for tasks to queue
[2023-05-05T15:11:09.274+0000] {logging_mixin.py:149} INFO - [2023-05-05T15:11:09.274+0000] {dagbag.py:541} INFO - Filling up the DagBag from /home/airflow/.local/lib/python3.7/site-packages/airflow/example_dags/tutorial_dag.py
[2023-05-05T15:11:09.278+0000] {processor.py:809} INFO - DAG(s) dict_keys(['tutorial_dag']) retrieved from /home/airflow/.local/lib/python3.7/site-packages/airflow/example_dags/tutorial_dag.py
[2023-05-05T15:11:09.299+0000] {logging_mixin.py:149} INFO - [2023-05-05T15:11:09.299+0000] {dag.py:2726} INFO - Sync 1 DAGs
[2023-05-05T15:11:09.324+0000] {logging_mixin.py:149} INFO - [2023-05-05T15:11:09.324+0000] {dag.py:3490} INFO - Setting next_dagrun for tutorial_dag to None, run_after=None
[2023-05-05T15:11:09.343+0000] {processor.py:178} INFO - Processing /home/airflow/.local/lib/python3.7/site-packages/airflow/example_dags/tutorial_dag.py took 0.073 seconds
[2023-05-05T15:11:39.919+0000] {processor.py:156} INFO - Started process (PID=1032) to work on /home/airflow/.local/lib/python3.7/site-packages/airflow/example_dags/tutorial_dag.py
[2023-05-05T15:11:39.920+0000] {processor.py:799} INFO - Processing file /home/airflow/.local/lib/python3.7/site-packages/airflow/example_dags/tutorial_dag.py for tasks to queue
[2023-05-05T15:11:39.921+0000] {logging_mixin.py:149} INFO - [2023-05-05T15:11:39.921+0000] {dagbag.py:541} INFO - Filling up the DagBag from /home/airflow/.local/lib/python3.7/site-packages/airflow/example_dags/tutorial_dag.py
[2023-05-05T15:11:39.924+0000] {processor.py:809} INFO - DAG(s) dict_keys(['tutorial_dag']) retrieved from /home/airflow/.local/lib/python3.7/site-packages/airflow/example_dags/tutorial_dag.py
[2023-05-05T15:11:39.944+0000] {logging_mixin.py:149} INFO - [2023-05-05T15:11:39.944+0000] {dag.py:2726} INFO - Sync 1 DAGs
[2023-05-05T15:11:39.968+0000] {logging_mixin.py:149} INFO - [2023-05-05T15:11:39.968+0000] {dag.py:3490} INFO - Setting next_dagrun for tutorial_dag to None, run_after=None
[2023-05-05T15:11:39.987+0000] {processor.py:178} INFO - Processing /home/airflow/.local/lib/python3.7/site-packages/airflow/example_dags/tutorial_dag.py took 0.070 seconds
[2023-05-05T15:12:10.899+0000] {processor.py:156} INFO - Started process (PID=1092) to work on /home/airflow/.local/lib/python3.7/site-packages/airflow/example_dags/tutorial_dag.py
[2023-05-05T15:12:10.900+0000] {processor.py:799} INFO - Processing file /home/airflow/.local/lib/python3.7/site-packages/airflow/example_dags/tutorial_dag.py for tasks to queue
[2023-05-05T15:12:10.900+0000] {logging_mixin.py:149} INFO - [2023-05-05T15:12:10.900+0000] {dagbag.py:541} INFO - Filling up the DagBag from /home/airflow/.local/lib/python3.7/site-packages/airflow/example_dags/tutorial_dag.py
[2023-05-05T15:12:10.904+0000] {processor.py:809} INFO - DAG(s) dict_keys(['tutorial_dag']) retrieved from /home/airflow/.local/lib/python3.7/site-packages/airflow/example_dags/tutorial_dag.py
[2023-05-05T15:12:10.929+0000] {logging_mixin.py:149} INFO - [2023-05-05T15:12:10.929+0000] {dag.py:2726} INFO - Sync 1 DAGs
[2023-05-05T15:12:10.959+0000] {logging_mixin.py:149} INFO - [2023-05-05T15:12:10.958+0000] {dag.py:3490} INFO - Setting next_dagrun for tutorial_dag to None, run_after=None
[2023-05-05T15:12:10.982+0000] {processor.py:178} INFO - Processing /home/airflow/.local/lib/python3.7/site-packages/airflow/example_dags/tutorial_dag.py took 0.086 seconds
[2023-05-05T15:33:47.558+0000] {processor.py:156} INFO - Started process (PID=71) to work on /home/airflow/.local/lib/python3.7/site-packages/airflow/example_dags/tutorial_dag.py
[2023-05-05T15:33:47.560+0000] {processor.py:799} INFO - Processing file /home/airflow/.local/lib/python3.7/site-packages/airflow/example_dags/tutorial_dag.py for tasks to queue
[2023-05-05T15:33:47.562+0000] {logging_mixin.py:149} INFO - [2023-05-05T15:33:47.561+0000] {dagbag.py:541} INFO - Filling up the DagBag from /home/airflow/.local/lib/python3.7/site-packages/airflow/example_dags/tutorial_dag.py
[2023-05-05T15:33:47.571+0000] {processor.py:809} INFO - DAG(s) dict_keys(['tutorial_dag']) retrieved from /home/airflow/.local/lib/python3.7/site-packages/airflow/example_dags/tutorial_dag.py
[2023-05-05T15:33:47.616+0000] {logging_mixin.py:149} INFO - [2023-05-05T15:33:47.616+0000] {dag.py:2726} INFO - Sync 1 DAGs
[2023-05-05T15:33:47.676+0000] {logging_mixin.py:149} INFO - [2023-05-05T15:33:47.676+0000] {dag.py:3490} INFO - Setting next_dagrun for tutorial_dag to None, run_after=None
[2023-05-05T15:33:47.751+0000] {processor.py:178} INFO - Processing /home/airflow/.local/lib/python3.7/site-packages/airflow/example_dags/tutorial_dag.py took 0.198 seconds
