[2023-05-05T15:03:26.329+0000] {processor.py:156} INFO - Started process (PID=52) to work on /home/airflow/.local/lib/python3.7/site-packages/airflow/example_dags/tutorial.py
[2023-05-05T15:03:26.330+0000] {processor.py:799} INFO - Processing file /home/airflow/.local/lib/python3.7/site-packages/airflow/example_dags/tutorial.py for tasks to queue
[2023-05-05T15:03:26.330+0000] {logging_mixin.py:149} INFO - [2023-05-05T15:03:26.330+0000] {dagbag.py:541} INFO - Filling up the DagBag from /home/airflow/.local/lib/python3.7/site-packages/airflow/example_dags/tutorial.py
[2023-05-05T15:03:26.336+0000] {processor.py:809} INFO - DAG(s) dict_keys(['tutorial']) retrieved from /home/airflow/.local/lib/python3.7/site-packages/airflow/example_dags/tutorial.py
[2023-05-05T15:03:26.490+0000] {logging_mixin.py:149} INFO - [2023-05-05T15:03:26.489+0000] {manager.py:504} INFO - Created Permission View: can read on DAG:tutorial
[2023-05-05T15:03:26.504+0000] {logging_mixin.py:149} INFO - [2023-05-05T15:03:26.504+0000] {manager.py:504} INFO - Created Permission View: can edit on DAG:tutorial
[2023-05-05T15:03:26.511+0000] {logging_mixin.py:149} INFO - [2023-05-05T15:03:26.511+0000] {manager.py:504} INFO - Created Permission View: can delete on DAG:tutorial
[2023-05-05T15:03:26.511+0000] {logging_mixin.py:149} INFO - [2023-05-05T15:03:26.511+0000] {dag.py:2726} INFO - Sync 1 DAGs
[2023-05-05T15:03:26.525+0000] {logging_mixin.py:149} INFO - [2023-05-05T15:03:26.525+0000] {dag.py:2747} INFO - Creating ORM DAG for tutorial
[2023-05-05T15:03:26.536+0000] {logging_mixin.py:149} INFO - [2023-05-05T15:03:26.536+0000] {dag.py:3490} INFO - Setting next_dagrun for tutorial to 2023-05-04T15:03:26.536323+00:00, run_after=2023-05-05T15:03:26.536323+00:00
[2023-05-05T15:03:26.558+0000] {processor.py:178} INFO - Processing /home/airflow/.local/lib/python3.7/site-packages/airflow/example_dags/tutorial.py took 0.232 seconds
[2023-05-05T15:03:56.780+0000] {processor.py:156} INFO - Started process (PID=112) to work on /home/airflow/.local/lib/python3.7/site-packages/airflow/example_dags/tutorial.py
[2023-05-05T15:03:56.781+0000] {processor.py:799} INFO - Processing file /home/airflow/.local/lib/python3.7/site-packages/airflow/example_dags/tutorial.py for tasks to queue
[2023-05-05T15:03:56.782+0000] {logging_mixin.py:149} INFO - [2023-05-05T15:03:56.782+0000] {dagbag.py:541} INFO - Filling up the DagBag from /home/airflow/.local/lib/python3.7/site-packages/airflow/example_dags/tutorial.py
[2023-05-05T15:03:56.786+0000] {processor.py:809} INFO - DAG(s) dict_keys(['tutorial']) retrieved from /home/airflow/.local/lib/python3.7/site-packages/airflow/example_dags/tutorial.py
[2023-05-05T15:03:56.807+0000] {logging_mixin.py:149} INFO - [2023-05-05T15:03:56.807+0000] {dag.py:2726} INFO - Sync 1 DAGs
[2023-05-05T15:03:56.830+0000] {logging_mixin.py:149} INFO - [2023-05-05T15:03:56.830+0000] {dag.py:3490} INFO - Setting next_dagrun for tutorial to 2023-05-04T15:03:56.830443+00:00, run_after=2023-05-05T15:03:56.830443+00:00
[2023-05-05T15:03:56.849+0000] {processor.py:178} INFO - Processing /home/airflow/.local/lib/python3.7/site-packages/airflow/example_dags/tutorial.py took 0.071 seconds
[2023-05-05T15:04:27.668+0000] {processor.py:156} INFO - Started process (PID=172) to work on /home/airflow/.local/lib/python3.7/site-packages/airflow/example_dags/tutorial.py
[2023-05-05T15:04:27.669+0000] {processor.py:799} INFO - Processing file /home/airflow/.local/lib/python3.7/site-packages/airflow/example_dags/tutorial.py for tasks to queue
[2023-05-05T15:04:27.670+0000] {logging_mixin.py:149} INFO - [2023-05-05T15:04:27.670+0000] {dagbag.py:541} INFO - Filling up the DagBag from /home/airflow/.local/lib/python3.7/site-packages/airflow/example_dags/tutorial.py
[2023-05-05T15:04:27.678+0000] {processor.py:809} INFO - DAG(s) dict_keys(['tutorial']) retrieved from /home/airflow/.local/lib/python3.7/site-packages/airflow/example_dags/tutorial.py
[2023-05-05T15:04:27.713+0000] {logging_mixin.py:149} INFO - [2023-05-05T15:04:27.713+0000] {dag.py:2726} INFO - Sync 1 DAGs
[2023-05-05T15:04:27.754+0000] {logging_mixin.py:149} INFO - [2023-05-05T15:04:27.754+0000] {dag.py:3490} INFO - Setting next_dagrun for tutorial to 2023-05-04T15:04:27.754086+00:00, run_after=2023-05-05T15:04:27.754086+00:00
[2023-05-05T15:04:27.786+0000] {processor.py:178} INFO - Processing /home/airflow/.local/lib/python3.7/site-packages/airflow/example_dags/tutorial.py took 0.122 seconds
[2023-05-05T15:04:58.766+0000] {processor.py:156} INFO - Started process (PID=232) to work on /home/airflow/.local/lib/python3.7/site-packages/airflow/example_dags/tutorial.py
[2023-05-05T15:04:58.767+0000] {processor.py:799} INFO - Processing file /home/airflow/.local/lib/python3.7/site-packages/airflow/example_dags/tutorial.py for tasks to queue
[2023-05-05T15:04:58.768+0000] {logging_mixin.py:149} INFO - [2023-05-05T15:04:58.768+0000] {dagbag.py:541} INFO - Filling up the DagBag from /home/airflow/.local/lib/python3.7/site-packages/airflow/example_dags/tutorial.py
[2023-05-05T15:04:58.774+0000] {processor.py:809} INFO - DAG(s) dict_keys(['tutorial']) retrieved from /home/airflow/.local/lib/python3.7/site-packages/airflow/example_dags/tutorial.py
[2023-05-05T15:04:58.797+0000] {logging_mixin.py:149} INFO - [2023-05-05T15:04:58.796+0000] {dag.py:2726} INFO - Sync 1 DAGs
[2023-05-05T15:04:58.829+0000] {logging_mixin.py:149} INFO - [2023-05-05T15:04:58.828+0000] {dag.py:3490} INFO - Setting next_dagrun for tutorial to 2023-05-04T15:04:58.828498+00:00, run_after=2023-05-05T15:04:58.828498+00:00
[2023-05-05T15:04:58.856+0000] {processor.py:178} INFO - Processing /home/airflow/.local/lib/python3.7/site-packages/airflow/example_dags/tutorial.py took 0.093 seconds
[2023-05-05T15:05:29.092+0000] {processor.py:156} INFO - Started process (PID=292) to work on /home/airflow/.local/lib/python3.7/site-packages/airflow/example_dags/tutorial.py
[2023-05-05T15:05:29.093+0000] {processor.py:799} INFO - Processing file /home/airflow/.local/lib/python3.7/site-packages/airflow/example_dags/tutorial.py for tasks to queue
[2023-05-05T15:05:29.093+0000] {logging_mixin.py:149} INFO - [2023-05-05T15:05:29.093+0000] {dagbag.py:541} INFO - Filling up the DagBag from /home/airflow/.local/lib/python3.7/site-packages/airflow/example_dags/tutorial.py
[2023-05-05T15:05:29.098+0000] {processor.py:809} INFO - DAG(s) dict_keys(['tutorial']) retrieved from /home/airflow/.local/lib/python3.7/site-packages/airflow/example_dags/tutorial.py
[2023-05-05T15:05:29.117+0000] {logging_mixin.py:149} INFO - [2023-05-05T15:05:29.117+0000] {dag.py:2726} INFO - Sync 1 DAGs
[2023-05-05T15:05:29.140+0000] {logging_mixin.py:149} INFO - [2023-05-05T15:05:29.140+0000] {dag.py:3490} INFO - Setting next_dagrun for tutorial to 2023-05-04T15:05:29.140040+00:00, run_after=2023-05-05T15:05:29.140040+00:00
[2023-05-05T15:05:29.162+0000] {processor.py:178} INFO - Processing /home/airflow/.local/lib/python3.7/site-packages/airflow/example_dags/tutorial.py took 0.073 seconds
[2023-05-05T15:06:00.256+0000] {processor.py:156} INFO - Started process (PID=352) to work on /home/airflow/.local/lib/python3.7/site-packages/airflow/example_dags/tutorial.py
[2023-05-05T15:06:00.257+0000] {processor.py:799} INFO - Processing file /home/airflow/.local/lib/python3.7/site-packages/airflow/example_dags/tutorial.py for tasks to queue
[2023-05-05T15:06:00.258+0000] {logging_mixin.py:149} INFO - [2023-05-05T15:06:00.257+0000] {dagbag.py:541} INFO - Filling up the DagBag from /home/airflow/.local/lib/python3.7/site-packages/airflow/example_dags/tutorial.py
[2023-05-05T15:06:00.262+0000] {processor.py:809} INFO - DAG(s) dict_keys(['tutorial']) retrieved from /home/airflow/.local/lib/python3.7/site-packages/airflow/example_dags/tutorial.py
[2023-05-05T15:06:00.282+0000] {logging_mixin.py:149} INFO - [2023-05-05T15:06:00.282+0000] {dag.py:2726} INFO - Sync 1 DAGs
[2023-05-05T15:06:00.307+0000] {logging_mixin.py:149} INFO - [2023-05-05T15:06:00.307+0000] {dag.py:3490} INFO - Setting next_dagrun for tutorial to 2023-05-04T15:06:00.307213+00:00, run_after=2023-05-05T15:06:00.307213+00:00
[2023-05-05T15:06:00.325+0000] {processor.py:178} INFO - Processing /home/airflow/.local/lib/python3.7/site-packages/airflow/example_dags/tutorial.py took 0.071 seconds
[2023-05-05T15:06:30.845+0000] {processor.py:156} INFO - Started process (PID=412) to work on /home/airflow/.local/lib/python3.7/site-packages/airflow/example_dags/tutorial.py
[2023-05-05T15:06:30.846+0000] {processor.py:799} INFO - Processing file /home/airflow/.local/lib/python3.7/site-packages/airflow/example_dags/tutorial.py for tasks to queue
[2023-05-05T15:06:30.846+0000] {logging_mixin.py:149} INFO - [2023-05-05T15:06:30.846+0000] {dagbag.py:541} INFO - Filling up the DagBag from /home/airflow/.local/lib/python3.7/site-packages/airflow/example_dags/tutorial.py
[2023-05-05T15:06:30.851+0000] {processor.py:809} INFO - DAG(s) dict_keys(['tutorial']) retrieved from /home/airflow/.local/lib/python3.7/site-packages/airflow/example_dags/tutorial.py
[2023-05-05T15:06:30.871+0000] {logging_mixin.py:149} INFO - [2023-05-05T15:06:30.871+0000] {dag.py:2726} INFO - Sync 1 DAGs
[2023-05-05T15:06:30.894+0000] {logging_mixin.py:149} INFO - [2023-05-05T15:06:30.894+0000] {dag.py:3490} INFO - Setting next_dagrun for tutorial to 2023-05-04T15:06:30.893872+00:00, run_after=2023-05-05T15:06:30.893872+00:00
[2023-05-05T15:06:30.917+0000] {processor.py:178} INFO - Processing /home/airflow/.local/lib/python3.7/site-packages/airflow/example_dags/tutorial.py took 0.075 seconds
[2023-05-05T15:07:01.852+0000] {processor.py:156} INFO - Started process (PID=472) to work on /home/airflow/.local/lib/python3.7/site-packages/airflow/example_dags/tutorial.py
[2023-05-05T15:07:01.853+0000] {processor.py:799} INFO - Processing file /home/airflow/.local/lib/python3.7/site-packages/airflow/example_dags/tutorial.py for tasks to queue
[2023-05-05T15:07:01.854+0000] {logging_mixin.py:149} INFO - [2023-05-05T15:07:01.854+0000] {dagbag.py:541} INFO - Filling up the DagBag from /home/airflow/.local/lib/python3.7/site-packages/airflow/example_dags/tutorial.py
[2023-05-05T15:07:01.860+0000] {processor.py:809} INFO - DAG(s) dict_keys(['tutorial']) retrieved from /home/airflow/.local/lib/python3.7/site-packages/airflow/example_dags/tutorial.py
[2023-05-05T15:07:01.884+0000] {logging_mixin.py:149} INFO - [2023-05-05T15:07:01.884+0000] {dag.py:2726} INFO - Sync 1 DAGs
[2023-05-05T15:07:01.910+0000] {logging_mixin.py:149} INFO - [2023-05-05T15:07:01.910+0000] {dag.py:3490} INFO - Setting next_dagrun for tutorial to 2023-05-04T15:07:01.910416+00:00, run_after=2023-05-05T15:07:01.910416+00:00
[2023-05-05T15:07:01.928+0000] {processor.py:178} INFO - Processing /home/airflow/.local/lib/python3.7/site-packages/airflow/example_dags/tutorial.py took 0.081 seconds
[2023-05-05T15:07:32.973+0000] {processor.py:156} INFO - Started process (PID=532) to work on /home/airflow/.local/lib/python3.7/site-packages/airflow/example_dags/tutorial.py
[2023-05-05T15:07:32.974+0000] {processor.py:799} INFO - Processing file /home/airflow/.local/lib/python3.7/site-packages/airflow/example_dags/tutorial.py for tasks to queue
[2023-05-05T15:07:32.975+0000] {logging_mixin.py:149} INFO - [2023-05-05T15:07:32.974+0000] {dagbag.py:541} INFO - Filling up the DagBag from /home/airflow/.local/lib/python3.7/site-packages/airflow/example_dags/tutorial.py
[2023-05-05T15:07:32.979+0000] {processor.py:809} INFO - DAG(s) dict_keys(['tutorial']) retrieved from /home/airflow/.local/lib/python3.7/site-packages/airflow/example_dags/tutorial.py
[2023-05-05T15:07:32.999+0000] {logging_mixin.py:149} INFO - [2023-05-05T15:07:32.999+0000] {dag.py:2726} INFO - Sync 1 DAGs
[2023-05-05T15:07:33.022+0000] {logging_mixin.py:149} INFO - [2023-05-05T15:07:33.022+0000] {dag.py:3490} INFO - Setting next_dagrun for tutorial to 2023-05-04T15:07:33.021933+00:00, run_after=2023-05-05T15:07:33.021933+00:00
[2023-05-05T15:07:33.046+0000] {processor.py:178} INFO - Processing /home/airflow/.local/lib/python3.7/site-packages/airflow/example_dags/tutorial.py took 0.075 seconds
[2023-05-05T15:08:04.151+0000] {processor.py:156} INFO - Started process (PID=592) to work on /home/airflow/.local/lib/python3.7/site-packages/airflow/example_dags/tutorial.py
[2023-05-05T15:08:04.151+0000] {processor.py:799} INFO - Processing file /home/airflow/.local/lib/python3.7/site-packages/airflow/example_dags/tutorial.py for tasks to queue
[2023-05-05T15:08:04.152+0000] {logging_mixin.py:149} INFO - [2023-05-05T15:08:04.152+0000] {dagbag.py:541} INFO - Filling up the DagBag from /home/airflow/.local/lib/python3.7/site-packages/airflow/example_dags/tutorial.py
[2023-05-05T15:08:04.156+0000] {processor.py:809} INFO - DAG(s) dict_keys(['tutorial']) retrieved from /home/airflow/.local/lib/python3.7/site-packages/airflow/example_dags/tutorial.py
[2023-05-05T15:08:04.175+0000] {logging_mixin.py:149} INFO - [2023-05-05T15:08:04.175+0000] {dag.py:2726} INFO - Sync 1 DAGs
[2023-05-05T15:08:04.200+0000] {logging_mixin.py:149} INFO - [2023-05-05T15:08:04.200+0000] {dag.py:3490} INFO - Setting next_dagrun for tutorial to 2023-05-04T15:08:04.200539+00:00, run_after=2023-05-05T15:08:04.200539+00:00
[2023-05-05T15:08:04.227+0000] {processor.py:178} INFO - Processing /home/airflow/.local/lib/python3.7/site-packages/airflow/example_dags/tutorial.py took 0.078 seconds
[2023-05-05T15:08:34.546+0000] {processor.py:156} INFO - Started process (PID=652) to work on /home/airflow/.local/lib/python3.7/site-packages/airflow/example_dags/tutorial.py
[2023-05-05T15:08:34.547+0000] {processor.py:799} INFO - Processing file /home/airflow/.local/lib/python3.7/site-packages/airflow/example_dags/tutorial.py for tasks to queue
[2023-05-05T15:08:34.548+0000] {logging_mixin.py:149} INFO - [2023-05-05T15:08:34.548+0000] {dagbag.py:541} INFO - Filling up the DagBag from /home/airflow/.local/lib/python3.7/site-packages/airflow/example_dags/tutorial.py
[2023-05-05T15:08:34.553+0000] {processor.py:809} INFO - DAG(s) dict_keys(['tutorial']) retrieved from /home/airflow/.local/lib/python3.7/site-packages/airflow/example_dags/tutorial.py
[2023-05-05T15:08:34.576+0000] {logging_mixin.py:149} INFO - [2023-05-05T15:08:34.576+0000] {dag.py:2726} INFO - Sync 1 DAGs
[2023-05-05T15:08:34.604+0000] {logging_mixin.py:149} INFO - [2023-05-05T15:08:34.604+0000] {dag.py:3490} INFO - Setting next_dagrun for tutorial to 2023-05-04T15:08:34.604317+00:00, run_after=2023-05-05T15:08:34.604317+00:00
[2023-05-05T15:08:34.630+0000] {processor.py:178} INFO - Processing /home/airflow/.local/lib/python3.7/site-packages/airflow/example_dags/tutorial.py took 0.086 seconds
[2023-05-05T15:09:05.092+0000] {processor.py:156} INFO - Started process (PID=712) to work on /home/airflow/.local/lib/python3.7/site-packages/airflow/example_dags/tutorial.py
[2023-05-05T15:09:05.094+0000] {processor.py:799} INFO - Processing file /home/airflow/.local/lib/python3.7/site-packages/airflow/example_dags/tutorial.py for tasks to queue
[2023-05-05T15:09:05.095+0000] {logging_mixin.py:149} INFO - [2023-05-05T15:09:05.095+0000] {dagbag.py:541} INFO - Filling up the DagBag from /home/airflow/.local/lib/python3.7/site-packages/airflow/example_dags/tutorial.py
[2023-05-05T15:09:05.102+0000] {processor.py:809} INFO - DAG(s) dict_keys(['tutorial']) retrieved from /home/airflow/.local/lib/python3.7/site-packages/airflow/example_dags/tutorial.py
[2023-05-05T15:09:05.127+0000] {logging_mixin.py:149} INFO - [2023-05-05T15:09:05.127+0000] {dag.py:2726} INFO - Sync 1 DAGs
[2023-05-05T15:09:05.156+0000] {logging_mixin.py:149} INFO - [2023-05-05T15:09:05.156+0000] {dag.py:3490} INFO - Setting next_dagrun for tutorial to 2023-05-04T15:09:05.156168+00:00, run_after=2023-05-05T15:09:05.156168+00:00
[2023-05-05T15:09:05.184+0000] {processor.py:178} INFO - Processing /home/airflow/.local/lib/python3.7/site-packages/airflow/example_dags/tutorial.py took 0.095 seconds
[2023-05-05T15:09:35.489+0000] {processor.py:156} INFO - Started process (PID=772) to work on /home/airflow/.local/lib/python3.7/site-packages/airflow/example_dags/tutorial.py
[2023-05-05T15:09:35.490+0000] {processor.py:799} INFO - Processing file /home/airflow/.local/lib/python3.7/site-packages/airflow/example_dags/tutorial.py for tasks to queue
[2023-05-05T15:09:35.491+0000] {logging_mixin.py:149} INFO - [2023-05-05T15:09:35.490+0000] {dagbag.py:541} INFO - Filling up the DagBag from /home/airflow/.local/lib/python3.7/site-packages/airflow/example_dags/tutorial.py
[2023-05-05T15:09:35.496+0000] {processor.py:809} INFO - DAG(s) dict_keys(['tutorial']) retrieved from /home/airflow/.local/lib/python3.7/site-packages/airflow/example_dags/tutorial.py
[2023-05-05T15:09:35.517+0000] {logging_mixin.py:149} INFO - [2023-05-05T15:09:35.517+0000] {dag.py:2726} INFO - Sync 1 DAGs
[2023-05-05T15:09:35.541+0000] {logging_mixin.py:149} INFO - [2023-05-05T15:09:35.541+0000] {dag.py:3490} INFO - Setting next_dagrun for tutorial to 2023-05-04T15:09:35.541199+00:00, run_after=2023-05-05T15:09:35.541199+00:00
[2023-05-05T15:09:35.557+0000] {processor.py:178} INFO - Processing /home/airflow/.local/lib/python3.7/site-packages/airflow/example_dags/tutorial.py took 0.071 seconds
[2023-05-05T15:10:06.624+0000] {processor.py:156} INFO - Started process (PID=832) to work on /home/airflow/.local/lib/python3.7/site-packages/airflow/example_dags/tutorial.py
[2023-05-05T15:10:06.625+0000] {processor.py:799} INFO - Processing file /home/airflow/.local/lib/python3.7/site-packages/airflow/example_dags/tutorial.py for tasks to queue
[2023-05-05T15:10:06.627+0000] {logging_mixin.py:149} INFO - [2023-05-05T15:10:06.627+0000] {dagbag.py:541} INFO - Filling up the DagBag from /home/airflow/.local/lib/python3.7/site-packages/airflow/example_dags/tutorial.py
[2023-05-05T15:10:06.638+0000] {processor.py:809} INFO - DAG(s) dict_keys(['tutorial']) retrieved from /home/airflow/.local/lib/python3.7/site-packages/airflow/example_dags/tutorial.py
[2023-05-05T15:10:06.665+0000] {logging_mixin.py:149} INFO - [2023-05-05T15:10:06.664+0000] {dag.py:2726} INFO - Sync 1 DAGs
[2023-05-05T15:10:06.691+0000] {logging_mixin.py:149} INFO - [2023-05-05T15:10:06.691+0000] {dag.py:3490} INFO - Setting next_dagrun for tutorial to 2023-05-04T15:10:06.691339+00:00, run_after=2023-05-05T15:10:06.691339+00:00
[2023-05-05T15:10:06.713+0000] {processor.py:178} INFO - Processing /home/airflow/.local/lib/python3.7/site-packages/airflow/example_dags/tutorial.py took 0.092 seconds
[2023-05-05T15:10:37.780+0000] {processor.py:156} INFO - Started process (PID=892) to work on /home/airflow/.local/lib/python3.7/site-packages/airflow/example_dags/tutorial.py
[2023-05-05T15:10:37.780+0000] {processor.py:799} INFO - Processing file /home/airflow/.local/lib/python3.7/site-packages/airflow/example_dags/tutorial.py for tasks to queue
[2023-05-05T15:10:37.781+0000] {logging_mixin.py:149} INFO - [2023-05-05T15:10:37.780+0000] {dagbag.py:541} INFO - Filling up the DagBag from /home/airflow/.local/lib/python3.7/site-packages/airflow/example_dags/tutorial.py
[2023-05-05T15:10:37.785+0000] {processor.py:809} INFO - DAG(s) dict_keys(['tutorial']) retrieved from /home/airflow/.local/lib/python3.7/site-packages/airflow/example_dags/tutorial.py
[2023-05-05T15:10:37.805+0000] {logging_mixin.py:149} INFO - [2023-05-05T15:10:37.805+0000] {dag.py:2726} INFO - Sync 1 DAGs
[2023-05-05T15:10:37.829+0000] {logging_mixin.py:149} INFO - [2023-05-05T15:10:37.829+0000] {dag.py:3490} INFO - Setting next_dagrun for tutorial to 2023-05-04T15:10:37.828876+00:00, run_after=2023-05-05T15:10:37.828876+00:00
[2023-05-05T15:10:37.850+0000] {processor.py:178} INFO - Processing /home/airflow/.local/lib/python3.7/site-packages/airflow/example_dags/tutorial.py took 0.073 seconds
[2023-05-05T15:11:08.125+0000] {processor.py:156} INFO - Started process (PID=952) to work on /home/airflow/.local/lib/python3.7/site-packages/airflow/example_dags/tutorial.py
[2023-05-05T15:11:08.126+0000] {processor.py:799} INFO - Processing file /home/airflow/.local/lib/python3.7/site-packages/airflow/example_dags/tutorial.py for tasks to queue
[2023-05-05T15:11:08.126+0000] {logging_mixin.py:149} INFO - [2023-05-05T15:11:08.126+0000] {dagbag.py:541} INFO - Filling up the DagBag from /home/airflow/.local/lib/python3.7/site-packages/airflow/example_dags/tutorial.py
[2023-05-05T15:11:08.131+0000] {processor.py:809} INFO - DAG(s) dict_keys(['tutorial']) retrieved from /home/airflow/.local/lib/python3.7/site-packages/airflow/example_dags/tutorial.py
[2023-05-05T15:11:08.151+0000] {logging_mixin.py:149} INFO - [2023-05-05T15:11:08.151+0000] {dag.py:2726} INFO - Sync 1 DAGs
[2023-05-05T15:11:08.175+0000] {logging_mixin.py:149} INFO - [2023-05-05T15:11:08.175+0000] {dag.py:3490} INFO - Setting next_dagrun for tutorial to 2023-05-04T15:11:08.174958+00:00, run_after=2023-05-05T15:11:08.174958+00:00
[2023-05-05T15:11:08.190+0000] {processor.py:178} INFO - Processing /home/airflow/.local/lib/python3.7/site-packages/airflow/example_dags/tutorial.py took 0.068 seconds
[2023-05-05T15:11:38.822+0000] {processor.py:156} INFO - Started process (PID=1012) to work on /home/airflow/.local/lib/python3.7/site-packages/airflow/example_dags/tutorial.py
[2023-05-05T15:11:38.823+0000] {processor.py:799} INFO - Processing file /home/airflow/.local/lib/python3.7/site-packages/airflow/example_dags/tutorial.py for tasks to queue
[2023-05-05T15:11:38.823+0000] {logging_mixin.py:149} INFO - [2023-05-05T15:11:38.823+0000] {dagbag.py:541} INFO - Filling up the DagBag from /home/airflow/.local/lib/python3.7/site-packages/airflow/example_dags/tutorial.py
[2023-05-05T15:11:38.827+0000] {processor.py:809} INFO - DAG(s) dict_keys(['tutorial']) retrieved from /home/airflow/.local/lib/python3.7/site-packages/airflow/example_dags/tutorial.py
[2023-05-05T15:11:38.848+0000] {logging_mixin.py:149} INFO - [2023-05-05T15:11:38.847+0000] {dag.py:2726} INFO - Sync 1 DAGs
[2023-05-05T15:11:38.871+0000] {logging_mixin.py:149} INFO - [2023-05-05T15:11:38.871+0000] {dag.py:3490} INFO - Setting next_dagrun for tutorial to 2023-05-04T15:11:38.871160+00:00, run_after=2023-05-05T15:11:38.871160+00:00
[2023-05-05T15:11:38.894+0000] {processor.py:178} INFO - Processing /home/airflow/.local/lib/python3.7/site-packages/airflow/example_dags/tutorial.py took 0.075 seconds
[2023-05-05T15:12:09.844+0000] {processor.py:156} INFO - Started process (PID=1072) to work on /home/airflow/.local/lib/python3.7/site-packages/airflow/example_dags/tutorial.py
[2023-05-05T15:12:09.845+0000] {processor.py:799} INFO - Processing file /home/airflow/.local/lib/python3.7/site-packages/airflow/example_dags/tutorial.py for tasks to queue
[2023-05-05T15:12:09.845+0000] {logging_mixin.py:149} INFO - [2023-05-05T15:12:09.845+0000] {dagbag.py:541} INFO - Filling up the DagBag from /home/airflow/.local/lib/python3.7/site-packages/airflow/example_dags/tutorial.py
[2023-05-05T15:12:09.850+0000] {processor.py:809} INFO - DAG(s) dict_keys(['tutorial']) retrieved from /home/airflow/.local/lib/python3.7/site-packages/airflow/example_dags/tutorial.py
[2023-05-05T15:12:09.870+0000] {logging_mixin.py:149} INFO - [2023-05-05T15:12:09.870+0000] {dag.py:2726} INFO - Sync 1 DAGs
[2023-05-05T15:12:09.893+0000] {logging_mixin.py:149} INFO - [2023-05-05T15:12:09.893+0000] {dag.py:3490} INFO - Setting next_dagrun for tutorial to 2023-05-04T15:12:09.893414+00:00, run_after=2023-05-05T15:12:09.893414+00:00
[2023-05-05T15:12:09.918+0000] {processor.py:178} INFO - Processing /home/airflow/.local/lib/python3.7/site-packages/airflow/example_dags/tutorial.py took 0.076 seconds
[2023-05-05T15:33:44.311+0000] {processor.py:156} INFO - Started process (PID=51) to work on /home/airflow/.local/lib/python3.7/site-packages/airflow/example_dags/tutorial.py
[2023-05-05T15:33:44.315+0000] {processor.py:799} INFO - Processing file /home/airflow/.local/lib/python3.7/site-packages/airflow/example_dags/tutorial.py for tasks to queue
[2023-05-05T15:33:44.316+0000] {logging_mixin.py:149} INFO - [2023-05-05T15:33:44.316+0000] {dagbag.py:541} INFO - Filling up the DagBag from /home/airflow/.local/lib/python3.7/site-packages/airflow/example_dags/tutorial.py
[2023-05-05T15:33:44.327+0000] {processor.py:809} INFO - DAG(s) dict_keys(['tutorial']) retrieved from /home/airflow/.local/lib/python3.7/site-packages/airflow/example_dags/tutorial.py
[2023-05-05T15:33:44.397+0000] {logging_mixin.py:149} INFO - [2023-05-05T15:33:44.396+0000] {dag.py:2726} INFO - Sync 1 DAGs
[2023-05-05T15:33:44.466+0000] {logging_mixin.py:149} INFO - [2023-05-05T15:33:44.466+0000] {dag.py:3490} INFO - Setting next_dagrun for tutorial to 2023-05-04T15:33:44.465877+00:00, run_after=2023-05-05T15:33:44.465877+00:00
[2023-05-05T15:33:44.517+0000] {processor.py:178} INFO - Processing /home/airflow/.local/lib/python3.7/site-packages/airflow/example_dags/tutorial.py took 0.212 seconds
