[2023-06-15T09:58:17.741+0000] {taskinstance.py:1103} INFO - Dependencies all met for dep_context=non-requeueable deps ti=<TaskInstance: upload_to_gcs.spark_load_stock_data backfill__2021-02-04T00:00:00+00:00 [queued]>
[2023-06-15T09:58:17.749+0000] {taskinstance.py:1103} INFO - Dependencies all met for dep_context=requeueable deps ti=<TaskInstance: upload_to_gcs.spark_load_stock_data backfill__2021-02-04T00:00:00+00:00 [queued]>
[2023-06-15T09:58:17.749+0000] {taskinstance.py:1308} INFO - Starting attempt 1 of 2
[2023-06-15T09:58:17.765+0000] {taskinstance.py:1327} INFO - Executing <Task(SparkSubmitOperator): spark_load_stock_data> on 2021-02-04 00:00:00+00:00
[2023-06-15T09:58:17.770+0000] {standard_task_runner.py:57} INFO - Started process 8990 to run task
[2023-06-15T09:58:17.772+0000] {standard_task_runner.py:84} INFO - Running: ['***', 'tasks', 'run', 'upload_to_gcs', 'spark_load_stock_data', 'backfill__2021-02-04T00:00:00+00:00', '--job-id', '425', '--pool', 'default_pool', '--raw', '--subdir', 'DAGS_FOLDER/upload_to_gcs.py', '--cfg-path', '/tmp/tmpnf5h017_']
[2023-06-15T09:58:17.773+0000] {standard_task_runner.py:85} INFO - Job 425: Subtask spark_load_stock_data
[2023-06-15T09:58:17.808+0000] {task_command.py:410} INFO - Running <TaskInstance: upload_to_gcs.spark_load_stock_data backfill__2021-02-04T00:00:00+00:00 [running]> on host 69b643fc97df
[2023-06-15T09:58:17.907+0000] {taskinstance.py:1545} INFO - Exporting env vars: AIRFLOW_CTX_DAG_OWNER='***' AIRFLOW_CTX_DAG_ID='upload_to_gcs' AIRFLOW_CTX_TASK_ID='spark_load_stock_data' AIRFLOW_CTX_EXECUTION_DATE='2021-02-04T00:00:00+00:00' AIRFLOW_CTX_TRY_NUMBER='1' AIRFLOW_CTX_DAG_RUN_ID='backfill__2021-02-04T00:00:00+00:00'
[2023-06-15T09:58:17.913+0000] {base.py:73} INFO - Using connection ID 'spark_default' for task execution.
[2023-06-15T09:58:17.914+0000] {spark_submit.py:339} INFO - Spark-Submit cmd: spark-submit --master spark://spark:7077 --name arrow-spark --verbose /opt/spark/app/load_data.py 2021-02-04 2efb4e0c80a041b794abaf4369e76869 dtc-de-382609_bucket
[2023-06-15T09:58:17.933+0000] {spark_submit.py:490} INFO - /opt/***/spark/spark-3.4.0-bin-hadoop3/bin/load-spark-env.sh: line 68: ps: command not found
[2023-06-15T09:58:19.613+0000] {spark_submit.py:490} INFO - Using properties file: null
[2023-06-15T09:58:19.778+0000] {spark_submit.py:490} INFO - Parsed arguments:
[2023-06-15T09:58:19.779+0000] {spark_submit.py:490} INFO - master                  spark://spark:7077
[2023-06-15T09:58:19.779+0000] {spark_submit.py:490} INFO - remote                  null
[2023-06-15T09:58:19.779+0000] {spark_submit.py:490} INFO - deployMode              null
[2023-06-15T09:58:19.779+0000] {spark_submit.py:490} INFO - executorMemory          null
[2023-06-15T09:58:19.779+0000] {spark_submit.py:490} INFO - executorCores           null
[2023-06-15T09:58:19.780+0000] {spark_submit.py:490} INFO - totalExecutorCores      null
[2023-06-15T09:58:19.780+0000] {spark_submit.py:490} INFO - propertiesFile          null
[2023-06-15T09:58:19.780+0000] {spark_submit.py:490} INFO - driverMemory            null
[2023-06-15T09:58:19.780+0000] {spark_submit.py:490} INFO - driverCores             null
[2023-06-15T09:58:19.780+0000] {spark_submit.py:490} INFO - driverExtraClassPath    null
[2023-06-15T09:58:19.780+0000] {spark_submit.py:490} INFO - driverExtraLibraryPath  null
[2023-06-15T09:58:19.780+0000] {spark_submit.py:490} INFO - driverExtraJavaOptions  null
[2023-06-15T09:58:19.780+0000] {spark_submit.py:490} INFO - supervise               false
[2023-06-15T09:58:19.780+0000] {spark_submit.py:490} INFO - queue                   null
[2023-06-15T09:58:19.781+0000] {spark_submit.py:490} INFO - numExecutors            null
[2023-06-15T09:58:19.781+0000] {spark_submit.py:490} INFO - files                   null
[2023-06-15T09:58:19.781+0000] {spark_submit.py:490} INFO - pyFiles                 null
[2023-06-15T09:58:19.781+0000] {spark_submit.py:490} INFO - archives                null
[2023-06-15T09:58:19.782+0000] {spark_submit.py:490} INFO - mainClass               null
[2023-06-15T09:58:19.782+0000] {spark_submit.py:490} INFO - primaryResource         file:/opt/spark/app/load_data.py
[2023-06-15T09:58:19.782+0000] {spark_submit.py:490} INFO - name                    arrow-spark
[2023-06-15T09:58:19.782+0000] {spark_submit.py:490} INFO - childArgs               [2021-02-04 2efb4e0c80a041b794abaf4369e76869 dtc-de-382609_bucket]
[2023-06-15T09:58:19.783+0000] {spark_submit.py:490} INFO - jars                    null
[2023-06-15T09:58:19.783+0000] {spark_submit.py:490} INFO - packages                null
[2023-06-15T09:58:19.783+0000] {spark_submit.py:490} INFO - packagesExclusions      null
[2023-06-15T09:58:19.783+0000] {spark_submit.py:490} INFO - repositories            null
[2023-06-15T09:58:19.783+0000] {spark_submit.py:490} INFO - verbose                 true
[2023-06-15T09:58:19.784+0000] {spark_submit.py:490} INFO - 
[2023-06-15T09:58:19.784+0000] {spark_submit.py:490} INFO - Spark properties used, including those specified through
[2023-06-15T09:58:19.784+0000] {spark_submit.py:490} INFO - --conf and those from the properties file null:
[2023-06-15T09:58:19.784+0000] {spark_submit.py:490} INFO - 
[2023-06-15T09:58:19.784+0000] {spark_submit.py:490} INFO - 
[2023-06-15T09:58:19.784+0000] {spark_submit.py:490} INFO - 
[2023-06-15T09:58:20.263+0000] {spark_submit.py:490} INFO - Main class:
[2023-06-15T09:58:20.264+0000] {spark_submit.py:490} INFO - org.apache.spark.deploy.PythonRunner
[2023-06-15T09:58:20.264+0000] {spark_submit.py:490} INFO - Arguments:
[2023-06-15T09:58:20.265+0000] {spark_submit.py:490} INFO - file:/opt/spark/app/load_data.py
[2023-06-15T09:58:20.265+0000] {spark_submit.py:490} INFO - null
[2023-06-15T09:58:20.266+0000] {spark_submit.py:490} INFO - 2021-02-04
[2023-06-15T09:58:20.267+0000] {spark_submit.py:490} INFO - 2efb4e0c80a041b794abaf4369e76869
[2023-06-15T09:58:20.267+0000] {spark_submit.py:490} INFO - dtc-de-382609_bucket
[2023-06-15T09:58:20.270+0000] {spark_submit.py:490} INFO - Spark config:
[2023-06-15T09:58:20.270+0000] {spark_submit.py:490} INFO - (spark.app.name,arrow-spark)
[2023-06-15T09:58:20.270+0000] {spark_submit.py:490} INFO - (spark.app.submitTime,1686823100231)
[2023-06-15T09:58:20.270+0000] {spark_submit.py:490} INFO - (spark.master,spark://spark:7077)
[2023-06-15T09:58:20.271+0000] {spark_submit.py:490} INFO - (spark.submit.deployMode,client)
[2023-06-15T09:58:20.271+0000] {spark_submit.py:490} INFO - (spark.submit.pyFiles,)
[2023-06-15T09:58:20.272+0000] {spark_submit.py:490} INFO - Classpath elements:
[2023-06-15T09:58:20.272+0000] {spark_submit.py:490} INFO - 
[2023-06-15T09:58:20.273+0000] {spark_submit.py:490} INFO - 
[2023-06-15T09:58:20.274+0000] {spark_submit.py:490} INFO - 
[2023-06-15T09:58:22.113+0000] {spark_submit.py:490} INFO - 23/06/15 09:58:22 INFO SparkContext: Running Spark version 3.4.0
[2023-06-15T09:58:22.183+0000] {spark_submit.py:490} INFO - 23/06/15 09:58:22 WARN NativeCodeLoader: Unable to load native-hadoop library for your platform... using builtin-java classes where applicable
[2023-06-15T09:58:22.378+0000] {spark_submit.py:490} INFO - 23/06/15 09:58:22 INFO ResourceUtils: ==============================================================
[2023-06-15T09:58:22.378+0000] {spark_submit.py:490} INFO - 23/06/15 09:58:22 INFO ResourceUtils: No custom resources configured for spark.driver.
[2023-06-15T09:58:22.380+0000] {spark_submit.py:490} INFO - 23/06/15 09:58:22 INFO ResourceUtils: ==============================================================
[2023-06-15T09:58:22.382+0000] {spark_submit.py:490} INFO - 23/06/15 09:58:22 INFO SparkContext: Submitted application: SparkUploadData
[2023-06-15T09:58:22.410+0000] {spark_submit.py:490} INFO - 23/06/15 09:58:22 INFO ResourceProfile: Default ResourceProfile created, executor resources: Map(memory -> name: memory, amount: 1024, script: , vendor: , offHeap -> name: offHeap, amount: 0, script: , vendor: ), task resources: Map(cpus -> name: cpus, amount: 1.0)
[2023-06-15T09:58:22.422+0000] {spark_submit.py:490} INFO - 23/06/15 09:58:22 INFO ResourceProfile: Limiting resource is cpu
[2023-06-15T09:58:22.423+0000] {spark_submit.py:490} INFO - 23/06/15 09:58:22 INFO ResourceProfileManager: Added ResourceProfile id: 0
[2023-06-15T09:58:22.527+0000] {spark_submit.py:490} INFO - 23/06/15 09:58:22 INFO SecurityManager: Changing view acls to: default
[2023-06-15T09:58:22.528+0000] {spark_submit.py:490} INFO - 23/06/15 09:58:22 INFO SecurityManager: Changing modify acls to: default
[2023-06-15T09:58:22.530+0000] {spark_submit.py:490} INFO - 23/06/15 09:58:22 INFO SecurityManager: Changing view acls groups to:
[2023-06-15T09:58:22.532+0000] {spark_submit.py:490} INFO - 23/06/15 09:58:22 INFO SecurityManager: Changing modify acls groups to:
[2023-06-15T09:58:22.534+0000] {spark_submit.py:490} INFO - 23/06/15 09:58:22 INFO SecurityManager: SecurityManager: authentication disabled; ui acls disabled; users with view permissions: default; groups with view permissions: EMPTY; users with modify permissions: default; groups with modify permissions: EMPTY
[2023-06-15T09:58:23.023+0000] {spark_submit.py:490} INFO - 23/06/15 09:58:23 INFO Utils: Successfully started service 'sparkDriver' on port 36341.
[2023-06-15T09:58:23.071+0000] {spark_submit.py:490} INFO - 23/06/15 09:58:23 INFO SparkEnv: Registering MapOutputTracker
[2023-06-15T09:58:23.132+0000] {spark_submit.py:490} INFO - 23/06/15 09:58:23 INFO SparkEnv: Registering BlockManagerMaster
[2023-06-15T09:58:23.156+0000] {spark_submit.py:490} INFO - 23/06/15 09:58:23 INFO BlockManagerMasterEndpoint: Using org.apache.spark.storage.DefaultTopologyMapper for getting topology information
[2023-06-15T09:58:23.157+0000] {spark_submit.py:490} INFO - 23/06/15 09:58:23 INFO BlockManagerMasterEndpoint: BlockManagerMasterEndpoint up
[2023-06-15T09:58:23.160+0000] {spark_submit.py:490} INFO - 23/06/15 09:58:23 INFO SparkEnv: Registering BlockManagerMasterHeartbeat
[2023-06-15T09:58:23.181+0000] {spark_submit.py:490} INFO - 23/06/15 09:58:23 INFO DiskBlockManager: Created local directory at /tmp/blockmgr-7fd7a971-9e12-4499-ac63-606a613ab2e0
[2023-06-15T09:58:23.197+0000] {spark_submit.py:490} INFO - 23/06/15 09:58:23 INFO MemoryStore: MemoryStore started with capacity 434.4 MiB
[2023-06-15T09:58:23.213+0000] {spark_submit.py:490} INFO - 23/06/15 09:58:23 INFO SparkEnv: Registering OutputCommitCoordinator
[2023-06-15T09:58:23.385+0000] {spark_submit.py:490} INFO - 23/06/15 09:58:23 INFO JettyUtils: Start Jetty 0.0.0.0:4040 for SparkUI
[2023-06-15T09:58:23.454+0000] {spark_submit.py:490} INFO - 23/06/15 09:58:23 INFO Utils: Successfully started service 'SparkUI' on port 4040.
[2023-06-15T09:58:23.609+0000] {spark_submit.py:490} INFO - 23/06/15 09:58:23 INFO StandaloneAppClient$ClientEndpoint: Connecting to master spark://spark:7077...
[2023-06-15T09:58:23.659+0000] {spark_submit.py:490} INFO - 23/06/15 09:58:23 INFO TransportClientFactory: Successfully created connection to spark/172.27.0.3:7077 after 31 ms (0 ms spent in bootstraps)
[2023-06-15T09:58:23.790+0000] {spark_submit.py:490} INFO - 23/06/15 09:58:23 INFO StandaloneSchedulerBackend: Connected to Spark cluster with app ID app-20230615095823-0034
[2023-06-15T09:58:23.792+0000] {spark_submit.py:490} INFO - 23/06/15 09:58:23 INFO StandaloneAppClient$ClientEndpoint: Executor added: app-20230615095823-0034/0 on worker-20230615091312-172.27.0.2-45907 (172.27.0.2:45907) with 2 core(s)
[2023-06-15T09:58:23.795+0000] {spark_submit.py:490} INFO - 23/06/15 09:58:23 INFO StandaloneSchedulerBackend: Granted executor ID app-20230615095823-0034/0 on hostPort 172.27.0.2:45907 with 2 core(s), 1024.0 MiB RAM
[2023-06-15T09:58:23.803+0000] {spark_submit.py:490} INFO - 23/06/15 09:58:23 INFO Utils: Successfully started service 'org.apache.spark.network.netty.NettyBlockTransferService' on port 38359.
[2023-06-15T09:58:23.805+0000] {spark_submit.py:490} INFO - 23/06/15 09:58:23 INFO NettyBlockTransferService: Server created on 69b643fc97df:38359
[2023-06-15T09:58:23.808+0000] {spark_submit.py:490} INFO - 23/06/15 09:58:23 INFO BlockManager: Using org.apache.spark.storage.RandomBlockReplicationPolicy for block replication policy
[2023-06-15T09:58:23.839+0000] {spark_submit.py:490} INFO - 23/06/15 09:58:23 INFO BlockManagerMaster: Registering BlockManager BlockManagerId(driver, 69b643fc97df, 38359, None)
[2023-06-15T09:58:23.847+0000] {spark_submit.py:490} INFO - 23/06/15 09:58:23 INFO BlockManagerMasterEndpoint: Registering block manager 69b643fc97df:38359 with 434.4 MiB RAM, BlockManagerId(driver, 69b643fc97df, 38359, None)
[2023-06-15T09:58:23.863+0000] {spark_submit.py:490} INFO - 23/06/15 09:58:23 INFO BlockManagerMaster: Registered BlockManager BlockManagerId(driver, 69b643fc97df, 38359, None)
[2023-06-15T09:58:23.864+0000] {spark_submit.py:490} INFO - 23/06/15 09:58:23 INFO BlockManager: Initialized BlockManager: BlockManagerId(driver, 69b643fc97df, 38359, None)
[2023-06-15T09:58:23.874+0000] {spark_submit.py:490} INFO - 23/06/15 09:58:23 INFO StandaloneAppClient$ClientEndpoint: Executor updated: app-20230615095823-0034/0 is now RUNNING
[2023-06-15T09:58:24.197+0000] {spark_submit.py:490} INFO - 23/06/15 09:58:24 INFO StandaloneSchedulerBackend: SchedulerBackend is ready for scheduling beginning after reached minRegisteredResourcesRatio: 0.0
[2023-06-15T09:58:26.181+0000] {spark_submit.py:490} INFO - 23/06/15 09:58:26 INFO SharedState: Setting hive.metastore.warehouse.dir ('null') to the value of spark.sql.warehouse.dir.
[2023-06-15T09:58:26.204+0000] {spark_submit.py:490} INFO - 23/06/15 09:58:26 INFO SharedState: Warehouse path is 'file:/opt/***/spark-warehouse'.
[2023-06-15T09:58:27.360+0000] {spark_submit.py:490} INFO - 23/06/15 09:58:27 INFO StandaloneSchedulerBackend$StandaloneDriverEndpoint: Registered executor NettyRpcEndpointRef(spark-client://Executor) (172.27.0.2:34038) with ID 0,  ResourceProfileId 0
[2023-06-15T09:58:27.476+0000] {spark_submit.py:490} INFO - 23/06/15 09:58:27 INFO BlockManagerMasterEndpoint: Registering block manager 172.27.0.2:35487 with 434.4 MiB RAM, BlockManagerId(0, 172.27.0.2, 35487, None)
[2023-06-15T09:58:30.332+0000] {spark_submit.py:490} INFO - {'meta': {'symbol': 'AAPL', 'interval': '1h', 'currency': 'USD', 'exchange_timezone': 'America/New_York', 'exchange': 'NASDAQ', 'mic_code': 'XNGS', 'type': 'Common Stock'}, 'values': [{'datetime': '2021-02-04 15:30:00', 'open': '136.87000', 'high': '137.39999', 'low': '136.74001', 'close': '137.39999', 'volume': '6849538'}, {'datetime': '2021-02-04 14:30:00', 'open': '136.74060', 'high': '136.98000', 'low': '136.46960', 'close': '136.87000', 'volume': '5527609'}, {'datetime': '2021-02-04 13:30:00', 'open': '135.97009', 'high': '136.84500', 'low': '135.97000', 'close': '136.74001', 'volume': '7545534'}, {'datetime': '2021-02-04 12:30:00', 'open': '135.92999', 'high': '136.10001', 'low': '135.75000', 'close': '135.97079', 'volume': '5261143'}, {'datetime': '2021-02-04 11:30:00', 'open': '135.52840', 'high': '136.34000', 'low': '135.42000', 'close': '135.92999', 'volume': '8509924'}, {'datetime': '2021-02-04 10:30:00', 'open': '135.26910', 'high': '135.58000', 'low': '134.99001', 'close': '135.52000', 'volume': '9606756'}, {'datetime': '2021-02-04 09:30:00', 'open': '136.33501', 'high': '136.47960', 'low': '134.60001', 'close': '135.25999', 'volume': '25261576'}], 'status': 'ok'}
[2023-06-15T09:58:31.416+0000] {spark_submit.py:490} INFO - 23/06/15 09:58:31 INFO CodeGenerator: Code generated in 287.753392 ms
[2023-06-15T09:58:31.542+0000] {spark_submit.py:490} INFO - 23/06/15 09:58:31 INFO SparkContext: Starting job: json at NativeMethodAccessorImpl.java:0
[2023-06-15T09:58:31.570+0000] {spark_submit.py:490} INFO - 23/06/15 09:58:31 INFO DAGScheduler: Got job 0 (json at NativeMethodAccessorImpl.java:0) with 2 output partitions
[2023-06-15T09:58:31.571+0000] {spark_submit.py:490} INFO - 23/06/15 09:58:31 INFO DAGScheduler: Final stage: ResultStage 0 (json at NativeMethodAccessorImpl.java:0)
[2023-06-15T09:58:31.572+0000] {spark_submit.py:490} INFO - 23/06/15 09:58:31 INFO DAGScheduler: Parents of final stage: List()
[2023-06-15T09:58:31.575+0000] {spark_submit.py:490} INFO - 23/06/15 09:58:31 INFO DAGScheduler: Missing parents: List()
[2023-06-15T09:58:31.582+0000] {spark_submit.py:490} INFO - 23/06/15 09:58:31 INFO DAGScheduler: Submitting ResultStage 0 (MapPartitionsRDD[11] at json at NativeMethodAccessorImpl.java:0), which has no missing parents
[2023-06-15T09:58:31.697+0000] {spark_submit.py:490} INFO - 23/06/15 09:58:31 INFO MemoryStore: Block broadcast_0 stored as values in memory (estimated size 19.8 KiB, free 434.4 MiB)
[2023-06-15T09:58:31.731+0000] {spark_submit.py:490} INFO - 23/06/15 09:58:31 INFO MemoryStore: Block broadcast_0_piece0 stored as bytes in memory (estimated size 9.7 KiB, free 434.4 MiB)
[2023-06-15T09:58:31.734+0000] {spark_submit.py:490} INFO - 23/06/15 09:58:31 INFO BlockManagerInfo: Added broadcast_0_piece0 in memory on 69b643fc97df:38359 (size: 9.7 KiB, free: 434.4 MiB)
[2023-06-15T09:58:31.738+0000] {spark_submit.py:490} INFO - 23/06/15 09:58:31 INFO SparkContext: Created broadcast 0 from broadcast at DAGScheduler.scala:1535
[2023-06-15T09:58:31.761+0000] {spark_submit.py:490} INFO - 23/06/15 09:58:31 INFO DAGScheduler: Submitting 2 missing tasks from ResultStage 0 (MapPartitionsRDD[11] at json at NativeMethodAccessorImpl.java:0) (first 15 tasks are for partitions Vector(0, 1))
[2023-06-15T09:58:31.763+0000] {spark_submit.py:490} INFO - 23/06/15 09:58:31 INFO TaskSchedulerImpl: Adding task set 0.0 with 2 tasks resource profile 0
[2023-06-15T09:58:31.811+0000] {spark_submit.py:490} INFO - 23/06/15 09:58:31 INFO TaskSetManager: Starting task 0.0 in stage 0.0 (TID 0) (172.27.0.2, executor 0, partition 0, PROCESS_LOCAL, 7347 bytes)
[2023-06-15T09:58:31.815+0000] {spark_submit.py:490} INFO - 23/06/15 09:58:31 INFO TaskSetManager: Starting task 1.0 in stage 0.0 (TID 1) (172.27.0.2, executor 0, partition 1, PROCESS_LOCAL, 8085 bytes)
[2023-06-15T09:58:32.083+0000] {spark_submit.py:490} INFO - 23/06/15 09:58:32 INFO BlockManagerInfo: Added broadcast_0_piece0 in memory on 172.27.0.2:35487 (size: 9.7 KiB, free: 434.4 MiB)
[2023-06-15T09:58:33.669+0000] {spark_submit.py:490} INFO - 23/06/15 09:58:33 INFO TaskSetManager: Finished task 0.0 in stage 0.0 (TID 0) in 1867 ms on 172.27.0.2 (executor 0) (1/2)
[2023-06-15T09:58:33.670+0000] {spark_submit.py:490} INFO - 23/06/15 09:58:33 INFO TaskSetManager: Finished task 1.0 in stage 0.0 (TID 1) in 1855 ms on 172.27.0.2 (executor 0) (2/2)
[2023-06-15T09:58:33.671+0000] {spark_submit.py:490} INFO - 23/06/15 09:58:33 INFO TaskSchedulerImpl: Removed TaskSet 0.0, whose tasks have all completed, from pool
[2023-06-15T09:58:33.675+0000] {spark_submit.py:490} INFO - 23/06/15 09:58:33 INFO PythonAccumulatorV2: Connected to AccumulatorServer at host: 127.0.0.1 port: 41601
[2023-06-15T09:58:33.681+0000] {spark_submit.py:490} INFO - 23/06/15 09:58:33 INFO DAGScheduler: ResultStage 0 (json at NativeMethodAccessorImpl.java:0) finished in 2.079 s
[2023-06-15T09:58:33.684+0000] {spark_submit.py:490} INFO - 23/06/15 09:58:33 INFO DAGScheduler: Job 0 is finished. Cancelling potential speculative or zombie tasks for this job
[2023-06-15T09:58:33.685+0000] {spark_submit.py:490} INFO - 23/06/15 09:58:33 INFO TaskSchedulerImpl: Killing all running tasks in stage 0: Stage finished
[2023-06-15T09:58:33.687+0000] {spark_submit.py:490} INFO - 23/06/15 09:58:33 INFO DAGScheduler: Job 0 finished: json at NativeMethodAccessorImpl.java:0, took 2.144279 s
[2023-06-15T09:58:35.509+0000] {spark_submit.py:490} INFO - {'meta': {'symbol': 'MSFT', 'interval': '1h', 'currency': 'USD', 'exchange_timezone': 'America/New_York', 'exchange': 'NASDAQ', 'mic_code': 'XNGS', 'type': 'Common Stock'}, 'values': [{'datetime': '2021-02-04 15:30:00', 'open': '241.30000', 'high': '241.89999', 'low': '241.12500', 'close': '241.50999', 'volume': '2554687'}, {'datetime': '2021-02-04 14:30:00', 'open': '240.72501', 'high': '241.47000', 'low': '240.66000', 'close': '241.27000', 'volume': '1715849'}, {'datetime': '2021-02-04 13:30:00', 'open': '240.81000', 'high': '241.07001', 'low': '240.49001', 'close': '240.74500', 'volume': '1545140'}, {'datetime': '2021-02-04 12:30:00', 'open': '240.62000', 'high': '241.24001', 'low': '240.41000', 'close': '240.83000', 'volume': '2046595'}, {'datetime': '2021-02-04 11:30:00', 'open': '240.67000', 'high': '241.13000', 'low': '240.37000', 'close': '240.61501', 'volume': '1979826'}, {'datetime': '2021-02-04 10:30:00', 'open': '241.04111', 'high': '241.59000', 'low': '240.45000', 'close': '240.64000', 'volume': '3618366'}, {'datetime': '2021-02-04 09:30:00', 'open': '242.66600', 'high': '243.20000', 'low': '240.93500', 'close': '241.04500', 'volume': '5801890'}], 'status': 'ok'}
[2023-06-15T09:58:35.593+0000] {spark_submit.py:490} INFO - 23/06/15 09:58:35 INFO BlockManagerInfo: Removed broadcast_0_piece0 on 69b643fc97df:38359 in memory (size: 9.7 KiB, free: 434.4 MiB)
[2023-06-15T09:58:35.613+0000] {spark_submit.py:490} INFO - 23/06/15 09:58:35 INFO BlockManagerInfo: Removed broadcast_0_piece0 on 172.27.0.2:35487 in memory (size: 9.7 KiB, free: 434.4 MiB)
[2023-06-15T09:58:35.659+0000] {spark_submit.py:490} INFO - 23/06/15 09:58:35 INFO SparkContext: Starting job: json at NativeMethodAccessorImpl.java:0
[2023-06-15T09:58:35.663+0000] {spark_submit.py:490} INFO - 23/06/15 09:58:35 INFO DAGScheduler: Got job 1 (json at NativeMethodAccessorImpl.java:0) with 2 output partitions
[2023-06-15T09:58:35.664+0000] {spark_submit.py:490} INFO - 23/06/15 09:58:35 INFO DAGScheduler: Final stage: ResultStage 1 (json at NativeMethodAccessorImpl.java:0)
[2023-06-15T09:58:35.665+0000] {spark_submit.py:490} INFO - 23/06/15 09:58:35 INFO DAGScheduler: Parents of final stage: List()
[2023-06-15T09:58:35.665+0000] {spark_submit.py:490} INFO - 23/06/15 09:58:35 INFO DAGScheduler: Missing parents: List()
[2023-06-15T09:58:35.670+0000] {spark_submit.py:490} INFO - 23/06/15 09:58:35 INFO DAGScheduler: Submitting ResultStage 1 (MapPartitionsRDD[22] at json at NativeMethodAccessorImpl.java:0), which has no missing parents
[2023-06-15T09:58:35.677+0000] {spark_submit.py:490} INFO - 23/06/15 09:58:35 INFO MemoryStore: Block broadcast_1 stored as values in memory (estimated size 19.8 KiB, free 434.4 MiB)
[2023-06-15T09:58:35.680+0000] {spark_submit.py:490} INFO - 23/06/15 09:58:35 INFO MemoryStore: Block broadcast_1_piece0 stored as bytes in memory (estimated size 9.7 KiB, free 434.4 MiB)
[2023-06-15T09:58:35.680+0000] {spark_submit.py:490} INFO - 23/06/15 09:58:35 INFO BlockManagerInfo: Added broadcast_1_piece0 in memory on 69b643fc97df:38359 (size: 9.7 KiB, free: 434.4 MiB)
[2023-06-15T09:58:35.681+0000] {spark_submit.py:490} INFO - 23/06/15 09:58:35 INFO SparkContext: Created broadcast 1 from broadcast at DAGScheduler.scala:1535
[2023-06-15T09:58:35.682+0000] {spark_submit.py:490} INFO - 23/06/15 09:58:35 INFO DAGScheduler: Submitting 2 missing tasks from ResultStage 1 (MapPartitionsRDD[22] at json at NativeMethodAccessorImpl.java:0) (first 15 tasks are for partitions Vector(0, 1))
[2023-06-15T09:58:35.682+0000] {spark_submit.py:490} INFO - 23/06/15 09:58:35 INFO TaskSchedulerImpl: Adding task set 1.0 with 2 tasks resource profile 0
[2023-06-15T09:58:35.684+0000] {spark_submit.py:490} INFO - 23/06/15 09:58:35 INFO TaskSetManager: Starting task 0.0 in stage 1.0 (TID 2) (172.27.0.2, executor 0, partition 0, PROCESS_LOCAL, 7347 bytes)
[2023-06-15T09:58:35.684+0000] {spark_submit.py:490} INFO - 23/06/15 09:58:35 INFO TaskSetManager: Starting task 1.0 in stage 1.0 (TID 3) (172.27.0.2, executor 0, partition 1, PROCESS_LOCAL, 8084 bytes)
[2023-06-15T09:58:35.703+0000] {spark_submit.py:490} INFO - 23/06/15 09:58:35 INFO BlockManagerInfo: Added broadcast_1_piece0 in memory on 172.27.0.2:35487 (size: 9.7 KiB, free: 434.4 MiB)
[2023-06-15T09:58:35.769+0000] {spark_submit.py:490} INFO - 23/06/15 09:58:35 INFO TaskSetManager: Finished task 1.0 in stage 1.0 (TID 3) in 84 ms on 172.27.0.2 (executor 0) (1/2)
[2023-06-15T09:58:35.769+0000] {spark_submit.py:490} INFO - 23/06/15 09:58:35 INFO TaskSetManager: Finished task 0.0 in stage 1.0 (TID 2) in 86 ms on 172.27.0.2 (executor 0) (2/2)
[2023-06-15T09:58:35.770+0000] {spark_submit.py:490} INFO - 23/06/15 09:58:35 INFO TaskSchedulerImpl: Removed TaskSet 1.0, whose tasks have all completed, from pool
[2023-06-15T09:58:35.771+0000] {spark_submit.py:490} INFO - 23/06/15 09:58:35 INFO DAGScheduler: ResultStage 1 (json at NativeMethodAccessorImpl.java:0) finished in 0.099 s
[2023-06-15T09:58:35.771+0000] {spark_submit.py:490} INFO - 23/06/15 09:58:35 INFO DAGScheduler: Job 1 is finished. Cancelling potential speculative or zombie tasks for this job
[2023-06-15T09:58:35.772+0000] {spark_submit.py:490} INFO - 23/06/15 09:58:35 INFO TaskSchedulerImpl: Killing all running tasks in stage 1: Stage finished
[2023-06-15T09:58:35.772+0000] {spark_submit.py:490} INFO - 23/06/15 09:58:35 INFO DAGScheduler: Job 1 finished: json at NativeMethodAccessorImpl.java:0, took 0.112168 s
[2023-06-15T09:58:37.094+0000] {spark_submit.py:490} INFO - {'meta': {'symbol': 'GOOG', 'interval': '1h', 'currency': 'USD', 'exchange_timezone': 'America/New_York', 'exchange': 'NASDAQ', 'mic_code': 'XNGS', 'type': 'Common Stock'}, 'values': [{'datetime': '2021-02-04 15:30:00', 'open': '2059.12988', 'high': '2065.66992', 'low': '2057.43994', 'close': '2062.35010', 'volume': '68848'}, {'datetime': '2021-02-04 14:30:00', 'open': '2057.51904', 'high': '2062.35010', 'low': '2055.31104', 'close': '2058.95996', 'volume': '186960'}, {'datetime': '2021-02-04 13:30:00', 'open': '2056.08008', 'high': '2060.00000', 'low': '2050.31006', 'close': '2057.09009', 'volume': '151850'}, {'datetime': '2021-02-04 12:30:00', 'open': '2047.68994', 'high': '2056.92993', 'low': '2046.81995', 'close': '2055.70996', 'volume': '156849'}, {'datetime': '2021-02-04 11:30:00', 'open': '2055.97998', 'high': '2056.53003', 'low': '2045.84998', 'close': '2047.07996', 'volume': '145984'}, {'datetime': '2021-02-04 10:30:00', 'open': '2051.55005', 'high': '2058.87988', 'low': '2042.92004', 'close': '2055.03003', 'volume': '249270'}, {'datetime': '2021-02-04 09:30:00', 'open': '2070.60010', 'high': '2078.55005', 'low': '2045.41003', 'close': '2052.13989', 'volume': '551446'}], 'status': 'ok'}
[2023-06-15T09:58:37.184+0000] {spark_submit.py:490} INFO - 23/06/15 09:58:37 INFO SparkContext: Starting job: json at NativeMethodAccessorImpl.java:0
[2023-06-15T09:58:37.185+0000] {spark_submit.py:490} INFO - 23/06/15 09:58:37 INFO DAGScheduler: Got job 2 (json at NativeMethodAccessorImpl.java:0) with 2 output partitions
[2023-06-15T09:58:37.186+0000] {spark_submit.py:490} INFO - 23/06/15 09:58:37 INFO DAGScheduler: Final stage: ResultStage 2 (json at NativeMethodAccessorImpl.java:0)
[2023-06-15T09:58:37.186+0000] {spark_submit.py:490} INFO - 23/06/15 09:58:37 INFO DAGScheduler: Parents of final stage: List()
[2023-06-15T09:58:37.186+0000] {spark_submit.py:490} INFO - 23/06/15 09:58:37 INFO DAGScheduler: Missing parents: List()
[2023-06-15T09:58:37.187+0000] {spark_submit.py:490} INFO - 23/06/15 09:58:37 INFO DAGScheduler: Submitting ResultStage 2 (MapPartitionsRDD[33] at json at NativeMethodAccessorImpl.java:0), which has no missing parents
[2023-06-15T09:58:37.194+0000] {spark_submit.py:490} INFO - 23/06/15 09:58:37 INFO MemoryStore: Block broadcast_2 stored as values in memory (estimated size 19.8 KiB, free 434.4 MiB)
[2023-06-15T09:58:37.198+0000] {spark_submit.py:490} INFO - 23/06/15 09:58:37 INFO MemoryStore: Block broadcast_2_piece0 stored as bytes in memory (estimated size 9.7 KiB, free 434.3 MiB)
[2023-06-15T09:58:37.199+0000] {spark_submit.py:490} INFO - 23/06/15 09:58:37 INFO BlockManagerInfo: Added broadcast_2_piece0 in memory on 69b643fc97df:38359 (size: 9.7 KiB, free: 434.4 MiB)
[2023-06-15T09:58:37.201+0000] {spark_submit.py:490} INFO - 23/06/15 09:58:37 INFO SparkContext: Created broadcast 2 from broadcast at DAGScheduler.scala:1535
[2023-06-15T09:58:37.202+0000] {spark_submit.py:490} INFO - 23/06/15 09:58:37 INFO DAGScheduler: Submitting 2 missing tasks from ResultStage 2 (MapPartitionsRDD[33] at json at NativeMethodAccessorImpl.java:0) (first 15 tasks are for partitions Vector(0, 1))
[2023-06-15T09:58:37.203+0000] {spark_submit.py:490} INFO - 23/06/15 09:58:37 INFO TaskSchedulerImpl: Adding task set 2.0 with 2 tasks resource profile 0
[2023-06-15T09:58:37.206+0000] {spark_submit.py:490} INFO - 23/06/15 09:58:37 INFO TaskSetManager: Starting task 0.0 in stage 2.0 (TID 4) (172.27.0.2, executor 0, partition 0, PROCESS_LOCAL, 7347 bytes)
[2023-06-15T09:58:37.206+0000] {spark_submit.py:490} INFO - 23/06/15 09:58:37 INFO TaskSetManager: Starting task 1.0 in stage 2.0 (TID 5) (172.27.0.2, executor 0, partition 1, PROCESS_LOCAL, 8104 bytes)
[2023-06-15T09:58:37.247+0000] {spark_submit.py:490} INFO - 23/06/15 09:58:37 INFO BlockManagerInfo: Added broadcast_2_piece0 in memory on 172.27.0.2:35487 (size: 9.7 KiB, free: 434.4 MiB)
[2023-06-15T09:58:37.316+0000] {spark_submit.py:490} INFO - 23/06/15 09:58:37 INFO TaskSetManager: Finished task 0.0 in stage 2.0 (TID 4) in 110 ms on 172.27.0.2 (executor 0) (1/2)
[2023-06-15T09:58:37.322+0000] {spark_submit.py:490} INFO - 23/06/15 09:58:37 INFO TaskSetManager: Finished task 1.0 in stage 2.0 (TID 5) in 117 ms on 172.27.0.2 (executor 0) (2/2)
[2023-06-15T09:58:37.322+0000] {spark_submit.py:490} INFO - 23/06/15 09:58:37 INFO TaskSchedulerImpl: Removed TaskSet 2.0, whose tasks have all completed, from pool
[2023-06-15T09:58:37.324+0000] {spark_submit.py:490} INFO - 23/06/15 09:58:37 INFO DAGScheduler: ResultStage 2 (json at NativeMethodAccessorImpl.java:0) finished in 0.134 s
[2023-06-15T09:58:37.324+0000] {spark_submit.py:490} INFO - 23/06/15 09:58:37 INFO DAGScheduler: Job 2 is finished. Cancelling potential speculative or zombie tasks for this job
[2023-06-15T09:58:37.324+0000] {spark_submit.py:490} INFO - 23/06/15 09:58:37 INFO TaskSchedulerImpl: Killing all running tasks in stage 2: Stage finished
[2023-06-15T09:58:37.325+0000] {spark_submit.py:490} INFO - 23/06/15 09:58:37 INFO DAGScheduler: Job 2 finished: json at NativeMethodAccessorImpl.java:0, took 0.140756 s
[2023-06-15T09:58:38.525+0000] {spark_submit.py:490} INFO - {'meta': {'symbol': 'AMZN', 'interval': '1h', 'currency': 'USD', 'exchange_timezone': 'America/New_York', 'exchange': 'NASDAQ', 'mic_code': 'XNGS', 'type': 'Common Stock'}, 'values': [{'datetime': '2021-02-04 15:30:00', 'open': '3326.00000', 'high': '3331.00000', 'low': '3319.01001', 'close': '3331.00000', 'volume': '258303'}, {'datetime': '2021-02-04 14:30:00', 'open': '3313.85498', 'high': '3328.14990', 'low': '3313.34497', 'close': '3325.80005', 'volume': '227001'}, {'datetime': '2021-02-04 13:30:00', 'open': '3311.33008', 'high': '3318.72998', 'low': '3304.67993', 'close': '3313.75000', 'volume': '288081'}, {'datetime': '2021-02-04 12:30:00', 'open': '3314.18994', 'high': '3316.17993', 'low': '3302.28076', 'close': '3311.65991', 'volume': '281308'}, {'datetime': '2021-02-04 11:30:00', 'open': '3321.53003', 'high': '3323.98999', 'low': '3309.64990', 'close': '3314.60010', 'volume': '434286'}, {'datetime': '2021-02-04 10:30:00', 'open': '3293.28491', 'high': '3321.59009', 'low': '3288.00000', 'close': '3321.07007', 'volume': '566680'}, {'datetime': '2021-02-04 09:30:00', 'open': '3328.14502', 'high': '3347.00000', 'low': '3277.75000', 'close': '3294.26489', 'volume': '1261359'}], 'status': 'ok'}
[2023-06-15T09:58:38.628+0000] {spark_submit.py:490} INFO - 23/06/15 09:58:38 INFO SparkContext: Starting job: json at NativeMethodAccessorImpl.java:0
[2023-06-15T09:58:38.630+0000] {spark_submit.py:490} INFO - 23/06/15 09:58:38 INFO DAGScheduler: Got job 3 (json at NativeMethodAccessorImpl.java:0) with 2 output partitions
[2023-06-15T09:58:38.630+0000] {spark_submit.py:490} INFO - 23/06/15 09:58:38 INFO DAGScheduler: Final stage: ResultStage 3 (json at NativeMethodAccessorImpl.java:0)
[2023-06-15T09:58:38.631+0000] {spark_submit.py:490} INFO - 23/06/15 09:58:38 INFO DAGScheduler: Parents of final stage: List()
[2023-06-15T09:58:38.631+0000] {spark_submit.py:490} INFO - 23/06/15 09:58:38 INFO DAGScheduler: Missing parents: List()
[2023-06-15T09:58:38.633+0000] {spark_submit.py:490} INFO - 23/06/15 09:58:38 INFO DAGScheduler: Submitting ResultStage 3 (MapPartitionsRDD[44] at json at NativeMethodAccessorImpl.java:0), which has no missing parents
[2023-06-15T09:58:38.641+0000] {spark_submit.py:490} INFO - 23/06/15 09:58:38 INFO MemoryStore: Block broadcast_3 stored as values in memory (estimated size 19.8 KiB, free 434.3 MiB)
[2023-06-15T09:58:38.647+0000] {spark_submit.py:490} INFO - 23/06/15 09:58:38 INFO MemoryStore: Block broadcast_3_piece0 stored as bytes in memory (estimated size 9.7 KiB, free 434.3 MiB)
[2023-06-15T09:58:38.649+0000] {spark_submit.py:490} INFO - 23/06/15 09:58:38 INFO BlockManagerInfo: Added broadcast_3_piece0 in memory on 69b643fc97df:38359 (size: 9.7 KiB, free: 434.4 MiB)
[2023-06-15T09:58:38.650+0000] {spark_submit.py:490} INFO - 23/06/15 09:58:38 INFO SparkContext: Created broadcast 3 from broadcast at DAGScheduler.scala:1535
[2023-06-15T09:58:38.652+0000] {spark_submit.py:490} INFO - 23/06/15 09:58:38 INFO DAGScheduler: Submitting 2 missing tasks from ResultStage 3 (MapPartitionsRDD[44] at json at NativeMethodAccessorImpl.java:0) (first 15 tasks are for partitions Vector(0, 1))
[2023-06-15T09:58:38.653+0000] {spark_submit.py:490} INFO - 23/06/15 09:58:38 INFO TaskSchedulerImpl: Adding task set 3.0 with 2 tasks resource profile 0
[2023-06-15T09:58:38.655+0000] {spark_submit.py:490} INFO - 23/06/15 09:58:38 INFO TaskSetManager: Starting task 0.0 in stage 3.0 (TID 6) (172.27.0.2, executor 0, partition 0, PROCESS_LOCAL, 7347 bytes)
[2023-06-15T09:58:38.659+0000] {spark_submit.py:490} INFO - 23/06/15 09:58:38 INFO TaskSetManager: Starting task 1.0 in stage 3.0 (TID 7) (172.27.0.2, executor 0, partition 1, PROCESS_LOCAL, 8106 bytes)
[2023-06-15T09:58:38.694+0000] {spark_submit.py:490} INFO - 23/06/15 09:58:38 INFO BlockManagerInfo: Added broadcast_3_piece0 in memory on 172.27.0.2:35487 (size: 9.7 KiB, free: 434.4 MiB)
[2023-06-15T09:58:38.786+0000] {spark_submit.py:490} INFO - 23/06/15 09:58:38 INFO TaskSetManager: Finished task 1.0 in stage 3.0 (TID 7) in 130 ms on 172.27.0.2 (executor 0) (1/2)
[2023-06-15T09:58:38.827+0000] {spark_submit.py:490} INFO - 23/06/15 09:58:38 INFO TaskSetManager: Finished task 0.0 in stage 3.0 (TID 6) in 173 ms on 172.27.0.2 (executor 0) (2/2)
[2023-06-15T09:58:38.828+0000] {spark_submit.py:490} INFO - 23/06/15 09:58:38 INFO TaskSchedulerImpl: Removed TaskSet 3.0, whose tasks have all completed, from pool
[2023-06-15T09:58:38.832+0000] {spark_submit.py:490} INFO - 23/06/15 09:58:38 INFO DAGScheduler: ResultStage 3 (json at NativeMethodAccessorImpl.java:0) finished in 0.194 s
[2023-06-15T09:58:38.832+0000] {spark_submit.py:490} INFO - 23/06/15 09:58:38 INFO DAGScheduler: Job 3 is finished. Cancelling potential speculative or zombie tasks for this job
[2023-06-15T09:58:38.833+0000] {spark_submit.py:490} INFO - 23/06/15 09:58:38 INFO TaskSchedulerImpl: Killing all running tasks in stage 3: Stage finished
[2023-06-15T09:58:38.844+0000] {spark_submit.py:490} INFO - 23/06/15 09:58:38 INFO DAGScheduler: Job 3 finished: json at NativeMethodAccessorImpl.java:0, took 0.209105 s
[2023-06-15T09:58:40.271+0000] {spark_submit.py:490} INFO - {'meta': {'symbol': 'TSLA', 'interval': '1h', 'currency': 'USD', 'exchange_timezone': 'America/New_York', 'exchange': 'NASDAQ', 'mic_code': 'XNGS', 'type': 'Common Stock'}, 'values': [{'datetime': '2021-02-04 15:30:00', 'open': '850.41998', 'high': '850.45502', 'low': '846.90997', 'close': '849.98999', 'volume': '890429'}, {'datetime': '2021-02-04 14:30:00', 'open': '846.09998', 'high': '851.50000', 'low': '845.12000', 'close': '850.46991', 'volume': '1166565'}, {'datetime': '2021-02-04 13:30:00', 'open': '843.21997', 'high': '846.91998', 'low': '843.21997', 'close': '846.39502', 'volume': '880031'}, {'datetime': '2021-02-04 12:30:00', 'open': '846.84979', 'high': '847.44879', 'low': '841.60010', 'close': '842.88000', 'volume': '1332060'}, {'datetime': '2021-02-04 11:30:00', 'open': '841.32001', 'high': '848.83173', 'low': '838.85999', 'close': '846.60999', 'volume': '1821623'}, {'datetime': '2021-02-04 10:30:00', 'open': '839.02002', 'high': '842.21991', 'low': '833.42999', 'close': '841.39600', 'volume': '2836598'}, {'datetime': '2021-02-04 09:30:00', 'open': '855.00000', 'high': '856.50000', 'low': '836.17999', 'close': '839.15997', 'volume': '5526781'}], 'status': 'ok'}
[2023-06-15T09:58:40.323+0000] {spark_submit.py:490} INFO - 23/06/15 09:58:40 INFO SparkContext: Starting job: json at NativeMethodAccessorImpl.java:0
[2023-06-15T09:58:40.324+0000] {spark_submit.py:490} INFO - 23/06/15 09:58:40 INFO DAGScheduler: Got job 4 (json at NativeMethodAccessorImpl.java:0) with 2 output partitions
[2023-06-15T09:58:40.324+0000] {spark_submit.py:490} INFO - 23/06/15 09:58:40 INFO DAGScheduler: Final stage: ResultStage 4 (json at NativeMethodAccessorImpl.java:0)
[2023-06-15T09:58:40.324+0000] {spark_submit.py:490} INFO - 23/06/15 09:58:40 INFO DAGScheduler: Parents of final stage: List()
[2023-06-15T09:58:40.324+0000] {spark_submit.py:490} INFO - 23/06/15 09:58:40 INFO DAGScheduler: Missing parents: List()
[2023-06-15T09:58:40.325+0000] {spark_submit.py:490} INFO - 23/06/15 09:58:40 INFO DAGScheduler: Submitting ResultStage 4 (MapPartitionsRDD[55] at json at NativeMethodAccessorImpl.java:0), which has no missing parents
[2023-06-15T09:58:40.329+0000] {spark_submit.py:490} INFO - 23/06/15 09:58:40 INFO MemoryStore: Block broadcast_4 stored as values in memory (estimated size 19.8 KiB, free 434.3 MiB)
[2023-06-15T09:58:40.332+0000] {spark_submit.py:490} INFO - 23/06/15 09:58:40 INFO MemoryStore: Block broadcast_4_piece0 stored as bytes in memory (estimated size 9.7 KiB, free 434.3 MiB)
[2023-06-15T09:58:40.332+0000] {spark_submit.py:490} INFO - 23/06/15 09:58:40 INFO BlockManagerInfo: Added broadcast_4_piece0 in memory on 69b643fc97df:38359 (size: 9.7 KiB, free: 434.4 MiB)
[2023-06-15T09:58:40.333+0000] {spark_submit.py:490} INFO - 23/06/15 09:58:40 INFO SparkContext: Created broadcast 4 from broadcast at DAGScheduler.scala:1535
[2023-06-15T09:58:40.334+0000] {spark_submit.py:490} INFO - 23/06/15 09:58:40 INFO DAGScheduler: Submitting 2 missing tasks from ResultStage 4 (MapPartitionsRDD[55] at json at NativeMethodAccessorImpl.java:0) (first 15 tasks are for partitions Vector(0, 1))
[2023-06-15T09:58:40.334+0000] {spark_submit.py:490} INFO - 23/06/15 09:58:40 INFO TaskSchedulerImpl: Adding task set 4.0 with 2 tasks resource profile 0
[2023-06-15T09:58:40.335+0000] {spark_submit.py:490} INFO - 23/06/15 09:58:40 INFO TaskSetManager: Starting task 0.0 in stage 4.0 (TID 8) (172.27.0.2, executor 0, partition 0, PROCESS_LOCAL, 7347 bytes)
[2023-06-15T09:58:40.336+0000] {spark_submit.py:490} INFO - 23/06/15 09:58:40 INFO TaskSetManager: Starting task 1.0 in stage 4.0 (TID 9) (172.27.0.2, executor 0, partition 1, PROCESS_LOCAL, 8082 bytes)
[2023-06-15T09:58:40.350+0000] {spark_submit.py:490} INFO - 23/06/15 09:58:40 INFO BlockManagerInfo: Added broadcast_4_piece0 in memory on 172.27.0.2:35487 (size: 9.7 KiB, free: 434.4 MiB)
[2023-06-15T09:58:40.413+0000] {spark_submit.py:490} INFO - 23/06/15 09:58:40 INFO TaskSetManager: Finished task 0.0 in stage 4.0 (TID 8) in 77 ms on 172.27.0.2 (executor 0) (1/2)
[2023-06-15T09:58:40.420+0000] {spark_submit.py:490} INFO - 23/06/15 09:58:40 INFO TaskSetManager: Finished task 1.0 in stage 4.0 (TID 9) in 83 ms on 172.27.0.2 (executor 0) (2/2)
[2023-06-15T09:58:40.420+0000] {spark_submit.py:490} INFO - 23/06/15 09:58:40 INFO TaskSchedulerImpl: Removed TaskSet 4.0, whose tasks have all completed, from pool
[2023-06-15T09:58:40.424+0000] {spark_submit.py:490} INFO - 23/06/15 09:58:40 INFO DAGScheduler: ResultStage 4 (json at NativeMethodAccessorImpl.java:0) finished in 0.097 s
[2023-06-15T09:58:40.425+0000] {spark_submit.py:490} INFO - 23/06/15 09:58:40 INFO DAGScheduler: Job 4 is finished. Cancelling potential speculative or zombie tasks for this job
[2023-06-15T09:58:40.426+0000] {spark_submit.py:490} INFO - 23/06/15 09:58:40 INFO TaskSchedulerImpl: Killing all running tasks in stage 4: Stage finished
[2023-06-15T09:58:40.426+0000] {spark_submit.py:490} INFO - 23/06/15 09:58:40 INFO DAGScheduler: Job 4 finished: json at NativeMethodAccessorImpl.java:0, took 0.102470 s
[2023-06-15T09:58:41.801+0000] {spark_submit.py:490} INFO - {'meta': {'symbol': 'META', 'interval': '1h', 'currency': 'USD', 'exchange_timezone': 'America/New_York', 'exchange': 'NASDAQ', 'mic_code': 'XNGS', 'type': 'Common Stock'}, 'values': [{'datetime': '2021-02-04 15:30:00', 'open': '265.68430', 'high': '266.64999', 'low': '265.45001', 'close': '266.59000', 'volume': '1313672'}, {'datetime': '2021-02-04 14:30:00', 'open': '265.17001', 'high': '266.10001', 'low': '264.92001', 'close': '265.64441', 'volume': '1003140'}, {'datetime': '2021-02-04 13:30:00', 'open': '266.26001', 'high': '266.41989', 'low': '265.14999', 'close': '265.23001', 'volume': '1056537'}, {'datetime': '2021-02-04 12:30:00', 'open': '265.23001', 'high': '266.56000', 'low': '265.15500', 'close': '266.23001', 'volume': '1169978'}, {'datetime': '2021-02-04 11:30:00', 'open': '265.67999', 'high': '265.88501', 'low': '264.50000', 'close': '265.25150', 'volume': '1332749'}, {'datetime': '2021-02-04 10:30:00', 'open': '265.04999', 'high': '266.01001', 'low': '264.60001', 'close': '265.61761', 'volume': '1805648'}, {'datetime': '2021-02-04 09:30:00', 'open': '267.07001', 'high': '268.16000', 'low': '264.00000', 'close': '265.04999', 'volume': '4493625'}], 'status': 'ok'}
[2023-06-15T09:58:41.836+0000] {spark_submit.py:490} INFO - 23/06/15 09:58:41 INFO SparkContext: Starting job: json at NativeMethodAccessorImpl.java:0
[2023-06-15T09:58:41.838+0000] {spark_submit.py:490} INFO - 23/06/15 09:58:41 INFO DAGScheduler: Got job 5 (json at NativeMethodAccessorImpl.java:0) with 2 output partitions
[2023-06-15T09:58:41.838+0000] {spark_submit.py:490} INFO - 23/06/15 09:58:41 INFO DAGScheduler: Final stage: ResultStage 5 (json at NativeMethodAccessorImpl.java:0)
[2023-06-15T09:58:41.838+0000] {spark_submit.py:490} INFO - 23/06/15 09:58:41 INFO DAGScheduler: Parents of final stage: List()
[2023-06-15T09:58:41.838+0000] {spark_submit.py:490} INFO - 23/06/15 09:58:41 INFO DAGScheduler: Missing parents: List()
[2023-06-15T09:58:41.839+0000] {spark_submit.py:490} INFO - 23/06/15 09:58:41 INFO DAGScheduler: Submitting ResultStage 5 (MapPartitionsRDD[66] at json at NativeMethodAccessorImpl.java:0), which has no missing parents
[2023-06-15T09:58:41.843+0000] {spark_submit.py:490} INFO - 23/06/15 09:58:41 INFO MemoryStore: Block broadcast_5 stored as values in memory (estimated size 19.8 KiB, free 434.3 MiB)
[2023-06-15T09:58:41.846+0000] {spark_submit.py:490} INFO - 23/06/15 09:58:41 INFO MemoryStore: Block broadcast_5_piece0 stored as bytes in memory (estimated size 9.7 KiB, free 434.3 MiB)
[2023-06-15T09:58:41.846+0000] {spark_submit.py:490} INFO - 23/06/15 09:58:41 INFO BlockManagerInfo: Added broadcast_5_piece0 in memory on 69b643fc97df:38359 (size: 9.7 KiB, free: 434.4 MiB)
[2023-06-15T09:58:41.847+0000] {spark_submit.py:490} INFO - 23/06/15 09:58:41 INFO SparkContext: Created broadcast 5 from broadcast at DAGScheduler.scala:1535
[2023-06-15T09:58:41.848+0000] {spark_submit.py:490} INFO - 23/06/15 09:58:41 INFO DAGScheduler: Submitting 2 missing tasks from ResultStage 5 (MapPartitionsRDD[66] at json at NativeMethodAccessorImpl.java:0) (first 15 tasks are for partitions Vector(0, 1))
[2023-06-15T09:58:41.848+0000] {spark_submit.py:490} INFO - 23/06/15 09:58:41 INFO TaskSchedulerImpl: Adding task set 5.0 with 2 tasks resource profile 0
[2023-06-15T09:58:41.849+0000] {spark_submit.py:490} INFO - 23/06/15 09:58:41 INFO TaskSetManager: Starting task 0.0 in stage 5.0 (TID 10) (172.27.0.2, executor 0, partition 0, PROCESS_LOCAL, 7347 bytes)
[2023-06-15T09:58:41.849+0000] {spark_submit.py:490} INFO - 23/06/15 09:58:41 INFO TaskSetManager: Starting task 1.0 in stage 5.0 (TID 11) (172.27.0.2, executor 0, partition 1, PROCESS_LOCAL, 8084 bytes)
[2023-06-15T09:58:41.863+0000] {spark_submit.py:490} INFO - 23/06/15 09:58:41 INFO BlockManagerInfo: Added broadcast_5_piece0 in memory on 172.27.0.2:35487 (size: 9.7 KiB, free: 434.4 MiB)
[2023-06-15T09:58:41.923+0000] {spark_submit.py:490} INFO - 23/06/15 09:58:41 INFO TaskSetManager: Finished task 0.0 in stage 5.0 (TID 10) in 73 ms on 172.27.0.2 (executor 0) (1/2)
[2023-06-15T09:58:41.925+0000] {spark_submit.py:490} INFO - 23/06/15 09:58:41 INFO TaskSetManager: Finished task 1.0 in stage 5.0 (TID 11) in 76 ms on 172.27.0.2 (executor 0) (2/2)
[2023-06-15T09:58:41.926+0000] {spark_submit.py:490} INFO - 23/06/15 09:58:41 INFO TaskSchedulerImpl: Removed TaskSet 5.0, whose tasks have all completed, from pool
[2023-06-15T09:58:41.926+0000] {spark_submit.py:490} INFO - 23/06/15 09:58:41 INFO DAGScheduler: ResultStage 5 (json at NativeMethodAccessorImpl.java:0) finished in 0.086 s
[2023-06-15T09:58:41.927+0000] {spark_submit.py:490} INFO - 23/06/15 09:58:41 INFO DAGScheduler: Job 5 is finished. Cancelling potential speculative or zombie tasks for this job
[2023-06-15T09:58:41.927+0000] {spark_submit.py:490} INFO - 23/06/15 09:58:41 INFO TaskSchedulerImpl: Killing all running tasks in stage 5: Stage finished
[2023-06-15T09:58:41.927+0000] {spark_submit.py:490} INFO - 23/06/15 09:58:41 INFO DAGScheduler: Job 5 finished: json at NativeMethodAccessorImpl.java:0, took 0.090493 s
[2023-06-15T09:58:43.338+0000] {spark_submit.py:490} INFO - {'meta': {'symbol': 'NFLX', 'interval': '1h', 'currency': 'USD', 'exchange_timezone': 'America/New_York', 'exchange': 'NASDAQ', 'mic_code': 'XNGS', 'type': 'Common Stock'}, 'values': [{'datetime': '2021-02-04 15:30:00', 'open': '552.15997', 'high': '552.40479', 'low': '549.23999', 'close': '552.37000', 'volume': '370172'}, {'datetime': '2021-02-04 14:30:00', 'open': '553.33752', 'high': '553.33752', 'low': '550.46002', 'close': '552.02008', 'volume': '310408'}, {'datetime': '2021-02-04 13:30:00', 'open': '556.90997', 'high': '558.72992', 'low': '552.62000', 'close': '553.35107', 'volume': '511589'}, {'datetime': '2021-02-04 12:30:00', 'open': '546.83002', 'high': '559.46002', 'low': '546.53003', 'close': '557.06000', 'volume': '1542079'}, {'datetime': '2021-02-04 11:30:00', 'open': '542.15570', 'high': '549.69000', 'low': '540.09009', 'close': '547.10999', 'volume': '895557'}, {'datetime': '2021-02-04 10:30:00', 'open': '543.20001', 'high': '545.21002', 'low': '541.00928', 'close': '541.90002', 'volume': '338896'}, {'datetime': '2021-02-04 09:30:00', 'open': '540.00000', 'high': '544.65997', 'low': '537.53888', 'close': '542.98999', 'volume': '697115'}], 'status': 'ok'}
[2023-06-15T09:58:43.395+0000] {spark_submit.py:490} INFO - 23/06/15 09:58:43 INFO SparkContext: Starting job: json at NativeMethodAccessorImpl.java:0
[2023-06-15T09:58:43.396+0000] {spark_submit.py:490} INFO - 23/06/15 09:58:43 INFO DAGScheduler: Got job 6 (json at NativeMethodAccessorImpl.java:0) with 2 output partitions
[2023-06-15T09:58:43.397+0000] {spark_submit.py:490} INFO - 23/06/15 09:58:43 INFO DAGScheduler: Final stage: ResultStage 6 (json at NativeMethodAccessorImpl.java:0)
[2023-06-15T09:58:43.397+0000] {spark_submit.py:490} INFO - 23/06/15 09:58:43 INFO DAGScheduler: Parents of final stage: List()
[2023-06-15T09:58:43.397+0000] {spark_submit.py:490} INFO - 23/06/15 09:58:43 INFO DAGScheduler: Missing parents: List()
[2023-06-15T09:58:43.398+0000] {spark_submit.py:490} INFO - 23/06/15 09:58:43 INFO DAGScheduler: Submitting ResultStage 6 (MapPartitionsRDD[77] at json at NativeMethodAccessorImpl.java:0), which has no missing parents
[2023-06-15T09:58:43.402+0000] {spark_submit.py:490} INFO - 23/06/15 09:58:43 INFO MemoryStore: Block broadcast_6 stored as values in memory (estimated size 19.8 KiB, free 434.2 MiB)
[2023-06-15T09:58:43.405+0000] {spark_submit.py:490} INFO - 23/06/15 09:58:43 INFO MemoryStore: Block broadcast_6_piece0 stored as bytes in memory (estimated size 9.7 KiB, free 434.2 MiB)
[2023-06-15T09:58:43.406+0000] {spark_submit.py:490} INFO - 23/06/15 09:58:43 INFO BlockManagerInfo: Added broadcast_6_piece0 in memory on 69b643fc97df:38359 (size: 9.7 KiB, free: 434.3 MiB)
[2023-06-15T09:58:43.407+0000] {spark_submit.py:490} INFO - 23/06/15 09:58:43 INFO SparkContext: Created broadcast 6 from broadcast at DAGScheduler.scala:1535
[2023-06-15T09:58:43.408+0000] {spark_submit.py:490} INFO - 23/06/15 09:58:43 INFO DAGScheduler: Submitting 2 missing tasks from ResultStage 6 (MapPartitionsRDD[77] at json at NativeMethodAccessorImpl.java:0) (first 15 tasks are for partitions Vector(0, 1))
[2023-06-15T09:58:43.409+0000] {spark_submit.py:490} INFO - 23/06/15 09:58:43 INFO TaskSchedulerImpl: Adding task set 6.0 with 2 tasks resource profile 0
[2023-06-15T09:58:43.411+0000] {spark_submit.py:490} INFO - 23/06/15 09:58:43 INFO TaskSetManager: Starting task 0.0 in stage 6.0 (TID 12) (172.27.0.2, executor 0, partition 0, PROCESS_LOCAL, 7347 bytes)
[2023-06-15T09:58:43.412+0000] {spark_submit.py:490} INFO - 23/06/15 09:58:43 INFO TaskSetManager: Starting task 1.0 in stage 6.0 (TID 13) (172.27.0.2, executor 0, partition 1, PROCESS_LOCAL, 8078 bytes)
[2023-06-15T09:58:43.433+0000] {spark_submit.py:490} INFO - 23/06/15 09:58:43 INFO BlockManagerInfo: Added broadcast_6_piece0 in memory on 172.27.0.2:35487 (size: 9.7 KiB, free: 434.3 MiB)
[2023-06-15T09:58:43.501+0000] {spark_submit.py:490} INFO - 23/06/15 09:58:43 INFO TaskSetManager: Finished task 0.0 in stage 6.0 (TID 12) in 90 ms on 172.27.0.2 (executor 0) (1/2)
[2023-06-15T09:58:43.504+0000] {spark_submit.py:490} INFO - 23/06/15 09:58:43 INFO TaskSetManager: Finished task 1.0 in stage 6.0 (TID 13) in 92 ms on 172.27.0.2 (executor 0) (2/2)
[2023-06-15T09:58:43.504+0000] {spark_submit.py:490} INFO - 23/06/15 09:58:43 INFO TaskSchedulerImpl: Removed TaskSet 6.0, whose tasks have all completed, from pool
[2023-06-15T09:58:43.507+0000] {spark_submit.py:490} INFO - 23/06/15 09:58:43 INFO DAGScheduler: ResultStage 6 (json at NativeMethodAccessorImpl.java:0) finished in 0.107 s
[2023-06-15T09:58:43.508+0000] {spark_submit.py:490} INFO - 23/06/15 09:58:43 INFO DAGScheduler: Job 6 is finished. Cancelling potential speculative or zombie tasks for this job
[2023-06-15T09:58:43.509+0000] {spark_submit.py:490} INFO - 23/06/15 09:58:43 INFO TaskSchedulerImpl: Killing all running tasks in stage 6: Stage finished
[2023-06-15T09:58:43.509+0000] {spark_submit.py:490} INFO - 23/06/15 09:58:43 INFO DAGScheduler: Job 6 finished: json at NativeMethodAccessorImpl.java:0, took 0.114136 s
[2023-06-15T09:58:44.770+0000] {spark_submit.py:490} INFO - {'meta': {'symbol': 'NVDA', 'interval': '1h', 'currency': 'USD', 'exchange_timezone': 'America/New_York', 'exchange': 'NASDAQ', 'mic_code': 'XNGS', 'type': 'Common Stock'}, 'values': [{'datetime': '2021-02-04 15:30:00', 'open': '544.91998', 'high': '546.94000', 'low': '543.58002', 'close': '546.75000', 'volume': '433552'}, {'datetime': '2021-02-04 14:30:00', 'open': '541.96503', 'high': '545.00000', 'low': '541.45221', 'close': '544.84998', 'volume': '252983'}, {'datetime': '2021-02-04 13:30:00', 'open': '544.75000', 'high': '544.78003', 'low': '541.79498', 'close': '541.97498', 'volume': '631195'}, {'datetime': '2021-02-04 12:30:00', 'open': '543.29999', 'high': '545.75000', 'low': '543.02002', 'close': '544.74048', 'volume': '363535'}, {'datetime': '2021-02-04 11:30:00', 'open': '538.70001', 'high': '544.41803', 'low': '538.64001', 'close': '543.28998', 'volume': '524606'}, {'datetime': '2021-02-04 10:30:00', 'open': '537.71997', 'high': '540.00000', 'low': '537.00000', 'close': '538.65997', 'volume': '523759'}, {'datetime': '2021-02-04 09:30:00', 'open': '541.21997', 'high': '546.65332', 'low': '533.51453', 'close': '537.95001', 'volume': '1529066'}], 'status': 'ok'}
[2023-06-15T09:58:44.823+0000] {spark_submit.py:490} INFO - 23/06/15 09:58:44 INFO SparkContext: Starting job: json at NativeMethodAccessorImpl.java:0
[2023-06-15T09:58:44.825+0000] {spark_submit.py:490} INFO - 23/06/15 09:58:44 INFO DAGScheduler: Got job 7 (json at NativeMethodAccessorImpl.java:0) with 2 output partitions
[2023-06-15T09:58:44.825+0000] {spark_submit.py:490} INFO - 23/06/15 09:58:44 INFO DAGScheduler: Final stage: ResultStage 7 (json at NativeMethodAccessorImpl.java:0)
[2023-06-15T09:58:44.825+0000] {spark_submit.py:490} INFO - 23/06/15 09:58:44 INFO DAGScheduler: Parents of final stage: List()
[2023-06-15T09:58:44.825+0000] {spark_submit.py:490} INFO - 23/06/15 09:58:44 INFO DAGScheduler: Missing parents: List()
[2023-06-15T09:58:44.826+0000] {spark_submit.py:490} INFO - 23/06/15 09:58:44 INFO DAGScheduler: Submitting ResultStage 7 (MapPartitionsRDD[88] at json at NativeMethodAccessorImpl.java:0), which has no missing parents
[2023-06-15T09:58:44.830+0000] {spark_submit.py:490} INFO - 23/06/15 09:58:44 INFO MemoryStore: Block broadcast_7 stored as values in memory (estimated size 19.8 KiB, free 434.2 MiB)
[2023-06-15T09:58:44.833+0000] {spark_submit.py:490} INFO - 23/06/15 09:58:44 INFO MemoryStore: Block broadcast_7_piece0 stored as bytes in memory (estimated size 9.7 KiB, free 434.2 MiB)
[2023-06-15T09:58:44.834+0000] {spark_submit.py:490} INFO - 23/06/15 09:58:44 INFO BlockManagerInfo: Added broadcast_7_piece0 in memory on 69b643fc97df:38359 (size: 9.7 KiB, free: 434.3 MiB)
[2023-06-15T09:58:44.835+0000] {spark_submit.py:490} INFO - 23/06/15 09:58:44 INFO SparkContext: Created broadcast 7 from broadcast at DAGScheduler.scala:1535
[2023-06-15T09:58:44.835+0000] {spark_submit.py:490} INFO - 23/06/15 09:58:44 INFO DAGScheduler: Submitting 2 missing tasks from ResultStage 7 (MapPartitionsRDD[88] at json at NativeMethodAccessorImpl.java:0) (first 15 tasks are for partitions Vector(0, 1))
[2023-06-15T09:58:44.836+0000] {spark_submit.py:490} INFO - 23/06/15 09:58:44 INFO TaskSchedulerImpl: Adding task set 7.0 with 2 tasks resource profile 0
[2023-06-15T09:58:44.838+0000] {spark_submit.py:490} INFO - 23/06/15 09:58:44 INFO TaskSetManager: Starting task 0.0 in stage 7.0 (TID 14) (172.27.0.2, executor 0, partition 0, PROCESS_LOCAL, 7347 bytes)
[2023-06-15T09:58:44.840+0000] {spark_submit.py:490} INFO - 23/06/15 09:58:44 INFO TaskSetManager: Starting task 1.0 in stage 7.0 (TID 15) (172.27.0.2, executor 0, partition 1, PROCESS_LOCAL, 8078 bytes)
[2023-06-15T09:58:44.861+0000] {spark_submit.py:490} INFO - 23/06/15 09:58:44 INFO BlockManagerInfo: Added broadcast_7_piece0 in memory on 172.27.0.2:35487 (size: 9.7 KiB, free: 434.3 MiB)
[2023-06-15T09:58:44.919+0000] {spark_submit.py:490} INFO - 23/06/15 09:58:44 INFO TaskSetManager: Finished task 0.0 in stage 7.0 (TID 14) in 80 ms on 172.27.0.2 (executor 0) (1/2)
[2023-06-15T09:58:44.928+0000] {spark_submit.py:490} INFO - 23/06/15 09:58:44 INFO TaskSetManager: Finished task 1.0 in stage 7.0 (TID 15) in 90 ms on 172.27.0.2 (executor 0) (2/2)
[2023-06-15T09:58:44.928+0000] {spark_submit.py:490} INFO - 23/06/15 09:58:44 INFO TaskSchedulerImpl: Removed TaskSet 7.0, whose tasks have all completed, from pool
[2023-06-15T09:58:44.929+0000] {spark_submit.py:490} INFO - 23/06/15 09:58:44 INFO DAGScheduler: ResultStage 7 (json at NativeMethodAccessorImpl.java:0) finished in 0.102 s
[2023-06-15T09:58:44.930+0000] {spark_submit.py:490} INFO - 23/06/15 09:58:44 INFO DAGScheduler: Job 7 is finished. Cancelling potential speculative or zombie tasks for this job
[2023-06-15T09:58:44.930+0000] {spark_submit.py:490} INFO - 23/06/15 09:58:44 INFO TaskSchedulerImpl: Killing all running tasks in stage 7: Stage finished
[2023-06-15T09:58:44.931+0000] {spark_submit.py:490} INFO - 23/06/15 09:58:44 INFO DAGScheduler: Job 7 finished: json at NativeMethodAccessorImpl.java:0, took 0.106775 s
[2023-06-15T09:58:45.121+0000] {spark_submit.py:490} INFO - 23/06/15 09:58:45 INFO BlockManagerInfo: Removed broadcast_6_piece0 on 69b643fc97df:38359 in memory (size: 9.7 KiB, free: 434.3 MiB)
[2023-06-15T09:58:45.124+0000] {spark_submit.py:490} INFO - 23/06/15 09:58:45 INFO BlockManagerInfo: Removed broadcast_6_piece0 on 172.27.0.2:35487 in memory (size: 9.7 KiB, free: 434.3 MiB)
[2023-06-15T09:58:45.130+0000] {spark_submit.py:490} INFO - 23/06/15 09:58:45 INFO BlockManagerInfo: Removed broadcast_3_piece0 on 69b643fc97df:38359 in memory (size: 9.7 KiB, free: 434.4 MiB)
[2023-06-15T09:58:45.134+0000] {spark_submit.py:490} INFO - 23/06/15 09:58:45 INFO BlockManagerInfo: Removed broadcast_3_piece0 on 172.27.0.2:35487 in memory (size: 9.7 KiB, free: 434.4 MiB)
[2023-06-15T09:58:45.140+0000] {spark_submit.py:490} INFO - 23/06/15 09:58:45 INFO BlockManagerInfo: Removed broadcast_2_piece0 on 69b643fc97df:38359 in memory (size: 9.7 KiB, free: 434.4 MiB)
[2023-06-15T09:58:45.143+0000] {spark_submit.py:490} INFO - 23/06/15 09:58:45 INFO BlockManagerInfo: Removed broadcast_2_piece0 on 172.27.0.2:35487 in memory (size: 9.7 KiB, free: 434.4 MiB)
[2023-06-15T09:58:45.149+0000] {spark_submit.py:490} INFO - 23/06/15 09:58:45 INFO BlockManagerInfo: Removed broadcast_5_piece0 on 69b643fc97df:38359 in memory (size: 9.7 KiB, free: 434.4 MiB)
[2023-06-15T09:58:45.152+0000] {spark_submit.py:490} INFO - 23/06/15 09:58:45 INFO BlockManagerInfo: Removed broadcast_5_piece0 on 172.27.0.2:35487 in memory (size: 9.7 KiB, free: 434.4 MiB)
[2023-06-15T09:58:45.158+0000] {spark_submit.py:490} INFO - 23/06/15 09:58:45 INFO BlockManagerInfo: Removed broadcast_1_piece0 on 69b643fc97df:38359 in memory (size: 9.7 KiB, free: 434.4 MiB)
[2023-06-15T09:58:45.160+0000] {spark_submit.py:490} INFO - 23/06/15 09:58:45 INFO BlockManagerInfo: Removed broadcast_1_piece0 on 172.27.0.2:35487 in memory (size: 9.7 KiB, free: 434.4 MiB)
[2023-06-15T09:58:45.166+0000] {spark_submit.py:490} INFO - 23/06/15 09:58:45 INFO BlockManagerInfo: Removed broadcast_4_piece0 on 69b643fc97df:38359 in memory (size: 9.7 KiB, free: 434.4 MiB)
[2023-06-15T09:58:45.169+0000] {spark_submit.py:490} INFO - 23/06/15 09:58:45 INFO BlockManagerInfo: Removed broadcast_4_piece0 on 172.27.0.2:35487 in memory (size: 9.7 KiB, free: 434.4 MiB)
[2023-06-15T09:58:45.176+0000] {spark_submit.py:490} INFO - 23/06/15 09:58:45 INFO BlockManagerInfo: Removed broadcast_7_piece0 on 69b643fc97df:38359 in memory (size: 9.7 KiB, free: 434.4 MiB)
[2023-06-15T09:58:45.181+0000] {spark_submit.py:490} INFO - 23/06/15 09:58:45 INFO BlockManagerInfo: Removed broadcast_7_piece0 on 172.27.0.2:35487 in memory (size: 9.7 KiB, free: 434.4 MiB)
[2023-06-15T09:58:51.043+0000] {spark_submit.py:490} INFO - 23/06/15 09:58:51 INFO ParquetUtils: Using default output committer for Parquet: org.apache.parquet.hadoop.ParquetOutputCommitter
[2023-06-15T09:58:51.064+0000] {spark_submit.py:490} INFO - 23/06/15 09:58:51 INFO FileOutputCommitter: File Output Committer Algorithm version is 1
[2023-06-15T09:58:51.064+0000] {spark_submit.py:490} INFO - 23/06/15 09:58:51 INFO FileOutputCommitter: FileOutputCommitter skip cleanup _temporary folders under output directory:false, ignore cleanup failures: false
[2023-06-15T09:58:51.065+0000] {spark_submit.py:490} INFO - 23/06/15 09:58:51 INFO SQLHadoopMapReduceCommitProtocol: Using user defined output committer class org.apache.parquet.hadoop.ParquetOutputCommitter
[2023-06-15T09:58:51.066+0000] {spark_submit.py:490} INFO - 23/06/15 09:58:51 INFO FileOutputCommitter: File Output Committer Algorithm version is 1
[2023-06-15T09:58:51.066+0000] {spark_submit.py:490} INFO - 23/06/15 09:58:51 INFO FileOutputCommitter: FileOutputCommitter skip cleanup _temporary folders under output directory:false, ignore cleanup failures: false
[2023-06-15T09:58:51.067+0000] {spark_submit.py:490} INFO - 23/06/15 09:58:51 INFO SQLHadoopMapReduceCommitProtocol: Using output committer class org.apache.parquet.hadoop.ParquetOutputCommitter
[2023-06-15T09:58:53.046+0000] {spark_submit.py:490} INFO - 23/06/15 09:58:53 INFO CodeGenerator: Code generated in 45.925786 ms
[2023-06-15T09:58:53.087+0000] {spark_submit.py:490} INFO - 23/06/15 09:58:53 INFO CodeGenerator: Code generated in 25.752054 ms
[2023-06-15T09:58:53.123+0000] {spark_submit.py:490} INFO - 23/06/15 09:58:53 INFO CodeGenerator: Code generated in 25.131488 ms
[2023-06-15T09:58:53.155+0000] {spark_submit.py:490} INFO - 23/06/15 09:58:53 INFO CodeGenerator: Code generated in 22.517782 ms
[2023-06-15T09:58:53.180+0000] {spark_submit.py:490} INFO - 23/06/15 09:58:53 INFO CodeGenerator: Code generated in 17.343823 ms
[2023-06-15T09:58:53.206+0000] {spark_submit.py:490} INFO - 23/06/15 09:58:53 INFO CodeGenerator: Code generated in 17.697906 ms
[2023-06-15T09:58:53.233+0000] {spark_submit.py:490} INFO - 23/06/15 09:58:53 INFO CodeGenerator: Code generated in 18.245005 ms
[2023-06-15T09:58:53.258+0000] {spark_submit.py:490} INFO - 23/06/15 09:58:53 INFO CodeGenerator: Code generated in 16.492847 ms
[2023-06-15T09:58:53.286+0000] {spark_submit.py:490} INFO - 23/06/15 09:58:53 INFO CodeGenerator: Code generated in 17.914361 ms
[2023-06-15T09:58:53.334+0000] {spark_submit.py:490} INFO - 23/06/15 09:58:53 INFO SparkContext: Starting job: parquet at NativeMethodAccessorImpl.java:0
[2023-06-15T09:58:53.341+0000] {spark_submit.py:490} INFO - 23/06/15 09:58:53 INFO DAGScheduler: Got job 8 (parquet at NativeMethodAccessorImpl.java:0) with 1 output partitions
[2023-06-15T09:58:53.342+0000] {spark_submit.py:490} INFO - 23/06/15 09:58:53 INFO DAGScheduler: Final stage: ResultStage 8 (parquet at NativeMethodAccessorImpl.java:0)
[2023-06-15T09:58:53.342+0000] {spark_submit.py:490} INFO - 23/06/15 09:58:53 INFO DAGScheduler: Parents of final stage: List()
[2023-06-15T09:58:53.350+0000] {spark_submit.py:490} INFO - 23/06/15 09:58:53 INFO DAGScheduler: Missing parents: List()
[2023-06-15T09:58:53.353+0000] {spark_submit.py:490} INFO - 23/06/15 09:58:53 INFO DAGScheduler: Submitting ResultStage 8 (MapPartitionsRDD[104] at parquet at NativeMethodAccessorImpl.java:0), which has no missing parents
[2023-06-15T09:58:53.422+0000] {spark_submit.py:490} INFO - 23/06/15 09:58:53 INFO MemoryStore: Block broadcast_8 stored as values in memory (estimated size 276.6 KiB, free 434.1 MiB)
[2023-06-15T09:58:53.425+0000] {spark_submit.py:490} INFO - 23/06/15 09:58:53 INFO MemoryStore: Block broadcast_8_piece0 stored as bytes in memory (estimated size 93.1 KiB, free 434.0 MiB)
[2023-06-15T09:58:53.426+0000] {spark_submit.py:490} INFO - 23/06/15 09:58:53 INFO BlockManagerInfo: Added broadcast_8_piece0 in memory on 69b643fc97df:38359 (size: 93.1 KiB, free: 434.3 MiB)
[2023-06-15T09:58:53.426+0000] {spark_submit.py:490} INFO - 23/06/15 09:58:53 INFO SparkContext: Created broadcast 8 from broadcast at DAGScheduler.scala:1535
[2023-06-15T09:58:53.427+0000] {spark_submit.py:490} INFO - 23/06/15 09:58:53 INFO DAGScheduler: Submitting 1 missing tasks from ResultStage 8 (MapPartitionsRDD[104] at parquet at NativeMethodAccessorImpl.java:0) (first 15 tasks are for partitions Vector(0))
[2023-06-15T09:58:53.427+0000] {spark_submit.py:490} INFO - 23/06/15 09:58:53 INFO TaskSchedulerImpl: Adding task set 8.0 with 1 tasks resource profile 0
[2023-06-15T09:58:53.433+0000] {spark_submit.py:490} INFO - 23/06/15 09:58:53 INFO TaskSetManager: Starting task 0.0 in stage 8.0 (TID 16) (172.27.0.2, executor 0, partition 0, PROCESS_LOCAL, 14538 bytes)
[2023-06-15T09:58:53.456+0000] {spark_submit.py:490} INFO - 23/06/15 09:58:53 INFO BlockManagerInfo: Added broadcast_8_piece0 in memory on 172.27.0.2:35487 (size: 93.1 KiB, free: 434.3 MiB)
[2023-06-15T09:59:05.833+0000] {spark_submit.py:490} INFO - 23/06/15 09:59:05 INFO TaskSetManager: Finished task 0.0 in stage 8.0 (TID 16) in 12403 ms on 172.27.0.2 (executor 0) (1/1)
[2023-06-15T09:59:05.833+0000] {spark_submit.py:490} INFO - 23/06/15 09:59:05 INFO TaskSchedulerImpl: Removed TaskSet 8.0, whose tasks have all completed, from pool
[2023-06-15T09:59:05.834+0000] {spark_submit.py:490} INFO - 23/06/15 09:59:05 INFO DAGScheduler: ResultStage 8 (parquet at NativeMethodAccessorImpl.java:0) finished in 12.476 s
[2023-06-15T09:59:05.834+0000] {spark_submit.py:490} INFO - 23/06/15 09:59:05 INFO DAGScheduler: Job 8 is finished. Cancelling potential speculative or zombie tasks for this job
[2023-06-15T09:59:05.834+0000] {spark_submit.py:490} INFO - 23/06/15 09:59:05 INFO TaskSchedulerImpl: Killing all running tasks in stage 8: Stage finished
[2023-06-15T09:59:05.835+0000] {spark_submit.py:490} INFO - 23/06/15 09:59:05 INFO DAGScheduler: Job 8 finished: parquet at NativeMethodAccessorImpl.java:0, took 12.500397 s
[2023-06-15T09:59:05.842+0000] {spark_submit.py:490} INFO - 23/06/15 09:59:05 INFO FileFormatWriter: Start to commit write Job 5de9d429-a094-490e-af27-4b0c2c68ba72.
[2023-06-15T09:59:13.303+0000] {spark_submit.py:490} INFO - 23/06/15 09:59:13 INFO GoogleCloudStorageFileSystem: Successfully repaired 'gs://dtc-de-382609_bucket/stock_data/2021/02/_temporary/0/task_202306150958534477945575197888938_0008_m_000000/' directory.
[2023-06-15T09:59:15.877+0000] {spark_submit.py:490} INFO - 23/06/15 09:59:15 INFO GoogleCloudStorageFileSystem: Successfully repaired 'gs://dtc-de-382609_bucket/stock_data/2021/02/' directory.
[2023-06-15T09:59:18.860+0000] {spark_submit.py:490} INFO - 23/06/15 09:59:18 INFO BlockManagerInfo: Removed broadcast_8_piece0 on 172.27.0.2:35487 in memory (size: 93.1 KiB, free: 434.4 MiB)
[2023-06-15T09:59:18.885+0000] {spark_submit.py:490} INFO - 23/06/15 09:59:18 INFO BlockManagerInfo: Removed broadcast_8_piece0 on 69b643fc97df:38359 in memory (size: 93.1 KiB, free: 434.4 MiB)
[2023-06-15T09:59:20.137+0000] {spark_submit.py:490} INFO - 23/06/15 09:59:20 INFO FileFormatWriter: Write Job 5de9d429-a094-490e-af27-4b0c2c68ba72 committed. Elapsed time: 14292 ms.
[2023-06-15T09:59:20.148+0000] {spark_submit.py:490} INFO - 23/06/15 09:59:20 INFO FileFormatWriter: Finished processing stats for write job 5de9d429-a094-490e-af27-4b0c2c68ba72.
[2023-06-15T09:59:22.860+0000] {spark_submit.py:490} INFO - 23/06/15 09:59:22 INFO InMemoryFileIndex: It took 1324 ms to list leaf files for 2 paths.
[2023-06-15T09:59:22.986+0000] {spark_submit.py:490} INFO - 23/06/15 09:59:22 INFO SparkContext: Starting job: load at NativeMethodAccessorImpl.java:0
[2023-06-15T09:59:22.988+0000] {spark_submit.py:490} INFO - 23/06/15 09:59:22 INFO DAGScheduler: Got job 9 (load at NativeMethodAccessorImpl.java:0) with 1 output partitions
[2023-06-15T09:59:22.989+0000] {spark_submit.py:490} INFO - 23/06/15 09:59:22 INFO DAGScheduler: Final stage: ResultStage 9 (load at NativeMethodAccessorImpl.java:0)
[2023-06-15T09:59:22.989+0000] {spark_submit.py:490} INFO - 23/06/15 09:59:22 INFO DAGScheduler: Parents of final stage: List()
[2023-06-15T09:59:22.989+0000] {spark_submit.py:490} INFO - 23/06/15 09:59:22 INFO DAGScheduler: Missing parents: List()
[2023-06-15T09:59:22.989+0000] {spark_submit.py:490} INFO - 23/06/15 09:59:22 INFO DAGScheduler: Submitting ResultStage 9 (MapPartitionsRDD[106] at load at NativeMethodAccessorImpl.java:0), which has no missing parents
[2023-06-15T09:59:23.004+0000] {spark_submit.py:490} INFO - 23/06/15 09:59:23 INFO MemoryStore: Block broadcast_9 stored as values in memory (estimated size 103.5 KiB, free 434.3 MiB)
[2023-06-15T09:59:23.032+0000] {spark_submit.py:490} INFO - 23/06/15 09:59:23 INFO MemoryStore: Block broadcast_9_piece0 stored as bytes in memory (estimated size 37.4 KiB, free 434.3 MiB)
[2023-06-15T09:59:23.036+0000] {spark_submit.py:490} INFO - 23/06/15 09:59:23 INFO BlockManagerInfo: Added broadcast_9_piece0 in memory on 69b643fc97df:38359 (size: 37.4 KiB, free: 434.4 MiB)
[2023-06-15T09:59:23.036+0000] {spark_submit.py:490} INFO - 23/06/15 09:59:23 INFO SparkContext: Created broadcast 9 from broadcast at DAGScheduler.scala:1535
[2023-06-15T09:59:23.037+0000] {spark_submit.py:490} INFO - 23/06/15 09:59:23 INFO DAGScheduler: Submitting 1 missing tasks from ResultStage 9 (MapPartitionsRDD[106] at load at NativeMethodAccessorImpl.java:0) (first 15 tasks are for partitions Vector(0))
[2023-06-15T09:59:23.038+0000] {spark_submit.py:490} INFO - 23/06/15 09:59:23 INFO TaskSchedulerImpl: Adding task set 9.0 with 1 tasks resource profile 0
[2023-06-15T09:59:23.040+0000] {spark_submit.py:490} INFO - 23/06/15 09:59:23 INFO TaskSetManager: Starting task 0.0 in stage 9.0 (TID 17) (172.27.0.2, executor 0, partition 0, PROCESS_LOCAL, 7574 bytes)
[2023-06-15T09:59:23.070+0000] {spark_submit.py:490} INFO - 23/06/15 09:59:23 INFO BlockManagerInfo: Added broadcast_9_piece0 in memory on 172.27.0.2:35487 (size: 37.4 KiB, free: 434.4 MiB)
[2023-06-15T09:59:24.592+0000] {spark_submit.py:490} INFO - 23/06/15 09:59:24 INFO TaskSetManager: Finished task 0.0 in stage 9.0 (TID 17) in 1553 ms on 172.27.0.2 (executor 0) (1/1)
[2023-06-15T09:59:24.593+0000] {spark_submit.py:490} INFO - 23/06/15 09:59:24 INFO TaskSchedulerImpl: Removed TaskSet 9.0, whose tasks have all completed, from pool
[2023-06-15T09:59:24.594+0000] {spark_submit.py:490} INFO - 23/06/15 09:59:24 INFO DAGScheduler: ResultStage 9 (load at NativeMethodAccessorImpl.java:0) finished in 1.603 s
[2023-06-15T09:59:24.595+0000] {spark_submit.py:490} INFO - 23/06/15 09:59:24 INFO DAGScheduler: Job 9 is finished. Cancelling potential speculative or zombie tasks for this job
[2023-06-15T09:59:24.595+0000] {spark_submit.py:490} INFO - 23/06/15 09:59:24 INFO TaskSchedulerImpl: Killing all running tasks in stage 9: Stage finished
[2023-06-15T09:59:24.597+0000] {spark_submit.py:490} INFO - 23/06/15 09:59:24 INFO DAGScheduler: Job 9 finished: load at NativeMethodAccessorImpl.java:0, took 1.609626 s
[2023-06-15T09:59:24.706+0000] {spark_submit.py:490} INFO - 23/06/15 09:59:24 INFO FileSourceStrategy: Pushed Filters:
[2023-06-15T09:59:24.708+0000] {spark_submit.py:490} INFO - 23/06/15 09:59:24 INFO FileSourceStrategy: Post-Scan Filters:
[2023-06-15T09:59:24.791+0000] {spark_submit.py:490} INFO - 23/06/15 09:59:24 INFO CodeGenerator: Code generated in 33.196401 ms
[2023-06-15T09:59:24.818+0000] {spark_submit.py:490} INFO - 23/06/15 09:59:24 INFO MemoryStore: Block broadcast_10 stored as values in memory (estimated size 202.4 KiB, free 434.1 MiB)
[2023-06-15T09:59:24.829+0000] {spark_submit.py:490} INFO - 23/06/15 09:59:24 INFO MemoryStore: Block broadcast_10_piece0 stored as bytes in memory (estimated size 35.1 KiB, free 434.0 MiB)
[2023-06-15T09:59:24.831+0000] {spark_submit.py:490} INFO - 23/06/15 09:59:24 INFO BlockManagerInfo: Added broadcast_10_piece0 in memory on 69b643fc97df:38359 (size: 35.1 KiB, free: 434.3 MiB)
[2023-06-15T09:59:24.832+0000] {spark_submit.py:490} INFO - 23/06/15 09:59:24 INFO SparkContext: Created broadcast 10 from showString at NativeMethodAccessorImpl.java:0
[2023-06-15T09:59:24.852+0000] {spark_submit.py:490} INFO - 23/06/15 09:59:24 INFO FileSourceScanExec: Planning scan with bin packing, max size: 4198951 bytes, open cost is considered as scanning 4194304 bytes.
[2023-06-15T09:59:24.905+0000] {spark_submit.py:490} INFO - 23/06/15 09:59:24 INFO SparkContext: Starting job: showString at NativeMethodAccessorImpl.java:0
[2023-06-15T09:59:24.906+0000] {spark_submit.py:490} INFO - 23/06/15 09:59:24 INFO DAGScheduler: Got job 10 (showString at NativeMethodAccessorImpl.java:0) with 1 output partitions
[2023-06-15T09:59:24.906+0000] {spark_submit.py:490} INFO - 23/06/15 09:59:24 INFO DAGScheduler: Final stage: ResultStage 10 (showString at NativeMethodAccessorImpl.java:0)
[2023-06-15T09:59:24.906+0000] {spark_submit.py:490} INFO - 23/06/15 09:59:24 INFO DAGScheduler: Parents of final stage: List()
[2023-06-15T09:59:24.907+0000] {spark_submit.py:490} INFO - 23/06/15 09:59:24 INFO DAGScheduler: Missing parents: List()
[2023-06-15T09:59:24.909+0000] {spark_submit.py:490} INFO - 23/06/15 09:59:24 INFO DAGScheduler: Submitting ResultStage 10 (MapPartitionsRDD[110] at showString at NativeMethodAccessorImpl.java:0), which has no missing parents
[2023-06-15T09:59:24.926+0000] {spark_submit.py:490} INFO - 23/06/15 09:59:24 INFO MemoryStore: Block broadcast_11 stored as values in memory (estimated size 16.1 KiB, free 434.0 MiB)
[2023-06-15T09:59:24.929+0000] {spark_submit.py:490} INFO - 23/06/15 09:59:24 INFO MemoryStore: Block broadcast_11_piece0 stored as bytes in memory (estimated size 6.3 KiB, free 434.0 MiB)
[2023-06-15T09:59:24.930+0000] {spark_submit.py:490} INFO - 23/06/15 09:59:24 INFO BlockManagerInfo: Added broadcast_11_piece0 in memory on 69b643fc97df:38359 (size: 6.3 KiB, free: 434.3 MiB)
[2023-06-15T09:59:24.930+0000] {spark_submit.py:490} INFO - 23/06/15 09:59:24 INFO SparkContext: Created broadcast 11 from broadcast at DAGScheduler.scala:1535
[2023-06-15T09:59:24.931+0000] {spark_submit.py:490} INFO - 23/06/15 09:59:24 INFO DAGScheduler: Submitting 1 missing tasks from ResultStage 10 (MapPartitionsRDD[110] at showString at NativeMethodAccessorImpl.java:0) (first 15 tasks are for partitions Vector(0))
[2023-06-15T09:59:24.932+0000] {spark_submit.py:490} INFO - 23/06/15 09:59:24 INFO TaskSchedulerImpl: Adding task set 10.0 with 1 tasks resource profile 0
[2023-06-15T09:59:24.937+0000] {spark_submit.py:490} INFO - 23/06/15 09:59:24 INFO TaskSetManager: Starting task 0.0 in stage 10.0 (TID 18) (172.27.0.2, executor 0, partition 0, PROCESS_LOCAL, 7996 bytes)
[2023-06-15T09:59:24.970+0000] {spark_submit.py:490} INFO - 23/06/15 09:59:24 INFO BlockManagerInfo: Added broadcast_11_piece0 in memory on 172.27.0.2:35487 (size: 6.3 KiB, free: 434.4 MiB)
[2023-06-15T09:59:25.194+0000] {spark_submit.py:490} INFO - 23/06/15 09:59:25 INFO BlockManagerInfo: Added broadcast_10_piece0 in memory on 172.27.0.2:35487 (size: 35.1 KiB, free: 434.3 MiB)
[2023-06-15T09:59:29.298+0000] {spark_submit.py:490} INFO - 23/06/15 09:59:29 INFO TaskSetManager: Finished task 0.0 in stage 10.0 (TID 18) in 4365 ms on 172.27.0.2 (executor 0) (1/1)
[2023-06-15T09:59:29.298+0000] {spark_submit.py:490} INFO - 23/06/15 09:59:29 INFO TaskSchedulerImpl: Removed TaskSet 10.0, whose tasks have all completed, from pool
[2023-06-15T09:59:29.299+0000] {spark_submit.py:490} INFO - 23/06/15 09:59:29 INFO DAGScheduler: ResultStage 10 (showString at NativeMethodAccessorImpl.java:0) finished in 4.386 s
[2023-06-15T09:59:29.299+0000] {spark_submit.py:490} INFO - 23/06/15 09:59:29 INFO DAGScheduler: Job 10 is finished. Cancelling potential speculative or zombie tasks for this job
[2023-06-15T09:59:29.299+0000] {spark_submit.py:490} INFO - 23/06/15 09:59:29 INFO TaskSchedulerImpl: Killing all running tasks in stage 10: Stage finished
[2023-06-15T09:59:29.299+0000] {spark_submit.py:490} INFO - 23/06/15 09:59:29 INFO DAGScheduler: Job 10 finished: showString at NativeMethodAccessorImpl.java:0, took 4.394238 s
[2023-06-15T09:59:29.339+0000] {spark_submit.py:490} INFO - 23/06/15 09:59:29 INFO CodeGenerator: Code generated in 19.391923 ms
[2023-06-15T09:59:29.352+0000] {spark_submit.py:490} INFO - +-------------------+------+----------+----------+----------+----------+--------+
[2023-06-15T09:59:29.352+0000] {spark_submit.py:490} INFO - |           datetime|symbol|      open|      high|       low|     close|  volume|
[2023-06-15T09:59:29.352+0000] {spark_submit.py:490} INFO - +-------------------+------+----------+----------+----------+----------+--------+
[2023-06-15T09:59:29.352+0000] {spark_submit.py:490} INFO - |2021-01-29 15:30:00|  AAPL| 132.53999| 133.50000| 131.73000| 131.96001|17156763|
[2023-06-15T09:59:29.352+0000] {spark_submit.py:490} INFO - |2021-01-29 14:30:00|  AAPL| 131.94000| 133.22000| 131.03000| 132.53320|17380581|
[2023-06-15T09:59:29.353+0000] {spark_submit.py:490} INFO - |2021-01-29 13:30:00|  AAPL| 132.03999| 132.81000| 131.47000| 131.93990|18117174|
[2023-06-15T09:59:29.353+0000] {spark_submit.py:490} INFO - |2021-01-29 12:30:00|  AAPL| 131.95000| 132.23000| 130.21001| 132.05000|27629092|
[2023-06-15T09:59:29.353+0000] {spark_submit.py:490} INFO - |2021-01-29 11:30:00|  AAPL| 132.17000| 133.31000| 131.20760| 131.96851|24633251|
[2023-06-15T09:59:29.353+0000] {spark_submit.py:490} INFO - |2021-01-29 10:30:00|  AAPL| 135.09891| 135.44000| 131.88000| 132.20000|25929359|
[2023-06-15T09:59:29.353+0000] {spark_submit.py:490} INFO - |2021-01-29 09:30:00|  AAPL| 135.78000| 136.74001| 133.78999| 135.08009|31835713|
[2023-06-15T09:59:29.353+0000] {spark_submit.py:490} INFO - |2021-01-29 15:30:00|  MSFT| 233.85001| 234.48000| 231.50000| 231.84000| 5471073|
[2023-06-15T09:59:29.353+0000] {spark_submit.py:490} INFO - |2021-01-29 14:30:00|  MSFT| 233.62000| 234.75000| 232.45081| 233.86000| 4423420|
[2023-06-15T09:59:29.354+0000] {spark_submit.py:490} INFO - |2021-01-29 13:30:00|  MSFT| 233.24001| 234.02000| 232.62000| 233.62000| 3542167|
[2023-06-15T09:59:29.354+0000] {spark_submit.py:490} INFO - |2021-01-29 12:30:00|  MSFT| 233.50999| 233.75000| 231.36000| 233.31000| 5090571|
[2023-06-15T09:59:29.354+0000] {spark_submit.py:490} INFO - |2021-01-29 11:30:00|  MSFT| 233.92000| 235.20000| 233.47000| 233.52000| 3931652|
[2023-06-15T09:59:29.354+0000] {spark_submit.py:490} INFO - |2021-01-29 10:30:00|  MSFT| 237.78999| 238.01500| 233.81000| 233.91010| 4548452|
[2023-06-15T09:59:29.354+0000] {spark_submit.py:490} INFO - |2021-01-29 09:30:00|  MSFT| 235.79700| 237.92000| 234.07001| 237.80000| 8536703|
[2023-06-15T09:59:29.354+0000] {spark_submit.py:490} INFO - |2021-01-29 15:30:00|  GOOG|1850.27002|1852.88000|1831.57996|1832.75000|  243621|
[2023-06-15T09:59:29.354+0000] {spark_submit.py:490} INFO - |2021-01-29 14:30:00|  GOOG|1841.62000|1851.90002|1830.76001|1850.85999|  164942|
[2023-06-15T09:59:29.355+0000] {spark_submit.py:490} INFO - |2021-01-29 13:30:00|  GOOG|1824.98999|1844.39001|1821.15015|1841.23999|  140231|
[2023-06-15T09:59:29.355+0000] {spark_submit.py:490} INFO - |2021-01-29 12:30:00|  GOOG|1822.94006|1827.31995|1810.19995|1826.95996|  160996|
[2023-06-15T09:59:29.355+0000] {spark_submit.py:490} INFO - |2021-01-29 11:30:00|  GOOG|1837.18994|1838.05591|1820.28003|1823.85986|  155073|
[2023-06-15T09:59:29.355+0000] {spark_submit.py:490} INFO - |2021-01-29 10:30:00|  GOOG|1851.53003|1857.00000|1833.01001|1835.65015|  163882|
[2023-06-15T09:59:29.355+0000] {spark_submit.py:490} INFO - +-------------------+------+----------+----------+----------+----------+--------+
[2023-06-15T09:59:29.355+0000] {spark_submit.py:490} INFO - only showing top 20 rows
[2023-06-15T09:59:29.356+0000] {spark_submit.py:490} INFO - 
[2023-06-15T09:59:29.514+0000] {spark_submit.py:490} INFO - 23/06/15 09:59:29 INFO SparkContext: Invoking stop() from shutdown hook
[2023-06-15T09:59:29.516+0000] {spark_submit.py:490} INFO - 23/06/15 09:59:29 INFO SparkContext: SparkContext is stopping with exitCode 0.
[2023-06-15T09:59:29.536+0000] {spark_submit.py:490} INFO - 23/06/15 09:59:29 INFO SparkUI: Stopped Spark web UI at http://69b643fc97df:4040
[2023-06-15T09:59:29.541+0000] {spark_submit.py:490} INFO - 23/06/15 09:59:29 INFO StandaloneSchedulerBackend: Shutting down all executors
[2023-06-15T09:59:29.542+0000] {spark_submit.py:490} INFO - 23/06/15 09:59:29 INFO StandaloneSchedulerBackend$StandaloneDriverEndpoint: Asking each executor to shut down
[2023-06-15T09:59:29.572+0000] {spark_submit.py:490} INFO - 23/06/15 09:59:29 INFO MapOutputTrackerMasterEndpoint: MapOutputTrackerMasterEndpoint stopped!
[2023-06-15T09:59:29.594+0000] {spark_submit.py:490} INFO - 23/06/15 09:59:29 INFO MemoryStore: MemoryStore cleared
[2023-06-15T09:59:29.596+0000] {spark_submit.py:490} INFO - 23/06/15 09:59:29 INFO BlockManager: BlockManager stopped
[2023-06-15T09:59:29.601+0000] {spark_submit.py:490} INFO - 23/06/15 09:59:29 INFO BlockManagerMaster: BlockManagerMaster stopped
[2023-06-15T09:59:29.606+0000] {spark_submit.py:490} INFO - 23/06/15 09:59:29 INFO OutputCommitCoordinator$OutputCommitCoordinatorEndpoint: OutputCommitCoordinator stopped!
[2023-06-15T09:59:29.617+0000] {spark_submit.py:490} INFO - 23/06/15 09:59:29 INFO SparkContext: Successfully stopped SparkContext
[2023-06-15T09:59:29.618+0000] {spark_submit.py:490} INFO - 23/06/15 09:59:29 INFO ShutdownHookManager: Shutdown hook called
[2023-06-15T09:59:29.619+0000] {spark_submit.py:490} INFO - 23/06/15 09:59:29 INFO ShutdownHookManager: Deleting directory /tmp/spark-c6c8de77-201d-4bfd-a368-8bb0425c9012
[2023-06-15T09:59:29.623+0000] {spark_submit.py:490} INFO - 23/06/15 09:59:29 INFO ShutdownHookManager: Deleting directory /tmp/spark-aacf295e-7588-46d4-b92b-8dbc9351efa4
[2023-06-15T09:59:29.628+0000] {spark_submit.py:490} INFO - 23/06/15 09:59:29 INFO ShutdownHookManager: Deleting directory /tmp/spark-aacf295e-7588-46d4-b92b-8dbc9351efa4/pyspark-fc9fc370-9fc7-4599-aa3e-e93539a4bb8f
[2023-06-15T09:59:29.688+0000] {taskinstance.py:1345} INFO - Marking task as SUCCESS. dag_id=upload_to_gcs, task_id=spark_load_stock_data, execution_date=20210204T000000, start_date=20230615T095817, end_date=20230615T095929
[2023-06-15T09:59:29.717+0000] {local_task_job_runner.py:225} INFO - Task exited with return code 0
[2023-06-15T09:59:29.736+0000] {taskinstance.py:2651} INFO - 0 downstream tasks scheduled from follow-on schedule check
