[2023-06-15T10:01:47.931+0000] {taskinstance.py:1103} INFO - Dependencies all met for dep_context=non-requeueable deps ti=<TaskInstance: upload_to_gcs.spark_load_stock_data backfill__2021-02-07T00:00:00+00:00 [queued]>
[2023-06-15T10:01:47.942+0000] {taskinstance.py:1103} INFO - Dependencies all met for dep_context=requeueable deps ti=<TaskInstance: upload_to_gcs.spark_load_stock_data backfill__2021-02-07T00:00:00+00:00 [queued]>
[2023-06-15T10:01:47.942+0000] {taskinstance.py:1308} INFO - Starting attempt 1 of 2
[2023-06-15T10:01:47.964+0000] {taskinstance.py:1327} INFO - Executing <Task(SparkSubmitOperator): spark_load_stock_data> on 2021-02-07 00:00:00+00:00
[2023-06-15T10:01:47.970+0000] {standard_task_runner.py:57} INFO - Started process 9795 to run task
[2023-06-15T10:01:47.974+0000] {standard_task_runner.py:84} INFO - Running: ['***', 'tasks', 'run', 'upload_to_gcs', 'spark_load_stock_data', 'backfill__2021-02-07T00:00:00+00:00', '--job-id', '431', '--pool', 'default_pool', '--raw', '--subdir', 'DAGS_FOLDER/upload_to_gcs.py', '--cfg-path', '/tmp/tmp_qtfg8el']
[2023-06-15T10:01:47.975+0000] {standard_task_runner.py:85} INFO - Job 431: Subtask spark_load_stock_data
[2023-06-15T10:01:48.017+0000] {task_command.py:410} INFO - Running <TaskInstance: upload_to_gcs.spark_load_stock_data backfill__2021-02-07T00:00:00+00:00 [running]> on host 69b643fc97df
[2023-06-15T10:01:48.084+0000] {taskinstance.py:1545} INFO - Exporting env vars: AIRFLOW_CTX_DAG_OWNER='***' AIRFLOW_CTX_DAG_ID='upload_to_gcs' AIRFLOW_CTX_TASK_ID='spark_load_stock_data' AIRFLOW_CTX_EXECUTION_DATE='2021-02-07T00:00:00+00:00' AIRFLOW_CTX_TRY_NUMBER='1' AIRFLOW_CTX_DAG_RUN_ID='backfill__2021-02-07T00:00:00+00:00'
[2023-06-15T10:01:48.091+0000] {base.py:73} INFO - Using connection ID 'spark_default' for task execution.
[2023-06-15T10:01:48.092+0000] {spark_submit.py:339} INFO - Spark-Submit cmd: spark-submit --master spark://spark:7077 --name arrow-spark --verbose /opt/spark/app/load_data.py 2021-02-07 2efb4e0c80a041b794abaf4369e76869 dtc-de-382609_bucket
[2023-06-15T10:01:48.108+0000] {spark_submit.py:490} INFO - /opt/***/spark/spark-3.4.0-bin-hadoop3/bin/load-spark-env.sh: line 68: ps: command not found
[2023-06-15T10:01:49.457+0000] {spark_submit.py:490} INFO - Using properties file: null
[2023-06-15T10:01:49.625+0000] {spark_submit.py:490} INFO - Parsed arguments:
[2023-06-15T10:01:49.625+0000] {spark_submit.py:490} INFO - master                  spark://spark:7077
[2023-06-15T10:01:49.625+0000] {spark_submit.py:490} INFO - remote                  null
[2023-06-15T10:01:49.625+0000] {spark_submit.py:490} INFO - deployMode              null
[2023-06-15T10:01:49.626+0000] {spark_submit.py:490} INFO - executorMemory          null
[2023-06-15T10:01:49.626+0000] {spark_submit.py:490} INFO - executorCores           null
[2023-06-15T10:01:49.626+0000] {spark_submit.py:490} INFO - totalExecutorCores      null
[2023-06-15T10:01:49.626+0000] {spark_submit.py:490} INFO - propertiesFile          null
[2023-06-15T10:01:49.626+0000] {spark_submit.py:490} INFO - driverMemory            null
[2023-06-15T10:01:49.626+0000] {spark_submit.py:490} INFO - driverCores             null
[2023-06-15T10:01:49.626+0000] {spark_submit.py:490} INFO - driverExtraClassPath    null
[2023-06-15T10:01:49.626+0000] {spark_submit.py:490} INFO - driverExtraLibraryPath  null
[2023-06-15T10:01:49.627+0000] {spark_submit.py:490} INFO - driverExtraJavaOptions  null
[2023-06-15T10:01:49.627+0000] {spark_submit.py:490} INFO - supervise               false
[2023-06-15T10:01:49.627+0000] {spark_submit.py:490} INFO - queue                   null
[2023-06-15T10:01:49.627+0000] {spark_submit.py:490} INFO - numExecutors            null
[2023-06-15T10:01:49.627+0000] {spark_submit.py:490} INFO - files                   null
[2023-06-15T10:01:49.627+0000] {spark_submit.py:490} INFO - pyFiles                 null
[2023-06-15T10:01:49.627+0000] {spark_submit.py:490} INFO - archives                null
[2023-06-15T10:01:49.627+0000] {spark_submit.py:490} INFO - mainClass               null
[2023-06-15T10:01:49.628+0000] {spark_submit.py:490} INFO - primaryResource         file:/opt/spark/app/load_data.py
[2023-06-15T10:01:49.628+0000] {spark_submit.py:490} INFO - name                    arrow-spark
[2023-06-15T10:01:49.628+0000] {spark_submit.py:490} INFO - childArgs               [2021-02-07 2efb4e0c80a041b794abaf4369e76869 dtc-de-382609_bucket]
[2023-06-15T10:01:49.628+0000] {spark_submit.py:490} INFO - jars                    null
[2023-06-15T10:01:49.628+0000] {spark_submit.py:490} INFO - packages                null
[2023-06-15T10:01:49.628+0000] {spark_submit.py:490} INFO - packagesExclusions      null
[2023-06-15T10:01:49.628+0000] {spark_submit.py:490} INFO - repositories            null
[2023-06-15T10:01:49.628+0000] {spark_submit.py:490} INFO - verbose                 true
[2023-06-15T10:01:49.628+0000] {spark_submit.py:490} INFO - 
[2023-06-15T10:01:49.629+0000] {spark_submit.py:490} INFO - Spark properties used, including those specified through
[2023-06-15T10:01:49.629+0000] {spark_submit.py:490} INFO - --conf and those from the properties file null:
[2023-06-15T10:01:49.629+0000] {spark_submit.py:490} INFO - 
[2023-06-15T10:01:49.629+0000] {spark_submit.py:490} INFO - 
[2023-06-15T10:01:49.629+0000] {spark_submit.py:490} INFO - 
[2023-06-15T10:01:49.966+0000] {spark_submit.py:490} INFO - Main class:
[2023-06-15T10:01:49.966+0000] {spark_submit.py:490} INFO - org.apache.spark.deploy.PythonRunner
[2023-06-15T10:01:49.966+0000] {spark_submit.py:490} INFO - Arguments:
[2023-06-15T10:01:49.967+0000] {spark_submit.py:490} INFO - file:/opt/spark/app/load_data.py
[2023-06-15T10:01:49.967+0000] {spark_submit.py:490} INFO - null
[2023-06-15T10:01:49.967+0000] {spark_submit.py:490} INFO - 2021-02-07
[2023-06-15T10:01:49.967+0000] {spark_submit.py:490} INFO - 2efb4e0c80a041b794abaf4369e76869
[2023-06-15T10:01:49.967+0000] {spark_submit.py:490} INFO - dtc-de-382609_bucket
[2023-06-15T10:01:49.970+0000] {spark_submit.py:490} INFO - Spark config:
[2023-06-15T10:01:49.970+0000] {spark_submit.py:490} INFO - (spark.app.name,arrow-spark)
[2023-06-15T10:01:49.971+0000] {spark_submit.py:490} INFO - (spark.app.submitTime,1686823309951)
[2023-06-15T10:01:49.971+0000] {spark_submit.py:490} INFO - (spark.master,spark://spark:7077)
[2023-06-15T10:01:49.971+0000] {spark_submit.py:490} INFO - (spark.submit.deployMode,client)
[2023-06-15T10:01:49.971+0000] {spark_submit.py:490} INFO - (spark.submit.pyFiles,)
[2023-06-15T10:01:49.971+0000] {spark_submit.py:490} INFO - Classpath elements:
[2023-06-15T10:01:49.971+0000] {spark_submit.py:490} INFO - 
[2023-06-15T10:01:49.971+0000] {spark_submit.py:490} INFO - 
[2023-06-15T10:01:49.972+0000] {spark_submit.py:490} INFO - 
[2023-06-15T10:01:51.348+0000] {spark_submit.py:490} INFO - 23/06/15 10:01:51 INFO SparkContext: Running Spark version 3.4.0
[2023-06-15T10:01:51.415+0000] {spark_submit.py:490} INFO - 23/06/15 10:01:51 WARN NativeCodeLoader: Unable to load native-hadoop library for your platform... using builtin-java classes where applicable
[2023-06-15T10:01:51.526+0000] {spark_submit.py:490} INFO - 23/06/15 10:01:51 INFO ResourceUtils: ==============================================================
[2023-06-15T10:01:51.526+0000] {spark_submit.py:490} INFO - 23/06/15 10:01:51 INFO ResourceUtils: No custom resources configured for spark.driver.
[2023-06-15T10:01:51.527+0000] {spark_submit.py:490} INFO - 23/06/15 10:01:51 INFO ResourceUtils: ==============================================================
[2023-06-15T10:01:51.528+0000] {spark_submit.py:490} INFO - 23/06/15 10:01:51 INFO SparkContext: Submitted application: SparkUploadData
[2023-06-15T10:01:51.581+0000] {spark_submit.py:490} INFO - 23/06/15 10:01:51 INFO ResourceProfile: Default ResourceProfile created, executor resources: Map(memory -> name: memory, amount: 1024, script: , vendor: , offHeap -> name: offHeap, amount: 0, script: , vendor: ), task resources: Map(cpus -> name: cpus, amount: 1.0)
[2023-06-15T10:01:51.606+0000] {spark_submit.py:490} INFO - 23/06/15 10:01:51 INFO ResourceProfile: Limiting resource is cpu
[2023-06-15T10:01:51.607+0000] {spark_submit.py:490} INFO - 23/06/15 10:01:51 INFO ResourceProfileManager: Added ResourceProfile id: 0
[2023-06-15T10:01:51.686+0000] {spark_submit.py:490} INFO - 23/06/15 10:01:51 INFO SecurityManager: Changing view acls to: default
[2023-06-15T10:01:51.687+0000] {spark_submit.py:490} INFO - 23/06/15 10:01:51 INFO SecurityManager: Changing modify acls to: default
[2023-06-15T10:01:51.687+0000] {spark_submit.py:490} INFO - 23/06/15 10:01:51 INFO SecurityManager: Changing view acls groups to:
[2023-06-15T10:01:51.688+0000] {spark_submit.py:490} INFO - 23/06/15 10:01:51 INFO SecurityManager: Changing modify acls groups to:
[2023-06-15T10:01:51.688+0000] {spark_submit.py:490} INFO - 23/06/15 10:01:51 INFO SecurityManager: SecurityManager: authentication disabled; ui acls disabled; users with view permissions: default; groups with view permissions: EMPTY; users with modify permissions: default; groups with modify permissions: EMPTY
[2023-06-15T10:01:51.937+0000] {spark_submit.py:490} INFO - 23/06/15 10:01:51 INFO Utils: Successfully started service 'sparkDriver' on port 34199.
[2023-06-15T10:01:51.958+0000] {spark_submit.py:490} INFO - 23/06/15 10:01:51 INFO SparkEnv: Registering MapOutputTracker
[2023-06-15T10:01:51.984+0000] {spark_submit.py:490} INFO - 23/06/15 10:01:51 INFO SparkEnv: Registering BlockManagerMaster
[2023-06-15T10:01:52.000+0000] {spark_submit.py:490} INFO - 23/06/15 10:01:52 INFO BlockManagerMasterEndpoint: Using org.apache.spark.storage.DefaultTopologyMapper for getting topology information
[2023-06-15T10:01:52.001+0000] {spark_submit.py:490} INFO - 23/06/15 10:01:52 INFO BlockManagerMasterEndpoint: BlockManagerMasterEndpoint up
[2023-06-15T10:01:52.004+0000] {spark_submit.py:490} INFO - 23/06/15 10:01:52 INFO SparkEnv: Registering BlockManagerMasterHeartbeat
[2023-06-15T10:01:52.022+0000] {spark_submit.py:490} INFO - 23/06/15 10:01:52 INFO DiskBlockManager: Created local directory at /tmp/blockmgr-4302a7d5-8bd2-412f-95be-79c49ad4134c
[2023-06-15T10:01:52.040+0000] {spark_submit.py:490} INFO - 23/06/15 10:01:52 INFO MemoryStore: MemoryStore started with capacity 434.4 MiB
[2023-06-15T10:01:52.067+0000] {spark_submit.py:490} INFO - 23/06/15 10:01:52 INFO SparkEnv: Registering OutputCommitCoordinator
[2023-06-15T10:01:52.218+0000] {spark_submit.py:490} INFO - 23/06/15 10:01:52 INFO JettyUtils: Start Jetty 0.0.0.0:4040 for SparkUI
[2023-06-15T10:01:52.286+0000] {spark_submit.py:490} INFO - 23/06/15 10:01:52 INFO Utils: Successfully started service 'SparkUI' on port 4040.
[2023-06-15T10:01:52.441+0000] {spark_submit.py:490} INFO - 23/06/15 10:01:52 INFO StandaloneAppClient$ClientEndpoint: Connecting to master spark://spark:7077...
[2023-06-15T10:01:52.481+0000] {spark_submit.py:490} INFO - 23/06/15 10:01:52 INFO TransportClientFactory: Successfully created connection to spark/172.27.0.3:7077 after 23 ms (0 ms spent in bootstraps)
[2023-06-15T10:01:52.558+0000] {spark_submit.py:490} INFO - 23/06/15 10:01:52 INFO StandaloneSchedulerBackend: Connected to Spark cluster with app ID app-20230615100152-0037
[2023-06-15T10:01:52.561+0000] {spark_submit.py:490} INFO - 23/06/15 10:01:52 INFO StandaloneAppClient$ClientEndpoint: Executor added: app-20230615100152-0037/0 on worker-20230615091312-172.27.0.2-45907 (172.27.0.2:45907) with 2 core(s)
[2023-06-15T10:01:52.564+0000] {spark_submit.py:490} INFO - 23/06/15 10:01:52 INFO StandaloneSchedulerBackend: Granted executor ID app-20230615100152-0037/0 on hostPort 172.27.0.2:45907 with 2 core(s), 1024.0 MiB RAM
[2023-06-15T10:01:52.571+0000] {spark_submit.py:490} INFO - 23/06/15 10:01:52 INFO Utils: Successfully started service 'org.apache.spark.network.netty.NettyBlockTransferService' on port 41411.
[2023-06-15T10:01:52.571+0000] {spark_submit.py:490} INFO - 23/06/15 10:01:52 INFO NettyBlockTransferService: Server created on 69b643fc97df:41411
[2023-06-15T10:01:52.573+0000] {spark_submit.py:490} INFO - 23/06/15 10:01:52 INFO BlockManager: Using org.apache.spark.storage.RandomBlockReplicationPolicy for block replication policy
[2023-06-15T10:01:52.586+0000] {spark_submit.py:490} INFO - 23/06/15 10:01:52 INFO BlockManagerMaster: Registering BlockManager BlockManagerId(driver, 69b643fc97df, 41411, None)
[2023-06-15T10:01:52.592+0000] {spark_submit.py:490} INFO - 23/06/15 10:01:52 INFO BlockManagerMasterEndpoint: Registering block manager 69b643fc97df:41411 with 434.4 MiB RAM, BlockManagerId(driver, 69b643fc97df, 41411, None)
[2023-06-15T10:01:52.596+0000] {spark_submit.py:490} INFO - 23/06/15 10:01:52 INFO BlockManagerMaster: Registered BlockManager BlockManagerId(driver, 69b643fc97df, 41411, None)
[2023-06-15T10:01:52.597+0000] {spark_submit.py:490} INFO - 23/06/15 10:01:52 INFO BlockManager: Initialized BlockManager: BlockManagerId(driver, 69b643fc97df, 41411, None)
[2023-06-15T10:01:52.603+0000] {spark_submit.py:490} INFO - 23/06/15 10:01:52 INFO StandaloneAppClient$ClientEndpoint: Executor updated: app-20230615100152-0037/0 is now RUNNING
[2023-06-15T10:01:52.893+0000] {spark_submit.py:490} INFO - 23/06/15 10:01:52 INFO StandaloneSchedulerBackend: SchedulerBackend is ready for scheduling beginning after reached minRegisteredResourcesRatio: 0.0
[2023-06-15T10:01:54.874+0000] {spark_submit.py:490} INFO - 23/06/15 10:01:54 INFO SharedState: Setting hive.metastore.warehouse.dir ('null') to the value of spark.sql.warehouse.dir.
[2023-06-15T10:01:54.894+0000] {spark_submit.py:490} INFO - 23/06/15 10:01:54 INFO SharedState: Warehouse path is 'file:/opt/***/spark-warehouse'.
[2023-06-15T10:01:56.035+0000] {spark_submit.py:490} INFO - 23/06/15 10:01:56 INFO StandaloneSchedulerBackend$StandaloneDriverEndpoint: Registered executor NettyRpcEndpointRef(spark-client://Executor) (172.27.0.2:33894) with ID 0,  ResourceProfileId 0
[2023-06-15T10:01:56.098+0000] {spark_submit.py:490} INFO - 23/06/15 10:01:56 INFO BlockManagerMasterEndpoint: Registering block manager 172.27.0.2:37803 with 434.4 MiB RAM, BlockManagerId(0, 172.27.0.2, 37803, None)
[2023-06-15T10:01:58.329+0000] {spark_submit.py:490} INFO - {'code': 400, 'message': 'No data is available on the specified dates. Try setting different start/end dates.', 'status': 'error', 'meta': {'symbol': 'AAPL', 'interval': '1h', 'exchange': ''}}
[2023-06-15T10:01:58.339+0000] {spark_submit.py:490} INFO - ERROR:root:Something error
[2023-06-15T10:01:58.463+0000] {spark_submit.py:490} INFO - 23/06/15 10:01:58 INFO SparkContext: Invoking stop() from shutdown hook
[2023-06-15T10:01:58.464+0000] {spark_submit.py:490} INFO - 23/06/15 10:01:58 INFO SparkContext: SparkContext is stopping with exitCode 0.
[2023-06-15T10:01:58.483+0000] {spark_submit.py:490} INFO - 23/06/15 10:01:58 INFO SparkUI: Stopped Spark web UI at http://69b643fc97df:4040
[2023-06-15T10:01:58.493+0000] {spark_submit.py:490} INFO - 23/06/15 10:01:58 INFO StandaloneSchedulerBackend: Shutting down all executors
[2023-06-15T10:01:58.494+0000] {spark_submit.py:490} INFO - 23/06/15 10:01:58 INFO StandaloneSchedulerBackend$StandaloneDriverEndpoint: Asking each executor to shut down
[2023-06-15T10:01:58.542+0000] {spark_submit.py:490} INFO - 23/06/15 10:01:58 INFO MapOutputTrackerMasterEndpoint: MapOutputTrackerMasterEndpoint stopped!
[2023-06-15T10:01:58.563+0000] {spark_submit.py:490} INFO - 23/06/15 10:01:58 INFO MemoryStore: MemoryStore cleared
[2023-06-15T10:01:58.565+0000] {spark_submit.py:490} INFO - 23/06/15 10:01:58 INFO BlockManager: BlockManager stopped
[2023-06-15T10:01:58.585+0000] {spark_submit.py:490} INFO - 23/06/15 10:01:58 INFO BlockManagerMaster: BlockManagerMaster stopped
[2023-06-15T10:01:58.589+0000] {spark_submit.py:490} INFO - 23/06/15 10:01:58 INFO OutputCommitCoordinator$OutputCommitCoordinatorEndpoint: OutputCommitCoordinator stopped!
[2023-06-15T10:01:58.600+0000] {spark_submit.py:490} INFO - 23/06/15 10:01:58 INFO SparkContext: Successfully stopped SparkContext
[2023-06-15T10:01:58.601+0000] {spark_submit.py:490} INFO - 23/06/15 10:01:58 INFO ShutdownHookManager: Shutdown hook called
[2023-06-15T10:01:58.602+0000] {spark_submit.py:490} INFO - 23/06/15 10:01:58 INFO ShutdownHookManager: Deleting directory /tmp/spark-37c19a87-4496-4bda-ad49-b3b7d815f2c9
[2023-06-15T10:01:58.606+0000] {spark_submit.py:490} INFO - 23/06/15 10:01:58 INFO ShutdownHookManager: Deleting directory /tmp/spark-3d54e766-cd87-42b8-942b-c82a219a8070
[2023-06-15T10:01:58.610+0000] {spark_submit.py:490} INFO - 23/06/15 10:01:58 INFO ShutdownHookManager: Deleting directory /tmp/spark-37c19a87-4496-4bda-ad49-b3b7d815f2c9/pyspark-60993b9f-564e-4423-88a3-a01b55ba53f5
[2023-06-15T10:01:58.675+0000] {taskinstance.py:1345} INFO - Marking task as SUCCESS. dag_id=upload_to_gcs, task_id=spark_load_stock_data, execution_date=20210207T000000, start_date=20230615T100147, end_date=20230615T100158
[2023-06-15T10:01:58.725+0000] {local_task_job_runner.py:225} INFO - Task exited with return code 0
[2023-06-15T10:01:58.743+0000] {taskinstance.py:2651} INFO - 0 downstream tasks scheduled from follow-on schedule check
