[2023-06-15T09:59:47.880+0000] {taskinstance.py:1103} INFO - Dependencies all met for dep_context=non-requeueable deps ti=<TaskInstance: upload_to_gcs.spark_load_stock_data backfill__2021-02-05T00:00:00+00:00 [queued]>
[2023-06-15T09:59:47.893+0000] {taskinstance.py:1103} INFO - Dependencies all met for dep_context=requeueable deps ti=<TaskInstance: upload_to_gcs.spark_load_stock_data backfill__2021-02-05T00:00:00+00:00 [queued]>
[2023-06-15T09:59:47.894+0000] {taskinstance.py:1308} INFO - Starting attempt 1 of 2
[2023-06-15T09:59:47.920+0000] {taskinstance.py:1327} INFO - Executing <Task(SparkSubmitOperator): spark_load_stock_data> on 2021-02-05 00:00:00+00:00
[2023-06-15T09:59:47.926+0000] {standard_task_runner.py:57} INFO - Started process 9311 to run task
[2023-06-15T09:59:47.928+0000] {standard_task_runner.py:84} INFO - Running: ['***', 'tasks', 'run', 'upload_to_gcs', 'spark_load_stock_data', 'backfill__2021-02-05T00:00:00+00:00', '--job-id', '427', '--pool', 'default_pool', '--raw', '--subdir', 'DAGS_FOLDER/upload_to_gcs.py', '--cfg-path', '/tmp/tmpnbyx074p']
[2023-06-15T09:59:47.929+0000] {standard_task_runner.py:85} INFO - Job 427: Subtask spark_load_stock_data
[2023-06-15T09:59:47.968+0000] {task_command.py:410} INFO - Running <TaskInstance: upload_to_gcs.spark_load_stock_data backfill__2021-02-05T00:00:00+00:00 [running]> on host 69b643fc97df
[2023-06-15T09:59:48.038+0000] {taskinstance.py:1545} INFO - Exporting env vars: AIRFLOW_CTX_DAG_OWNER='***' AIRFLOW_CTX_DAG_ID='upload_to_gcs' AIRFLOW_CTX_TASK_ID='spark_load_stock_data' AIRFLOW_CTX_EXECUTION_DATE='2021-02-05T00:00:00+00:00' AIRFLOW_CTX_TRY_NUMBER='1' AIRFLOW_CTX_DAG_RUN_ID='backfill__2021-02-05T00:00:00+00:00'
[2023-06-15T09:59:48.045+0000] {base.py:73} INFO - Using connection ID 'spark_default' for task execution.
[2023-06-15T09:59:48.046+0000] {spark_submit.py:339} INFO - Spark-Submit cmd: spark-submit --master spark://spark:7077 --name arrow-spark --verbose /opt/spark/app/load_data.py 2021-02-05 2efb4e0c80a041b794abaf4369e76869 dtc-de-382609_bucket
[2023-06-15T09:59:48.068+0000] {spark_submit.py:490} INFO - /opt/***/spark/spark-3.4.0-bin-hadoop3/bin/load-spark-env.sh: line 68: ps: command not found
[2023-06-15T09:59:49.665+0000] {spark_submit.py:490} INFO - Using properties file: null
[2023-06-15T09:59:49.835+0000] {spark_submit.py:490} INFO - Parsed arguments:
[2023-06-15T09:59:49.835+0000] {spark_submit.py:490} INFO - master                  spark://spark:7077
[2023-06-15T09:59:49.835+0000] {spark_submit.py:490} INFO - remote                  null
[2023-06-15T09:59:49.835+0000] {spark_submit.py:490} INFO - deployMode              null
[2023-06-15T09:59:49.835+0000] {spark_submit.py:490} INFO - executorMemory          null
[2023-06-15T09:59:49.835+0000] {spark_submit.py:490} INFO - executorCores           null
[2023-06-15T09:59:49.835+0000] {spark_submit.py:490} INFO - totalExecutorCores      null
[2023-06-15T09:59:49.835+0000] {spark_submit.py:490} INFO - propertiesFile          null
[2023-06-15T09:59:49.835+0000] {spark_submit.py:490} INFO - driverMemory            null
[2023-06-15T09:59:49.836+0000] {spark_submit.py:490} INFO - driverCores             null
[2023-06-15T09:59:49.836+0000] {spark_submit.py:490} INFO - driverExtraClassPath    null
[2023-06-15T09:59:49.836+0000] {spark_submit.py:490} INFO - driverExtraLibraryPath  null
[2023-06-15T09:59:49.836+0000] {spark_submit.py:490} INFO - driverExtraJavaOptions  null
[2023-06-15T09:59:49.836+0000] {spark_submit.py:490} INFO - supervise               false
[2023-06-15T09:59:49.836+0000] {spark_submit.py:490} INFO - queue                   null
[2023-06-15T09:59:49.836+0000] {spark_submit.py:490} INFO - numExecutors            null
[2023-06-15T09:59:49.836+0000] {spark_submit.py:490} INFO - files                   null
[2023-06-15T09:59:49.837+0000] {spark_submit.py:490} INFO - pyFiles                 null
[2023-06-15T09:59:49.837+0000] {spark_submit.py:490} INFO - archives                null
[2023-06-15T09:59:49.837+0000] {spark_submit.py:490} INFO - mainClass               null
[2023-06-15T09:59:49.837+0000] {spark_submit.py:490} INFO - primaryResource         file:/opt/spark/app/load_data.py
[2023-06-15T09:59:49.837+0000] {spark_submit.py:490} INFO - name                    arrow-spark
[2023-06-15T09:59:49.837+0000] {spark_submit.py:490} INFO - childArgs               [2021-02-05 2efb4e0c80a041b794abaf4369e76869 dtc-de-382609_bucket]
[2023-06-15T09:59:49.837+0000] {spark_submit.py:490} INFO - jars                    null
[2023-06-15T09:59:49.837+0000] {spark_submit.py:490} INFO - packages                null
[2023-06-15T09:59:49.838+0000] {spark_submit.py:490} INFO - packagesExclusions      null
[2023-06-15T09:59:49.838+0000] {spark_submit.py:490} INFO - repositories            null
[2023-06-15T09:59:49.838+0000] {spark_submit.py:490} INFO - verbose                 true
[2023-06-15T09:59:49.838+0000] {spark_submit.py:490} INFO - 
[2023-06-15T09:59:49.838+0000] {spark_submit.py:490} INFO - Spark properties used, including those specified through
[2023-06-15T09:59:49.838+0000] {spark_submit.py:490} INFO - --conf and those from the properties file null:
[2023-06-15T09:59:49.838+0000] {spark_submit.py:490} INFO - 
[2023-06-15T09:59:49.838+0000] {spark_submit.py:490} INFO - 
[2023-06-15T09:59:49.839+0000] {spark_submit.py:490} INFO - 
[2023-06-15T09:59:50.147+0000] {spark_submit.py:490} INFO - Main class:
[2023-06-15T09:59:50.148+0000] {spark_submit.py:490} INFO - org.apache.spark.deploy.PythonRunner
[2023-06-15T09:59:50.148+0000] {spark_submit.py:490} INFO - Arguments:
[2023-06-15T09:59:50.148+0000] {spark_submit.py:490} INFO - file:/opt/spark/app/load_data.py
[2023-06-15T09:59:50.148+0000] {spark_submit.py:490} INFO - null
[2023-06-15T09:59:50.148+0000] {spark_submit.py:490} INFO - 2021-02-05
[2023-06-15T09:59:50.148+0000] {spark_submit.py:490} INFO - 2efb4e0c80a041b794abaf4369e76869
[2023-06-15T09:59:50.148+0000] {spark_submit.py:490} INFO - dtc-de-382609_bucket
[2023-06-15T09:59:50.151+0000] {spark_submit.py:490} INFO - Spark config:
[2023-06-15T09:59:50.151+0000] {spark_submit.py:490} INFO - (spark.app.name,arrow-spark)
[2023-06-15T09:59:50.152+0000] {spark_submit.py:490} INFO - (spark.app.submitTime,1686823190132)
[2023-06-15T09:59:50.152+0000] {spark_submit.py:490} INFO - (spark.master,spark://spark:7077)
[2023-06-15T09:59:50.152+0000] {spark_submit.py:490} INFO - (spark.submit.deployMode,client)
[2023-06-15T09:59:50.152+0000] {spark_submit.py:490} INFO - (spark.submit.pyFiles,)
[2023-06-15T09:59:50.152+0000] {spark_submit.py:490} INFO - Classpath elements:
[2023-06-15T09:59:50.152+0000] {spark_submit.py:490} INFO - 
[2023-06-15T09:59:50.153+0000] {spark_submit.py:490} INFO - 
[2023-06-15T09:59:50.153+0000] {spark_submit.py:490} INFO - 
[2023-06-15T09:59:51.391+0000] {spark_submit.py:490} INFO - 23/06/15 09:59:51 INFO SparkContext: Running Spark version 3.4.0
[2023-06-15T09:59:51.450+0000] {spark_submit.py:490} INFO - 23/06/15 09:59:51 WARN NativeCodeLoader: Unable to load native-hadoop library for your platform... using builtin-java classes where applicable
[2023-06-15T09:59:51.580+0000] {spark_submit.py:490} INFO - 23/06/15 09:59:51 INFO ResourceUtils: ==============================================================
[2023-06-15T09:59:51.581+0000] {spark_submit.py:490} INFO - 23/06/15 09:59:51 INFO ResourceUtils: No custom resources configured for spark.driver.
[2023-06-15T09:59:51.581+0000] {spark_submit.py:490} INFO - 23/06/15 09:59:51 INFO ResourceUtils: ==============================================================
[2023-06-15T09:59:51.582+0000] {spark_submit.py:490} INFO - 23/06/15 09:59:51 INFO SparkContext: Submitted application: SparkUploadData
[2023-06-15T09:59:51.616+0000] {spark_submit.py:490} INFO - 23/06/15 09:59:51 INFO ResourceProfile: Default ResourceProfile created, executor resources: Map(memory -> name: memory, amount: 1024, script: , vendor: , offHeap -> name: offHeap, amount: 0, script: , vendor: ), task resources: Map(cpus -> name: cpus, amount: 1.0)
[2023-06-15T09:59:51.634+0000] {spark_submit.py:490} INFO - 23/06/15 09:59:51 INFO ResourceProfile: Limiting resource is cpu
[2023-06-15T09:59:51.635+0000] {spark_submit.py:490} INFO - 23/06/15 09:59:51 INFO ResourceProfileManager: Added ResourceProfile id: 0
[2023-06-15T09:59:51.710+0000] {spark_submit.py:490} INFO - 23/06/15 09:59:51 INFO SecurityManager: Changing view acls to: default
[2023-06-15T09:59:51.710+0000] {spark_submit.py:490} INFO - 23/06/15 09:59:51 INFO SecurityManager: Changing modify acls to: default
[2023-06-15T09:59:51.711+0000] {spark_submit.py:490} INFO - 23/06/15 09:59:51 INFO SecurityManager: Changing view acls groups to:
[2023-06-15T09:59:51.711+0000] {spark_submit.py:490} INFO - 23/06/15 09:59:51 INFO SecurityManager: Changing modify acls groups to:
[2023-06-15T09:59:51.712+0000] {spark_submit.py:490} INFO - 23/06/15 09:59:51 INFO SecurityManager: SecurityManager: authentication disabled; ui acls disabled; users with view permissions: default; groups with view permissions: EMPTY; users with modify permissions: default; groups with modify permissions: EMPTY
[2023-06-15T09:59:51.980+0000] {spark_submit.py:490} INFO - 23/06/15 09:59:51 INFO Utils: Successfully started service 'sparkDriver' on port 41671.
[2023-06-15T09:59:52.023+0000] {spark_submit.py:490} INFO - 23/06/15 09:59:52 INFO SparkEnv: Registering MapOutputTracker
[2023-06-15T09:59:52.068+0000] {spark_submit.py:490} INFO - 23/06/15 09:59:52 INFO SparkEnv: Registering BlockManagerMaster
[2023-06-15T09:59:52.089+0000] {spark_submit.py:490} INFO - 23/06/15 09:59:52 INFO BlockManagerMasterEndpoint: Using org.apache.spark.storage.DefaultTopologyMapper for getting topology information
[2023-06-15T09:59:52.090+0000] {spark_submit.py:490} INFO - 23/06/15 09:59:52 INFO BlockManagerMasterEndpoint: BlockManagerMasterEndpoint up
[2023-06-15T09:59:52.094+0000] {spark_submit.py:490} INFO - 23/06/15 09:59:52 INFO SparkEnv: Registering BlockManagerMasterHeartbeat
[2023-06-15T09:59:52.120+0000] {spark_submit.py:490} INFO - 23/06/15 09:59:52 INFO DiskBlockManager: Created local directory at /tmp/blockmgr-a2a3bfe9-7daa-4119-a8e1-571e56a827a1
[2023-06-15T09:59:52.159+0000] {spark_submit.py:490} INFO - 23/06/15 09:59:52 INFO MemoryStore: MemoryStore started with capacity 434.4 MiB
[2023-06-15T09:59:52.173+0000] {spark_submit.py:490} INFO - 23/06/15 09:59:52 INFO SparkEnv: Registering OutputCommitCoordinator
[2023-06-15T09:59:52.332+0000] {spark_submit.py:490} INFO - 23/06/15 09:59:52 INFO JettyUtils: Start Jetty 0.0.0.0:4040 for SparkUI
[2023-06-15T09:59:52.401+0000] {spark_submit.py:490} INFO - 23/06/15 09:59:52 INFO Utils: Successfully started service 'SparkUI' on port 4040.
[2023-06-15T09:59:52.539+0000] {spark_submit.py:490} INFO - 23/06/15 09:59:52 INFO StandaloneAppClient$ClientEndpoint: Connecting to master spark://spark:7077...
[2023-06-15T09:59:52.605+0000] {spark_submit.py:490} INFO - 23/06/15 09:59:52 INFO TransportClientFactory: Successfully created connection to spark/172.27.0.3:7077 after 39 ms (0 ms spent in bootstraps)
[2023-06-15T09:59:52.694+0000] {spark_submit.py:490} INFO - 23/06/15 09:59:52 INFO StandaloneSchedulerBackend: Connected to Spark cluster with app ID app-20230615095952-0035
[2023-06-15T09:59:52.697+0000] {spark_submit.py:490} INFO - 23/06/15 09:59:52 INFO StandaloneAppClient$ClientEndpoint: Executor added: app-20230615095952-0035/0 on worker-20230615091312-172.27.0.2-45907 (172.27.0.2:45907) with 2 core(s)
[2023-06-15T09:59:52.699+0000] {spark_submit.py:490} INFO - 23/06/15 09:59:52 INFO StandaloneSchedulerBackend: Granted executor ID app-20230615095952-0035/0 on hostPort 172.27.0.2:45907 with 2 core(s), 1024.0 MiB RAM
[2023-06-15T09:59:52.702+0000] {spark_submit.py:490} INFO - 23/06/15 09:59:52 INFO Utils: Successfully started service 'org.apache.spark.network.netty.NettyBlockTransferService' on port 35879.
[2023-06-15T09:59:52.703+0000] {spark_submit.py:490} INFO - 23/06/15 09:59:52 INFO NettyBlockTransferService: Server created on 69b643fc97df:35879
[2023-06-15T09:59:52.704+0000] {spark_submit.py:490} INFO - 23/06/15 09:59:52 INFO BlockManager: Using org.apache.spark.storage.RandomBlockReplicationPolicy for block replication policy
[2023-06-15T09:59:52.716+0000] {spark_submit.py:490} INFO - 23/06/15 09:59:52 INFO BlockManagerMaster: Registering BlockManager BlockManagerId(driver, 69b643fc97df, 35879, None)
[2023-06-15T09:59:52.722+0000] {spark_submit.py:490} INFO - 23/06/15 09:59:52 INFO BlockManagerMasterEndpoint: Registering block manager 69b643fc97df:35879 with 434.4 MiB RAM, BlockManagerId(driver, 69b643fc97df, 35879, None)
[2023-06-15T09:59:52.727+0000] {spark_submit.py:490} INFO - 23/06/15 09:59:52 INFO BlockManagerMaster: Registered BlockManager BlockManagerId(driver, 69b643fc97df, 35879, None)
[2023-06-15T09:59:52.729+0000] {spark_submit.py:490} INFO - 23/06/15 09:59:52 INFO BlockManager: Initialized BlockManager: BlockManagerId(driver, 69b643fc97df, 35879, None)
[2023-06-15T09:59:52.737+0000] {spark_submit.py:490} INFO - 23/06/15 09:59:52 INFO StandaloneAppClient$ClientEndpoint: Executor updated: app-20230615095952-0035/0 is now RUNNING
[2023-06-15T09:59:53.045+0000] {spark_submit.py:490} INFO - 23/06/15 09:59:53 INFO StandaloneSchedulerBackend: SchedulerBackend is ready for scheduling beginning after reached minRegisteredResourcesRatio: 0.0
[2023-06-15T09:59:55.025+0000] {spark_submit.py:490} INFO - 23/06/15 09:59:55 INFO SharedState: Setting hive.metastore.warehouse.dir ('null') to the value of spark.sql.warehouse.dir.
[2023-06-15T09:59:55.036+0000] {spark_submit.py:490} INFO - 23/06/15 09:59:55 INFO SharedState: Warehouse path is 'file:/opt/***/spark-warehouse'.
[2023-06-15T09:59:56.229+0000] {spark_submit.py:490} INFO - 23/06/15 09:59:56 INFO StandaloneSchedulerBackend$StandaloneDriverEndpoint: Registered executor NettyRpcEndpointRef(spark-client://Executor) (172.27.0.2:41810) with ID 0,  ResourceProfileId 0
[2023-06-15T09:59:56.304+0000] {spark_submit.py:490} INFO - 23/06/15 09:59:56 INFO BlockManagerMasterEndpoint: Registering block manager 172.27.0.2:35059 with 434.4 MiB RAM, BlockManagerId(0, 172.27.0.2, 35059, None)
[2023-06-15T09:59:59.316+0000] {spark_submit.py:490} INFO - {'meta': {'symbol': 'AAPL', 'interval': '1h', 'currency': 'USD', 'exchange_timezone': 'America/New_York', 'exchange': 'NASDAQ', 'mic_code': 'XNGS', 'type': 'Common Stock'}, 'values': [{'datetime': '2021-02-05 15:30:00', 'open': '136.20000', 'high': '136.83000', 'low': '136.20000', 'close': '136.75999', 'volume': '4822779'}, {'datetime': '2021-02-05 14:30:00', 'open': '136.59000', 'high': '136.74001', 'low': '136.07001', 'close': '136.20500', 'volume': '4536500'}, {'datetime': '2021-02-05 13:30:00', 'open': '137.07500', 'high': '137.08000', 'low': '136.45081', 'close': '136.57001', 'volume': '7311017'}, {'datetime': '2021-02-05 12:30:00', 'open': '136.98000', 'high': '137.32001', 'low': '136.82001', 'close': '137.07500', 'volume': '3831877'}, {'datetime': '2021-02-05 11:30:00', 'open': '136.31000', 'high': '137.00999', 'low': '136.31000', 'close': '137.00000', 'volume': '4049913'}, {'datetime': '2021-02-05 10:30:00', 'open': '136.39000', 'high': '136.67000', 'low': '136.00000', 'close': '136.28999', 'volume': '3676152'}, {'datetime': '2021-02-05 09:30:00', 'open': '137.35001', 'high': '137.41000', 'low': '135.86000', 'close': '136.39500', 'volume': '14946645'}], 'status': 'ok'}
[2023-06-15T10:00:00.496+0000] {spark_submit.py:490} INFO - 23/06/15 10:00:00 INFO CodeGenerator: Code generated in 406.179648 ms
[2023-06-15T10:00:00.667+0000] {spark_submit.py:490} INFO - 23/06/15 10:00:00 INFO SparkContext: Starting job: json at NativeMethodAccessorImpl.java:0
[2023-06-15T10:00:00.694+0000] {spark_submit.py:490} INFO - 23/06/15 10:00:00 INFO DAGScheduler: Got job 0 (json at NativeMethodAccessorImpl.java:0) with 2 output partitions
[2023-06-15T10:00:00.695+0000] {spark_submit.py:490} INFO - 23/06/15 10:00:00 INFO DAGScheduler: Final stage: ResultStage 0 (json at NativeMethodAccessorImpl.java:0)
[2023-06-15T10:00:00.696+0000] {spark_submit.py:490} INFO - 23/06/15 10:00:00 INFO DAGScheduler: Parents of final stage: List()
[2023-06-15T10:00:00.697+0000] {spark_submit.py:490} INFO - 23/06/15 10:00:00 INFO DAGScheduler: Missing parents: List()
[2023-06-15T10:00:00.704+0000] {spark_submit.py:490} INFO - 23/06/15 10:00:00 INFO DAGScheduler: Submitting ResultStage 0 (MapPartitionsRDD[11] at json at NativeMethodAccessorImpl.java:0), which has no missing parents
[2023-06-15T10:00:00.800+0000] {spark_submit.py:490} INFO - 23/06/15 10:00:00 INFO MemoryStore: Block broadcast_0 stored as values in memory (estimated size 19.8 KiB, free 434.4 MiB)
[2023-06-15T10:00:00.828+0000] {spark_submit.py:490} INFO - 23/06/15 10:00:00 INFO MemoryStore: Block broadcast_0_piece0 stored as bytes in memory (estimated size 9.7 KiB, free 434.4 MiB)
[2023-06-15T10:00:00.831+0000] {spark_submit.py:490} INFO - 23/06/15 10:00:00 INFO BlockManagerInfo: Added broadcast_0_piece0 in memory on 69b643fc97df:35879 (size: 9.7 KiB, free: 434.4 MiB)
[2023-06-15T10:00:00.834+0000] {spark_submit.py:490} INFO - 23/06/15 10:00:00 INFO SparkContext: Created broadcast 0 from broadcast at DAGScheduler.scala:1535
[2023-06-15T10:00:00.846+0000] {spark_submit.py:490} INFO - 23/06/15 10:00:00 INFO DAGScheduler: Submitting 2 missing tasks from ResultStage 0 (MapPartitionsRDD[11] at json at NativeMethodAccessorImpl.java:0) (first 15 tasks are for partitions Vector(0, 1))
[2023-06-15T10:00:00.847+0000] {spark_submit.py:490} INFO - 23/06/15 10:00:00 INFO TaskSchedulerImpl: Adding task set 0.0 with 2 tasks resource profile 0
[2023-06-15T10:00:00.879+0000] {spark_submit.py:490} INFO - 23/06/15 10:00:00 INFO TaskSetManager: Starting task 0.0 in stage 0.0 (TID 0) (172.27.0.2, executor 0, partition 0, PROCESS_LOCAL, 7347 bytes)
[2023-06-15T10:00:00.883+0000] {spark_submit.py:490} INFO - 23/06/15 10:00:00 INFO TaskSetManager: Starting task 1.0 in stage 0.0 (TID 1) (172.27.0.2, executor 0, partition 1, PROCESS_LOCAL, 8085 bytes)
[2023-06-15T10:00:01.127+0000] {spark_submit.py:490} INFO - 23/06/15 10:00:01 INFO BlockManagerInfo: Added broadcast_0_piece0 in memory on 172.27.0.2:35059 (size: 9.7 KiB, free: 434.4 MiB)
[2023-06-15T10:00:02.621+0000] {spark_submit.py:490} INFO - 23/06/15 10:00:02 INFO TaskSetManager: Finished task 0.0 in stage 0.0 (TID 0) in 1749 ms on 172.27.0.2 (executor 0) (1/2)
[2023-06-15T10:00:02.624+0000] {spark_submit.py:490} INFO - 23/06/15 10:00:02 INFO TaskSetManager: Finished task 1.0 in stage 0.0 (TID 1) in 1742 ms on 172.27.0.2 (executor 0) (2/2)
[2023-06-15T10:00:02.625+0000] {spark_submit.py:490} INFO - 23/06/15 10:00:02 INFO TaskSchedulerImpl: Removed TaskSet 0.0, whose tasks have all completed, from pool
[2023-06-15T10:00:02.630+0000] {spark_submit.py:490} INFO - 23/06/15 10:00:02 INFO PythonAccumulatorV2: Connected to AccumulatorServer at host: 127.0.0.1 port: 54345
[2023-06-15T10:00:02.637+0000] {spark_submit.py:490} INFO - 23/06/15 10:00:02 INFO DAGScheduler: ResultStage 0 (json at NativeMethodAccessorImpl.java:0) finished in 1.919 s
[2023-06-15T10:00:02.640+0000] {spark_submit.py:490} INFO - 23/06/15 10:00:02 INFO DAGScheduler: Job 0 is finished. Cancelling potential speculative or zombie tasks for this job
[2023-06-15T10:00:02.641+0000] {spark_submit.py:490} INFO - 23/06/15 10:00:02 INFO TaskSchedulerImpl: Killing all running tasks in stage 0: Stage finished
[2023-06-15T10:00:02.644+0000] {spark_submit.py:490} INFO - 23/06/15 10:00:02 INFO DAGScheduler: Job 0 finished: json at NativeMethodAccessorImpl.java:0, took 1.976266 s
[2023-06-15T10:00:04.334+0000] {spark_submit.py:490} INFO - {'meta': {'symbol': 'MSFT', 'interval': '1h', 'currency': 'USD', 'exchange_timezone': 'America/New_York', 'exchange': 'NASDAQ', 'mic_code': 'XNGS', 'type': 'Common Stock'}, 'values': [{'datetime': '2021-02-05 15:30:00', 'open': '241.48000', 'high': '242.25000', 'low': '241.17999', 'close': '242.20000', 'volume': '1409225'}, {'datetime': '2021-02-05 14:30:00', 'open': '241.95000', 'high': '242.07001', 'low': '241.35001', 'close': '241.50999', 'volume': '1128327'}, {'datetime': '2021-02-05 13:30:00', 'open': '242.44209', 'high': '242.48000', 'low': '241.88000', 'close': '241.95000', 'volume': '1470840'}, {'datetime': '2021-02-05 12:30:00', 'open': '241.77000', 'high': '242.67000', 'low': '241.73000', 'close': '242.44530', 'volume': '910739'}, {'datetime': '2021-02-05 11:30:00', 'open': '240.92999', 'high': '241.99001', 'low': '240.81000', 'close': '241.73000', 'volume': '1008266'}, {'datetime': '2021-02-05 10:30:00', 'open': '241.56000', 'high': '241.98000', 'low': '240.78999', 'close': '240.88210', 'volume': '1259254'}, {'datetime': '2021-02-05 09:30:00', 'open': '242.23000', 'high': '243.28000', 'low': '240.42999', 'close': '241.58000', 'volume': '4390200'}], 'status': 'ok'}
[2023-06-15T10:00:04.399+0000] {spark_submit.py:490} INFO - 23/06/15 10:00:04 INFO SparkContext: Starting job: json at NativeMethodAccessorImpl.java:0
[2023-06-15T10:00:04.400+0000] {spark_submit.py:490} INFO - 23/06/15 10:00:04 INFO DAGScheduler: Got job 1 (json at NativeMethodAccessorImpl.java:0) with 2 output partitions
[2023-06-15T10:00:04.401+0000] {spark_submit.py:490} INFO - 23/06/15 10:00:04 INFO DAGScheduler: Final stage: ResultStage 1 (json at NativeMethodAccessorImpl.java:0)
[2023-06-15T10:00:04.401+0000] {spark_submit.py:490} INFO - 23/06/15 10:00:04 INFO DAGScheduler: Parents of final stage: List()
[2023-06-15T10:00:04.401+0000] {spark_submit.py:490} INFO - 23/06/15 10:00:04 INFO DAGScheduler: Missing parents: List()
[2023-06-15T10:00:04.402+0000] {spark_submit.py:490} INFO - 23/06/15 10:00:04 INFO DAGScheduler: Submitting ResultStage 1 (MapPartitionsRDD[22] at json at NativeMethodAccessorImpl.java:0), which has no missing parents
[2023-06-15T10:00:04.408+0000] {spark_submit.py:490} INFO - 23/06/15 10:00:04 INFO MemoryStore: Block broadcast_1 stored as values in memory (estimated size 19.8 KiB, free 434.4 MiB)
[2023-06-15T10:00:04.411+0000] {spark_submit.py:490} INFO - 23/06/15 10:00:04 INFO MemoryStore: Block broadcast_1_piece0 stored as bytes in memory (estimated size 9.7 KiB, free 434.3 MiB)
[2023-06-15T10:00:04.412+0000] {spark_submit.py:490} INFO - 23/06/15 10:00:04 INFO BlockManagerInfo: Added broadcast_1_piece0 in memory on 69b643fc97df:35879 (size: 9.7 KiB, free: 434.4 MiB)
[2023-06-15T10:00:04.413+0000] {spark_submit.py:490} INFO - 23/06/15 10:00:04 INFO SparkContext: Created broadcast 1 from broadcast at DAGScheduler.scala:1535
[2023-06-15T10:00:04.413+0000] {spark_submit.py:490} INFO - 23/06/15 10:00:04 INFO DAGScheduler: Submitting 2 missing tasks from ResultStage 1 (MapPartitionsRDD[22] at json at NativeMethodAccessorImpl.java:0) (first 15 tasks are for partitions Vector(0, 1))
[2023-06-15T10:00:04.414+0000] {spark_submit.py:490} INFO - 23/06/15 10:00:04 INFO TaskSchedulerImpl: Adding task set 1.0 with 2 tasks resource profile 0
[2023-06-15T10:00:04.415+0000] {spark_submit.py:490} INFO - 23/06/15 10:00:04 INFO TaskSetManager: Starting task 0.0 in stage 1.0 (TID 2) (172.27.0.2, executor 0, partition 0, PROCESS_LOCAL, 7347 bytes)
[2023-06-15T10:00:04.416+0000] {spark_submit.py:490} INFO - 23/06/15 10:00:04 INFO TaskSetManager: Starting task 1.0 in stage 1.0 (TID 3) (172.27.0.2, executor 0, partition 1, PROCESS_LOCAL, 8083 bytes)
[2023-06-15T10:00:04.434+0000] {spark_submit.py:490} INFO - 23/06/15 10:00:04 INFO BlockManagerInfo: Added broadcast_1_piece0 in memory on 172.27.0.2:35059 (size: 9.7 KiB, free: 434.4 MiB)
[2023-06-15T10:00:04.498+0000] {spark_submit.py:490} INFO - 23/06/15 10:00:04 INFO TaskSetManager: Finished task 0.0 in stage 1.0 (TID 2) in 83 ms on 172.27.0.2 (executor 0) (1/2)
[2023-06-15T10:00:04.499+0000] {spark_submit.py:490} INFO - 23/06/15 10:00:04 INFO TaskSetManager: Finished task 1.0 in stage 1.0 (TID 3) in 84 ms on 172.27.0.2 (executor 0) (2/2)
[2023-06-15T10:00:04.499+0000] {spark_submit.py:490} INFO - 23/06/15 10:00:04 INFO TaskSchedulerImpl: Removed TaskSet 1.0, whose tasks have all completed, from pool
[2023-06-15T10:00:04.500+0000] {spark_submit.py:490} INFO - 23/06/15 10:00:04 INFO DAGScheduler: ResultStage 1 (json at NativeMethodAccessorImpl.java:0) finished in 0.097 s
[2023-06-15T10:00:04.501+0000] {spark_submit.py:490} INFO - 23/06/15 10:00:04 INFO DAGScheduler: Job 1 is finished. Cancelling potential speculative or zombie tasks for this job
[2023-06-15T10:00:04.501+0000] {spark_submit.py:490} INFO - 23/06/15 10:00:04 INFO TaskSchedulerImpl: Killing all running tasks in stage 1: Stage finished
[2023-06-15T10:00:04.501+0000] {spark_submit.py:490} INFO - 23/06/15 10:00:04 INFO DAGScheduler: Job 1 finished: json at NativeMethodAccessorImpl.java:0, took 0.101774 s
[2023-06-15T10:00:07.406+0000] {spark_submit.py:490} INFO - {'meta': {'symbol': 'GOOG', 'interval': '1h', 'currency': 'USD', 'exchange_timezone': 'America/New_York', 'exchange': 'NASDAQ', 'mic_code': 'XNGS', 'type': 'Common Stock'}, 'values': [{'datetime': '2021-02-05 15:30:00', 'open': '2088.87988', 'high': '2099.29004', 'low': '2088.35010', 'close': '2098.08008', 'volume': '43550'}, {'datetime': '2021-02-05 14:30:00', 'open': '2095.09009', 'high': '2097.63989', 'low': '2086.19995', 'close': '2088.37012', 'volume': '62634'}, {'datetime': '2021-02-05 13:30:00', 'open': '2094.04590', 'high': '2098.58008', 'low': '2090.00000', 'close': '2094.81470', 'volume': '57738'}, {'datetime': '2021-02-05 12:30:00', 'open': '2088.26489', 'high': '2102.40991', 'low': '2086.62231', 'close': '2094.00000', 'volume': '123752'}, {'datetime': '2021-02-05 11:30:00', 'open': '2069.00000', 'high': '2092.95996', 'low': '2067.46997', 'close': '2087.67993', 'volume': '89909'}, {'datetime': '2021-02-05 10:30:00', 'open': '2069.48999', 'high': '2076.33008', 'low': '2064.18994', 'close': '2068.05005', 'volume': '46347'}, {'datetime': '2021-02-05 09:30:00', 'open': '2067.87988', 'high': '2080.93994', 'low': '2060.01001', 'close': '2070.81006', 'volume': '100433'}], 'status': 'ok'}
[2023-06-15T10:00:07.474+0000] {spark_submit.py:490} INFO - 23/06/15 10:00:07 INFO SparkContext: Starting job: json at NativeMethodAccessorImpl.java:0
[2023-06-15T10:00:07.477+0000] {spark_submit.py:490} INFO - 23/06/15 10:00:07 INFO DAGScheduler: Got job 2 (json at NativeMethodAccessorImpl.java:0) with 2 output partitions
[2023-06-15T10:00:07.477+0000] {spark_submit.py:490} INFO - 23/06/15 10:00:07 INFO DAGScheduler: Final stage: ResultStage 2 (json at NativeMethodAccessorImpl.java:0)
[2023-06-15T10:00:07.477+0000] {spark_submit.py:490} INFO - 23/06/15 10:00:07 INFO DAGScheduler: Parents of final stage: List()
[2023-06-15T10:00:07.477+0000] {spark_submit.py:490} INFO - 23/06/15 10:00:07 INFO DAGScheduler: Missing parents: List()
[2023-06-15T10:00:07.478+0000] {spark_submit.py:490} INFO - 23/06/15 10:00:07 INFO DAGScheduler: Submitting ResultStage 2 (MapPartitionsRDD[33] at json at NativeMethodAccessorImpl.java:0), which has no missing parents
[2023-06-15T10:00:07.486+0000] {spark_submit.py:490} INFO - 23/06/15 10:00:07 INFO MemoryStore: Block broadcast_2 stored as values in memory (estimated size 19.8 KiB, free 434.3 MiB)
[2023-06-15T10:00:07.489+0000] {spark_submit.py:490} INFO - 23/06/15 10:00:07 INFO MemoryStore: Block broadcast_2_piece0 stored as bytes in memory (estimated size 9.7 KiB, free 434.3 MiB)
[2023-06-15T10:00:07.490+0000] {spark_submit.py:490} INFO - 23/06/15 10:00:07 INFO BlockManagerInfo: Added broadcast_2_piece0 in memory on 69b643fc97df:35879 (size: 9.7 KiB, free: 434.4 MiB)
[2023-06-15T10:00:07.491+0000] {spark_submit.py:490} INFO - 23/06/15 10:00:07 INFO SparkContext: Created broadcast 2 from broadcast at DAGScheduler.scala:1535
[2023-06-15T10:00:07.512+0000] {spark_submit.py:490} INFO - 23/06/15 10:00:07 INFO DAGScheduler: Submitting 2 missing tasks from ResultStage 2 (MapPartitionsRDD[33] at json at NativeMethodAccessorImpl.java:0) (first 15 tasks are for partitions Vector(0, 1))
[2023-06-15T10:00:07.515+0000] {spark_submit.py:490} INFO - 23/06/15 10:00:07 INFO TaskSchedulerImpl: Adding task set 2.0 with 2 tasks resource profile 0
[2023-06-15T10:00:07.517+0000] {spark_submit.py:490} INFO - 23/06/15 10:00:07 INFO TaskSetManager: Starting task 0.0 in stage 2.0 (TID 4) (172.27.0.2, executor 0, partition 0, PROCESS_LOCAL, 7347 bytes)
[2023-06-15T10:00:07.517+0000] {spark_submit.py:490} INFO - 23/06/15 10:00:07 INFO TaskSetManager: Starting task 1.0 in stage 2.0 (TID 5) (172.27.0.2, executor 0, partition 1, PROCESS_LOCAL, 8100 bytes)
[2023-06-15T10:00:07.551+0000] {spark_submit.py:490} INFO - 23/06/15 10:00:07 INFO BlockManagerInfo: Removed broadcast_1_piece0 on 69b643fc97df:35879 in memory (size: 9.7 KiB, free: 434.4 MiB)
[2023-06-15T10:00:07.554+0000] {spark_submit.py:490} INFO - 23/06/15 10:00:07 INFO BlockManagerInfo: Added broadcast_2_piece0 in memory on 172.27.0.2:35059 (size: 9.7 KiB, free: 434.4 MiB)
[2023-06-15T10:00:07.565+0000] {spark_submit.py:490} INFO - 23/06/15 10:00:07 INFO BlockManagerInfo: Removed broadcast_1_piece0 on 172.27.0.2:35059 in memory (size: 9.7 KiB, free: 434.4 MiB)
[2023-06-15T10:00:07.592+0000] {spark_submit.py:490} INFO - 23/06/15 10:00:07 INFO BlockManagerInfo: Removed broadcast_0_piece0 on 69b643fc97df:35879 in memory (size: 9.7 KiB, free: 434.4 MiB)
[2023-06-15T10:00:07.602+0000] {spark_submit.py:490} INFO - 23/06/15 10:00:07 INFO BlockManagerInfo: Removed broadcast_0_piece0 on 172.27.0.2:35059 in memory (size: 9.7 KiB, free: 434.4 MiB)
[2023-06-15T10:00:07.630+0000] {spark_submit.py:490} INFO - 23/06/15 10:00:07 INFO TaskSetManager: Finished task 0.0 in stage 2.0 (TID 4) in 114 ms on 172.27.0.2 (executor 0) (1/2)
[2023-06-15T10:00:07.648+0000] {spark_submit.py:490} INFO - 23/06/15 10:00:07 INFO TaskSetManager: Finished task 1.0 in stage 2.0 (TID 5) in 131 ms on 172.27.0.2 (executor 0) (2/2)
[2023-06-15T10:00:07.649+0000] {spark_submit.py:490} INFO - 23/06/15 10:00:07 INFO TaskSchedulerImpl: Removed TaskSet 2.0, whose tasks have all completed, from pool
[2023-06-15T10:00:07.651+0000] {spark_submit.py:490} INFO - 23/06/15 10:00:07 INFO DAGScheduler: ResultStage 2 (json at NativeMethodAccessorImpl.java:0) finished in 0.171 s
[2023-06-15T10:00:07.652+0000] {spark_submit.py:490} INFO - 23/06/15 10:00:07 INFO DAGScheduler: Job 2 is finished. Cancelling potential speculative or zombie tasks for this job
[2023-06-15T10:00:07.653+0000] {spark_submit.py:490} INFO - 23/06/15 10:00:07 INFO TaskSchedulerImpl: Killing all running tasks in stage 2: Stage finished
[2023-06-15T10:00:07.654+0000] {spark_submit.py:490} INFO - 23/06/15 10:00:07 INFO DAGScheduler: Job 2 finished: json at NativeMethodAccessorImpl.java:0, took 0.176621 s
[2023-06-15T10:00:09.338+0000] {spark_submit.py:490} INFO - {'meta': {'symbol': 'AMZN', 'interval': '1h', 'currency': 'USD', 'exchange_timezone': 'America/New_York', 'exchange': 'NASDAQ', 'mic_code': 'XNGS', 'type': 'Common Stock'}, 'values': [{'datetime': '2021-02-05 15:30:00', 'open': '3349.33008', 'high': '3353.92993', 'low': '3342.83008', 'close': '3352.42993', 'volume': '146626'}, {'datetime': '2021-02-05 14:30:00', 'open': '3362.15991', 'high': '3363.81006', 'low': '3347.00000', 'close': '3348.47998', 'volume': '150394'}, {'datetime': '2021-02-05 13:30:00', 'open': '3366.19995', 'high': '3368.46997', 'low': '3341.88989', 'close': '3361.89990', 'volume': '255011'}, {'datetime': '2021-02-05 12:30:00', 'open': '3355.59009', 'high': '3377.00000', 'low': '3351.79004', 'close': '3366.12012', 'volume': '297312'}, {'datetime': '2021-02-05 11:30:00', 'open': '3317.12012', 'high': '3359.53003', 'low': '3317.04395', 'close': '3353.11011', 'volume': '351255'}, {'datetime': '2021-02-05 10:30:00', 'open': '3316.65991', 'high': '3328.78003', 'low': '3312.12891', 'close': '3316.85010', 'volume': '221900'}, {'datetime': '2021-02-05 09:30:00', 'open': '3322.76001', 'high': '3323.71997', 'low': '3304.37988', 'close': '3317.56006', 'volume': '173498'}], 'status': 'ok'}
[2023-06-15T10:00:09.452+0000] {spark_submit.py:490} INFO - 23/06/15 10:00:09 INFO SparkContext: Starting job: json at NativeMethodAccessorImpl.java:0
[2023-06-15T10:00:09.453+0000] {spark_submit.py:490} INFO - 23/06/15 10:00:09 INFO DAGScheduler: Got job 3 (json at NativeMethodAccessorImpl.java:0) with 2 output partitions
[2023-06-15T10:00:09.454+0000] {spark_submit.py:490} INFO - 23/06/15 10:00:09 INFO DAGScheduler: Final stage: ResultStage 3 (json at NativeMethodAccessorImpl.java:0)
[2023-06-15T10:00:09.454+0000] {spark_submit.py:490} INFO - 23/06/15 10:00:09 INFO DAGScheduler: Parents of final stage: List()
[2023-06-15T10:00:09.455+0000] {spark_submit.py:490} INFO - 23/06/15 10:00:09 INFO DAGScheduler: Missing parents: List()
[2023-06-15T10:00:09.458+0000] {spark_submit.py:490} INFO - 23/06/15 10:00:09 INFO DAGScheduler: Submitting ResultStage 3 (MapPartitionsRDD[44] at json at NativeMethodAccessorImpl.java:0), which has no missing parents
[2023-06-15T10:00:09.467+0000] {spark_submit.py:490} INFO - 23/06/15 10:00:09 INFO MemoryStore: Block broadcast_3 stored as values in memory (estimated size 19.8 KiB, free 434.4 MiB)
[2023-06-15T10:00:09.471+0000] {spark_submit.py:490} INFO - 23/06/15 10:00:09 INFO MemoryStore: Block broadcast_3_piece0 stored as bytes in memory (estimated size 9.7 KiB, free 434.3 MiB)
[2023-06-15T10:00:09.473+0000] {spark_submit.py:490} INFO - 23/06/15 10:00:09 INFO BlockManagerInfo: Added broadcast_3_piece0 in memory on 69b643fc97df:35879 (size: 9.7 KiB, free: 434.4 MiB)
[2023-06-15T10:00:09.474+0000] {spark_submit.py:490} INFO - 23/06/15 10:00:09 INFO SparkContext: Created broadcast 3 from broadcast at DAGScheduler.scala:1535
[2023-06-15T10:00:09.476+0000] {spark_submit.py:490} INFO - 23/06/15 10:00:09 INFO DAGScheduler: Submitting 2 missing tasks from ResultStage 3 (MapPartitionsRDD[44] at json at NativeMethodAccessorImpl.java:0) (first 15 tasks are for partitions Vector(0, 1))
[2023-06-15T10:00:09.476+0000] {spark_submit.py:490} INFO - 23/06/15 10:00:09 INFO TaskSchedulerImpl: Adding task set 3.0 with 2 tasks resource profile 0
[2023-06-15T10:00:09.479+0000] {spark_submit.py:490} INFO - 23/06/15 10:00:09 INFO TaskSetManager: Starting task 0.0 in stage 3.0 (TID 6) (172.27.0.2, executor 0, partition 0, PROCESS_LOCAL, 7347 bytes)
[2023-06-15T10:00:09.480+0000] {spark_submit.py:490} INFO - 23/06/15 10:00:09 INFO TaskSetManager: Starting task 1.0 in stage 3.0 (TID 7) (172.27.0.2, executor 0, partition 1, PROCESS_LOCAL, 8105 bytes)
[2023-06-15T10:00:09.505+0000] {spark_submit.py:490} INFO - 23/06/15 10:00:09 INFO BlockManagerInfo: Added broadcast_3_piece0 in memory on 172.27.0.2:35059 (size: 9.7 KiB, free: 434.4 MiB)
[2023-06-15T10:00:09.566+0000] {spark_submit.py:490} INFO - 23/06/15 10:00:09 INFO TaskSetManager: Finished task 0.0 in stage 3.0 (TID 6) in 88 ms on 172.27.0.2 (executor 0) (1/2)
[2023-06-15T10:00:09.568+0000] {spark_submit.py:490} INFO - 23/06/15 10:00:09 INFO TaskSetManager: Finished task 1.0 in stage 3.0 (TID 7) in 89 ms on 172.27.0.2 (executor 0) (2/2)
[2023-06-15T10:00:09.568+0000] {spark_submit.py:490} INFO - 23/06/15 10:00:09 INFO TaskSchedulerImpl: Removed TaskSet 3.0, whose tasks have all completed, from pool
[2023-06-15T10:00:09.571+0000] {spark_submit.py:490} INFO - 23/06/15 10:00:09 INFO DAGScheduler: ResultStage 3 (json at NativeMethodAccessorImpl.java:0) finished in 0.111 s
[2023-06-15T10:00:09.572+0000] {spark_submit.py:490} INFO - 23/06/15 10:00:09 INFO DAGScheduler: Job 3 is finished. Cancelling potential speculative or zombie tasks for this job
[2023-06-15T10:00:09.572+0000] {spark_submit.py:490} INFO - 23/06/15 10:00:09 INFO TaskSchedulerImpl: Killing all running tasks in stage 3: Stage finished
[2023-06-15T10:00:09.573+0000] {spark_submit.py:490} INFO - 23/06/15 10:00:09 INFO DAGScheduler: Job 3 finished: json at NativeMethodAccessorImpl.java:0, took 0.120373 s
[2023-06-15T10:00:10.891+0000] {spark_submit.py:490} INFO - {'meta': {'symbol': 'TSLA', 'interval': '1h', 'currency': 'USD', 'exchange_timezone': 'America/New_York', 'exchange': 'NASDAQ', 'mic_code': 'XNGS', 'type': 'Common Stock'}, 'values': [{'datetime': '2021-02-05 15:30:00', 'open': '849.00000', 'high': '853.00000', 'low': '849.00000', 'close': '852.96002', 'volume': '691662'}, {'datetime': '2021-02-05 14:30:00', 'open': '854.53998', 'high': '855.95001', 'low': '848.29999', 'close': '849.02002', 'volume': '1141708'}, {'datetime': '2021-02-05 13:30:00', 'open': '859.71002', 'high': '860.00000', 'low': '852.81000', 'close': '854.04999', 'volume': '1280322'}, {'datetime': '2021-02-05 12:30:00', 'open': '860.21997', 'high': '862.73651', 'low': '858.69000', 'close': '859.65997', 'volume': '735184'}, {'datetime': '2021-02-05 11:30:00', 'open': '858.77002', 'high': '864.56000', 'low': '857.51001', 'close': '860.32001', 'volume': '2073841'}, {'datetime': '2021-02-05 10:30:00', 'open': '844.20001', 'high': '859.57001', 'low': '840.50000', 'close': '858.62000', 'volume': '1840045'}, {'datetime': '2021-02-05 09:30:00', 'open': '845.51202', 'high': '849.56000', 'low': '839.01001', 'close': '844.65002', 'volume': '2403657'}], 'status': 'ok'}
[2023-06-15T10:00:10.986+0000] {spark_submit.py:490} INFO - 23/06/15 10:00:10 INFO SparkContext: Starting job: json at NativeMethodAccessorImpl.java:0
[2023-06-15T10:00:10.987+0000] {spark_submit.py:490} INFO - 23/06/15 10:00:10 INFO DAGScheduler: Got job 4 (json at NativeMethodAccessorImpl.java:0) with 2 output partitions
[2023-06-15T10:00:10.988+0000] {spark_submit.py:490} INFO - 23/06/15 10:00:10 INFO DAGScheduler: Final stage: ResultStage 4 (json at NativeMethodAccessorImpl.java:0)
[2023-06-15T10:00:10.988+0000] {spark_submit.py:490} INFO - 23/06/15 10:00:10 INFO DAGScheduler: Parents of final stage: List()
[2023-06-15T10:00:10.988+0000] {spark_submit.py:490} INFO - 23/06/15 10:00:10 INFO DAGScheduler: Missing parents: List()
[2023-06-15T10:00:10.989+0000] {spark_submit.py:490} INFO - 23/06/15 10:00:10 INFO DAGScheduler: Submitting ResultStage 4 (MapPartitionsRDD[55] at json at NativeMethodAccessorImpl.java:0), which has no missing parents
[2023-06-15T10:00:10.996+0000] {spark_submit.py:490} INFO - 23/06/15 10:00:10 INFO MemoryStore: Block broadcast_4 stored as values in memory (estimated size 19.8 KiB, free 434.3 MiB)
[2023-06-15T10:00:10.999+0000] {spark_submit.py:490} INFO - 23/06/15 10:00:10 INFO MemoryStore: Block broadcast_4_piece0 stored as bytes in memory (estimated size 9.7 KiB, free 434.3 MiB)
[2023-06-15T10:00:11.000+0000] {spark_submit.py:490} INFO - 23/06/15 10:00:11 INFO BlockManagerInfo: Added broadcast_4_piece0 in memory on 69b643fc97df:35879 (size: 9.7 KiB, free: 434.4 MiB)
[2023-06-15T10:00:11.001+0000] {spark_submit.py:490} INFO - 23/06/15 10:00:11 INFO SparkContext: Created broadcast 4 from broadcast at DAGScheduler.scala:1535
[2023-06-15T10:00:11.002+0000] {spark_submit.py:490} INFO - 23/06/15 10:00:11 INFO DAGScheduler: Submitting 2 missing tasks from ResultStage 4 (MapPartitionsRDD[55] at json at NativeMethodAccessorImpl.java:0) (first 15 tasks are for partitions Vector(0, 1))
[2023-06-15T10:00:11.002+0000] {spark_submit.py:490} INFO - 23/06/15 10:00:11 INFO TaskSchedulerImpl: Adding task set 4.0 with 2 tasks resource profile 0
[2023-06-15T10:00:11.004+0000] {spark_submit.py:490} INFO - 23/06/15 10:00:11 INFO TaskSetManager: Starting task 0.0 in stage 4.0 (TID 8) (172.27.0.2, executor 0, partition 0, PROCESS_LOCAL, 7347 bytes)
[2023-06-15T10:00:11.005+0000] {spark_submit.py:490} INFO - 23/06/15 10:00:11 INFO TaskSetManager: Starting task 1.0 in stage 4.0 (TID 9) (172.27.0.2, executor 0, partition 1, PROCESS_LOCAL, 8082 bytes)
[2023-06-15T10:00:11.020+0000] {spark_submit.py:490} INFO - 23/06/15 10:00:11 INFO BlockManagerInfo: Added broadcast_4_piece0 in memory on 172.27.0.2:35059 (size: 9.7 KiB, free: 434.4 MiB)
[2023-06-15T10:00:11.081+0000] {spark_submit.py:490} INFO - 23/06/15 10:00:11 INFO TaskSetManager: Finished task 0.0 in stage 4.0 (TID 8) in 77 ms on 172.27.0.2 (executor 0) (1/2)
[2023-06-15T10:00:11.082+0000] {spark_submit.py:490} INFO - 23/06/15 10:00:11 INFO TaskSetManager: Finished task 1.0 in stage 4.0 (TID 9) in 77 ms on 172.27.0.2 (executor 0) (2/2)
[2023-06-15T10:00:11.082+0000] {spark_submit.py:490} INFO - 23/06/15 10:00:11 INFO TaskSchedulerImpl: Removed TaskSet 4.0, whose tasks have all completed, from pool
[2023-06-15T10:00:11.084+0000] {spark_submit.py:490} INFO - 23/06/15 10:00:11 INFO DAGScheduler: ResultStage 4 (json at NativeMethodAccessorImpl.java:0) finished in 0.092 s
[2023-06-15T10:00:11.084+0000] {spark_submit.py:490} INFO - 23/06/15 10:00:11 INFO DAGScheduler: Job 4 is finished. Cancelling potential speculative or zombie tasks for this job
[2023-06-15T10:00:11.084+0000] {spark_submit.py:490} INFO - 23/06/15 10:00:11 INFO TaskSchedulerImpl: Killing all running tasks in stage 4: Stage finished
[2023-06-15T10:00:11.085+0000] {spark_submit.py:490} INFO - 23/06/15 10:00:11 INFO DAGScheduler: Job 4 finished: json at NativeMethodAccessorImpl.java:0, took 0.098542 s
[2023-06-15T10:00:12.428+0000] {spark_submit.py:490} INFO - {'meta': {'symbol': 'META', 'interval': '1h', 'currency': 'USD', 'exchange_timezone': 'America/New_York', 'exchange': 'NASDAQ', 'mic_code': 'XNGS', 'type': 'Common Stock'}, 'values': [{'datetime': '2021-02-05 15:30:00', 'open': '268.20001', 'high': '268.26999', 'low': '267.64999', 'close': '268.04001', 'volume': '307219'}, {'datetime': '2021-02-05 14:30:00', 'open': '268.67999', 'high': '268.73999', 'low': '267.85999', 'close': '268.20001', 'volume': '355591'}, {'datetime': '2021-02-05 13:30:00', 'open': '268.12500', 'high': '268.72000', 'low': '267.78000', 'close': '268.60001', 'volume': '631235'}, {'datetime': '2021-02-05 12:30:00', 'open': '268.42999', 'high': '269.14999', 'low': '268.07001', 'close': '268.13989', 'volume': '643546'}, {'datetime': '2021-02-05 11:30:00', 'open': '267.42999', 'high': '268.60001', 'low': '267.28000', 'close': '268.44000', 'volume': '645014'}, {'datetime': '2021-02-05 10:30:00', 'open': '267.54999', 'high': '268.66000', 'low': '267.09000', 'close': '267.40579', 'volume': '864526'}, {'datetime': '2021-02-05 09:30:00', 'open': '267.00000', 'high': '268.95001', 'low': '265.67001', 'close': '267.50000', 'volume': '2153817'}], 'status': 'ok'}
[2023-06-15T10:00:12.504+0000] {spark_submit.py:490} INFO - 23/06/15 10:00:12 INFO SparkContext: Starting job: json at NativeMethodAccessorImpl.java:0
[2023-06-15T10:00:12.506+0000] {spark_submit.py:490} INFO - 23/06/15 10:00:12 INFO DAGScheduler: Got job 5 (json at NativeMethodAccessorImpl.java:0) with 2 output partitions
[2023-06-15T10:00:12.506+0000] {spark_submit.py:490} INFO - 23/06/15 10:00:12 INFO DAGScheduler: Final stage: ResultStage 5 (json at NativeMethodAccessorImpl.java:0)
[2023-06-15T10:00:12.507+0000] {spark_submit.py:490} INFO - 23/06/15 10:00:12 INFO DAGScheduler: Parents of final stage: List()
[2023-06-15T10:00:12.507+0000] {spark_submit.py:490} INFO - 23/06/15 10:00:12 INFO DAGScheduler: Missing parents: List()
[2023-06-15T10:00:12.508+0000] {spark_submit.py:490} INFO - 23/06/15 10:00:12 INFO DAGScheduler: Submitting ResultStage 5 (MapPartitionsRDD[66] at json at NativeMethodAccessorImpl.java:0), which has no missing parents
[2023-06-15T10:00:12.516+0000] {spark_submit.py:490} INFO - 23/06/15 10:00:12 INFO MemoryStore: Block broadcast_5 stored as values in memory (estimated size 19.8 KiB, free 434.3 MiB)
[2023-06-15T10:00:12.519+0000] {spark_submit.py:490} INFO - 23/06/15 10:00:12 INFO MemoryStore: Block broadcast_5_piece0 stored as bytes in memory (estimated size 9.7 KiB, free 434.3 MiB)
[2023-06-15T10:00:12.521+0000] {spark_submit.py:490} INFO - 23/06/15 10:00:12 INFO BlockManagerInfo: Added broadcast_5_piece0 in memory on 69b643fc97df:35879 (size: 9.7 KiB, free: 434.4 MiB)
[2023-06-15T10:00:12.521+0000] {spark_submit.py:490} INFO - 23/06/15 10:00:12 INFO SparkContext: Created broadcast 5 from broadcast at DAGScheduler.scala:1535
[2023-06-15T10:00:12.522+0000] {spark_submit.py:490} INFO - 23/06/15 10:00:12 INFO DAGScheduler: Submitting 2 missing tasks from ResultStage 5 (MapPartitionsRDD[66] at json at NativeMethodAccessorImpl.java:0) (first 15 tasks are for partitions Vector(0, 1))
[2023-06-15T10:00:12.523+0000] {spark_submit.py:490} INFO - 23/06/15 10:00:12 INFO TaskSchedulerImpl: Adding task set 5.0 with 2 tasks resource profile 0
[2023-06-15T10:00:12.524+0000] {spark_submit.py:490} INFO - 23/06/15 10:00:12 INFO TaskSetManager: Starting task 0.0 in stage 5.0 (TID 10) (172.27.0.2, executor 0, partition 0, PROCESS_LOCAL, 7347 bytes)
[2023-06-15T10:00:12.525+0000] {spark_submit.py:490} INFO - 23/06/15 10:00:12 INFO TaskSetManager: Starting task 1.0 in stage 5.0 (TID 11) (172.27.0.2, executor 0, partition 1, PROCESS_LOCAL, 8078 bytes)
[2023-06-15T10:00:12.545+0000] {spark_submit.py:490} INFO - 23/06/15 10:00:12 INFO BlockManagerInfo: Added broadcast_5_piece0 in memory on 172.27.0.2:35059 (size: 9.7 KiB, free: 434.4 MiB)
[2023-06-15T10:00:12.604+0000] {spark_submit.py:490} INFO - 23/06/15 10:00:12 INFO TaskSetManager: Finished task 0.0 in stage 5.0 (TID 10) in 80 ms on 172.27.0.2 (executor 0) (1/2)
[2023-06-15T10:00:12.605+0000] {spark_submit.py:490} INFO - 23/06/15 10:00:12 INFO TaskSetManager: Finished task 1.0 in stage 5.0 (TID 11) in 81 ms on 172.27.0.2 (executor 0) (2/2)
[2023-06-15T10:00:12.606+0000] {spark_submit.py:490} INFO - 23/06/15 10:00:12 INFO TaskSchedulerImpl: Removed TaskSet 5.0, whose tasks have all completed, from pool
[2023-06-15T10:00:12.606+0000] {spark_submit.py:490} INFO - 23/06/15 10:00:12 INFO DAGScheduler: ResultStage 5 (json at NativeMethodAccessorImpl.java:0) finished in 0.097 s
[2023-06-15T10:00:12.607+0000] {spark_submit.py:490} INFO - 23/06/15 10:00:12 INFO DAGScheduler: Job 5 is finished. Cancelling potential speculative or zombie tasks for this job
[2023-06-15T10:00:12.607+0000] {spark_submit.py:490} INFO - 23/06/15 10:00:12 INFO TaskSchedulerImpl: Killing all running tasks in stage 5: Stage finished
[2023-06-15T10:00:12.607+0000] {spark_submit.py:490} INFO - 23/06/15 10:00:12 INFO DAGScheduler: Job 5 finished: json at NativeMethodAccessorImpl.java:0, took 0.103098 s
[2023-06-15T10:00:13.741+0000] {spark_submit.py:490} INFO - {'meta': {'symbol': 'NFLX', 'interval': '1h', 'currency': 'USD', 'exchange_timezone': 'America/New_York', 'exchange': 'NASDAQ', 'mic_code': 'XNGS', 'type': 'Common Stock'}, 'values': [{'datetime': '2021-02-05 15:30:00', 'open': '549.54999', 'high': '551.12000', 'low': '549.54999', 'close': '550.81000', 'volume': '54721'}, {'datetime': '2021-02-05 14:30:00', 'open': '551.14001', 'high': '551.69000', 'low': '549.53998', 'close': '549.53998', 'volume': '69911'}, {'datetime': '2021-02-05 13:30:00', 'open': '552.90997', 'high': '553.75000', 'low': '549.71997', 'close': '551.20001', 'volume': '151083'}, {'datetime': '2021-02-05 12:30:00', 'open': '551.46997', 'high': '554.40002', 'low': '550.27002', 'close': '552.88501', 'volume': '178089'}, {'datetime': '2021-02-05 11:30:00', 'open': '546.75000', 'high': '552.00000', 'low': '546.59998', 'close': '551.66998', 'volume': '134560'}, {'datetime': '2021-02-05 10:30:00', 'open': '549.21997', 'high': '549.44470', 'low': '546.42999', 'close': '546.45001', 'volume': '67676'}, {'datetime': '2021-02-05 09:30:00', 'open': '552.26001', 'high': '553.39001', 'low': '545.59003', 'close': '549.12000', 'volume': '590817'}], 'status': 'ok'}
[2023-06-15T10:00:13.842+0000] {spark_submit.py:490} INFO - 23/06/15 10:00:13 INFO SparkContext: Starting job: json at NativeMethodAccessorImpl.java:0
[2023-06-15T10:00:13.844+0000] {spark_submit.py:490} INFO - 23/06/15 10:00:13 INFO DAGScheduler: Got job 6 (json at NativeMethodAccessorImpl.java:0) with 2 output partitions
[2023-06-15T10:00:13.844+0000] {spark_submit.py:490} INFO - 23/06/15 10:00:13 INFO DAGScheduler: Final stage: ResultStage 6 (json at NativeMethodAccessorImpl.java:0)
[2023-06-15T10:00:13.844+0000] {spark_submit.py:490} INFO - 23/06/15 10:00:13 INFO DAGScheduler: Parents of final stage: List()
[2023-06-15T10:00:13.844+0000] {spark_submit.py:490} INFO - 23/06/15 10:00:13 INFO DAGScheduler: Missing parents: List()
[2023-06-15T10:00:13.846+0000] {spark_submit.py:490} INFO - 23/06/15 10:00:13 INFO DAGScheduler: Submitting ResultStage 6 (MapPartitionsRDD[77] at json at NativeMethodAccessorImpl.java:0), which has no missing parents
[2023-06-15T10:00:13.850+0000] {spark_submit.py:490} INFO - 23/06/15 10:00:13 INFO MemoryStore: Block broadcast_6 stored as values in memory (estimated size 19.8 KiB, free 434.3 MiB)
[2023-06-15T10:00:13.854+0000] {spark_submit.py:490} INFO - 23/06/15 10:00:13 INFO MemoryStore: Block broadcast_6_piece0 stored as bytes in memory (estimated size 9.7 KiB, free 434.3 MiB)
[2023-06-15T10:00:13.855+0000] {spark_submit.py:490} INFO - 23/06/15 10:00:13 INFO BlockManagerInfo: Added broadcast_6_piece0 in memory on 69b643fc97df:35879 (size: 9.7 KiB, free: 434.4 MiB)
[2023-06-15T10:00:13.855+0000] {spark_submit.py:490} INFO - 23/06/15 10:00:13 INFO SparkContext: Created broadcast 6 from broadcast at DAGScheduler.scala:1535
[2023-06-15T10:00:13.856+0000] {spark_submit.py:490} INFO - 23/06/15 10:00:13 INFO DAGScheduler: Submitting 2 missing tasks from ResultStage 6 (MapPartitionsRDD[77] at json at NativeMethodAccessorImpl.java:0) (first 15 tasks are for partitions Vector(0, 1))
[2023-06-15T10:00:13.857+0000] {spark_submit.py:490} INFO - 23/06/15 10:00:13 INFO TaskSchedulerImpl: Adding task set 6.0 with 2 tasks resource profile 0
[2023-06-15T10:00:13.859+0000] {spark_submit.py:490} INFO - 23/06/15 10:00:13 INFO TaskSetManager: Starting task 0.0 in stage 6.0 (TID 12) (172.27.0.2, executor 0, partition 0, PROCESS_LOCAL, 7347 bytes)
[2023-06-15T10:00:13.859+0000] {spark_submit.py:490} INFO - 23/06/15 10:00:13 INFO TaskSetManager: Starting task 1.0 in stage 6.0 (TID 13) (172.27.0.2, executor 0, partition 1, PROCESS_LOCAL, 8074 bytes)
[2023-06-15T10:00:13.879+0000] {spark_submit.py:490} INFO - 23/06/15 10:00:13 INFO BlockManagerInfo: Added broadcast_6_piece0 in memory on 172.27.0.2:35059 (size: 9.7 KiB, free: 434.4 MiB)
[2023-06-15T10:00:13.939+0000] {spark_submit.py:490} INFO - 23/06/15 10:00:13 INFO TaskSetManager: Finished task 0.0 in stage 6.0 (TID 12) in 81 ms on 172.27.0.2 (executor 0) (1/2)
[2023-06-15T10:00:13.942+0000] {spark_submit.py:490} INFO - 23/06/15 10:00:13 INFO TaskSetManager: Finished task 1.0 in stage 6.0 (TID 13) in 83 ms on 172.27.0.2 (executor 0) (2/2)
[2023-06-15T10:00:13.943+0000] {spark_submit.py:490} INFO - 23/06/15 10:00:13 INFO TaskSchedulerImpl: Removed TaskSet 6.0, whose tasks have all completed, from pool
[2023-06-15T10:00:13.945+0000] {spark_submit.py:490} INFO - 23/06/15 10:00:13 INFO DAGScheduler: ResultStage 6 (json at NativeMethodAccessorImpl.java:0) finished in 0.097 s
[2023-06-15T10:00:13.945+0000] {spark_submit.py:490} INFO - 23/06/15 10:00:13 INFO DAGScheduler: Job 6 is finished. Cancelling potential speculative or zombie tasks for this job
[2023-06-15T10:00:13.945+0000] {spark_submit.py:490} INFO - 23/06/15 10:00:13 INFO TaskSchedulerImpl: Killing all running tasks in stage 6: Stage finished
[2023-06-15T10:00:13.946+0000] {spark_submit.py:490} INFO - 23/06/15 10:00:13 INFO DAGScheduler: Job 6 finished: json at NativeMethodAccessorImpl.java:0, took 0.103165 s
[2023-06-15T10:00:15.192+0000] {spark_submit.py:490} INFO - {'meta': {'symbol': 'NVDA', 'interval': '1h', 'currency': 'USD', 'exchange_timezone': 'America/New_York', 'exchange': 'NASDAQ', 'mic_code': 'XNGS', 'type': 'Common Stock'}, 'values': [{'datetime': '2021-02-05 15:30:00', 'open': '542.53003', 'high': '544.07001', 'low': '542.26001', 'close': '543.70001', 'volume': '345280'}, {'datetime': '2021-02-05 14:30:00', 'open': '543.70001', 'high': '544.16998', 'low': '542.40002', 'close': '542.41998', 'volume': '190230'}, {'datetime': '2021-02-05 13:30:00', 'open': '544.57001', 'high': '546.00000', 'low': '541.96997', 'close': '543.84998', 'volume': '284711'}, {'datetime': '2021-02-05 12:30:00', 'open': '544.34003', 'high': '546.00000', 'low': '543.51001', 'close': '544.50000', 'volume': '163980'}, {'datetime': '2021-02-05 11:30:00', 'open': '542.75000', 'high': '544.79999', 'low': '542.72998', 'close': '544.25000', 'volume': '65548'}, {'datetime': '2021-02-05 10:30:00', 'open': '544.48700', 'high': '546.70001', 'low': '542.00000', 'close': '542.60999', 'volume': '189656'}, {'datetime': '2021-02-05 09:30:00', 'open': '548.94000', 'high': '548.94000', 'low': '542.07001', 'close': '544.40002', 'volume': '219935'}], 'status': 'ok'}
[2023-06-15T10:00:15.266+0000] {spark_submit.py:490} INFO - 23/06/15 10:00:15 INFO SparkContext: Starting job: json at NativeMethodAccessorImpl.java:0
[2023-06-15T10:00:15.267+0000] {spark_submit.py:490} INFO - 23/06/15 10:00:15 INFO DAGScheduler: Got job 7 (json at NativeMethodAccessorImpl.java:0) with 2 output partitions
[2023-06-15T10:00:15.267+0000] {spark_submit.py:490} INFO - 23/06/15 10:00:15 INFO DAGScheduler: Final stage: ResultStage 7 (json at NativeMethodAccessorImpl.java:0)
[2023-06-15T10:00:15.268+0000] {spark_submit.py:490} INFO - 23/06/15 10:00:15 INFO DAGScheduler: Parents of final stage: List()
[2023-06-15T10:00:15.268+0000] {spark_submit.py:490} INFO - 23/06/15 10:00:15 INFO DAGScheduler: Missing parents: List()
[2023-06-15T10:00:15.269+0000] {spark_submit.py:490} INFO - 23/06/15 10:00:15 INFO DAGScheduler: Submitting ResultStage 7 (MapPartitionsRDD[88] at json at NativeMethodAccessorImpl.java:0), which has no missing parents
[2023-06-15T10:00:15.272+0000] {spark_submit.py:490} INFO - 23/06/15 10:00:15 INFO MemoryStore: Block broadcast_7 stored as values in memory (estimated size 19.8 KiB, free 434.2 MiB)
[2023-06-15T10:00:15.276+0000] {spark_submit.py:490} INFO - 23/06/15 10:00:15 INFO MemoryStore: Block broadcast_7_piece0 stored as bytes in memory (estimated size 9.7 KiB, free 434.2 MiB)
[2023-06-15T10:00:15.277+0000] {spark_submit.py:490} INFO - 23/06/15 10:00:15 INFO BlockManagerInfo: Added broadcast_7_piece0 in memory on 69b643fc97df:35879 (size: 9.7 KiB, free: 434.3 MiB)
[2023-06-15T10:00:15.277+0000] {spark_submit.py:490} INFO - 23/06/15 10:00:15 INFO SparkContext: Created broadcast 7 from broadcast at DAGScheduler.scala:1535
[2023-06-15T10:00:15.278+0000] {spark_submit.py:490} INFO - 23/06/15 10:00:15 INFO DAGScheduler: Submitting 2 missing tasks from ResultStage 7 (MapPartitionsRDD[88] at json at NativeMethodAccessorImpl.java:0) (first 15 tasks are for partitions Vector(0, 1))
[2023-06-15T10:00:15.279+0000] {spark_submit.py:490} INFO - 23/06/15 10:00:15 INFO TaskSchedulerImpl: Adding task set 7.0 with 2 tasks resource profile 0
[2023-06-15T10:00:15.281+0000] {spark_submit.py:490} INFO - 23/06/15 10:00:15 INFO TaskSetManager: Starting task 0.0 in stage 7.0 (TID 14) (172.27.0.2, executor 0, partition 0, PROCESS_LOCAL, 7347 bytes)
[2023-06-15T10:00:15.282+0000] {spark_submit.py:490} INFO - 23/06/15 10:00:15 INFO TaskSetManager: Starting task 1.0 in stage 7.0 (TID 15) (172.27.0.2, executor 0, partition 1, PROCESS_LOCAL, 8076 bytes)
[2023-06-15T10:00:15.308+0000] {spark_submit.py:490} INFO - 23/06/15 10:00:15 INFO BlockManagerInfo: Added broadcast_7_piece0 in memory on 172.27.0.2:35059 (size: 9.7 KiB, free: 434.3 MiB)
[2023-06-15T10:00:15.374+0000] {spark_submit.py:490} INFO - 23/06/15 10:00:15 INFO TaskSetManager: Finished task 1.0 in stage 7.0 (TID 15) in 93 ms on 172.27.0.2 (executor 0) (1/2)
[2023-06-15T10:00:15.406+0000] {spark_submit.py:490} INFO - 23/06/15 10:00:15 INFO TaskSetManager: Finished task 0.0 in stage 7.0 (TID 14) in 126 ms on 172.27.0.2 (executor 0) (2/2)
[2023-06-15T10:00:15.406+0000] {spark_submit.py:490} INFO - 23/06/15 10:00:15 INFO TaskSchedulerImpl: Removed TaskSet 7.0, whose tasks have all completed, from pool
[2023-06-15T10:00:15.407+0000] {spark_submit.py:490} INFO - 23/06/15 10:00:15 INFO DAGScheduler: ResultStage 7 (json at NativeMethodAccessorImpl.java:0) finished in 0.137 s
[2023-06-15T10:00:15.407+0000] {spark_submit.py:490} INFO - 23/06/15 10:00:15 INFO DAGScheduler: Job 7 is finished. Cancelling potential speculative or zombie tasks for this job
[2023-06-15T10:00:15.407+0000] {spark_submit.py:490} INFO - 23/06/15 10:00:15 INFO TaskSchedulerImpl: Killing all running tasks in stage 7: Stage finished
[2023-06-15T10:00:15.408+0000] {spark_submit.py:490} INFO - 23/06/15 10:00:15 INFO DAGScheduler: Job 7 finished: json at NativeMethodAccessorImpl.java:0, took 0.141886 s
[2023-06-15T10:00:15.790+0000] {spark_submit.py:490} INFO - 23/06/15 10:00:15 INFO BlockManagerInfo: Removed broadcast_5_piece0 on 69b643fc97df:35879 in memory (size: 9.7 KiB, free: 434.4 MiB)
[2023-06-15T10:00:15.795+0000] {spark_submit.py:490} INFO - 23/06/15 10:00:15 INFO BlockManagerInfo: Removed broadcast_5_piece0 on 172.27.0.2:35059 in memory (size: 9.7 KiB, free: 434.4 MiB)
[2023-06-15T10:00:15.807+0000] {spark_submit.py:490} INFO - 23/06/15 10:00:15 INFO BlockManagerInfo: Removed broadcast_4_piece0 on 69b643fc97df:35879 in memory (size: 9.7 KiB, free: 434.4 MiB)
[2023-06-15T10:00:15.807+0000] {spark_submit.py:490} INFO - 23/06/15 10:00:15 INFO BlockManagerInfo: Removed broadcast_4_piece0 on 172.27.0.2:35059 in memory (size: 9.7 KiB, free: 434.4 MiB)
[2023-06-15T10:00:15.820+0000] {spark_submit.py:490} INFO - 23/06/15 10:00:15 INFO BlockManagerInfo: Removed broadcast_2_piece0 on 69b643fc97df:35879 in memory (size: 9.7 KiB, free: 434.4 MiB)
[2023-06-15T10:00:15.824+0000] {spark_submit.py:490} INFO - 23/06/15 10:00:15 INFO BlockManagerInfo: Removed broadcast_2_piece0 on 172.27.0.2:35059 in memory (size: 9.7 KiB, free: 434.4 MiB)
[2023-06-15T10:00:15.832+0000] {spark_submit.py:490} INFO - 23/06/15 10:00:15 INFO BlockManagerInfo: Removed broadcast_7_piece0 on 69b643fc97df:35879 in memory (size: 9.7 KiB, free: 434.4 MiB)
[2023-06-15T10:00:15.834+0000] {spark_submit.py:490} INFO - 23/06/15 10:00:15 INFO BlockManagerInfo: Removed broadcast_7_piece0 on 172.27.0.2:35059 in memory (size: 9.7 KiB, free: 434.4 MiB)
[2023-06-15T10:00:15.862+0000] {spark_submit.py:490} INFO - 23/06/15 10:00:15 INFO BlockManagerInfo: Removed broadcast_6_piece0 on 69b643fc97df:35879 in memory (size: 9.7 KiB, free: 434.4 MiB)
[2023-06-15T10:00:15.862+0000] {spark_submit.py:490} INFO - 23/06/15 10:00:15 INFO BlockManagerInfo: Removed broadcast_6_piece0 on 172.27.0.2:35059 in memory (size: 9.7 KiB, free: 434.4 MiB)
[2023-06-15T10:00:15.873+0000] {spark_submit.py:490} INFO - 23/06/15 10:00:15 INFO BlockManagerInfo: Removed broadcast_3_piece0 on 69b643fc97df:35879 in memory (size: 9.7 KiB, free: 434.4 MiB)
[2023-06-15T10:00:15.876+0000] {spark_submit.py:490} INFO - 23/06/15 10:00:15 INFO BlockManagerInfo: Removed broadcast_3_piece0 on 172.27.0.2:35059 in memory (size: 9.7 KiB, free: 434.4 MiB)
[2023-06-15T10:00:20.100+0000] {spark_submit.py:490} INFO - 23/06/15 10:00:20 INFO ParquetUtils: Using default output committer for Parquet: org.apache.parquet.hadoop.ParquetOutputCommitter
[2023-06-15T10:00:20.127+0000] {spark_submit.py:490} INFO - 23/06/15 10:00:20 INFO FileOutputCommitter: File Output Committer Algorithm version is 1
[2023-06-15T10:00:20.127+0000] {spark_submit.py:490} INFO - 23/06/15 10:00:20 INFO FileOutputCommitter: FileOutputCommitter skip cleanup _temporary folders under output directory:false, ignore cleanup failures: false
[2023-06-15T10:00:20.129+0000] {spark_submit.py:490} INFO - 23/06/15 10:00:20 INFO SQLHadoopMapReduceCommitProtocol: Using user defined output committer class org.apache.parquet.hadoop.ParquetOutputCommitter
[2023-06-15T10:00:20.129+0000] {spark_submit.py:490} INFO - 23/06/15 10:00:20 INFO FileOutputCommitter: File Output Committer Algorithm version is 1
[2023-06-15T10:00:20.130+0000] {spark_submit.py:490} INFO - 23/06/15 10:00:20 INFO FileOutputCommitter: FileOutputCommitter skip cleanup _temporary folders under output directory:false, ignore cleanup failures: false
[2023-06-15T10:00:20.133+0000] {spark_submit.py:490} INFO - 23/06/15 10:00:20 INFO SQLHadoopMapReduceCommitProtocol: Using output committer class org.apache.parquet.hadoop.ParquetOutputCommitter
[2023-06-15T10:00:21.532+0000] {spark_submit.py:490} INFO - 23/06/15 10:00:21 INFO CodeGenerator: Code generated in 34.984176 ms
[2023-06-15T10:00:21.561+0000] {spark_submit.py:490} INFO - 23/06/15 10:00:21 INFO CodeGenerator: Code generated in 20.391736 ms
[2023-06-15T10:00:21.590+0000] {spark_submit.py:490} INFO - 23/06/15 10:00:21 INFO CodeGenerator: Code generated in 20.608356 ms
[2023-06-15T10:00:21.617+0000] {spark_submit.py:490} INFO - 23/06/15 10:00:21 INFO CodeGenerator: Code generated in 19.848788 ms
[2023-06-15T10:00:21.638+0000] {spark_submit.py:490} INFO - 23/06/15 10:00:21 INFO CodeGenerator: Code generated in 13.137483 ms
[2023-06-15T10:00:21.658+0000] {spark_submit.py:490} INFO - 23/06/15 10:00:21 INFO CodeGenerator: Code generated in 12.970367 ms
[2023-06-15T10:00:21.687+0000] {spark_submit.py:490} INFO - 23/06/15 10:00:21 INFO CodeGenerator: Code generated in 20.850637 ms
[2023-06-15T10:00:21.719+0000] {spark_submit.py:490} INFO - 23/06/15 10:00:21 INFO CodeGenerator: Code generated in 22.320735 ms
[2023-06-15T10:00:21.753+0000] {spark_submit.py:490} INFO - 23/06/15 10:00:21 INFO CodeGenerator: Code generated in 23.725049 ms
[2023-06-15T10:00:21.790+0000] {spark_submit.py:490} INFO - 23/06/15 10:00:21 INFO SparkContext: Starting job: parquet at NativeMethodAccessorImpl.java:0
[2023-06-15T10:00:21.794+0000] {spark_submit.py:490} INFO - 23/06/15 10:00:21 INFO DAGScheduler: Got job 8 (parquet at NativeMethodAccessorImpl.java:0) with 1 output partitions
[2023-06-15T10:00:21.794+0000] {spark_submit.py:490} INFO - 23/06/15 10:00:21 INFO DAGScheduler: Final stage: ResultStage 8 (parquet at NativeMethodAccessorImpl.java:0)
[2023-06-15T10:00:21.794+0000] {spark_submit.py:490} INFO - 23/06/15 10:00:21 INFO DAGScheduler: Parents of final stage: List()
[2023-06-15T10:00:21.795+0000] {spark_submit.py:490} INFO - 23/06/15 10:00:21 INFO DAGScheduler: Missing parents: List()
[2023-06-15T10:00:21.797+0000] {spark_submit.py:490} INFO - 23/06/15 10:00:21 INFO DAGScheduler: Submitting ResultStage 8 (MapPartitionsRDD[104] at parquet at NativeMethodAccessorImpl.java:0), which has no missing parents
[2023-06-15T10:00:21.862+0000] {spark_submit.py:490} INFO - 23/06/15 10:00:21 INFO MemoryStore: Block broadcast_8 stored as values in memory (estimated size 276.6 KiB, free 434.1 MiB)
[2023-06-15T10:00:21.865+0000] {spark_submit.py:490} INFO - 23/06/15 10:00:21 INFO MemoryStore: Block broadcast_8_piece0 stored as bytes in memory (estimated size 93.1 KiB, free 434.0 MiB)
[2023-06-15T10:00:21.867+0000] {spark_submit.py:490} INFO - 23/06/15 10:00:21 INFO BlockManagerInfo: Added broadcast_8_piece0 in memory on 69b643fc97df:35879 (size: 93.1 KiB, free: 434.3 MiB)
[2023-06-15T10:00:21.870+0000] {spark_submit.py:490} INFO - 23/06/15 10:00:21 INFO SparkContext: Created broadcast 8 from broadcast at DAGScheduler.scala:1535
[2023-06-15T10:00:21.872+0000] {spark_submit.py:490} INFO - 23/06/15 10:00:21 INFO DAGScheduler: Submitting 1 missing tasks from ResultStage 8 (MapPartitionsRDD[104] at parquet at NativeMethodAccessorImpl.java:0) (first 15 tasks are for partitions Vector(0))
[2023-06-15T10:00:21.872+0000] {spark_submit.py:490} INFO - 23/06/15 10:00:21 INFO TaskSchedulerImpl: Adding task set 8.0 with 1 tasks resource profile 0
[2023-06-15T10:00:21.878+0000] {spark_submit.py:490} INFO - 23/06/15 10:00:21 INFO TaskSetManager: Starting task 0.0 in stage 8.0 (TID 16) (172.27.0.2, executor 0, partition 0, PROCESS_LOCAL, 14520 bytes)
[2023-06-15T10:00:21.907+0000] {spark_submit.py:490} INFO - 23/06/15 10:00:21 INFO BlockManagerInfo: Added broadcast_8_piece0 in memory on 172.27.0.2:35059 (size: 93.1 KiB, free: 434.3 MiB)
[2023-06-15T10:00:34.741+0000] {spark_submit.py:490} INFO - 23/06/15 10:00:34 INFO TaskSetManager: Finished task 0.0 in stage 8.0 (TID 16) in 12868 ms on 172.27.0.2 (executor 0) (1/1)
[2023-06-15T10:00:34.742+0000] {spark_submit.py:490} INFO - 23/06/15 10:00:34 INFO TaskSchedulerImpl: Removed TaskSet 8.0, whose tasks have all completed, from pool
[2023-06-15T10:00:34.743+0000] {spark_submit.py:490} INFO - 23/06/15 10:00:34 INFO DAGScheduler: ResultStage 8 (parquet at NativeMethodAccessorImpl.java:0) finished in 12.942 s
[2023-06-15T10:00:34.744+0000] {spark_submit.py:490} INFO - 23/06/15 10:00:34 INFO DAGScheduler: Job 8 is finished. Cancelling potential speculative or zombie tasks for this job
[2023-06-15T10:00:34.744+0000] {spark_submit.py:490} INFO - 23/06/15 10:00:34 INFO TaskSchedulerImpl: Killing all running tasks in stage 8: Stage finished
[2023-06-15T10:00:34.745+0000] {spark_submit.py:490} INFO - 23/06/15 10:00:34 INFO DAGScheduler: Job 8 finished: parquet at NativeMethodAccessorImpl.java:0, took 12.953844 s
[2023-06-15T10:00:34.756+0000] {spark_submit.py:490} INFO - 23/06/15 10:00:34 INFO FileFormatWriter: Start to commit write Job 54c2d62f-d530-4c46-bef9-b12186ddb200.
[2023-06-15T10:00:41.960+0000] {spark_submit.py:490} INFO - 23/06/15 10:00:41 INFO GoogleCloudStorageFileSystem: Successfully repaired 'gs://dtc-de-382609_bucket/stock_data/2021/02/_temporary/0/task_202306151000216852020408417511184_0008_m_000000/' directory.
[2023-06-15T10:00:48.609+0000] {spark_submit.py:490} INFO - 23/06/15 10:00:48 INFO GoogleCloudStorageFileSystem: Successfully repaired 'gs://dtc-de-382609_bucket/stock_data/2021/02/' directory.
[2023-06-15T10:00:50.410+0000] {spark_submit.py:490} INFO - 23/06/15 10:00:50 INFO BlockManagerInfo: Removed broadcast_8_piece0 on 69b643fc97df:35879 in memory (size: 93.1 KiB, free: 434.4 MiB)
[2023-06-15T10:00:50.414+0000] {spark_submit.py:490} INFO - 23/06/15 10:00:50 INFO BlockManagerInfo: Removed broadcast_8_piece0 on 172.27.0.2:35059 in memory (size: 93.1 KiB, free: 434.4 MiB)
[2023-06-15T10:00:51.745+0000] {spark_submit.py:490} INFO - 23/06/15 10:00:51 INFO FileFormatWriter: Write Job 54c2d62f-d530-4c46-bef9-b12186ddb200 committed. Elapsed time: 16989 ms.
[2023-06-15T10:00:51.748+0000] {spark_submit.py:490} INFO - 23/06/15 10:00:51 INFO FileFormatWriter: Finished processing stats for write job 54c2d62f-d530-4c46-bef9-b12186ddb200.
[2023-06-15T10:00:54.377+0000] {spark_submit.py:490} INFO - 23/06/15 10:00:54 INFO InMemoryFileIndex: It took 1316 ms to list leaf files for 2 paths.
[2023-06-15T10:00:54.446+0000] {spark_submit.py:490} INFO - 23/06/15 10:00:54 INFO SparkContext: Starting job: load at NativeMethodAccessorImpl.java:0
[2023-06-15T10:00:54.447+0000] {spark_submit.py:490} INFO - 23/06/15 10:00:54 INFO DAGScheduler: Got job 9 (load at NativeMethodAccessorImpl.java:0) with 1 output partitions
[2023-06-15T10:00:54.448+0000] {spark_submit.py:490} INFO - 23/06/15 10:00:54 INFO DAGScheduler: Final stage: ResultStage 9 (load at NativeMethodAccessorImpl.java:0)
[2023-06-15T10:00:54.448+0000] {spark_submit.py:490} INFO - 23/06/15 10:00:54 INFO DAGScheduler: Parents of final stage: List()
[2023-06-15T10:00:54.448+0000] {spark_submit.py:490} INFO - 23/06/15 10:00:54 INFO DAGScheduler: Missing parents: List()
[2023-06-15T10:00:54.450+0000] {spark_submit.py:490} INFO - 23/06/15 10:00:54 INFO DAGScheduler: Submitting ResultStage 9 (MapPartitionsRDD[106] at load at NativeMethodAccessorImpl.java:0), which has no missing parents
[2023-06-15T10:00:54.462+0000] {spark_submit.py:490} INFO - 23/06/15 10:00:54 INFO MemoryStore: Block broadcast_9 stored as values in memory (estimated size 103.5 KiB, free 434.3 MiB)
[2023-06-15T10:00:54.475+0000] {spark_submit.py:490} INFO - 23/06/15 10:00:54 INFO MemoryStore: Block broadcast_9_piece0 stored as bytes in memory (estimated size 37.4 KiB, free 434.3 MiB)
[2023-06-15T10:00:54.477+0000] {spark_submit.py:490} INFO - 23/06/15 10:00:54 INFO BlockManagerInfo: Added broadcast_9_piece0 in memory on 69b643fc97df:35879 (size: 37.4 KiB, free: 434.4 MiB)
[2023-06-15T10:00:54.477+0000] {spark_submit.py:490} INFO - 23/06/15 10:00:54 INFO SparkContext: Created broadcast 9 from broadcast at DAGScheduler.scala:1535
[2023-06-15T10:00:54.478+0000] {spark_submit.py:490} INFO - 23/06/15 10:00:54 INFO DAGScheduler: Submitting 1 missing tasks from ResultStage 9 (MapPartitionsRDD[106] at load at NativeMethodAccessorImpl.java:0) (first 15 tasks are for partitions Vector(0))
[2023-06-15T10:00:54.478+0000] {spark_submit.py:490} INFO - 23/06/15 10:00:54 INFO TaskSchedulerImpl: Adding task set 9.0 with 1 tasks resource profile 0
[2023-06-15T10:00:54.481+0000] {spark_submit.py:490} INFO - 23/06/15 10:00:54 INFO TaskSetManager: Starting task 0.0 in stage 9.0 (TID 17) (172.27.0.2, executor 0, partition 0, PROCESS_LOCAL, 7574 bytes)
[2023-06-15T10:00:54.513+0000] {spark_submit.py:490} INFO - 23/06/15 10:00:54 INFO BlockManagerInfo: Added broadcast_9_piece0 in memory on 172.27.0.2:35059 (size: 37.4 KiB, free: 434.4 MiB)
[2023-06-15T10:00:56.066+0000] {spark_submit.py:490} INFO - 23/06/15 10:00:56 INFO TaskSetManager: Finished task 0.0 in stage 9.0 (TID 17) in 1584 ms on 172.27.0.2 (executor 0) (1/1)
[2023-06-15T10:00:56.066+0000] {spark_submit.py:490} INFO - 23/06/15 10:00:56 INFO TaskSchedulerImpl: Removed TaskSet 9.0, whose tasks have all completed, from pool
[2023-06-15T10:00:56.067+0000] {spark_submit.py:490} INFO - 23/06/15 10:00:56 INFO DAGScheduler: ResultStage 9 (load at NativeMethodAccessorImpl.java:0) finished in 1.616 s
[2023-06-15T10:00:56.067+0000] {spark_submit.py:490} INFO - 23/06/15 10:00:56 INFO DAGScheduler: Job 9 is finished. Cancelling potential speculative or zombie tasks for this job
[2023-06-15T10:00:56.067+0000] {spark_submit.py:490} INFO - 23/06/15 10:00:56 INFO TaskSchedulerImpl: Killing all running tasks in stage 9: Stage finished
[2023-06-15T10:00:56.067+0000] {spark_submit.py:490} INFO - 23/06/15 10:00:56 INFO DAGScheduler: Job 9 finished: load at NativeMethodAccessorImpl.java:0, took 1.621027 s
[2023-06-15T10:00:56.122+0000] {spark_submit.py:490} INFO - 23/06/15 10:00:56 INFO FileSourceStrategy: Pushed Filters:
[2023-06-15T10:00:56.124+0000] {spark_submit.py:490} INFO - 23/06/15 10:00:56 INFO FileSourceStrategy: Post-Scan Filters:
[2023-06-15T10:00:56.173+0000] {spark_submit.py:490} INFO - 23/06/15 10:00:56 INFO CodeGenerator: Code generated in 19.361605 ms
[2023-06-15T10:00:56.188+0000] {spark_submit.py:490} INFO - 23/06/15 10:00:56 INFO MemoryStore: Block broadcast_10 stored as values in memory (estimated size 202.4 KiB, free 434.1 MiB)
[2023-06-15T10:00:56.196+0000] {spark_submit.py:490} INFO - 23/06/15 10:00:56 INFO MemoryStore: Block broadcast_10_piece0 stored as bytes in memory (estimated size 35.1 KiB, free 434.0 MiB)
[2023-06-15T10:00:56.196+0000] {spark_submit.py:490} INFO - 23/06/15 10:00:56 INFO BlockManagerInfo: Added broadcast_10_piece0 in memory on 69b643fc97df:35879 (size: 35.1 KiB, free: 434.3 MiB)
[2023-06-15T10:00:56.197+0000] {spark_submit.py:490} INFO - 23/06/15 10:00:56 INFO SparkContext: Created broadcast 10 from showString at NativeMethodAccessorImpl.java:0
[2023-06-15T10:00:56.206+0000] {spark_submit.py:490} INFO - 23/06/15 10:00:56 INFO FileSourceScanExec: Planning scan with bin packing, max size: 4198904 bytes, open cost is considered as scanning 4194304 bytes.
[2023-06-15T10:00:56.238+0000] {spark_submit.py:490} INFO - 23/06/15 10:00:56 INFO SparkContext: Starting job: showString at NativeMethodAccessorImpl.java:0
[2023-06-15T10:00:56.239+0000] {spark_submit.py:490} INFO - 23/06/15 10:00:56 INFO DAGScheduler: Got job 10 (showString at NativeMethodAccessorImpl.java:0) with 1 output partitions
[2023-06-15T10:00:56.239+0000] {spark_submit.py:490} INFO - 23/06/15 10:00:56 INFO DAGScheduler: Final stage: ResultStage 10 (showString at NativeMethodAccessorImpl.java:0)
[2023-06-15T10:00:56.239+0000] {spark_submit.py:490} INFO - 23/06/15 10:00:56 INFO DAGScheduler: Parents of final stage: List()
[2023-06-15T10:00:56.239+0000] {spark_submit.py:490} INFO - 23/06/15 10:00:56 INFO DAGScheduler: Missing parents: List()
[2023-06-15T10:00:56.240+0000] {spark_submit.py:490} INFO - 23/06/15 10:00:56 INFO DAGScheduler: Submitting ResultStage 10 (MapPartitionsRDD[110] at showString at NativeMethodAccessorImpl.java:0), which has no missing parents
[2023-06-15T10:00:56.258+0000] {spark_submit.py:490} INFO - 23/06/15 10:00:56 INFO MemoryStore: Block broadcast_11 stored as values in memory (estimated size 16.1 KiB, free 434.0 MiB)
[2023-06-15T10:00:56.261+0000] {spark_submit.py:490} INFO - 23/06/15 10:00:56 INFO MemoryStore: Block broadcast_11_piece0 stored as bytes in memory (estimated size 6.3 KiB, free 434.0 MiB)
[2023-06-15T10:00:56.262+0000] {spark_submit.py:490} INFO - 23/06/15 10:00:56 INFO BlockManagerInfo: Added broadcast_11_piece0 in memory on 69b643fc97df:35879 (size: 6.3 KiB, free: 434.3 MiB)
[2023-06-15T10:00:56.263+0000] {spark_submit.py:490} INFO - 23/06/15 10:00:56 INFO SparkContext: Created broadcast 11 from broadcast at DAGScheduler.scala:1535
[2023-06-15T10:00:56.263+0000] {spark_submit.py:490} INFO - 23/06/15 10:00:56 INFO DAGScheduler: Submitting 1 missing tasks from ResultStage 10 (MapPartitionsRDD[110] at showString at NativeMethodAccessorImpl.java:0) (first 15 tasks are for partitions Vector(0))
[2023-06-15T10:00:56.264+0000] {spark_submit.py:490} INFO - 23/06/15 10:00:56 INFO TaskSchedulerImpl: Adding task set 10.0 with 1 tasks resource profile 0
[2023-06-15T10:00:56.270+0000] {spark_submit.py:490} INFO - 23/06/15 10:00:56 INFO TaskSetManager: Starting task 0.0 in stage 10.0 (TID 18) (172.27.0.2, executor 0, partition 0, PROCESS_LOCAL, 7996 bytes)
[2023-06-15T10:00:56.295+0000] {spark_submit.py:490} INFO - 23/06/15 10:00:56 INFO BlockManagerInfo: Added broadcast_11_piece0 in memory on 172.27.0.2:35059 (size: 6.3 KiB, free: 434.4 MiB)
[2023-06-15T10:00:56.384+0000] {spark_submit.py:490} INFO - 23/06/15 10:00:56 INFO BlockManagerInfo: Added broadcast_10_piece0 in memory on 172.27.0.2:35059 (size: 35.1 KiB, free: 434.3 MiB)
[2023-06-15T10:01:00.749+0000] {spark_submit.py:490} INFO - 23/06/15 10:01:00 INFO TaskSetManager: Finished task 0.0 in stage 10.0 (TID 18) in 4483 ms on 172.27.0.2 (executor 0) (1/1)
[2023-06-15T10:01:00.749+0000] {spark_submit.py:490} INFO - 23/06/15 10:01:00 INFO TaskSchedulerImpl: Removed TaskSet 10.0, whose tasks have all completed, from pool
[2023-06-15T10:01:00.750+0000] {spark_submit.py:490} INFO - 23/06/15 10:01:00 INFO DAGScheduler: ResultStage 10 (showString at NativeMethodAccessorImpl.java:0) finished in 4.506 s
[2023-06-15T10:01:00.750+0000] {spark_submit.py:490} INFO - 23/06/15 10:01:00 INFO DAGScheduler: Job 10 is finished. Cancelling potential speculative or zombie tasks for this job
[2023-06-15T10:01:00.750+0000] {spark_submit.py:490} INFO - 23/06/15 10:01:00 INFO TaskSchedulerImpl: Killing all running tasks in stage 10: Stage finished
[2023-06-15T10:01:00.750+0000] {spark_submit.py:490} INFO - 23/06/15 10:01:00 INFO DAGScheduler: Job 10 finished: showString at NativeMethodAccessorImpl.java:0, took 4.512247 s
[2023-06-15T10:01:00.784+0000] {spark_submit.py:490} INFO - 23/06/15 10:01:00 INFO CodeGenerator: Code generated in 16.865512 ms
[2023-06-15T10:01:00.795+0000] {spark_submit.py:490} INFO - +-------------------+------+----------+----------+----------+----------+--------+
[2023-06-15T10:01:00.795+0000] {spark_submit.py:490} INFO - |           datetime|symbol|      open|      high|       low|     close|  volume|
[2023-06-15T10:01:00.795+0000] {spark_submit.py:490} INFO - +-------------------+------+----------+----------+----------+----------+--------+
[2023-06-15T10:01:00.795+0000] {spark_submit.py:490} INFO - |2021-01-29 15:30:00|  AAPL| 132.53999| 133.50000| 131.73000| 131.96001|17156763|
[2023-06-15T10:01:00.795+0000] {spark_submit.py:490} INFO - |2021-01-29 14:30:00|  AAPL| 131.94000| 133.22000| 131.03000| 132.53320|17380581|
[2023-06-15T10:01:00.796+0000] {spark_submit.py:490} INFO - |2021-01-29 13:30:00|  AAPL| 132.03999| 132.81000| 131.47000| 131.93990|18117174|
[2023-06-15T10:01:00.796+0000] {spark_submit.py:490} INFO - |2021-01-29 12:30:00|  AAPL| 131.95000| 132.23000| 130.21001| 132.05000|27629092|
[2023-06-15T10:01:00.796+0000] {spark_submit.py:490} INFO - |2021-01-29 11:30:00|  AAPL| 132.17000| 133.31000| 131.20760| 131.96851|24633251|
[2023-06-15T10:01:00.796+0000] {spark_submit.py:490} INFO - |2021-01-29 10:30:00|  AAPL| 135.09891| 135.44000| 131.88000| 132.20000|25929359|
[2023-06-15T10:01:00.796+0000] {spark_submit.py:490} INFO - |2021-01-29 09:30:00|  AAPL| 135.78000| 136.74001| 133.78999| 135.08009|31835713|
[2023-06-15T10:01:00.796+0000] {spark_submit.py:490} INFO - |2021-01-29 15:30:00|  MSFT| 233.85001| 234.48000| 231.50000| 231.84000| 5471073|
[2023-06-15T10:01:00.796+0000] {spark_submit.py:490} INFO - |2021-01-29 14:30:00|  MSFT| 233.62000| 234.75000| 232.45081| 233.86000| 4423420|
[2023-06-15T10:01:00.796+0000] {spark_submit.py:490} INFO - |2021-01-29 13:30:00|  MSFT| 233.24001| 234.02000| 232.62000| 233.62000| 3542167|
[2023-06-15T10:01:00.797+0000] {spark_submit.py:490} INFO - |2021-01-29 12:30:00|  MSFT| 233.50999| 233.75000| 231.36000| 233.31000| 5090571|
[2023-06-15T10:01:00.797+0000] {spark_submit.py:490} INFO - |2021-01-29 11:30:00|  MSFT| 233.92000| 235.20000| 233.47000| 233.52000| 3931652|
[2023-06-15T10:01:00.797+0000] {spark_submit.py:490} INFO - |2021-01-29 10:30:00|  MSFT| 237.78999| 238.01500| 233.81000| 233.91010| 4548452|
[2023-06-15T10:01:00.797+0000] {spark_submit.py:490} INFO - |2021-01-29 09:30:00|  MSFT| 235.79700| 237.92000| 234.07001| 237.80000| 8536703|
[2023-06-15T10:01:00.797+0000] {spark_submit.py:490} INFO - |2021-01-29 15:30:00|  GOOG|1850.27002|1852.88000|1831.57996|1832.75000|  243621|
[2023-06-15T10:01:00.797+0000] {spark_submit.py:490} INFO - |2021-01-29 14:30:00|  GOOG|1841.62000|1851.90002|1830.76001|1850.85999|  164942|
[2023-06-15T10:01:00.797+0000] {spark_submit.py:490} INFO - |2021-01-29 13:30:00|  GOOG|1824.98999|1844.39001|1821.15015|1841.23999|  140231|
[2023-06-15T10:01:00.797+0000] {spark_submit.py:490} INFO - |2021-01-29 12:30:00|  GOOG|1822.94006|1827.31995|1810.19995|1826.95996|  160996|
[2023-06-15T10:01:00.797+0000] {spark_submit.py:490} INFO - |2021-01-29 11:30:00|  GOOG|1837.18994|1838.05591|1820.28003|1823.85986|  155073|
[2023-06-15T10:01:00.798+0000] {spark_submit.py:490} INFO - |2021-01-29 10:30:00|  GOOG|1851.53003|1857.00000|1833.01001|1835.65015|  163882|
[2023-06-15T10:01:00.798+0000] {spark_submit.py:490} INFO - +-------------------+------+----------+----------+----------+----------+--------+
[2023-06-15T10:01:00.798+0000] {spark_submit.py:490} INFO - only showing top 20 rows
[2023-06-15T10:01:00.798+0000] {spark_submit.py:490} INFO - 
[2023-06-15T10:01:00.939+0000] {spark_submit.py:490} INFO - 23/06/15 10:01:00 INFO SparkContext: Invoking stop() from shutdown hook
[2023-06-15T10:01:00.940+0000] {spark_submit.py:490} INFO - 23/06/15 10:01:00 INFO SparkContext: SparkContext is stopping with exitCode 0.
[2023-06-15T10:01:00.951+0000] {spark_submit.py:490} INFO - 23/06/15 10:01:00 INFO SparkUI: Stopped Spark web UI at http://69b643fc97df:4040
[2023-06-15T10:01:00.956+0000] {spark_submit.py:490} INFO - 23/06/15 10:01:00 INFO StandaloneSchedulerBackend: Shutting down all executors
[2023-06-15T10:01:00.956+0000] {spark_submit.py:490} INFO - 23/06/15 10:01:00 INFO StandaloneSchedulerBackend$StandaloneDriverEndpoint: Asking each executor to shut down
[2023-06-15T10:01:00.984+0000] {spark_submit.py:490} INFO - 23/06/15 10:01:00 INFO MapOutputTrackerMasterEndpoint: MapOutputTrackerMasterEndpoint stopped!
[2023-06-15T10:01:01.003+0000] {spark_submit.py:490} INFO - 23/06/15 10:01:01 INFO MemoryStore: MemoryStore cleared
[2023-06-15T10:01:01.004+0000] {spark_submit.py:490} INFO - 23/06/15 10:01:01 INFO BlockManager: BlockManager stopped
[2023-06-15T10:01:01.009+0000] {spark_submit.py:490} INFO - 23/06/15 10:01:01 INFO BlockManagerMaster: BlockManagerMaster stopped
[2023-06-15T10:01:01.013+0000] {spark_submit.py:490} INFO - 23/06/15 10:01:01 INFO OutputCommitCoordinator$OutputCommitCoordinatorEndpoint: OutputCommitCoordinator stopped!
[2023-06-15T10:01:01.022+0000] {spark_submit.py:490} INFO - 23/06/15 10:01:01 INFO SparkContext: Successfully stopped SparkContext
[2023-06-15T10:01:01.022+0000] {spark_submit.py:490} INFO - 23/06/15 10:01:01 INFO ShutdownHookManager: Shutdown hook called
[2023-06-15T10:01:01.023+0000] {spark_submit.py:490} INFO - 23/06/15 10:01:01 INFO ShutdownHookManager: Deleting directory /tmp/spark-f88c2958-f6f2-4771-9fd6-2a01d1b81087
[2023-06-15T10:01:01.027+0000] {spark_submit.py:490} INFO - 23/06/15 10:01:01 INFO ShutdownHookManager: Deleting directory /tmp/spark-bf374a1c-d577-4444-bab3-1b224c7075da/pyspark-966dfd86-cac0-4d45-b6f8-0f0a4e2bc0fe
[2023-06-15T10:01:01.031+0000] {spark_submit.py:490} INFO - 23/06/15 10:01:01 INFO ShutdownHookManager: Deleting directory /tmp/spark-bf374a1c-d577-4444-bab3-1b224c7075da
[2023-06-15T10:01:01.107+0000] {taskinstance.py:1345} INFO - Marking task as SUCCESS. dag_id=upload_to_gcs, task_id=spark_load_stock_data, execution_date=20210205T000000, start_date=20230615T095947, end_date=20230615T100101
[2023-06-15T10:01:01.153+0000] {local_task_job_runner.py:225} INFO - Task exited with return code 0
[2023-06-15T10:01:01.170+0000] {taskinstance.py:2651} INFO - 0 downstream tasks scheduled from follow-on schedule check
