[2023-05-09T03:56:00.253+0000] {taskinstance.py:1125} INFO - Dependencies all met for dep_context=non-requeueable deps ti=<TaskInstance: upload_to_gcs.spark_load_stock_data manual__2023-05-09T03:54:56.310070+00:00 [queued]>
[2023-05-09T03:56:00.262+0000] {taskinstance.py:1125} INFO - Dependencies all met for dep_context=requeueable deps ti=<TaskInstance: upload_to_gcs.spark_load_stock_data manual__2023-05-09T03:54:56.310070+00:00 [queued]>
[2023-05-09T03:56:00.262+0000] {taskinstance.py:1331} INFO - Starting attempt 1 of 2
[2023-05-09T03:56:00.292+0000] {taskinstance.py:1350} INFO - Executing <Task(SparkSubmitOperator): spark_load_stock_data> on 2023-05-09 03:54:56.310070+00:00
[2023-05-09T03:56:00.296+0000] {standard_task_runner.py:57} INFO - Started process 906 to run task
[2023-05-09T03:56:00.299+0000] {standard_task_runner.py:84} INFO - Running: ['***', 'tasks', 'run', 'upload_to_gcs', 'spark_load_stock_data', 'manual__2023-05-09T03:54:56.310070+00:00', '--job-id', '65', '--raw', '--subdir', 'DAGS_FOLDER/upload_to_gcs.py', '--cfg-path', '/tmp/tmp6fedxzmo']
[2023-05-09T03:56:00.300+0000] {standard_task_runner.py:85} INFO - Job 65: Subtask spark_load_stock_data
[2023-05-09T03:56:00.340+0000] {task_command.py:410} INFO - Running <TaskInstance: upload_to_gcs.spark_load_stock_data manual__2023-05-09T03:54:56.310070+00:00 [running]> on host 872098f48f0d
[2023-05-09T03:56:00.426+0000] {taskinstance.py:1568} INFO - Exporting env vars: AIRFLOW_CTX_DAG_OWNER='***' AIRFLOW_CTX_DAG_ID='upload_to_gcs' AIRFLOW_CTX_TASK_ID='spark_load_stock_data' AIRFLOW_CTX_EXECUTION_DATE='2023-05-09T03:54:56.310070+00:00' AIRFLOW_CTX_TRY_NUMBER='1' AIRFLOW_CTX_DAG_RUN_ID='manual__2023-05-09T03:54:56.310070+00:00'
[2023-05-09T03:56:00.438+0000] {base.py:73} INFO - Using connection ID 'spark_default' for task execution.
[2023-05-09T03:56:00.439+0000] {spark_submit.py:339} INFO - Spark-Submit cmd: spark-submit --master localhost:7077 --name arrow-spark --verbose /opt/spark/app/load_data.py
[2023-05-09T03:56:00.463+0000] {spark_submit.py:490} INFO - /opt/***/spark/spark-3.4.0-bin-hadoop3/bin/load-spark-env.sh: line 68: ps: command not found
[2023-05-09T03:56:02.315+0000] {spark_submit.py:490} INFO - Using properties file: null
[2023-05-09T03:56:02.472+0000] {spark_submit.py:490} INFO - Parsed arguments:
[2023-05-09T03:56:02.472+0000] {spark_submit.py:490} INFO - master                  localhost:7077
[2023-05-09T03:56:02.472+0000] {spark_submit.py:490} INFO - remote                  null
[2023-05-09T03:56:02.472+0000] {spark_submit.py:490} INFO - deployMode              null
[2023-05-09T03:56:02.473+0000] {spark_submit.py:490} INFO - executorMemory          null
[2023-05-09T03:56:02.473+0000] {spark_submit.py:490} INFO - executorCores           null
[2023-05-09T03:56:02.473+0000] {spark_submit.py:490} INFO - totalExecutorCores      null
[2023-05-09T03:56:02.473+0000] {spark_submit.py:490} INFO - propertiesFile          null
[2023-05-09T03:56:02.473+0000] {spark_submit.py:490} INFO - driverMemory            null
[2023-05-09T03:56:02.473+0000] {spark_submit.py:490} INFO - driverCores             null
[2023-05-09T03:56:02.473+0000] {spark_submit.py:490} INFO - driverExtraClassPath    null
[2023-05-09T03:56:02.473+0000] {spark_submit.py:490} INFO - driverExtraLibraryPath  null
[2023-05-09T03:56:02.473+0000] {spark_submit.py:490} INFO - driverExtraJavaOptions  null
[2023-05-09T03:56:02.473+0000] {spark_submit.py:490} INFO - supervise               false
[2023-05-09T03:56:02.473+0000] {spark_submit.py:490} INFO - queue                   null
[2023-05-09T03:56:02.473+0000] {spark_submit.py:490} INFO - numExecutors            null
[2023-05-09T03:56:02.473+0000] {spark_submit.py:490} INFO - files                   null
[2023-05-09T03:56:02.473+0000] {spark_submit.py:490} INFO - pyFiles                 null
[2023-05-09T03:56:02.474+0000] {spark_submit.py:490} INFO - archives                null
[2023-05-09T03:56:02.474+0000] {spark_submit.py:490} INFO - mainClass               null
[2023-05-09T03:56:02.474+0000] {spark_submit.py:490} INFO - primaryResource         file:/opt/spark/app/load_data.py
[2023-05-09T03:56:02.474+0000] {spark_submit.py:490} INFO - name                    arrow-spark
[2023-05-09T03:56:02.474+0000] {spark_submit.py:490} INFO - childArgs               []
[2023-05-09T03:56:02.474+0000] {spark_submit.py:490} INFO - jars                    null
[2023-05-09T03:56:02.474+0000] {spark_submit.py:490} INFO - packages                null
[2023-05-09T03:56:02.474+0000] {spark_submit.py:490} INFO - packagesExclusions      null
[2023-05-09T03:56:02.474+0000] {spark_submit.py:490} INFO - repositories            null
[2023-05-09T03:56:02.474+0000] {spark_submit.py:490} INFO - verbose                 true
[2023-05-09T03:56:02.474+0000] {spark_submit.py:490} INFO - 
[2023-05-09T03:56:02.474+0000] {spark_submit.py:490} INFO - Spark properties used, including those specified through
[2023-05-09T03:56:02.474+0000] {spark_submit.py:490} INFO - --conf and those from the properties file null:
[2023-05-09T03:56:02.474+0000] {spark_submit.py:490} INFO - 
[2023-05-09T03:56:02.474+0000] {spark_submit.py:490} INFO - 
[2023-05-09T03:56:02.475+0000] {spark_submit.py:490} INFO - 
[2023-05-09T03:56:02.793+0000] {spark_submit.py:490} INFO - Main class:
[2023-05-09T03:56:02.794+0000] {spark_submit.py:490} INFO - org.apache.spark.deploy.PythonRunner
[2023-05-09T03:56:02.794+0000] {spark_submit.py:490} INFO - Arguments:
[2023-05-09T03:56:02.794+0000] {spark_submit.py:490} INFO - file:/opt/spark/app/load_data.py
[2023-05-09T03:56:02.795+0000] {spark_submit.py:490} INFO - null
[2023-05-09T03:56:02.799+0000] {spark_submit.py:490} INFO - Spark config:
[2023-05-09T03:56:02.800+0000] {spark_submit.py:490} INFO - (spark.app.name,arrow-spark)
[2023-05-09T03:56:02.800+0000] {spark_submit.py:490} INFO - (spark.app.submitTime,1683604562771)
[2023-05-09T03:56:02.800+0000] {spark_submit.py:490} INFO - (spark.master,localhost:7077)
[2023-05-09T03:56:02.800+0000] {spark_submit.py:490} INFO - (spark.submit.deployMode,client)
[2023-05-09T03:56:02.800+0000] {spark_submit.py:490} INFO - (spark.submit.pyFiles,)
[2023-05-09T03:56:02.800+0000] {spark_submit.py:490} INFO - Classpath elements:
[2023-05-09T03:56:02.800+0000] {spark_submit.py:490} INFO - 
[2023-05-09T03:56:02.800+0000] {spark_submit.py:490} INFO - 
[2023-05-09T03:56:02.800+0000] {spark_submit.py:490} INFO - 
[2023-05-09T03:56:03.958+0000] {spark_submit.py:490} INFO - 23/05/09 03:56:03 INFO SparkContext: Running Spark version 3.4.0
[2023-05-09T03:56:04.011+0000] {spark_submit.py:490} INFO - 23/05/09 03:56:04 WARN NativeCodeLoader: Unable to load native-hadoop library for your platform... using builtin-java classes where applicable
[2023-05-09T03:56:04.103+0000] {spark_submit.py:490} INFO - 23/05/09 03:56:04 INFO ResourceUtils: ==============================================================
[2023-05-09T03:56:04.103+0000] {spark_submit.py:490} INFO - 23/05/09 03:56:04 INFO ResourceUtils: No custom resources configured for spark.driver.
[2023-05-09T03:56:04.104+0000] {spark_submit.py:490} INFO - 23/05/09 03:56:04 INFO ResourceUtils: ==============================================================
[2023-05-09T03:56:04.104+0000] {spark_submit.py:490} INFO - 23/05/09 03:56:04 INFO SparkContext: Submitted application: SparkUploadData
[2023-05-09T03:56:04.126+0000] {spark_submit.py:490} INFO - 23/05/09 03:56:04 INFO ResourceProfile: Default ResourceProfile created, executor resources: Map(cores -> name: cores, amount: 1, script: , vendor: , memory -> name: memory, amount: 1024, script: , vendor: , offHeap -> name: offHeap, amount: 0, script: , vendor: ), task resources: Map(cpus -> name: cpus, amount: 1.0)
[2023-05-09T03:56:04.138+0000] {spark_submit.py:490} INFO - 23/05/09 03:56:04 INFO ResourceProfile: Limiting resource is cpu
[2023-05-09T03:56:04.139+0000] {spark_submit.py:490} INFO - 23/05/09 03:56:04 INFO ResourceProfileManager: Added ResourceProfile id: 0
[2023-05-09T03:56:04.209+0000] {spark_submit.py:490} INFO - 23/05/09 03:56:04 INFO SecurityManager: Changing view acls to: default
[2023-05-09T03:56:04.210+0000] {spark_submit.py:490} INFO - 23/05/09 03:56:04 INFO SecurityManager: Changing modify acls to: default
[2023-05-09T03:56:04.210+0000] {spark_submit.py:490} INFO - 23/05/09 03:56:04 INFO SecurityManager: Changing view acls groups to:
[2023-05-09T03:56:04.211+0000] {spark_submit.py:490} INFO - 23/05/09 03:56:04 INFO SecurityManager: Changing modify acls groups to:
[2023-05-09T03:56:04.211+0000] {spark_submit.py:490} INFO - 23/05/09 03:56:04 INFO SecurityManager: SecurityManager: authentication disabled; ui acls disabled; users with view permissions: default; groups with view permissions: EMPTY; users with modify permissions: default; groups with modify permissions: EMPTY
[2023-05-09T03:56:04.451+0000] {spark_submit.py:490} INFO - 23/05/09 03:56:04 INFO Utils: Successfully started service 'sparkDriver' on port 46479.
[2023-05-09T03:56:04.480+0000] {spark_submit.py:490} INFO - 23/05/09 03:56:04 INFO SparkEnv: Registering MapOutputTracker
[2023-05-09T03:56:04.520+0000] {spark_submit.py:490} INFO - 23/05/09 03:56:04 INFO SparkEnv: Registering BlockManagerMaster
[2023-05-09T03:56:04.547+0000] {spark_submit.py:490} INFO - 23/05/09 03:56:04 INFO BlockManagerMasterEndpoint: Using org.apache.spark.storage.DefaultTopologyMapper for getting topology information
[2023-05-09T03:56:04.547+0000] {spark_submit.py:490} INFO - 23/05/09 03:56:04 INFO BlockManagerMasterEndpoint: BlockManagerMasterEndpoint up
[2023-05-09T03:56:04.552+0000] {spark_submit.py:490} INFO - 23/05/09 03:56:04 INFO SparkEnv: Registering BlockManagerMasterHeartbeat
[2023-05-09T03:56:04.577+0000] {spark_submit.py:490} INFO - 23/05/09 03:56:04 INFO DiskBlockManager: Created local directory at /tmp/blockmgr-b4d5922e-e865-4925-bb19-5fb14d297df3
[2023-05-09T03:56:04.593+0000] {spark_submit.py:490} INFO - 23/05/09 03:56:04 INFO MemoryStore: MemoryStore started with capacity 434.4 MiB
[2023-05-09T03:56:04.608+0000] {spark_submit.py:490} INFO - 23/05/09 03:56:04 INFO SparkEnv: Registering OutputCommitCoordinator
[2023-05-09T03:56:04.746+0000] {spark_submit.py:490} INFO - 23/05/09 03:56:04 INFO JettyUtils: Start Jetty 0.0.0.0:4040 for SparkUI
[2023-05-09T03:56:04.799+0000] {spark_submit.py:490} INFO - 23/05/09 03:56:04 INFO Utils: Successfully started service 'SparkUI' on port 4040.
[2023-05-09T03:56:04.858+0000] {spark_submit.py:490} INFO - 23/05/09 03:56:04 ERROR SparkContext: Error initializing SparkContext.
[2023-05-09T03:56:04.859+0000] {spark_submit.py:490} INFO - org.apache.spark.SparkException: Could not parse Master URL: 'localhost:7077'
[2023-05-09T03:56:04.859+0000] {spark_submit.py:490} INFO - at org.apache.spark.SparkContext$.org$apache$spark$SparkContext$$createTaskScheduler(SparkContext.scala:3033)
[2023-05-09T03:56:04.859+0000] {spark_submit.py:490} INFO - at org.apache.spark.SparkContext.<init>(SparkContext.scala:568)
[2023-05-09T03:56:04.859+0000] {spark_submit.py:490} INFO - at org.apache.spark.api.java.JavaSparkContext.<init>(JavaSparkContext.scala:58)
[2023-05-09T03:56:04.859+0000] {spark_submit.py:490} INFO - at java.base/jdk.internal.reflect.NativeConstructorAccessorImpl.newInstance0(Native Method)
[2023-05-09T03:56:04.859+0000] {spark_submit.py:490} INFO - at java.base/jdk.internal.reflect.NativeConstructorAccessorImpl.newInstance(NativeConstructorAccessorImpl.java:62)
[2023-05-09T03:56:04.860+0000] {spark_submit.py:490} INFO - at java.base/jdk.internal.reflect.DelegatingConstructorAccessorImpl.newInstance(DelegatingConstructorAccessorImpl.java:45)
[2023-05-09T03:56:04.860+0000] {spark_submit.py:490} INFO - at java.base/java.lang.reflect.Constructor.newInstance(Constructor.java:490)
[2023-05-09T03:56:04.860+0000] {spark_submit.py:490} INFO - at py4j.reflection.MethodInvoker.invoke(MethodInvoker.java:247)
[2023-05-09T03:56:04.860+0000] {spark_submit.py:490} INFO - at py4j.reflection.ReflectionEngine.invoke(ReflectionEngine.java:374)
[2023-05-09T03:56:04.860+0000] {spark_submit.py:490} INFO - at py4j.Gateway.invoke(Gateway.java:238)
[2023-05-09T03:56:04.860+0000] {spark_submit.py:490} INFO - at py4j.commands.ConstructorCommand.invokeConstructor(ConstructorCommand.java:80)
[2023-05-09T03:56:04.860+0000] {spark_submit.py:490} INFO - at py4j.commands.ConstructorCommand.execute(ConstructorCommand.java:69)
[2023-05-09T03:56:04.860+0000] {spark_submit.py:490} INFO - at py4j.ClientServerConnection.waitForCommands(ClientServerConnection.java:182)
[2023-05-09T03:56:04.860+0000] {spark_submit.py:490} INFO - at py4j.ClientServerConnection.run(ClientServerConnection.java:106)
[2023-05-09T03:56:04.861+0000] {spark_submit.py:490} INFO - at java.base/java.lang.Thread.run(Thread.java:834)
[2023-05-09T03:56:04.861+0000] {spark_submit.py:490} INFO - 23/05/09 03:56:04 INFO SparkContext: SparkContext is stopping with exitCode 0.
[2023-05-09T03:56:04.874+0000] {spark_submit.py:490} INFO - 23/05/09 03:56:04 INFO SparkUI: Stopped Spark web UI at http://872098f48f0d:4040
[2023-05-09T03:56:04.895+0000] {spark_submit.py:490} INFO - 23/05/09 03:56:04 INFO MapOutputTrackerMasterEndpoint: MapOutputTrackerMasterEndpoint stopped!
[2023-05-09T03:56:04.902+0000] {spark_submit.py:490} INFO - 23/05/09 03:56:04 INFO MemoryStore: MemoryStore cleared
[2023-05-09T03:56:04.903+0000] {spark_submit.py:490} INFO - 23/05/09 03:56:04 INFO BlockManager: BlockManager stopped
[2023-05-09T03:56:04.912+0000] {spark_submit.py:490} INFO - 23/05/09 03:56:04 INFO BlockManagerMaster: BlockManagerMaster stopped
[2023-05-09T03:56:04.912+0000] {spark_submit.py:490} INFO - 23/05/09 03:56:04 WARN MetricsSystem: Stopping a MetricsSystem that is not running
[2023-05-09T03:56:04.915+0000] {spark_submit.py:490} INFO - 23/05/09 03:56:04 INFO OutputCommitCoordinator$OutputCommitCoordinatorEndpoint: OutputCommitCoordinator stopped!
[2023-05-09T03:56:04.929+0000] {spark_submit.py:490} INFO - 23/05/09 03:56:04 INFO SparkContext: Successfully stopped SparkContext
[2023-05-09T03:56:04.929+0000] {spark_submit.py:490} INFO - Traceback (most recent call last):
[2023-05-09T03:56:04.930+0000] {spark_submit.py:490} INFO - File "/opt/spark/app/load_data.py", line 18, in <module>
[2023-05-09T03:56:04.930+0000] {spark_submit.py:490} INFO - sc = SparkContext(conf=conf)
[2023-05-09T03:56:04.930+0000] {spark_submit.py:490} INFO - File "/opt/***/spark/spark-3.4.0-bin-hadoop3/python/lib/pyspark.zip/pyspark/context.py", line 200, in __init__
[2023-05-09T03:56:04.930+0000] {spark_submit.py:490} INFO - File "/opt/***/spark/spark-3.4.0-bin-hadoop3/python/lib/pyspark.zip/pyspark/context.py", line 287, in _do_init
[2023-05-09T03:56:04.930+0000] {spark_submit.py:490} INFO - File "/opt/***/spark/spark-3.4.0-bin-hadoop3/python/lib/pyspark.zip/pyspark/context.py", line 417, in _initialize_context
[2023-05-09T03:56:04.930+0000] {spark_submit.py:490} INFO - File "/opt/***/spark/spark-3.4.0-bin-hadoop3/python/lib/py4j-0.10.9.7-src.zip/py4j/java_gateway.py", line 1587, in __call__
[2023-05-09T03:56:04.930+0000] {spark_submit.py:490} INFO - File "/opt/***/spark/spark-3.4.0-bin-hadoop3/python/lib/py4j-0.10.9.7-src.zip/py4j/protocol.py", line 326, in get_return_value
[2023-05-09T03:56:04.931+0000] {spark_submit.py:490} INFO - py4j.protocol.Py4JJavaError: An error occurred while calling None.org.apache.spark.api.java.JavaSparkContext.
[2023-05-09T03:56:04.931+0000] {spark_submit.py:490} INFO - : org.apache.spark.SparkException: Could not parse Master URL: 'localhost:7077'
[2023-05-09T03:56:04.931+0000] {spark_submit.py:490} INFO - at org.apache.spark.SparkContext$.org$apache$spark$SparkContext$$createTaskScheduler(SparkContext.scala:3033)
[2023-05-09T03:56:04.931+0000] {spark_submit.py:490} INFO - at org.apache.spark.SparkContext.<init>(SparkContext.scala:568)
[2023-05-09T03:56:04.931+0000] {spark_submit.py:490} INFO - at org.apache.spark.api.java.JavaSparkContext.<init>(JavaSparkContext.scala:58)
[2023-05-09T03:56:04.931+0000] {spark_submit.py:490} INFO - at java.base/jdk.internal.reflect.NativeConstructorAccessorImpl.newInstance0(Native Method)
[2023-05-09T03:56:04.931+0000] {spark_submit.py:490} INFO - at java.base/jdk.internal.reflect.NativeConstructorAccessorImpl.newInstance(NativeConstructorAccessorImpl.java:62)
[2023-05-09T03:56:04.931+0000] {spark_submit.py:490} INFO - at java.base/jdk.internal.reflect.DelegatingConstructorAccessorImpl.newInstance(DelegatingConstructorAccessorImpl.java:45)
[2023-05-09T03:56:04.931+0000] {spark_submit.py:490} INFO - at java.base/java.lang.reflect.Constructor.newInstance(Constructor.java:490)
[2023-05-09T03:56:04.931+0000] {spark_submit.py:490} INFO - at py4j.reflection.MethodInvoker.invoke(MethodInvoker.java:247)
[2023-05-09T03:56:04.931+0000] {spark_submit.py:490} INFO - at py4j.reflection.ReflectionEngine.invoke(ReflectionEngine.java:374)
[2023-05-09T03:56:04.931+0000] {spark_submit.py:490} INFO - at py4j.Gateway.invoke(Gateway.java:238)
[2023-05-09T03:56:04.932+0000] {spark_submit.py:490} INFO - at py4j.commands.ConstructorCommand.invokeConstructor(ConstructorCommand.java:80)
[2023-05-09T03:56:04.932+0000] {spark_submit.py:490} INFO - at py4j.commands.ConstructorCommand.execute(ConstructorCommand.java:69)
[2023-05-09T03:56:04.932+0000] {spark_submit.py:490} INFO - at py4j.ClientServerConnection.waitForCommands(ClientServerConnection.java:182)
[2023-05-09T03:56:04.932+0000] {spark_submit.py:490} INFO - at py4j.ClientServerConnection.run(ClientServerConnection.java:106)
[2023-05-09T03:56:04.932+0000] {spark_submit.py:490} INFO - at java.base/java.lang.Thread.run(Thread.java:834)
[2023-05-09T03:56:04.932+0000] {spark_submit.py:490} INFO - 
[2023-05-09T03:56:05.001+0000] {spark_submit.py:490} INFO - 23/05/09 03:56:05 INFO ShutdownHookManager: Shutdown hook called
[2023-05-09T03:56:05.001+0000] {spark_submit.py:490} INFO - 23/05/09 03:56:05 INFO ShutdownHookManager: Deleting directory /tmp/spark-78ae2e43-7203-486f-a5dd-0a46459ced03
[2023-05-09T03:56:05.004+0000] {spark_submit.py:490} INFO - 23/05/09 03:56:05 INFO ShutdownHookManager: Deleting directory /tmp/spark-eef334ae-8f26-4598-a574-71ab42f5a800
[2023-05-09T03:56:05.060+0000] {taskinstance.py:1847} ERROR - Task failed with exception
Traceback (most recent call last):
  File "/home/airflow/.local/lib/python3.9/site-packages/airflow/providers/apache/spark/operators/spark_submit.py", line 157, in execute
    self._hook.submit(self._application)
  File "/home/airflow/.local/lib/python3.9/site-packages/airflow/providers/apache/spark/hooks/spark_submit.py", line 421, in submit
    raise AirflowException(
airflow.exceptions.AirflowException: Cannot execute: spark-submit --master localhost:7077 --name arrow-spark --verbose /opt/spark/app/load_data.py. Error code is: 1.
[2023-05-09T03:56:05.064+0000] {taskinstance.py:1368} INFO - Marking task as UP_FOR_RETRY. dag_id=upload_to_gcs, task_id=spark_load_stock_data, execution_date=20230509T035456, start_date=20230509T035600, end_date=20230509T035605
[2023-05-09T03:56:05.077+0000] {standard_task_runner.py:104} ERROR - Failed to execute job 65 for task spark_load_stock_data (Cannot execute: spark-submit --master localhost:7077 --name arrow-spark --verbose /opt/spark/app/load_data.py. Error code is: 1.; 906)
[2023-05-09T03:56:05.091+0000] {local_task_job_runner.py:232} INFO - Task exited with return code 1
[2023-05-09T03:56:05.113+0000] {taskinstance.py:2674} INFO - 0 downstream tasks scheduled from follow-on schedule check
