[2023-05-09T03:56:35.537+0000] {taskinstance.py:1125} INFO - Dependencies all met for dep_context=non-requeueable deps ti=<TaskInstance: upload_to_gcs.spark_load_stock_data manual__2023-05-09T03:54:56.310070+00:00 [queued]>
[2023-05-09T03:56:35.545+0000] {taskinstance.py:1125} INFO - Dependencies all met for dep_context=requeueable deps ti=<TaskInstance: upload_to_gcs.spark_load_stock_data manual__2023-05-09T03:54:56.310070+00:00 [queued]>
[2023-05-09T03:56:35.545+0000] {taskinstance.py:1331} INFO - Starting attempt 2 of 2
[2023-05-09T03:56:35.573+0000] {taskinstance.py:1350} INFO - Executing <Task(SparkSubmitOperator): spark_load_stock_data> on 2023-05-09 03:54:56.310070+00:00
[2023-05-09T03:56:35.578+0000] {standard_task_runner.py:57} INFO - Started process 1033 to run task
[2023-05-09T03:56:35.581+0000] {standard_task_runner.py:84} INFO - Running: ['***', 'tasks', 'run', 'upload_to_gcs', 'spark_load_stock_data', 'manual__2023-05-09T03:54:56.310070+00:00', '--job-id', '66', '--raw', '--subdir', 'DAGS_FOLDER/upload_to_gcs.py', '--cfg-path', '/tmp/tmpvgf5x7k2']
[2023-05-09T03:56:35.581+0000] {standard_task_runner.py:85} INFO - Job 66: Subtask spark_load_stock_data
[2023-05-09T03:56:35.619+0000] {task_command.py:410} INFO - Running <TaskInstance: upload_to_gcs.spark_load_stock_data manual__2023-05-09T03:54:56.310070+00:00 [running]> on host 872098f48f0d
[2023-05-09T03:56:35.679+0000] {taskinstance.py:1568} INFO - Exporting env vars: AIRFLOW_CTX_DAG_OWNER='***' AIRFLOW_CTX_DAG_ID='upload_to_gcs' AIRFLOW_CTX_TASK_ID='spark_load_stock_data' AIRFLOW_CTX_EXECUTION_DATE='2023-05-09T03:54:56.310070+00:00' AIRFLOW_CTX_TRY_NUMBER='2' AIRFLOW_CTX_DAG_RUN_ID='manual__2023-05-09T03:54:56.310070+00:00'
[2023-05-09T03:56:35.685+0000] {base.py:73} INFO - Using connection ID 'spark_default' for task execution.
[2023-05-09T03:56:35.686+0000] {spark_submit.py:339} INFO - Spark-Submit cmd: spark-submit --master localhost:7077 --name arrow-spark --verbose /opt/spark/app/load_data.py
[2023-05-09T03:56:35.701+0000] {spark_submit.py:490} INFO - /opt/***/spark/spark-3.4.0-bin-hadoop3/bin/load-spark-env.sh: line 68: ps: command not found
[2023-05-09T03:56:36.893+0000] {spark_submit.py:490} INFO - Using properties file: null
[2023-05-09T03:56:37.018+0000] {spark_submit.py:490} INFO - Parsed arguments:
[2023-05-09T03:56:37.019+0000] {spark_submit.py:490} INFO - master                  localhost:7077
[2023-05-09T03:56:37.019+0000] {spark_submit.py:490} INFO - remote                  null
[2023-05-09T03:56:37.019+0000] {spark_submit.py:490} INFO - deployMode              null
[2023-05-09T03:56:37.019+0000] {spark_submit.py:490} INFO - executorMemory          null
[2023-05-09T03:56:37.019+0000] {spark_submit.py:490} INFO - executorCores           null
[2023-05-09T03:56:37.019+0000] {spark_submit.py:490} INFO - totalExecutorCores      null
[2023-05-09T03:56:37.019+0000] {spark_submit.py:490} INFO - propertiesFile          null
[2023-05-09T03:56:37.019+0000] {spark_submit.py:490} INFO - driverMemory            null
[2023-05-09T03:56:37.019+0000] {spark_submit.py:490} INFO - driverCores             null
[2023-05-09T03:56:37.019+0000] {spark_submit.py:490} INFO - driverExtraClassPath    null
[2023-05-09T03:56:37.019+0000] {spark_submit.py:490} INFO - driverExtraLibraryPath  null
[2023-05-09T03:56:37.019+0000] {spark_submit.py:490} INFO - driverExtraJavaOptions  null
[2023-05-09T03:56:37.019+0000] {spark_submit.py:490} INFO - supervise               false
[2023-05-09T03:56:37.019+0000] {spark_submit.py:490} INFO - queue                   null
[2023-05-09T03:56:37.020+0000] {spark_submit.py:490} INFO - numExecutors            null
[2023-05-09T03:56:37.020+0000] {spark_submit.py:490} INFO - files                   null
[2023-05-09T03:56:37.020+0000] {spark_submit.py:490} INFO - pyFiles                 null
[2023-05-09T03:56:37.020+0000] {spark_submit.py:490} INFO - archives                null
[2023-05-09T03:56:37.020+0000] {spark_submit.py:490} INFO - mainClass               null
[2023-05-09T03:56:37.020+0000] {spark_submit.py:490} INFO - primaryResource         file:/opt/spark/app/load_data.py
[2023-05-09T03:56:37.020+0000] {spark_submit.py:490} INFO - name                    arrow-spark
[2023-05-09T03:56:37.020+0000] {spark_submit.py:490} INFO - childArgs               []
[2023-05-09T03:56:37.020+0000] {spark_submit.py:490} INFO - jars                    null
[2023-05-09T03:56:37.020+0000] {spark_submit.py:490} INFO - packages                null
[2023-05-09T03:56:37.020+0000] {spark_submit.py:490} INFO - packagesExclusions      null
[2023-05-09T03:56:37.020+0000] {spark_submit.py:490} INFO - repositories            null
[2023-05-09T03:56:37.020+0000] {spark_submit.py:490} INFO - verbose                 true
[2023-05-09T03:56:37.020+0000] {spark_submit.py:490} INFO - 
[2023-05-09T03:56:37.021+0000] {spark_submit.py:490} INFO - Spark properties used, including those specified through
[2023-05-09T03:56:37.021+0000] {spark_submit.py:490} INFO - --conf and those from the properties file null:
[2023-05-09T03:56:37.021+0000] {spark_submit.py:490} INFO - 
[2023-05-09T03:56:37.021+0000] {spark_submit.py:490} INFO - 
[2023-05-09T03:56:37.021+0000] {spark_submit.py:490} INFO - 
[2023-05-09T03:56:37.290+0000] {spark_submit.py:490} INFO - Main class:
[2023-05-09T03:56:37.290+0000] {spark_submit.py:490} INFO - org.apache.spark.deploy.PythonRunner
[2023-05-09T03:56:37.290+0000] {spark_submit.py:490} INFO - Arguments:
[2023-05-09T03:56:37.290+0000] {spark_submit.py:490} INFO - file:/opt/spark/app/load_data.py
[2023-05-09T03:56:37.291+0000] {spark_submit.py:490} INFO - null
[2023-05-09T03:56:37.294+0000] {spark_submit.py:490} INFO - Spark config:
[2023-05-09T03:56:37.294+0000] {spark_submit.py:490} INFO - (spark.app.name,arrow-spark)
[2023-05-09T03:56:37.294+0000] {spark_submit.py:490} INFO - (spark.app.submitTime,1683604597272)
[2023-05-09T03:56:37.294+0000] {spark_submit.py:490} INFO - (spark.master,localhost:7077)
[2023-05-09T03:56:37.294+0000] {spark_submit.py:490} INFO - (spark.submit.deployMode,client)
[2023-05-09T03:56:37.295+0000] {spark_submit.py:490} INFO - (spark.submit.pyFiles,)
[2023-05-09T03:56:37.295+0000] {spark_submit.py:490} INFO - Classpath elements:
[2023-05-09T03:56:37.295+0000] {spark_submit.py:490} INFO - 
[2023-05-09T03:56:37.295+0000] {spark_submit.py:490} INFO - 
[2023-05-09T03:56:37.295+0000] {spark_submit.py:490} INFO - 
[2023-05-09T03:56:38.407+0000] {spark_submit.py:490} INFO - 23/05/09 03:56:38 INFO SparkContext: Running Spark version 3.4.0
[2023-05-09T03:56:38.469+0000] {spark_submit.py:490} INFO - 23/05/09 03:56:38 WARN NativeCodeLoader: Unable to load native-hadoop library for your platform... using builtin-java classes where applicable
[2023-05-09T03:56:38.562+0000] {spark_submit.py:490} INFO - 23/05/09 03:56:38 INFO ResourceUtils: ==============================================================
[2023-05-09T03:56:38.562+0000] {spark_submit.py:490} INFO - 23/05/09 03:56:38 INFO ResourceUtils: No custom resources configured for spark.driver.
[2023-05-09T03:56:38.563+0000] {spark_submit.py:490} INFO - 23/05/09 03:56:38 INFO ResourceUtils: ==============================================================
[2023-05-09T03:56:38.563+0000] {spark_submit.py:490} INFO - 23/05/09 03:56:38 INFO SparkContext: Submitted application: SparkUploadData
[2023-05-09T03:56:38.585+0000] {spark_submit.py:490} INFO - 23/05/09 03:56:38 INFO ResourceProfile: Default ResourceProfile created, executor resources: Map(cores -> name: cores, amount: 1, script: , vendor: , memory -> name: memory, amount: 1024, script: , vendor: , offHeap -> name: offHeap, amount: 0, script: , vendor: ), task resources: Map(cpus -> name: cpus, amount: 1.0)
[2023-05-09T03:56:38.597+0000] {spark_submit.py:490} INFO - 23/05/09 03:56:38 INFO ResourceProfile: Limiting resource is cpu
[2023-05-09T03:56:38.598+0000] {spark_submit.py:490} INFO - 23/05/09 03:56:38 INFO ResourceProfileManager: Added ResourceProfile id: 0
[2023-05-09T03:56:38.651+0000] {spark_submit.py:490} INFO - 23/05/09 03:56:38 INFO SecurityManager: Changing view acls to: default
[2023-05-09T03:56:38.651+0000] {spark_submit.py:490} INFO - 23/05/09 03:56:38 INFO SecurityManager: Changing modify acls to: default
[2023-05-09T03:56:38.652+0000] {spark_submit.py:490} INFO - 23/05/09 03:56:38 INFO SecurityManager: Changing view acls groups to:
[2023-05-09T03:56:38.652+0000] {spark_submit.py:490} INFO - 23/05/09 03:56:38 INFO SecurityManager: Changing modify acls groups to:
[2023-05-09T03:56:38.653+0000] {spark_submit.py:490} INFO - 23/05/09 03:56:38 INFO SecurityManager: SecurityManager: authentication disabled; ui acls disabled; users with view permissions: default; groups with view permissions: EMPTY; users with modify permissions: default; groups with modify permissions: EMPTY
[2023-05-09T03:56:38.933+0000] {spark_submit.py:490} INFO - 23/05/09 03:56:38 INFO Utils: Successfully started service 'sparkDriver' on port 37359.
[2023-05-09T03:56:38.961+0000] {spark_submit.py:490} INFO - 23/05/09 03:56:38 INFO SparkEnv: Registering MapOutputTracker
[2023-05-09T03:56:38.997+0000] {spark_submit.py:490} INFO - 23/05/09 03:56:38 INFO SparkEnv: Registering BlockManagerMaster
[2023-05-09T03:56:39.020+0000] {spark_submit.py:490} INFO - 23/05/09 03:56:39 INFO BlockManagerMasterEndpoint: Using org.apache.spark.storage.DefaultTopologyMapper for getting topology information
[2023-05-09T03:56:39.021+0000] {spark_submit.py:490} INFO - 23/05/09 03:56:39 INFO BlockManagerMasterEndpoint: BlockManagerMasterEndpoint up
[2023-05-09T03:56:39.025+0000] {spark_submit.py:490} INFO - 23/05/09 03:56:39 INFO SparkEnv: Registering BlockManagerMasterHeartbeat
[2023-05-09T03:56:39.048+0000] {spark_submit.py:490} INFO - 23/05/09 03:56:39 INFO DiskBlockManager: Created local directory at /tmp/blockmgr-23e4ec54-7ace-4056-95b6-e7d9e2d8043c
[2023-05-09T03:56:39.070+0000] {spark_submit.py:490} INFO - 23/05/09 03:56:39 INFO MemoryStore: MemoryStore started with capacity 434.4 MiB
[2023-05-09T03:56:39.096+0000] {spark_submit.py:490} INFO - 23/05/09 03:56:39 INFO SparkEnv: Registering OutputCommitCoordinator
[2023-05-09T03:56:39.235+0000] {spark_submit.py:490} INFO - 23/05/09 03:56:39 INFO JettyUtils: Start Jetty 0.0.0.0:4040 for SparkUI
[2023-05-09T03:56:39.297+0000] {spark_submit.py:490} INFO - 23/05/09 03:56:39 INFO Utils: Successfully started service 'SparkUI' on port 4040.
[2023-05-09T03:56:39.364+0000] {spark_submit.py:490} INFO - 23/05/09 03:56:39 ERROR SparkContext: Error initializing SparkContext.
[2023-05-09T03:56:39.365+0000] {spark_submit.py:490} INFO - org.apache.spark.SparkException: Could not parse Master URL: 'localhost:7077'
[2023-05-09T03:56:39.365+0000] {spark_submit.py:490} INFO - at org.apache.spark.SparkContext$.org$apache$spark$SparkContext$$createTaskScheduler(SparkContext.scala:3033)
[2023-05-09T03:56:39.366+0000] {spark_submit.py:490} INFO - at org.apache.spark.SparkContext.<init>(SparkContext.scala:568)
[2023-05-09T03:56:39.366+0000] {spark_submit.py:490} INFO - at org.apache.spark.api.java.JavaSparkContext.<init>(JavaSparkContext.scala:58)
[2023-05-09T03:56:39.367+0000] {spark_submit.py:490} INFO - at java.base/jdk.internal.reflect.NativeConstructorAccessorImpl.newInstance0(Native Method)
[2023-05-09T03:56:39.368+0000] {spark_submit.py:490} INFO - at java.base/jdk.internal.reflect.NativeConstructorAccessorImpl.newInstance(NativeConstructorAccessorImpl.java:62)
[2023-05-09T03:56:39.368+0000] {spark_submit.py:490} INFO - at java.base/jdk.internal.reflect.DelegatingConstructorAccessorImpl.newInstance(DelegatingConstructorAccessorImpl.java:45)
[2023-05-09T03:56:39.368+0000] {spark_submit.py:490} INFO - at java.base/java.lang.reflect.Constructor.newInstance(Constructor.java:490)
[2023-05-09T03:56:39.368+0000] {spark_submit.py:490} INFO - at py4j.reflection.MethodInvoker.invoke(MethodInvoker.java:247)
[2023-05-09T03:56:39.369+0000] {spark_submit.py:490} INFO - at py4j.reflection.ReflectionEngine.invoke(ReflectionEngine.java:374)
[2023-05-09T03:56:39.369+0000] {spark_submit.py:490} INFO - at py4j.Gateway.invoke(Gateway.java:238)
[2023-05-09T03:56:39.369+0000] {spark_submit.py:490} INFO - at py4j.commands.ConstructorCommand.invokeConstructor(ConstructorCommand.java:80)
[2023-05-09T03:56:39.369+0000] {spark_submit.py:490} INFO - at py4j.commands.ConstructorCommand.execute(ConstructorCommand.java:69)
[2023-05-09T03:56:39.369+0000] {spark_submit.py:490} INFO - at py4j.ClientServerConnection.waitForCommands(ClientServerConnection.java:182)
[2023-05-09T03:56:39.369+0000] {spark_submit.py:490} INFO - at py4j.ClientServerConnection.run(ClientServerConnection.java:106)
[2023-05-09T03:56:39.369+0000] {spark_submit.py:490} INFO - at java.base/java.lang.Thread.run(Thread.java:834)
[2023-05-09T03:56:39.370+0000] {spark_submit.py:490} INFO - 23/05/09 03:56:39 INFO SparkContext: SparkContext is stopping with exitCode 0.
[2023-05-09T03:56:39.387+0000] {spark_submit.py:490} INFO - 23/05/09 03:56:39 INFO SparkUI: Stopped Spark web UI at http://872098f48f0d:4040
[2023-05-09T03:56:39.425+0000] {spark_submit.py:490} INFO - 23/05/09 03:56:39 INFO MapOutputTrackerMasterEndpoint: MapOutputTrackerMasterEndpoint stopped!
[2023-05-09T03:56:39.437+0000] {spark_submit.py:490} INFO - 23/05/09 03:56:39 INFO MemoryStore: MemoryStore cleared
[2023-05-09T03:56:39.438+0000] {spark_submit.py:490} INFO - 23/05/09 03:56:39 INFO BlockManager: BlockManager stopped
[2023-05-09T03:56:39.452+0000] {spark_submit.py:490} INFO - 23/05/09 03:56:39 INFO BlockManagerMaster: BlockManagerMaster stopped
[2023-05-09T03:56:39.453+0000] {spark_submit.py:490} INFO - 23/05/09 03:56:39 WARN MetricsSystem: Stopping a MetricsSystem that is not running
[2023-05-09T03:56:39.458+0000] {spark_submit.py:490} INFO - 23/05/09 03:56:39 INFO OutputCommitCoordinator$OutputCommitCoordinatorEndpoint: OutputCommitCoordinator stopped!
[2023-05-09T03:56:39.478+0000] {spark_submit.py:490} INFO - 23/05/09 03:56:39 INFO SparkContext: Successfully stopped SparkContext
[2023-05-09T03:56:39.478+0000] {spark_submit.py:490} INFO - Traceback (most recent call last):
[2023-05-09T03:56:39.479+0000] {spark_submit.py:490} INFO - File "/opt/spark/app/load_data.py", line 18, in <module>
[2023-05-09T03:56:39.479+0000] {spark_submit.py:490} INFO - sc = SparkContext(conf=conf)
[2023-05-09T03:56:39.480+0000] {spark_submit.py:490} INFO - File "/opt/***/spark/spark-3.4.0-bin-hadoop3/python/lib/pyspark.zip/pyspark/context.py", line 200, in __init__
[2023-05-09T03:56:39.480+0000] {spark_submit.py:490} INFO - File "/opt/***/spark/spark-3.4.0-bin-hadoop3/python/lib/pyspark.zip/pyspark/context.py", line 287, in _do_init
[2023-05-09T03:56:39.480+0000] {spark_submit.py:490} INFO - File "/opt/***/spark/spark-3.4.0-bin-hadoop3/python/lib/pyspark.zip/pyspark/context.py", line 417, in _initialize_context
[2023-05-09T03:56:39.480+0000] {spark_submit.py:490} INFO - File "/opt/***/spark/spark-3.4.0-bin-hadoop3/python/lib/py4j-0.10.9.7-src.zip/py4j/java_gateway.py", line 1587, in __call__
[2023-05-09T03:56:39.480+0000] {spark_submit.py:490} INFO - File "/opt/***/spark/spark-3.4.0-bin-hadoop3/python/lib/py4j-0.10.9.7-src.zip/py4j/protocol.py", line 326, in get_return_value
[2023-05-09T03:56:39.481+0000] {spark_submit.py:490} INFO - py4j.protocol.Py4JJavaError: An error occurred while calling None.org.apache.spark.api.java.JavaSparkContext.
[2023-05-09T03:56:39.481+0000] {spark_submit.py:490} INFO - : org.apache.spark.SparkException: Could not parse Master URL: 'localhost:7077'
[2023-05-09T03:56:39.481+0000] {spark_submit.py:490} INFO - at org.apache.spark.SparkContext$.org$apache$spark$SparkContext$$createTaskScheduler(SparkContext.scala:3033)
[2023-05-09T03:56:39.481+0000] {spark_submit.py:490} INFO - at org.apache.spark.SparkContext.<init>(SparkContext.scala:568)
[2023-05-09T03:56:39.481+0000] {spark_submit.py:490} INFO - at org.apache.spark.api.java.JavaSparkContext.<init>(JavaSparkContext.scala:58)
[2023-05-09T03:56:39.481+0000] {spark_submit.py:490} INFO - at java.base/jdk.internal.reflect.NativeConstructorAccessorImpl.newInstance0(Native Method)
[2023-05-09T03:56:39.482+0000] {spark_submit.py:490} INFO - at java.base/jdk.internal.reflect.NativeConstructorAccessorImpl.newInstance(NativeConstructorAccessorImpl.java:62)
[2023-05-09T03:56:39.482+0000] {spark_submit.py:490} INFO - at java.base/jdk.internal.reflect.DelegatingConstructorAccessorImpl.newInstance(DelegatingConstructorAccessorImpl.java:45)
[2023-05-09T03:56:39.482+0000] {spark_submit.py:490} INFO - at java.base/java.lang.reflect.Constructor.newInstance(Constructor.java:490)
[2023-05-09T03:56:39.482+0000] {spark_submit.py:490} INFO - at py4j.reflection.MethodInvoker.invoke(MethodInvoker.java:247)
[2023-05-09T03:56:39.482+0000] {spark_submit.py:490} INFO - at py4j.reflection.ReflectionEngine.invoke(ReflectionEngine.java:374)
[2023-05-09T03:56:39.482+0000] {spark_submit.py:490} INFO - at py4j.Gateway.invoke(Gateway.java:238)
[2023-05-09T03:56:39.482+0000] {spark_submit.py:490} INFO - at py4j.commands.ConstructorCommand.invokeConstructor(ConstructorCommand.java:80)
[2023-05-09T03:56:39.483+0000] {spark_submit.py:490} INFO - at py4j.commands.ConstructorCommand.execute(ConstructorCommand.java:69)
[2023-05-09T03:56:39.483+0000] {spark_submit.py:490} INFO - at py4j.ClientServerConnection.waitForCommands(ClientServerConnection.java:182)
[2023-05-09T03:56:39.483+0000] {spark_submit.py:490} INFO - at py4j.ClientServerConnection.run(ClientServerConnection.java:106)
[2023-05-09T03:56:39.483+0000] {spark_submit.py:490} INFO - at java.base/java.lang.Thread.run(Thread.java:834)
[2023-05-09T03:56:39.483+0000] {spark_submit.py:490} INFO - 
[2023-05-09T03:56:39.548+0000] {spark_submit.py:490} INFO - 23/05/09 03:56:39 INFO ShutdownHookManager: Shutdown hook called
[2023-05-09T03:56:39.548+0000] {spark_submit.py:490} INFO - 23/05/09 03:56:39 INFO ShutdownHookManager: Deleting directory /tmp/spark-6edffa9e-2d55-47ac-a215-64e7007727d9
[2023-05-09T03:56:39.551+0000] {spark_submit.py:490} INFO - 23/05/09 03:56:39 INFO ShutdownHookManager: Deleting directory /tmp/spark-5fa29e0c-adef-4bb4-9918-c7b8d165b530
[2023-05-09T03:56:39.613+0000] {taskinstance.py:1847} ERROR - Task failed with exception
Traceback (most recent call last):
  File "/home/airflow/.local/lib/python3.9/site-packages/airflow/providers/apache/spark/operators/spark_submit.py", line 157, in execute
    self._hook.submit(self._application)
  File "/home/airflow/.local/lib/python3.9/site-packages/airflow/providers/apache/spark/hooks/spark_submit.py", line 421, in submit
    raise AirflowException(
airflow.exceptions.AirflowException: Cannot execute: spark-submit --master localhost:7077 --name arrow-spark --verbose /opt/spark/app/load_data.py. Error code is: 1.
[2023-05-09T03:56:39.617+0000] {taskinstance.py:1368} INFO - Marking task as FAILED. dag_id=upload_to_gcs, task_id=spark_load_stock_data, execution_date=20230509T035456, start_date=20230509T035635, end_date=20230509T035639
[2023-05-09T03:56:39.639+0000] {standard_task_runner.py:104} ERROR - Failed to execute job 66 for task spark_load_stock_data (Cannot execute: spark-submit --master localhost:7077 --name arrow-spark --verbose /opt/spark/app/load_data.py. Error code is: 1.; 1033)
[2023-05-09T03:56:39.685+0000] {local_task_job_runner.py:232} INFO - Task exited with return code 1
[2023-05-09T03:56:39.723+0000] {taskinstance.py:2674} INFO - 0 downstream tasks scheduled from follow-on schedule check
