[2023-06-15T09:44:58.051+0000] {taskinstance.py:1103} INFO - Dependencies all met for dep_context=non-requeueable deps ti=<TaskInstance: upload_to_gcs.spark_load_stock_data backfill__2021-01-23T00:00:00+00:00 [queued]>
[2023-06-15T09:44:58.064+0000] {taskinstance.py:1103} INFO - Dependencies all met for dep_context=requeueable deps ti=<TaskInstance: upload_to_gcs.spark_load_stock_data backfill__2021-01-23T00:00:00+00:00 [queued]>
[2023-06-15T09:44:58.064+0000] {taskinstance.py:1308} INFO - Starting attempt 1 of 2
[2023-06-15T09:44:58.925+0000] {taskinstance.py:1327} INFO - Executing <Task(SparkSubmitOperator): spark_load_stock_data> on 2021-01-23 00:00:00+00:00
[2023-06-15T09:44:58.931+0000] {standard_task_runner.py:57} INFO - Started process 5886 to run task
[2023-06-15T09:44:58.934+0000] {standard_task_runner.py:84} INFO - Running: ['***', 'tasks', 'run', 'upload_to_gcs', 'spark_load_stock_data', 'backfill__2021-01-23T00:00:00+00:00', '--job-id', '401', '--pool', 'default_pool', '--raw', '--subdir', 'DAGS_FOLDER/upload_to_gcs.py', '--cfg-path', '/tmp/tmpxj3h_nid']
[2023-06-15T09:44:58.935+0000] {standard_task_runner.py:85} INFO - Job 401: Subtask spark_load_stock_data
[2023-06-15T09:44:58.979+0000] {task_command.py:410} INFO - Running <TaskInstance: upload_to_gcs.spark_load_stock_data backfill__2021-01-23T00:00:00+00:00 [running]> on host 69b643fc97df
[2023-06-15T09:44:59.053+0000] {taskinstance.py:1545} INFO - Exporting env vars: AIRFLOW_CTX_DAG_OWNER='***' AIRFLOW_CTX_DAG_ID='upload_to_gcs' AIRFLOW_CTX_TASK_ID='spark_load_stock_data' AIRFLOW_CTX_EXECUTION_DATE='2021-01-23T00:00:00+00:00' AIRFLOW_CTX_TRY_NUMBER='1' AIRFLOW_CTX_DAG_RUN_ID='backfill__2021-01-23T00:00:00+00:00'
[2023-06-15T09:44:59.061+0000] {base.py:73} INFO - Using connection ID 'spark_default' for task execution.
[2023-06-15T09:44:59.063+0000] {spark_submit.py:339} INFO - Spark-Submit cmd: spark-submit --master spark://spark:7077 --name arrow-spark --verbose /opt/spark/app/load_data.py 2021-01-23 2efb4e0c80a041b794abaf4369e76869 dtc-de-382609_bucket
[2023-06-15T09:44:59.086+0000] {spark_submit.py:490} INFO - /opt/***/spark/spark-3.4.0-bin-hadoop3/bin/load-spark-env.sh: line 68: ps: command not found
[2023-06-15T09:45:00.639+0000] {spark_submit.py:490} INFO - Using properties file: null
[2023-06-15T09:45:00.782+0000] {spark_submit.py:490} INFO - Parsed arguments:
[2023-06-15T09:45:00.782+0000] {spark_submit.py:490} INFO - master                  spark://spark:7077
[2023-06-15T09:45:00.782+0000] {spark_submit.py:490} INFO - remote                  null
[2023-06-15T09:45:00.782+0000] {spark_submit.py:490} INFO - deployMode              null
[2023-06-15T09:45:00.782+0000] {spark_submit.py:490} INFO - executorMemory          null
[2023-06-15T09:45:00.782+0000] {spark_submit.py:490} INFO - executorCores           null
[2023-06-15T09:45:00.783+0000] {spark_submit.py:490} INFO - totalExecutorCores      null
[2023-06-15T09:45:00.783+0000] {spark_submit.py:490} INFO - propertiesFile          null
[2023-06-15T09:45:00.783+0000] {spark_submit.py:490} INFO - driverMemory            null
[2023-06-15T09:45:00.783+0000] {spark_submit.py:490} INFO - driverCores             null
[2023-06-15T09:45:00.783+0000] {spark_submit.py:490} INFO - driverExtraClassPath    null
[2023-06-15T09:45:00.783+0000] {spark_submit.py:490} INFO - driverExtraLibraryPath  null
[2023-06-15T09:45:00.783+0000] {spark_submit.py:490} INFO - driverExtraJavaOptions  null
[2023-06-15T09:45:00.783+0000] {spark_submit.py:490} INFO - supervise               false
[2023-06-15T09:45:00.783+0000] {spark_submit.py:490} INFO - queue                   null
[2023-06-15T09:45:00.784+0000] {spark_submit.py:490} INFO - numExecutors            null
[2023-06-15T09:45:00.784+0000] {spark_submit.py:490} INFO - files                   null
[2023-06-15T09:45:00.784+0000] {spark_submit.py:490} INFO - pyFiles                 null
[2023-06-15T09:45:00.784+0000] {spark_submit.py:490} INFO - archives                null
[2023-06-15T09:45:00.784+0000] {spark_submit.py:490} INFO - mainClass               null
[2023-06-15T09:45:00.784+0000] {spark_submit.py:490} INFO - primaryResource         file:/opt/spark/app/load_data.py
[2023-06-15T09:45:00.784+0000] {spark_submit.py:490} INFO - name                    arrow-spark
[2023-06-15T09:45:00.784+0000] {spark_submit.py:490} INFO - childArgs               [2021-01-23 2efb4e0c80a041b794abaf4369e76869 dtc-de-382609_bucket]
[2023-06-15T09:45:00.784+0000] {spark_submit.py:490} INFO - jars                    null
[2023-06-15T09:45:00.785+0000] {spark_submit.py:490} INFO - packages                null
[2023-06-15T09:45:00.785+0000] {spark_submit.py:490} INFO - packagesExclusions      null
[2023-06-15T09:45:00.785+0000] {spark_submit.py:490} INFO - repositories            null
[2023-06-15T09:45:00.785+0000] {spark_submit.py:490} INFO - verbose                 true
[2023-06-15T09:45:00.785+0000] {spark_submit.py:490} INFO - 
[2023-06-15T09:45:00.785+0000] {spark_submit.py:490} INFO - Spark properties used, including those specified through
[2023-06-15T09:45:00.785+0000] {spark_submit.py:490} INFO - --conf and those from the properties file null:
[2023-06-15T09:45:00.785+0000] {spark_submit.py:490} INFO - 
[2023-06-15T09:45:00.785+0000] {spark_submit.py:490} INFO - 
[2023-06-15T09:45:00.786+0000] {spark_submit.py:490} INFO - 
[2023-06-15T09:45:01.203+0000] {spark_submit.py:490} INFO - Main class:
[2023-06-15T09:45:01.203+0000] {spark_submit.py:490} INFO - org.apache.spark.deploy.PythonRunner
[2023-06-15T09:45:01.203+0000] {spark_submit.py:490} INFO - Arguments:
[2023-06-15T09:45:01.203+0000] {spark_submit.py:490} INFO - file:/opt/spark/app/load_data.py
[2023-06-15T09:45:01.204+0000] {spark_submit.py:490} INFO - null
[2023-06-15T09:45:01.204+0000] {spark_submit.py:490} INFO - 2021-01-23
[2023-06-15T09:45:01.204+0000] {spark_submit.py:490} INFO - 2efb4e0c80a041b794abaf4369e76869
[2023-06-15T09:45:01.204+0000] {spark_submit.py:490} INFO - dtc-de-382609_bucket
[2023-06-15T09:45:01.207+0000] {spark_submit.py:490} INFO - Spark config:
[2023-06-15T09:45:01.207+0000] {spark_submit.py:490} INFO - (spark.app.name,arrow-spark)
[2023-06-15T09:45:01.207+0000] {spark_submit.py:490} INFO - (spark.app.submitTime,1686822301185)
[2023-06-15T09:45:01.208+0000] {spark_submit.py:490} INFO - (spark.master,spark://spark:7077)
[2023-06-15T09:45:01.208+0000] {spark_submit.py:490} INFO - (spark.submit.deployMode,client)
[2023-06-15T09:45:01.208+0000] {spark_submit.py:490} INFO - (spark.submit.pyFiles,)
[2023-06-15T09:45:01.208+0000] {spark_submit.py:490} INFO - Classpath elements:
[2023-06-15T09:45:01.208+0000] {spark_submit.py:490} INFO - 
[2023-06-15T09:45:01.208+0000] {spark_submit.py:490} INFO - 
[2023-06-15T09:45:01.208+0000] {spark_submit.py:490} INFO - 
[2023-06-15T09:45:02.661+0000] {spark_submit.py:490} INFO - 23/06/15 09:45:02 INFO SparkContext: Running Spark version 3.4.0
[2023-06-15T09:45:02.770+0000] {spark_submit.py:490} INFO - 23/06/15 09:45:02 WARN NativeCodeLoader: Unable to load native-hadoop library for your platform... using builtin-java classes where applicable
[2023-06-15T09:45:02.990+0000] {spark_submit.py:490} INFO - 23/06/15 09:45:02 INFO ResourceUtils: ==============================================================
[2023-06-15T09:45:02.991+0000] {spark_submit.py:490} INFO - 23/06/15 09:45:02 INFO ResourceUtils: No custom resources configured for spark.driver.
[2023-06-15T09:45:02.994+0000] {spark_submit.py:490} INFO - 23/06/15 09:45:02 INFO ResourceUtils: ==============================================================
[2023-06-15T09:45:02.995+0000] {spark_submit.py:490} INFO - 23/06/15 09:45:02 INFO SparkContext: Submitted application: SparkUploadData
[2023-06-15T09:45:03.069+0000] {spark_submit.py:490} INFO - 23/06/15 09:45:03 INFO ResourceProfile: Default ResourceProfile created, executor resources: Map(memory -> name: memory, amount: 1024, script: , vendor: , offHeap -> name: offHeap, amount: 0, script: , vendor: ), task resources: Map(cpus -> name: cpus, amount: 1.0)
[2023-06-15T09:45:03.099+0000] {spark_submit.py:490} INFO - 23/06/15 09:45:03 INFO ResourceProfile: Limiting resource is cpu
[2023-06-15T09:45:03.100+0000] {spark_submit.py:490} INFO - 23/06/15 09:45:03 INFO ResourceProfileManager: Added ResourceProfile id: 0
[2023-06-15T09:45:03.299+0000] {spark_submit.py:490} INFO - 23/06/15 09:45:03 INFO SecurityManager: Changing view acls to: default
[2023-06-15T09:45:03.299+0000] {spark_submit.py:490} INFO - 23/06/15 09:45:03 INFO SecurityManager: Changing modify acls to: default
[2023-06-15T09:45:03.299+0000] {spark_submit.py:490} INFO - 23/06/15 09:45:03 INFO SecurityManager: Changing view acls groups to:
[2023-06-15T09:45:03.300+0000] {spark_submit.py:490} INFO - 23/06/15 09:45:03 INFO SecurityManager: Changing modify acls groups to:
[2023-06-15T09:45:03.301+0000] {spark_submit.py:490} INFO - 23/06/15 09:45:03 INFO SecurityManager: SecurityManager: authentication disabled; ui acls disabled; users with view permissions: default; groups with view permissions: EMPTY; users with modify permissions: default; groups with modify permissions: EMPTY
[2023-06-15T09:45:03.756+0000] {spark_submit.py:490} INFO - 23/06/15 09:45:03 INFO Utils: Successfully started service 'sparkDriver' on port 39851.
[2023-06-15T09:45:03.786+0000] {spark_submit.py:490} INFO - 23/06/15 09:45:03 INFO SparkEnv: Registering MapOutputTracker
[2023-06-15T09:45:03.828+0000] {spark_submit.py:490} INFO - 23/06/15 09:45:03 INFO SparkEnv: Registering BlockManagerMaster
[2023-06-15T09:45:03.858+0000] {spark_submit.py:490} INFO - 23/06/15 09:45:03 INFO BlockManagerMasterEndpoint: Using org.apache.spark.storage.DefaultTopologyMapper for getting topology information
[2023-06-15T09:45:03.859+0000] {spark_submit.py:490} INFO - 23/06/15 09:45:03 INFO BlockManagerMasterEndpoint: BlockManagerMasterEndpoint up
[2023-06-15T09:45:03.864+0000] {spark_submit.py:490} INFO - 23/06/15 09:45:03 INFO SparkEnv: Registering BlockManagerMasterHeartbeat
[2023-06-15T09:45:03.900+0000] {spark_submit.py:490} INFO - 23/06/15 09:45:03 INFO DiskBlockManager: Created local directory at /tmp/blockmgr-6c57c956-b431-4d89-aff1-2f5f65369b0c
[2023-06-15T09:45:03.929+0000] {spark_submit.py:490} INFO - 23/06/15 09:45:03 INFO MemoryStore: MemoryStore started with capacity 434.4 MiB
[2023-06-15T09:45:03.951+0000] {spark_submit.py:490} INFO - 23/06/15 09:45:03 INFO SparkEnv: Registering OutputCommitCoordinator
[2023-06-15T09:45:04.125+0000] {spark_submit.py:490} INFO - 23/06/15 09:45:04 INFO JettyUtils: Start Jetty 0.0.0.0:4040 for SparkUI
[2023-06-15T09:45:04.234+0000] {spark_submit.py:490} INFO - 23/06/15 09:45:04 INFO Utils: Successfully started service 'SparkUI' on port 4040.
[2023-06-15T09:45:04.355+0000] {spark_submit.py:490} INFO - 23/06/15 09:45:04 INFO StandaloneAppClient$ClientEndpoint: Connecting to master spark://spark:7077...
[2023-06-15T09:45:04.420+0000] {spark_submit.py:490} INFO - 23/06/15 09:45:04 INFO TransportClientFactory: Successfully created connection to spark/172.27.0.3:7077 after 37 ms (0 ms spent in bootstraps)
[2023-06-15T09:45:04.516+0000] {spark_submit.py:490} INFO - 23/06/15 09:45:04 INFO StandaloneSchedulerBackend: Connected to Spark cluster with app ID app-20230615094504-0022
[2023-06-15T09:45:04.519+0000] {spark_submit.py:490} INFO - 23/06/15 09:45:04 INFO StandaloneAppClient$ClientEndpoint: Executor added: app-20230615094504-0022/0 on worker-20230615091312-172.27.0.2-45907 (172.27.0.2:45907) with 2 core(s)
[2023-06-15T09:45:04.522+0000] {spark_submit.py:490} INFO - 23/06/15 09:45:04 INFO StandaloneSchedulerBackend: Granted executor ID app-20230615094504-0022/0 on hostPort 172.27.0.2:45907 with 2 core(s), 1024.0 MiB RAM
[2023-06-15T09:45:04.525+0000] {spark_submit.py:490} INFO - 23/06/15 09:45:04 INFO Utils: Successfully started service 'org.apache.spark.network.netty.NettyBlockTransferService' on port 36331.
[2023-06-15T09:45:04.525+0000] {spark_submit.py:490} INFO - 23/06/15 09:45:04 INFO NettyBlockTransferService: Server created on 69b643fc97df:36331
[2023-06-15T09:45:04.527+0000] {spark_submit.py:490} INFO - 23/06/15 09:45:04 INFO BlockManager: Using org.apache.spark.storage.RandomBlockReplicationPolicy for block replication policy
[2023-06-15T09:45:04.537+0000] {spark_submit.py:490} INFO - 23/06/15 09:45:04 INFO BlockManagerMaster: Registering BlockManager BlockManagerId(driver, 69b643fc97df, 36331, None)
[2023-06-15T09:45:04.542+0000] {spark_submit.py:490} INFO - 23/06/15 09:45:04 INFO BlockManagerMasterEndpoint: Registering block manager 69b643fc97df:36331 with 434.4 MiB RAM, BlockManagerId(driver, 69b643fc97df, 36331, None)
[2023-06-15T09:45:04.545+0000] {spark_submit.py:490} INFO - 23/06/15 09:45:04 INFO BlockManagerMaster: Registered BlockManager BlockManagerId(driver, 69b643fc97df, 36331, None)
[2023-06-15T09:45:04.547+0000] {spark_submit.py:490} INFO - 23/06/15 09:45:04 INFO BlockManager: Initialized BlockManager: BlockManagerId(driver, 69b643fc97df, 36331, None)
[2023-06-15T09:45:04.556+0000] {spark_submit.py:490} INFO - 23/06/15 09:45:04 INFO StandaloneAppClient$ClientEndpoint: Executor updated: app-20230615094504-0022/0 is now RUNNING
[2023-06-15T09:45:04.834+0000] {spark_submit.py:490} INFO - 23/06/15 09:45:04 INFO StandaloneSchedulerBackend: SchedulerBackend is ready for scheduling beginning after reached minRegisteredResourcesRatio: 0.0
[2023-06-15T09:45:06.898+0000] {spark_submit.py:490} INFO - 23/06/15 09:45:06 INFO SharedState: Setting hive.metastore.warehouse.dir ('null') to the value of spark.sql.warehouse.dir.
[2023-06-15T09:45:06.919+0000] {spark_submit.py:490} INFO - 23/06/15 09:45:06 INFO SharedState: Warehouse path is 'file:/opt/***/spark-warehouse'.
[2023-06-15T09:45:08.682+0000] {spark_submit.py:490} INFO - 23/06/15 09:45:08 INFO StandaloneSchedulerBackend$StandaloneDriverEndpoint: Registered executor NettyRpcEndpointRef(spark-client://Executor) (172.27.0.2:38478) with ID 0,  ResourceProfileId 0
[2023-06-15T09:45:08.814+0000] {spark_submit.py:490} INFO - 23/06/15 09:45:08 INFO BlockManagerMasterEndpoint: Registering block manager 172.27.0.2:45555 with 434.4 MiB RAM, BlockManagerId(0, 172.27.0.2, 45555, None)
[2023-06-15T09:45:11.260+0000] {spark_submit.py:490} INFO - {'code': 400, 'message': 'No data is available on the specified dates. Try setting different start/end dates.', 'status': 'error', 'meta': {'symbol': 'AAPL', 'interval': '1h', 'exchange': ''}}
[2023-06-15T09:45:11.274+0000] {spark_submit.py:490} INFO - ERROR:root:Something error
[2023-06-15T09:45:11.396+0000] {spark_submit.py:490} INFO - 23/06/15 09:45:11 INFO SparkContext: Invoking stop() from shutdown hook
[2023-06-15T09:45:11.396+0000] {spark_submit.py:490} INFO - 23/06/15 09:45:11 INFO SparkContext: SparkContext is stopping with exitCode 0.
[2023-06-15T09:45:11.410+0000] {spark_submit.py:490} INFO - 23/06/15 09:45:11 INFO SparkUI: Stopped Spark web UI at http://69b643fc97df:4040
[2023-06-15T09:45:11.417+0000] {spark_submit.py:490} INFO - 23/06/15 09:45:11 INFO StandaloneSchedulerBackend: Shutting down all executors
[2023-06-15T09:45:11.417+0000] {spark_submit.py:490} INFO - 23/06/15 09:45:11 INFO StandaloneSchedulerBackend$StandaloneDriverEndpoint: Asking each executor to shut down
[2023-06-15T09:45:11.449+0000] {spark_submit.py:490} INFO - 23/06/15 09:45:11 INFO MapOutputTrackerMasterEndpoint: MapOutputTrackerMasterEndpoint stopped!
[2023-06-15T09:45:11.467+0000] {spark_submit.py:490} INFO - 23/06/15 09:45:11 INFO MemoryStore: MemoryStore cleared
[2023-06-15T09:45:11.468+0000] {spark_submit.py:490} INFO - 23/06/15 09:45:11 INFO BlockManager: BlockManager stopped
[2023-06-15T09:45:11.484+0000] {spark_submit.py:490} INFO - 23/06/15 09:45:11 INFO BlockManagerMaster: BlockManagerMaster stopped
[2023-06-15T09:45:11.488+0000] {spark_submit.py:490} INFO - 23/06/15 09:45:11 INFO OutputCommitCoordinator$OutputCommitCoordinatorEndpoint: OutputCommitCoordinator stopped!
[2023-06-15T09:45:11.497+0000] {spark_submit.py:490} INFO - 23/06/15 09:45:11 INFO SparkContext: Successfully stopped SparkContext
[2023-06-15T09:45:11.498+0000] {spark_submit.py:490} INFO - 23/06/15 09:45:11 INFO ShutdownHookManager: Shutdown hook called
[2023-06-15T09:45:11.499+0000] {spark_submit.py:490} INFO - 23/06/15 09:45:11 INFO ShutdownHookManager: Deleting directory /tmp/spark-9a2a2770-9630-4643-80d7-ecbad6a0b574/pyspark-49d23a94-8772-4558-9f7e-1e3d46e548a2
[2023-06-15T09:45:11.504+0000] {spark_submit.py:490} INFO - 23/06/15 09:45:11 INFO ShutdownHookManager: Deleting directory /tmp/spark-9a2a2770-9630-4643-80d7-ecbad6a0b574
[2023-06-15T09:45:11.508+0000] {spark_submit.py:490} INFO - 23/06/15 09:45:11 INFO ShutdownHookManager: Deleting directory /tmp/spark-30068f82-1f33-4923-b5ab-e31d085f3c10
[2023-06-15T09:45:12.308+0000] {taskinstance.py:1345} INFO - Marking task as SUCCESS. dag_id=upload_to_gcs, task_id=spark_load_stock_data, execution_date=20210123T000000, start_date=20230615T094458, end_date=20230615T094512
[2023-06-15T09:45:12.400+0000] {local_task_job_runner.py:225} INFO - Task exited with return code 0
[2023-06-15T09:45:12.432+0000] {taskinstance.py:2651} INFO - 0 downstream tasks scheduled from follow-on schedule check
