[2023-05-09T04:04:00.573+0000] {taskinstance.py:1125} INFO - Dependencies all met for dep_context=non-requeueable deps ti=<TaskInstance: upload_to_gcs.spark_load_stock_data manual__2023-05-09T04:03:58.776915+00:00 [queued]>
[2023-05-09T04:04:00.581+0000] {taskinstance.py:1125} INFO - Dependencies all met for dep_context=requeueable deps ti=<TaskInstance: upload_to_gcs.spark_load_stock_data manual__2023-05-09T04:03:58.776915+00:00 [queued]>
[2023-05-09T04:04:00.581+0000] {taskinstance.py:1331} INFO - Starting attempt 1 of 2
[2023-05-09T04:04:00.597+0000] {taskinstance.py:1350} INFO - Executing <Task(SparkSubmitOperator): spark_load_stock_data> on 2023-05-09 04:03:58.776915+00:00
[2023-05-09T04:04:00.601+0000] {standard_task_runner.py:57} INFO - Started process 2053 to run task
[2023-05-09T04:04:00.604+0000] {standard_task_runner.py:84} INFO - Running: ['***', 'tasks', 'run', 'upload_to_gcs', 'spark_load_stock_data', 'manual__2023-05-09T04:03:58.776915+00:00', '--job-id', '77', '--raw', '--subdir', 'DAGS_FOLDER/upload_to_gcs.py', '--cfg-path', '/tmp/tmp6gb2xkld']
[2023-05-09T04:04:00.604+0000] {standard_task_runner.py:85} INFO - Job 77: Subtask spark_load_stock_data
[2023-05-09T04:04:00.640+0000] {task_command.py:410} INFO - Running <TaskInstance: upload_to_gcs.spark_load_stock_data manual__2023-05-09T04:03:58.776915+00:00 [running]> on host 872098f48f0d
[2023-05-09T04:04:00.719+0000] {taskinstance.py:1568} INFO - Exporting env vars: AIRFLOW_CTX_DAG_OWNER='***' AIRFLOW_CTX_DAG_ID='upload_to_gcs' AIRFLOW_CTX_TASK_ID='spark_load_stock_data' AIRFLOW_CTX_EXECUTION_DATE='2023-05-09T04:03:58.776915+00:00' AIRFLOW_CTX_TRY_NUMBER='1' AIRFLOW_CTX_DAG_RUN_ID='manual__2023-05-09T04:03:58.776915+00:00'
[2023-05-09T04:04:00.726+0000] {base.py:73} INFO - Using connection ID 'spark_default' for task execution.
[2023-05-09T04:04:00.727+0000] {spark_submit.py:339} INFO - Spark-Submit cmd: spark-submit --master spark://spark:7077 --name arrow-spark --verbose /opt/spark/app/load_data.py
[2023-05-09T04:04:00.743+0000] {spark_submit.py:490} INFO - /opt/***/spark/spark-3.4.0-bin-hadoop3/bin/load-spark-env.sh: line 68: ps: command not found
[2023-05-09T04:04:01.965+0000] {spark_submit.py:490} INFO - Using properties file: null
[2023-05-09T04:04:02.076+0000] {spark_submit.py:490} INFO - Parsed arguments:
[2023-05-09T04:04:02.077+0000] {spark_submit.py:490} INFO - master                  spark://spark:7077
[2023-05-09T04:04:02.077+0000] {spark_submit.py:490} INFO - remote                  null
[2023-05-09T04:04:02.077+0000] {spark_submit.py:490} INFO - deployMode              null
[2023-05-09T04:04:02.077+0000] {spark_submit.py:490} INFO - executorMemory          null
[2023-05-09T04:04:02.077+0000] {spark_submit.py:490} INFO - executorCores           null
[2023-05-09T04:04:02.077+0000] {spark_submit.py:490} INFO - totalExecutorCores      null
[2023-05-09T04:04:02.077+0000] {spark_submit.py:490} INFO - propertiesFile          null
[2023-05-09T04:04:02.078+0000] {spark_submit.py:490} INFO - driverMemory            null
[2023-05-09T04:04:02.078+0000] {spark_submit.py:490} INFO - driverCores             null
[2023-05-09T04:04:02.078+0000] {spark_submit.py:490} INFO - driverExtraClassPath    null
[2023-05-09T04:04:02.078+0000] {spark_submit.py:490} INFO - driverExtraLibraryPath  null
[2023-05-09T04:04:02.078+0000] {spark_submit.py:490} INFO - driverExtraJavaOptions  null
[2023-05-09T04:04:02.078+0000] {spark_submit.py:490} INFO - supervise               false
[2023-05-09T04:04:02.078+0000] {spark_submit.py:490} INFO - queue                   null
[2023-05-09T04:04:02.078+0000] {spark_submit.py:490} INFO - numExecutors            null
[2023-05-09T04:04:02.078+0000] {spark_submit.py:490} INFO - files                   null
[2023-05-09T04:04:02.079+0000] {spark_submit.py:490} INFO - pyFiles                 null
[2023-05-09T04:04:02.079+0000] {spark_submit.py:490} INFO - archives                null
[2023-05-09T04:04:02.079+0000] {spark_submit.py:490} INFO - mainClass               null
[2023-05-09T04:04:02.079+0000] {spark_submit.py:490} INFO - primaryResource         file:/opt/spark/app/load_data.py
[2023-05-09T04:04:02.079+0000] {spark_submit.py:490} INFO - name                    arrow-spark
[2023-05-09T04:04:02.079+0000] {spark_submit.py:490} INFO - childArgs               []
[2023-05-09T04:04:02.079+0000] {spark_submit.py:490} INFO - jars                    null
[2023-05-09T04:04:02.079+0000] {spark_submit.py:490} INFO - packages                null
[2023-05-09T04:04:02.079+0000] {spark_submit.py:490} INFO - packagesExclusions      null
[2023-05-09T04:04:02.080+0000] {spark_submit.py:490} INFO - repositories            null
[2023-05-09T04:04:02.080+0000] {spark_submit.py:490} INFO - verbose                 true
[2023-05-09T04:04:02.080+0000] {spark_submit.py:490} INFO - 
[2023-05-09T04:04:02.080+0000] {spark_submit.py:490} INFO - Spark properties used, including those specified through
[2023-05-09T04:04:02.080+0000] {spark_submit.py:490} INFO - --conf and those from the properties file null:
[2023-05-09T04:04:02.080+0000] {spark_submit.py:490} INFO - 
[2023-05-09T04:04:02.080+0000] {spark_submit.py:490} INFO - 
[2023-05-09T04:04:02.080+0000] {spark_submit.py:490} INFO - 
[2023-05-09T04:04:02.390+0000] {spark_submit.py:490} INFO - Main class:
[2023-05-09T04:04:02.390+0000] {spark_submit.py:490} INFO - org.apache.spark.deploy.PythonRunner
[2023-05-09T04:04:02.390+0000] {spark_submit.py:490} INFO - Arguments:
[2023-05-09T04:04:02.390+0000] {spark_submit.py:490} INFO - file:/opt/spark/app/load_data.py
[2023-05-09T04:04:02.390+0000] {spark_submit.py:490} INFO - null
[2023-05-09T04:04:02.394+0000] {spark_submit.py:490} INFO - Spark config:
[2023-05-09T04:04:02.395+0000] {spark_submit.py:490} INFO - (spark.app.name,arrow-spark)
[2023-05-09T04:04:02.395+0000] {spark_submit.py:490} INFO - (spark.app.submitTime,1683605042372)
[2023-05-09T04:04:02.395+0000] {spark_submit.py:490} INFO - (spark.master,spark://spark:7077)
[2023-05-09T04:04:02.395+0000] {spark_submit.py:490} INFO - (spark.submit.deployMode,client)
[2023-05-09T04:04:02.396+0000] {spark_submit.py:490} INFO - (spark.submit.pyFiles,)
[2023-05-09T04:04:02.396+0000] {spark_submit.py:490} INFO - Classpath elements:
[2023-05-09T04:04:02.396+0000] {spark_submit.py:490} INFO - 
[2023-05-09T04:04:02.396+0000] {spark_submit.py:490} INFO - 
[2023-05-09T04:04:02.396+0000] {spark_submit.py:490} INFO - 
[2023-05-09T04:04:03.603+0000] {spark_submit.py:490} INFO - 23/05/09 04:04:03 INFO SparkContext: Running Spark version 3.4.0
[2023-05-09T04:04:03.667+0000] {spark_submit.py:490} INFO - 23/05/09 04:04:03 WARN NativeCodeLoader: Unable to load native-hadoop library for your platform... using builtin-java classes where applicable
[2023-05-09T04:04:03.770+0000] {spark_submit.py:490} INFO - 23/05/09 04:04:03 INFO ResourceUtils: ==============================================================
[2023-05-09T04:04:03.771+0000] {spark_submit.py:490} INFO - 23/05/09 04:04:03 INFO ResourceUtils: No custom resources configured for spark.driver.
[2023-05-09T04:04:03.771+0000] {spark_submit.py:490} INFO - 23/05/09 04:04:03 INFO ResourceUtils: ==============================================================
[2023-05-09T04:04:03.772+0000] {spark_submit.py:490} INFO - 23/05/09 04:04:03 INFO SparkContext: Submitted application: SparkUploadData
[2023-05-09T04:04:03.796+0000] {spark_submit.py:490} INFO - 23/05/09 04:04:03 INFO ResourceProfile: Default ResourceProfile created, executor resources: Map(memory -> name: memory, amount: 1024, script: , vendor: , offHeap -> name: offHeap, amount: 0, script: , vendor: ), task resources: Map(cpus -> name: cpus, amount: 1.0)
[2023-05-09T04:04:03.809+0000] {spark_submit.py:490} INFO - 23/05/09 04:04:03 INFO ResourceProfile: Limiting resource is cpu
[2023-05-09T04:04:03.810+0000] {spark_submit.py:490} INFO - 23/05/09 04:04:03 INFO ResourceProfileManager: Added ResourceProfile id: 0
[2023-05-09T04:04:03.873+0000] {spark_submit.py:490} INFO - 23/05/09 04:04:03 INFO SecurityManager: Changing view acls to: default
[2023-05-09T04:04:03.874+0000] {spark_submit.py:490} INFO - 23/05/09 04:04:03 INFO SecurityManager: Changing modify acls to: default
[2023-05-09T04:04:03.875+0000] {spark_submit.py:490} INFO - 23/05/09 04:04:03 INFO SecurityManager: Changing view acls groups to:
[2023-05-09T04:04:03.875+0000] {spark_submit.py:490} INFO - 23/05/09 04:04:03 INFO SecurityManager: Changing modify acls groups to:
[2023-05-09T04:04:03.876+0000] {spark_submit.py:490} INFO - 23/05/09 04:04:03 INFO SecurityManager: SecurityManager: authentication disabled; ui acls disabled; users with view permissions: default; groups with view permissions: EMPTY; users with modify permissions: default; groups with modify permissions: EMPTY
[2023-05-09T04:04:04.127+0000] {spark_submit.py:490} INFO - 23/05/09 04:04:04 INFO Utils: Successfully started service 'sparkDriver' on port 37257.
[2023-05-09T04:04:04.158+0000] {spark_submit.py:490} INFO - 23/05/09 04:04:04 INFO SparkEnv: Registering MapOutputTracker
[2023-05-09T04:04:04.197+0000] {spark_submit.py:490} INFO - 23/05/09 04:04:04 INFO SparkEnv: Registering BlockManagerMaster
[2023-05-09T04:04:04.225+0000] {spark_submit.py:490} INFO - 23/05/09 04:04:04 INFO BlockManagerMasterEndpoint: Using org.apache.spark.storage.DefaultTopologyMapper for getting topology information
[2023-05-09T04:04:04.226+0000] {spark_submit.py:490} INFO - 23/05/09 04:04:04 INFO BlockManagerMasterEndpoint: BlockManagerMasterEndpoint up
[2023-05-09T04:04:04.230+0000] {spark_submit.py:490} INFO - 23/05/09 04:04:04 INFO SparkEnv: Registering BlockManagerMasterHeartbeat
[2023-05-09T04:04:04.256+0000] {spark_submit.py:490} INFO - 23/05/09 04:04:04 INFO DiskBlockManager: Created local directory at /tmp/blockmgr-beeaf062-6d00-4b2a-a941-6151df7b6beb
[2023-05-09T04:04:04.280+0000] {spark_submit.py:490} INFO - 23/05/09 04:04:04 INFO MemoryStore: MemoryStore started with capacity 434.4 MiB
[2023-05-09T04:04:04.302+0000] {spark_submit.py:490} INFO - 23/05/09 04:04:04 INFO SparkEnv: Registering OutputCommitCoordinator
[2023-05-09T04:04:04.457+0000] {spark_submit.py:490} INFO - 23/05/09 04:04:04 INFO JettyUtils: Start Jetty 0.0.0.0:4040 for SparkUI
[2023-05-09T04:04:04.521+0000] {spark_submit.py:490} INFO - 23/05/09 04:04:04 INFO Utils: Successfully started service 'SparkUI' on port 4040.
[2023-05-09T04:04:04.653+0000] {spark_submit.py:490} INFO - 23/05/09 04:04:04 INFO StandaloneAppClient$ClientEndpoint: Connecting to master spark://spark:7077...
[2023-05-09T04:04:04.715+0000] {spark_submit.py:490} INFO - 23/05/09 04:04:04 INFO TransportClientFactory: Successfully created connection to spark/172.21.0.4:7077 after 42 ms (0 ms spent in bootstraps)
[2023-05-09T04:04:04.876+0000] {spark_submit.py:490} INFO - 23/05/09 04:04:04 INFO StandaloneSchedulerBackend: Connected to Spark cluster with app ID app-20230509040404-0000
[2023-05-09T04:04:04.883+0000] {spark_submit.py:490} INFO - 23/05/09 04:04:04 INFO Utils: Successfully started service 'org.apache.spark.network.netty.NettyBlockTransferService' on port 44837.
[2023-05-09T04:04:04.883+0000] {spark_submit.py:490} INFO - 23/05/09 04:04:04 INFO NettyBlockTransferService: Server created on 872098f48f0d:44837
[2023-05-09T04:04:04.885+0000] {spark_submit.py:490} INFO - 23/05/09 04:04:04 INFO BlockManager: Using org.apache.spark.storage.RandomBlockReplicationPolicy for block replication policy
[2023-05-09T04:04:04.895+0000] {spark_submit.py:490} INFO - 23/05/09 04:04:04 INFO BlockManagerMaster: Registering BlockManager BlockManagerId(driver, 872098f48f0d, 44837, None)
[2023-05-09T04:04:04.900+0000] {spark_submit.py:490} INFO - 23/05/09 04:04:04 INFO BlockManagerMasterEndpoint: Registering block manager 872098f48f0d:44837 with 434.4 MiB RAM, BlockManagerId(driver, 872098f48f0d, 44837, None)
[2023-05-09T04:04:04.901+0000] {spark_submit.py:490} INFO - 23/05/09 04:04:04 INFO StandaloneAppClient$ClientEndpoint: Executor added: app-20230509040404-0000/0 on worker-20230509040304-172.21.0.5-36133 (172.21.0.5:36133) with 2 core(s)
[2023-05-09T04:04:04.904+0000] {spark_submit.py:490} INFO - 23/05/09 04:04:04 INFO StandaloneSchedulerBackend: Granted executor ID app-20230509040404-0000/0 on hostPort 172.21.0.5:36133 with 2 core(s), 1024.0 MiB RAM
[2023-05-09T04:04:04.904+0000] {spark_submit.py:490} INFO - 23/05/09 04:04:04 INFO BlockManagerMaster: Registered BlockManager BlockManagerId(driver, 872098f48f0d, 44837, None)
[2023-05-09T04:04:04.908+0000] {spark_submit.py:490} INFO - 23/05/09 04:04:04 INFO BlockManager: Initialized BlockManager: BlockManagerId(driver, 872098f48f0d, 44837, None)
[2023-05-09T04:04:05.184+0000] {spark_submit.py:490} INFO - 23/05/09 04:04:05 INFO StandaloneAppClient$ClientEndpoint: Executor updated: app-20230509040404-0000/0 is now RUNNING
[2023-05-09T04:04:05.266+0000] {spark_submit.py:490} INFO - 23/05/09 04:04:05 INFO StandaloneSchedulerBackend: SchedulerBackend is ready for scheduling beginning after reached minRegisteredResourcesRatio: 0.0
[2023-05-09T04:04:09.049+0000] {spark_submit.py:490} INFO - 23/05/09 04:04:09 INFO SharedState: Setting hive.metastore.warehouse.dir ('null') to the value of spark.sql.warehouse.dir.
[2023-05-09T04:04:09.107+0000] {spark_submit.py:490} INFO - 23/05/09 04:04:09 INFO SharedState: Warehouse path is 'file:/opt/***/spark-warehouse'.
[2023-05-09T04:04:09.621+0000] {spark_submit.py:490} INFO - 23/05/09 04:04:09 INFO StandaloneSchedulerBackend$StandaloneDriverEndpoint: Registered executor NettyRpcEndpointRef(spark-client://Executor) (172.21.0.5:34200) with ID 0,  ResourceProfileId 0
[2023-05-09T04:04:09.711+0000] {spark_submit.py:490} INFO - 23/05/09 04:04:09 INFO BlockManagerMasterEndpoint: Registering block manager 172.21.0.5:40523 with 434.4 MiB RAM, BlockManagerId(0, 172.21.0.5, 40523, None)
[2023-05-09T04:04:13.152+0000] {spark_submit.py:490} INFO - {'meta': {'symbol': 'AAPL', 'interval': '1h', 'currency': 'USD', 'exchange_timezone': 'America/New_York', 'exchange': 'NASDAQ', 'mic_code': 'XNGS', 'type': 'Common Stock'}, 'values': [{'datetime': '2019-01-10 15:00:00', 'open': '38.38500', 'high': '38.49250', 'low': '38.31750', 'close': '38.45000', 'volume': '3399058'}, {'datetime': '2019-01-10 14:00:00', 'open': '38.27000', 'high': '38.40250', 'low': '38.19250', 'close': '38.38750', 'volume': '3328102'}, {'datetime': '2019-01-10 13:00:00', 'open': '38.21000', 'high': '38.38500', 'low': '38.09000', 'close': '38.26875', 'volume': '5695761'}, {'datetime': '2019-01-10 12:00:00', 'open': '38.27750', 'high': '38.41000', 'low': '38.07750', 'close': '38.19750', 'volume': '3380849'}, {'datetime': '2019-01-10 11:00:00', 'open': '38.05180', 'high': '38.31000', 'low': '38.05180', 'close': '38.27135', 'volume': '4031222'}, {'datetime': '2019-01-10 10:00:00', 'open': '38.01500', 'high': '38.17250', 'low': '37.91500', 'close': '38.05103', 'volume': '4252943'}, {'datetime': '2019-01-10 09:00:00', 'open': '38.07500', 'high': '38.19750', 'low': '37.72250', 'close': '38.01408', 'volume': '8221598'}], 'status': 'ok'}
[2023-05-09T04:04:14.622+0000] {spark_submit.py:490} INFO - 23/05/09 04:04:14 INFO CodeGenerator: Code generated in 378.444283 ms
[2023-05-09T04:04:14.769+0000] {spark_submit.py:490} INFO - 23/05/09 04:04:14 INFO SparkContext: Starting job: json at NativeMethodAccessorImpl.java:0
[2023-05-09T04:04:14.788+0000] {spark_submit.py:490} INFO - 23/05/09 04:04:14 INFO DAGScheduler: Got job 0 (json at NativeMethodAccessorImpl.java:0) with 2 output partitions
[2023-05-09T04:04:14.789+0000] {spark_submit.py:490} INFO - 23/05/09 04:04:14 INFO DAGScheduler: Final stage: ResultStage 0 (json at NativeMethodAccessorImpl.java:0)
[2023-05-09T04:04:14.789+0000] {spark_submit.py:490} INFO - 23/05/09 04:04:14 INFO DAGScheduler: Parents of final stage: List()
[2023-05-09T04:04:14.791+0000] {spark_submit.py:490} INFO - 23/05/09 04:04:14 INFO DAGScheduler: Missing parents: List()
[2023-05-09T04:04:14.795+0000] {spark_submit.py:490} INFO - 23/05/09 04:04:14 INFO DAGScheduler: Submitting ResultStage 0 (MapPartitionsRDD[11] at json at NativeMethodAccessorImpl.java:0), which has no missing parents
[2023-05-09T04:04:14.945+0000] {spark_submit.py:490} INFO - 23/05/09 04:04:14 INFO MemoryStore: Block broadcast_0 stored as values in memory (estimated size 19.8 KiB, free 434.4 MiB)
[2023-05-09T04:04:14.982+0000] {spark_submit.py:490} INFO - 23/05/09 04:04:14 INFO MemoryStore: Block broadcast_0_piece0 stored as bytes in memory (estimated size 9.7 KiB, free 434.4 MiB)
[2023-05-09T04:04:14.986+0000] {spark_submit.py:490} INFO - 23/05/09 04:04:14 INFO BlockManagerInfo: Added broadcast_0_piece0 in memory on 872098f48f0d:44837 (size: 9.7 KiB, free: 434.4 MiB)
[2023-05-09T04:04:14.990+0000] {spark_submit.py:490} INFO - 23/05/09 04:04:14 INFO SparkContext: Created broadcast 0 from broadcast at DAGScheduler.scala:1535
[2023-05-09T04:04:15.008+0000] {spark_submit.py:490} INFO - 23/05/09 04:04:15 INFO DAGScheduler: Submitting 2 missing tasks from ResultStage 0 (MapPartitionsRDD[11] at json at NativeMethodAccessorImpl.java:0) (first 15 tasks are for partitions Vector(0, 1))
[2023-05-09T04:04:15.010+0000] {spark_submit.py:490} INFO - 23/05/09 04:04:15 INFO TaskSchedulerImpl: Adding task set 0.0 with 2 tasks resource profile 0
[2023-05-09T04:04:15.047+0000] {spark_submit.py:490} INFO - 23/05/09 04:04:15 INFO TaskSetManager: Starting task 0.0 in stage 0.0 (TID 0) (172.21.0.5, executor 0, partition 0, PROCESS_LOCAL, 7347 bytes)
[2023-05-09T04:04:15.055+0000] {spark_submit.py:490} INFO - 23/05/09 04:04:15 INFO TaskSetManager: Starting task 1.0 in stage 0.0 (TID 1) (172.21.0.5, executor 0, partition 1, PROCESS_LOCAL, 8056 bytes)
[2023-05-09T04:04:15.458+0000] {spark_submit.py:490} INFO - 23/05/09 04:04:15 INFO BlockManagerInfo: Added broadcast_0_piece0 in memory on 172.21.0.5:40523 (size: 9.7 KiB, free: 434.4 MiB)
[2023-05-09T04:04:17.532+0000] {spark_submit.py:490} INFO - 23/05/09 04:04:17 INFO TaskSetManager: Finished task 0.0 in stage 0.0 (TID 0) in 2494 ms on 172.21.0.5 (executor 0) (1/2)
[2023-05-09T04:04:17.534+0000] {spark_submit.py:490} INFO - 23/05/09 04:04:17 INFO TaskSetManager: Finished task 1.0 in stage 0.0 (TID 1) in 2479 ms on 172.21.0.5 (executor 0) (2/2)
[2023-05-09T04:04:17.536+0000] {spark_submit.py:490} INFO - 23/05/09 04:04:17 INFO TaskSchedulerImpl: Removed TaskSet 0.0, whose tasks have all completed, from pool
[2023-05-09T04:04:17.544+0000] {spark_submit.py:490} INFO - 23/05/09 04:04:17 INFO PythonAccumulatorV2: Connected to AccumulatorServer at host: 127.0.0.1 port: 55747
[2023-05-09T04:04:17.551+0000] {spark_submit.py:490} INFO - 23/05/09 04:04:17 INFO DAGScheduler: ResultStage 0 (json at NativeMethodAccessorImpl.java:0) finished in 2.724 s
[2023-05-09T04:04:17.555+0000] {spark_submit.py:490} INFO - 23/05/09 04:04:17 INFO DAGScheduler: Job 0 is finished. Cancelling potential speculative or zombie tasks for this job
[2023-05-09T04:04:17.556+0000] {spark_submit.py:490} INFO - 23/05/09 04:04:17 INFO TaskSchedulerImpl: Killing all running tasks in stage 0: Stage finished
[2023-05-09T04:04:17.559+0000] {spark_submit.py:490} INFO - 23/05/09 04:04:17 INFO DAGScheduler: Job 0 finished: json at NativeMethodAccessorImpl.java:0, took 2.789549 s
[2023-05-09T04:04:18.471+0000] {spark_submit.py:490} INFO - {'meta': {'symbol': 'MSFT', 'interval': '1h', 'currency': 'USD', 'exchange_timezone': 'America/New_York', 'exchange': 'NASDAQ', 'mic_code': 'XNGS', 'type': 'Common Stock'}, 'values': [{'datetime': '2019-01-10 15:00:00', 'open': '103.32000', 'high': '103.75000', 'low': '103.20000', 'close': '103.59000', 'volume': '3160767'}, {'datetime': '2019-01-10 14:00:00', 'open': '103.01000', 'high': '103.45000', 'low': '102.90000', 'close': '103.31000', 'volume': '3434101'}, {'datetime': '2019-01-10 13:00:00', 'open': '102.85000', 'high': '103.36000', 'low': '102.38110', 'close': '103.01000', 'volume': '2983593'}, {'datetime': '2019-01-10 12:00:00', 'open': '103.05000', 'high': '103.46000', 'low': '102.62790', 'close': '102.84510', 'volume': '3238377'}, {'datetime': '2019-01-10 11:00:00', 'open': '103.26000', 'high': '103.60000', 'low': '103.00070', 'close': '103.04000', 'volume': '2887803'}, {'datetime': '2019-01-10 10:00:00', 'open': '103.51500', 'high': '103.64000', 'low': '103.22500', 'close': '103.24500', 'volume': '2736747'}, {'datetime': '2019-01-10 09:00:00', 'open': '103.10000', 'high': '103.56000', 'low': '102.60000', 'close': '103.50690', 'volume': '5526963'}], 'status': 'ok'}
[2023-05-09T04:04:18.560+0000] {spark_submit.py:490} INFO - 23/05/09 04:04:18 INFO SparkContext: Starting job: json at NativeMethodAccessorImpl.java:0
[2023-05-09T04:04:18.561+0000] {spark_submit.py:490} INFO - 23/05/09 04:04:18 INFO DAGScheduler: Got job 1 (json at NativeMethodAccessorImpl.java:0) with 2 output partitions
[2023-05-09T04:04:18.561+0000] {spark_submit.py:490} INFO - 23/05/09 04:04:18 INFO DAGScheduler: Final stage: ResultStage 1 (json at NativeMethodAccessorImpl.java:0)
[2023-05-09T04:04:18.562+0000] {spark_submit.py:490} INFO - 23/05/09 04:04:18 INFO DAGScheduler: Parents of final stage: List()
[2023-05-09T04:04:18.562+0000] {spark_submit.py:490} INFO - 23/05/09 04:04:18 INFO DAGScheduler: Missing parents: List()
[2023-05-09T04:04:18.563+0000] {spark_submit.py:490} INFO - 23/05/09 04:04:18 INFO DAGScheduler: Submitting ResultStage 1 (MapPartitionsRDD[22] at json at NativeMethodAccessorImpl.java:0), which has no missing parents
[2023-05-09T04:04:18.570+0000] {spark_submit.py:490} INFO - 23/05/09 04:04:18 INFO MemoryStore: Block broadcast_1 stored as values in memory (estimated size 19.8 KiB, free 434.4 MiB)
[2023-05-09T04:04:18.573+0000] {spark_submit.py:490} INFO - 23/05/09 04:04:18 INFO MemoryStore: Block broadcast_1_piece0 stored as bytes in memory (estimated size 9.7 KiB, free 434.3 MiB)
[2023-05-09T04:04:18.574+0000] {spark_submit.py:490} INFO - 23/05/09 04:04:18 INFO BlockManagerInfo: Added broadcast_1_piece0 in memory on 872098f48f0d:44837 (size: 9.7 KiB, free: 434.4 MiB)
[2023-05-09T04:04:18.574+0000] {spark_submit.py:490} INFO - 23/05/09 04:04:18 INFO SparkContext: Created broadcast 1 from broadcast at DAGScheduler.scala:1535
[2023-05-09T04:04:18.575+0000] {spark_submit.py:490} INFO - 23/05/09 04:04:18 INFO DAGScheduler: Submitting 2 missing tasks from ResultStage 1 (MapPartitionsRDD[22] at json at NativeMethodAccessorImpl.java:0) (first 15 tasks are for partitions Vector(0, 1))
[2023-05-09T04:04:18.575+0000] {spark_submit.py:490} INFO - 23/05/09 04:04:18 INFO TaskSchedulerImpl: Adding task set 1.0 with 2 tasks resource profile 0
[2023-05-09T04:04:18.577+0000] {spark_submit.py:490} INFO - 23/05/09 04:04:18 INFO TaskSetManager: Starting task 0.0 in stage 1.0 (TID 2) (172.21.0.5, executor 0, partition 0, PROCESS_LOCAL, 7347 bytes)
[2023-05-09T04:04:18.577+0000] {spark_submit.py:490} INFO - 23/05/09 04:04:18 INFO TaskSetManager: Starting task 1.0 in stage 1.0 (TID 3) (172.21.0.5, executor 0, partition 1, PROCESS_LOCAL, 8084 bytes)
[2023-05-09T04:04:18.597+0000] {spark_submit.py:490} INFO - 23/05/09 04:04:18 INFO BlockManagerInfo: Added broadcast_1_piece0 in memory on 172.21.0.5:40523 (size: 9.7 KiB, free: 434.4 MiB)
[2023-05-09T04:04:18.665+0000] {spark_submit.py:490} INFO - 23/05/09 04:04:18 INFO TaskSetManager: Finished task 0.0 in stage 1.0 (TID 2) in 89 ms on 172.21.0.5 (executor 0) (1/2)
[2023-05-09T04:04:18.667+0000] {spark_submit.py:490} INFO - 23/05/09 04:04:18 INFO TaskSetManager: Finished task 1.0 in stage 1.0 (TID 3) in 89 ms on 172.21.0.5 (executor 0) (2/2)
[2023-05-09T04:04:18.667+0000] {spark_submit.py:490} INFO - 23/05/09 04:04:18 INFO TaskSchedulerImpl: Removed TaskSet 1.0, whose tasks have all completed, from pool
[2023-05-09T04:04:18.668+0000] {spark_submit.py:490} INFO - 23/05/09 04:04:18 INFO DAGScheduler: ResultStage 1 (json at NativeMethodAccessorImpl.java:0) finished in 0.103 s
[2023-05-09T04:04:18.668+0000] {spark_submit.py:490} INFO - 23/05/09 04:04:18 INFO DAGScheduler: Job 1 is finished. Cancelling potential speculative or zombie tasks for this job
[2023-05-09T04:04:18.669+0000] {spark_submit.py:490} INFO - 23/05/09 04:04:18 INFO TaskSchedulerImpl: Killing all running tasks in stage 1: Stage finished
[2023-05-09T04:04:18.669+0000] {spark_submit.py:490} INFO - 23/05/09 04:04:18 INFO DAGScheduler: Job 1 finished: json at NativeMethodAccessorImpl.java:0, took 0.108882 s
[2023-05-09T04:04:19.392+0000] {spark_submit.py:490} INFO - {'meta': {'symbol': 'GOOG', 'interval': '1h', 'currency': 'USD', 'exchange_timezone': 'America/New_York', 'exchange': 'NASDAQ', 'mic_code': 'XNGS', 'type': 'Common Stock'}, 'values': [{'datetime': '2019-01-10 15:00:00', 'open': '1069.18005', 'high': '1071.15002', 'low': '1067.89685', 'close': '1069.21997', 'volume': '476190'}, {'datetime': '2019-01-10 14:00:00', 'open': '1067.42529', 'high': '1069.77002', 'low': '1064.40002', 'close': '1069.77002', 'volume': '95555'}, {'datetime': '2019-01-10 13:00:00', 'open': '1064.23364', 'high': '1070.44885', 'low': '1060.00000', 'close': '1067.33997', 'volume': '107263'}, {'datetime': '2019-01-10 12:00:00', 'open': '1064.57996', 'high': '1068.31995', 'low': '1061.31995', 'close': '1063.25378', 'volume': '119577'}, {'datetime': '2019-01-10 11:00:00', 'open': '1063.25244', 'high': '1066.16003', 'low': '1061.94995', 'close': '1064.44995', 'volume': '118570'}, {'datetime': '2019-01-10 10:00:00', 'open': '1066.78003', 'high': '1067.30005', 'low': '1061.73926', 'close': '1062.55005', 'volume': '223763'}, {'datetime': '2019-01-10 09:00:00', 'open': '1067.81006', 'high': '1068.05005', 'low': '1058.00000', 'close': '1067.48999', 'volume': '257876'}], 'status': 'ok'}
[2023-05-09T04:04:19.441+0000] {spark_submit.py:490} INFO - 23/05/09 04:04:19 INFO SparkContext: Starting job: json at NativeMethodAccessorImpl.java:0
[2023-05-09T04:04:19.442+0000] {spark_submit.py:490} INFO - 23/05/09 04:04:19 INFO DAGScheduler: Got job 2 (json at NativeMethodAccessorImpl.java:0) with 2 output partitions
[2023-05-09T04:04:19.442+0000] {spark_submit.py:490} INFO - 23/05/09 04:04:19 INFO DAGScheduler: Final stage: ResultStage 2 (json at NativeMethodAccessorImpl.java:0)
[2023-05-09T04:04:19.442+0000] {spark_submit.py:490} INFO - 23/05/09 04:04:19 INFO DAGScheduler: Parents of final stage: List()
[2023-05-09T04:04:19.443+0000] {spark_submit.py:490} INFO - 23/05/09 04:04:19 INFO DAGScheduler: Missing parents: List()
[2023-05-09T04:04:19.443+0000] {spark_submit.py:490} INFO - 23/05/09 04:04:19 INFO DAGScheduler: Submitting ResultStage 2 (MapPartitionsRDD[33] at json at NativeMethodAccessorImpl.java:0), which has no missing parents
[2023-05-09T04:04:19.448+0000] {spark_submit.py:490} INFO - 23/05/09 04:04:19 INFO MemoryStore: Block broadcast_2 stored as values in memory (estimated size 19.8 KiB, free 434.3 MiB)
[2023-05-09T04:04:19.451+0000] {spark_submit.py:490} INFO - 23/05/09 04:04:19 INFO MemoryStore: Block broadcast_2_piece0 stored as bytes in memory (estimated size 9.7 KiB, free 434.3 MiB)
[2023-05-09T04:04:19.452+0000] {spark_submit.py:490} INFO - 23/05/09 04:04:19 INFO BlockManagerInfo: Added broadcast_2_piece0 in memory on 872098f48f0d:44837 (size: 9.7 KiB, free: 434.4 MiB)
[2023-05-09T04:04:19.453+0000] {spark_submit.py:490} INFO - 23/05/09 04:04:19 INFO SparkContext: Created broadcast 2 from broadcast at DAGScheduler.scala:1535
[2023-05-09T04:04:19.454+0000] {spark_submit.py:490} INFO - 23/05/09 04:04:19 INFO DAGScheduler: Submitting 2 missing tasks from ResultStage 2 (MapPartitionsRDD[33] at json at NativeMethodAccessorImpl.java:0) (first 15 tasks are for partitions Vector(0, 1))
[2023-05-09T04:04:19.454+0000] {spark_submit.py:490} INFO - 23/05/09 04:04:19 INFO TaskSchedulerImpl: Adding task set 2.0 with 2 tasks resource profile 0
[2023-05-09T04:04:19.455+0000] {spark_submit.py:490} INFO - 23/05/09 04:04:19 INFO TaskSetManager: Starting task 0.0 in stage 2.0 (TID 4) (172.21.0.5, executor 0, partition 0, PROCESS_LOCAL, 7347 bytes)
[2023-05-09T04:04:19.456+0000] {spark_submit.py:490} INFO - 23/05/09 04:04:19 INFO TaskSetManager: Starting task 1.0 in stage 2.0 (TID 5) (172.21.0.5, executor 0, partition 1, PROCESS_LOCAL, 8104 bytes)
[2023-05-09T04:04:19.473+0000] {spark_submit.py:490} INFO - 23/05/09 04:04:19 INFO BlockManagerInfo: Added broadcast_2_piece0 in memory on 172.21.0.5:40523 (size: 9.7 KiB, free: 434.4 MiB)
[2023-05-09T04:04:19.535+0000] {spark_submit.py:490} INFO - 23/05/09 04:04:19 INFO TaskSetManager: Finished task 0.0 in stage 2.0 (TID 4) in 80 ms on 172.21.0.5 (executor 0) (1/2)
[2023-05-09T04:04:19.538+0000] {spark_submit.py:490} INFO - 23/05/09 04:04:19 INFO TaskSetManager: Finished task 1.0 in stage 2.0 (TID 5) in 82 ms on 172.21.0.5 (executor 0) (2/2)
[2023-05-09T04:04:19.538+0000] {spark_submit.py:490} INFO - 23/05/09 04:04:19 INFO TaskSchedulerImpl: Removed TaskSet 2.0, whose tasks have all completed, from pool
[2023-05-09T04:04:19.540+0000] {spark_submit.py:490} INFO - 23/05/09 04:04:19 INFO DAGScheduler: ResultStage 2 (json at NativeMethodAccessorImpl.java:0) finished in 0.095 s
[2023-05-09T04:04:19.540+0000] {spark_submit.py:490} INFO - 23/05/09 04:04:19 INFO DAGScheduler: Job 2 is finished. Cancelling potential speculative or zombie tasks for this job
[2023-05-09T04:04:19.540+0000] {spark_submit.py:490} INFO - 23/05/09 04:04:19 INFO TaskSchedulerImpl: Killing all running tasks in stage 2: Stage finished
[2023-05-09T04:04:19.541+0000] {spark_submit.py:490} INFO - 23/05/09 04:04:19 INFO DAGScheduler: Job 2 finished: json at NativeMethodAccessorImpl.java:0, took 0.099311 s
[2023-05-09T04:04:20.319+0000] {spark_submit.py:490} INFO - {'meta': {'symbol': 'AMZN', 'interval': '1h', 'currency': 'USD', 'exchange_timezone': 'America/New_York', 'exchange': 'NASDAQ', 'mic_code': 'XNGS', 'type': 'Common Stock'}, 'values': [{'datetime': '2019-01-10 15:00:00', 'open': '1654.87000', 'high': '1659.70996', 'low': '1652.89612', 'close': '1656.27002', 'volume': '510919'}, {'datetime': '2019-01-10 14:00:00', 'open': '1653.41003', 'high': '1656.00000', 'low': '1649.42590', 'close': '1655.01501', 'volume': '470588'}, {'datetime': '2019-01-10 13:00:00', 'open': '1652.00000', 'high': '1657.54065', 'low': '1640.49524', 'close': '1653.68042', 'volume': '686634'}, {'datetime': '2019-01-10 12:00:00', 'open': '1654.00012', 'high': '1663.00000', 'low': '1644.00000', 'close': '1651.79895', 'volume': '819269'}, {'datetime': '2019-01-10 11:00:00', 'open': '1651.45996', 'high': '1657.65002', 'low': '1649.59998', 'close': '1654.24475', 'volume': '531322'}, {'datetime': '2019-01-10 10:00:00', 'open': '1644.02527', 'high': '1659.98999', 'low': '1641.35999', 'close': '1651.05005', 'volume': '1060676'}, {'datetime': '2019-01-10 09:00:00', 'open': '1641.42004', 'high': '1645.50000', 'low': '1622.21997', 'close': '1643.50696', 'volume': '2144437'}], 'status': 'ok'}
[2023-05-09T04:04:20.408+0000] {spark_submit.py:490} INFO - 23/05/09 04:04:20 INFO SparkContext: Starting job: json at NativeMethodAccessorImpl.java:0
[2023-05-09T04:04:20.409+0000] {spark_submit.py:490} INFO - 23/05/09 04:04:20 INFO DAGScheduler: Got job 3 (json at NativeMethodAccessorImpl.java:0) with 2 output partitions
[2023-05-09T04:04:20.409+0000] {spark_submit.py:490} INFO - 23/05/09 04:04:20 INFO DAGScheduler: Final stage: ResultStage 3 (json at NativeMethodAccessorImpl.java:0)
[2023-05-09T04:04:20.410+0000] {spark_submit.py:490} INFO - 23/05/09 04:04:20 INFO DAGScheduler: Parents of final stage: List()
[2023-05-09T04:04:20.410+0000] {spark_submit.py:490} INFO - 23/05/09 04:04:20 INFO DAGScheduler: Missing parents: List()
[2023-05-09T04:04:20.411+0000] {spark_submit.py:490} INFO - 23/05/09 04:04:20 INFO DAGScheduler: Submitting ResultStage 3 (MapPartitionsRDD[44] at json at NativeMethodAccessorImpl.java:0), which has no missing parents
[2023-05-09T04:04:20.416+0000] {spark_submit.py:490} INFO - 23/05/09 04:04:20 INFO MemoryStore: Block broadcast_3 stored as values in memory (estimated size 19.8 KiB, free 434.3 MiB)
[2023-05-09T04:04:20.419+0000] {spark_submit.py:490} INFO - 23/05/09 04:04:20 INFO MemoryStore: Block broadcast_3_piece0 stored as bytes in memory (estimated size 9.7 KiB, free 434.3 MiB)
[2023-05-09T04:04:20.419+0000] {spark_submit.py:490} INFO - 23/05/09 04:04:20 INFO BlockManagerInfo: Added broadcast_3_piece0 in memory on 872098f48f0d:44837 (size: 9.7 KiB, free: 434.4 MiB)
[2023-05-09T04:04:20.420+0000] {spark_submit.py:490} INFO - 23/05/09 04:04:20 INFO SparkContext: Created broadcast 3 from broadcast at DAGScheduler.scala:1535
[2023-05-09T04:04:20.421+0000] {spark_submit.py:490} INFO - 23/05/09 04:04:20 INFO DAGScheduler: Submitting 2 missing tasks from ResultStage 3 (MapPartitionsRDD[44] at json at NativeMethodAccessorImpl.java:0) (first 15 tasks are for partitions Vector(0, 1))
[2023-05-09T04:04:20.421+0000] {spark_submit.py:490} INFO - 23/05/09 04:04:20 INFO TaskSchedulerImpl: Adding task set 3.0 with 2 tasks resource profile 0
[2023-05-09T04:04:20.423+0000] {spark_submit.py:490} INFO - 23/05/09 04:04:20 INFO TaskSetManager: Starting task 0.0 in stage 3.0 (TID 6) (172.21.0.5, executor 0, partition 0, PROCESS_LOCAL, 7347 bytes)
[2023-05-09T04:04:20.423+0000] {spark_submit.py:490} INFO - 23/05/09 04:04:20 INFO TaskSetManager: Starting task 1.0 in stage 3.0 (TID 7) (172.21.0.5, executor 0, partition 1, PROCESS_LOCAL, 8107 bytes)
[2023-05-09T04:04:20.441+0000] {spark_submit.py:490} INFO - 23/05/09 04:04:20 INFO BlockManagerInfo: Added broadcast_3_piece0 in memory on 172.21.0.5:40523 (size: 9.7 KiB, free: 434.4 MiB)
[2023-05-09T04:04:20.505+0000] {spark_submit.py:490} INFO - 23/05/09 04:04:20 INFO TaskSetManager: Finished task 1.0 in stage 3.0 (TID 7) in 81 ms on 172.21.0.5 (executor 0) (1/2)
[2023-05-09T04:04:20.506+0000] {spark_submit.py:490} INFO - 23/05/09 04:04:20 INFO TaskSetManager: Finished task 0.0 in stage 3.0 (TID 6) in 83 ms on 172.21.0.5 (executor 0) (2/2)
[2023-05-09T04:04:20.507+0000] {spark_submit.py:490} INFO - 23/05/09 04:04:20 INFO TaskSchedulerImpl: Removed TaskSet 3.0, whose tasks have all completed, from pool
[2023-05-09T04:04:20.507+0000] {spark_submit.py:490} INFO - 23/05/09 04:04:20 INFO DAGScheduler: ResultStage 3 (json at NativeMethodAccessorImpl.java:0) finished in 0.095 s
[2023-05-09T04:04:20.508+0000] {spark_submit.py:490} INFO - 23/05/09 04:04:20 INFO DAGScheduler: Job 3 is finished. Cancelling potential speculative or zombie tasks for this job
[2023-05-09T04:04:20.508+0000] {spark_submit.py:490} INFO - 23/05/09 04:04:20 INFO TaskSchedulerImpl: Killing all running tasks in stage 3: Stage finished
[2023-05-09T04:04:20.508+0000] {spark_submit.py:490} INFO - 23/05/09 04:04:20 INFO DAGScheduler: Job 3 finished: json at NativeMethodAccessorImpl.java:0, took 0.100260 s
[2023-05-09T04:04:21.235+0000] {spark_submit.py:490} INFO - {'meta': {'symbol': 'TSLA', 'interval': '1h', 'currency': 'USD', 'exchange_timezone': 'America/New_York', 'exchange': 'NASDAQ', 'mic_code': 'XNGS', 'type': 'Common Stock'}, 'values': [{'datetime': '2019-01-10 15:00:00', 'open': '68.81000', 'high': '69.07600', 'low': '68.74000', 'close': '69.02200', 'volume': '831121'}, {'datetime': '2019-01-10 14:00:00', 'open': '68.46378', 'high': '68.82600', 'low': '68.18896', 'close': '68.82434', 'volume': '645428'}, {'datetime': '2019-01-10 13:00:00', 'open': '68.28400', 'high': '68.50000', 'low': '67.84600', 'close': '68.44800', 'volume': '461929'}, {'datetime': '2019-01-10 12:00:00', 'open': '68.54366', 'high': '68.66000', 'low': '68.01600', 'close': '68.24800', 'volume': '726467'}, {'datetime': '2019-01-10 11:00:00', 'open': '67.90100', 'high': '68.54000', 'low': '67.80000', 'close': '68.53496', 'volume': '759737'}, {'datetime': '2019-01-10 10:00:00', 'open': '67.54200', 'high': '68.44400', 'low': '67.50000', 'close': '67.91200', 'volume': '1127421'}, {'datetime': '2019-01-10 09:00:00', 'open': '66.95200', 'high': '67.51200', 'low': '66.36000', 'close': '67.49400', 'volume': '1386752'}], 'status': 'ok'}
[2023-05-09T04:04:21.267+0000] {spark_submit.py:490} INFO - 23/05/09 04:04:21 INFO SparkContext: Starting job: json at NativeMethodAccessorImpl.java:0
[2023-05-09T04:04:21.269+0000] {spark_submit.py:490} INFO - 23/05/09 04:04:21 INFO DAGScheduler: Got job 4 (json at NativeMethodAccessorImpl.java:0) with 2 output partitions
[2023-05-09T04:04:21.269+0000] {spark_submit.py:490} INFO - 23/05/09 04:04:21 INFO DAGScheduler: Final stage: ResultStage 4 (json at NativeMethodAccessorImpl.java:0)
[2023-05-09T04:04:21.270+0000] {spark_submit.py:490} INFO - 23/05/09 04:04:21 INFO DAGScheduler: Parents of final stage: List()
[2023-05-09T04:04:21.270+0000] {spark_submit.py:490} INFO - 23/05/09 04:04:21 INFO DAGScheduler: Missing parents: List()
[2023-05-09T04:04:21.270+0000] {spark_submit.py:490} INFO - 23/05/09 04:04:21 INFO DAGScheduler: Submitting ResultStage 4 (MapPartitionsRDD[55] at json at NativeMethodAccessorImpl.java:0), which has no missing parents
[2023-05-09T04:04:21.274+0000] {spark_submit.py:490} INFO - 23/05/09 04:04:21 INFO MemoryStore: Block broadcast_4 stored as values in memory (estimated size 19.8 KiB, free 434.3 MiB)
[2023-05-09T04:04:21.277+0000] {spark_submit.py:490} INFO - 23/05/09 04:04:21 INFO MemoryStore: Block broadcast_4_piece0 stored as bytes in memory (estimated size 9.7 KiB, free 434.3 MiB)
[2023-05-09T04:04:21.278+0000] {spark_submit.py:490} INFO - 23/05/09 04:04:21 INFO BlockManagerInfo: Added broadcast_4_piece0 in memory on 872098f48f0d:44837 (size: 9.7 KiB, free: 434.4 MiB)
[2023-05-09T04:04:21.278+0000] {spark_submit.py:490} INFO - 23/05/09 04:04:21 INFO SparkContext: Created broadcast 4 from broadcast at DAGScheduler.scala:1535
[2023-05-09T04:04:21.279+0000] {spark_submit.py:490} INFO - 23/05/09 04:04:21 INFO DAGScheduler: Submitting 2 missing tasks from ResultStage 4 (MapPartitionsRDD[55] at json at NativeMethodAccessorImpl.java:0) (first 15 tasks are for partitions Vector(0, 1))
[2023-05-09T04:04:21.279+0000] {spark_submit.py:490} INFO - 23/05/09 04:04:21 INFO TaskSchedulerImpl: Adding task set 4.0 with 2 tasks resource profile 0
[2023-05-09T04:04:21.281+0000] {spark_submit.py:490} INFO - 23/05/09 04:04:21 INFO TaskSetManager: Starting task 0.0 in stage 4.0 (TID 8) (172.21.0.5, executor 0, partition 0, PROCESS_LOCAL, 7347 bytes)
[2023-05-09T04:04:21.281+0000] {spark_submit.py:490} INFO - 23/05/09 04:04:21 INFO TaskSetManager: Starting task 1.0 in stage 4.0 (TID 9) (172.21.0.5, executor 0, partition 1, PROCESS_LOCAL, 8051 bytes)
[2023-05-09T04:04:21.298+0000] {spark_submit.py:490} INFO - 23/05/09 04:04:21 INFO BlockManagerInfo: Added broadcast_4_piece0 in memory on 172.21.0.5:40523 (size: 9.7 KiB, free: 434.4 MiB)
[2023-05-09T04:04:21.362+0000] {spark_submit.py:490} INFO - 23/05/09 04:04:21 INFO TaskSetManager: Finished task 0.0 in stage 4.0 (TID 8) in 81 ms on 172.21.0.5 (executor 0) (1/2)
[2023-05-09T04:04:21.363+0000] {spark_submit.py:490} INFO - 23/05/09 04:04:21 INFO TaskSetManager: Finished task 1.0 in stage 4.0 (TID 9) in 81 ms on 172.21.0.5 (executor 0) (2/2)
[2023-05-09T04:04:21.363+0000] {spark_submit.py:490} INFO - 23/05/09 04:04:21 INFO TaskSchedulerImpl: Removed TaskSet 4.0, whose tasks have all completed, from pool
[2023-05-09T04:04:21.364+0000] {spark_submit.py:490} INFO - 23/05/09 04:04:21 INFO DAGScheduler: ResultStage 4 (json at NativeMethodAccessorImpl.java:0) finished in 0.093 s
[2023-05-09T04:04:21.364+0000] {spark_submit.py:490} INFO - 23/05/09 04:04:21 INFO DAGScheduler: Job 4 is finished. Cancelling potential speculative or zombie tasks for this job
[2023-05-09T04:04:21.365+0000] {spark_submit.py:490} INFO - 23/05/09 04:04:21 INFO TaskSchedulerImpl: Killing all running tasks in stage 4: Stage finished
[2023-05-09T04:04:21.365+0000] {spark_submit.py:490} INFO - 23/05/09 04:04:21 INFO DAGScheduler: Job 4 finished: json at NativeMethodAccessorImpl.java:0, took 0.097452 s
[2023-05-09T04:04:22.186+0000] {spark_submit.py:490} INFO - {'meta': {'symbol': 'META', 'interval': '1h', 'currency': 'USD', 'exchange_timezone': 'America/New_York', 'exchange': 'NASDAQ', 'mic_code': 'XNGS', 'type': 'Common Stock'}, 'values': [{'datetime': '2019-01-10 15:00:00', 'open': '144.41000', 'high': '144.55000', 'low': '144.07001', 'close': '144.22000', 'volume': '1467820'}, {'datetime': '2019-01-10 14:00:00', 'open': '143.98000', 'high': '144.50000', 'low': '143.80000', 'close': '144.40691', 'volume': '1338098'}, {'datetime': '2019-01-10 13:00:00', 'open': '143.34000', 'high': '144.41000', 'low': '142.59000', 'close': '143.95000', 'volume': '1422627'}, {'datetime': '2019-01-10 12:00:00', 'open': '143.70500', 'high': '144.50000', 'low': '143.05000', 'close': '143.33000', 'volume': '2023544'}, {'datetime': '2019-01-10 11:00:00', 'open': '142.97501', 'high': '143.72000', 'low': '142.53000', 'close': '143.72000', 'volume': '1407266'}, {'datetime': '2019-01-10 10:00:00', 'open': '143.03999', 'high': '143.25000', 'low': '142.50999', 'close': '142.97000', 'volume': '1831980'}, {'datetime': '2019-01-10 09:00:00', 'open': '143.06000', 'high': '143.23000', 'low': '140.84000', 'close': '143.09290', 'volume': '4693308'}], 'status': 'ok'}
[2023-05-09T04:04:22.259+0000] {spark_submit.py:490} INFO - 23/05/09 04:04:22 INFO SparkContext: Starting job: json at NativeMethodAccessorImpl.java:0
[2023-05-09T04:04:22.261+0000] {spark_submit.py:490} INFO - 23/05/09 04:04:22 INFO DAGScheduler: Got job 5 (json at NativeMethodAccessorImpl.java:0) with 2 output partitions
[2023-05-09T04:04:22.262+0000] {spark_submit.py:490} INFO - 23/05/09 04:04:22 INFO DAGScheduler: Final stage: ResultStage 5 (json at NativeMethodAccessorImpl.java:0)
[2023-05-09T04:04:22.262+0000] {spark_submit.py:490} INFO - 23/05/09 04:04:22 INFO DAGScheduler: Parents of final stage: List()
[2023-05-09T04:04:22.262+0000] {spark_submit.py:490} INFO - 23/05/09 04:04:22 INFO DAGScheduler: Missing parents: List()
[2023-05-09T04:04:22.264+0000] {spark_submit.py:490} INFO - 23/05/09 04:04:22 INFO DAGScheduler: Submitting ResultStage 5 (MapPartitionsRDD[66] at json at NativeMethodAccessorImpl.java:0), which has no missing parents
[2023-05-09T04:04:22.270+0000] {spark_submit.py:490} INFO - 23/05/09 04:04:22 INFO MemoryStore: Block broadcast_5 stored as values in memory (estimated size 19.8 KiB, free 434.2 MiB)
[2023-05-09T04:04:22.271+0000] {spark_submit.py:490} INFO - 23/05/09 04:04:22 INFO MemoryStore: Block broadcast_5_piece0 stored as bytes in memory (estimated size 9.7 KiB, free 434.2 MiB)
[2023-05-09T04:04:22.272+0000] {spark_submit.py:490} INFO - 23/05/09 04:04:22 INFO BlockManagerInfo: Added broadcast_5_piece0 in memory on 872098f48f0d:44837 (size: 9.7 KiB, free: 434.3 MiB)
[2023-05-09T04:04:22.272+0000] {spark_submit.py:490} INFO - 23/05/09 04:04:22 INFO SparkContext: Created broadcast 5 from broadcast at DAGScheduler.scala:1535
[2023-05-09T04:04:22.273+0000] {spark_submit.py:490} INFO - 23/05/09 04:04:22 INFO DAGScheduler: Submitting 2 missing tasks from ResultStage 5 (MapPartitionsRDD[66] at json at NativeMethodAccessorImpl.java:0) (first 15 tasks are for partitions Vector(0, 1))
[2023-05-09T04:04:22.274+0000] {spark_submit.py:490} INFO - 23/05/09 04:04:22 INFO TaskSchedulerImpl: Adding task set 5.0 with 2 tasks resource profile 0
[2023-05-09T04:04:22.275+0000] {spark_submit.py:490} INFO - 23/05/09 04:04:22 INFO TaskSetManager: Starting task 0.0 in stage 5.0 (TID 10) (172.21.0.5, executor 0, partition 0, PROCESS_LOCAL, 7347 bytes)
[2023-05-09T04:04:22.275+0000] {spark_submit.py:490} INFO - 23/05/09 04:04:22 INFO TaskSetManager: Starting task 1.0 in stage 5.0 (TID 11) (172.21.0.5, executor 0, partition 1, PROCESS_LOCAL, 8084 bytes)
[2023-05-09T04:04:22.295+0000] {spark_submit.py:490} INFO - 23/05/09 04:04:22 INFO BlockManagerInfo: Added broadcast_5_piece0 in memory on 172.21.0.5:40523 (size: 9.7 KiB, free: 434.3 MiB)
[2023-05-09T04:04:22.358+0000] {spark_submit.py:490} INFO - 23/05/09 04:04:22 INFO TaskSetManager: Finished task 1.0 in stage 5.0 (TID 11) in 83 ms on 172.21.0.5 (executor 0) (1/2)
[2023-05-09T04:04:22.364+0000] {spark_submit.py:490} INFO - 23/05/09 04:04:22 INFO TaskSetManager: Finished task 0.0 in stage 5.0 (TID 10) in 90 ms on 172.21.0.5 (executor 0) (2/2)
[2023-05-09T04:04:22.365+0000] {spark_submit.py:490} INFO - 23/05/09 04:04:22 INFO TaskSchedulerImpl: Removed TaskSet 5.0, whose tasks have all completed, from pool
[2023-05-09T04:04:22.367+0000] {spark_submit.py:490} INFO - 23/05/09 04:04:22 INFO DAGScheduler: ResultStage 5 (json at NativeMethodAccessorImpl.java:0) finished in 0.100 s
[2023-05-09T04:04:22.367+0000] {spark_submit.py:490} INFO - 23/05/09 04:04:22 INFO DAGScheduler: Job 5 is finished. Cancelling potential speculative or zombie tasks for this job
[2023-05-09T04:04:22.368+0000] {spark_submit.py:490} INFO - 23/05/09 04:04:22 INFO TaskSchedulerImpl: Killing all running tasks in stage 5: Stage finished
[2023-05-09T04:04:22.368+0000] {spark_submit.py:490} INFO - 23/05/09 04:04:22 INFO DAGScheduler: Job 5 finished: json at NativeMethodAccessorImpl.java:0, took 0.108708 s
[2023-05-09T04:04:23.186+0000] {spark_submit.py:490} INFO - {'meta': {'symbol': 'NFLX', 'interval': '1h', 'currency': 'USD', 'exchange_timezone': 'America/New_York', 'exchange': 'NASDAQ', 'mic_code': 'XNGS', 'type': 'Common Stock'}, 'values': [{'datetime': '2019-01-10 15:00:00', 'open': '323.69000', 'high': '325.22000', 'low': '323.23001', 'close': '324.79001', 'volume': '1427620'}, {'datetime': '2019-01-10 14:00:00', 'open': '322.39001', 'high': '323.89999', 'low': '321.69000', 'close': '323.69000', 'volume': '1328273'}, {'datetime': '2019-01-10 13:00:00', 'open': '322.00000', 'high': '323.50000', 'low': '319.50000', 'close': '322.17999', 'volume': '1515389'}, {'datetime': '2019-01-10 12:00:00', 'open': '322.49899', 'high': '324.12991', 'low': '320.01001', 'close': '321.82001', 'volume': '1277313'}, {'datetime': '2019-01-10 11:00:00', 'open': '323.59250', 'high': '325.29001', 'low': '321.62000', 'close': '322.42389', 'volume': '1459057'}, {'datetime': '2019-01-10 10:00:00', 'open': '320.23999', 'high': '325.07001', 'low': '320.23999', 'close': '323.33551', 'volume': '2450657'}, {'datetime': '2019-01-10 09:00:00', 'open': '314.75000', 'high': '320.29999', 'low': '312.50549', 'close': '320.04999', 'volume': '3314482'}], 'status': 'ok'}
[2023-05-09T04:04:23.238+0000] {spark_submit.py:490} INFO - 23/05/09 04:04:23 INFO SparkContext: Starting job: json at NativeMethodAccessorImpl.java:0
[2023-05-09T04:04:23.239+0000] {spark_submit.py:490} INFO - 23/05/09 04:04:23 INFO DAGScheduler: Got job 6 (json at NativeMethodAccessorImpl.java:0) with 2 output partitions
[2023-05-09T04:04:23.240+0000] {spark_submit.py:490} INFO - 23/05/09 04:04:23 INFO DAGScheduler: Final stage: ResultStage 6 (json at NativeMethodAccessorImpl.java:0)
[2023-05-09T04:04:23.240+0000] {spark_submit.py:490} INFO - 23/05/09 04:04:23 INFO DAGScheduler: Parents of final stage: List()
[2023-05-09T04:04:23.240+0000] {spark_submit.py:490} INFO - 23/05/09 04:04:23 INFO DAGScheduler: Missing parents: List()
[2023-05-09T04:04:23.241+0000] {spark_submit.py:490} INFO - 23/05/09 04:04:23 INFO DAGScheduler: Submitting ResultStage 6 (MapPartitionsRDD[77] at json at NativeMethodAccessorImpl.java:0), which has no missing parents
[2023-05-09T04:04:23.244+0000] {spark_submit.py:490} INFO - 23/05/09 04:04:23 INFO MemoryStore: Block broadcast_6 stored as values in memory (estimated size 19.8 KiB, free 434.2 MiB)
[2023-05-09T04:04:23.246+0000] {spark_submit.py:490} INFO - 23/05/09 04:04:23 INFO MemoryStore: Block broadcast_6_piece0 stored as bytes in memory (estimated size 9.7 KiB, free 434.2 MiB)
[2023-05-09T04:04:23.247+0000] {spark_submit.py:490} INFO - 23/05/09 04:04:23 INFO BlockManagerInfo: Added broadcast_6_piece0 in memory on 872098f48f0d:44837 (size: 9.7 KiB, free: 434.3 MiB)
[2023-05-09T04:04:23.248+0000] {spark_submit.py:490} INFO - 23/05/09 04:04:23 INFO SparkContext: Created broadcast 6 from broadcast at DAGScheduler.scala:1535
[2023-05-09T04:04:23.250+0000] {spark_submit.py:490} INFO - 23/05/09 04:04:23 INFO DAGScheduler: Submitting 2 missing tasks from ResultStage 6 (MapPartitionsRDD[77] at json at NativeMethodAccessorImpl.java:0) (first 15 tasks are for partitions Vector(0, 1))
[2023-05-09T04:04:23.251+0000] {spark_submit.py:490} INFO - 23/05/09 04:04:23 INFO TaskSchedulerImpl: Adding task set 6.0 with 2 tasks resource profile 0
[2023-05-09T04:04:23.253+0000] {spark_submit.py:490} INFO - 23/05/09 04:04:23 INFO TaskSetManager: Starting task 0.0 in stage 6.0 (TID 12) (172.21.0.5, executor 0, partition 0, PROCESS_LOCAL, 7347 bytes)
[2023-05-09T04:04:23.253+0000] {spark_submit.py:490} INFO - 23/05/09 04:04:23 INFO TaskSetManager: Starting task 1.0 in stage 6.0 (TID 13) (172.21.0.5, executor 0, partition 1, PROCESS_LOCAL, 8084 bytes)
[2023-05-09T04:04:23.274+0000] {spark_submit.py:490} INFO - 23/05/09 04:04:23 INFO BlockManagerInfo: Added broadcast_6_piece0 in memory on 172.21.0.5:40523 (size: 9.7 KiB, free: 434.3 MiB)
[2023-05-09T04:04:23.340+0000] {spark_submit.py:490} INFO - 23/05/09 04:04:23 INFO TaskSetManager: Finished task 0.0 in stage 6.0 (TID 12) in 87 ms on 172.21.0.5 (executor 0) (1/2)
[2023-05-09T04:04:23.342+0000] {spark_submit.py:490} INFO - 23/05/09 04:04:23 INFO TaskSetManager: Finished task 1.0 in stage 6.0 (TID 13) in 89 ms on 172.21.0.5 (executor 0) (2/2)
[2023-05-09T04:04:23.342+0000] {spark_submit.py:490} INFO - 23/05/09 04:04:23 INFO TaskSchedulerImpl: Removed TaskSet 6.0, whose tasks have all completed, from pool
[2023-05-09T04:04:23.344+0000] {spark_submit.py:490} INFO - 23/05/09 04:04:23 INFO DAGScheduler: ResultStage 6 (json at NativeMethodAccessorImpl.java:0) finished in 0.101 s
[2023-05-09T04:04:23.345+0000] {spark_submit.py:490} INFO - 23/05/09 04:04:23 INFO DAGScheduler: Job 6 is finished. Cancelling potential speculative or zombie tasks for this job
[2023-05-09T04:04:23.346+0000] {spark_submit.py:490} INFO - 23/05/09 04:04:23 INFO TaskSchedulerImpl: Killing all running tasks in stage 6: Stage finished
[2023-05-09T04:04:23.346+0000] {spark_submit.py:490} INFO - 23/05/09 04:04:23 INFO DAGScheduler: Job 6 finished: json at NativeMethodAccessorImpl.java:0, took 0.105928 s
[2023-05-09T04:04:24.102+0000] {spark_submit.py:490} INFO - {'meta': {'symbol': 'NVDA', 'interval': '1h', 'currency': 'USD', 'exchange_timezone': 'America/New_York', 'exchange': 'NASDAQ', 'mic_code': 'XNGS', 'type': 'Common Stock'}, 'values': [{'datetime': '2019-01-10 15:00:00', 'open': '145.03999', 'high': '145.58000', 'low': '144.82001', 'close': '145.17000', 'volume': '1538715'}, {'datetime': '2019-01-10 14:00:00', 'open': '144.24001', 'high': '145.21500', 'low': '143.77000', 'close': '145.05000', 'volume': '1146004'}, {'datetime': '2019-01-10 13:00:00', 'open': '144.22000', 'high': '144.82001', 'low': '142.83771', 'close': '144.25940', 'volume': '1365097'}, {'datetime': '2019-01-10 12:00:00', 'open': '144.72000', 'high': '145.44000', 'low': '143.48000', 'close': '144.17000', 'volume': '1466214'}, {'datetime': '2019-01-10 11:00:00', 'open': '143.73000', 'high': '144.80161', 'low': '143.39999', 'close': '144.72000', 'volume': '1144353'}, {'datetime': '2019-01-10 10:00:00', 'open': '142.94000', 'high': '144.97000', 'low': '142.53011', 'close': '143.72729', 'volume': '2253102'}, {'datetime': '2019-01-10 09:00:00', 'open': '141.80000', 'high': '143.44000', 'low': '139.36000', 'close': '142.93790', 'volume': '3633466'}], 'status': 'ok'}
[2023-05-09T04:04:24.183+0000] {spark_submit.py:490} INFO - 23/05/09 04:04:24 INFO SparkContext: Starting job: json at NativeMethodAccessorImpl.java:0
[2023-05-09T04:04:24.185+0000] {spark_submit.py:490} INFO - 23/05/09 04:04:24 INFO DAGScheduler: Got job 7 (json at NativeMethodAccessorImpl.java:0) with 2 output partitions
[2023-05-09T04:04:24.185+0000] {spark_submit.py:490} INFO - 23/05/09 04:04:24 INFO DAGScheduler: Final stage: ResultStage 7 (json at NativeMethodAccessorImpl.java:0)
[2023-05-09T04:04:24.185+0000] {spark_submit.py:490} INFO - 23/05/09 04:04:24 INFO DAGScheduler: Parents of final stage: List()
[2023-05-09T04:04:24.186+0000] {spark_submit.py:490} INFO - 23/05/09 04:04:24 INFO DAGScheduler: Missing parents: List()
[2023-05-09T04:04:24.187+0000] {spark_submit.py:490} INFO - 23/05/09 04:04:24 INFO DAGScheduler: Submitting ResultStage 7 (MapPartitionsRDD[88] at json at NativeMethodAccessorImpl.java:0), which has no missing parents
[2023-05-09T04:04:24.190+0000] {spark_submit.py:490} INFO - 23/05/09 04:04:24 INFO MemoryStore: Block broadcast_7 stored as values in memory (estimated size 19.8 KiB, free 434.2 MiB)
[2023-05-09T04:04:24.192+0000] {spark_submit.py:490} INFO - 23/05/09 04:04:24 INFO MemoryStore: Block broadcast_7_piece0 stored as bytes in memory (estimated size 9.7 KiB, free 434.2 MiB)
[2023-05-09T04:04:24.216+0000] {spark_submit.py:490} INFO - 23/05/09 04:04:24 INFO BlockManagerInfo: Added broadcast_7_piece0 in memory on 872098f48f0d:44837 (size: 9.7 KiB, free: 434.3 MiB)
[2023-05-09T04:04:24.219+0000] {spark_submit.py:490} INFO - 23/05/09 04:04:24 INFO SparkContext: Created broadcast 7 from broadcast at DAGScheduler.scala:1535
[2023-05-09T04:04:24.221+0000] {spark_submit.py:490} INFO - 23/05/09 04:04:24 INFO DAGScheduler: Submitting 2 missing tasks from ResultStage 7 (MapPartitionsRDD[88] at json at NativeMethodAccessorImpl.java:0) (first 15 tasks are for partitions Vector(0, 1))
[2023-05-09T04:04:24.226+0000] {spark_submit.py:490} INFO - 23/05/09 04:04:24 INFO TaskSchedulerImpl: Adding task set 7.0 with 2 tasks resource profile 0
[2023-05-09T04:04:24.229+0000] {spark_submit.py:490} INFO - 23/05/09 04:04:24 INFO TaskSetManager: Starting task 0.0 in stage 7.0 (TID 14) (172.21.0.5, executor 0, partition 0, PROCESS_LOCAL, 7347 bytes)
[2023-05-09T04:04:24.231+0000] {spark_submit.py:490} INFO - 23/05/09 04:04:24 INFO TaskSetManager: Starting task 1.0 in stage 7.0 (TID 15) (172.21.0.5, executor 0, partition 1, PROCESS_LOCAL, 8084 bytes)
[2023-05-09T04:04:24.243+0000] {spark_submit.py:490} INFO - 23/05/09 04:04:24 INFO BlockManagerInfo: Removed broadcast_3_piece0 on 872098f48f0d:44837 in memory (size: 9.7 KiB, free: 434.3 MiB)
[2023-05-09T04:04:24.253+0000] {spark_submit.py:490} INFO - 23/05/09 04:04:24 INFO BlockManagerInfo: Removed broadcast_3_piece0 on 172.21.0.5:40523 in memory (size: 9.7 KiB, free: 434.3 MiB)
[2023-05-09T04:04:24.275+0000] {spark_submit.py:490} INFO - 23/05/09 04:04:24 INFO BlockManagerInfo: Added broadcast_7_piece0 in memory on 172.21.0.5:40523 (size: 9.7 KiB, free: 434.3 MiB)
[2023-05-09T04:04:24.299+0000] {spark_submit.py:490} INFO - 23/05/09 04:04:24 INFO BlockManagerInfo: Removed broadcast_5_piece0 on 872098f48f0d:44837 in memory (size: 9.7 KiB, free: 434.3 MiB)
[2023-05-09T04:04:24.307+0000] {spark_submit.py:490} INFO - 23/05/09 04:04:24 INFO BlockManagerInfo: Removed broadcast_5_piece0 on 172.21.0.5:40523 in memory (size: 9.7 KiB, free: 434.3 MiB)
[2023-05-09T04:04:24.322+0000] {spark_submit.py:490} INFO - 23/05/09 04:04:24 INFO BlockManagerInfo: Removed broadcast_2_piece0 on 872098f48f0d:44837 in memory (size: 9.7 KiB, free: 434.4 MiB)
[2023-05-09T04:04:24.330+0000] {spark_submit.py:490} INFO - 23/05/09 04:04:24 INFO BlockManagerInfo: Removed broadcast_2_piece0 on 172.21.0.5:40523 in memory (size: 9.7 KiB, free: 434.4 MiB)
[2023-05-09T04:04:24.357+0000] {spark_submit.py:490} INFO - 23/05/09 04:04:24 INFO BlockManagerInfo: Removed broadcast_4_piece0 on 872098f48f0d:44837 in memory (size: 9.7 KiB, free: 434.4 MiB)
[2023-05-09T04:04:24.377+0000] {spark_submit.py:490} INFO - 23/05/09 04:04:24 INFO TaskSetManager: Finished task 0.0 in stage 7.0 (TID 14) in 145 ms on 172.21.0.5 (executor 0) (1/2)
[2023-05-09T04:04:24.393+0000] {spark_submit.py:490} INFO - 23/05/09 04:04:24 INFO TaskSetManager: Finished task 1.0 in stage 7.0 (TID 15) in 146 ms on 172.21.0.5 (executor 0) (2/2)
[2023-05-09T04:04:24.394+0000] {spark_submit.py:490} INFO - 23/05/09 04:04:24 INFO TaskSchedulerImpl: Removed TaskSet 7.0, whose tasks have all completed, from pool
[2023-05-09T04:04:24.394+0000] {spark_submit.py:490} INFO - 23/05/09 04:04:24 INFO DAGScheduler: ResultStage 7 (json at NativeMethodAccessorImpl.java:0) finished in 0.195 s
[2023-05-09T04:04:24.395+0000] {spark_submit.py:490} INFO - 23/05/09 04:04:24 INFO DAGScheduler: Job 7 is finished. Cancelling potential speculative or zombie tasks for this job
[2023-05-09T04:04:24.395+0000] {spark_submit.py:490} INFO - 23/05/09 04:04:24 INFO TaskSchedulerImpl: Killing all running tasks in stage 7: Stage finished
[2023-05-09T04:04:24.395+0000] {spark_submit.py:490} INFO - 23/05/09 04:04:24 INFO DAGScheduler: Job 7 finished: json at NativeMethodAccessorImpl.java:0, took 0.201310 s
[2023-05-09T04:04:24.423+0000] {spark_submit.py:490} INFO - 23/05/09 04:04:24 INFO BlockManagerInfo: Removed broadcast_4_piece0 on 172.21.0.5:40523 in memory (size: 9.7 KiB, free: 434.4 MiB)
[2023-05-09T04:04:24.451+0000] {spark_submit.py:490} INFO - 23/05/09 04:04:24 INFO BlockManagerInfo: Removed broadcast_6_piece0 on 872098f48f0d:44837 in memory (size: 9.7 KiB, free: 434.4 MiB)
[2023-05-09T04:04:24.465+0000] {spark_submit.py:490} INFO - 23/05/09 04:04:24 INFO BlockManagerInfo: Removed broadcast_6_piece0 on 172.21.0.5:40523 in memory (size: 9.7 KiB, free: 434.4 MiB)
[2023-05-09T04:04:24.483+0000] {spark_submit.py:490} INFO - 23/05/09 04:04:24 INFO BlockManagerInfo: Removed broadcast_1_piece0 on 872098f48f0d:44837 in memory (size: 9.7 KiB, free: 434.4 MiB)
[2023-05-09T04:04:24.485+0000] {spark_submit.py:490} INFO - 23/05/09 04:04:24 INFO BlockManagerInfo: Removed broadcast_1_piece0 on 172.21.0.5:40523 in memory (size: 9.7 KiB, free: 434.4 MiB)
[2023-05-09T04:04:24.502+0000] {spark_submit.py:490} INFO - 23/05/09 04:04:24 INFO BlockManagerInfo: Removed broadcast_0_piece0 on 872098f48f0d:44837 in memory (size: 9.7 KiB, free: 434.4 MiB)
[2023-05-09T04:04:24.504+0000] {spark_submit.py:490} INFO - 23/05/09 04:04:24 INFO BlockManagerInfo: Removed broadcast_0_piece0 on 172.21.0.5:40523 in memory (size: 9.7 KiB, free: 434.4 MiB)
[2023-05-09T04:04:24.814+0000] {spark_submit.py:490} INFO - ERROR:root:Something error
[2023-05-09T04:04:24.833+0000] {spark_submit.py:490} INFO - 23/05/09 04:04:24 WARN FileStreamSink: Assume no metadata directory. Error while looking for metadata directory in the path: gs://dtc-de-382609_bucket/stock_data/2019/*.
[2023-05-09T04:04:24.834+0000] {spark_submit.py:490} INFO - java.lang.RuntimeException: java.lang.ClassNotFoundException: Class com.google.cloud.hadoop.fs.gcs.GoogleHadoopFileSystem not found
[2023-05-09T04:04:24.834+0000] {spark_submit.py:490} INFO - at org.apache.hadoop.conf.Configuration.getClass(Configuration.java:2688)
[2023-05-09T04:04:24.834+0000] {spark_submit.py:490} INFO - at org.apache.hadoop.fs.FileSystem.getFileSystemClass(FileSystem.java:3431)
[2023-05-09T04:04:24.834+0000] {spark_submit.py:490} INFO - at org.apache.hadoop.fs.FileSystem.createFileSystem(FileSystem.java:3466)
[2023-05-09T04:04:24.834+0000] {spark_submit.py:490} INFO - at org.apache.hadoop.fs.FileSystem.access$300(FileSystem.java:174)
[2023-05-09T04:04:24.835+0000] {spark_submit.py:490} INFO - at org.apache.hadoop.fs.FileSystem$Cache.getInternal(FileSystem.java:3574)
[2023-05-09T04:04:24.835+0000] {spark_submit.py:490} INFO - at org.apache.hadoop.fs.FileSystem$Cache.get(FileSystem.java:3521)
[2023-05-09T04:04:24.835+0000] {spark_submit.py:490} INFO - at org.apache.hadoop.fs.FileSystem.get(FileSystem.java:540)
[2023-05-09T04:04:24.835+0000] {spark_submit.py:490} INFO - at org.apache.hadoop.fs.Path.getFileSystem(Path.java:365)
[2023-05-09T04:04:24.835+0000] {spark_submit.py:490} INFO - at org.apache.spark.sql.execution.streaming.FileStreamSink$.hasMetadata(FileStreamSink.scala:53)
[2023-05-09T04:04:24.835+0000] {spark_submit.py:490} INFO - at org.apache.spark.sql.execution.datasources.DataSource.resolveRelation(DataSource.scala:366)
[2023-05-09T04:04:24.836+0000] {spark_submit.py:490} INFO - at org.apache.spark.sql.DataFrameReader.loadV1Source(DataFrameReader.scala:229)
[2023-05-09T04:04:24.836+0000] {spark_submit.py:490} INFO - at org.apache.spark.sql.DataFrameReader.$anonfun$load$2(DataFrameReader.scala:211)
[2023-05-09T04:04:24.836+0000] {spark_submit.py:490} INFO - at scala.Option.getOrElse(Option.scala:189)
[2023-05-09T04:04:24.836+0000] {spark_submit.py:490} INFO - at org.apache.spark.sql.DataFrameReader.load(DataFrameReader.scala:211)
[2023-05-09T04:04:24.836+0000] {spark_submit.py:490} INFO - at org.apache.spark.sql.DataFrameReader.load(DataFrameReader.scala:186)
[2023-05-09T04:04:24.836+0000] {spark_submit.py:490} INFO - at java.base/jdk.internal.reflect.NativeMethodAccessorImpl.invoke0(Native Method)
[2023-05-09T04:04:24.836+0000] {spark_submit.py:490} INFO - at java.base/jdk.internal.reflect.NativeMethodAccessorImpl.invoke(NativeMethodAccessorImpl.java:62)
[2023-05-09T04:04:24.837+0000] {spark_submit.py:490} INFO - at java.base/jdk.internal.reflect.DelegatingMethodAccessorImpl.invoke(DelegatingMethodAccessorImpl.java:43)
[2023-05-09T04:04:24.837+0000] {spark_submit.py:490} INFO - at java.base/java.lang.reflect.Method.invoke(Method.java:566)
[2023-05-09T04:04:24.837+0000] {spark_submit.py:490} INFO - at py4j.reflection.MethodInvoker.invoke(MethodInvoker.java:244)
[2023-05-09T04:04:24.837+0000] {spark_submit.py:490} INFO - at py4j.reflection.ReflectionEngine.invoke(ReflectionEngine.java:374)
[2023-05-09T04:04:24.837+0000] {spark_submit.py:490} INFO - at py4j.Gateway.invoke(Gateway.java:282)
[2023-05-09T04:04:24.837+0000] {spark_submit.py:490} INFO - at py4j.commands.AbstractCommand.invokeMethod(AbstractCommand.java:132)
[2023-05-09T04:04:24.837+0000] {spark_submit.py:490} INFO - at py4j.commands.CallCommand.execute(CallCommand.java:79)
[2023-05-09T04:04:24.838+0000] {spark_submit.py:490} INFO - at py4j.ClientServerConnection.waitForCommands(ClientServerConnection.java:182)
[2023-05-09T04:04:24.838+0000] {spark_submit.py:490} INFO - at py4j.ClientServerConnection.run(ClientServerConnection.java:106)
[2023-05-09T04:04:24.838+0000] {spark_submit.py:490} INFO - at java.base/java.lang.Thread.run(Thread.java:834)
[2023-05-09T04:04:24.838+0000] {spark_submit.py:490} INFO - Caused by: java.lang.ClassNotFoundException: Class com.google.cloud.hadoop.fs.gcs.GoogleHadoopFileSystem not found
[2023-05-09T04:04:24.838+0000] {spark_submit.py:490} INFO - at org.apache.hadoop.conf.Configuration.getClassByName(Configuration.java:2592)
[2023-05-09T04:04:24.838+0000] {spark_submit.py:490} INFO - at org.apache.hadoop.conf.Configuration.getClass(Configuration.java:2686)
[2023-05-09T04:04:24.838+0000] {spark_submit.py:490} INFO - ... 26 more
[2023-05-09T04:04:24.944+0000] {spark_submit.py:490} INFO - Traceback (most recent call last):
[2023-05-09T04:04:24.945+0000] {spark_submit.py:490} INFO - File "/opt/spark/app/load_data.py", line 75, in <module>
[2023-05-09T04:04:24.945+0000] {spark_submit.py:490} INFO - df = spark.read.format("parquet").load("gs://dtc-de-382609_bucket/stock_data/2019/*")
[2023-05-09T04:04:24.945+0000] {spark_submit.py:490} INFO - File "/opt/***/spark/spark-3.4.0-bin-hadoop3/python/lib/pyspark.zip/pyspark/sql/readwriter.py", line 300, in load
[2023-05-09T04:04:24.945+0000] {spark_submit.py:490} INFO - File "/opt/***/spark/spark-3.4.0-bin-hadoop3/python/lib/py4j-0.10.9.7-src.zip/py4j/java_gateway.py", line 1322, in __call__
[2023-05-09T04:04:24.945+0000] {spark_submit.py:490} INFO - File "/opt/***/spark/spark-3.4.0-bin-hadoop3/python/lib/pyspark.zip/pyspark/errors/exceptions/captured.py", line 169, in deco
[2023-05-09T04:04:24.945+0000] {spark_submit.py:490} INFO - File "/opt/***/spark/spark-3.4.0-bin-hadoop3/python/lib/py4j-0.10.9.7-src.zip/py4j/protocol.py", line 326, in get_return_value
[2023-05-09T04:04:24.947+0000] {spark_submit.py:490} INFO - py4j.protocol.Py4JJavaError: An error occurred while calling o257.load.
[2023-05-09T04:04:24.947+0000] {spark_submit.py:490} INFO - : java.lang.RuntimeException: java.lang.ClassNotFoundException: Class com.google.cloud.hadoop.fs.gcs.GoogleHadoopFileSystem not found
[2023-05-09T04:04:24.947+0000] {spark_submit.py:490} INFO - at org.apache.hadoop.conf.Configuration.getClass(Configuration.java:2688)
[2023-05-09T04:04:24.947+0000] {spark_submit.py:490} INFO - at org.apache.hadoop.fs.FileSystem.getFileSystemClass(FileSystem.java:3431)
[2023-05-09T04:04:24.948+0000] {spark_submit.py:490} INFO - at org.apache.hadoop.fs.FileSystem.createFileSystem(FileSystem.java:3466)
[2023-05-09T04:04:24.948+0000] {spark_submit.py:490} INFO - at org.apache.hadoop.fs.FileSystem.access$300(FileSystem.java:174)
[2023-05-09T04:04:24.948+0000] {spark_submit.py:490} INFO - at org.apache.hadoop.fs.FileSystem$Cache.getInternal(FileSystem.java:3574)
[2023-05-09T04:04:24.948+0000] {spark_submit.py:490} INFO - at org.apache.hadoop.fs.FileSystem$Cache.get(FileSystem.java:3521)
[2023-05-09T04:04:24.948+0000] {spark_submit.py:490} INFO - at org.apache.hadoop.fs.FileSystem.get(FileSystem.java:540)
[2023-05-09T04:04:24.948+0000] {spark_submit.py:490} INFO - at org.apache.hadoop.fs.Path.getFileSystem(Path.java:365)
[2023-05-09T04:04:24.948+0000] {spark_submit.py:490} INFO - at org.apache.spark.sql.execution.datasources.DataSource$.$anonfun$checkAndGlobPathIfNecessary$1(DataSource.scala:724)
[2023-05-09T04:04:24.948+0000] {spark_submit.py:490} INFO - at scala.collection.immutable.List.map(List.scala:293)
[2023-05-09T04:04:24.949+0000] {spark_submit.py:490} INFO - at org.apache.spark.sql.execution.datasources.DataSource$.checkAndGlobPathIfNecessary(DataSource.scala:722)
[2023-05-09T04:04:24.949+0000] {spark_submit.py:490} INFO - at org.apache.spark.sql.execution.datasources.DataSource.checkAndGlobPathIfNecessary(DataSource.scala:551)
[2023-05-09T04:04:24.949+0000] {spark_submit.py:490} INFO - at org.apache.spark.sql.execution.datasources.DataSource.resolveRelation(DataSource.scala:404)
[2023-05-09T04:04:24.949+0000] {spark_submit.py:490} INFO - at org.apache.spark.sql.DataFrameReader.loadV1Source(DataFrameReader.scala:229)
[2023-05-09T04:04:24.949+0000] {spark_submit.py:490} INFO - at org.apache.spark.sql.DataFrameReader.$anonfun$load$2(DataFrameReader.scala:211)
[2023-05-09T04:04:24.949+0000] {spark_submit.py:490} INFO - at scala.Option.getOrElse(Option.scala:189)
[2023-05-09T04:04:24.949+0000] {spark_submit.py:490} INFO - at org.apache.spark.sql.DataFrameReader.load(DataFrameReader.scala:211)
[2023-05-09T04:04:24.949+0000] {spark_submit.py:490} INFO - at org.apache.spark.sql.DataFrameReader.load(DataFrameReader.scala:186)
[2023-05-09T04:04:24.950+0000] {spark_submit.py:490} INFO - at java.base/jdk.internal.reflect.NativeMethodAccessorImpl.invoke0(Native Method)
[2023-05-09T04:04:24.950+0000] {spark_submit.py:490} INFO - at java.base/jdk.internal.reflect.NativeMethodAccessorImpl.invoke(NativeMethodAccessorImpl.java:62)
[2023-05-09T04:04:24.950+0000] {spark_submit.py:490} INFO - at java.base/jdk.internal.reflect.DelegatingMethodAccessorImpl.invoke(DelegatingMethodAccessorImpl.java:43)
[2023-05-09T04:04:24.950+0000] {spark_submit.py:490} INFO - at java.base/java.lang.reflect.Method.invoke(Method.java:566)
[2023-05-09T04:04:24.950+0000] {spark_submit.py:490} INFO - at py4j.reflection.MethodInvoker.invoke(MethodInvoker.java:244)
[2023-05-09T04:04:24.950+0000] {spark_submit.py:490} INFO - at py4j.reflection.ReflectionEngine.invoke(ReflectionEngine.java:374)
[2023-05-09T04:04:24.950+0000] {spark_submit.py:490} INFO - at py4j.Gateway.invoke(Gateway.java:282)
[2023-05-09T04:04:24.950+0000] {spark_submit.py:490} INFO - at py4j.commands.AbstractCommand.invokeMethod(AbstractCommand.java:132)
[2023-05-09T04:04:24.951+0000] {spark_submit.py:490} INFO - at py4j.commands.CallCommand.execute(CallCommand.java:79)
[2023-05-09T04:04:24.951+0000] {spark_submit.py:490} INFO - at py4j.ClientServerConnection.waitForCommands(ClientServerConnection.java:182)
[2023-05-09T04:04:24.951+0000] {spark_submit.py:490} INFO - at py4j.ClientServerConnection.run(ClientServerConnection.java:106)
[2023-05-09T04:04:24.951+0000] {spark_submit.py:490} INFO - at java.base/java.lang.Thread.run(Thread.java:834)
[2023-05-09T04:04:24.951+0000] {spark_submit.py:490} INFO - Caused by: java.lang.ClassNotFoundException: Class com.google.cloud.hadoop.fs.gcs.GoogleHadoopFileSystem not found
[2023-05-09T04:04:24.951+0000] {spark_submit.py:490} INFO - at org.apache.hadoop.conf.Configuration.getClassByName(Configuration.java:2592)
[2023-05-09T04:04:24.951+0000] {spark_submit.py:490} INFO - at org.apache.hadoop.conf.Configuration.getClass(Configuration.java:2686)
[2023-05-09T04:04:24.951+0000] {spark_submit.py:490} INFO - ... 29 more
[2023-05-09T04:04:24.952+0000] {spark_submit.py:490} INFO - 
[2023-05-09T04:04:25.086+0000] {spark_submit.py:490} INFO - 23/05/09 04:04:25 INFO SparkContext: Invoking stop() from shutdown hook
[2023-05-09T04:04:25.087+0000] {spark_submit.py:490} INFO - 23/05/09 04:04:25 INFO SparkContext: SparkContext is stopping with exitCode 0.
[2023-05-09T04:04:25.100+0000] {spark_submit.py:490} INFO - 23/05/09 04:04:25 INFO SparkUI: Stopped Spark web UI at http://872098f48f0d:4040
[2023-05-09T04:04:25.106+0000] {spark_submit.py:490} INFO - 23/05/09 04:04:25 INFO StandaloneSchedulerBackend: Shutting down all executors
[2023-05-09T04:04:25.107+0000] {spark_submit.py:490} INFO - 23/05/09 04:04:25 INFO StandaloneSchedulerBackend$StandaloneDriverEndpoint: Asking each executor to shut down
[2023-05-09T04:04:25.140+0000] {spark_submit.py:490} INFO - 23/05/09 04:04:25 INFO MapOutputTrackerMasterEndpoint: MapOutputTrackerMasterEndpoint stopped!
[2023-05-09T04:04:25.168+0000] {spark_submit.py:490} INFO - 23/05/09 04:04:25 INFO MemoryStore: MemoryStore cleared
[2023-05-09T04:04:25.173+0000] {spark_submit.py:490} INFO - 23/05/09 04:04:25 INFO BlockManager: BlockManager stopped
[2023-05-09T04:04:25.177+0000] {spark_submit.py:490} INFO - 23/05/09 04:04:25 INFO BlockManagerMaster: BlockManagerMaster stopped
[2023-05-09T04:04:25.183+0000] {spark_submit.py:490} INFO - 23/05/09 04:04:25 INFO OutputCommitCoordinator$OutputCommitCoordinatorEndpoint: OutputCommitCoordinator stopped!
[2023-05-09T04:04:25.193+0000] {spark_submit.py:490} INFO - 23/05/09 04:04:25 INFO SparkContext: Successfully stopped SparkContext
[2023-05-09T04:04:25.194+0000] {spark_submit.py:490} INFO - 23/05/09 04:04:25 INFO ShutdownHookManager: Shutdown hook called
[2023-05-09T04:04:25.195+0000] {spark_submit.py:490} INFO - 23/05/09 04:04:25 INFO ShutdownHookManager: Deleting directory /tmp/spark-34377e27-d461-487e-b294-7b80e214303a/pyspark-7a5cc449-f7ad-4ce0-bfd3-a209f709c8c0
[2023-05-09T04:04:25.198+0000] {spark_submit.py:490} INFO - 23/05/09 04:04:25 INFO ShutdownHookManager: Deleting directory /tmp/spark-eb58cb8a-cf08-4df4-8f99-0e9cf05fe0c2
[2023-05-09T04:04:25.202+0000] {spark_submit.py:490} INFO - 23/05/09 04:04:25 INFO ShutdownHookManager: Deleting directory /tmp/spark-34377e27-d461-487e-b294-7b80e214303a
[2023-05-09T04:04:25.274+0000] {taskinstance.py:1847} ERROR - Task failed with exception
Traceback (most recent call last):
  File "/home/airflow/.local/lib/python3.9/site-packages/airflow/providers/apache/spark/operators/spark_submit.py", line 157, in execute
    self._hook.submit(self._application)
  File "/home/airflow/.local/lib/python3.9/site-packages/airflow/providers/apache/spark/hooks/spark_submit.py", line 421, in submit
    raise AirflowException(
airflow.exceptions.AirflowException: Cannot execute: spark-submit --master spark://spark:7077 --name arrow-spark --verbose /opt/spark/app/load_data.py. Error code is: 1.
[2023-05-09T04:04:25.278+0000] {taskinstance.py:1368} INFO - Marking task as UP_FOR_RETRY. dag_id=upload_to_gcs, task_id=spark_load_stock_data, execution_date=20230509T040358, start_date=20230509T040400, end_date=20230509T040425
[2023-05-09T04:04:25.292+0000] {standard_task_runner.py:104} ERROR - Failed to execute job 77 for task spark_load_stock_data (Cannot execute: spark-submit --master spark://spark:7077 --name arrow-spark --verbose /opt/spark/app/load_data.py. Error code is: 1.; 2053)
[2023-05-09T04:04:25.328+0000] {local_task_job_runner.py:232} INFO - Task exited with return code 1
[2023-05-09T04:04:25.347+0000] {taskinstance.py:2674} INFO - 0 downstream tasks scheduled from follow-on schedule check
