[2023-06-15T10:06:33.131+0000] {taskinstance.py:1103} INFO - Dependencies all met for dep_context=non-requeueable deps ti=<TaskInstance: upload_to_gcs.spark_load_stock_data backfill__2021-02-11T00:00:00+00:00 [queued]>
[2023-06-15T10:06:33.142+0000] {taskinstance.py:1103} INFO - Dependencies all met for dep_context=requeueable deps ti=<TaskInstance: upload_to_gcs.spark_load_stock_data backfill__2021-02-11T00:00:00+00:00 [queued]>
[2023-06-15T10:06:33.143+0000] {taskinstance.py:1308} INFO - Starting attempt 1 of 2
[2023-06-15T10:06:33.159+0000] {taskinstance.py:1327} INFO - Executing <Task(SparkSubmitOperator): spark_load_stock_data> on 2021-02-11 00:00:00+00:00
[2023-06-15T10:06:33.164+0000] {standard_task_runner.py:57} INFO - Started process 10916 to run task
[2023-06-15T10:06:33.167+0000] {standard_task_runner.py:84} INFO - Running: ['***', 'tasks', 'run', 'upload_to_gcs', 'spark_load_stock_data', 'backfill__2021-02-11T00:00:00+00:00', '--job-id', '439', '--pool', 'default_pool', '--raw', '--subdir', 'DAGS_FOLDER/upload_to_gcs.py', '--cfg-path', '/tmp/tmpg2hjfx1_']
[2023-06-15T10:06:33.167+0000] {standard_task_runner.py:85} INFO - Job 439: Subtask spark_load_stock_data
[2023-06-15T10:06:33.210+0000] {task_command.py:410} INFO - Running <TaskInstance: upload_to_gcs.spark_load_stock_data backfill__2021-02-11T00:00:00+00:00 [running]> on host 69b643fc97df
[2023-06-15T10:06:33.339+0000] {taskinstance.py:1545} INFO - Exporting env vars: AIRFLOW_CTX_DAG_OWNER='***' AIRFLOW_CTX_DAG_ID='upload_to_gcs' AIRFLOW_CTX_TASK_ID='spark_load_stock_data' AIRFLOW_CTX_EXECUTION_DATE='2021-02-11T00:00:00+00:00' AIRFLOW_CTX_TRY_NUMBER='1' AIRFLOW_CTX_DAG_RUN_ID='backfill__2021-02-11T00:00:00+00:00'
[2023-06-15T10:06:33.350+0000] {base.py:73} INFO - Using connection ID 'spark_default' for task execution.
[2023-06-15T10:06:33.352+0000] {spark_submit.py:339} INFO - Spark-Submit cmd: spark-submit --master spark://spark:7077 --name arrow-spark --verbose /opt/spark/app/load_data.py 2021-02-11 2efb4e0c80a041b794abaf4369e76869 dtc-de-382609_bucket
[2023-06-15T10:06:33.371+0000] {spark_submit.py:490} INFO - /opt/***/spark/spark-3.4.0-bin-hadoop3/bin/load-spark-env.sh: line 68: ps: command not found
[2023-06-15T10:06:34.863+0000] {spark_submit.py:490} INFO - Using properties file: null
[2023-06-15T10:06:35.061+0000] {spark_submit.py:490} INFO - Parsed arguments:
[2023-06-15T10:06:35.061+0000] {spark_submit.py:490} INFO - master                  spark://spark:7077
[2023-06-15T10:06:35.061+0000] {spark_submit.py:490} INFO - remote                  null
[2023-06-15T10:06:35.061+0000] {spark_submit.py:490} INFO - deployMode              null
[2023-06-15T10:06:35.062+0000] {spark_submit.py:490} INFO - executorMemory          null
[2023-06-15T10:06:35.062+0000] {spark_submit.py:490} INFO - executorCores           null
[2023-06-15T10:06:35.062+0000] {spark_submit.py:490} INFO - totalExecutorCores      null
[2023-06-15T10:06:35.062+0000] {spark_submit.py:490} INFO - propertiesFile          null
[2023-06-15T10:06:35.062+0000] {spark_submit.py:490} INFO - driverMemory            null
[2023-06-15T10:06:35.062+0000] {spark_submit.py:490} INFO - driverCores             null
[2023-06-15T10:06:35.062+0000] {spark_submit.py:490} INFO - driverExtraClassPath    null
[2023-06-15T10:06:35.063+0000] {spark_submit.py:490} INFO - driverExtraLibraryPath  null
[2023-06-15T10:06:35.063+0000] {spark_submit.py:490} INFO - driverExtraJavaOptions  null
[2023-06-15T10:06:35.063+0000] {spark_submit.py:490} INFO - supervise               false
[2023-06-15T10:06:35.063+0000] {spark_submit.py:490} INFO - queue                   null
[2023-06-15T10:06:35.063+0000] {spark_submit.py:490} INFO - numExecutors            null
[2023-06-15T10:06:35.063+0000] {spark_submit.py:490} INFO - files                   null
[2023-06-15T10:06:35.063+0000] {spark_submit.py:490} INFO - pyFiles                 null
[2023-06-15T10:06:35.064+0000] {spark_submit.py:490} INFO - archives                null
[2023-06-15T10:06:35.064+0000] {spark_submit.py:490} INFO - mainClass               null
[2023-06-15T10:06:35.064+0000] {spark_submit.py:490} INFO - primaryResource         file:/opt/spark/app/load_data.py
[2023-06-15T10:06:35.064+0000] {spark_submit.py:490} INFO - name                    arrow-spark
[2023-06-15T10:06:35.064+0000] {spark_submit.py:490} INFO - childArgs               [2021-02-11 2efb4e0c80a041b794abaf4369e76869 dtc-de-382609_bucket]
[2023-06-15T10:06:35.064+0000] {spark_submit.py:490} INFO - jars                    null
[2023-06-15T10:06:35.064+0000] {spark_submit.py:490} INFO - packages                null
[2023-06-15T10:06:35.065+0000] {spark_submit.py:490} INFO - packagesExclusions      null
[2023-06-15T10:06:35.065+0000] {spark_submit.py:490} INFO - repositories            null
[2023-06-15T10:06:35.065+0000] {spark_submit.py:490} INFO - verbose                 true
[2023-06-15T10:06:35.065+0000] {spark_submit.py:490} INFO - 
[2023-06-15T10:06:35.065+0000] {spark_submit.py:490} INFO - Spark properties used, including those specified through
[2023-06-15T10:06:35.065+0000] {spark_submit.py:490} INFO - --conf and those from the properties file null:
[2023-06-15T10:06:35.065+0000] {spark_submit.py:490} INFO - 
[2023-06-15T10:06:35.066+0000] {spark_submit.py:490} INFO - 
[2023-06-15T10:06:35.066+0000] {spark_submit.py:490} INFO - 
[2023-06-15T10:06:35.401+0000] {spark_submit.py:490} INFO - Main class:
[2023-06-15T10:06:35.401+0000] {spark_submit.py:490} INFO - org.apache.spark.deploy.PythonRunner
[2023-06-15T10:06:35.401+0000] {spark_submit.py:490} INFO - Arguments:
[2023-06-15T10:06:35.402+0000] {spark_submit.py:490} INFO - file:/opt/spark/app/load_data.py
[2023-06-15T10:06:35.402+0000] {spark_submit.py:490} INFO - null
[2023-06-15T10:06:35.402+0000] {spark_submit.py:490} INFO - 2021-02-11
[2023-06-15T10:06:35.402+0000] {spark_submit.py:490} INFO - 2efb4e0c80a041b794abaf4369e76869
[2023-06-15T10:06:35.402+0000] {spark_submit.py:490} INFO - dtc-de-382609_bucket
[2023-06-15T10:06:35.405+0000] {spark_submit.py:490} INFO - Spark config:
[2023-06-15T10:06:35.405+0000] {spark_submit.py:490} INFO - (spark.app.name,arrow-spark)
[2023-06-15T10:06:35.405+0000] {spark_submit.py:490} INFO - (spark.app.submitTime,1686823595374)
[2023-06-15T10:06:35.405+0000] {spark_submit.py:490} INFO - (spark.master,spark://spark:7077)
[2023-06-15T10:06:35.406+0000] {spark_submit.py:490} INFO - (spark.submit.deployMode,client)
[2023-06-15T10:06:35.406+0000] {spark_submit.py:490} INFO - (spark.submit.pyFiles,)
[2023-06-15T10:06:35.406+0000] {spark_submit.py:490} INFO - Classpath elements:
[2023-06-15T10:06:35.406+0000] {spark_submit.py:490} INFO - 
[2023-06-15T10:06:35.406+0000] {spark_submit.py:490} INFO - 
[2023-06-15T10:06:35.406+0000] {spark_submit.py:490} INFO - 
[2023-06-15T10:06:36.771+0000] {spark_submit.py:490} INFO - 23/06/15 10:06:36 INFO SparkContext: Running Spark version 3.4.0
[2023-06-15T10:06:36.845+0000] {spark_submit.py:490} INFO - 23/06/15 10:06:36 WARN NativeCodeLoader: Unable to load native-hadoop library for your platform... using builtin-java classes where applicable
[2023-06-15T10:06:36.999+0000] {spark_submit.py:490} INFO - 23/06/15 10:06:36 INFO ResourceUtils: ==============================================================
[2023-06-15T10:06:36.999+0000] {spark_submit.py:490} INFO - 23/06/15 10:06:36 INFO ResourceUtils: No custom resources configured for spark.driver.
[2023-06-15T10:06:37.000+0000] {spark_submit.py:490} INFO - 23/06/15 10:06:37 INFO ResourceUtils: ==============================================================
[2023-06-15T10:06:37.001+0000] {spark_submit.py:490} INFO - 23/06/15 10:06:37 INFO SparkContext: Submitted application: SparkUploadData
[2023-06-15T10:06:37.032+0000] {spark_submit.py:490} INFO - 23/06/15 10:06:37 INFO ResourceProfile: Default ResourceProfile created, executor resources: Map(memory -> name: memory, amount: 1024, script: , vendor: , offHeap -> name: offHeap, amount: 0, script: , vendor: ), task resources: Map(cpus -> name: cpus, amount: 1.0)
[2023-06-15T10:06:37.045+0000] {spark_submit.py:490} INFO - 23/06/15 10:06:37 INFO ResourceProfile: Limiting resource is cpu
[2023-06-15T10:06:37.046+0000] {spark_submit.py:490} INFO - 23/06/15 10:06:37 INFO ResourceProfileManager: Added ResourceProfile id: 0
[2023-06-15T10:06:37.108+0000] {spark_submit.py:490} INFO - 23/06/15 10:06:37 INFO SecurityManager: Changing view acls to: default
[2023-06-15T10:06:37.109+0000] {spark_submit.py:490} INFO - 23/06/15 10:06:37 INFO SecurityManager: Changing modify acls to: default
[2023-06-15T10:06:37.109+0000] {spark_submit.py:490} INFO - 23/06/15 10:06:37 INFO SecurityManager: Changing view acls groups to:
[2023-06-15T10:06:37.110+0000] {spark_submit.py:490} INFO - 23/06/15 10:06:37 INFO SecurityManager: Changing modify acls groups to:
[2023-06-15T10:06:37.110+0000] {spark_submit.py:490} INFO - 23/06/15 10:06:37 INFO SecurityManager: SecurityManager: authentication disabled; ui acls disabled; users with view permissions: default; groups with view permissions: EMPTY; users with modify permissions: default; groups with modify permissions: EMPTY
[2023-06-15T10:06:37.447+0000] {spark_submit.py:490} INFO - 23/06/15 10:06:37 INFO Utils: Successfully started service 'sparkDriver' on port 42763.
[2023-06-15T10:06:37.482+0000] {spark_submit.py:490} INFO - 23/06/15 10:06:37 INFO SparkEnv: Registering MapOutputTracker
[2023-06-15T10:06:37.526+0000] {spark_submit.py:490} INFO - 23/06/15 10:06:37 INFO SparkEnv: Registering BlockManagerMaster
[2023-06-15T10:06:37.553+0000] {spark_submit.py:490} INFO - 23/06/15 10:06:37 INFO BlockManagerMasterEndpoint: Using org.apache.spark.storage.DefaultTopologyMapper for getting topology information
[2023-06-15T10:06:37.553+0000] {spark_submit.py:490} INFO - 23/06/15 10:06:37 INFO BlockManagerMasterEndpoint: BlockManagerMasterEndpoint up
[2023-06-15T10:06:37.557+0000] {spark_submit.py:490} INFO - 23/06/15 10:06:37 INFO SparkEnv: Registering BlockManagerMasterHeartbeat
[2023-06-15T10:06:37.581+0000] {spark_submit.py:490} INFO - 23/06/15 10:06:37 INFO DiskBlockManager: Created local directory at /tmp/blockmgr-a8c28964-b226-4821-857f-da4b8398b8a5
[2023-06-15T10:06:37.599+0000] {spark_submit.py:490} INFO - 23/06/15 10:06:37 INFO MemoryStore: MemoryStore started with capacity 434.4 MiB
[2023-06-15T10:06:37.616+0000] {spark_submit.py:490} INFO - 23/06/15 10:06:37 INFO SparkEnv: Registering OutputCommitCoordinator
[2023-06-15T10:06:37.793+0000] {spark_submit.py:490} INFO - 23/06/15 10:06:37 INFO JettyUtils: Start Jetty 0.0.0.0:4040 for SparkUI
[2023-06-15T10:06:37.868+0000] {spark_submit.py:490} INFO - 23/06/15 10:06:37 INFO Utils: Successfully started service 'SparkUI' on port 4040.
[2023-06-15T10:06:38.028+0000] {spark_submit.py:490} INFO - 23/06/15 10:06:38 INFO StandaloneAppClient$ClientEndpoint: Connecting to master spark://spark:7077...
[2023-06-15T10:06:38.068+0000] {spark_submit.py:490} INFO - 23/06/15 10:06:38 INFO TransportClientFactory: Successfully created connection to spark/172.27.0.3:7077 after 25 ms (0 ms spent in bootstraps)
[2023-06-15T10:06:38.140+0000] {spark_submit.py:490} INFO - 23/06/15 10:06:38 INFO StandaloneSchedulerBackend: Connected to Spark cluster with app ID app-20230615100638-0041
[2023-06-15T10:06:38.142+0000] {spark_submit.py:490} INFO - 23/06/15 10:06:38 INFO StandaloneAppClient$ClientEndpoint: Executor added: app-20230615100638-0041/0 on worker-20230615091312-172.27.0.2-45907 (172.27.0.2:45907) with 2 core(s)
[2023-06-15T10:06:38.144+0000] {spark_submit.py:490} INFO - 23/06/15 10:06:38 INFO StandaloneSchedulerBackend: Granted executor ID app-20230615100638-0041/0 on hostPort 172.27.0.2:45907 with 2 core(s), 1024.0 MiB RAM
[2023-06-15T10:06:38.149+0000] {spark_submit.py:490} INFO - 23/06/15 10:06:38 INFO Utils: Successfully started service 'org.apache.spark.network.netty.NettyBlockTransferService' on port 34463.
[2023-06-15T10:06:38.150+0000] {spark_submit.py:490} INFO - 23/06/15 10:06:38 INFO NettyBlockTransferService: Server created on 69b643fc97df:34463
[2023-06-15T10:06:38.153+0000] {spark_submit.py:490} INFO - 23/06/15 10:06:38 INFO BlockManager: Using org.apache.spark.storage.RandomBlockReplicationPolicy for block replication policy
[2023-06-15T10:06:38.172+0000] {spark_submit.py:490} INFO - 23/06/15 10:06:38 INFO BlockManagerMaster: Registering BlockManager BlockManagerId(driver, 69b643fc97df, 34463, None)
[2023-06-15T10:06:38.177+0000] {spark_submit.py:490} INFO - 23/06/15 10:06:38 INFO BlockManagerMasterEndpoint: Registering block manager 69b643fc97df:34463 with 434.4 MiB RAM, BlockManagerId(driver, 69b643fc97df, 34463, None)
[2023-06-15T10:06:38.182+0000] {spark_submit.py:490} INFO - 23/06/15 10:06:38 INFO BlockManagerMaster: Registered BlockManager BlockManagerId(driver, 69b643fc97df, 34463, None)
[2023-06-15T10:06:38.185+0000] {spark_submit.py:490} INFO - 23/06/15 10:06:38 INFO BlockManager: Initialized BlockManager: BlockManagerId(driver, 69b643fc97df, 34463, None)
[2023-06-15T10:06:38.186+0000] {spark_submit.py:490} INFO - 23/06/15 10:06:38 INFO StandaloneAppClient$ClientEndpoint: Executor updated: app-20230615100638-0041/0 is now RUNNING
[2023-06-15T10:06:38.414+0000] {spark_submit.py:490} INFO - 23/06/15 10:06:38 INFO StandaloneSchedulerBackend: SchedulerBackend is ready for scheduling beginning after reached minRegisteredResourcesRatio: 0.0
[2023-06-15T10:06:40.140+0000] {spark_submit.py:490} INFO - 23/06/15 10:06:40 INFO SharedState: Setting hive.metastore.warehouse.dir ('null') to the value of spark.sql.warehouse.dir.
[2023-06-15T10:06:40.156+0000] {spark_submit.py:490} INFO - 23/06/15 10:06:40 INFO SharedState: Warehouse path is 'file:/opt/***/spark-warehouse'.
[2023-06-15T10:06:41.443+0000] {spark_submit.py:490} INFO - 23/06/15 10:06:41 INFO StandaloneSchedulerBackend$StandaloneDriverEndpoint: Registered executor NettyRpcEndpointRef(spark-client://Executor) (172.27.0.2:54098) with ID 0,  ResourceProfileId 0
[2023-06-15T10:06:41.544+0000] {spark_submit.py:490} INFO - 23/06/15 10:06:41 INFO BlockManagerMasterEndpoint: Registering block manager 172.27.0.2:41531 with 434.4 MiB RAM, BlockManagerId(0, 172.27.0.2, 41531, None)
[2023-06-15T10:06:44.825+0000] {spark_submit.py:490} INFO - {'meta': {'symbol': 'AAPL', 'interval': '1h', 'currency': 'USD', 'exchange_timezone': 'America/New_York', 'exchange': 'NASDAQ', 'mic_code': 'XNGS', 'type': 'Common Stock'}, 'values': [{'datetime': '2021-02-11 15:30:00', 'open': '134.75999', 'high': '135.28000', 'low': '134.61000', 'close': '135.12000', 'volume': '5778493'}, {'datetime': '2021-02-11 14:30:00', 'open': '134.04930', 'high': '134.92000', 'low': '133.98000', 'close': '134.75500', 'volume': '6435601'}, {'datetime': '2021-02-11 13:30:00', 'open': '134.28500', 'high': '134.39000', 'low': '133.77229', 'close': '134.04010', 'volume': '7545889'}, {'datetime': '2021-02-11 12:30:00', 'open': '134.08000', 'high': '134.44000', 'low': '133.88000', 'close': '134.28500', 'volume': '7779293'}, {'datetime': '2021-02-11 11:30:00', 'open': '135.03380', 'high': '135.22000', 'low': '134.03999', 'close': '134.06500', 'volume': '7773569'}, {'datetime': '2021-02-11 10:30:00', 'open': '135.27000', 'high': '135.53990', 'low': '134.95000', 'close': '135.03889', 'volume': '6906026'}, {'datetime': '2021-02-11 09:30:00', 'open': '135.87300', 'high': '136.39000', 'low': '134.92000', 'close': '135.27100', 'volume': '16531719'}], 'status': 'ok'}
[2023-06-15T10:06:45.688+0000] {spark_submit.py:490} INFO - 23/06/15 10:06:45 INFO CodeGenerator: Code generated in 227.754342 ms
[2023-06-15T10:06:45.782+0000] {spark_submit.py:490} INFO - 23/06/15 10:06:45 INFO SparkContext: Starting job: json at NativeMethodAccessorImpl.java:0
[2023-06-15T10:06:45.805+0000] {spark_submit.py:490} INFO - 23/06/15 10:06:45 INFO DAGScheduler: Got job 0 (json at NativeMethodAccessorImpl.java:0) with 2 output partitions
[2023-06-15T10:06:45.806+0000] {spark_submit.py:490} INFO - 23/06/15 10:06:45 INFO DAGScheduler: Final stage: ResultStage 0 (json at NativeMethodAccessorImpl.java:0)
[2023-06-15T10:06:45.807+0000] {spark_submit.py:490} INFO - 23/06/15 10:06:45 INFO DAGScheduler: Parents of final stage: List()
[2023-06-15T10:06:45.810+0000] {spark_submit.py:490} INFO - 23/06/15 10:06:45 INFO DAGScheduler: Missing parents: List()
[2023-06-15T10:06:45.815+0000] {spark_submit.py:490} INFO - 23/06/15 10:06:45 INFO DAGScheduler: Submitting ResultStage 0 (MapPartitionsRDD[11] at json at NativeMethodAccessorImpl.java:0), which has no missing parents
[2023-06-15T10:06:45.953+0000] {spark_submit.py:490} INFO - 23/06/15 10:06:45 INFO MemoryStore: Block broadcast_0 stored as values in memory (estimated size 19.8 KiB, free 434.4 MiB)
[2023-06-15T10:06:45.983+0000] {spark_submit.py:490} INFO - 23/06/15 10:06:45 INFO MemoryStore: Block broadcast_0_piece0 stored as bytes in memory (estimated size 9.7 KiB, free 434.4 MiB)
[2023-06-15T10:06:45.986+0000] {spark_submit.py:490} INFO - 23/06/15 10:06:45 INFO BlockManagerInfo: Added broadcast_0_piece0 in memory on 69b643fc97df:34463 (size: 9.7 KiB, free: 434.4 MiB)
[2023-06-15T10:06:45.990+0000] {spark_submit.py:490} INFO - 23/06/15 10:06:45 INFO SparkContext: Created broadcast 0 from broadcast at DAGScheduler.scala:1535
[2023-06-15T10:06:46.001+0000] {spark_submit.py:490} INFO - 23/06/15 10:06:46 INFO DAGScheduler: Submitting 2 missing tasks from ResultStage 0 (MapPartitionsRDD[11] at json at NativeMethodAccessorImpl.java:0) (first 15 tasks are for partitions Vector(0, 1))
[2023-06-15T10:06:46.002+0000] {spark_submit.py:490} INFO - 23/06/15 10:06:46 INFO TaskSchedulerImpl: Adding task set 0.0 with 2 tasks resource profile 0
[2023-06-15T10:06:46.034+0000] {spark_submit.py:490} INFO - 23/06/15 10:06:46 INFO TaskSetManager: Starting task 0.0 in stage 0.0 (TID 0) (172.27.0.2, executor 0, partition 0, PROCESS_LOCAL, 7347 bytes)
[2023-06-15T10:06:46.037+0000] {spark_submit.py:490} INFO - 23/06/15 10:06:46 INFO TaskSetManager: Starting task 1.0 in stage 0.0 (TID 1) (172.27.0.2, executor 0, partition 1, PROCESS_LOCAL, 8085 bytes)
[2023-06-15T10:06:46.269+0000] {spark_submit.py:490} INFO - 23/06/15 10:06:46 INFO BlockManagerInfo: Added broadcast_0_piece0 in memory on 172.27.0.2:41531 (size: 9.7 KiB, free: 434.4 MiB)
[2023-06-15T10:06:47.834+0000] {spark_submit.py:490} INFO - 23/06/15 10:06:47 INFO TaskSetManager: Finished task 1.0 in stage 0.0 (TID 1) in 1796 ms on 172.27.0.2 (executor 0) (1/2)
[2023-06-15T10:06:47.836+0000] {spark_submit.py:490} INFO - 23/06/15 10:06:47 INFO TaskSetManager: Finished task 0.0 in stage 0.0 (TID 0) in 1813 ms on 172.27.0.2 (executor 0) (2/2)
[2023-06-15T10:06:47.838+0000] {spark_submit.py:490} INFO - 23/06/15 10:06:47 INFO TaskSchedulerImpl: Removed TaskSet 0.0, whose tasks have all completed, from pool
[2023-06-15T10:06:47.844+0000] {spark_submit.py:490} INFO - 23/06/15 10:06:47 INFO PythonAccumulatorV2: Connected to AccumulatorServer at host: 127.0.0.1 port: 39791
[2023-06-15T10:06:47.852+0000] {spark_submit.py:490} INFO - 23/06/15 10:06:47 INFO DAGScheduler: ResultStage 0 (json at NativeMethodAccessorImpl.java:0) finished in 2.018 s
[2023-06-15T10:06:47.855+0000] {spark_submit.py:490} INFO - 23/06/15 10:06:47 INFO DAGScheduler: Job 0 is finished. Cancelling potential speculative or zombie tasks for this job
[2023-06-15T10:06:47.855+0000] {spark_submit.py:490} INFO - 23/06/15 10:06:47 INFO TaskSchedulerImpl: Killing all running tasks in stage 0: Stage finished
[2023-06-15T10:06:47.857+0000] {spark_submit.py:490} INFO - 23/06/15 10:06:47 INFO DAGScheduler: Job 0 finished: json at NativeMethodAccessorImpl.java:0, took 2.074507 s
[2023-06-15T10:06:49.434+0000] {spark_submit.py:490} INFO - {'meta': {'symbol': 'MSFT', 'interval': '1h', 'currency': 'USD', 'exchange_timezone': 'America/New_York', 'exchange': 'NASDAQ', 'mic_code': 'XNGS', 'type': 'Common Stock'}, 'values': [{'datetime': '2021-02-11 15:30:00', 'open': '243.62000', 'high': '244.75000', 'low': '243.41000', 'close': '244.52000', 'volume': '2243363'}, {'datetime': '2021-02-11 14:30:00', 'open': '242.75999', 'high': '243.80000', 'low': '242.75999', 'close': '243.60001', 'volume': '1249454'}, {'datetime': '2021-02-11 13:30:00', 'open': '243.09000', 'high': '243.50000', 'low': '242.17000', 'close': '242.75999', 'volume': '1305077'}, {'datetime': '2021-02-11 12:30:00', 'open': '242.73000', 'high': '243.28000', 'low': '242.19000', 'close': '243.07001', 'volume': '1238959'}, {'datetime': '2021-02-11 11:30:00', 'open': '243.42010', 'high': '243.82001', 'low': '242.64011', 'close': '242.64011', 'volume': '1396330'}, {'datetime': '2021-02-11 10:30:00', 'open': '243.11000', 'high': '243.84000', 'low': '242.64000', 'close': '243.42500', 'volume': '1668207'}, {'datetime': '2021-02-11 09:30:00', 'open': '244.62000', 'high': '245.14999', 'low': '242.60001', 'close': '243.14639', 'volume': '3510496'}], 'status': 'ok'}
[2023-06-15T10:06:49.529+0000] {spark_submit.py:490} INFO - 23/06/15 10:06:49 INFO SparkContext: Starting job: json at NativeMethodAccessorImpl.java:0
[2023-06-15T10:06:49.531+0000] {spark_submit.py:490} INFO - 23/06/15 10:06:49 INFO DAGScheduler: Got job 1 (json at NativeMethodAccessorImpl.java:0) with 2 output partitions
[2023-06-15T10:06:49.531+0000] {spark_submit.py:490} INFO - 23/06/15 10:06:49 INFO DAGScheduler: Final stage: ResultStage 1 (json at NativeMethodAccessorImpl.java:0)
[2023-06-15T10:06:49.531+0000] {spark_submit.py:490} INFO - 23/06/15 10:06:49 INFO DAGScheduler: Parents of final stage: List()
[2023-06-15T10:06:49.531+0000] {spark_submit.py:490} INFO - 23/06/15 10:06:49 INFO DAGScheduler: Missing parents: List()
[2023-06-15T10:06:49.532+0000] {spark_submit.py:490} INFO - 23/06/15 10:06:49 INFO DAGScheduler: Submitting ResultStage 1 (MapPartitionsRDD[22] at json at NativeMethodAccessorImpl.java:0), which has no missing parents
[2023-06-15T10:06:49.538+0000] {spark_submit.py:490} INFO - 23/06/15 10:06:49 INFO MemoryStore: Block broadcast_1 stored as values in memory (estimated size 19.8 KiB, free 434.4 MiB)
[2023-06-15T10:06:49.541+0000] {spark_submit.py:490} INFO - 23/06/15 10:06:49 INFO MemoryStore: Block broadcast_1_piece0 stored as bytes in memory (estimated size 9.7 KiB, free 434.3 MiB)
[2023-06-15T10:06:49.542+0000] {spark_submit.py:490} INFO - 23/06/15 10:06:49 INFO BlockManagerInfo: Added broadcast_1_piece0 in memory on 69b643fc97df:34463 (size: 9.7 KiB, free: 434.4 MiB)
[2023-06-15T10:06:49.542+0000] {spark_submit.py:490} INFO - 23/06/15 10:06:49 INFO SparkContext: Created broadcast 1 from broadcast at DAGScheduler.scala:1535
[2023-06-15T10:06:49.543+0000] {spark_submit.py:490} INFO - 23/06/15 10:06:49 INFO DAGScheduler: Submitting 2 missing tasks from ResultStage 1 (MapPartitionsRDD[22] at json at NativeMethodAccessorImpl.java:0) (first 15 tasks are for partitions Vector(0, 1))
[2023-06-15T10:06:49.543+0000] {spark_submit.py:490} INFO - 23/06/15 10:06:49 INFO TaskSchedulerImpl: Adding task set 1.0 with 2 tasks resource profile 0
[2023-06-15T10:06:49.545+0000] {spark_submit.py:490} INFO - 23/06/15 10:06:49 INFO TaskSetManager: Starting task 0.0 in stage 1.0 (TID 2) (172.27.0.2, executor 0, partition 0, PROCESS_LOCAL, 7347 bytes)
[2023-06-15T10:06:49.546+0000] {spark_submit.py:490} INFO - 23/06/15 10:06:49 INFO TaskSetManager: Starting task 1.0 in stage 1.0 (TID 3) (172.27.0.2, executor 0, partition 1, PROCESS_LOCAL, 8084 bytes)
[2023-06-15T10:06:49.565+0000] {spark_submit.py:490} INFO - 23/06/15 10:06:49 INFO BlockManagerInfo: Added broadcast_1_piece0 in memory on 172.27.0.2:41531 (size: 9.7 KiB, free: 434.4 MiB)
[2023-06-15T10:06:49.638+0000] {spark_submit.py:490} INFO - 23/06/15 10:06:49 INFO TaskSetManager: Finished task 1.0 in stage 1.0 (TID 3) in 93 ms on 172.27.0.2 (executor 0) (1/2)
[2023-06-15T10:06:49.641+0000] {spark_submit.py:490} INFO - 23/06/15 10:06:49 INFO TaskSetManager: Finished task 0.0 in stage 1.0 (TID 2) in 96 ms on 172.27.0.2 (executor 0) (2/2)
[2023-06-15T10:06:49.642+0000] {spark_submit.py:490} INFO - 23/06/15 10:06:49 INFO TaskSchedulerImpl: Removed TaskSet 1.0, whose tasks have all completed, from pool
[2023-06-15T10:06:49.643+0000] {spark_submit.py:490} INFO - 23/06/15 10:06:49 INFO DAGScheduler: ResultStage 1 (json at NativeMethodAccessorImpl.java:0) finished in 0.108 s
[2023-06-15T10:06:49.643+0000] {spark_submit.py:490} INFO - 23/06/15 10:06:49 INFO DAGScheduler: Job 1 is finished. Cancelling potential speculative or zombie tasks for this job
[2023-06-15T10:06:49.643+0000] {spark_submit.py:490} INFO - 23/06/15 10:06:49 INFO TaskSchedulerImpl: Killing all running tasks in stage 1: Stage finished
[2023-06-15T10:06:49.644+0000] {spark_submit.py:490} INFO - 23/06/15 10:06:49 INFO DAGScheduler: Job 1 finished: json at NativeMethodAccessorImpl.java:0, took 0.114127 s
[2023-06-15T10:06:51.085+0000] {spark_submit.py:490} INFO - {'meta': {'symbol': 'GOOG', 'interval': '1h', 'currency': 'USD', 'exchange_timezone': 'America/New_York', 'exchange': 'NASDAQ', 'mic_code': 'XNGS', 'type': 'Common Stock'}, 'values': [{'datetime': '2021-02-11 15:30:00', 'open': '2093.33008', 'high': '2098.71509', 'low': '2089.68994', 'close': '2095.88989', 'volume': '190155'}, {'datetime': '2021-02-11 14:30:00', 'open': '2085.63501', 'high': '2094.98999', 'low': '2083.00000', 'close': '2093.33008', 'volume': '90242'}, {'datetime': '2021-02-11 13:30:00', 'open': '2088.71411', 'high': '2093.02002', 'low': '2081.29004', 'close': '2085.81006', 'volume': '72097'}, {'datetime': '2021-02-11 12:30:00', 'open': '2082.23999', 'high': '2090.87988', 'low': '2079.00000', 'close': '2089.43994', 'volume': '89660'}, {'datetime': '2021-02-11 11:30:00', 'open': '2088.84009', 'high': '2094.28003', 'low': '2081.91992', 'close': '2082.57007', 'volume': '88532'}, {'datetime': '2021-02-11 10:30:00', 'open': '2080.00000', 'high': '2089.15503', 'low': '2077.32007', 'close': '2088.37988', 'volume': '110356'}, {'datetime': '2021-02-11 09:30:00', 'open': '2100.00000', 'high': '2102.03003', 'low': '2078.00000', 'close': '2078.00000', 'volume': '235061'}], 'status': 'ok'}
[2023-06-15T10:06:51.164+0000] {spark_submit.py:490} INFO - 23/06/15 10:06:51 INFO SparkContext: Starting job: json at NativeMethodAccessorImpl.java:0
[2023-06-15T10:06:51.165+0000] {spark_submit.py:490} INFO - 23/06/15 10:06:51 INFO DAGScheduler: Got job 2 (json at NativeMethodAccessorImpl.java:0) with 2 output partitions
[2023-06-15T10:06:51.165+0000] {spark_submit.py:490} INFO - 23/06/15 10:06:51 INFO DAGScheduler: Final stage: ResultStage 2 (json at NativeMethodAccessorImpl.java:0)
[2023-06-15T10:06:51.165+0000] {spark_submit.py:490} INFO - 23/06/15 10:06:51 INFO DAGScheduler: Parents of final stage: List()
[2023-06-15T10:06:51.166+0000] {spark_submit.py:490} INFO - 23/06/15 10:06:51 INFO DAGScheduler: Missing parents: List()
[2023-06-15T10:06:51.167+0000] {spark_submit.py:490} INFO - 23/06/15 10:06:51 INFO DAGScheduler: Submitting ResultStage 2 (MapPartitionsRDD[33] at json at NativeMethodAccessorImpl.java:0), which has no missing parents
[2023-06-15T10:06:51.171+0000] {spark_submit.py:490} INFO - 23/06/15 10:06:51 INFO MemoryStore: Block broadcast_2 stored as values in memory (estimated size 19.8 KiB, free 434.3 MiB)
[2023-06-15T10:06:51.174+0000] {spark_submit.py:490} INFO - 23/06/15 10:06:51 INFO MemoryStore: Block broadcast_2_piece0 stored as bytes in memory (estimated size 9.7 KiB, free 434.3 MiB)
[2023-06-15T10:06:51.176+0000] {spark_submit.py:490} INFO - 23/06/15 10:06:51 INFO BlockManagerInfo: Added broadcast_2_piece0 in memory on 69b643fc97df:34463 (size: 9.7 KiB, free: 434.4 MiB)
[2023-06-15T10:06:51.176+0000] {spark_submit.py:490} INFO - 23/06/15 10:06:51 INFO SparkContext: Created broadcast 2 from broadcast at DAGScheduler.scala:1535
[2023-06-15T10:06:51.177+0000] {spark_submit.py:490} INFO - 23/06/15 10:06:51 INFO DAGScheduler: Submitting 2 missing tasks from ResultStage 2 (MapPartitionsRDD[33] at json at NativeMethodAccessorImpl.java:0) (first 15 tasks are for partitions Vector(0, 1))
[2023-06-15T10:06:51.177+0000] {spark_submit.py:490} INFO - 23/06/15 10:06:51 INFO TaskSchedulerImpl: Adding task set 2.0 with 2 tasks resource profile 0
[2023-06-15T10:06:51.179+0000] {spark_submit.py:490} INFO - 23/06/15 10:06:51 INFO TaskSetManager: Starting task 0.0 in stage 2.0 (TID 4) (172.27.0.2, executor 0, partition 0, PROCESS_LOCAL, 7347 bytes)
[2023-06-15T10:06:51.179+0000] {spark_submit.py:490} INFO - 23/06/15 10:06:51 INFO TaskSetManager: Starting task 1.0 in stage 2.0 (TID 5) (172.27.0.2, executor 0, partition 1, PROCESS_LOCAL, 8101 bytes)
[2023-06-15T10:06:51.197+0000] {spark_submit.py:490} INFO - 23/06/15 10:06:51 INFO BlockManagerInfo: Added broadcast_2_piece0 in memory on 172.27.0.2:41531 (size: 9.7 KiB, free: 434.4 MiB)
[2023-06-15T10:06:51.268+0000] {spark_submit.py:490} INFO - 23/06/15 10:06:51 INFO TaskSetManager: Finished task 0.0 in stage 2.0 (TID 4) in 89 ms on 172.27.0.2 (executor 0) (1/2)
[2023-06-15T10:06:51.271+0000] {spark_submit.py:490} INFO - 23/06/15 10:06:51 INFO TaskSetManager: Finished task 1.0 in stage 2.0 (TID 5) in 91 ms on 172.27.0.2 (executor 0) (2/2)
[2023-06-15T10:06:51.271+0000] {spark_submit.py:490} INFO - 23/06/15 10:06:51 INFO TaskSchedulerImpl: Removed TaskSet 2.0, whose tasks have all completed, from pool
[2023-06-15T10:06:51.274+0000] {spark_submit.py:490} INFO - 23/06/15 10:06:51 INFO DAGScheduler: ResultStage 2 (json at NativeMethodAccessorImpl.java:0) finished in 0.105 s
[2023-06-15T10:06:51.276+0000] {spark_submit.py:490} INFO - 23/06/15 10:06:51 INFO DAGScheduler: Job 2 is finished. Cancelling potential speculative or zombie tasks for this job
[2023-06-15T10:06:51.276+0000] {spark_submit.py:490} INFO - 23/06/15 10:06:51 INFO TaskSchedulerImpl: Killing all running tasks in stage 2: Stage finished
[2023-06-15T10:06:51.278+0000] {spark_submit.py:490} INFO - 23/06/15 10:06:51 INFO DAGScheduler: Job 2 finished: json at NativeMethodAccessorImpl.java:0, took 0.113657 s
[2023-06-15T10:06:52.516+0000] {spark_submit.py:490} INFO - {'meta': {'symbol': 'AMZN', 'interval': '1h', 'currency': 'USD', 'exchange_timezone': 'America/New_York', 'exchange': 'NASDAQ', 'mic_code': 'XNGS', 'type': 'Common Stock'}, 'values': [{'datetime': '2021-02-11 15:30:00', 'open': '3256.14990', 'high': '3262.94995', 'low': '3251.47998', 'close': '3262.12988', 'volume': '283176'}, {'datetime': '2021-02-11 14:30:00', 'open': '3250.53491', 'high': '3258.97998', 'low': '3249.70996', 'close': '3255.75000', 'volume': '273484'}, {'datetime': '2021-02-11 13:30:00', 'open': '3263.56836', 'high': '3263.56836', 'low': '3248.43311', 'close': '3250.00000', 'volume': '261457'}, {'datetime': '2021-02-11 12:30:00', 'open': '3260.64990', 'high': '3266.61011', 'low': '3253.17578', 'close': '3263.27002', 'volume': '242931'}, {'datetime': '2021-02-11 11:30:00', 'open': '3274.96997', 'high': '3279.53003', 'low': '3258.12988', 'close': '3260.64990', 'volume': '259622'}, {'datetime': '2021-02-11 10:30:00', 'open': '3267.28003', 'high': '3282.00000', 'low': '3265.08008', 'close': '3275.03003', 'volume': '258038'}, {'datetime': '2021-02-11 09:30:00', 'open': '3291.95996', 'high': '3292.00000', 'low': '3265.12012', 'close': '3266.30005', 'volume': '541188'}], 'status': 'ok'}
[2023-06-15T10:06:52.583+0000] {spark_submit.py:490} INFO - 23/06/15 10:06:52 INFO SparkContext: Starting job: json at NativeMethodAccessorImpl.java:0
[2023-06-15T10:06:52.584+0000] {spark_submit.py:490} INFO - 23/06/15 10:06:52 INFO DAGScheduler: Got job 3 (json at NativeMethodAccessorImpl.java:0) with 2 output partitions
[2023-06-15T10:06:52.585+0000] {spark_submit.py:490} INFO - 23/06/15 10:06:52 INFO DAGScheduler: Final stage: ResultStage 3 (json at NativeMethodAccessorImpl.java:0)
[2023-06-15T10:06:52.585+0000] {spark_submit.py:490} INFO - 23/06/15 10:06:52 INFO DAGScheduler: Parents of final stage: List()
[2023-06-15T10:06:52.585+0000] {spark_submit.py:490} INFO - 23/06/15 10:06:52 INFO DAGScheduler: Missing parents: List()
[2023-06-15T10:06:52.588+0000] {spark_submit.py:490} INFO - 23/06/15 10:06:52 INFO DAGScheduler: Submitting ResultStage 3 (MapPartitionsRDD[44] at json at NativeMethodAccessorImpl.java:0), which has no missing parents
[2023-06-15T10:06:52.611+0000] {spark_submit.py:490} INFO - 23/06/15 10:06:52 INFO MemoryStore: Block broadcast_3 stored as values in memory (estimated size 19.8 KiB, free 434.3 MiB)
[2023-06-15T10:06:52.620+0000] {spark_submit.py:490} INFO - 23/06/15 10:06:52 INFO MemoryStore: Block broadcast_3_piece0 stored as bytes in memory (estimated size 9.7 KiB, free 434.3 MiB)
[2023-06-15T10:06:52.620+0000] {spark_submit.py:490} INFO - 23/06/15 10:06:52 INFO BlockManagerInfo: Added broadcast_3_piece0 in memory on 69b643fc97df:34463 (size: 9.7 KiB, free: 434.4 MiB)
[2023-06-15T10:06:52.620+0000] {spark_submit.py:490} INFO - 23/06/15 10:06:52 INFO SparkContext: Created broadcast 3 from broadcast at DAGScheduler.scala:1535
[2023-06-15T10:06:52.620+0000] {spark_submit.py:490} INFO - 23/06/15 10:06:52 INFO DAGScheduler: Submitting 2 missing tasks from ResultStage 3 (MapPartitionsRDD[44] at json at NativeMethodAccessorImpl.java:0) (first 15 tasks are for partitions Vector(0, 1))
[2023-06-15T10:06:52.620+0000] {spark_submit.py:490} INFO - 23/06/15 10:06:52 INFO TaskSchedulerImpl: Adding task set 3.0 with 2 tasks resource profile 0
[2023-06-15T10:06:52.635+0000] {spark_submit.py:490} INFO - 23/06/15 10:06:52 INFO TaskSetManager: Starting task 0.0 in stage 3.0 (TID 6) (172.27.0.2, executor 0, partition 0, PROCESS_LOCAL, 7347 bytes)
[2023-06-15T10:06:52.636+0000] {spark_submit.py:490} INFO - 23/06/15 10:06:52 INFO TaskSetManager: Starting task 1.0 in stage 3.0 (TID 7) (172.27.0.2, executor 0, partition 1, PROCESS_LOCAL, 8105 bytes)
[2023-06-15T10:06:52.665+0000] {spark_submit.py:490} INFO - 23/06/15 10:06:52 INFO BlockManagerInfo: Added broadcast_3_piece0 in memory on 172.27.0.2:41531 (size: 9.7 KiB, free: 434.4 MiB)
[2023-06-15T10:06:52.760+0000] {spark_submit.py:490} INFO - 23/06/15 10:06:52 INFO TaskSetManager: Finished task 0.0 in stage 3.0 (TID 6) in 133 ms on 172.27.0.2 (executor 0) (1/2)
[2023-06-15T10:06:52.782+0000] {spark_submit.py:490} INFO - 23/06/15 10:06:52 INFO TaskSetManager: Finished task 1.0 in stage 3.0 (TID 7) in 153 ms on 172.27.0.2 (executor 0) (2/2)
[2023-06-15T10:06:52.782+0000] {spark_submit.py:490} INFO - 23/06/15 10:06:52 INFO TaskSchedulerImpl: Removed TaskSet 3.0, whose tasks have all completed, from pool
[2023-06-15T10:06:52.786+0000] {spark_submit.py:490} INFO - 23/06/15 10:06:52 INFO DAGScheduler: ResultStage 3 (json at NativeMethodAccessorImpl.java:0) finished in 0.197 s
[2023-06-15T10:06:52.787+0000] {spark_submit.py:490} INFO - 23/06/15 10:06:52 INFO DAGScheduler: Job 3 is finished. Cancelling potential speculative or zombie tasks for this job
[2023-06-15T10:06:52.787+0000] {spark_submit.py:490} INFO - 23/06/15 10:06:52 INFO TaskSchedulerImpl: Killing all running tasks in stage 3: Stage finished
[2023-06-15T10:06:52.788+0000] {spark_submit.py:490} INFO - 23/06/15 10:06:52 INFO DAGScheduler: Job 3 finished: json at NativeMethodAccessorImpl.java:0, took 0.204623 s
[2023-06-15T10:06:52.911+0000] {spark_submit.py:490} INFO - 23/06/15 10:06:52 INFO BlockManagerInfo: Removed broadcast_1_piece0 on 69b643fc97df:34463 in memory (size: 9.7 KiB, free: 434.4 MiB)
[2023-06-15T10:06:52.916+0000] {spark_submit.py:490} INFO - 23/06/15 10:06:52 INFO BlockManagerInfo: Removed broadcast_1_piece0 on 172.27.0.2:41531 in memory (size: 9.7 KiB, free: 434.4 MiB)
[2023-06-15T10:06:52.943+0000] {spark_submit.py:490} INFO - 23/06/15 10:06:52 INFO BlockManagerInfo: Removed broadcast_2_piece0 on 172.27.0.2:41531 in memory (size: 9.7 KiB, free: 434.4 MiB)
[2023-06-15T10:06:52.954+0000] {spark_submit.py:490} INFO - 23/06/15 10:06:52 INFO BlockManagerInfo: Removed broadcast_2_piece0 on 69b643fc97df:34463 in memory (size: 9.7 KiB, free: 434.4 MiB)
[2023-06-15T10:06:52.963+0000] {spark_submit.py:490} INFO - 23/06/15 10:06:52 INFO BlockManagerInfo: Removed broadcast_3_piece0 on 69b643fc97df:34463 in memory (size: 9.7 KiB, free: 434.4 MiB)
[2023-06-15T10:06:52.966+0000] {spark_submit.py:490} INFO - 23/06/15 10:06:52 INFO BlockManagerInfo: Removed broadcast_3_piece0 on 172.27.0.2:41531 in memory (size: 9.7 KiB, free: 434.4 MiB)
[2023-06-15T10:06:52.988+0000] {spark_submit.py:490} INFO - 23/06/15 10:06:52 INFO BlockManagerInfo: Removed broadcast_0_piece0 on 69b643fc97df:34463 in memory (size: 9.7 KiB, free: 434.4 MiB)
[2023-06-15T10:06:52.991+0000] {spark_submit.py:490} INFO - 23/06/15 10:06:52 INFO BlockManagerInfo: Removed broadcast_0_piece0 on 172.27.0.2:41531 in memory (size: 9.7 KiB, free: 434.4 MiB)
[2023-06-15T10:06:54.139+0000] {spark_submit.py:490} INFO - {'meta': {'symbol': 'TSLA', 'interval': '1h', 'currency': 'USD', 'exchange_timezone': 'America/New_York', 'exchange': 'NASDAQ', 'mic_code': 'XNGS', 'type': 'Common Stock'}, 'values': [{'datetime': '2021-02-11 15:30:00', 'open': '810.21002', 'high': '811.96997', 'low': '806.27002', 'close': '811.65002', 'volume': '1448701'}, {'datetime': '2021-02-11 14:30:00', 'open': '807.77502', 'high': '812.01001', 'low': '806.88953', 'close': '810.00000', 'volume': '1371831'}, {'datetime': '2021-02-11 13:30:00', 'open': '810.48999', 'high': '813.42999', 'low': '806.20001', 'close': '807.77179', 'volume': '1930879'}, {'datetime': '2021-02-11 12:30:00', 'open': '803.71997', 'high': '813.21997', 'low': '802.63849', 'close': '810.51001', 'volume': '2211856'}, {'datetime': '2021-02-11 11:30:00', 'open': '814.89001', 'high': '816.46002', 'low': '801.72498', 'close': '803.65997', 'volume': '2469784'}, {'datetime': '2021-02-11 10:30:00', 'open': '816.19000', 'high': '817.79999', 'low': '808.22998', 'close': '814.96002', 'volume': '3349698'}, {'datetime': '2021-02-11 09:30:00', 'open': '810.90997', 'high': '829.87988', 'low': '810.25000', 'close': '815.97998', 'volume': '7001762'}], 'status': 'ok'}
[2023-06-15T10:06:54.280+0000] {spark_submit.py:490} INFO - 23/06/15 10:06:54 INFO SparkContext: Starting job: json at NativeMethodAccessorImpl.java:0
[2023-06-15T10:06:54.282+0000] {spark_submit.py:490} INFO - 23/06/15 10:06:54 INFO DAGScheduler: Got job 4 (json at NativeMethodAccessorImpl.java:0) with 2 output partitions
[2023-06-15T10:06:54.282+0000] {spark_submit.py:490} INFO - 23/06/15 10:06:54 INFO DAGScheduler: Final stage: ResultStage 4 (json at NativeMethodAccessorImpl.java:0)
[2023-06-15T10:06:54.283+0000] {spark_submit.py:490} INFO - 23/06/15 10:06:54 INFO DAGScheduler: Parents of final stage: List()
[2023-06-15T10:06:54.283+0000] {spark_submit.py:490} INFO - 23/06/15 10:06:54 INFO DAGScheduler: Missing parents: List()
[2023-06-15T10:06:54.284+0000] {spark_submit.py:490} INFO - 23/06/15 10:06:54 INFO DAGScheduler: Submitting ResultStage 4 (MapPartitionsRDD[55] at json at NativeMethodAccessorImpl.java:0), which has no missing parents
[2023-06-15T10:06:54.292+0000] {spark_submit.py:490} INFO - 23/06/15 10:06:54 INFO MemoryStore: Block broadcast_4 stored as values in memory (estimated size 19.8 KiB, free 434.4 MiB)
[2023-06-15T10:06:54.294+0000] {spark_submit.py:490} INFO - 23/06/15 10:06:54 INFO MemoryStore: Block broadcast_4_piece0 stored as bytes in memory (estimated size 9.7 KiB, free 434.4 MiB)
[2023-06-15T10:06:54.295+0000] {spark_submit.py:490} INFO - 23/06/15 10:06:54 INFO BlockManagerInfo: Added broadcast_4_piece0 in memory on 69b643fc97df:34463 (size: 9.7 KiB, free: 434.4 MiB)
[2023-06-15T10:06:54.296+0000] {spark_submit.py:490} INFO - 23/06/15 10:06:54 INFO SparkContext: Created broadcast 4 from broadcast at DAGScheduler.scala:1535
[2023-06-15T10:06:54.297+0000] {spark_submit.py:490} INFO - 23/06/15 10:06:54 INFO DAGScheduler: Submitting 2 missing tasks from ResultStage 4 (MapPartitionsRDD[55] at json at NativeMethodAccessorImpl.java:0) (first 15 tasks are for partitions Vector(0, 1))
[2023-06-15T10:06:54.297+0000] {spark_submit.py:490} INFO - 23/06/15 10:06:54 INFO TaskSchedulerImpl: Adding task set 4.0 with 2 tasks resource profile 0
[2023-06-15T10:06:54.299+0000] {spark_submit.py:490} INFO - 23/06/15 10:06:54 INFO TaskSetManager: Starting task 0.0 in stage 4.0 (TID 8) (172.27.0.2, executor 0, partition 0, PROCESS_LOCAL, 7347 bytes)
[2023-06-15T10:06:54.299+0000] {spark_submit.py:490} INFO - 23/06/15 10:06:54 INFO TaskSetManager: Starting task 1.0 in stage 4.0 (TID 9) (172.27.0.2, executor 0, partition 1, PROCESS_LOCAL, 8084 bytes)
[2023-06-15T10:06:54.320+0000] {spark_submit.py:490} INFO - 23/06/15 10:06:54 INFO BlockManagerInfo: Added broadcast_4_piece0 in memory on 172.27.0.2:41531 (size: 9.7 KiB, free: 434.4 MiB)
[2023-06-15T10:06:54.385+0000] {spark_submit.py:490} INFO - 23/06/15 10:06:54 INFO TaskSetManager: Finished task 0.0 in stage 4.0 (TID 8) in 87 ms on 172.27.0.2 (executor 0) (1/2)
[2023-06-15T10:06:54.390+0000] {spark_submit.py:490} INFO - 23/06/15 10:06:54 INFO TaskSetManager: Finished task 1.0 in stage 4.0 (TID 9) in 90 ms on 172.27.0.2 (executor 0) (2/2)
[2023-06-15T10:06:54.390+0000] {spark_submit.py:490} INFO - 23/06/15 10:06:54 INFO TaskSchedulerImpl: Removed TaskSet 4.0, whose tasks have all completed, from pool
[2023-06-15T10:06:54.391+0000] {spark_submit.py:490} INFO - 23/06/15 10:06:54 INFO DAGScheduler: ResultStage 4 (json at NativeMethodAccessorImpl.java:0) finished in 0.106 s
[2023-06-15T10:06:54.392+0000] {spark_submit.py:490} INFO - 23/06/15 10:06:54 INFO DAGScheduler: Job 4 is finished. Cancelling potential speculative or zombie tasks for this job
[2023-06-15T10:06:54.392+0000] {spark_submit.py:490} INFO - 23/06/15 10:06:54 INFO TaskSchedulerImpl: Killing all running tasks in stage 4: Stage finished
[2023-06-15T10:06:54.393+0000] {spark_submit.py:490} INFO - 23/06/15 10:06:54 INFO DAGScheduler: Job 4 finished: json at NativeMethodAccessorImpl.java:0, took 0.112217 s
[2023-06-15T10:06:55.740+0000] {spark_submit.py:490} INFO - {'meta': {'symbol': 'META', 'interval': '1h', 'currency': 'USD', 'exchange_timezone': 'America/New_York', 'exchange': 'NASDAQ', 'mic_code': 'XNGS', 'type': 'Common Stock'}, 'values': [{'datetime': '2021-02-11 15:30:00', 'open': '271.13000', 'high': '271.47000', 'low': '269.51001', 'close': '270.39001', 'volume': '1963761'}, {'datetime': '2021-02-11 14:30:00', 'open': '270.06000', 'high': '271.22000', 'low': '269.82001', 'close': '271.12000', 'volume': '1190928'}, {'datetime': '2021-02-11 13:30:00', 'open': '269.97000', 'high': '270.26501', 'low': '269.35001', 'close': '270.04501', 'volume': '1077817'}, {'datetime': '2021-02-11 12:30:00', 'open': '269.07001', 'high': '269.98999', 'low': '268.50000', 'close': '269.97000', 'volume': '1262384'}, {'datetime': '2021-02-11 11:30:00', 'open': '269.22000', 'high': '270.06500', 'low': '268.81000', 'close': '269.07999', 'volume': '1718132'}, {'datetime': '2021-02-11 10:30:00', 'open': '269.61801', 'high': '270.64001', 'low': '268.68500', 'close': '269.23001', 'volume': '1936470'}, {'datetime': '2021-02-11 09:30:00', 'open': '271.95001', 'high': '273.57999', 'low': '269.26001', 'close': '269.57001', 'volume': '2720926'}], 'status': 'ok'}
[2023-06-15T10:06:55.787+0000] {spark_submit.py:490} INFO - 23/06/15 10:06:55 INFO SparkContext: Starting job: json at NativeMethodAccessorImpl.java:0
[2023-06-15T10:06:55.789+0000] {spark_submit.py:490} INFO - 23/06/15 10:06:55 INFO DAGScheduler: Got job 5 (json at NativeMethodAccessorImpl.java:0) with 2 output partitions
[2023-06-15T10:06:55.789+0000] {spark_submit.py:490} INFO - 23/06/15 10:06:55 INFO DAGScheduler: Final stage: ResultStage 5 (json at NativeMethodAccessorImpl.java:0)
[2023-06-15T10:06:55.789+0000] {spark_submit.py:490} INFO - 23/06/15 10:06:55 INFO DAGScheduler: Parents of final stage: List()
[2023-06-15T10:06:55.789+0000] {spark_submit.py:490} INFO - 23/06/15 10:06:55 INFO DAGScheduler: Missing parents: List()
[2023-06-15T10:06:55.790+0000] {spark_submit.py:490} INFO - 23/06/15 10:06:55 INFO DAGScheduler: Submitting ResultStage 5 (MapPartitionsRDD[66] at json at NativeMethodAccessorImpl.java:0), which has no missing parents
[2023-06-15T10:06:55.796+0000] {spark_submit.py:490} INFO - 23/06/15 10:06:55 INFO MemoryStore: Block broadcast_5 stored as values in memory (estimated size 19.8 KiB, free 434.4 MiB)
[2023-06-15T10:06:55.798+0000] {spark_submit.py:490} INFO - 23/06/15 10:06:55 INFO MemoryStore: Block broadcast_5_piece0 stored as bytes in memory (estimated size 9.7 KiB, free 434.3 MiB)
[2023-06-15T10:06:55.799+0000] {spark_submit.py:490} INFO - 23/06/15 10:06:55 INFO BlockManagerInfo: Added broadcast_5_piece0 in memory on 69b643fc97df:34463 (size: 9.7 KiB, free: 434.4 MiB)
[2023-06-15T10:06:55.800+0000] {spark_submit.py:490} INFO - 23/06/15 10:06:55 INFO SparkContext: Created broadcast 5 from broadcast at DAGScheduler.scala:1535
[2023-06-15T10:06:55.801+0000] {spark_submit.py:490} INFO - 23/06/15 10:06:55 INFO DAGScheduler: Submitting 2 missing tasks from ResultStage 5 (MapPartitionsRDD[66] at json at NativeMethodAccessorImpl.java:0) (first 15 tasks are for partitions Vector(0, 1))
[2023-06-15T10:06:55.801+0000] {spark_submit.py:490} INFO - 23/06/15 10:06:55 INFO TaskSchedulerImpl: Adding task set 5.0 with 2 tasks resource profile 0
[2023-06-15T10:06:55.803+0000] {spark_submit.py:490} INFO - 23/06/15 10:06:55 INFO TaskSetManager: Starting task 0.0 in stage 5.0 (TID 10) (172.27.0.2, executor 0, partition 0, PROCESS_LOCAL, 7347 bytes)
[2023-06-15T10:06:55.803+0000] {spark_submit.py:490} INFO - 23/06/15 10:06:55 INFO TaskSetManager: Starting task 1.0 in stage 5.0 (TID 11) (172.27.0.2, executor 0, partition 1, PROCESS_LOCAL, 8084 bytes)
[2023-06-15T10:06:55.829+0000] {spark_submit.py:490} INFO - 23/06/15 10:06:55 INFO BlockManagerInfo: Added broadcast_5_piece0 in memory on 172.27.0.2:41531 (size: 9.7 KiB, free: 434.4 MiB)
[2023-06-15T10:06:55.944+0000] {spark_submit.py:490} INFO - 23/06/15 10:06:55 INFO TaskSetManager: Finished task 1.0 in stage 5.0 (TID 11) in 138 ms on 172.27.0.2 (executor 0) (1/2)
[2023-06-15T10:06:55.966+0000] {spark_submit.py:490} INFO - 23/06/15 10:06:55 INFO TaskSetManager: Finished task 0.0 in stage 5.0 (TID 10) in 164 ms on 172.27.0.2 (executor 0) (2/2)
[2023-06-15T10:06:55.967+0000] {spark_submit.py:490} INFO - 23/06/15 10:06:55 INFO TaskSchedulerImpl: Removed TaskSet 5.0, whose tasks have all completed, from pool
[2023-06-15T10:06:55.971+0000] {spark_submit.py:490} INFO - 23/06/15 10:06:55 INFO DAGScheduler: ResultStage 5 (json at NativeMethodAccessorImpl.java:0) finished in 0.177 s
[2023-06-15T10:06:55.972+0000] {spark_submit.py:490} INFO - 23/06/15 10:06:55 INFO DAGScheduler: Job 5 is finished. Cancelling potential speculative or zombie tasks for this job
[2023-06-15T10:06:55.972+0000] {spark_submit.py:490} INFO - 23/06/15 10:06:55 INFO TaskSchedulerImpl: Killing all running tasks in stage 5: Stage finished
[2023-06-15T10:06:55.972+0000] {spark_submit.py:490} INFO - 23/06/15 10:06:55 INFO DAGScheduler: Job 5 finished: json at NativeMethodAccessorImpl.java:0, took 0.182896 s
[2023-06-15T10:06:57.243+0000] {spark_submit.py:490} INFO - {'meta': {'symbol': 'NFLX', 'interval': '1h', 'currency': 'USD', 'exchange_timezone': 'America/New_York', 'exchange': 'NASDAQ', 'mic_code': 'XNGS', 'type': 'Common Stock'}, 'values': [{'datetime': '2021-02-11 15:30:00', 'open': '558.79999', 'high': '559.17999', 'low': '556.29999', 'close': '557.71002', 'volume': '400353'}, {'datetime': '2021-02-11 14:30:00', 'open': '555.82001', 'high': '559.77960', 'low': '555.65002', 'close': '558.79999', 'volume': '344528'}, {'datetime': '2021-02-11 13:30:00', 'open': '557.84003', 'high': '558.58002', 'low': '555.00000', 'close': '555.94000', 'volume': '205526'}, {'datetime': '2021-02-11 12:30:00', 'open': '554.71002', 'high': '558.08002', 'low': '554.71002', 'close': '557.95001', 'volume': '202344'}, {'datetime': '2021-02-11 11:30:00', 'open': '556.87000', 'high': '558.75989', 'low': '554.23999', 'close': '554.95477', 'volume': '311761'}, {'datetime': '2021-02-11 10:30:00', 'open': '558.59998', 'high': '561.12347', 'low': '556.54999', 'close': '556.89001', 'volume': '360209'}, {'datetime': '2021-02-11 09:30:00', 'open': '564.44202', 'high': '565.92999', 'low': '558.52008', 'close': '558.57001', 'volume': '537975'}], 'status': 'ok'}
[2023-06-15T10:06:57.323+0000] {spark_submit.py:490} INFO - 23/06/15 10:06:57 INFO SparkContext: Starting job: json at NativeMethodAccessorImpl.java:0
[2023-06-15T10:06:57.327+0000] {spark_submit.py:490} INFO - 23/06/15 10:06:57 INFO DAGScheduler: Got job 6 (json at NativeMethodAccessorImpl.java:0) with 2 output partitions
[2023-06-15T10:06:57.327+0000] {spark_submit.py:490} INFO - 23/06/15 10:06:57 INFO DAGScheduler: Final stage: ResultStage 6 (json at NativeMethodAccessorImpl.java:0)
[2023-06-15T10:06:57.327+0000] {spark_submit.py:490} INFO - 23/06/15 10:06:57 INFO DAGScheduler: Parents of final stage: List()
[2023-06-15T10:06:57.327+0000] {spark_submit.py:490} INFO - 23/06/15 10:06:57 INFO DAGScheduler: Missing parents: List()
[2023-06-15T10:06:57.331+0000] {spark_submit.py:490} INFO - 23/06/15 10:06:57 INFO DAGScheduler: Submitting ResultStage 6 (MapPartitionsRDD[77] at json at NativeMethodAccessorImpl.java:0), which has no missing parents
[2023-06-15T10:06:57.336+0000] {spark_submit.py:490} INFO - 23/06/15 10:06:57 INFO MemoryStore: Block broadcast_6 stored as values in memory (estimated size 19.8 KiB, free 434.3 MiB)
[2023-06-15T10:06:57.340+0000] {spark_submit.py:490} INFO - 23/06/15 10:06:57 INFO MemoryStore: Block broadcast_6_piece0 stored as bytes in memory (estimated size 9.7 KiB, free 434.3 MiB)
[2023-06-15T10:06:57.342+0000] {spark_submit.py:490} INFO - 23/06/15 10:06:57 INFO BlockManagerInfo: Added broadcast_6_piece0 in memory on 69b643fc97df:34463 (size: 9.7 KiB, free: 434.4 MiB)
[2023-06-15T10:06:57.343+0000] {spark_submit.py:490} INFO - 23/06/15 10:06:57 INFO SparkContext: Created broadcast 6 from broadcast at DAGScheduler.scala:1535
[2023-06-15T10:06:57.344+0000] {spark_submit.py:490} INFO - 23/06/15 10:06:57 INFO DAGScheduler: Submitting 2 missing tasks from ResultStage 6 (MapPartitionsRDD[77] at json at NativeMethodAccessorImpl.java:0) (first 15 tasks are for partitions Vector(0, 1))
[2023-06-15T10:06:57.345+0000] {spark_submit.py:490} INFO - 23/06/15 10:06:57 INFO TaskSchedulerImpl: Adding task set 6.0 with 2 tasks resource profile 0
[2023-06-15T10:06:57.349+0000] {spark_submit.py:490} INFO - 23/06/15 10:06:57 INFO TaskSetManager: Starting task 0.0 in stage 6.0 (TID 12) (172.27.0.2, executor 0, partition 0, PROCESS_LOCAL, 7347 bytes)
[2023-06-15T10:06:57.349+0000] {spark_submit.py:490} INFO - 23/06/15 10:06:57 INFO TaskSetManager: Starting task 1.0 in stage 6.0 (TID 13) (172.27.0.2, executor 0, partition 1, PROCESS_LOCAL, 8077 bytes)
[2023-06-15T10:06:57.397+0000] {spark_submit.py:490} INFO - 23/06/15 10:06:57 INFO BlockManagerInfo: Added broadcast_6_piece0 in memory on 172.27.0.2:41531 (size: 9.7 KiB, free: 434.4 MiB)
[2023-06-15T10:06:57.481+0000] {spark_submit.py:490} INFO - 23/06/15 10:06:57 INFO TaskSetManager: Finished task 1.0 in stage 6.0 (TID 13) in 132 ms on 172.27.0.2 (executor 0) (1/2)
[2023-06-15T10:06:57.482+0000] {spark_submit.py:490} INFO - 23/06/15 10:06:57 INFO TaskSetManager: Finished task 0.0 in stage 6.0 (TID 12) in 135 ms on 172.27.0.2 (executor 0) (2/2)
[2023-06-15T10:06:57.482+0000] {spark_submit.py:490} INFO - 23/06/15 10:06:57 INFO TaskSchedulerImpl: Removed TaskSet 6.0, whose tasks have all completed, from pool
[2023-06-15T10:06:57.491+0000] {spark_submit.py:490} INFO - 23/06/15 10:06:57 INFO DAGScheduler: ResultStage 6 (json at NativeMethodAccessorImpl.java:0) finished in 0.160 s
[2023-06-15T10:06:57.496+0000] {spark_submit.py:490} INFO - 23/06/15 10:06:57 INFO DAGScheduler: Job 6 is finished. Cancelling potential speculative or zombie tasks for this job
[2023-06-15T10:06:57.497+0000] {spark_submit.py:490} INFO - 23/06/15 10:06:57 INFO TaskSchedulerImpl: Killing all running tasks in stage 6: Stage finished
[2023-06-15T10:06:57.497+0000] {spark_submit.py:490} INFO - 23/06/15 10:06:57 INFO DAGScheduler: Job 6 finished: json at NativeMethodAccessorImpl.java:0, took 0.171166 s
[2023-06-15T10:06:58.747+0000] {spark_submit.py:490} INFO - {'meta': {'symbol': 'NVDA', 'interval': '1h', 'currency': 'USD', 'exchange_timezone': 'America/New_York', 'exchange': 'NASDAQ', 'mic_code': 'XNGS', 'type': 'Common Stock'}, 'values': [{'datetime': '2021-02-11 15:30:00', 'open': '607.57001', 'high': '610.58002', 'low': '606.01831', 'close': '610.03003', 'volume': '883460'}, {'datetime': '2021-02-11 14:30:00', 'open': '605.95502', 'high': '608.87988', 'low': '604.75000', 'close': '607.62500', 'volume': '980821'}, {'datetime': '2021-02-11 13:30:00', 'open': '608.37988', 'high': '610.82990', 'low': '604.01001', 'close': '606.08002', 'volume': '1015019'}, {'datetime': '2021-02-11 12:30:00', 'open': '600.98999', 'high': '608.68542', 'low': '599.50403', 'close': '608.37000', 'volume': '1093047'}, {'datetime': '2021-02-11 11:30:00', 'open': '609.26001', 'high': '610.89001', 'low': '600.79999', 'close': '601.04797', 'volume': '1425619'}, {'datetime': '2021-02-11 10:30:00', 'open': '607.05078', 'high': '610.66998', 'low': '603.51001', 'close': '609.03558', 'volume': '1614673'}, {'datetime': '2021-02-11 09:30:00', 'open': '599.98999', 'high': '609.57001', 'low': '597.60999', 'close': '606.95001', 'volume': '3593240'}], 'status': 'ok'}
[2023-06-15T10:06:58.786+0000] {spark_submit.py:490} INFO - 23/06/15 10:06:58 INFO SparkContext: Starting job: json at NativeMethodAccessorImpl.java:0
[2023-06-15T10:06:58.787+0000] {spark_submit.py:490} INFO - 23/06/15 10:06:58 INFO DAGScheduler: Got job 7 (json at NativeMethodAccessorImpl.java:0) with 2 output partitions
[2023-06-15T10:06:58.787+0000] {spark_submit.py:490} INFO - 23/06/15 10:06:58 INFO DAGScheduler: Final stage: ResultStage 7 (json at NativeMethodAccessorImpl.java:0)
[2023-06-15T10:06:58.787+0000] {spark_submit.py:490} INFO - 23/06/15 10:06:58 INFO DAGScheduler: Parents of final stage: List()
[2023-06-15T10:06:58.788+0000] {spark_submit.py:490} INFO - 23/06/15 10:06:58 INFO DAGScheduler: Missing parents: List()
[2023-06-15T10:06:58.788+0000] {spark_submit.py:490} INFO - 23/06/15 10:06:58 INFO DAGScheduler: Submitting ResultStage 7 (MapPartitionsRDD[88] at json at NativeMethodAccessorImpl.java:0), which has no missing parents
[2023-06-15T10:06:58.792+0000] {spark_submit.py:490} INFO - 23/06/15 10:06:58 INFO MemoryStore: Block broadcast_7 stored as values in memory (estimated size 19.8 KiB, free 434.3 MiB)
[2023-06-15T10:06:58.794+0000] {spark_submit.py:490} INFO - 23/06/15 10:06:58 INFO MemoryStore: Block broadcast_7_piece0 stored as bytes in memory (estimated size 9.7 KiB, free 434.3 MiB)
[2023-06-15T10:06:58.794+0000] {spark_submit.py:490} INFO - 23/06/15 10:06:58 INFO BlockManagerInfo: Added broadcast_7_piece0 in memory on 69b643fc97df:34463 (size: 9.7 KiB, free: 434.4 MiB)
[2023-06-15T10:06:58.795+0000] {spark_submit.py:490} INFO - 23/06/15 10:06:58 INFO SparkContext: Created broadcast 7 from broadcast at DAGScheduler.scala:1535
[2023-06-15T10:06:58.796+0000] {spark_submit.py:490} INFO - 23/06/15 10:06:58 INFO DAGScheduler: Submitting 2 missing tasks from ResultStage 7 (MapPartitionsRDD[88] at json at NativeMethodAccessorImpl.java:0) (first 15 tasks are for partitions Vector(0, 1))
[2023-06-15T10:06:58.796+0000] {spark_submit.py:490} INFO - 23/06/15 10:06:58 INFO TaskSchedulerImpl: Adding task set 7.0 with 2 tasks resource profile 0
[2023-06-15T10:06:58.797+0000] {spark_submit.py:490} INFO - 23/06/15 10:06:58 INFO TaskSetManager: Starting task 0.0 in stage 7.0 (TID 14) (172.27.0.2, executor 0, partition 0, PROCESS_LOCAL, 7347 bytes)
[2023-06-15T10:06:58.798+0000] {spark_submit.py:490} INFO - 23/06/15 10:06:58 INFO TaskSetManager: Starting task 1.0 in stage 7.0 (TID 15) (172.27.0.2, executor 0, partition 1, PROCESS_LOCAL, 8082 bytes)
[2023-06-15T10:06:58.814+0000] {spark_submit.py:490} INFO - 23/06/15 10:06:58 INFO BlockManagerInfo: Added broadcast_7_piece0 in memory on 172.27.0.2:41531 (size: 9.7 KiB, free: 434.4 MiB)
[2023-06-15T10:06:58.877+0000] {spark_submit.py:490} INFO - 23/06/15 10:06:58 INFO TaskSetManager: Finished task 0.0 in stage 7.0 (TID 14) in 80 ms on 172.27.0.2 (executor 0) (1/2)
[2023-06-15T10:06:58.879+0000] {spark_submit.py:490} INFO - 23/06/15 10:06:58 INFO TaskSetManager: Finished task 1.0 in stage 7.0 (TID 15) in 82 ms on 172.27.0.2 (executor 0) (2/2)
[2023-06-15T10:06:58.879+0000] {spark_submit.py:490} INFO - 23/06/15 10:06:58 INFO TaskSchedulerImpl: Removed TaskSet 7.0, whose tasks have all completed, from pool
[2023-06-15T10:06:58.880+0000] {spark_submit.py:490} INFO - 23/06/15 10:06:58 INFO DAGScheduler: ResultStage 7 (json at NativeMethodAccessorImpl.java:0) finished in 0.091 s
[2023-06-15T10:06:58.881+0000] {spark_submit.py:490} INFO - 23/06/15 10:06:58 INFO DAGScheduler: Job 7 is finished. Cancelling potential speculative or zombie tasks for this job
[2023-06-15T10:06:58.881+0000] {spark_submit.py:490} INFO - 23/06/15 10:06:58 INFO TaskSchedulerImpl: Killing all running tasks in stage 7: Stage finished
[2023-06-15T10:06:58.882+0000] {spark_submit.py:490} INFO - 23/06/15 10:06:58 INFO DAGScheduler: Job 7 finished: json at NativeMethodAccessorImpl.java:0, took 0.095474 s
[2023-06-15T10:06:59.365+0000] {spark_submit.py:490} INFO - 23/06/15 10:06:59 INFO BlockManagerInfo: Removed broadcast_6_piece0 on 69b643fc97df:34463 in memory (size: 9.7 KiB, free: 434.4 MiB)
[2023-06-15T10:06:59.367+0000] {spark_submit.py:490} INFO - 23/06/15 10:06:59 INFO BlockManagerInfo: Removed broadcast_6_piece0 on 172.27.0.2:41531 in memory (size: 9.7 KiB, free: 434.4 MiB)
[2023-06-15T10:06:59.372+0000] {spark_submit.py:490} INFO - 23/06/15 10:06:59 INFO BlockManagerInfo: Removed broadcast_4_piece0 on 69b643fc97df:34463 in memory (size: 9.7 KiB, free: 434.4 MiB)
[2023-06-15T10:06:59.374+0000] {spark_submit.py:490} INFO - 23/06/15 10:06:59 INFO BlockManagerInfo: Removed broadcast_4_piece0 on 172.27.0.2:41531 in memory (size: 9.7 KiB, free: 434.4 MiB)
[2023-06-15T10:06:59.382+0000] {spark_submit.py:490} INFO - 23/06/15 10:06:59 INFO BlockManagerInfo: Removed broadcast_7_piece0 on 69b643fc97df:34463 in memory (size: 9.7 KiB, free: 434.4 MiB)
[2023-06-15T10:06:59.383+0000] {spark_submit.py:490} INFO - 23/06/15 10:06:59 INFO BlockManagerInfo: Removed broadcast_7_piece0 on 172.27.0.2:41531 in memory (size: 9.7 KiB, free: 434.4 MiB)
[2023-06-15T10:06:59.389+0000] {spark_submit.py:490} INFO - 23/06/15 10:06:59 INFO BlockManagerInfo: Removed broadcast_5_piece0 on 69b643fc97df:34463 in memory (size: 9.7 KiB, free: 434.4 MiB)
[2023-06-15T10:06:59.392+0000] {spark_submit.py:490} INFO - 23/06/15 10:06:59 INFO BlockManagerInfo: Removed broadcast_5_piece0 on 172.27.0.2:41531 in memory (size: 9.7 KiB, free: 434.4 MiB)
[2023-06-15T10:07:04.563+0000] {spark_submit.py:490} INFO - 23/06/15 10:07:04 INFO ParquetUtils: Using default output committer for Parquet: org.apache.parquet.hadoop.ParquetOutputCommitter
[2023-06-15T10:07:04.625+0000] {spark_submit.py:490} INFO - 23/06/15 10:07:04 INFO FileOutputCommitter: File Output Committer Algorithm version is 1
[2023-06-15T10:07:04.626+0000] {spark_submit.py:490} INFO - 23/06/15 10:07:04 INFO FileOutputCommitter: FileOutputCommitter skip cleanup _temporary folders under output directory:false, ignore cleanup failures: false
[2023-06-15T10:07:04.630+0000] {spark_submit.py:490} INFO - 23/06/15 10:07:04 INFO SQLHadoopMapReduceCommitProtocol: Using user defined output committer class org.apache.parquet.hadoop.ParquetOutputCommitter
[2023-06-15T10:07:04.630+0000] {spark_submit.py:490} INFO - 23/06/15 10:07:04 INFO FileOutputCommitter: File Output Committer Algorithm version is 1
[2023-06-15T10:07:04.631+0000] {spark_submit.py:490} INFO - 23/06/15 10:07:04 INFO FileOutputCommitter: FileOutputCommitter skip cleanup _temporary folders under output directory:false, ignore cleanup failures: false
[2023-06-15T10:07:04.634+0000] {spark_submit.py:490} INFO - 23/06/15 10:07:04 INFO SQLHadoopMapReduceCommitProtocol: Using output committer class org.apache.parquet.hadoop.ParquetOutputCommitter
[2023-06-15T10:07:06.159+0000] {spark_submit.py:490} INFO - 23/06/15 10:07:06 INFO CodeGenerator: Code generated in 21.89365 ms
[2023-06-15T10:07:06.178+0000] {spark_submit.py:490} INFO - 23/06/15 10:07:06 INFO CodeGenerator: Code generated in 13.042012 ms
[2023-06-15T10:07:06.201+0000] {spark_submit.py:490} INFO - 23/06/15 10:07:06 INFO CodeGenerator: Code generated in 17.113364 ms
[2023-06-15T10:07:06.220+0000] {spark_submit.py:490} INFO - 23/06/15 10:07:06 INFO CodeGenerator: Code generated in 13.533538 ms
[2023-06-15T10:07:06.265+0000] {spark_submit.py:490} INFO - 23/06/15 10:07:06 INFO CodeGenerator: Code generated in 39.019062 ms
[2023-06-15T10:07:06.314+0000] {spark_submit.py:490} INFO - 23/06/15 10:07:06 INFO CodeGenerator: Code generated in 34.191567 ms
[2023-06-15T10:07:06.445+0000] {spark_submit.py:490} INFO - 23/06/15 10:07:06 INFO CodeGenerator: Code generated in 99.86697 ms
[2023-06-15T10:07:06.515+0000] {spark_submit.py:490} INFO - 23/06/15 10:07:06 INFO CodeGenerator: Code generated in 43.791072 ms
[2023-06-15T10:07:06.582+0000] {spark_submit.py:490} INFO - 23/06/15 10:07:06 INFO CodeGenerator: Code generated in 39.074978 ms
[2023-06-15T10:07:06.647+0000] {spark_submit.py:490} INFO - 23/06/15 10:07:06 INFO SparkContext: Starting job: parquet at NativeMethodAccessorImpl.java:0
[2023-06-15T10:07:06.654+0000] {spark_submit.py:490} INFO - 23/06/15 10:07:06 INFO DAGScheduler: Got job 8 (parquet at NativeMethodAccessorImpl.java:0) with 1 output partitions
[2023-06-15T10:07:06.654+0000] {spark_submit.py:490} INFO - 23/06/15 10:07:06 INFO DAGScheduler: Final stage: ResultStage 8 (parquet at NativeMethodAccessorImpl.java:0)
[2023-06-15T10:07:06.655+0000] {spark_submit.py:490} INFO - 23/06/15 10:07:06 INFO DAGScheduler: Parents of final stage: List()
[2023-06-15T10:07:06.656+0000] {spark_submit.py:490} INFO - 23/06/15 10:07:06 INFO DAGScheduler: Missing parents: List()
[2023-06-15T10:07:06.661+0000] {spark_submit.py:490} INFO - 23/06/15 10:07:06 INFO DAGScheduler: Submitting ResultStage 8 (MapPartitionsRDD[104] at parquet at NativeMethodAccessorImpl.java:0), which has no missing parents
[2023-06-15T10:07:06.778+0000] {spark_submit.py:490} INFO - 23/06/15 10:07:06 INFO MemoryStore: Block broadcast_8 stored as values in memory (estimated size 276.6 KiB, free 434.1 MiB)
[2023-06-15T10:07:06.783+0000] {spark_submit.py:490} INFO - 23/06/15 10:07:06 INFO MemoryStore: Block broadcast_8_piece0 stored as bytes in memory (estimated size 93.1 KiB, free 434.0 MiB)
[2023-06-15T10:07:06.786+0000] {spark_submit.py:490} INFO - 23/06/15 10:07:06 INFO BlockManagerInfo: Added broadcast_8_piece0 in memory on 69b643fc97df:34463 (size: 93.1 KiB, free: 434.3 MiB)
[2023-06-15T10:07:06.789+0000] {spark_submit.py:490} INFO - 23/06/15 10:07:06 INFO SparkContext: Created broadcast 8 from broadcast at DAGScheduler.scala:1535
[2023-06-15T10:07:06.791+0000] {spark_submit.py:490} INFO - 23/06/15 10:07:06 INFO DAGScheduler: Submitting 1 missing tasks from ResultStage 8 (MapPartitionsRDD[104] at parquet at NativeMethodAccessorImpl.java:0) (first 15 tasks are for partitions Vector(0))
[2023-06-15T10:07:06.792+0000] {spark_submit.py:490} INFO - 23/06/15 10:07:06 INFO TaskSchedulerImpl: Adding task set 8.0 with 1 tasks resource profile 0
[2023-06-15T10:07:06.805+0000] {spark_submit.py:490} INFO - 23/06/15 10:07:06 INFO TaskSetManager: Starting task 0.0 in stage 8.0 (TID 16) (172.27.0.2, executor 0, partition 0, PROCESS_LOCAL, 14539 bytes)
[2023-06-15T10:07:06.901+0000] {spark_submit.py:490} INFO - 23/06/15 10:07:06 INFO BlockManagerInfo: Added broadcast_8_piece0 in memory on 172.27.0.2:41531 (size: 93.1 KiB, free: 434.3 MiB)
[2023-06-15T10:07:21.007+0000] {spark_submit.py:490} INFO - 23/06/15 10:07:21 INFO TaskSetManager: Finished task 0.0 in stage 8.0 (TID 16) in 14210 ms on 172.27.0.2 (executor 0) (1/1)
[2023-06-15T10:07:21.007+0000] {spark_submit.py:490} INFO - 23/06/15 10:07:21 INFO TaskSchedulerImpl: Removed TaskSet 8.0, whose tasks have all completed, from pool
[2023-06-15T10:07:21.008+0000] {spark_submit.py:490} INFO - 23/06/15 10:07:21 INFO DAGScheduler: ResultStage 8 (parquet at NativeMethodAccessorImpl.java:0) finished in 14.341 s
[2023-06-15T10:07:21.008+0000] {spark_submit.py:490} INFO - 23/06/15 10:07:21 INFO DAGScheduler: Job 8 is finished. Cancelling potential speculative or zombie tasks for this job
[2023-06-15T10:07:21.008+0000] {spark_submit.py:490} INFO - 23/06/15 10:07:21 INFO TaskSchedulerImpl: Killing all running tasks in stage 8: Stage finished
[2023-06-15T10:07:21.009+0000] {spark_submit.py:490} INFO - 23/06/15 10:07:21 INFO DAGScheduler: Job 8 finished: parquet at NativeMethodAccessorImpl.java:0, took 14.361511 s
[2023-06-15T10:07:21.015+0000] {spark_submit.py:490} INFO - 23/06/15 10:07:21 INFO FileFormatWriter: Start to commit write Job 6da585b7-a556-468f-8bff-d9d47998b026.
[2023-06-15T10:07:28.646+0000] {spark_submit.py:490} INFO - 23/06/15 10:07:28 INFO GoogleCloudStorageFileSystem: Successfully repaired 'gs://dtc-de-382609_bucket/stock_data/2021/02/_temporary/0/task_202306151007065627869583564990813_0008_m_000000/' directory.
[2023-06-15T10:07:31.311+0000] {spark_submit.py:490} INFO - 23/06/15 10:07:31 INFO GoogleCloudStorageFileSystem: Successfully repaired 'gs://dtc-de-382609_bucket/stock_data/2021/02/' directory.
[2023-06-15T10:07:33.094+0000] {spark_submit.py:490} INFO - 23/06/15 10:07:33 INFO BlockManagerInfo: Removed broadcast_8_piece0 on 69b643fc97df:34463 in memory (size: 93.1 KiB, free: 434.4 MiB)
[2023-06-15T10:07:33.098+0000] {spark_submit.py:490} INFO - 23/06/15 10:07:33 INFO BlockManagerInfo: Removed broadcast_8_piece0 on 172.27.0.2:41531 in memory (size: 93.1 KiB, free: 434.4 MiB)
[2023-06-15T10:07:34.354+0000] {spark_submit.py:490} INFO - 23/06/15 10:07:34 INFO FileFormatWriter: Write Job 6da585b7-a556-468f-8bff-d9d47998b026 committed. Elapsed time: 13337 ms.
[2023-06-15T10:07:34.358+0000] {spark_submit.py:490} INFO - 23/06/15 10:07:34 INFO FileFormatWriter: Finished processing stats for write job 6da585b7-a556-468f-8bff-d9d47998b026.
[2023-06-15T10:07:37.133+0000] {spark_submit.py:490} INFO - 23/06/15 10:07:37 INFO InMemoryFileIndex: It took 1300 ms to list leaf files for 2 paths.
[2023-06-15T10:07:37.199+0000] {spark_submit.py:490} INFO - 23/06/15 10:07:37 INFO SparkContext: Starting job: load at NativeMethodAccessorImpl.java:0
[2023-06-15T10:07:37.200+0000] {spark_submit.py:490} INFO - 23/06/15 10:07:37 INFO DAGScheduler: Got job 9 (load at NativeMethodAccessorImpl.java:0) with 1 output partitions
[2023-06-15T10:07:37.200+0000] {spark_submit.py:490} INFO - 23/06/15 10:07:37 INFO DAGScheduler: Final stage: ResultStage 9 (load at NativeMethodAccessorImpl.java:0)
[2023-06-15T10:07:37.200+0000] {spark_submit.py:490} INFO - 23/06/15 10:07:37 INFO DAGScheduler: Parents of final stage: List()
[2023-06-15T10:07:37.200+0000] {spark_submit.py:490} INFO - 23/06/15 10:07:37 INFO DAGScheduler: Missing parents: List()
[2023-06-15T10:07:37.200+0000] {spark_submit.py:490} INFO - 23/06/15 10:07:37 INFO DAGScheduler: Submitting ResultStage 9 (MapPartitionsRDD[106] at load at NativeMethodAccessorImpl.java:0), which has no missing parents
[2023-06-15T10:07:37.212+0000] {spark_submit.py:490} INFO - 23/06/15 10:07:37 INFO MemoryStore: Block broadcast_9 stored as values in memory (estimated size 103.5 KiB, free 434.3 MiB)
[2023-06-15T10:07:37.222+0000] {spark_submit.py:490} INFO - 23/06/15 10:07:37 INFO MemoryStore: Block broadcast_9_piece0 stored as bytes in memory (estimated size 37.4 KiB, free 434.3 MiB)
[2023-06-15T10:07:37.223+0000] {spark_submit.py:490} INFO - 23/06/15 10:07:37 INFO BlockManagerInfo: Added broadcast_9_piece0 in memory on 69b643fc97df:34463 (size: 37.4 KiB, free: 434.4 MiB)
[2023-06-15T10:07:37.224+0000] {spark_submit.py:490} INFO - 23/06/15 10:07:37 INFO SparkContext: Created broadcast 9 from broadcast at DAGScheduler.scala:1535
[2023-06-15T10:07:37.224+0000] {spark_submit.py:490} INFO - 23/06/15 10:07:37 INFO DAGScheduler: Submitting 1 missing tasks from ResultStage 9 (MapPartitionsRDD[106] at load at NativeMethodAccessorImpl.java:0) (first 15 tasks are for partitions Vector(0))
[2023-06-15T10:07:37.225+0000] {spark_submit.py:490} INFO - 23/06/15 10:07:37 INFO TaskSchedulerImpl: Adding task set 9.0 with 1 tasks resource profile 0
[2023-06-15T10:07:37.226+0000] {spark_submit.py:490} INFO - 23/06/15 10:07:37 INFO TaskSetManager: Starting task 0.0 in stage 9.0 (TID 17) (172.27.0.2, executor 0, partition 0, PROCESS_LOCAL, 7574 bytes)
[2023-06-15T10:07:37.269+0000] {spark_submit.py:490} INFO - 23/06/15 10:07:37 INFO BlockManagerInfo: Added broadcast_9_piece0 in memory on 172.27.0.2:41531 (size: 37.4 KiB, free: 434.4 MiB)
[2023-06-15T10:07:39.034+0000] {spark_submit.py:490} INFO - 23/06/15 10:07:39 INFO TaskSetManager: Finished task 0.0 in stage 9.0 (TID 17) in 1807 ms on 172.27.0.2 (executor 0) (1/1)
[2023-06-15T10:07:39.034+0000] {spark_submit.py:490} INFO - 23/06/15 10:07:39 INFO TaskSchedulerImpl: Removed TaskSet 9.0, whose tasks have all completed, from pool
[2023-06-15T10:07:39.035+0000] {spark_submit.py:490} INFO - 23/06/15 10:07:39 INFO DAGScheduler: ResultStage 9 (load at NativeMethodAccessorImpl.java:0) finished in 1.833 s
[2023-06-15T10:07:39.035+0000] {spark_submit.py:490} INFO - 23/06/15 10:07:39 INFO DAGScheduler: Job 9 is finished. Cancelling potential speculative or zombie tasks for this job
[2023-06-15T10:07:39.035+0000] {spark_submit.py:490} INFO - 23/06/15 10:07:39 INFO TaskSchedulerImpl: Killing all running tasks in stage 9: Stage finished
[2023-06-15T10:07:39.036+0000] {spark_submit.py:490} INFO - 23/06/15 10:07:39 INFO DAGScheduler: Job 9 finished: load at NativeMethodAccessorImpl.java:0, took 1.836577 s
[2023-06-15T10:07:39.104+0000] {spark_submit.py:490} INFO - 23/06/15 10:07:39 INFO FileSourceStrategy: Pushed Filters:
[2023-06-15T10:07:39.107+0000] {spark_submit.py:490} INFO - 23/06/15 10:07:39 INFO FileSourceStrategy: Post-Scan Filters:
[2023-06-15T10:07:39.183+0000] {spark_submit.py:490} INFO - 23/06/15 10:07:39 INFO CodeGenerator: Code generated in 26.870534 ms
[2023-06-15T10:07:39.202+0000] {spark_submit.py:490} INFO - 23/06/15 10:07:39 INFO MemoryStore: Block broadcast_10 stored as values in memory (estimated size 202.4 KiB, free 434.1 MiB)
[2023-06-15T10:07:39.210+0000] {spark_submit.py:490} INFO - 23/06/15 10:07:39 INFO MemoryStore: Block broadcast_10_piece0 stored as bytes in memory (estimated size 35.1 KiB, free 434.0 MiB)
[2023-06-15T10:07:39.211+0000] {spark_submit.py:490} INFO - 23/06/15 10:07:39 INFO BlockManagerInfo: Added broadcast_10_piece0 in memory on 69b643fc97df:34463 (size: 35.1 KiB, free: 434.3 MiB)
[2023-06-15T10:07:39.211+0000] {spark_submit.py:490} INFO - 23/06/15 10:07:39 INFO SparkContext: Created broadcast 10 from showString at NativeMethodAccessorImpl.java:0
[2023-06-15T10:07:39.221+0000] {spark_submit.py:490} INFO - 23/06/15 10:07:39 INFO FileSourceScanExec: Planning scan with bin packing, max size: 4198934 bytes, open cost is considered as scanning 4194304 bytes.
[2023-06-15T10:07:39.249+0000] {spark_submit.py:490} INFO - 23/06/15 10:07:39 INFO SparkContext: Starting job: showString at NativeMethodAccessorImpl.java:0
[2023-06-15T10:07:39.250+0000] {spark_submit.py:490} INFO - 23/06/15 10:07:39 INFO DAGScheduler: Got job 10 (showString at NativeMethodAccessorImpl.java:0) with 1 output partitions
[2023-06-15T10:07:39.250+0000] {spark_submit.py:490} INFO - 23/06/15 10:07:39 INFO DAGScheduler: Final stage: ResultStage 10 (showString at NativeMethodAccessorImpl.java:0)
[2023-06-15T10:07:39.250+0000] {spark_submit.py:490} INFO - 23/06/15 10:07:39 INFO DAGScheduler: Parents of final stage: List()
[2023-06-15T10:07:39.250+0000] {spark_submit.py:490} INFO - 23/06/15 10:07:39 INFO DAGScheduler: Missing parents: List()
[2023-06-15T10:07:39.251+0000] {spark_submit.py:490} INFO - 23/06/15 10:07:39 INFO DAGScheduler: Submitting ResultStage 10 (MapPartitionsRDD[110] at showString at NativeMethodAccessorImpl.java:0), which has no missing parents
[2023-06-15T10:07:39.263+0000] {spark_submit.py:490} INFO - 23/06/15 10:07:39 INFO MemoryStore: Block broadcast_11 stored as values in memory (estimated size 16.1 KiB, free 434.0 MiB)
[2023-06-15T10:07:39.264+0000] {spark_submit.py:490} INFO - 23/06/15 10:07:39 INFO MemoryStore: Block broadcast_11_piece0 stored as bytes in memory (estimated size 6.3 KiB, free 434.0 MiB)
[2023-06-15T10:07:39.265+0000] {spark_submit.py:490} INFO - 23/06/15 10:07:39 INFO BlockManagerInfo: Added broadcast_11_piece0 in memory on 69b643fc97df:34463 (size: 6.3 KiB, free: 434.3 MiB)
[2023-06-15T10:07:39.265+0000] {spark_submit.py:490} INFO - 23/06/15 10:07:39 INFO SparkContext: Created broadcast 11 from broadcast at DAGScheduler.scala:1535
[2023-06-15T10:07:39.265+0000] {spark_submit.py:490} INFO - 23/06/15 10:07:39 INFO DAGScheduler: Submitting 1 missing tasks from ResultStage 10 (MapPartitionsRDD[110] at showString at NativeMethodAccessorImpl.java:0) (first 15 tasks are for partitions Vector(0))
[2023-06-15T10:07:39.266+0000] {spark_submit.py:490} INFO - 23/06/15 10:07:39 INFO TaskSchedulerImpl: Adding task set 10.0 with 1 tasks resource profile 0
[2023-06-15T10:07:39.269+0000] {spark_submit.py:490} INFO - 23/06/15 10:07:39 INFO TaskSetManager: Starting task 0.0 in stage 10.0 (TID 18) (172.27.0.2, executor 0, partition 0, PROCESS_LOCAL, 7996 bytes)
[2023-06-15T10:07:39.285+0000] {spark_submit.py:490} INFO - 23/06/15 10:07:39 INFO BlockManagerInfo: Added broadcast_11_piece0 in memory on 172.27.0.2:41531 (size: 6.3 KiB, free: 434.4 MiB)
[2023-06-15T10:07:39.421+0000] {spark_submit.py:490} INFO - 23/06/15 10:07:39 INFO BlockManagerInfo: Added broadcast_10_piece0 in memory on 172.27.0.2:41531 (size: 35.1 KiB, free: 434.3 MiB)
[2023-06-15T10:07:43.480+0000] {spark_submit.py:490} INFO - 23/06/15 10:07:43 INFO TaskSetManager: Finished task 0.0 in stage 10.0 (TID 18) in 4213 ms on 172.27.0.2 (executor 0) (1/1)
[2023-06-15T10:07:43.480+0000] {spark_submit.py:490} INFO - 23/06/15 10:07:43 INFO TaskSchedulerImpl: Removed TaskSet 10.0, whose tasks have all completed, from pool
[2023-06-15T10:07:43.481+0000] {spark_submit.py:490} INFO - 23/06/15 10:07:43 INFO DAGScheduler: ResultStage 10 (showString at NativeMethodAccessorImpl.java:0) finished in 4.228 s
[2023-06-15T10:07:43.481+0000] {spark_submit.py:490} INFO - 23/06/15 10:07:43 INFO DAGScheduler: Job 10 is finished. Cancelling potential speculative or zombie tasks for this job
[2023-06-15T10:07:43.481+0000] {spark_submit.py:490} INFO - 23/06/15 10:07:43 INFO TaskSchedulerImpl: Killing all running tasks in stage 10: Stage finished
[2023-06-15T10:07:43.482+0000] {spark_submit.py:490} INFO - 23/06/15 10:07:43 INFO DAGScheduler: Job 10 finished: showString at NativeMethodAccessorImpl.java:0, took 4.232446 s
[2023-06-15T10:07:43.528+0000] {spark_submit.py:490} INFO - 23/06/15 10:07:43 INFO CodeGenerator: Code generated in 23.740031 ms
[2023-06-15T10:07:43.537+0000] {spark_submit.py:490} INFO - +-------------------+------+----------+----------+----------+----------+--------+
[2023-06-15T10:07:43.538+0000] {spark_submit.py:490} INFO - |           datetime|symbol|      open|      high|       low|     close|  volume|
[2023-06-15T10:07:43.538+0000] {spark_submit.py:490} INFO - +-------------------+------+----------+----------+----------+----------+--------+
[2023-06-15T10:07:43.538+0000] {spark_submit.py:490} INFO - |2021-01-29 15:30:00|  AAPL| 132.53999| 133.50000| 131.73000| 131.96001|17156763|
[2023-06-15T10:07:43.538+0000] {spark_submit.py:490} INFO - |2021-01-29 14:30:00|  AAPL| 131.94000| 133.22000| 131.03000| 132.53320|17380581|
[2023-06-15T10:07:43.538+0000] {spark_submit.py:490} INFO - |2021-01-29 13:30:00|  AAPL| 132.03999| 132.81000| 131.47000| 131.93990|18117174|
[2023-06-15T10:07:43.538+0000] {spark_submit.py:490} INFO - |2021-01-29 12:30:00|  AAPL| 131.95000| 132.23000| 130.21001| 132.05000|27629092|
[2023-06-15T10:07:43.538+0000] {spark_submit.py:490} INFO - |2021-01-29 11:30:00|  AAPL| 132.17000| 133.31000| 131.20760| 131.96851|24633251|
[2023-06-15T10:07:43.538+0000] {spark_submit.py:490} INFO - |2021-01-29 10:30:00|  AAPL| 135.09891| 135.44000| 131.88000| 132.20000|25929359|
[2023-06-15T10:07:43.539+0000] {spark_submit.py:490} INFO - |2021-01-29 09:30:00|  AAPL| 135.78000| 136.74001| 133.78999| 135.08009|31835713|
[2023-06-15T10:07:43.539+0000] {spark_submit.py:490} INFO - |2021-01-29 15:30:00|  MSFT| 233.85001| 234.48000| 231.50000| 231.84000| 5471073|
[2023-06-15T10:07:43.539+0000] {spark_submit.py:490} INFO - |2021-01-29 14:30:00|  MSFT| 233.62000| 234.75000| 232.45081| 233.86000| 4423420|
[2023-06-15T10:07:43.539+0000] {spark_submit.py:490} INFO - |2021-01-29 13:30:00|  MSFT| 233.24001| 234.02000| 232.62000| 233.62000| 3542167|
[2023-06-15T10:07:43.539+0000] {spark_submit.py:490} INFO - |2021-01-29 12:30:00|  MSFT| 233.50999| 233.75000| 231.36000| 233.31000| 5090571|
[2023-06-15T10:07:43.539+0000] {spark_submit.py:490} INFO - |2021-01-29 11:30:00|  MSFT| 233.92000| 235.20000| 233.47000| 233.52000| 3931652|
[2023-06-15T10:07:43.539+0000] {spark_submit.py:490} INFO - |2021-01-29 10:30:00|  MSFT| 237.78999| 238.01500| 233.81000| 233.91010| 4548452|
[2023-06-15T10:07:43.539+0000] {spark_submit.py:490} INFO - |2021-01-29 09:30:00|  MSFT| 235.79700| 237.92000| 234.07001| 237.80000| 8536703|
[2023-06-15T10:07:43.540+0000] {spark_submit.py:490} INFO - |2021-01-29 15:30:00|  GOOG|1850.27002|1852.88000|1831.57996|1832.75000|  243621|
[2023-06-15T10:07:43.540+0000] {spark_submit.py:490} INFO - |2021-01-29 14:30:00|  GOOG|1841.62000|1851.90002|1830.76001|1850.85999|  164942|
[2023-06-15T10:07:43.540+0000] {spark_submit.py:490} INFO - |2021-01-29 13:30:00|  GOOG|1824.98999|1844.39001|1821.15015|1841.23999|  140231|
[2023-06-15T10:07:43.540+0000] {spark_submit.py:490} INFO - |2021-01-29 12:30:00|  GOOG|1822.94006|1827.31995|1810.19995|1826.95996|  160996|
[2023-06-15T10:07:43.540+0000] {spark_submit.py:490} INFO - |2021-01-29 11:30:00|  GOOG|1837.18994|1838.05591|1820.28003|1823.85986|  155073|
[2023-06-15T10:07:43.540+0000] {spark_submit.py:490} INFO - |2021-01-29 10:30:00|  GOOG|1851.53003|1857.00000|1833.01001|1835.65015|  163882|
[2023-06-15T10:07:43.540+0000] {spark_submit.py:490} INFO - +-------------------+------+----------+----------+----------+----------+--------+
[2023-06-15T10:07:43.540+0000] {spark_submit.py:490} INFO - only showing top 20 rows
[2023-06-15T10:07:43.540+0000] {spark_submit.py:490} INFO - 
[2023-06-15T10:07:43.624+0000] {spark_submit.py:490} INFO - 23/06/15 10:07:43 INFO SparkContext: Invoking stop() from shutdown hook
[2023-06-15T10:07:43.624+0000] {spark_submit.py:490} INFO - 23/06/15 10:07:43 INFO SparkContext: SparkContext is stopping with exitCode 0.
[2023-06-15T10:07:43.633+0000] {spark_submit.py:490} INFO - 23/06/15 10:07:43 INFO SparkUI: Stopped Spark web UI at http://69b643fc97df:4040
[2023-06-15T10:07:43.637+0000] {spark_submit.py:490} INFO - 23/06/15 10:07:43 INFO StandaloneSchedulerBackend: Shutting down all executors
[2023-06-15T10:07:43.638+0000] {spark_submit.py:490} INFO - 23/06/15 10:07:43 INFO StandaloneSchedulerBackend$StandaloneDriverEndpoint: Asking each executor to shut down
[2023-06-15T10:07:43.660+0000] {spark_submit.py:490} INFO - 23/06/15 10:07:43 INFO MapOutputTrackerMasterEndpoint: MapOutputTrackerMasterEndpoint stopped!
[2023-06-15T10:07:43.677+0000] {spark_submit.py:490} INFO - 23/06/15 10:07:43 INFO MemoryStore: MemoryStore cleared
[2023-06-15T10:07:43.679+0000] {spark_submit.py:490} INFO - 23/06/15 10:07:43 INFO BlockManager: BlockManager stopped
[2023-06-15T10:07:43.686+0000] {spark_submit.py:490} INFO - 23/06/15 10:07:43 INFO BlockManagerMaster: BlockManagerMaster stopped
[2023-06-15T10:07:43.694+0000] {spark_submit.py:490} INFO - 23/06/15 10:07:43 INFO OutputCommitCoordinator$OutputCommitCoordinatorEndpoint: OutputCommitCoordinator stopped!
[2023-06-15T10:07:43.704+0000] {spark_submit.py:490} INFO - 23/06/15 10:07:43 INFO SparkContext: Successfully stopped SparkContext
[2023-06-15T10:07:43.705+0000] {spark_submit.py:490} INFO - 23/06/15 10:07:43 INFO ShutdownHookManager: Shutdown hook called
[2023-06-15T10:07:43.706+0000] {spark_submit.py:490} INFO - 23/06/15 10:07:43 INFO ShutdownHookManager: Deleting directory /tmp/spark-a4977315-730c-4518-b197-ddd957ad2ed6/pyspark-65569d09-9a08-4baf-88bb-9319361a9fc9
[2023-06-15T10:07:43.711+0000] {spark_submit.py:490} INFO - 23/06/15 10:07:43 INFO ShutdownHookManager: Deleting directory /tmp/spark-a4977315-730c-4518-b197-ddd957ad2ed6
[2023-06-15T10:07:43.716+0000] {spark_submit.py:490} INFO - 23/06/15 10:07:43 INFO ShutdownHookManager: Deleting directory /tmp/spark-ef1f2fd1-0001-4c87-a0eb-1246b7edfca0
[2023-06-15T10:07:43.798+0000] {taskinstance.py:1345} INFO - Marking task as SUCCESS. dag_id=upload_to_gcs, task_id=spark_load_stock_data, execution_date=20210211T000000, start_date=20230615T100633, end_date=20230615T100743
[2023-06-15T10:07:43.834+0000] {local_task_job_runner.py:225} INFO - Task exited with return code 0
[2023-06-15T10:07:43.849+0000] {taskinstance.py:2651} INFO - 0 downstream tasks scheduled from follow-on schedule check
