[2023-05-06T09:33:28.406+0000] {processor.py:156} INFO - Started process (PID=64) to work on /home/airflow/.local/lib/python3.7/site-packages/airflow/example_dags/example_sensor_decorator.py
[2023-05-06T09:33:28.407+0000] {processor.py:799} INFO - Processing file /home/airflow/.local/lib/python3.7/site-packages/airflow/example_dags/example_sensor_decorator.py for tasks to queue
[2023-05-06T09:33:28.409+0000] {logging_mixin.py:149} INFO - [2023-05-06T09:33:28.409+0000] {dagbag.py:541} INFO - Filling up the DagBag from /home/airflow/.local/lib/python3.7/site-packages/airflow/example_dags/example_sensor_decorator.py
[2023-05-06T09:33:28.415+0000] {processor.py:809} INFO - DAG(s) dict_keys(['example_sensor_decorator']) retrieved from /home/airflow/.local/lib/python3.7/site-packages/airflow/example_dags/example_sensor_decorator.py
[2023-05-06T09:33:28.428+0000] {logging_mixin.py:149} INFO - [2023-05-06T09:33:28.427+0000] {dag.py:2726} INFO - Sync 1 DAGs
[2023-05-06T09:33:28.460+0000] {logging_mixin.py:149} INFO - [2023-05-06T09:33:28.460+0000] {dag.py:3490} INFO - Setting next_dagrun for example_sensor_decorator to None, run_after=None
[2023-05-06T09:33:28.477+0000] {processor.py:178} INFO - Processing /home/airflow/.local/lib/python3.7/site-packages/airflow/example_dags/example_sensor_decorator.py took 0.074 seconds
[2023-05-06T09:33:59.381+0000] {processor.py:156} INFO - Started process (PID=117) to work on /home/airflow/.local/lib/python3.7/site-packages/airflow/example_dags/example_sensor_decorator.py
[2023-05-06T09:33:59.382+0000] {processor.py:799} INFO - Processing file /home/airflow/.local/lib/python3.7/site-packages/airflow/example_dags/example_sensor_decorator.py for tasks to queue
[2023-05-06T09:33:59.383+0000] {logging_mixin.py:149} INFO - [2023-05-06T09:33:59.383+0000] {dagbag.py:541} INFO - Filling up the DagBag from /home/airflow/.local/lib/python3.7/site-packages/airflow/example_dags/example_sensor_decorator.py
[2023-05-06T09:33:59.388+0000] {processor.py:809} INFO - DAG(s) dict_keys(['example_sensor_decorator']) retrieved from /home/airflow/.local/lib/python3.7/site-packages/airflow/example_dags/example_sensor_decorator.py
[2023-05-06T09:33:59.399+0000] {logging_mixin.py:149} INFO - [2023-05-06T09:33:59.398+0000] {dag.py:2726} INFO - Sync 1 DAGs
[2023-05-06T09:33:59.425+0000] {logging_mixin.py:149} INFO - [2023-05-06T09:33:59.425+0000] {dag.py:3490} INFO - Setting next_dagrun for example_sensor_decorator to None, run_after=None
[2023-05-06T09:33:59.452+0000] {processor.py:178} INFO - Processing /home/airflow/.local/lib/python3.7/site-packages/airflow/example_dags/example_sensor_decorator.py took 0.074 seconds
[2023-05-06T09:34:30.579+0000] {processor.py:156} INFO - Started process (PID=170) to work on /home/airflow/.local/lib/python3.7/site-packages/airflow/example_dags/example_sensor_decorator.py
[2023-05-06T09:34:30.580+0000] {processor.py:799} INFO - Processing file /home/airflow/.local/lib/python3.7/site-packages/airflow/example_dags/example_sensor_decorator.py for tasks to queue
[2023-05-06T09:34:30.582+0000] {logging_mixin.py:149} INFO - [2023-05-06T09:34:30.582+0000] {dagbag.py:541} INFO - Filling up the DagBag from /home/airflow/.local/lib/python3.7/site-packages/airflow/example_dags/example_sensor_decorator.py
[2023-05-06T09:34:30.589+0000] {processor.py:809} INFO - DAG(s) dict_keys(['example_sensor_decorator']) retrieved from /home/airflow/.local/lib/python3.7/site-packages/airflow/example_dags/example_sensor_decorator.py
[2023-05-06T09:34:30.606+0000] {logging_mixin.py:149} INFO - [2023-05-06T09:34:30.605+0000] {dag.py:2726} INFO - Sync 1 DAGs
[2023-05-06T09:34:30.646+0000] {logging_mixin.py:149} INFO - [2023-05-06T09:34:30.646+0000] {dag.py:3490} INFO - Setting next_dagrun for example_sensor_decorator to None, run_after=None
[2023-05-06T09:34:30.672+0000] {processor.py:178} INFO - Processing /home/airflow/.local/lib/python3.7/site-packages/airflow/example_dags/example_sensor_decorator.py took 0.097 seconds
[2023-05-06T09:35:01.405+0000] {processor.py:156} INFO - Started process (PID=223) to work on /home/airflow/.local/lib/python3.7/site-packages/airflow/example_dags/example_sensor_decorator.py
[2023-05-06T09:35:01.406+0000] {processor.py:799} INFO - Processing file /home/airflow/.local/lib/python3.7/site-packages/airflow/example_dags/example_sensor_decorator.py for tasks to queue
[2023-05-06T09:35:01.408+0000] {logging_mixin.py:149} INFO - [2023-05-06T09:35:01.408+0000] {dagbag.py:541} INFO - Filling up the DagBag from /home/airflow/.local/lib/python3.7/site-packages/airflow/example_dags/example_sensor_decorator.py
[2023-05-06T09:35:01.417+0000] {processor.py:809} INFO - DAG(s) dict_keys(['example_sensor_decorator']) retrieved from /home/airflow/.local/lib/python3.7/site-packages/airflow/example_dags/example_sensor_decorator.py
[2023-05-06T09:35:01.454+0000] {logging_mixin.py:149} INFO - [2023-05-06T09:35:01.453+0000] {dag.py:2726} INFO - Sync 1 DAGs
[2023-05-06T09:35:01.495+0000] {logging_mixin.py:149} INFO - [2023-05-06T09:35:01.495+0000] {dag.py:3490} INFO - Setting next_dagrun for example_sensor_decorator to None, run_after=None
[2023-05-06T09:35:01.536+0000] {processor.py:178} INFO - Processing /home/airflow/.local/lib/python3.7/site-packages/airflow/example_dags/example_sensor_decorator.py took 0.134 seconds
[2023-05-06T09:35:31.982+0000] {processor.py:156} INFO - Started process (PID=276) to work on /home/airflow/.local/lib/python3.7/site-packages/airflow/example_dags/example_sensor_decorator.py
[2023-05-06T09:35:31.983+0000] {processor.py:799} INFO - Processing file /home/airflow/.local/lib/python3.7/site-packages/airflow/example_dags/example_sensor_decorator.py for tasks to queue
[2023-05-06T09:35:31.985+0000] {logging_mixin.py:149} INFO - [2023-05-06T09:35:31.985+0000] {dagbag.py:541} INFO - Filling up the DagBag from /home/airflow/.local/lib/python3.7/site-packages/airflow/example_dags/example_sensor_decorator.py
[2023-05-06T09:35:31.990+0000] {processor.py:809} INFO - DAG(s) dict_keys(['example_sensor_decorator']) retrieved from /home/airflow/.local/lib/python3.7/site-packages/airflow/example_dags/example_sensor_decorator.py
[2023-05-06T09:35:32.014+0000] {logging_mixin.py:149} INFO - [2023-05-06T09:35:32.014+0000] {dag.py:2726} INFO - Sync 1 DAGs
[2023-05-06T09:35:32.042+0000] {logging_mixin.py:149} INFO - [2023-05-06T09:35:32.042+0000] {dag.py:3490} INFO - Setting next_dagrun for example_sensor_decorator to None, run_after=None
[2023-05-06T09:35:32.070+0000] {processor.py:178} INFO - Processing /home/airflow/.local/lib/python3.7/site-packages/airflow/example_dags/example_sensor_decorator.py took 0.091 seconds
[2023-05-06T09:36:03.336+0000] {processor.py:156} INFO - Started process (PID=329) to work on /home/airflow/.local/lib/python3.7/site-packages/airflow/example_dags/example_sensor_decorator.py
[2023-05-06T09:36:03.337+0000] {processor.py:799} INFO - Processing file /home/airflow/.local/lib/python3.7/site-packages/airflow/example_dags/example_sensor_decorator.py for tasks to queue
[2023-05-06T09:36:03.339+0000] {logging_mixin.py:149} INFO - [2023-05-06T09:36:03.339+0000] {dagbag.py:541} INFO - Filling up the DagBag from /home/airflow/.local/lib/python3.7/site-packages/airflow/example_dags/example_sensor_decorator.py
[2023-05-06T09:36:03.343+0000] {processor.py:809} INFO - DAG(s) dict_keys(['example_sensor_decorator']) retrieved from /home/airflow/.local/lib/python3.7/site-packages/airflow/example_dags/example_sensor_decorator.py
[2023-05-06T09:36:03.364+0000] {logging_mixin.py:149} INFO - [2023-05-06T09:36:03.364+0000] {dag.py:2726} INFO - Sync 1 DAGs
[2023-05-06T09:36:03.388+0000] {logging_mixin.py:149} INFO - [2023-05-06T09:36:03.388+0000] {dag.py:3490} INFO - Setting next_dagrun for example_sensor_decorator to None, run_after=None
[2023-05-06T09:36:03.404+0000] {processor.py:178} INFO - Processing /home/airflow/.local/lib/python3.7/site-packages/airflow/example_dags/example_sensor_decorator.py took 0.070 seconds
[2023-05-06T09:36:33.712+0000] {processor.py:156} INFO - Started process (PID=383) to work on /home/airflow/.local/lib/python3.7/site-packages/airflow/example_dags/example_sensor_decorator.py
[2023-05-06T09:36:33.714+0000] {processor.py:799} INFO - Processing file /home/airflow/.local/lib/python3.7/site-packages/airflow/example_dags/example_sensor_decorator.py for tasks to queue
[2023-05-06T09:36:33.716+0000] {logging_mixin.py:149} INFO - [2023-05-06T09:36:33.715+0000] {dagbag.py:541} INFO - Filling up the DagBag from /home/airflow/.local/lib/python3.7/site-packages/airflow/example_dags/example_sensor_decorator.py
[2023-05-06T09:36:33.721+0000] {processor.py:809} INFO - DAG(s) dict_keys(['example_sensor_decorator']) retrieved from /home/airflow/.local/lib/python3.7/site-packages/airflow/example_dags/example_sensor_decorator.py
[2023-05-06T09:36:33.734+0000] {logging_mixin.py:149} INFO - [2023-05-06T09:36:33.734+0000] {dag.py:2726} INFO - Sync 1 DAGs
[2023-05-06T09:36:33.764+0000] {logging_mixin.py:149} INFO - [2023-05-06T09:36:33.764+0000] {dag.py:3490} INFO - Setting next_dagrun for example_sensor_decorator to None, run_after=None
[2023-05-06T09:36:33.790+0000] {processor.py:178} INFO - Processing /home/airflow/.local/lib/python3.7/site-packages/airflow/example_dags/example_sensor_decorator.py took 0.081 seconds
[2023-05-06T09:37:04.494+0000] {processor.py:156} INFO - Started process (PID=436) to work on /home/airflow/.local/lib/python3.7/site-packages/airflow/example_dags/example_sensor_decorator.py
[2023-05-06T09:37:04.495+0000] {processor.py:799} INFO - Processing file /home/airflow/.local/lib/python3.7/site-packages/airflow/example_dags/example_sensor_decorator.py for tasks to queue
[2023-05-06T09:37:04.497+0000] {logging_mixin.py:149} INFO - [2023-05-06T09:37:04.496+0000] {dagbag.py:541} INFO - Filling up the DagBag from /home/airflow/.local/lib/python3.7/site-packages/airflow/example_dags/example_sensor_decorator.py
[2023-05-06T09:37:04.502+0000] {processor.py:809} INFO - DAG(s) dict_keys(['example_sensor_decorator']) retrieved from /home/airflow/.local/lib/python3.7/site-packages/airflow/example_dags/example_sensor_decorator.py
[2023-05-06T09:37:04.526+0000] {logging_mixin.py:149} INFO - [2023-05-06T09:37:04.526+0000] {dag.py:2726} INFO - Sync 1 DAGs
[2023-05-06T09:37:04.561+0000] {logging_mixin.py:149} INFO - [2023-05-06T09:37:04.561+0000] {dag.py:3490} INFO - Setting next_dagrun for example_sensor_decorator to None, run_after=None
[2023-05-06T09:37:04.586+0000] {processor.py:178} INFO - Processing /home/airflow/.local/lib/python3.7/site-packages/airflow/example_dags/example_sensor_decorator.py took 0.095 seconds
[2023-05-06T09:37:35.060+0000] {processor.py:156} INFO - Started process (PID=489) to work on /home/airflow/.local/lib/python3.7/site-packages/airflow/example_dags/example_sensor_decorator.py
[2023-05-06T09:37:35.061+0000] {processor.py:799} INFO - Processing file /home/airflow/.local/lib/python3.7/site-packages/airflow/example_dags/example_sensor_decorator.py for tasks to queue
[2023-05-06T09:37:35.063+0000] {logging_mixin.py:149} INFO - [2023-05-06T09:37:35.063+0000] {dagbag.py:541} INFO - Filling up the DagBag from /home/airflow/.local/lib/python3.7/site-packages/airflow/example_dags/example_sensor_decorator.py
[2023-05-06T09:37:35.068+0000] {processor.py:809} INFO - DAG(s) dict_keys(['example_sensor_decorator']) retrieved from /home/airflow/.local/lib/python3.7/site-packages/airflow/example_dags/example_sensor_decorator.py
[2023-05-06T09:37:35.092+0000] {logging_mixin.py:149} INFO - [2023-05-06T09:37:35.091+0000] {dag.py:2726} INFO - Sync 1 DAGs
[2023-05-06T09:37:35.120+0000] {logging_mixin.py:149} INFO - [2023-05-06T09:37:35.120+0000] {dag.py:3490} INFO - Setting next_dagrun for example_sensor_decorator to None, run_after=None
[2023-05-06T09:37:35.144+0000] {processor.py:178} INFO - Processing /home/airflow/.local/lib/python3.7/site-packages/airflow/example_dags/example_sensor_decorator.py took 0.086 seconds
[2023-05-06T09:38:05.524+0000] {processor.py:156} INFO - Started process (PID=542) to work on /home/airflow/.local/lib/python3.7/site-packages/airflow/example_dags/example_sensor_decorator.py
[2023-05-06T09:38:05.531+0000] {processor.py:799} INFO - Processing file /home/airflow/.local/lib/python3.7/site-packages/airflow/example_dags/example_sensor_decorator.py for tasks to queue
[2023-05-06T09:38:05.534+0000] {logging_mixin.py:149} INFO - [2023-05-06T09:38:05.534+0000] {dagbag.py:541} INFO - Filling up the DagBag from /home/airflow/.local/lib/python3.7/site-packages/airflow/example_dags/example_sensor_decorator.py
[2023-05-06T09:38:05.544+0000] {processor.py:809} INFO - DAG(s) dict_keys(['example_sensor_decorator']) retrieved from /home/airflow/.local/lib/python3.7/site-packages/airflow/example_dags/example_sensor_decorator.py
[2023-05-06T09:38:05.586+0000] {logging_mixin.py:149} INFO - [2023-05-06T09:38:05.585+0000] {dag.py:2726} INFO - Sync 1 DAGs
[2023-05-06T09:38:05.611+0000] {logging_mixin.py:149} INFO - [2023-05-06T09:38:05.611+0000] {dag.py:3490} INFO - Setting next_dagrun for example_sensor_decorator to None, run_after=None
[2023-05-06T09:38:05.646+0000] {processor.py:178} INFO - Processing /home/airflow/.local/lib/python3.7/site-packages/airflow/example_dags/example_sensor_decorator.py took 0.125 seconds
[2023-05-06T09:38:36.408+0000] {processor.py:156} INFO - Started process (PID=595) to work on /home/airflow/.local/lib/python3.7/site-packages/airflow/example_dags/example_sensor_decorator.py
[2023-05-06T09:38:36.409+0000] {processor.py:799} INFO - Processing file /home/airflow/.local/lib/python3.7/site-packages/airflow/example_dags/example_sensor_decorator.py for tasks to queue
[2023-05-06T09:38:36.411+0000] {logging_mixin.py:149} INFO - [2023-05-06T09:38:36.411+0000] {dagbag.py:541} INFO - Filling up the DagBag from /home/airflow/.local/lib/python3.7/site-packages/airflow/example_dags/example_sensor_decorator.py
[2023-05-06T09:38:36.417+0000] {processor.py:809} INFO - DAG(s) dict_keys(['example_sensor_decorator']) retrieved from /home/airflow/.local/lib/python3.7/site-packages/airflow/example_dags/example_sensor_decorator.py
[2023-05-06T09:38:36.447+0000] {logging_mixin.py:149} INFO - [2023-05-06T09:38:36.446+0000] {dag.py:2726} INFO - Sync 1 DAGs
[2023-05-06T09:38:36.487+0000] {logging_mixin.py:149} INFO - [2023-05-06T09:38:36.487+0000] {dag.py:3490} INFO - Setting next_dagrun for example_sensor_decorator to None, run_after=None
[2023-05-06T09:38:36.517+0000] {processor.py:178} INFO - Processing /home/airflow/.local/lib/python3.7/site-packages/airflow/example_dags/example_sensor_decorator.py took 0.113 seconds
[2023-05-06T09:39:06.961+0000] {processor.py:156} INFO - Started process (PID=649) to work on /home/airflow/.local/lib/python3.7/site-packages/airflow/example_dags/example_sensor_decorator.py
[2023-05-06T09:39:06.967+0000] {processor.py:799} INFO - Processing file /home/airflow/.local/lib/python3.7/site-packages/airflow/example_dags/example_sensor_decorator.py for tasks to queue
[2023-05-06T09:39:06.973+0000] {logging_mixin.py:149} INFO - [2023-05-06T09:39:06.973+0000] {dagbag.py:541} INFO - Filling up the DagBag from /home/airflow/.local/lib/python3.7/site-packages/airflow/example_dags/example_sensor_decorator.py
[2023-05-06T09:39:06.981+0000] {processor.py:809} INFO - DAG(s) dict_keys(['example_sensor_decorator']) retrieved from /home/airflow/.local/lib/python3.7/site-packages/airflow/example_dags/example_sensor_decorator.py
[2023-05-06T09:39:07.020+0000] {logging_mixin.py:149} INFO - [2023-05-06T09:39:07.020+0000] {dag.py:2726} INFO - Sync 1 DAGs
[2023-05-06T09:39:07.052+0000] {logging_mixin.py:149} INFO - [2023-05-06T09:39:07.052+0000] {dag.py:3490} INFO - Setting next_dagrun for example_sensor_decorator to None, run_after=None
[2023-05-06T09:39:07.078+0000] {processor.py:178} INFO - Processing /home/airflow/.local/lib/python3.7/site-packages/airflow/example_dags/example_sensor_decorator.py took 0.121 seconds
[2023-05-06T09:39:37.610+0000] {processor.py:156} INFO - Started process (PID=702) to work on /home/airflow/.local/lib/python3.7/site-packages/airflow/example_dags/example_sensor_decorator.py
[2023-05-06T09:39:37.611+0000] {processor.py:799} INFO - Processing file /home/airflow/.local/lib/python3.7/site-packages/airflow/example_dags/example_sensor_decorator.py for tasks to queue
[2023-05-06T09:39:37.612+0000] {logging_mixin.py:149} INFO - [2023-05-06T09:39:37.612+0000] {dagbag.py:541} INFO - Filling up the DagBag from /home/airflow/.local/lib/python3.7/site-packages/airflow/example_dags/example_sensor_decorator.py
[2023-05-06T09:39:37.618+0000] {processor.py:809} INFO - DAG(s) dict_keys(['example_sensor_decorator']) retrieved from /home/airflow/.local/lib/python3.7/site-packages/airflow/example_dags/example_sensor_decorator.py
[2023-05-06T09:39:37.643+0000] {logging_mixin.py:149} INFO - [2023-05-06T09:39:37.643+0000] {dag.py:2726} INFO - Sync 1 DAGs
[2023-05-06T09:39:37.675+0000] {logging_mixin.py:149} INFO - [2023-05-06T09:39:37.675+0000] {dag.py:3490} INFO - Setting next_dagrun for example_sensor_decorator to None, run_after=None
[2023-05-06T09:39:37.699+0000] {processor.py:178} INFO - Processing /home/airflow/.local/lib/python3.7/site-packages/airflow/example_dags/example_sensor_decorator.py took 0.092 seconds
[2023-05-06T09:40:08.308+0000] {processor.py:156} INFO - Started process (PID=756) to work on /home/airflow/.local/lib/python3.7/site-packages/airflow/example_dags/example_sensor_decorator.py
[2023-05-06T09:40:08.309+0000] {processor.py:799} INFO - Processing file /home/airflow/.local/lib/python3.7/site-packages/airflow/example_dags/example_sensor_decorator.py for tasks to queue
[2023-05-06T09:40:08.312+0000] {logging_mixin.py:149} INFO - [2023-05-06T09:40:08.312+0000] {dagbag.py:541} INFO - Filling up the DagBag from /home/airflow/.local/lib/python3.7/site-packages/airflow/example_dags/example_sensor_decorator.py
[2023-05-06T09:40:08.319+0000] {processor.py:809} INFO - DAG(s) dict_keys(['example_sensor_decorator']) retrieved from /home/airflow/.local/lib/python3.7/site-packages/airflow/example_dags/example_sensor_decorator.py
[2023-05-06T09:40:08.350+0000] {logging_mixin.py:149} INFO - [2023-05-06T09:40:08.349+0000] {dag.py:2726} INFO - Sync 1 DAGs
[2023-05-06T09:40:08.382+0000] {logging_mixin.py:149} INFO - [2023-05-06T09:40:08.381+0000] {dag.py:3490} INFO - Setting next_dagrun for example_sensor_decorator to None, run_after=None
[2023-05-06T09:40:08.402+0000] {processor.py:178} INFO - Processing /home/airflow/.local/lib/python3.7/site-packages/airflow/example_dags/example_sensor_decorator.py took 0.097 seconds
[2023-05-06T09:40:38.864+0000] {processor.py:156} INFO - Started process (PID=809) to work on /home/airflow/.local/lib/python3.7/site-packages/airflow/example_dags/example_sensor_decorator.py
[2023-05-06T09:40:38.865+0000] {processor.py:799} INFO - Processing file /home/airflow/.local/lib/python3.7/site-packages/airflow/example_dags/example_sensor_decorator.py for tasks to queue
[2023-05-06T09:40:38.867+0000] {logging_mixin.py:149} INFO - [2023-05-06T09:40:38.867+0000] {dagbag.py:541} INFO - Filling up the DagBag from /home/airflow/.local/lib/python3.7/site-packages/airflow/example_dags/example_sensor_decorator.py
[2023-05-06T09:40:38.872+0000] {processor.py:809} INFO - DAG(s) dict_keys(['example_sensor_decorator']) retrieved from /home/airflow/.local/lib/python3.7/site-packages/airflow/example_dags/example_sensor_decorator.py
[2023-05-06T09:40:38.897+0000] {logging_mixin.py:149} INFO - [2023-05-06T09:40:38.897+0000] {dag.py:2726} INFO - Sync 1 DAGs
[2023-05-06T09:40:38.926+0000] {logging_mixin.py:149} INFO - [2023-05-06T09:40:38.926+0000] {dag.py:3490} INFO - Setting next_dagrun for example_sensor_decorator to None, run_after=None
[2023-05-06T09:40:38.946+0000] {processor.py:178} INFO - Processing /home/airflow/.local/lib/python3.7/site-packages/airflow/example_dags/example_sensor_decorator.py took 0.085 seconds
[2023-05-06T09:41:09.525+0000] {processor.py:156} INFO - Started process (PID=862) to work on /home/airflow/.local/lib/python3.7/site-packages/airflow/example_dags/example_sensor_decorator.py
[2023-05-06T09:41:09.526+0000] {processor.py:799} INFO - Processing file /home/airflow/.local/lib/python3.7/site-packages/airflow/example_dags/example_sensor_decorator.py for tasks to queue
[2023-05-06T09:41:09.527+0000] {logging_mixin.py:149} INFO - [2023-05-06T09:41:09.527+0000] {dagbag.py:541} INFO - Filling up the DagBag from /home/airflow/.local/lib/python3.7/site-packages/airflow/example_dags/example_sensor_decorator.py
[2023-05-06T09:41:09.532+0000] {processor.py:809} INFO - DAG(s) dict_keys(['example_sensor_decorator']) retrieved from /home/airflow/.local/lib/python3.7/site-packages/airflow/example_dags/example_sensor_decorator.py
[2023-05-06T09:41:09.556+0000] {logging_mixin.py:149} INFO - [2023-05-06T09:41:09.555+0000] {dag.py:2726} INFO - Sync 1 DAGs
[2023-05-06T09:41:09.583+0000] {logging_mixin.py:149} INFO - [2023-05-06T09:41:09.583+0000] {dag.py:3490} INFO - Setting next_dagrun for example_sensor_decorator to None, run_after=None
[2023-05-06T09:41:09.603+0000] {processor.py:178} INFO - Processing /home/airflow/.local/lib/python3.7/site-packages/airflow/example_dags/example_sensor_decorator.py took 0.081 seconds
[2023-05-06T09:41:40.416+0000] {processor.py:156} INFO - Started process (PID=917) to work on /home/airflow/.local/lib/python3.7/site-packages/airflow/example_dags/example_sensor_decorator.py
[2023-05-06T09:41:40.417+0000] {processor.py:799} INFO - Processing file /home/airflow/.local/lib/python3.7/site-packages/airflow/example_dags/example_sensor_decorator.py for tasks to queue
[2023-05-06T09:41:40.421+0000] {logging_mixin.py:149} INFO - [2023-05-06T09:41:40.421+0000] {dagbag.py:541} INFO - Filling up the DagBag from /home/airflow/.local/lib/python3.7/site-packages/airflow/example_dags/example_sensor_decorator.py
[2023-05-06T09:41:40.434+0000] {processor.py:809} INFO - DAG(s) dict_keys(['example_sensor_decorator']) retrieved from /home/airflow/.local/lib/python3.7/site-packages/airflow/example_dags/example_sensor_decorator.py
[2023-05-06T09:41:40.501+0000] {logging_mixin.py:149} INFO - [2023-05-06T09:41:40.501+0000] {dag.py:2726} INFO - Sync 1 DAGs
[2023-05-06T09:41:40.566+0000] {logging_mixin.py:149} INFO - [2023-05-06T09:41:40.566+0000] {dag.py:3490} INFO - Setting next_dagrun for example_sensor_decorator to None, run_after=None
[2023-05-06T09:41:40.610+0000] {processor.py:178} INFO - Processing /home/airflow/.local/lib/python3.7/site-packages/airflow/example_dags/example_sensor_decorator.py took 0.201 seconds
[2023-05-06T09:42:11.630+0000] {processor.py:156} INFO - Started process (PID=970) to work on /home/airflow/.local/lib/python3.7/site-packages/airflow/example_dags/example_sensor_decorator.py
[2023-05-06T09:42:11.631+0000] {processor.py:799} INFO - Processing file /home/airflow/.local/lib/python3.7/site-packages/airflow/example_dags/example_sensor_decorator.py for tasks to queue
[2023-05-06T09:42:11.633+0000] {logging_mixin.py:149} INFO - [2023-05-06T09:42:11.632+0000] {dagbag.py:541} INFO - Filling up the DagBag from /home/airflow/.local/lib/python3.7/site-packages/airflow/example_dags/example_sensor_decorator.py
[2023-05-06T09:42:11.639+0000] {processor.py:809} INFO - DAG(s) dict_keys(['example_sensor_decorator']) retrieved from /home/airflow/.local/lib/python3.7/site-packages/airflow/example_dags/example_sensor_decorator.py
[2023-05-06T09:42:11.654+0000] {logging_mixin.py:149} INFO - [2023-05-06T09:42:11.652+0000] {dag.py:2726} INFO - Sync 1 DAGs
[2023-05-06T09:42:11.695+0000] {logging_mixin.py:149} INFO - [2023-05-06T09:42:11.694+0000] {dag.py:3490} INFO - Setting next_dagrun for example_sensor_decorator to None, run_after=None
[2023-05-06T09:42:11.727+0000] {processor.py:178} INFO - Processing /home/airflow/.local/lib/python3.7/site-packages/airflow/example_dags/example_sensor_decorator.py took 0.100 seconds
[2023-05-06T09:42:42.106+0000] {processor.py:156} INFO - Started process (PID=1023) to work on /home/airflow/.local/lib/python3.7/site-packages/airflow/example_dags/example_sensor_decorator.py
[2023-05-06T09:42:42.107+0000] {processor.py:799} INFO - Processing file /home/airflow/.local/lib/python3.7/site-packages/airflow/example_dags/example_sensor_decorator.py for tasks to queue
[2023-05-06T09:42:42.109+0000] {logging_mixin.py:149} INFO - [2023-05-06T09:42:42.109+0000] {dagbag.py:541} INFO - Filling up the DagBag from /home/airflow/.local/lib/python3.7/site-packages/airflow/example_dags/example_sensor_decorator.py
[2023-05-06T09:42:42.115+0000] {processor.py:809} INFO - DAG(s) dict_keys(['example_sensor_decorator']) retrieved from /home/airflow/.local/lib/python3.7/site-packages/airflow/example_dags/example_sensor_decorator.py
[2023-05-06T09:42:42.140+0000] {logging_mixin.py:149} INFO - [2023-05-06T09:42:42.139+0000] {dag.py:2726} INFO - Sync 1 DAGs
[2023-05-06T09:42:42.170+0000] {logging_mixin.py:149} INFO - [2023-05-06T09:42:42.170+0000] {dag.py:3490} INFO - Setting next_dagrun for example_sensor_decorator to None, run_after=None
[2023-05-06T09:42:42.191+0000] {processor.py:178} INFO - Processing /home/airflow/.local/lib/python3.7/site-packages/airflow/example_dags/example_sensor_decorator.py took 0.087 seconds
[2023-05-06T09:43:12.590+0000] {processor.py:156} INFO - Started process (PID=1076) to work on /home/airflow/.local/lib/python3.7/site-packages/airflow/example_dags/example_sensor_decorator.py
[2023-05-06T09:43:12.591+0000] {processor.py:799} INFO - Processing file /home/airflow/.local/lib/python3.7/site-packages/airflow/example_dags/example_sensor_decorator.py for tasks to queue
[2023-05-06T09:43:12.593+0000] {logging_mixin.py:149} INFO - [2023-05-06T09:43:12.593+0000] {dagbag.py:541} INFO - Filling up the DagBag from /home/airflow/.local/lib/python3.7/site-packages/airflow/example_dags/example_sensor_decorator.py
[2023-05-06T09:43:12.598+0000] {processor.py:809} INFO - DAG(s) dict_keys(['example_sensor_decorator']) retrieved from /home/airflow/.local/lib/python3.7/site-packages/airflow/example_dags/example_sensor_decorator.py
[2023-05-06T09:43:12.625+0000] {logging_mixin.py:149} INFO - [2023-05-06T09:43:12.624+0000] {dag.py:2726} INFO - Sync 1 DAGs
[2023-05-06T09:43:12.655+0000] {logging_mixin.py:149} INFO - [2023-05-06T09:43:12.655+0000] {dag.py:3490} INFO - Setting next_dagrun for example_sensor_decorator to None, run_after=None
[2023-05-06T09:43:12.685+0000] {processor.py:178} INFO - Processing /home/airflow/.local/lib/python3.7/site-packages/airflow/example_dags/example_sensor_decorator.py took 0.097 seconds
[2023-05-06T09:43:43.255+0000] {processor.py:156} INFO - Started process (PID=1138) to work on /home/airflow/.local/lib/python3.7/site-packages/airflow/example_dags/example_sensor_decorator.py
[2023-05-06T09:43:43.257+0000] {processor.py:799} INFO - Processing file /home/airflow/.local/lib/python3.7/site-packages/airflow/example_dags/example_sensor_decorator.py for tasks to queue
[2023-05-06T09:43:43.259+0000] {logging_mixin.py:149} INFO - [2023-05-06T09:43:43.259+0000] {dagbag.py:541} INFO - Filling up the DagBag from /home/airflow/.local/lib/python3.7/site-packages/airflow/example_dags/example_sensor_decorator.py
[2023-05-06T09:43:43.266+0000] {processor.py:809} INFO - DAG(s) dict_keys(['example_sensor_decorator']) retrieved from /home/airflow/.local/lib/python3.7/site-packages/airflow/example_dags/example_sensor_decorator.py
[2023-05-06T09:43:43.303+0000] {logging_mixin.py:149} INFO - [2023-05-06T09:43:43.303+0000] {dag.py:2726} INFO - Sync 1 DAGs
[2023-05-06T09:43:43.340+0000] {logging_mixin.py:149} INFO - [2023-05-06T09:43:43.340+0000] {dag.py:3490} INFO - Setting next_dagrun for example_sensor_decorator to None, run_after=None
[2023-05-06T09:43:43.373+0000] {processor.py:178} INFO - Processing /home/airflow/.local/lib/python3.7/site-packages/airflow/example_dags/example_sensor_decorator.py took 0.122 seconds
