[2023-05-06T09:33:29.144+0000] {processor.py:156} INFO - Started process (PID=75) to work on /home/airflow/.local/lib/python3.7/site-packages/airflow/example_dags/example_latest_only_with_trigger.py
[2023-05-06T09:33:29.145+0000] {processor.py:799} INFO - Processing file /home/airflow/.local/lib/python3.7/site-packages/airflow/example_dags/example_latest_only_with_trigger.py for tasks to queue
[2023-05-06T09:33:29.147+0000] {logging_mixin.py:149} INFO - [2023-05-06T09:33:29.147+0000] {dagbag.py:541} INFO - Filling up the DagBag from /home/airflow/.local/lib/python3.7/site-packages/airflow/example_dags/example_latest_only_with_trigger.py
[2023-05-06T09:33:29.153+0000] {processor.py:809} INFO - DAG(s) dict_keys(['latest_only_with_trigger']) retrieved from /home/airflow/.local/lib/python3.7/site-packages/airflow/example_dags/example_latest_only_with_trigger.py
[2023-05-06T09:33:29.167+0000] {logging_mixin.py:149} INFO - [2023-05-06T09:33:29.166+0000] {dag.py:2726} INFO - Sync 1 DAGs
[2023-05-06T09:33:29.197+0000] {logging_mixin.py:149} INFO - [2023-05-06T09:33:29.197+0000] {dag.py:3490} INFO - Setting next_dagrun for latest_only_with_trigger to 2023-05-06T05:33:29.196854+00:00, run_after=2023-05-06T09:33:29.196854+00:00
[2023-05-06T09:33:29.222+0000] {processor.py:178} INFO - Processing /home/airflow/.local/lib/python3.7/site-packages/airflow/example_dags/example_latest_only_with_trigger.py took 0.081 seconds
[2023-05-06T09:34:00.066+0000] {processor.py:156} INFO - Started process (PID=128) to work on /home/airflow/.local/lib/python3.7/site-packages/airflow/example_dags/example_latest_only_with_trigger.py
[2023-05-06T09:34:00.067+0000] {processor.py:799} INFO - Processing file /home/airflow/.local/lib/python3.7/site-packages/airflow/example_dags/example_latest_only_with_trigger.py for tasks to queue
[2023-05-06T09:34:00.069+0000] {logging_mixin.py:149} INFO - [2023-05-06T09:34:00.069+0000] {dagbag.py:541} INFO - Filling up the DagBag from /home/airflow/.local/lib/python3.7/site-packages/airflow/example_dags/example_latest_only_with_trigger.py
[2023-05-06T09:34:00.074+0000] {processor.py:809} INFO - DAG(s) dict_keys(['latest_only_with_trigger']) retrieved from /home/airflow/.local/lib/python3.7/site-packages/airflow/example_dags/example_latest_only_with_trigger.py
[2023-05-06T09:34:00.088+0000] {logging_mixin.py:149} INFO - [2023-05-06T09:34:00.087+0000] {dag.py:2726} INFO - Sync 1 DAGs
[2023-05-06T09:34:00.121+0000] {logging_mixin.py:149} INFO - [2023-05-06T09:34:00.120+0000] {dag.py:3490} INFO - Setting next_dagrun for latest_only_with_trigger to 2023-05-06T05:34:00.120729+00:00, run_after=2023-05-06T09:34:00.120729+00:00
[2023-05-06T09:34:00.169+0000] {processor.py:178} INFO - Processing /home/airflow/.local/lib/python3.7/site-packages/airflow/example_dags/example_latest_only_with_trigger.py took 0.105 seconds
[2023-05-06T09:34:31.297+0000] {processor.py:156} INFO - Started process (PID=181) to work on /home/airflow/.local/lib/python3.7/site-packages/airflow/example_dags/example_latest_only_with_trigger.py
[2023-05-06T09:34:31.298+0000] {processor.py:799} INFO - Processing file /home/airflow/.local/lib/python3.7/site-packages/airflow/example_dags/example_latest_only_with_trigger.py for tasks to queue
[2023-05-06T09:34:31.300+0000] {logging_mixin.py:149} INFO - [2023-05-06T09:34:31.300+0000] {dagbag.py:541} INFO - Filling up the DagBag from /home/airflow/.local/lib/python3.7/site-packages/airflow/example_dags/example_latest_only_with_trigger.py
[2023-05-06T09:34:31.305+0000] {processor.py:809} INFO - DAG(s) dict_keys(['latest_only_with_trigger']) retrieved from /home/airflow/.local/lib/python3.7/site-packages/airflow/example_dags/example_latest_only_with_trigger.py
[2023-05-06T09:34:31.319+0000] {logging_mixin.py:149} INFO - [2023-05-06T09:34:31.318+0000] {dag.py:2726} INFO - Sync 1 DAGs
[2023-05-06T09:34:31.350+0000] {logging_mixin.py:149} INFO - [2023-05-06T09:34:31.350+0000] {dag.py:3490} INFO - Setting next_dagrun for latest_only_with_trigger to 2023-05-06T05:34:31.350609+00:00, run_after=2023-05-06T09:34:31.350609+00:00
[2023-05-06T09:34:31.371+0000] {processor.py:178} INFO - Processing /home/airflow/.local/lib/python3.7/site-packages/airflow/example_dags/example_latest_only_with_trigger.py took 0.077 seconds
[2023-05-06T09:35:02.250+0000] {processor.py:156} INFO - Started process (PID=234) to work on /home/airflow/.local/lib/python3.7/site-packages/airflow/example_dags/example_latest_only_with_trigger.py
[2023-05-06T09:35:02.251+0000] {processor.py:799} INFO - Processing file /home/airflow/.local/lib/python3.7/site-packages/airflow/example_dags/example_latest_only_with_trigger.py for tasks to queue
[2023-05-06T09:35:02.253+0000] {logging_mixin.py:149} INFO - [2023-05-06T09:35:02.253+0000] {dagbag.py:541} INFO - Filling up the DagBag from /home/airflow/.local/lib/python3.7/site-packages/airflow/example_dags/example_latest_only_with_trigger.py
[2023-05-06T09:35:02.258+0000] {processor.py:809} INFO - DAG(s) dict_keys(['latest_only_with_trigger']) retrieved from /home/airflow/.local/lib/python3.7/site-packages/airflow/example_dags/example_latest_only_with_trigger.py
[2023-05-06T09:35:02.285+0000] {logging_mixin.py:149} INFO - [2023-05-06T09:35:02.284+0000] {dag.py:2726} INFO - Sync 1 DAGs
[2023-05-06T09:35:02.315+0000] {logging_mixin.py:149} INFO - [2023-05-06T09:35:02.315+0000] {dag.py:3490} INFO - Setting next_dagrun for latest_only_with_trigger to 2023-05-06T05:35:02.315484+00:00, run_after=2023-05-06T09:35:02.315484+00:00
[2023-05-06T09:35:02.338+0000] {processor.py:178} INFO - Processing /home/airflow/.local/lib/python3.7/site-packages/airflow/example_dags/example_latest_only_with_trigger.py took 0.091 seconds
[2023-05-06T09:35:32.720+0000] {processor.py:156} INFO - Started process (PID=287) to work on /home/airflow/.local/lib/python3.7/site-packages/airflow/example_dags/example_latest_only_with_trigger.py
[2023-05-06T09:35:32.721+0000] {processor.py:799} INFO - Processing file /home/airflow/.local/lib/python3.7/site-packages/airflow/example_dags/example_latest_only_with_trigger.py for tasks to queue
[2023-05-06T09:35:32.723+0000] {logging_mixin.py:149} INFO - [2023-05-06T09:35:32.723+0000] {dagbag.py:541} INFO - Filling up the DagBag from /home/airflow/.local/lib/python3.7/site-packages/airflow/example_dags/example_latest_only_with_trigger.py
[2023-05-06T09:35:32.728+0000] {processor.py:809} INFO - DAG(s) dict_keys(['latest_only_with_trigger']) retrieved from /home/airflow/.local/lib/python3.7/site-packages/airflow/example_dags/example_latest_only_with_trigger.py
[2023-05-06T09:35:32.758+0000] {logging_mixin.py:149} INFO - [2023-05-06T09:35:32.757+0000] {dag.py:2726} INFO - Sync 1 DAGs
[2023-05-06T09:35:32.787+0000] {logging_mixin.py:149} INFO - [2023-05-06T09:35:32.787+0000] {dag.py:3490} INFO - Setting next_dagrun for latest_only_with_trigger to 2023-05-06T05:35:32.787387+00:00, run_after=2023-05-06T09:35:32.787387+00:00
[2023-05-06T09:35:32.808+0000] {processor.py:178} INFO - Processing /home/airflow/.local/lib/python3.7/site-packages/airflow/example_dags/example_latest_only_with_trigger.py took 0.091 seconds
[2023-05-06T09:36:04.254+0000] {processor.py:156} INFO - Started process (PID=341) to work on /home/airflow/.local/lib/python3.7/site-packages/airflow/example_dags/example_latest_only_with_trigger.py
[2023-05-06T09:36:04.255+0000] {processor.py:799} INFO - Processing file /home/airflow/.local/lib/python3.7/site-packages/airflow/example_dags/example_latest_only_with_trigger.py for tasks to queue
[2023-05-06T09:36:04.257+0000] {logging_mixin.py:149} INFO - [2023-05-06T09:36:04.257+0000] {dagbag.py:541} INFO - Filling up the DagBag from /home/airflow/.local/lib/python3.7/site-packages/airflow/example_dags/example_latest_only_with_trigger.py
[2023-05-06T09:36:04.263+0000] {processor.py:809} INFO - DAG(s) dict_keys(['latest_only_with_trigger']) retrieved from /home/airflow/.local/lib/python3.7/site-packages/airflow/example_dags/example_latest_only_with_trigger.py
[2023-05-06T09:36:04.297+0000] {logging_mixin.py:149} INFO - [2023-05-06T09:36:04.296+0000] {dag.py:2726} INFO - Sync 1 DAGs
[2023-05-06T09:36:04.340+0000] {logging_mixin.py:149} INFO - [2023-05-06T09:36:04.339+0000] {dag.py:3490} INFO - Setting next_dagrun for latest_only_with_trigger to 2023-05-06T05:36:04.339596+00:00, run_after=2023-05-06T09:36:04.339596+00:00
[2023-05-06T09:36:04.368+0000] {processor.py:178} INFO - Processing /home/airflow/.local/lib/python3.7/site-packages/airflow/example_dags/example_latest_only_with_trigger.py took 0.118 seconds
[2023-05-06T09:36:34.412+0000] {processor.py:156} INFO - Started process (PID=394) to work on /home/airflow/.local/lib/python3.7/site-packages/airflow/example_dags/example_latest_only_with_trigger.py
[2023-05-06T09:36:34.414+0000] {processor.py:799} INFO - Processing file /home/airflow/.local/lib/python3.7/site-packages/airflow/example_dags/example_latest_only_with_trigger.py for tasks to queue
[2023-05-06T09:36:34.416+0000] {logging_mixin.py:149} INFO - [2023-05-06T09:36:34.416+0000] {dagbag.py:541} INFO - Filling up the DagBag from /home/airflow/.local/lib/python3.7/site-packages/airflow/example_dags/example_latest_only_with_trigger.py
[2023-05-06T09:36:34.421+0000] {processor.py:809} INFO - DAG(s) dict_keys(['latest_only_with_trigger']) retrieved from /home/airflow/.local/lib/python3.7/site-packages/airflow/example_dags/example_latest_only_with_trigger.py
[2023-05-06T09:36:34.434+0000] {logging_mixin.py:149} INFO - [2023-05-06T09:36:34.434+0000] {dag.py:2726} INFO - Sync 1 DAGs
[2023-05-06T09:36:34.467+0000] {logging_mixin.py:149} INFO - [2023-05-06T09:36:34.467+0000] {dag.py:3490} INFO - Setting next_dagrun for latest_only_with_trigger to 2023-05-06T05:36:34.467337+00:00, run_after=2023-05-06T09:36:34.467337+00:00
[2023-05-06T09:36:34.521+0000] {processor.py:178} INFO - Processing /home/airflow/.local/lib/python3.7/site-packages/airflow/example_dags/example_latest_only_with_trigger.py took 0.111 seconds
[2023-05-06T09:37:05.286+0000] {processor.py:156} INFO - Started process (PID=447) to work on /home/airflow/.local/lib/python3.7/site-packages/airflow/example_dags/example_latest_only_with_trigger.py
[2023-05-06T09:37:05.287+0000] {processor.py:799} INFO - Processing file /home/airflow/.local/lib/python3.7/site-packages/airflow/example_dags/example_latest_only_with_trigger.py for tasks to queue
[2023-05-06T09:37:05.289+0000] {logging_mixin.py:149} INFO - [2023-05-06T09:37:05.289+0000] {dagbag.py:541} INFO - Filling up the DagBag from /home/airflow/.local/lib/python3.7/site-packages/airflow/example_dags/example_latest_only_with_trigger.py
[2023-05-06T09:37:05.294+0000] {processor.py:809} INFO - DAG(s) dict_keys(['latest_only_with_trigger']) retrieved from /home/airflow/.local/lib/python3.7/site-packages/airflow/example_dags/example_latest_only_with_trigger.py
[2023-05-06T09:37:05.326+0000] {logging_mixin.py:149} INFO - [2023-05-06T09:37:05.326+0000] {dag.py:2726} INFO - Sync 1 DAGs
[2023-05-06T09:37:05.361+0000] {logging_mixin.py:149} INFO - [2023-05-06T09:37:05.361+0000] {dag.py:3490} INFO - Setting next_dagrun for latest_only_with_trigger to 2023-05-06T05:37:05.361282+00:00, run_after=2023-05-06T09:37:05.361282+00:00
[2023-05-06T09:37:05.385+0000] {processor.py:178} INFO - Processing /home/airflow/.local/lib/python3.7/site-packages/airflow/example_dags/example_latest_only_with_trigger.py took 0.102 seconds
[2023-05-06T09:37:35.659+0000] {processor.py:156} INFO - Started process (PID=500) to work on /home/airflow/.local/lib/python3.7/site-packages/airflow/example_dags/example_latest_only_with_trigger.py
[2023-05-06T09:37:35.660+0000] {processor.py:799} INFO - Processing file /home/airflow/.local/lib/python3.7/site-packages/airflow/example_dags/example_latest_only_with_trigger.py for tasks to queue
[2023-05-06T09:37:35.661+0000] {logging_mixin.py:149} INFO - [2023-05-06T09:37:35.661+0000] {dagbag.py:541} INFO - Filling up the DagBag from /home/airflow/.local/lib/python3.7/site-packages/airflow/example_dags/example_latest_only_with_trigger.py
[2023-05-06T09:37:35.666+0000] {processor.py:809} INFO - DAG(s) dict_keys(['latest_only_with_trigger']) retrieved from /home/airflow/.local/lib/python3.7/site-packages/airflow/example_dags/example_latest_only_with_trigger.py
[2023-05-06T09:37:35.692+0000] {logging_mixin.py:149} INFO - [2023-05-06T09:37:35.691+0000] {dag.py:2726} INFO - Sync 1 DAGs
[2023-05-06T09:37:35.724+0000] {logging_mixin.py:149} INFO - [2023-05-06T09:37:35.724+0000] {dag.py:3490} INFO - Setting next_dagrun for latest_only_with_trigger to 2023-05-06T05:37:35.724664+00:00, run_after=2023-05-06T09:37:35.724664+00:00
[2023-05-06T09:37:35.745+0000] {processor.py:178} INFO - Processing /home/airflow/.local/lib/python3.7/site-packages/airflow/example_dags/example_latest_only_with_trigger.py took 0.089 seconds
[2023-05-06T09:38:06.286+0000] {processor.py:156} INFO - Started process (PID=553) to work on /home/airflow/.local/lib/python3.7/site-packages/airflow/example_dags/example_latest_only_with_trigger.py
[2023-05-06T09:38:06.287+0000] {processor.py:799} INFO - Processing file /home/airflow/.local/lib/python3.7/site-packages/airflow/example_dags/example_latest_only_with_trigger.py for tasks to queue
[2023-05-06T09:38:06.289+0000] {logging_mixin.py:149} INFO - [2023-05-06T09:38:06.289+0000] {dagbag.py:541} INFO - Filling up the DagBag from /home/airflow/.local/lib/python3.7/site-packages/airflow/example_dags/example_latest_only_with_trigger.py
[2023-05-06T09:38:06.294+0000] {processor.py:809} INFO - DAG(s) dict_keys(['latest_only_with_trigger']) retrieved from /home/airflow/.local/lib/python3.7/site-packages/airflow/example_dags/example_latest_only_with_trigger.py
[2023-05-06T09:38:06.319+0000] {logging_mixin.py:149} INFO - [2023-05-06T09:38:06.319+0000] {dag.py:2726} INFO - Sync 1 DAGs
[2023-05-06T09:38:06.352+0000] {logging_mixin.py:149} INFO - [2023-05-06T09:38:06.352+0000] {dag.py:3490} INFO - Setting next_dagrun for latest_only_with_trigger to 2023-05-06T05:38:06.351905+00:00, run_after=2023-05-06T09:38:06.351905+00:00
[2023-05-06T09:38:06.373+0000] {processor.py:178} INFO - Processing /home/airflow/.local/lib/python3.7/site-packages/airflow/example_dags/example_latest_only_with_trigger.py took 0.089 seconds
[2023-05-06T09:38:37.271+0000] {processor.py:156} INFO - Started process (PID=606) to work on /home/airflow/.local/lib/python3.7/site-packages/airflow/example_dags/example_latest_only_with_trigger.py
[2023-05-06T09:38:37.272+0000] {processor.py:799} INFO - Processing file /home/airflow/.local/lib/python3.7/site-packages/airflow/example_dags/example_latest_only_with_trigger.py for tasks to queue
[2023-05-06T09:38:37.275+0000] {logging_mixin.py:149} INFO - [2023-05-06T09:38:37.275+0000] {dagbag.py:541} INFO - Filling up the DagBag from /home/airflow/.local/lib/python3.7/site-packages/airflow/example_dags/example_latest_only_with_trigger.py
[2023-05-06T09:38:37.281+0000] {processor.py:809} INFO - DAG(s) dict_keys(['latest_only_with_trigger']) retrieved from /home/airflow/.local/lib/python3.7/site-packages/airflow/example_dags/example_latest_only_with_trigger.py
[2023-05-06T09:38:37.312+0000] {logging_mixin.py:149} INFO - [2023-05-06T09:38:37.311+0000] {dag.py:2726} INFO - Sync 1 DAGs
[2023-05-06T09:38:37.345+0000] {logging_mixin.py:149} INFO - [2023-05-06T09:38:37.345+0000] {dag.py:3490} INFO - Setting next_dagrun for latest_only_with_trigger to 2023-05-06T05:38:37.344872+00:00, run_after=2023-05-06T09:38:37.344872+00:00
[2023-05-06T09:38:37.368+0000] {processor.py:178} INFO - Processing /home/airflow/.local/lib/python3.7/site-packages/airflow/example_dags/example_latest_only_with_trigger.py took 0.101 seconds
[2023-05-06T09:39:07.775+0000] {processor.py:156} INFO - Started process (PID=660) to work on /home/airflow/.local/lib/python3.7/site-packages/airflow/example_dags/example_latest_only_with_trigger.py
[2023-05-06T09:39:07.776+0000] {processor.py:799} INFO - Processing file /home/airflow/.local/lib/python3.7/site-packages/airflow/example_dags/example_latest_only_with_trigger.py for tasks to queue
[2023-05-06T09:39:07.777+0000] {logging_mixin.py:149} INFO - [2023-05-06T09:39:07.777+0000] {dagbag.py:541} INFO - Filling up the DagBag from /home/airflow/.local/lib/python3.7/site-packages/airflow/example_dags/example_latest_only_with_trigger.py
[2023-05-06T09:39:07.782+0000] {processor.py:809} INFO - DAG(s) dict_keys(['latest_only_with_trigger']) retrieved from /home/airflow/.local/lib/python3.7/site-packages/airflow/example_dags/example_latest_only_with_trigger.py
[2023-05-06T09:39:07.804+0000] {logging_mixin.py:149} INFO - [2023-05-06T09:39:07.804+0000] {dag.py:2726} INFO - Sync 1 DAGs
[2023-05-06T09:39:07.830+0000] {logging_mixin.py:149} INFO - [2023-05-06T09:39:07.830+0000] {dag.py:3490} INFO - Setting next_dagrun for latest_only_with_trigger to 2023-05-06T05:39:07.830258+00:00, run_after=2023-05-06T09:39:07.830258+00:00
[2023-05-06T09:39:07.857+0000] {processor.py:178} INFO - Processing /home/airflow/.local/lib/python3.7/site-packages/airflow/example_dags/example_latest_only_with_trigger.py took 0.085 seconds
[2023-05-06T09:39:38.399+0000] {processor.py:156} INFO - Started process (PID=713) to work on /home/airflow/.local/lib/python3.7/site-packages/airflow/example_dags/example_latest_only_with_trigger.py
[2023-05-06T09:39:38.400+0000] {processor.py:799} INFO - Processing file /home/airflow/.local/lib/python3.7/site-packages/airflow/example_dags/example_latest_only_with_trigger.py for tasks to queue
[2023-05-06T09:39:38.401+0000] {logging_mixin.py:149} INFO - [2023-05-06T09:39:38.401+0000] {dagbag.py:541} INFO - Filling up the DagBag from /home/airflow/.local/lib/python3.7/site-packages/airflow/example_dags/example_latest_only_with_trigger.py
[2023-05-06T09:39:38.406+0000] {processor.py:809} INFO - DAG(s) dict_keys(['latest_only_with_trigger']) retrieved from /home/airflow/.local/lib/python3.7/site-packages/airflow/example_dags/example_latest_only_with_trigger.py
[2023-05-06T09:39:38.432+0000] {logging_mixin.py:149} INFO - [2023-05-06T09:39:38.431+0000] {dag.py:2726} INFO - Sync 1 DAGs
[2023-05-06T09:39:38.461+0000] {logging_mixin.py:149} INFO - [2023-05-06T09:39:38.461+0000] {dag.py:3490} INFO - Setting next_dagrun for latest_only_with_trigger to 2023-05-06T05:39:38.460892+00:00, run_after=2023-05-06T09:39:38.460892+00:00
[2023-05-06T09:39:38.488+0000] {processor.py:178} INFO - Processing /home/airflow/.local/lib/python3.7/site-packages/airflow/example_dags/example_latest_only_with_trigger.py took 0.093 seconds
[2023-05-06T09:40:08.976+0000] {processor.py:156} INFO - Started process (PID=767) to work on /home/airflow/.local/lib/python3.7/site-packages/airflow/example_dags/example_latest_only_with_trigger.py
[2023-05-06T09:40:08.977+0000] {processor.py:799} INFO - Processing file /home/airflow/.local/lib/python3.7/site-packages/airflow/example_dags/example_latest_only_with_trigger.py for tasks to queue
[2023-05-06T09:40:08.979+0000] {logging_mixin.py:149} INFO - [2023-05-06T09:40:08.979+0000] {dagbag.py:541} INFO - Filling up the DagBag from /home/airflow/.local/lib/python3.7/site-packages/airflow/example_dags/example_latest_only_with_trigger.py
[2023-05-06T09:40:08.985+0000] {processor.py:809} INFO - DAG(s) dict_keys(['latest_only_with_trigger']) retrieved from /home/airflow/.local/lib/python3.7/site-packages/airflow/example_dags/example_latest_only_with_trigger.py
[2023-05-06T09:40:09.009+0000] {logging_mixin.py:149} INFO - [2023-05-06T09:40:09.008+0000] {dag.py:2726} INFO - Sync 1 DAGs
[2023-05-06T09:40:09.038+0000] {logging_mixin.py:149} INFO - [2023-05-06T09:40:09.038+0000] {dag.py:3490} INFO - Setting next_dagrun for latest_only_with_trigger to 2023-05-06T05:40:09.038389+00:00, run_after=2023-05-06T09:40:09.038389+00:00
[2023-05-06T09:40:09.060+0000] {processor.py:178} INFO - Processing /home/airflow/.local/lib/python3.7/site-packages/airflow/example_dags/example_latest_only_with_trigger.py took 0.087 seconds
[2023-05-06T09:40:39.721+0000] {processor.py:156} INFO - Started process (PID=820) to work on /home/airflow/.local/lib/python3.7/site-packages/airflow/example_dags/example_latest_only_with_trigger.py
[2023-05-06T09:40:39.722+0000] {processor.py:799} INFO - Processing file /home/airflow/.local/lib/python3.7/site-packages/airflow/example_dags/example_latest_only_with_trigger.py for tasks to queue
[2023-05-06T09:40:39.724+0000] {logging_mixin.py:149} INFO - [2023-05-06T09:40:39.724+0000] {dagbag.py:541} INFO - Filling up the DagBag from /home/airflow/.local/lib/python3.7/site-packages/airflow/example_dags/example_latest_only_with_trigger.py
[2023-05-06T09:40:39.729+0000] {processor.py:809} INFO - DAG(s) dict_keys(['latest_only_with_trigger']) retrieved from /home/airflow/.local/lib/python3.7/site-packages/airflow/example_dags/example_latest_only_with_trigger.py
[2023-05-06T09:40:39.760+0000] {logging_mixin.py:149} INFO - [2023-05-06T09:40:39.759+0000] {dag.py:2726} INFO - Sync 1 DAGs
[2023-05-06T09:40:39.788+0000] {logging_mixin.py:149} INFO - [2023-05-06T09:40:39.788+0000] {dag.py:3490} INFO - Setting next_dagrun for latest_only_with_trigger to 2023-05-06T05:40:39.788355+00:00, run_after=2023-05-06T09:40:39.788355+00:00
[2023-05-06T09:40:39.813+0000] {processor.py:178} INFO - Processing /home/airflow/.local/lib/python3.7/site-packages/airflow/example_dags/example_latest_only_with_trigger.py took 0.095 seconds
[2023-05-06T09:41:10.406+0000] {processor.py:156} INFO - Started process (PID=874) to work on /home/airflow/.local/lib/python3.7/site-packages/airflow/example_dags/example_latest_only_with_trigger.py
[2023-05-06T09:41:10.407+0000] {processor.py:799} INFO - Processing file /home/airflow/.local/lib/python3.7/site-packages/airflow/example_dags/example_latest_only_with_trigger.py for tasks to queue
[2023-05-06T09:41:10.409+0000] {logging_mixin.py:149} INFO - [2023-05-06T09:41:10.409+0000] {dagbag.py:541} INFO - Filling up the DagBag from /home/airflow/.local/lib/python3.7/site-packages/airflow/example_dags/example_latest_only_with_trigger.py
[2023-05-06T09:41:10.414+0000] {processor.py:809} INFO - DAG(s) dict_keys(['latest_only_with_trigger']) retrieved from /home/airflow/.local/lib/python3.7/site-packages/airflow/example_dags/example_latest_only_with_trigger.py
[2023-05-06T09:41:10.444+0000] {logging_mixin.py:149} INFO - [2023-05-06T09:41:10.443+0000] {dag.py:2726} INFO - Sync 1 DAGs
[2023-05-06T09:41:10.476+0000] {logging_mixin.py:149} INFO - [2023-05-06T09:41:10.476+0000] {dag.py:3490} INFO - Setting next_dagrun for latest_only_with_trigger to 2023-05-06T05:41:10.476545+00:00, run_after=2023-05-06T09:41:10.476545+00:00
[2023-05-06T09:41:10.511+0000] {processor.py:178} INFO - Processing /home/airflow/.local/lib/python3.7/site-packages/airflow/example_dags/example_latest_only_with_trigger.py took 0.108 seconds
[2023-05-06T09:41:41.493+0000] {processor.py:156} INFO - Started process (PID=928) to work on /home/airflow/.local/lib/python3.7/site-packages/airflow/example_dags/example_latest_only_with_trigger.py
[2023-05-06T09:41:41.495+0000] {processor.py:799} INFO - Processing file /home/airflow/.local/lib/python3.7/site-packages/airflow/example_dags/example_latest_only_with_trigger.py for tasks to queue
[2023-05-06T09:41:41.497+0000] {logging_mixin.py:149} INFO - [2023-05-06T09:41:41.497+0000] {dagbag.py:541} INFO - Filling up the DagBag from /home/airflow/.local/lib/python3.7/site-packages/airflow/example_dags/example_latest_only_with_trigger.py
[2023-05-06T09:41:41.505+0000] {processor.py:809} INFO - DAG(s) dict_keys(['latest_only_with_trigger']) retrieved from /home/airflow/.local/lib/python3.7/site-packages/airflow/example_dags/example_latest_only_with_trigger.py
[2023-05-06T09:41:41.540+0000] {logging_mixin.py:149} INFO - [2023-05-06T09:41:41.539+0000] {dag.py:2726} INFO - Sync 1 DAGs
[2023-05-06T09:41:41.573+0000] {logging_mixin.py:149} INFO - [2023-05-06T09:41:41.572+0000] {dag.py:3490} INFO - Setting next_dagrun for latest_only_with_trigger to 2023-05-06T05:41:41.572739+00:00, run_after=2023-05-06T09:41:41.572739+00:00
[2023-05-06T09:41:41.606+0000] {processor.py:178} INFO - Processing /home/airflow/.local/lib/python3.7/site-packages/airflow/example_dags/example_latest_only_with_trigger.py took 0.117 seconds
[2023-05-06T09:42:12.470+0000] {processor.py:156} INFO - Started process (PID=981) to work on /home/airflow/.local/lib/python3.7/site-packages/airflow/example_dags/example_latest_only_with_trigger.py
[2023-05-06T09:42:12.471+0000] {processor.py:799} INFO - Processing file /home/airflow/.local/lib/python3.7/site-packages/airflow/example_dags/example_latest_only_with_trigger.py for tasks to queue
[2023-05-06T09:42:12.474+0000] {logging_mixin.py:149} INFO - [2023-05-06T09:42:12.474+0000] {dagbag.py:541} INFO - Filling up the DagBag from /home/airflow/.local/lib/python3.7/site-packages/airflow/example_dags/example_latest_only_with_trigger.py
[2023-05-06T09:42:12.481+0000] {processor.py:809} INFO - DAG(s) dict_keys(['latest_only_with_trigger']) retrieved from /home/airflow/.local/lib/python3.7/site-packages/airflow/example_dags/example_latest_only_with_trigger.py
[2023-05-06T09:42:12.516+0000] {logging_mixin.py:149} INFO - [2023-05-06T09:42:12.516+0000] {dag.py:2726} INFO - Sync 1 DAGs
[2023-05-06T09:42:12.554+0000] {logging_mixin.py:149} INFO - [2023-05-06T09:42:12.554+0000] {dag.py:3490} INFO - Setting next_dagrun for latest_only_with_trigger to 2023-05-06T05:42:12.553824+00:00, run_after=2023-05-06T09:42:12.553824+00:00
[2023-05-06T09:42:12.594+0000] {processor.py:178} INFO - Processing /home/airflow/.local/lib/python3.7/site-packages/airflow/example_dags/example_latest_only_with_trigger.py took 0.128 seconds
[2023-05-06T09:42:42.844+0000] {processor.py:156} INFO - Started process (PID=1041) to work on /home/airflow/.local/lib/python3.7/site-packages/airflow/example_dags/example_latest_only_with_trigger.py
[2023-05-06T09:42:42.845+0000] {processor.py:799} INFO - Processing file /home/airflow/.local/lib/python3.7/site-packages/airflow/example_dags/example_latest_only_with_trigger.py for tasks to queue
[2023-05-06T09:42:42.847+0000] {logging_mixin.py:149} INFO - [2023-05-06T09:42:42.847+0000] {dagbag.py:541} INFO - Filling up the DagBag from /home/airflow/.local/lib/python3.7/site-packages/airflow/example_dags/example_latest_only_with_trigger.py
[2023-05-06T09:42:42.853+0000] {processor.py:809} INFO - DAG(s) dict_keys(['latest_only_with_trigger']) retrieved from /home/airflow/.local/lib/python3.7/site-packages/airflow/example_dags/example_latest_only_with_trigger.py
[2023-05-06T09:42:42.886+0000] {logging_mixin.py:149} INFO - [2023-05-06T09:42:42.885+0000] {dag.py:2726} INFO - Sync 1 DAGs
[2023-05-06T09:42:42.924+0000] {logging_mixin.py:149} INFO - [2023-05-06T09:42:42.924+0000] {dag.py:3490} INFO - Setting next_dagrun for latest_only_with_trigger to 2023-05-06T05:42:42.924276+00:00, run_after=2023-05-06T09:42:42.924276+00:00
[2023-05-06T09:42:42.951+0000] {processor.py:178} INFO - Processing /home/airflow/.local/lib/python3.7/site-packages/airflow/example_dags/example_latest_only_with_trigger.py took 0.111 seconds
[2023-05-06T09:43:13.296+0000] {processor.py:156} INFO - Started process (PID=1095) to work on /home/airflow/.local/lib/python3.7/site-packages/airflow/example_dags/example_latest_only_with_trigger.py
[2023-05-06T09:43:13.297+0000] {processor.py:799} INFO - Processing file /home/airflow/.local/lib/python3.7/site-packages/airflow/example_dags/example_latest_only_with_trigger.py for tasks to queue
[2023-05-06T09:43:13.299+0000] {logging_mixin.py:149} INFO - [2023-05-06T09:43:13.299+0000] {dagbag.py:541} INFO - Filling up the DagBag from /home/airflow/.local/lib/python3.7/site-packages/airflow/example_dags/example_latest_only_with_trigger.py
[2023-05-06T09:43:13.305+0000] {processor.py:809} INFO - DAG(s) dict_keys(['latest_only_with_trigger']) retrieved from /home/airflow/.local/lib/python3.7/site-packages/airflow/example_dags/example_latest_only_with_trigger.py
[2023-05-06T09:43:13.336+0000] {logging_mixin.py:149} INFO - [2023-05-06T09:43:13.335+0000] {dag.py:2726} INFO - Sync 1 DAGs
[2023-05-06T09:43:13.364+0000] {logging_mixin.py:149} INFO - [2023-05-06T09:43:13.364+0000] {dag.py:3490} INFO - Setting next_dagrun for latest_only_with_trigger to 2023-05-06T05:43:13.364289+00:00, run_after=2023-05-06T09:43:13.364289+00:00
[2023-05-06T09:43:13.384+0000] {processor.py:178} INFO - Processing /home/airflow/.local/lib/python3.7/site-packages/airflow/example_dags/example_latest_only_with_trigger.py took 0.091 seconds
[2023-05-06T09:43:44.133+0000] {processor.py:156} INFO - Started process (PID=1149) to work on /home/airflow/.local/lib/python3.7/site-packages/airflow/example_dags/example_latest_only_with_trigger.py
[2023-05-06T09:43:44.134+0000] {processor.py:799} INFO - Processing file /home/airflow/.local/lib/python3.7/site-packages/airflow/example_dags/example_latest_only_with_trigger.py for tasks to queue
[2023-05-06T09:43:44.136+0000] {logging_mixin.py:149} INFO - [2023-05-06T09:43:44.136+0000] {dagbag.py:541} INFO - Filling up the DagBag from /home/airflow/.local/lib/python3.7/site-packages/airflow/example_dags/example_latest_only_with_trigger.py
[2023-05-06T09:43:44.142+0000] {processor.py:809} INFO - DAG(s) dict_keys(['latest_only_with_trigger']) retrieved from /home/airflow/.local/lib/python3.7/site-packages/airflow/example_dags/example_latest_only_with_trigger.py
[2023-05-06T09:43:44.172+0000] {logging_mixin.py:149} INFO - [2023-05-06T09:43:44.171+0000] {dag.py:2726} INFO - Sync 1 DAGs
[2023-05-06T09:43:44.211+0000] {logging_mixin.py:149} INFO - [2023-05-06T09:43:44.211+0000] {dag.py:3490} INFO - Setting next_dagrun for latest_only_with_trigger to 2023-05-06T05:43:44.210796+00:00, run_after=2023-05-06T09:43:44.210796+00:00
[2023-05-06T09:43:44.251+0000] {processor.py:178} INFO - Processing /home/airflow/.local/lib/python3.7/site-packages/airflow/example_dags/example_latest_only_with_trigger.py took 0.121 seconds
