[2023-05-06T09:33:29.289+0000] {processor.py:156} INFO - Started process (PID=78) to work on /home/airflow/.local/lib/python3.7/site-packages/airflow/example_dags/example_branch_python_dop_operator_3.py
[2023-05-06T09:33:29.290+0000] {processor.py:799} INFO - Processing file /home/airflow/.local/lib/python3.7/site-packages/airflow/example_dags/example_branch_python_dop_operator_3.py for tasks to queue
[2023-05-06T09:33:29.292+0000] {logging_mixin.py:149} INFO - [2023-05-06T09:33:29.292+0000] {dagbag.py:541} INFO - Filling up the DagBag from /home/airflow/.local/lib/python3.7/site-packages/airflow/example_dags/example_branch_python_dop_operator_3.py
[2023-05-06T09:33:29.303+0000] {processor.py:809} INFO - DAG(s) dict_keys(['example_branch_dop_operator_v3']) retrieved from /home/airflow/.local/lib/python3.7/site-packages/airflow/example_dags/example_branch_python_dop_operator_3.py
[2023-05-06T09:33:29.322+0000] {logging_mixin.py:149} INFO - [2023-05-06T09:33:29.320+0000] {dag.py:2726} INFO - Sync 1 DAGs
[2023-05-06T09:33:29.369+0000] {logging_mixin.py:149} INFO - [2023-05-06T09:33:29.369+0000] {dag.py:3490} INFO - Setting next_dagrun for example_branch_dop_operator_v3 to 2023-05-06T09:32:00+00:00, run_after=2023-05-06T09:33:00+00:00
[2023-05-06T09:33:29.399+0000] {processor.py:178} INFO - Processing /home/airflow/.local/lib/python3.7/site-packages/airflow/example_dags/example_branch_python_dop_operator_3.py took 0.114 seconds
[2023-05-06T09:34:00.319+0000] {processor.py:156} INFO - Started process (PID=131) to work on /home/airflow/.local/lib/python3.7/site-packages/airflow/example_dags/example_branch_python_dop_operator_3.py
[2023-05-06T09:34:00.320+0000] {processor.py:799} INFO - Processing file /home/airflow/.local/lib/python3.7/site-packages/airflow/example_dags/example_branch_python_dop_operator_3.py for tasks to queue
[2023-05-06T09:34:00.321+0000] {logging_mixin.py:149} INFO - [2023-05-06T09:34:00.321+0000] {dagbag.py:541} INFO - Filling up the DagBag from /home/airflow/.local/lib/python3.7/site-packages/airflow/example_dags/example_branch_python_dop_operator_3.py
[2023-05-06T09:34:00.328+0000] {processor.py:809} INFO - DAG(s) dict_keys(['example_branch_dop_operator_v3']) retrieved from /home/airflow/.local/lib/python3.7/site-packages/airflow/example_dags/example_branch_python_dop_operator_3.py
[2023-05-06T09:34:00.340+0000] {logging_mixin.py:149} INFO - [2023-05-06T09:34:00.339+0000] {dag.py:2726} INFO - Sync 1 DAGs
[2023-05-06T09:34:00.370+0000] {logging_mixin.py:149} INFO - [2023-05-06T09:34:00.370+0000] {dag.py:3490} INFO - Setting next_dagrun for example_branch_dop_operator_v3 to 2023-05-06T09:33:00+00:00, run_after=2023-05-06T09:34:00+00:00
[2023-05-06T09:34:00.402+0000] {processor.py:178} INFO - Processing /home/airflow/.local/lib/python3.7/site-packages/airflow/example_dags/example_branch_python_dop_operator_3.py took 0.087 seconds
[2023-05-06T09:34:31.528+0000] {processor.py:156} INFO - Started process (PID=184) to work on /home/airflow/.local/lib/python3.7/site-packages/airflow/example_dags/example_branch_python_dop_operator_3.py
[2023-05-06T09:34:31.529+0000] {processor.py:799} INFO - Processing file /home/airflow/.local/lib/python3.7/site-packages/airflow/example_dags/example_branch_python_dop_operator_3.py for tasks to queue
[2023-05-06T09:34:31.531+0000] {logging_mixin.py:149} INFO - [2023-05-06T09:34:31.531+0000] {dagbag.py:541} INFO - Filling up the DagBag from /home/airflow/.local/lib/python3.7/site-packages/airflow/example_dags/example_branch_python_dop_operator_3.py
[2023-05-06T09:34:31.539+0000] {processor.py:809} INFO - DAG(s) dict_keys(['example_branch_dop_operator_v3']) retrieved from /home/airflow/.local/lib/python3.7/site-packages/airflow/example_dags/example_branch_python_dop_operator_3.py
[2023-05-06T09:34:31.552+0000] {logging_mixin.py:149} INFO - [2023-05-06T09:34:31.551+0000] {dag.py:2726} INFO - Sync 1 DAGs
[2023-05-06T09:34:31.587+0000] {logging_mixin.py:149} INFO - [2023-05-06T09:34:31.587+0000] {dag.py:3490} INFO - Setting next_dagrun for example_branch_dop_operator_v3 to 2023-05-06T09:33:00+00:00, run_after=2023-05-06T09:34:00+00:00
[2023-05-06T09:34:31.616+0000] {processor.py:178} INFO - Processing /home/airflow/.local/lib/python3.7/site-packages/airflow/example_dags/example_branch_python_dop_operator_3.py took 0.091 seconds
[2023-05-06T09:35:02.574+0000] {processor.py:156} INFO - Started process (PID=237) to work on /home/airflow/.local/lib/python3.7/site-packages/airflow/example_dags/example_branch_python_dop_operator_3.py
[2023-05-06T09:35:02.574+0000] {processor.py:799} INFO - Processing file /home/airflow/.local/lib/python3.7/site-packages/airflow/example_dags/example_branch_python_dop_operator_3.py for tasks to queue
[2023-05-06T09:35:02.576+0000] {logging_mixin.py:149} INFO - [2023-05-06T09:35:02.576+0000] {dagbag.py:541} INFO - Filling up the DagBag from /home/airflow/.local/lib/python3.7/site-packages/airflow/example_dags/example_branch_python_dop_operator_3.py
[2023-05-06T09:35:02.584+0000] {processor.py:809} INFO - DAG(s) dict_keys(['example_branch_dop_operator_v3']) retrieved from /home/airflow/.local/lib/python3.7/site-packages/airflow/example_dags/example_branch_python_dop_operator_3.py
[2023-05-06T09:35:02.608+0000] {logging_mixin.py:149} INFO - [2023-05-06T09:35:02.607+0000] {dag.py:2726} INFO - Sync 1 DAGs
[2023-05-06T09:35:02.642+0000] {logging_mixin.py:149} INFO - [2023-05-06T09:35:02.642+0000] {dag.py:3490} INFO - Setting next_dagrun for example_branch_dop_operator_v3 to 2023-05-06T09:34:00+00:00, run_after=2023-05-06T09:35:00+00:00
[2023-05-06T09:35:02.665+0000] {processor.py:178} INFO - Processing /home/airflow/.local/lib/python3.7/site-packages/airflow/example_dags/example_branch_python_dop_operator_3.py took 0.094 seconds
[2023-05-06T09:35:32.940+0000] {processor.py:156} INFO - Started process (PID=290) to work on /home/airflow/.local/lib/python3.7/site-packages/airflow/example_dags/example_branch_python_dop_operator_3.py
[2023-05-06T09:35:32.941+0000] {processor.py:799} INFO - Processing file /home/airflow/.local/lib/python3.7/site-packages/airflow/example_dags/example_branch_python_dop_operator_3.py for tasks to queue
[2023-05-06T09:35:32.943+0000] {logging_mixin.py:149} INFO - [2023-05-06T09:35:32.943+0000] {dagbag.py:541} INFO - Filling up the DagBag from /home/airflow/.local/lib/python3.7/site-packages/airflow/example_dags/example_branch_python_dop_operator_3.py
[2023-05-06T09:35:32.950+0000] {processor.py:809} INFO - DAG(s) dict_keys(['example_branch_dop_operator_v3']) retrieved from /home/airflow/.local/lib/python3.7/site-packages/airflow/example_dags/example_branch_python_dop_operator_3.py
[2023-05-06T09:35:32.974+0000] {logging_mixin.py:149} INFO - [2023-05-06T09:35:32.973+0000] {dag.py:2726} INFO - Sync 1 DAGs
[2023-05-06T09:35:33.006+0000] {logging_mixin.py:149} INFO - [2023-05-06T09:35:33.006+0000] {dag.py:3490} INFO - Setting next_dagrun for example_branch_dop_operator_v3 to 2023-05-06T09:34:00+00:00, run_after=2023-05-06T09:35:00+00:00
[2023-05-06T09:35:33.026+0000] {processor.py:178} INFO - Processing /home/airflow/.local/lib/python3.7/site-packages/airflow/example_dags/example_branch_python_dop_operator_3.py took 0.088 seconds
[2023-05-06T09:36:04.507+0000] {processor.py:156} INFO - Started process (PID=344) to work on /home/airflow/.local/lib/python3.7/site-packages/airflow/example_dags/example_branch_python_dop_operator_3.py
[2023-05-06T09:36:04.508+0000] {processor.py:799} INFO - Processing file /home/airflow/.local/lib/python3.7/site-packages/airflow/example_dags/example_branch_python_dop_operator_3.py for tasks to queue
[2023-05-06T09:36:04.510+0000] {logging_mixin.py:149} INFO - [2023-05-06T09:36:04.510+0000] {dagbag.py:541} INFO - Filling up the DagBag from /home/airflow/.local/lib/python3.7/site-packages/airflow/example_dags/example_branch_python_dop_operator_3.py
[2023-05-06T09:36:04.517+0000] {processor.py:809} INFO - DAG(s) dict_keys(['example_branch_dop_operator_v3']) retrieved from /home/airflow/.local/lib/python3.7/site-packages/airflow/example_dags/example_branch_python_dop_operator_3.py
[2023-05-06T09:36:04.540+0000] {logging_mixin.py:149} INFO - [2023-05-06T09:36:04.539+0000] {dag.py:2726} INFO - Sync 1 DAGs
[2023-05-06T09:36:04.568+0000] {logging_mixin.py:149} INFO - [2023-05-06T09:36:04.568+0000] {dag.py:3490} INFO - Setting next_dagrun for example_branch_dop_operator_v3 to 2023-05-06T09:35:00+00:00, run_after=2023-05-06T09:36:00+00:00
[2023-05-06T09:36:04.601+0000] {processor.py:178} INFO - Processing /home/airflow/.local/lib/python3.7/site-packages/airflow/example_dags/example_branch_python_dop_operator_3.py took 0.096 seconds
[2023-05-06T09:36:34.659+0000] {processor.py:156} INFO - Started process (PID=397) to work on /home/airflow/.local/lib/python3.7/site-packages/airflow/example_dags/example_branch_python_dop_operator_3.py
[2023-05-06T09:36:34.661+0000] {processor.py:799} INFO - Processing file /home/airflow/.local/lib/python3.7/site-packages/airflow/example_dags/example_branch_python_dop_operator_3.py for tasks to queue
[2023-05-06T09:36:34.662+0000] {logging_mixin.py:149} INFO - [2023-05-06T09:36:34.662+0000] {dagbag.py:541} INFO - Filling up the DagBag from /home/airflow/.local/lib/python3.7/site-packages/airflow/example_dags/example_branch_python_dop_operator_3.py
[2023-05-06T09:36:34.669+0000] {processor.py:809} INFO - DAG(s) dict_keys(['example_branch_dop_operator_v3']) retrieved from /home/airflow/.local/lib/python3.7/site-packages/airflow/example_dags/example_branch_python_dop_operator_3.py
[2023-05-06T09:36:34.679+0000] {logging_mixin.py:149} INFO - [2023-05-06T09:36:34.678+0000] {dag.py:2726} INFO - Sync 1 DAGs
[2023-05-06T09:36:34.709+0000] {logging_mixin.py:149} INFO - [2023-05-06T09:36:34.709+0000] {dag.py:3490} INFO - Setting next_dagrun for example_branch_dop_operator_v3 to 2023-05-06T09:35:00+00:00, run_after=2023-05-06T09:36:00+00:00
[2023-05-06T09:36:34.731+0000] {processor.py:178} INFO - Processing /home/airflow/.local/lib/python3.7/site-packages/airflow/example_dags/example_branch_python_dop_operator_3.py took 0.075 seconds
[2023-05-06T09:37:05.526+0000] {processor.py:156} INFO - Started process (PID=450) to work on /home/airflow/.local/lib/python3.7/site-packages/airflow/example_dags/example_branch_python_dop_operator_3.py
[2023-05-06T09:37:05.527+0000] {processor.py:799} INFO - Processing file /home/airflow/.local/lib/python3.7/site-packages/airflow/example_dags/example_branch_python_dop_operator_3.py for tasks to queue
[2023-05-06T09:37:05.529+0000] {logging_mixin.py:149} INFO - [2023-05-06T09:37:05.529+0000] {dagbag.py:541} INFO - Filling up the DagBag from /home/airflow/.local/lib/python3.7/site-packages/airflow/example_dags/example_branch_python_dop_operator_3.py
[2023-05-06T09:37:05.536+0000] {processor.py:809} INFO - DAG(s) dict_keys(['example_branch_dop_operator_v3']) retrieved from /home/airflow/.local/lib/python3.7/site-packages/airflow/example_dags/example_branch_python_dop_operator_3.py
[2023-05-06T09:37:05.559+0000] {logging_mixin.py:149} INFO - [2023-05-06T09:37:05.559+0000] {dag.py:2726} INFO - Sync 1 DAGs
[2023-05-06T09:37:05.589+0000] {logging_mixin.py:149} INFO - [2023-05-06T09:37:05.589+0000] {dag.py:3490} INFO - Setting next_dagrun for example_branch_dop_operator_v3 to 2023-05-06T09:36:00+00:00, run_after=2023-05-06T09:37:00+00:00
[2023-05-06T09:37:05.614+0000] {processor.py:178} INFO - Processing /home/airflow/.local/lib/python3.7/site-packages/airflow/example_dags/example_branch_python_dop_operator_3.py took 0.091 seconds
[2023-05-06T09:37:35.877+0000] {processor.py:156} INFO - Started process (PID=503) to work on /home/airflow/.local/lib/python3.7/site-packages/airflow/example_dags/example_branch_python_dop_operator_3.py
[2023-05-06T09:37:35.878+0000] {processor.py:799} INFO - Processing file /home/airflow/.local/lib/python3.7/site-packages/airflow/example_dags/example_branch_python_dop_operator_3.py for tasks to queue
[2023-05-06T09:37:35.880+0000] {logging_mixin.py:149} INFO - [2023-05-06T09:37:35.880+0000] {dagbag.py:541} INFO - Filling up the DagBag from /home/airflow/.local/lib/python3.7/site-packages/airflow/example_dags/example_branch_python_dop_operator_3.py
[2023-05-06T09:37:35.887+0000] {processor.py:809} INFO - DAG(s) dict_keys(['example_branch_dop_operator_v3']) retrieved from /home/airflow/.local/lib/python3.7/site-packages/airflow/example_dags/example_branch_python_dop_operator_3.py
[2023-05-06T09:37:35.911+0000] {logging_mixin.py:149} INFO - [2023-05-06T09:37:35.910+0000] {dag.py:2726} INFO - Sync 1 DAGs
[2023-05-06T09:37:35.942+0000] {logging_mixin.py:149} INFO - [2023-05-06T09:37:35.942+0000] {dag.py:3490} INFO - Setting next_dagrun for example_branch_dop_operator_v3 to 2023-05-06T09:36:00+00:00, run_after=2023-05-06T09:37:00+00:00
[2023-05-06T09:37:35.962+0000] {processor.py:178} INFO - Processing /home/airflow/.local/lib/python3.7/site-packages/airflow/example_dags/example_branch_python_dop_operator_3.py took 0.087 seconds
[2023-05-06T09:38:06.501+0000] {processor.py:156} INFO - Started process (PID=556) to work on /home/airflow/.local/lib/python3.7/site-packages/airflow/example_dags/example_branch_python_dop_operator_3.py
[2023-05-06T09:38:06.501+0000] {processor.py:799} INFO - Processing file /home/airflow/.local/lib/python3.7/site-packages/airflow/example_dags/example_branch_python_dop_operator_3.py for tasks to queue
[2023-05-06T09:38:06.503+0000] {logging_mixin.py:149} INFO - [2023-05-06T09:38:06.503+0000] {dagbag.py:541} INFO - Filling up the DagBag from /home/airflow/.local/lib/python3.7/site-packages/airflow/example_dags/example_branch_python_dop_operator_3.py
[2023-05-06T09:38:06.511+0000] {processor.py:809} INFO - DAG(s) dict_keys(['example_branch_dop_operator_v3']) retrieved from /home/airflow/.local/lib/python3.7/site-packages/airflow/example_dags/example_branch_python_dop_operator_3.py
[2023-05-06T09:38:06.538+0000] {logging_mixin.py:149} INFO - [2023-05-06T09:38:06.537+0000] {dag.py:2726} INFO - Sync 1 DAGs
[2023-05-06T09:38:06.584+0000] {logging_mixin.py:149} INFO - [2023-05-06T09:38:06.584+0000] {dag.py:3490} INFO - Setting next_dagrun for example_branch_dop_operator_v3 to 2023-05-06T09:37:00+00:00, run_after=2023-05-06T09:38:00+00:00
[2023-05-06T09:38:06.617+0000] {processor.py:178} INFO - Processing /home/airflow/.local/lib/python3.7/site-packages/airflow/example_dags/example_branch_python_dop_operator_3.py took 0.119 seconds
[2023-05-06T09:38:37.545+0000] {processor.py:156} INFO - Started process (PID=609) to work on /home/airflow/.local/lib/python3.7/site-packages/airflow/example_dags/example_branch_python_dop_operator_3.py
[2023-05-06T09:38:37.546+0000] {processor.py:799} INFO - Processing file /home/airflow/.local/lib/python3.7/site-packages/airflow/example_dags/example_branch_python_dop_operator_3.py for tasks to queue
[2023-05-06T09:38:37.548+0000] {logging_mixin.py:149} INFO - [2023-05-06T09:38:37.548+0000] {dagbag.py:541} INFO - Filling up the DagBag from /home/airflow/.local/lib/python3.7/site-packages/airflow/example_dags/example_branch_python_dop_operator_3.py
[2023-05-06T09:38:37.559+0000] {processor.py:809} INFO - DAG(s) dict_keys(['example_branch_dop_operator_v3']) retrieved from /home/airflow/.local/lib/python3.7/site-packages/airflow/example_dags/example_branch_python_dop_operator_3.py
[2023-05-06T09:38:37.589+0000] {logging_mixin.py:149} INFO - [2023-05-06T09:38:37.589+0000] {dag.py:2726} INFO - Sync 1 DAGs
[2023-05-06T09:38:37.632+0000] {logging_mixin.py:149} INFO - [2023-05-06T09:38:37.632+0000] {dag.py:3490} INFO - Setting next_dagrun for example_branch_dop_operator_v3 to 2023-05-06T09:37:00+00:00, run_after=2023-05-06T09:38:00+00:00
[2023-05-06T09:38:37.668+0000] {processor.py:178} INFO - Processing /home/airflow/.local/lib/python3.7/site-packages/airflow/example_dags/example_branch_python_dop_operator_3.py took 0.127 seconds
[2023-05-06T09:39:07.982+0000] {processor.py:156} INFO - Started process (PID=663) to work on /home/airflow/.local/lib/python3.7/site-packages/airflow/example_dags/example_branch_python_dop_operator_3.py
[2023-05-06T09:39:07.983+0000] {processor.py:799} INFO - Processing file /home/airflow/.local/lib/python3.7/site-packages/airflow/example_dags/example_branch_python_dop_operator_3.py for tasks to queue
[2023-05-06T09:39:07.985+0000] {logging_mixin.py:149} INFO - [2023-05-06T09:39:07.984+0000] {dagbag.py:541} INFO - Filling up the DagBag from /home/airflow/.local/lib/python3.7/site-packages/airflow/example_dags/example_branch_python_dop_operator_3.py
[2023-05-06T09:39:07.992+0000] {processor.py:809} INFO - DAG(s) dict_keys(['example_branch_dop_operator_v3']) retrieved from /home/airflow/.local/lib/python3.7/site-packages/airflow/example_dags/example_branch_python_dop_operator_3.py
[2023-05-06T09:39:08.016+0000] {logging_mixin.py:149} INFO - [2023-05-06T09:39:08.016+0000] {dag.py:2726} INFO - Sync 1 DAGs
[2023-05-06T09:39:08.051+0000] {logging_mixin.py:149} INFO - [2023-05-06T09:39:08.051+0000] {dag.py:3490} INFO - Setting next_dagrun for example_branch_dop_operator_v3 to 2023-05-06T09:38:00+00:00, run_after=2023-05-06T09:39:00+00:00
[2023-05-06T09:39:08.075+0000] {processor.py:178} INFO - Processing /home/airflow/.local/lib/python3.7/site-packages/airflow/example_dags/example_branch_python_dop_operator_3.py took 0.096 seconds
[2023-05-06T09:39:38.609+0000] {processor.py:156} INFO - Started process (PID=716) to work on /home/airflow/.local/lib/python3.7/site-packages/airflow/example_dags/example_branch_python_dop_operator_3.py
[2023-05-06T09:39:38.610+0000] {processor.py:799} INFO - Processing file /home/airflow/.local/lib/python3.7/site-packages/airflow/example_dags/example_branch_python_dop_operator_3.py for tasks to queue
[2023-05-06T09:39:38.612+0000] {logging_mixin.py:149} INFO - [2023-05-06T09:39:38.611+0000] {dagbag.py:541} INFO - Filling up the DagBag from /home/airflow/.local/lib/python3.7/site-packages/airflow/example_dags/example_branch_python_dop_operator_3.py
[2023-05-06T09:39:38.621+0000] {processor.py:809} INFO - DAG(s) dict_keys(['example_branch_dop_operator_v3']) retrieved from /home/airflow/.local/lib/python3.7/site-packages/airflow/example_dags/example_branch_python_dop_operator_3.py
[2023-05-06T09:39:38.661+0000] {logging_mixin.py:149} INFO - [2023-05-06T09:39:38.660+0000] {dag.py:2726} INFO - Sync 1 DAGs
[2023-05-06T09:39:38.726+0000] {logging_mixin.py:149} INFO - [2023-05-06T09:39:38.726+0000] {dag.py:3490} INFO - Setting next_dagrun for example_branch_dop_operator_v3 to 2023-05-06T09:38:00+00:00, run_after=2023-05-06T09:39:00+00:00
[2023-05-06T09:39:38.766+0000] {processor.py:178} INFO - Processing /home/airflow/.local/lib/python3.7/site-packages/airflow/example_dags/example_branch_python_dop_operator_3.py took 0.160 seconds
[2023-05-06T09:40:09.192+0000] {processor.py:156} INFO - Started process (PID=770) to work on /home/airflow/.local/lib/python3.7/site-packages/airflow/example_dags/example_branch_python_dop_operator_3.py
[2023-05-06T09:40:09.193+0000] {processor.py:799} INFO - Processing file /home/airflow/.local/lib/python3.7/site-packages/airflow/example_dags/example_branch_python_dop_operator_3.py for tasks to queue
[2023-05-06T09:40:09.198+0000] {logging_mixin.py:149} INFO - [2023-05-06T09:40:09.198+0000] {dagbag.py:541} INFO - Filling up the DagBag from /home/airflow/.local/lib/python3.7/site-packages/airflow/example_dags/example_branch_python_dop_operator_3.py
[2023-05-06T09:40:09.219+0000] {processor.py:809} INFO - DAG(s) dict_keys(['example_branch_dop_operator_v3']) retrieved from /home/airflow/.local/lib/python3.7/site-packages/airflow/example_dags/example_branch_python_dop_operator_3.py
[2023-05-06T09:40:09.246+0000] {logging_mixin.py:149} INFO - [2023-05-06T09:40:09.245+0000] {dag.py:2726} INFO - Sync 1 DAGs
[2023-05-06T09:40:09.278+0000] {logging_mixin.py:149} INFO - [2023-05-06T09:40:09.278+0000] {dag.py:3490} INFO - Setting next_dagrun for example_branch_dop_operator_v3 to 2023-05-06T09:39:00+00:00, run_after=2023-05-06T09:40:00+00:00
[2023-05-06T09:40:09.302+0000] {processor.py:178} INFO - Processing /home/airflow/.local/lib/python3.7/site-packages/airflow/example_dags/example_branch_python_dop_operator_3.py took 0.112 seconds
[2023-05-06T09:40:40.092+0000] {processor.py:156} INFO - Started process (PID=824) to work on /home/airflow/.local/lib/python3.7/site-packages/airflow/example_dags/example_branch_python_dop_operator_3.py
[2023-05-06T09:40:40.093+0000] {processor.py:799} INFO - Processing file /home/airflow/.local/lib/python3.7/site-packages/airflow/example_dags/example_branch_python_dop_operator_3.py for tasks to queue
[2023-05-06T09:40:40.094+0000] {logging_mixin.py:149} INFO - [2023-05-06T09:40:40.094+0000] {dagbag.py:541} INFO - Filling up the DagBag from /home/airflow/.local/lib/python3.7/site-packages/airflow/example_dags/example_branch_python_dop_operator_3.py
[2023-05-06T09:40:40.103+0000] {processor.py:809} INFO - DAG(s) dict_keys(['example_branch_dop_operator_v3']) retrieved from /home/airflow/.local/lib/python3.7/site-packages/airflow/example_dags/example_branch_python_dop_operator_3.py
[2023-05-06T09:40:40.129+0000] {logging_mixin.py:149} INFO - [2023-05-06T09:40:40.128+0000] {dag.py:2726} INFO - Sync 1 DAGs
[2023-05-06T09:40:40.174+0000] {logging_mixin.py:149} INFO - [2023-05-06T09:40:40.174+0000] {dag.py:3490} INFO - Setting next_dagrun for example_branch_dop_operator_v3 to 2023-05-06T09:39:00+00:00, run_after=2023-05-06T09:40:00+00:00
[2023-05-06T09:40:40.209+0000] {processor.py:178} INFO - Processing /home/airflow/.local/lib/python3.7/site-packages/airflow/example_dags/example_branch_python_dop_operator_3.py took 0.121 seconds
[2023-05-06T09:41:10.665+0000] {processor.py:156} INFO - Started process (PID=877) to work on /home/airflow/.local/lib/python3.7/site-packages/airflow/example_dags/example_branch_python_dop_operator_3.py
[2023-05-06T09:41:10.667+0000] {processor.py:799} INFO - Processing file /home/airflow/.local/lib/python3.7/site-packages/airflow/example_dags/example_branch_python_dop_operator_3.py for tasks to queue
[2023-05-06T09:41:10.668+0000] {logging_mixin.py:149} INFO - [2023-05-06T09:41:10.668+0000] {dagbag.py:541} INFO - Filling up the DagBag from /home/airflow/.local/lib/python3.7/site-packages/airflow/example_dags/example_branch_python_dop_operator_3.py
[2023-05-06T09:41:10.676+0000] {processor.py:809} INFO - DAG(s) dict_keys(['example_branch_dop_operator_v3']) retrieved from /home/airflow/.local/lib/python3.7/site-packages/airflow/example_dags/example_branch_python_dop_operator_3.py
[2023-05-06T09:41:10.701+0000] {logging_mixin.py:149} INFO - [2023-05-06T09:41:10.700+0000] {dag.py:2726} INFO - Sync 1 DAGs
[2023-05-06T09:41:10.739+0000] {logging_mixin.py:149} INFO - [2023-05-06T09:41:10.739+0000] {dag.py:3490} INFO - Setting next_dagrun for example_branch_dop_operator_v3 to 2023-05-06T09:40:00+00:00, run_after=2023-05-06T09:41:00+00:00
[2023-05-06T09:41:10.773+0000] {processor.py:178} INFO - Processing /home/airflow/.local/lib/python3.7/site-packages/airflow/example_dags/example_branch_python_dop_operator_3.py took 0.111 seconds
[2023-05-06T09:41:41.794+0000] {processor.py:156} INFO - Started process (PID=931) to work on /home/airflow/.local/lib/python3.7/site-packages/airflow/example_dags/example_branch_python_dop_operator_3.py
[2023-05-06T09:41:41.796+0000] {processor.py:799} INFO - Processing file /home/airflow/.local/lib/python3.7/site-packages/airflow/example_dags/example_branch_python_dop_operator_3.py for tasks to queue
[2023-05-06T09:41:41.798+0000] {logging_mixin.py:149} INFO - [2023-05-06T09:41:41.798+0000] {dagbag.py:541} INFO - Filling up the DagBag from /home/airflow/.local/lib/python3.7/site-packages/airflow/example_dags/example_branch_python_dop_operator_3.py
[2023-05-06T09:41:41.809+0000] {processor.py:809} INFO - DAG(s) dict_keys(['example_branch_dop_operator_v3']) retrieved from /home/airflow/.local/lib/python3.7/site-packages/airflow/example_dags/example_branch_python_dop_operator_3.py
[2023-05-06T09:41:41.848+0000] {logging_mixin.py:149} INFO - [2023-05-06T09:41:41.847+0000] {dag.py:2726} INFO - Sync 1 DAGs
[2023-05-06T09:41:41.901+0000] {logging_mixin.py:149} INFO - [2023-05-06T09:41:41.901+0000] {dag.py:3490} INFO - Setting next_dagrun for example_branch_dop_operator_v3 to 2023-05-06T09:40:00+00:00, run_after=2023-05-06T09:41:00+00:00
[2023-05-06T09:41:41.929+0000] {processor.py:178} INFO - Processing /home/airflow/.local/lib/python3.7/site-packages/airflow/example_dags/example_branch_python_dop_operator_3.py took 0.140 seconds
[2023-05-06T09:42:12.790+0000] {processor.py:156} INFO - Started process (PID=991) to work on /home/airflow/.local/lib/python3.7/site-packages/airflow/example_dags/example_branch_python_dop_operator_3.py
[2023-05-06T09:42:12.791+0000] {processor.py:799} INFO - Processing file /home/airflow/.local/lib/python3.7/site-packages/airflow/example_dags/example_branch_python_dop_operator_3.py for tasks to queue
[2023-05-06T09:42:12.793+0000] {logging_mixin.py:149} INFO - [2023-05-06T09:42:12.793+0000] {dagbag.py:541} INFO - Filling up the DagBag from /home/airflow/.local/lib/python3.7/site-packages/airflow/example_dags/example_branch_python_dop_operator_3.py
[2023-05-06T09:42:12.801+0000] {processor.py:809} INFO - DAG(s) dict_keys(['example_branch_dop_operator_v3']) retrieved from /home/airflow/.local/lib/python3.7/site-packages/airflow/example_dags/example_branch_python_dop_operator_3.py
[2023-05-06T09:42:12.829+0000] {logging_mixin.py:149} INFO - [2023-05-06T09:42:12.829+0000] {dag.py:2726} INFO - Sync 1 DAGs
[2023-05-06T09:42:12.871+0000] {logging_mixin.py:149} INFO - [2023-05-06T09:42:12.871+0000] {dag.py:3490} INFO - Setting next_dagrun for example_branch_dop_operator_v3 to 2023-05-06T09:41:00+00:00, run_after=2023-05-06T09:42:00+00:00
[2023-05-06T09:42:12.896+0000] {processor.py:178} INFO - Processing /home/airflow/.local/lib/python3.7/site-packages/airflow/example_dags/example_branch_python_dop_operator_3.py took 0.110 seconds
[2023-05-06T09:42:43.090+0000] {processor.py:156} INFO - Started process (PID=1044) to work on /home/airflow/.local/lib/python3.7/site-packages/airflow/example_dags/example_branch_python_dop_operator_3.py
[2023-05-06T09:42:43.091+0000] {processor.py:799} INFO - Processing file /home/airflow/.local/lib/python3.7/site-packages/airflow/example_dags/example_branch_python_dop_operator_3.py for tasks to queue
[2023-05-06T09:42:43.094+0000] {logging_mixin.py:149} INFO - [2023-05-06T09:42:43.093+0000] {dagbag.py:541} INFO - Filling up the DagBag from /home/airflow/.local/lib/python3.7/site-packages/airflow/example_dags/example_branch_python_dop_operator_3.py
[2023-05-06T09:42:43.104+0000] {processor.py:809} INFO - DAG(s) dict_keys(['example_branch_dop_operator_v3']) retrieved from /home/airflow/.local/lib/python3.7/site-packages/airflow/example_dags/example_branch_python_dop_operator_3.py
[2023-05-06T09:42:43.140+0000] {logging_mixin.py:149} INFO - [2023-05-06T09:42:43.138+0000] {dag.py:2726} INFO - Sync 1 DAGs
[2023-05-06T09:42:43.186+0000] {logging_mixin.py:149} INFO - [2023-05-06T09:42:43.186+0000] {dag.py:3490} INFO - Setting next_dagrun for example_branch_dop_operator_v3 to 2023-05-06T09:41:00+00:00, run_after=2023-05-06T09:42:00+00:00
[2023-05-06T09:42:43.218+0000] {processor.py:178} INFO - Processing /home/airflow/.local/lib/python3.7/site-packages/airflow/example_dags/example_branch_python_dop_operator_3.py took 0.131 seconds
[2023-05-06T09:43:13.486+0000] {processor.py:156} INFO - Started process (PID=1097) to work on /home/airflow/.local/lib/python3.7/site-packages/airflow/example_dags/example_branch_python_dop_operator_3.py
[2023-05-06T09:43:13.487+0000] {processor.py:799} INFO - Processing file /home/airflow/.local/lib/python3.7/site-packages/airflow/example_dags/example_branch_python_dop_operator_3.py for tasks to queue
[2023-05-06T09:43:13.489+0000] {logging_mixin.py:149} INFO - [2023-05-06T09:43:13.489+0000] {dagbag.py:541} INFO - Filling up the DagBag from /home/airflow/.local/lib/python3.7/site-packages/airflow/example_dags/example_branch_python_dop_operator_3.py
[2023-05-06T09:43:13.498+0000] {processor.py:809} INFO - DAG(s) dict_keys(['example_branch_dop_operator_v3']) retrieved from /home/airflow/.local/lib/python3.7/site-packages/airflow/example_dags/example_branch_python_dop_operator_3.py
[2023-05-06T09:43:13.518+0000] {logging_mixin.py:149} INFO - [2023-05-06T09:43:13.517+0000] {dag.py:2726} INFO - Sync 1 DAGs
[2023-05-06T09:43:13.544+0000] {logging_mixin.py:149} INFO - [2023-05-06T09:43:13.544+0000] {dag.py:3490} INFO - Setting next_dagrun for example_branch_dop_operator_v3 to 2023-05-06T09:42:00+00:00, run_after=2023-05-06T09:43:00+00:00
[2023-05-06T09:43:13.565+0000] {processor.py:178} INFO - Processing /home/airflow/.local/lib/python3.7/site-packages/airflow/example_dags/example_branch_python_dop_operator_3.py took 0.082 seconds
[2023-05-06T09:43:44.452+0000] {processor.py:156} INFO - Started process (PID=1152) to work on /home/airflow/.local/lib/python3.7/site-packages/airflow/example_dags/example_branch_python_dop_operator_3.py
[2023-05-06T09:43:44.457+0000] {processor.py:799} INFO - Processing file /home/airflow/.local/lib/python3.7/site-packages/airflow/example_dags/example_branch_python_dop_operator_3.py for tasks to queue
[2023-05-06T09:43:44.459+0000] {logging_mixin.py:149} INFO - [2023-05-06T09:43:44.459+0000] {dagbag.py:541} INFO - Filling up the DagBag from /home/airflow/.local/lib/python3.7/site-packages/airflow/example_dags/example_branch_python_dop_operator_3.py
[2023-05-06T09:43:44.469+0000] {processor.py:809} INFO - DAG(s) dict_keys(['example_branch_dop_operator_v3']) retrieved from /home/airflow/.local/lib/python3.7/site-packages/airflow/example_dags/example_branch_python_dop_operator_3.py
[2023-05-06T09:43:44.498+0000] {logging_mixin.py:149} INFO - [2023-05-06T09:43:44.498+0000] {dag.py:2726} INFO - Sync 1 DAGs
[2023-05-06T09:43:44.542+0000] {logging_mixin.py:149} INFO - [2023-05-06T09:43:44.542+0000] {dag.py:3490} INFO - Setting next_dagrun for example_branch_dop_operator_v3 to 2023-05-06T09:42:00+00:00, run_after=2023-05-06T09:43:00+00:00
[2023-05-06T09:43:44.567+0000] {processor.py:178} INFO - Processing /home/airflow/.local/lib/python3.7/site-packages/airflow/example_dags/example_branch_python_dop_operator_3.py took 0.122 seconds
