[2023-05-06T09:33:29.043+0000] {processor.py:156} INFO - Started process (PID=73) to work on /home/airflow/.local/lib/python3.7/site-packages/airflow/example_dags/example_complex.py
[2023-05-06T09:33:29.044+0000] {processor.py:799} INFO - Processing file /home/airflow/.local/lib/python3.7/site-packages/airflow/example_dags/example_complex.py for tasks to queue
[2023-05-06T09:33:29.046+0000] {logging_mixin.py:149} INFO - [2023-05-06T09:33:29.046+0000] {dagbag.py:541} INFO - Filling up the DagBag from /home/airflow/.local/lib/python3.7/site-packages/airflow/example_dags/example_complex.py
[2023-05-06T09:33:29.059+0000] {logging_mixin.py:149} INFO - [2023-05-06T09:33:29.059+0000] {taskmixin.py:211} WARNING - Dependency <Task(BashOperator): create_entry_group>, delete_entry_group already registered for DAG: example_complex
[2023-05-06T09:33:29.060+0000] {logging_mixin.py:149} INFO - [2023-05-06T09:33:29.059+0000] {taskmixin.py:211} WARNING - Dependency <Task(BashOperator): delete_entry_group>, create_entry_group already registered for DAG: example_complex
[2023-05-06T09:33:29.060+0000] {logging_mixin.py:149} INFO - [2023-05-06T09:33:29.060+0000] {taskmixin.py:211} WARNING - Dependency <Task(BashOperator): create_entry_gcs>, delete_entry already registered for DAG: example_complex
[2023-05-06T09:33:29.060+0000] {logging_mixin.py:149} INFO - [2023-05-06T09:33:29.060+0000] {taskmixin.py:211} WARNING - Dependency <Task(BashOperator): delete_entry>, create_entry_gcs already registered for DAG: example_complex
[2023-05-06T09:33:29.060+0000] {logging_mixin.py:149} INFO - [2023-05-06T09:33:29.060+0000] {taskmixin.py:211} WARNING - Dependency <Task(BashOperator): create_tag>, delete_tag already registered for DAG: example_complex
[2023-05-06T09:33:29.061+0000] {logging_mixin.py:149} INFO - [2023-05-06T09:33:29.061+0000] {taskmixin.py:211} WARNING - Dependency <Task(BashOperator): delete_tag>, create_tag already registered for DAG: example_complex
[2023-05-06T09:33:29.062+0000] {processor.py:809} INFO - DAG(s) dict_keys(['example_complex']) retrieved from /home/airflow/.local/lib/python3.7/site-packages/airflow/example_dags/example_complex.py
[2023-05-06T09:33:29.074+0000] {logging_mixin.py:149} INFO - [2023-05-06T09:33:29.074+0000] {dag.py:2726} INFO - Sync 1 DAGs
[2023-05-06T09:33:29.104+0000] {logging_mixin.py:149} INFO - [2023-05-06T09:33:29.103+0000] {dag.py:3490} INFO - Setting next_dagrun for example_complex to None, run_after=None
[2023-05-06T09:33:29.124+0000] {processor.py:178} INFO - Processing /home/airflow/.local/lib/python3.7/site-packages/airflow/example_dags/example_complex.py took 0.084 seconds
[2023-05-06T09:33:59.962+0000] {processor.py:156} INFO - Started process (PID=126) to work on /home/airflow/.local/lib/python3.7/site-packages/airflow/example_dags/example_complex.py
[2023-05-06T09:33:59.963+0000] {processor.py:799} INFO - Processing file /home/airflow/.local/lib/python3.7/site-packages/airflow/example_dags/example_complex.py for tasks to queue
[2023-05-06T09:33:59.965+0000] {logging_mixin.py:149} INFO - [2023-05-06T09:33:59.965+0000] {dagbag.py:541} INFO - Filling up the DagBag from /home/airflow/.local/lib/python3.7/site-packages/airflow/example_dags/example_complex.py
[2023-05-06T09:33:59.975+0000] {logging_mixin.py:149} INFO - [2023-05-06T09:33:59.975+0000] {taskmixin.py:211} WARNING - Dependency <Task(BashOperator): create_entry_group>, delete_entry_group already registered for DAG: example_complex
[2023-05-06T09:33:59.976+0000] {logging_mixin.py:149} INFO - [2023-05-06T09:33:59.975+0000] {taskmixin.py:211} WARNING - Dependency <Task(BashOperator): delete_entry_group>, create_entry_group already registered for DAG: example_complex
[2023-05-06T09:33:59.976+0000] {logging_mixin.py:149} INFO - [2023-05-06T09:33:59.976+0000] {taskmixin.py:211} WARNING - Dependency <Task(BashOperator): create_entry_gcs>, delete_entry already registered for DAG: example_complex
[2023-05-06T09:33:59.976+0000] {logging_mixin.py:149} INFO - [2023-05-06T09:33:59.976+0000] {taskmixin.py:211} WARNING - Dependency <Task(BashOperator): delete_entry>, create_entry_gcs already registered for DAG: example_complex
[2023-05-06T09:33:59.976+0000] {logging_mixin.py:149} INFO - [2023-05-06T09:33:59.976+0000] {taskmixin.py:211} WARNING - Dependency <Task(BashOperator): create_tag>, delete_tag already registered for DAG: example_complex
[2023-05-06T09:33:59.977+0000] {logging_mixin.py:149} INFO - [2023-05-06T09:33:59.976+0000] {taskmixin.py:211} WARNING - Dependency <Task(BashOperator): delete_tag>, create_tag already registered for DAG: example_complex
[2023-05-06T09:33:59.978+0000] {processor.py:809} INFO - DAG(s) dict_keys(['example_complex']) retrieved from /home/airflow/.local/lib/python3.7/site-packages/airflow/example_dags/example_complex.py
[2023-05-06T09:33:59.990+0000] {logging_mixin.py:149} INFO - [2023-05-06T09:33:59.990+0000] {dag.py:2726} INFO - Sync 1 DAGs
[2023-05-06T09:34:00.016+0000] {logging_mixin.py:149} INFO - [2023-05-06T09:34:00.015+0000] {dag.py:3490} INFO - Setting next_dagrun for example_complex to None, run_after=None
[2023-05-06T09:34:00.041+0000] {processor.py:178} INFO - Processing /home/airflow/.local/lib/python3.7/site-packages/airflow/example_dags/example_complex.py took 0.082 seconds
[2023-05-06T09:34:31.184+0000] {processor.py:156} INFO - Started process (PID=179) to work on /home/airflow/.local/lib/python3.7/site-packages/airflow/example_dags/example_complex.py
[2023-05-06T09:34:31.185+0000] {processor.py:799} INFO - Processing file /home/airflow/.local/lib/python3.7/site-packages/airflow/example_dags/example_complex.py for tasks to queue
[2023-05-06T09:34:31.186+0000] {logging_mixin.py:149} INFO - [2023-05-06T09:34:31.186+0000] {dagbag.py:541} INFO - Filling up the DagBag from /home/airflow/.local/lib/python3.7/site-packages/airflow/example_dags/example_complex.py
[2023-05-06T09:34:31.199+0000] {logging_mixin.py:149} INFO - [2023-05-06T09:34:31.199+0000] {taskmixin.py:211} WARNING - Dependency <Task(BashOperator): create_entry_group>, delete_entry_group already registered for DAG: example_complex
[2023-05-06T09:34:31.200+0000] {logging_mixin.py:149} INFO - [2023-05-06T09:34:31.200+0000] {taskmixin.py:211} WARNING - Dependency <Task(BashOperator): delete_entry_group>, create_entry_group already registered for DAG: example_complex
[2023-05-06T09:34:31.200+0000] {logging_mixin.py:149} INFO - [2023-05-06T09:34:31.200+0000] {taskmixin.py:211} WARNING - Dependency <Task(BashOperator): create_entry_gcs>, delete_entry already registered for DAG: example_complex
[2023-05-06T09:34:31.200+0000] {logging_mixin.py:149} INFO - [2023-05-06T09:34:31.200+0000] {taskmixin.py:211} WARNING - Dependency <Task(BashOperator): delete_entry>, create_entry_gcs already registered for DAG: example_complex
[2023-05-06T09:34:31.201+0000] {logging_mixin.py:149} INFO - [2023-05-06T09:34:31.201+0000] {taskmixin.py:211} WARNING - Dependency <Task(BashOperator): create_tag>, delete_tag already registered for DAG: example_complex
[2023-05-06T09:34:31.201+0000] {logging_mixin.py:149} INFO - [2023-05-06T09:34:31.201+0000] {taskmixin.py:211} WARNING - Dependency <Task(BashOperator): delete_tag>, create_tag already registered for DAG: example_complex
[2023-05-06T09:34:31.203+0000] {processor.py:809} INFO - DAG(s) dict_keys(['example_complex']) retrieved from /home/airflow/.local/lib/python3.7/site-packages/airflow/example_dags/example_complex.py
[2023-05-06T09:34:31.216+0000] {logging_mixin.py:149} INFO - [2023-05-06T09:34:31.216+0000] {dag.py:2726} INFO - Sync 1 DAGs
[2023-05-06T09:34:31.251+0000] {logging_mixin.py:149} INFO - [2023-05-06T09:34:31.251+0000] {dag.py:3490} INFO - Setting next_dagrun for example_complex to None, run_after=None
[2023-05-06T09:34:31.275+0000] {processor.py:178} INFO - Processing /home/airflow/.local/lib/python3.7/site-packages/airflow/example_dags/example_complex.py took 0.095 seconds
[2023-05-06T09:35:02.136+0000] {processor.py:156} INFO - Started process (PID=232) to work on /home/airflow/.local/lib/python3.7/site-packages/airflow/example_dags/example_complex.py
[2023-05-06T09:35:02.137+0000] {processor.py:799} INFO - Processing file /home/airflow/.local/lib/python3.7/site-packages/airflow/example_dags/example_complex.py for tasks to queue
[2023-05-06T09:35:02.138+0000] {logging_mixin.py:149} INFO - [2023-05-06T09:35:02.138+0000] {dagbag.py:541} INFO - Filling up the DagBag from /home/airflow/.local/lib/python3.7/site-packages/airflow/example_dags/example_complex.py
[2023-05-06T09:35:02.149+0000] {logging_mixin.py:149} INFO - [2023-05-06T09:35:02.149+0000] {taskmixin.py:211} WARNING - Dependency <Task(BashOperator): create_entry_group>, delete_entry_group already registered for DAG: example_complex
[2023-05-06T09:35:02.149+0000] {logging_mixin.py:149} INFO - [2023-05-06T09:35:02.149+0000] {taskmixin.py:211} WARNING - Dependency <Task(BashOperator): delete_entry_group>, create_entry_group already registered for DAG: example_complex
[2023-05-06T09:35:02.149+0000] {logging_mixin.py:149} INFO - [2023-05-06T09:35:02.149+0000] {taskmixin.py:211} WARNING - Dependency <Task(BashOperator): create_entry_gcs>, delete_entry already registered for DAG: example_complex
[2023-05-06T09:35:02.149+0000] {logging_mixin.py:149} INFO - [2023-05-06T09:35:02.149+0000] {taskmixin.py:211} WARNING - Dependency <Task(BashOperator): delete_entry>, create_entry_gcs already registered for DAG: example_complex
[2023-05-06T09:35:02.150+0000] {logging_mixin.py:149} INFO - [2023-05-06T09:35:02.149+0000] {taskmixin.py:211} WARNING - Dependency <Task(BashOperator): create_tag>, delete_tag already registered for DAG: example_complex
[2023-05-06T09:35:02.150+0000] {logging_mixin.py:149} INFO - [2023-05-06T09:35:02.150+0000] {taskmixin.py:211} WARNING - Dependency <Task(BashOperator): delete_tag>, create_tag already registered for DAG: example_complex
[2023-05-06T09:35:02.151+0000] {processor.py:809} INFO - DAG(s) dict_keys(['example_complex']) retrieved from /home/airflow/.local/lib/python3.7/site-packages/airflow/example_dags/example_complex.py
[2023-05-06T09:35:02.181+0000] {logging_mixin.py:149} INFO - [2023-05-06T09:35:02.180+0000] {dag.py:2726} INFO - Sync 1 DAGs
[2023-05-06T09:35:02.206+0000] {logging_mixin.py:149} INFO - [2023-05-06T09:35:02.206+0000] {dag.py:3490} INFO - Setting next_dagrun for example_complex to None, run_after=None
[2023-05-06T09:35:02.225+0000] {processor.py:178} INFO - Processing /home/airflow/.local/lib/python3.7/site-packages/airflow/example_dags/example_complex.py took 0.092 seconds
[2023-05-06T09:35:32.603+0000] {processor.py:156} INFO - Started process (PID=285) to work on /home/airflow/.local/lib/python3.7/site-packages/airflow/example_dags/example_complex.py
[2023-05-06T09:35:32.604+0000] {processor.py:799} INFO - Processing file /home/airflow/.local/lib/python3.7/site-packages/airflow/example_dags/example_complex.py for tasks to queue
[2023-05-06T09:35:32.605+0000] {logging_mixin.py:149} INFO - [2023-05-06T09:35:32.605+0000] {dagbag.py:541} INFO - Filling up the DagBag from /home/airflow/.local/lib/python3.7/site-packages/airflow/example_dags/example_complex.py
[2023-05-06T09:35:32.615+0000] {logging_mixin.py:149} INFO - [2023-05-06T09:35:32.615+0000] {taskmixin.py:211} WARNING - Dependency <Task(BashOperator): create_entry_group>, delete_entry_group already registered for DAG: example_complex
[2023-05-06T09:35:32.615+0000] {logging_mixin.py:149} INFO - [2023-05-06T09:35:32.615+0000] {taskmixin.py:211} WARNING - Dependency <Task(BashOperator): delete_entry_group>, create_entry_group already registered for DAG: example_complex
[2023-05-06T09:35:32.615+0000] {logging_mixin.py:149} INFO - [2023-05-06T09:35:32.615+0000] {taskmixin.py:211} WARNING - Dependency <Task(BashOperator): create_entry_gcs>, delete_entry already registered for DAG: example_complex
[2023-05-06T09:35:32.615+0000] {logging_mixin.py:149} INFO - [2023-05-06T09:35:32.615+0000] {taskmixin.py:211} WARNING - Dependency <Task(BashOperator): delete_entry>, create_entry_gcs already registered for DAG: example_complex
[2023-05-06T09:35:32.616+0000] {logging_mixin.py:149} INFO - [2023-05-06T09:35:32.616+0000] {taskmixin.py:211} WARNING - Dependency <Task(BashOperator): create_tag>, delete_tag already registered for DAG: example_complex
[2023-05-06T09:35:32.616+0000] {logging_mixin.py:149} INFO - [2023-05-06T09:35:32.616+0000] {taskmixin.py:211} WARNING - Dependency <Task(BashOperator): delete_tag>, create_tag already registered for DAG: example_complex
[2023-05-06T09:35:32.617+0000] {processor.py:809} INFO - DAG(s) dict_keys(['example_complex']) retrieved from /home/airflow/.local/lib/python3.7/site-packages/airflow/example_dags/example_complex.py
[2023-05-06T09:35:32.649+0000] {logging_mixin.py:149} INFO - [2023-05-06T09:35:32.649+0000] {dag.py:2726} INFO - Sync 1 DAGs
[2023-05-06T09:35:32.673+0000] {logging_mixin.py:149} INFO - [2023-05-06T09:35:32.673+0000] {dag.py:3490} INFO - Setting next_dagrun for example_complex to None, run_after=None
[2023-05-06T09:35:32.697+0000] {processor.py:178} INFO - Processing /home/airflow/.local/lib/python3.7/site-packages/airflow/example_dags/example_complex.py took 0.096 seconds
[2023-05-06T09:36:04.007+0000] {processor.py:156} INFO - Started process (PID=339) to work on /home/airflow/.local/lib/python3.7/site-packages/airflow/example_dags/example_complex.py
[2023-05-06T09:36:04.008+0000] {processor.py:799} INFO - Processing file /home/airflow/.local/lib/python3.7/site-packages/airflow/example_dags/example_complex.py for tasks to queue
[2023-05-06T09:36:04.010+0000] {logging_mixin.py:149} INFO - [2023-05-06T09:36:04.009+0000] {dagbag.py:541} INFO - Filling up the DagBag from /home/airflow/.local/lib/python3.7/site-packages/airflow/example_dags/example_complex.py
[2023-05-06T09:36:04.022+0000] {logging_mixin.py:149} INFO - [2023-05-06T09:36:04.022+0000] {taskmixin.py:211} WARNING - Dependency <Task(BashOperator): create_entry_group>, delete_entry_group already registered for DAG: example_complex
[2023-05-06T09:36:04.022+0000] {logging_mixin.py:149} INFO - [2023-05-06T09:36:04.022+0000] {taskmixin.py:211} WARNING - Dependency <Task(BashOperator): delete_entry_group>, create_entry_group already registered for DAG: example_complex
[2023-05-06T09:36:04.023+0000] {logging_mixin.py:149} INFO - [2023-05-06T09:36:04.023+0000] {taskmixin.py:211} WARNING - Dependency <Task(BashOperator): create_entry_gcs>, delete_entry already registered for DAG: example_complex
[2023-05-06T09:36:04.023+0000] {logging_mixin.py:149} INFO - [2023-05-06T09:36:04.023+0000] {taskmixin.py:211} WARNING - Dependency <Task(BashOperator): delete_entry>, create_entry_gcs already registered for DAG: example_complex
[2023-05-06T09:36:04.023+0000] {logging_mixin.py:149} INFO - [2023-05-06T09:36:04.023+0000] {taskmixin.py:211} WARNING - Dependency <Task(BashOperator): create_tag>, delete_tag already registered for DAG: example_complex
[2023-05-06T09:36:04.023+0000] {logging_mixin.py:149} INFO - [2023-05-06T09:36:04.023+0000] {taskmixin.py:211} WARNING - Dependency <Task(BashOperator): delete_tag>, create_tag already registered for DAG: example_complex
[2023-05-06T09:36:04.025+0000] {processor.py:809} INFO - DAG(s) dict_keys(['example_complex']) retrieved from /home/airflow/.local/lib/python3.7/site-packages/airflow/example_dags/example_complex.py
[2023-05-06T09:36:04.062+0000] {logging_mixin.py:149} INFO - [2023-05-06T09:36:04.062+0000] {dag.py:2726} INFO - Sync 1 DAGs
[2023-05-06T09:36:04.093+0000] {logging_mixin.py:149} INFO - [2023-05-06T09:36:04.093+0000] {dag.py:3490} INFO - Setting next_dagrun for example_complex to None, run_after=None
[2023-05-06T09:36:04.120+0000] {processor.py:178} INFO - Processing /home/airflow/.local/lib/python3.7/site-packages/airflow/example_dags/example_complex.py took 0.116 seconds
[2023-05-06T09:36:34.243+0000] {processor.py:156} INFO - Started process (PID=392) to work on /home/airflow/.local/lib/python3.7/site-packages/airflow/example_dags/example_complex.py
[2023-05-06T09:36:34.244+0000] {processor.py:799} INFO - Processing file /home/airflow/.local/lib/python3.7/site-packages/airflow/example_dags/example_complex.py for tasks to queue
[2023-05-06T09:36:34.246+0000] {logging_mixin.py:149} INFO - [2023-05-06T09:36:34.246+0000] {dagbag.py:541} INFO - Filling up the DagBag from /home/airflow/.local/lib/python3.7/site-packages/airflow/example_dags/example_complex.py
[2023-05-06T09:36:34.258+0000] {logging_mixin.py:149} INFO - [2023-05-06T09:36:34.258+0000] {taskmixin.py:211} WARNING - Dependency <Task(BashOperator): create_entry_group>, delete_entry_group already registered for DAG: example_complex
[2023-05-06T09:36:34.259+0000] {logging_mixin.py:149} INFO - [2023-05-06T09:36:34.259+0000] {taskmixin.py:211} WARNING - Dependency <Task(BashOperator): delete_entry_group>, create_entry_group already registered for DAG: example_complex
[2023-05-06T09:36:34.259+0000] {logging_mixin.py:149} INFO - [2023-05-06T09:36:34.259+0000] {taskmixin.py:211} WARNING - Dependency <Task(BashOperator): create_entry_gcs>, delete_entry already registered for DAG: example_complex
[2023-05-06T09:36:34.259+0000] {logging_mixin.py:149} INFO - [2023-05-06T09:36:34.259+0000] {taskmixin.py:211} WARNING - Dependency <Task(BashOperator): delete_entry>, create_entry_gcs already registered for DAG: example_complex
[2023-05-06T09:36:34.260+0000] {logging_mixin.py:149} INFO - [2023-05-06T09:36:34.260+0000] {taskmixin.py:211} WARNING - Dependency <Task(BashOperator): create_tag>, delete_tag already registered for DAG: example_complex
[2023-05-06T09:36:34.260+0000] {logging_mixin.py:149} INFO - [2023-05-06T09:36:34.260+0000] {taskmixin.py:211} WARNING - Dependency <Task(BashOperator): delete_tag>, create_tag already registered for DAG: example_complex
[2023-05-06T09:36:34.262+0000] {processor.py:809} INFO - DAG(s) dict_keys(['example_complex']) retrieved from /home/airflow/.local/lib/python3.7/site-packages/airflow/example_dags/example_complex.py
[2023-05-06T09:36:34.276+0000] {logging_mixin.py:149} INFO - [2023-05-06T09:36:34.276+0000] {dag.py:2726} INFO - Sync 1 DAGs
[2023-05-06T09:36:34.322+0000] {logging_mixin.py:149} INFO - [2023-05-06T09:36:34.321+0000] {dag.py:3490} INFO - Setting next_dagrun for example_complex to None, run_after=None
[2023-05-06T09:36:34.345+0000] {processor.py:178} INFO - Processing /home/airflow/.local/lib/python3.7/site-packages/airflow/example_dags/example_complex.py took 0.105 seconds
[2023-05-06T09:37:05.060+0000] {processor.py:156} INFO - Started process (PID=445) to work on /home/airflow/.local/lib/python3.7/site-packages/airflow/example_dags/example_complex.py
[2023-05-06T09:37:05.061+0000] {processor.py:799} INFO - Processing file /home/airflow/.local/lib/python3.7/site-packages/airflow/example_dags/example_complex.py for tasks to queue
[2023-05-06T09:37:05.062+0000] {logging_mixin.py:149} INFO - [2023-05-06T09:37:05.062+0000] {dagbag.py:541} INFO - Filling up the DagBag from /home/airflow/.local/lib/python3.7/site-packages/airflow/example_dags/example_complex.py
[2023-05-06T09:37:05.075+0000] {logging_mixin.py:149} INFO - [2023-05-06T09:37:05.075+0000] {taskmixin.py:211} WARNING - Dependency <Task(BashOperator): create_entry_group>, delete_entry_group already registered for DAG: example_complex
[2023-05-06T09:37:05.075+0000] {logging_mixin.py:149} INFO - [2023-05-06T09:37:05.075+0000] {taskmixin.py:211} WARNING - Dependency <Task(BashOperator): delete_entry_group>, create_entry_group already registered for DAG: example_complex
[2023-05-06T09:37:05.076+0000] {logging_mixin.py:149} INFO - [2023-05-06T09:37:05.076+0000] {taskmixin.py:211} WARNING - Dependency <Task(BashOperator): create_entry_gcs>, delete_entry already registered for DAG: example_complex
[2023-05-06T09:37:05.076+0000] {logging_mixin.py:149} INFO - [2023-05-06T09:37:05.076+0000] {taskmixin.py:211} WARNING - Dependency <Task(BashOperator): delete_entry>, create_entry_gcs already registered for DAG: example_complex
[2023-05-06T09:37:05.077+0000] {logging_mixin.py:149} INFO - [2023-05-06T09:37:05.076+0000] {taskmixin.py:211} WARNING - Dependency <Task(BashOperator): create_tag>, delete_tag already registered for DAG: example_complex
[2023-05-06T09:37:05.077+0000] {logging_mixin.py:149} INFO - [2023-05-06T09:37:05.077+0000] {taskmixin.py:211} WARNING - Dependency <Task(BashOperator): delete_tag>, create_tag already registered for DAG: example_complex
[2023-05-06T09:37:05.079+0000] {processor.py:809} INFO - DAG(s) dict_keys(['example_complex']) retrieved from /home/airflow/.local/lib/python3.7/site-packages/airflow/example_dags/example_complex.py
[2023-05-06T09:37:05.114+0000] {logging_mixin.py:149} INFO - [2023-05-06T09:37:05.114+0000] {dag.py:2726} INFO - Sync 1 DAGs
[2023-05-06T09:37:05.139+0000] {logging_mixin.py:149} INFO - [2023-05-06T09:37:05.139+0000] {dag.py:3490} INFO - Setting next_dagrun for example_complex to None, run_after=None
[2023-05-06T09:37:05.167+0000] {processor.py:178} INFO - Processing /home/airflow/.local/lib/python3.7/site-packages/airflow/example_dags/example_complex.py took 0.110 seconds
[2023-05-06T09:37:35.550+0000] {processor.py:156} INFO - Started process (PID=498) to work on /home/airflow/.local/lib/python3.7/site-packages/airflow/example_dags/example_complex.py
[2023-05-06T09:37:35.551+0000] {processor.py:799} INFO - Processing file /home/airflow/.local/lib/python3.7/site-packages/airflow/example_dags/example_complex.py for tasks to queue
[2023-05-06T09:37:35.553+0000] {logging_mixin.py:149} INFO - [2023-05-06T09:37:35.553+0000] {dagbag.py:541} INFO - Filling up the DagBag from /home/airflow/.local/lib/python3.7/site-packages/airflow/example_dags/example_complex.py
[2023-05-06T09:37:35.562+0000] {logging_mixin.py:149} INFO - [2023-05-06T09:37:35.562+0000] {taskmixin.py:211} WARNING - Dependency <Task(BashOperator): create_entry_group>, delete_entry_group already registered for DAG: example_complex
[2023-05-06T09:37:35.562+0000] {logging_mixin.py:149} INFO - [2023-05-06T09:37:35.562+0000] {taskmixin.py:211} WARNING - Dependency <Task(BashOperator): delete_entry_group>, create_entry_group already registered for DAG: example_complex
[2023-05-06T09:37:35.563+0000] {logging_mixin.py:149} INFO - [2023-05-06T09:37:35.563+0000] {taskmixin.py:211} WARNING - Dependency <Task(BashOperator): create_entry_gcs>, delete_entry already registered for DAG: example_complex
[2023-05-06T09:37:35.563+0000] {logging_mixin.py:149} INFO - [2023-05-06T09:37:35.563+0000] {taskmixin.py:211} WARNING - Dependency <Task(BashOperator): delete_entry>, create_entry_gcs already registered for DAG: example_complex
[2023-05-06T09:37:35.563+0000] {logging_mixin.py:149} INFO - [2023-05-06T09:37:35.563+0000] {taskmixin.py:211} WARNING - Dependency <Task(BashOperator): create_tag>, delete_tag already registered for DAG: example_complex
[2023-05-06T09:37:35.563+0000] {logging_mixin.py:149} INFO - [2023-05-06T09:37:35.563+0000] {taskmixin.py:211} WARNING - Dependency <Task(BashOperator): delete_tag>, create_tag already registered for DAG: example_complex
[2023-05-06T09:37:35.565+0000] {processor.py:809} INFO - DAG(s) dict_keys(['example_complex']) retrieved from /home/airflow/.local/lib/python3.7/site-packages/airflow/example_dags/example_complex.py
[2023-05-06T09:37:35.595+0000] {logging_mixin.py:149} INFO - [2023-05-06T09:37:35.594+0000] {dag.py:2726} INFO - Sync 1 DAGs
[2023-05-06T09:37:35.616+0000] {logging_mixin.py:149} INFO - [2023-05-06T09:37:35.616+0000] {dag.py:3490} INFO - Setting next_dagrun for example_complex to None, run_after=None
[2023-05-06T09:37:35.636+0000] {processor.py:178} INFO - Processing /home/airflow/.local/lib/python3.7/site-packages/airflow/example_dags/example_complex.py took 0.088 seconds
[2023-05-06T09:38:06.140+0000] {processor.py:156} INFO - Started process (PID=551) to work on /home/airflow/.local/lib/python3.7/site-packages/airflow/example_dags/example_complex.py
[2023-05-06T09:38:06.141+0000] {processor.py:799} INFO - Processing file /home/airflow/.local/lib/python3.7/site-packages/airflow/example_dags/example_complex.py for tasks to queue
[2023-05-06T09:38:06.142+0000] {logging_mixin.py:149} INFO - [2023-05-06T09:38:06.142+0000] {dagbag.py:541} INFO - Filling up the DagBag from /home/airflow/.local/lib/python3.7/site-packages/airflow/example_dags/example_complex.py
[2023-05-06T09:38:06.153+0000] {logging_mixin.py:149} INFO - [2023-05-06T09:38:06.153+0000] {taskmixin.py:211} WARNING - Dependency <Task(BashOperator): create_entry_group>, delete_entry_group already registered for DAG: example_complex
[2023-05-06T09:38:06.153+0000] {logging_mixin.py:149} INFO - [2023-05-06T09:38:06.153+0000] {taskmixin.py:211} WARNING - Dependency <Task(BashOperator): delete_entry_group>, create_entry_group already registered for DAG: example_complex
[2023-05-06T09:38:06.153+0000] {logging_mixin.py:149} INFO - [2023-05-06T09:38:06.153+0000] {taskmixin.py:211} WARNING - Dependency <Task(BashOperator): create_entry_gcs>, delete_entry already registered for DAG: example_complex
[2023-05-06T09:38:06.154+0000] {logging_mixin.py:149} INFO - [2023-05-06T09:38:06.154+0000] {taskmixin.py:211} WARNING - Dependency <Task(BashOperator): delete_entry>, create_entry_gcs already registered for DAG: example_complex
[2023-05-06T09:38:06.154+0000] {logging_mixin.py:149} INFO - [2023-05-06T09:38:06.154+0000] {taskmixin.py:211} WARNING - Dependency <Task(BashOperator): create_tag>, delete_tag already registered for DAG: example_complex
[2023-05-06T09:38:06.154+0000] {logging_mixin.py:149} INFO - [2023-05-06T09:38:06.154+0000] {taskmixin.py:211} WARNING - Dependency <Task(BashOperator): delete_tag>, create_tag already registered for DAG: example_complex
[2023-05-06T09:38:06.156+0000] {processor.py:809} INFO - DAG(s) dict_keys(['example_complex']) retrieved from /home/airflow/.local/lib/python3.7/site-packages/airflow/example_dags/example_complex.py
[2023-05-06T09:38:06.196+0000] {logging_mixin.py:149} INFO - [2023-05-06T09:38:06.196+0000] {dag.py:2726} INFO - Sync 1 DAGs
[2023-05-06T09:38:06.235+0000] {logging_mixin.py:149} INFO - [2023-05-06T09:38:06.235+0000] {dag.py:3490} INFO - Setting next_dagrun for example_complex to None, run_after=None
[2023-05-06T09:38:06.263+0000] {processor.py:178} INFO - Processing /home/airflow/.local/lib/python3.7/site-packages/airflow/example_dags/example_complex.py took 0.126 seconds
[2023-05-06T09:38:37.104+0000] {processor.py:156} INFO - Started process (PID=604) to work on /home/airflow/.local/lib/python3.7/site-packages/airflow/example_dags/example_complex.py
[2023-05-06T09:38:37.106+0000] {processor.py:799} INFO - Processing file /home/airflow/.local/lib/python3.7/site-packages/airflow/example_dags/example_complex.py for tasks to queue
[2023-05-06T09:38:37.109+0000] {logging_mixin.py:149} INFO - [2023-05-06T09:38:37.109+0000] {dagbag.py:541} INFO - Filling up the DagBag from /home/airflow/.local/lib/python3.7/site-packages/airflow/example_dags/example_complex.py
[2023-05-06T09:38:37.126+0000] {logging_mixin.py:149} INFO - [2023-05-06T09:38:37.126+0000] {taskmixin.py:211} WARNING - Dependency <Task(BashOperator): create_entry_group>, delete_entry_group already registered for DAG: example_complex
[2023-05-06T09:38:37.126+0000] {logging_mixin.py:149} INFO - [2023-05-06T09:38:37.126+0000] {taskmixin.py:211} WARNING - Dependency <Task(BashOperator): delete_entry_group>, create_entry_group already registered for DAG: example_complex
[2023-05-06T09:38:37.127+0000] {logging_mixin.py:149} INFO - [2023-05-06T09:38:37.127+0000] {taskmixin.py:211} WARNING - Dependency <Task(BashOperator): create_entry_gcs>, delete_entry already registered for DAG: example_complex
[2023-05-06T09:38:37.127+0000] {logging_mixin.py:149} INFO - [2023-05-06T09:38:37.127+0000] {taskmixin.py:211} WARNING - Dependency <Task(BashOperator): delete_entry>, create_entry_gcs already registered for DAG: example_complex
[2023-05-06T09:38:37.128+0000] {logging_mixin.py:149} INFO - [2023-05-06T09:38:37.127+0000] {taskmixin.py:211} WARNING - Dependency <Task(BashOperator): create_tag>, delete_tag already registered for DAG: example_complex
[2023-05-06T09:38:37.128+0000] {logging_mixin.py:149} INFO - [2023-05-06T09:38:37.128+0000] {taskmixin.py:211} WARNING - Dependency <Task(BashOperator): delete_tag>, create_tag already registered for DAG: example_complex
[2023-05-06T09:38:37.130+0000] {processor.py:809} INFO - DAG(s) dict_keys(['example_complex']) retrieved from /home/airflow/.local/lib/python3.7/site-packages/airflow/example_dags/example_complex.py
[2023-05-06T09:38:37.179+0000] {logging_mixin.py:149} INFO - [2023-05-06T09:38:37.179+0000] {dag.py:2726} INFO - Sync 1 DAGs
[2023-05-06T09:38:37.221+0000] {logging_mixin.py:149} INFO - [2023-05-06T09:38:37.220+0000] {dag.py:3490} INFO - Setting next_dagrun for example_complex to None, run_after=None
[2023-05-06T09:38:37.246+0000] {processor.py:178} INFO - Processing /home/airflow/.local/lib/python3.7/site-packages/airflow/example_dags/example_complex.py took 0.148 seconds
[2023-05-06T09:39:07.629+0000] {processor.py:156} INFO - Started process (PID=658) to work on /home/airflow/.local/lib/python3.7/site-packages/airflow/example_dags/example_complex.py
[2023-05-06T09:39:07.631+0000] {processor.py:799} INFO - Processing file /home/airflow/.local/lib/python3.7/site-packages/airflow/example_dags/example_complex.py for tasks to queue
[2023-05-06T09:39:07.633+0000] {logging_mixin.py:149} INFO - [2023-05-06T09:39:07.633+0000] {dagbag.py:541} INFO - Filling up the DagBag from /home/airflow/.local/lib/python3.7/site-packages/airflow/example_dags/example_complex.py
[2023-05-06T09:39:07.648+0000] {logging_mixin.py:149} INFO - [2023-05-06T09:39:07.648+0000] {taskmixin.py:211} WARNING - Dependency <Task(BashOperator): create_entry_group>, delete_entry_group already registered for DAG: example_complex
[2023-05-06T09:39:07.648+0000] {logging_mixin.py:149} INFO - [2023-05-06T09:39:07.648+0000] {taskmixin.py:211} WARNING - Dependency <Task(BashOperator): delete_entry_group>, create_entry_group already registered for DAG: example_complex
[2023-05-06T09:39:07.649+0000] {logging_mixin.py:149} INFO - [2023-05-06T09:39:07.648+0000] {taskmixin.py:211} WARNING - Dependency <Task(BashOperator): create_entry_gcs>, delete_entry already registered for DAG: example_complex
[2023-05-06T09:39:07.649+0000] {logging_mixin.py:149} INFO - [2023-05-06T09:39:07.649+0000] {taskmixin.py:211} WARNING - Dependency <Task(BashOperator): delete_entry>, create_entry_gcs already registered for DAG: example_complex
[2023-05-06T09:39:07.649+0000] {logging_mixin.py:149} INFO - [2023-05-06T09:39:07.649+0000] {taskmixin.py:211} WARNING - Dependency <Task(BashOperator): create_tag>, delete_tag already registered for DAG: example_complex
[2023-05-06T09:39:07.649+0000] {logging_mixin.py:149} INFO - [2023-05-06T09:39:07.649+0000] {taskmixin.py:211} WARNING - Dependency <Task(BashOperator): delete_tag>, create_tag already registered for DAG: example_complex
[2023-05-06T09:39:07.651+0000] {processor.py:809} INFO - DAG(s) dict_keys(['example_complex']) retrieved from /home/airflow/.local/lib/python3.7/site-packages/airflow/example_dags/example_complex.py
[2023-05-06T09:39:07.689+0000] {logging_mixin.py:149} INFO - [2023-05-06T09:39:07.689+0000] {dag.py:2726} INFO - Sync 1 DAGs
[2023-05-06T09:39:07.720+0000] {logging_mixin.py:149} INFO - [2023-05-06T09:39:07.720+0000] {dag.py:3490} INFO - Setting next_dagrun for example_complex to None, run_after=None
[2023-05-06T09:39:07.748+0000] {processor.py:178} INFO - Processing /home/airflow/.local/lib/python3.7/site-packages/airflow/example_dags/example_complex.py took 0.123 seconds
[2023-05-06T09:39:38.276+0000] {processor.py:156} INFO - Started process (PID=711) to work on /home/airflow/.local/lib/python3.7/site-packages/airflow/example_dags/example_complex.py
[2023-05-06T09:39:38.277+0000] {processor.py:799} INFO - Processing file /home/airflow/.local/lib/python3.7/site-packages/airflow/example_dags/example_complex.py for tasks to queue
[2023-05-06T09:39:38.279+0000] {logging_mixin.py:149} INFO - [2023-05-06T09:39:38.279+0000] {dagbag.py:541} INFO - Filling up the DagBag from /home/airflow/.local/lib/python3.7/site-packages/airflow/example_dags/example_complex.py
[2023-05-06T09:39:38.290+0000] {logging_mixin.py:149} INFO - [2023-05-06T09:39:38.290+0000] {taskmixin.py:211} WARNING - Dependency <Task(BashOperator): create_entry_group>, delete_entry_group already registered for DAG: example_complex
[2023-05-06T09:39:38.291+0000] {logging_mixin.py:149} INFO - [2023-05-06T09:39:38.291+0000] {taskmixin.py:211} WARNING - Dependency <Task(BashOperator): delete_entry_group>, create_entry_group already registered for DAG: example_complex
[2023-05-06T09:39:38.291+0000] {logging_mixin.py:149} INFO - [2023-05-06T09:39:38.291+0000] {taskmixin.py:211} WARNING - Dependency <Task(BashOperator): create_entry_gcs>, delete_entry already registered for DAG: example_complex
[2023-05-06T09:39:38.291+0000] {logging_mixin.py:149} INFO - [2023-05-06T09:39:38.291+0000] {taskmixin.py:211} WARNING - Dependency <Task(BashOperator): delete_entry>, create_entry_gcs already registered for DAG: example_complex
[2023-05-06T09:39:38.292+0000] {logging_mixin.py:149} INFO - [2023-05-06T09:39:38.291+0000] {taskmixin.py:211} WARNING - Dependency <Task(BashOperator): create_tag>, delete_tag already registered for DAG: example_complex
[2023-05-06T09:39:38.292+0000] {logging_mixin.py:149} INFO - [2023-05-06T09:39:38.292+0000] {taskmixin.py:211} WARNING - Dependency <Task(BashOperator): delete_tag>, create_tag already registered for DAG: example_complex
[2023-05-06T09:39:38.293+0000] {processor.py:809} INFO - DAG(s) dict_keys(['example_complex']) retrieved from /home/airflow/.local/lib/python3.7/site-packages/airflow/example_dags/example_complex.py
[2023-05-06T09:39:38.329+0000] {logging_mixin.py:149} INFO - [2023-05-06T09:39:38.329+0000] {dag.py:2726} INFO - Sync 1 DAGs
[2023-05-06T09:39:38.361+0000] {logging_mixin.py:149} INFO - [2023-05-06T09:39:38.361+0000] {dag.py:3490} INFO - Setting next_dagrun for example_complex to None, run_after=None
[2023-05-06T09:39:38.381+0000] {processor.py:178} INFO - Processing /home/airflow/.local/lib/python3.7/site-packages/airflow/example_dags/example_complex.py took 0.107 seconds
[2023-05-06T09:40:08.840+0000] {processor.py:156} INFO - Started process (PID=765) to work on /home/airflow/.local/lib/python3.7/site-packages/airflow/example_dags/example_complex.py
[2023-05-06T09:40:08.841+0000] {processor.py:799} INFO - Processing file /home/airflow/.local/lib/python3.7/site-packages/airflow/example_dags/example_complex.py for tasks to queue
[2023-05-06T09:40:08.843+0000] {logging_mixin.py:149} INFO - [2023-05-06T09:40:08.843+0000] {dagbag.py:541} INFO - Filling up the DagBag from /home/airflow/.local/lib/python3.7/site-packages/airflow/example_dags/example_complex.py
[2023-05-06T09:40:08.855+0000] {logging_mixin.py:149} INFO - [2023-05-06T09:40:08.855+0000] {taskmixin.py:211} WARNING - Dependency <Task(BashOperator): create_entry_group>, delete_entry_group already registered for DAG: example_complex
[2023-05-06T09:40:08.855+0000] {logging_mixin.py:149} INFO - [2023-05-06T09:40:08.855+0000] {taskmixin.py:211} WARNING - Dependency <Task(BashOperator): delete_entry_group>, create_entry_group already registered for DAG: example_complex
[2023-05-06T09:40:08.856+0000] {logging_mixin.py:149} INFO - [2023-05-06T09:40:08.856+0000] {taskmixin.py:211} WARNING - Dependency <Task(BashOperator): create_entry_gcs>, delete_entry already registered for DAG: example_complex
[2023-05-06T09:40:08.856+0000] {logging_mixin.py:149} INFO - [2023-05-06T09:40:08.856+0000] {taskmixin.py:211} WARNING - Dependency <Task(BashOperator): delete_entry>, create_entry_gcs already registered for DAG: example_complex
[2023-05-06T09:40:08.856+0000] {logging_mixin.py:149} INFO - [2023-05-06T09:40:08.856+0000] {taskmixin.py:211} WARNING - Dependency <Task(BashOperator): create_tag>, delete_tag already registered for DAG: example_complex
[2023-05-06T09:40:08.857+0000] {logging_mixin.py:149} INFO - [2023-05-06T09:40:08.856+0000] {taskmixin.py:211} WARNING - Dependency <Task(BashOperator): delete_tag>, create_tag already registered for DAG: example_complex
[2023-05-06T09:40:08.858+0000] {processor.py:809} INFO - DAG(s) dict_keys(['example_complex']) retrieved from /home/airflow/.local/lib/python3.7/site-packages/airflow/example_dags/example_complex.py
[2023-05-06T09:40:08.895+0000] {logging_mixin.py:149} INFO - [2023-05-06T09:40:08.895+0000] {dag.py:2726} INFO - Sync 1 DAGs
[2023-05-06T09:40:08.925+0000] {logging_mixin.py:149} INFO - [2023-05-06T09:40:08.924+0000] {dag.py:3490} INFO - Setting next_dagrun for example_complex to None, run_after=None
[2023-05-06T09:40:08.950+0000] {processor.py:178} INFO - Processing /home/airflow/.local/lib/python3.7/site-packages/airflow/example_dags/example_complex.py took 0.113 seconds
[2023-05-06T09:40:39.601+0000] {processor.py:156} INFO - Started process (PID=818) to work on /home/airflow/.local/lib/python3.7/site-packages/airflow/example_dags/example_complex.py
[2023-05-06T09:40:39.601+0000] {processor.py:799} INFO - Processing file /home/airflow/.local/lib/python3.7/site-packages/airflow/example_dags/example_complex.py for tasks to queue
[2023-05-06T09:40:39.603+0000] {logging_mixin.py:149} INFO - [2023-05-06T09:40:39.603+0000] {dagbag.py:541} INFO - Filling up the DagBag from /home/airflow/.local/lib/python3.7/site-packages/airflow/example_dags/example_complex.py
[2023-05-06T09:40:39.614+0000] {logging_mixin.py:149} INFO - [2023-05-06T09:40:39.614+0000] {taskmixin.py:211} WARNING - Dependency <Task(BashOperator): create_entry_group>, delete_entry_group already registered for DAG: example_complex
[2023-05-06T09:40:39.615+0000] {logging_mixin.py:149} INFO - [2023-05-06T09:40:39.615+0000] {taskmixin.py:211} WARNING - Dependency <Task(BashOperator): delete_entry_group>, create_entry_group already registered for DAG: example_complex
[2023-05-06T09:40:39.615+0000] {logging_mixin.py:149} INFO - [2023-05-06T09:40:39.615+0000] {taskmixin.py:211} WARNING - Dependency <Task(BashOperator): create_entry_gcs>, delete_entry already registered for DAG: example_complex
[2023-05-06T09:40:39.615+0000] {logging_mixin.py:149} INFO - [2023-05-06T09:40:39.615+0000] {taskmixin.py:211} WARNING - Dependency <Task(BashOperator): delete_entry>, create_entry_gcs already registered for DAG: example_complex
[2023-05-06T09:40:39.616+0000] {logging_mixin.py:149} INFO - [2023-05-06T09:40:39.616+0000] {taskmixin.py:211} WARNING - Dependency <Task(BashOperator): create_tag>, delete_tag already registered for DAG: example_complex
[2023-05-06T09:40:39.616+0000] {logging_mixin.py:149} INFO - [2023-05-06T09:40:39.616+0000] {taskmixin.py:211} WARNING - Dependency <Task(BashOperator): delete_tag>, create_tag already registered for DAG: example_complex
[2023-05-06T09:40:39.618+0000] {processor.py:809} INFO - DAG(s) dict_keys(['example_complex']) retrieved from /home/airflow/.local/lib/python3.7/site-packages/airflow/example_dags/example_complex.py
[2023-05-06T09:40:39.662+0000] {logging_mixin.py:149} INFO - [2023-05-06T09:40:39.662+0000] {dag.py:2726} INFO - Sync 1 DAGs
[2023-05-06T09:40:39.691+0000] {logging_mixin.py:149} INFO - [2023-05-06T09:40:39.691+0000] {dag.py:3490} INFO - Setting next_dagrun for example_complex to None, run_after=None
[2023-05-06T09:40:39.720+0000] {processor.py:178} INFO - Processing /home/airflow/.local/lib/python3.7/site-packages/airflow/example_dags/example_complex.py took 0.122 seconds
[2023-05-06T09:41:10.215+0000] {processor.py:156} INFO - Started process (PID=872) to work on /home/airflow/.local/lib/python3.7/site-packages/airflow/example_dags/example_complex.py
[2023-05-06T09:41:10.216+0000] {processor.py:799} INFO - Processing file /home/airflow/.local/lib/python3.7/site-packages/airflow/example_dags/example_complex.py for tasks to queue
[2023-05-06T09:41:10.218+0000] {logging_mixin.py:149} INFO - [2023-05-06T09:41:10.218+0000] {dagbag.py:541} INFO - Filling up the DagBag from /home/airflow/.local/lib/python3.7/site-packages/airflow/example_dags/example_complex.py
[2023-05-06T09:41:10.230+0000] {logging_mixin.py:149} INFO - [2023-05-06T09:41:10.230+0000] {taskmixin.py:211} WARNING - Dependency <Task(BashOperator): create_entry_group>, delete_entry_group already registered for DAG: example_complex
[2023-05-06T09:41:10.231+0000] {logging_mixin.py:149} INFO - [2023-05-06T09:41:10.231+0000] {taskmixin.py:211} WARNING - Dependency <Task(BashOperator): delete_entry_group>, create_entry_group already registered for DAG: example_complex
[2023-05-06T09:41:10.231+0000] {logging_mixin.py:149} INFO - [2023-05-06T09:41:10.231+0000] {taskmixin.py:211} WARNING - Dependency <Task(BashOperator): create_entry_gcs>, delete_entry already registered for DAG: example_complex
[2023-05-06T09:41:10.231+0000] {logging_mixin.py:149} INFO - [2023-05-06T09:41:10.231+0000] {taskmixin.py:211} WARNING - Dependency <Task(BashOperator): delete_entry>, create_entry_gcs already registered for DAG: example_complex
[2023-05-06T09:41:10.232+0000] {logging_mixin.py:149} INFO - [2023-05-06T09:41:10.232+0000] {taskmixin.py:211} WARNING - Dependency <Task(BashOperator): create_tag>, delete_tag already registered for DAG: example_complex
[2023-05-06T09:41:10.232+0000] {logging_mixin.py:149} INFO - [2023-05-06T09:41:10.232+0000] {taskmixin.py:211} WARNING - Dependency <Task(BashOperator): delete_tag>, create_tag already registered for DAG: example_complex
[2023-05-06T09:41:10.234+0000] {processor.py:809} INFO - DAG(s) dict_keys(['example_complex']) retrieved from /home/airflow/.local/lib/python3.7/site-packages/airflow/example_dags/example_complex.py
[2023-05-06T09:41:10.295+0000] {logging_mixin.py:149} INFO - [2023-05-06T09:41:10.295+0000] {dag.py:2726} INFO - Sync 1 DAGs
[2023-05-06T09:41:10.346+0000] {logging_mixin.py:149} INFO - [2023-05-06T09:41:10.346+0000] {dag.py:3490} INFO - Setting next_dagrun for example_complex to None, run_after=None
[2023-05-06T09:41:10.378+0000] {processor.py:178} INFO - Processing /home/airflow/.local/lib/python3.7/site-packages/airflow/example_dags/example_complex.py took 0.166 seconds
[2023-05-06T09:41:41.318+0000] {processor.py:156} INFO - Started process (PID=926) to work on /home/airflow/.local/lib/python3.7/site-packages/airflow/example_dags/example_complex.py
[2023-05-06T09:41:41.320+0000] {processor.py:799} INFO - Processing file /home/airflow/.local/lib/python3.7/site-packages/airflow/example_dags/example_complex.py for tasks to queue
[2023-05-06T09:41:41.321+0000] {logging_mixin.py:149} INFO - [2023-05-06T09:41:41.321+0000] {dagbag.py:541} INFO - Filling up the DagBag from /home/airflow/.local/lib/python3.7/site-packages/airflow/example_dags/example_complex.py
[2023-05-06T09:41:41.340+0000] {logging_mixin.py:149} INFO - [2023-05-06T09:41:41.339+0000] {taskmixin.py:211} WARNING - Dependency <Task(BashOperator): create_entry_group>, delete_entry_group already registered for DAG: example_complex
[2023-05-06T09:41:41.340+0000] {logging_mixin.py:149} INFO - [2023-05-06T09:41:41.340+0000] {taskmixin.py:211} WARNING - Dependency <Task(BashOperator): delete_entry_group>, create_entry_group already registered for DAG: example_complex
[2023-05-06T09:41:41.341+0000] {logging_mixin.py:149} INFO - [2023-05-06T09:41:41.340+0000] {taskmixin.py:211} WARNING - Dependency <Task(BashOperator): create_entry_gcs>, delete_entry already registered for DAG: example_complex
[2023-05-06T09:41:41.341+0000] {logging_mixin.py:149} INFO - [2023-05-06T09:41:41.341+0000] {taskmixin.py:211} WARNING - Dependency <Task(BashOperator): delete_entry>, create_entry_gcs already registered for DAG: example_complex
[2023-05-06T09:41:41.342+0000] {logging_mixin.py:149} INFO - [2023-05-06T09:41:41.341+0000] {taskmixin.py:211} WARNING - Dependency <Task(BashOperator): create_tag>, delete_tag already registered for DAG: example_complex
[2023-05-06T09:41:41.342+0000] {logging_mixin.py:149} INFO - [2023-05-06T09:41:41.342+0000] {taskmixin.py:211} WARNING - Dependency <Task(BashOperator): delete_tag>, create_tag already registered for DAG: example_complex
[2023-05-06T09:41:41.346+0000] {processor.py:809} INFO - DAG(s) dict_keys(['example_complex']) retrieved from /home/airflow/.local/lib/python3.7/site-packages/airflow/example_dags/example_complex.py
[2023-05-06T09:41:41.399+0000] {logging_mixin.py:149} INFO - [2023-05-06T09:41:41.398+0000] {dag.py:2726} INFO - Sync 1 DAGs
[2023-05-06T09:41:41.437+0000] {logging_mixin.py:149} INFO - [2023-05-06T09:41:41.437+0000] {dag.py:3490} INFO - Setting next_dagrun for example_complex to None, run_after=None
[2023-05-06T09:41:41.465+0000] {processor.py:178} INFO - Processing /home/airflow/.local/lib/python3.7/site-packages/airflow/example_dags/example_complex.py took 0.150 seconds
[2023-05-06T09:42:12.308+0000] {processor.py:156} INFO - Started process (PID=979) to work on /home/airflow/.local/lib/python3.7/site-packages/airflow/example_dags/example_complex.py
[2023-05-06T09:42:12.309+0000] {processor.py:799} INFO - Processing file /home/airflow/.local/lib/python3.7/site-packages/airflow/example_dags/example_complex.py for tasks to queue
[2023-05-06T09:42:12.311+0000] {logging_mixin.py:149} INFO - [2023-05-06T09:42:12.311+0000] {dagbag.py:541} INFO - Filling up the DagBag from /home/airflow/.local/lib/python3.7/site-packages/airflow/example_dags/example_complex.py
[2023-05-06T09:42:12.324+0000] {logging_mixin.py:149} INFO - [2023-05-06T09:42:12.323+0000] {taskmixin.py:211} WARNING - Dependency <Task(BashOperator): create_entry_group>, delete_entry_group already registered for DAG: example_complex
[2023-05-06T09:42:12.324+0000] {logging_mixin.py:149} INFO - [2023-05-06T09:42:12.324+0000] {taskmixin.py:211} WARNING - Dependency <Task(BashOperator): delete_entry_group>, create_entry_group already registered for DAG: example_complex
[2023-05-06T09:42:12.324+0000] {logging_mixin.py:149} INFO - [2023-05-06T09:42:12.324+0000] {taskmixin.py:211} WARNING - Dependency <Task(BashOperator): create_entry_gcs>, delete_entry already registered for DAG: example_complex
[2023-05-06T09:42:12.325+0000] {logging_mixin.py:149} INFO - [2023-05-06T09:42:12.325+0000] {taskmixin.py:211} WARNING - Dependency <Task(BashOperator): delete_entry>, create_entry_gcs already registered for DAG: example_complex
[2023-05-06T09:42:12.325+0000] {logging_mixin.py:149} INFO - [2023-05-06T09:42:12.325+0000] {taskmixin.py:211} WARNING - Dependency <Task(BashOperator): create_tag>, delete_tag already registered for DAG: example_complex
[2023-05-06T09:42:12.325+0000] {logging_mixin.py:149} INFO - [2023-05-06T09:42:12.325+0000] {taskmixin.py:211} WARNING - Dependency <Task(BashOperator): delete_tag>, create_tag already registered for DAG: example_complex
[2023-05-06T09:42:12.327+0000] {processor.py:809} INFO - DAG(s) dict_keys(['example_complex']) retrieved from /home/airflow/.local/lib/python3.7/site-packages/airflow/example_dags/example_complex.py
[2023-05-06T09:42:12.367+0000] {logging_mixin.py:149} INFO - [2023-05-06T09:42:12.367+0000] {dag.py:2726} INFO - Sync 1 DAGs
[2023-05-06T09:42:12.402+0000] {logging_mixin.py:149} INFO - [2023-05-06T09:42:12.402+0000] {dag.py:3490} INFO - Setting next_dagrun for example_complex to None, run_after=None
[2023-05-06T09:42:12.434+0000] {processor.py:178} INFO - Processing /home/airflow/.local/lib/python3.7/site-packages/airflow/example_dags/example_complex.py took 0.130 seconds
[2023-05-06T09:42:42.659+0000] {processor.py:156} INFO - Started process (PID=1032) to work on /home/airflow/.local/lib/python3.7/site-packages/airflow/example_dags/example_complex.py
[2023-05-06T09:42:42.660+0000] {processor.py:799} INFO - Processing file /home/airflow/.local/lib/python3.7/site-packages/airflow/example_dags/example_complex.py for tasks to queue
[2023-05-06T09:42:42.662+0000] {logging_mixin.py:149} INFO - [2023-05-06T09:42:42.662+0000] {dagbag.py:541} INFO - Filling up the DagBag from /home/airflow/.local/lib/python3.7/site-packages/airflow/example_dags/example_complex.py
[2023-05-06T09:42:42.676+0000] {logging_mixin.py:149} INFO - [2023-05-06T09:42:42.676+0000] {taskmixin.py:211} WARNING - Dependency <Task(BashOperator): create_entry_group>, delete_entry_group already registered for DAG: example_complex
[2023-05-06T09:42:42.676+0000] {logging_mixin.py:149} INFO - [2023-05-06T09:42:42.676+0000] {taskmixin.py:211} WARNING - Dependency <Task(BashOperator): delete_entry_group>, create_entry_group already registered for DAG: example_complex
[2023-05-06T09:42:42.677+0000] {logging_mixin.py:149} INFO - [2023-05-06T09:42:42.677+0000] {taskmixin.py:211} WARNING - Dependency <Task(BashOperator): create_entry_gcs>, delete_entry already registered for DAG: example_complex
[2023-05-06T09:42:42.677+0000] {logging_mixin.py:149} INFO - [2023-05-06T09:42:42.677+0000] {taskmixin.py:211} WARNING - Dependency <Task(BashOperator): delete_entry>, create_entry_gcs already registered for DAG: example_complex
[2023-05-06T09:42:42.677+0000] {logging_mixin.py:149} INFO - [2023-05-06T09:42:42.677+0000] {taskmixin.py:211} WARNING - Dependency <Task(BashOperator): create_tag>, delete_tag already registered for DAG: example_complex
[2023-05-06T09:42:42.677+0000] {logging_mixin.py:149} INFO - [2023-05-06T09:42:42.677+0000] {taskmixin.py:211} WARNING - Dependency <Task(BashOperator): delete_tag>, create_tag already registered for DAG: example_complex
[2023-05-06T09:42:42.679+0000] {processor.py:809} INFO - DAG(s) dict_keys(['example_complex']) retrieved from /home/airflow/.local/lib/python3.7/site-packages/airflow/example_dags/example_complex.py
[2023-05-06T09:42:42.741+0000] {logging_mixin.py:149} INFO - [2023-05-06T09:42:42.741+0000] {dag.py:2726} INFO - Sync 1 DAGs
[2023-05-06T09:42:42.792+0000] {logging_mixin.py:149} INFO - [2023-05-06T09:42:42.792+0000] {dag.py:3490} INFO - Setting next_dagrun for example_complex to None, run_after=None
[2023-05-06T09:42:42.816+0000] {processor.py:178} INFO - Processing /home/airflow/.local/lib/python3.7/site-packages/airflow/example_dags/example_complex.py took 0.160 seconds
[2023-05-06T09:43:13.169+0000] {processor.py:156} INFO - Started process (PID=1093) to work on /home/airflow/.local/lib/python3.7/site-packages/airflow/example_dags/example_complex.py
[2023-05-06T09:43:13.170+0000] {processor.py:799} INFO - Processing file /home/airflow/.local/lib/python3.7/site-packages/airflow/example_dags/example_complex.py for tasks to queue
[2023-05-06T09:43:13.171+0000] {logging_mixin.py:149} INFO - [2023-05-06T09:43:13.171+0000] {dagbag.py:541} INFO - Filling up the DagBag from /home/airflow/.local/lib/python3.7/site-packages/airflow/example_dags/example_complex.py
[2023-05-06T09:43:13.181+0000] {logging_mixin.py:149} INFO - [2023-05-06T09:43:13.181+0000] {taskmixin.py:211} WARNING - Dependency <Task(BashOperator): create_entry_group>, delete_entry_group already registered for DAG: example_complex
[2023-05-06T09:43:13.182+0000] {logging_mixin.py:149} INFO - [2023-05-06T09:43:13.182+0000] {taskmixin.py:211} WARNING - Dependency <Task(BashOperator): delete_entry_group>, create_entry_group already registered for DAG: example_complex
[2023-05-06T09:43:13.182+0000] {logging_mixin.py:149} INFO - [2023-05-06T09:43:13.182+0000] {taskmixin.py:211} WARNING - Dependency <Task(BashOperator): create_entry_gcs>, delete_entry already registered for DAG: example_complex
[2023-05-06T09:43:13.182+0000] {logging_mixin.py:149} INFO - [2023-05-06T09:43:13.182+0000] {taskmixin.py:211} WARNING - Dependency <Task(BashOperator): delete_entry>, create_entry_gcs already registered for DAG: example_complex
[2023-05-06T09:43:13.182+0000] {logging_mixin.py:149} INFO - [2023-05-06T09:43:13.182+0000] {taskmixin.py:211} WARNING - Dependency <Task(BashOperator): create_tag>, delete_tag already registered for DAG: example_complex
[2023-05-06T09:43:13.182+0000] {logging_mixin.py:149} INFO - [2023-05-06T09:43:13.182+0000] {taskmixin.py:211} WARNING - Dependency <Task(BashOperator): delete_tag>, create_tag already registered for DAG: example_complex
[2023-05-06T09:43:13.184+0000] {processor.py:809} INFO - DAG(s) dict_keys(['example_complex']) retrieved from /home/airflow/.local/lib/python3.7/site-packages/airflow/example_dags/example_complex.py
[2023-05-06T09:43:13.217+0000] {logging_mixin.py:149} INFO - [2023-05-06T09:43:13.216+0000] {dag.py:2726} INFO - Sync 1 DAGs
[2023-05-06T09:43:13.240+0000] {logging_mixin.py:149} INFO - [2023-05-06T09:43:13.240+0000] {dag.py:3490} INFO - Setting next_dagrun for example_complex to None, run_after=None
[2023-05-06T09:43:13.270+0000] {processor.py:178} INFO - Processing /home/airflow/.local/lib/python3.7/site-packages/airflow/example_dags/example_complex.py took 0.104 seconds
[2023-05-06T09:43:43.959+0000] {processor.py:156} INFO - Started process (PID=1147) to work on /home/airflow/.local/lib/python3.7/site-packages/airflow/example_dags/example_complex.py
[2023-05-06T09:43:43.960+0000] {processor.py:799} INFO - Processing file /home/airflow/.local/lib/python3.7/site-packages/airflow/example_dags/example_complex.py for tasks to queue
[2023-05-06T09:43:43.962+0000] {logging_mixin.py:149} INFO - [2023-05-06T09:43:43.962+0000] {dagbag.py:541} INFO - Filling up the DagBag from /home/airflow/.local/lib/python3.7/site-packages/airflow/example_dags/example_complex.py
[2023-05-06T09:43:43.976+0000] {logging_mixin.py:149} INFO - [2023-05-06T09:43:43.976+0000] {taskmixin.py:211} WARNING - Dependency <Task(BashOperator): create_entry_group>, delete_entry_group already registered for DAG: example_complex
[2023-05-06T09:43:43.976+0000] {logging_mixin.py:149} INFO - [2023-05-06T09:43:43.976+0000] {taskmixin.py:211} WARNING - Dependency <Task(BashOperator): delete_entry_group>, create_entry_group already registered for DAG: example_complex
[2023-05-06T09:43:43.977+0000] {logging_mixin.py:149} INFO - [2023-05-06T09:43:43.977+0000] {taskmixin.py:211} WARNING - Dependency <Task(BashOperator): create_entry_gcs>, delete_entry already registered for DAG: example_complex
[2023-05-06T09:43:43.977+0000] {logging_mixin.py:149} INFO - [2023-05-06T09:43:43.977+0000] {taskmixin.py:211} WARNING - Dependency <Task(BashOperator): delete_entry>, create_entry_gcs already registered for DAG: example_complex
[2023-05-06T09:43:43.977+0000] {logging_mixin.py:149} INFO - [2023-05-06T09:43:43.977+0000] {taskmixin.py:211} WARNING - Dependency <Task(BashOperator): create_tag>, delete_tag already registered for DAG: example_complex
[2023-05-06T09:43:43.978+0000] {logging_mixin.py:149} INFO - [2023-05-06T09:43:43.978+0000] {taskmixin.py:211} WARNING - Dependency <Task(BashOperator): delete_tag>, create_tag already registered for DAG: example_complex
[2023-05-06T09:43:43.979+0000] {processor.py:809} INFO - DAG(s) dict_keys(['example_complex']) retrieved from /home/airflow/.local/lib/python3.7/site-packages/airflow/example_dags/example_complex.py
[2023-05-06T09:43:44.045+0000] {logging_mixin.py:149} INFO - [2023-05-06T09:43:44.045+0000] {dag.py:2726} INFO - Sync 1 DAGs
[2023-05-06T09:43:44.075+0000] {logging_mixin.py:149} INFO - [2023-05-06T09:43:44.075+0000] {dag.py:3490} INFO - Setting next_dagrun for example_complex to None, run_after=None
[2023-05-06T09:43:44.104+0000] {processor.py:178} INFO - Processing /home/airflow/.local/lib/python3.7/site-packages/airflow/example_dags/example_complex.py took 0.149 seconds
