[2023-05-06T09:33:25.991+0000] {processor.py:156} INFO - Started process (PID=49) to work on /home/airflow/.local/lib/python3.7/site-packages/airflow/example_dags/example_subdag_operator.py
[2023-05-06T09:33:25.992+0000] {processor.py:799} INFO - Processing file /home/airflow/.local/lib/python3.7/site-packages/airflow/example_dags/example_subdag_operator.py for tasks to queue
[2023-05-06T09:33:25.994+0000] {logging_mixin.py:149} INFO - [2023-05-06T09:33:25.994+0000] {dagbag.py:541} INFO - Filling up the DagBag from /home/airflow/.local/lib/python3.7/site-packages/airflow/example_dags/example_subdag_operator.py
[2023-05-06T09:33:26.026+0000] {processor.py:809} INFO - DAG(s) dict_keys(['example_subdag_operator.section-1', 'example_subdag_operator.section-2', 'example_subdag_operator']) retrieved from /home/airflow/.local/lib/python3.7/site-packages/airflow/example_dags/example_subdag_operator.py
[2023-05-06T09:33:26.031+0000] {logging_mixin.py:149} INFO - [2023-05-06T09:33:26.030+0000] {dag.py:2726} INFO - Sync 3 DAGs
[2023-05-06T09:33:26.073+0000] {logging_mixin.py:149} INFO - [2023-05-06T09:33:26.073+0000] {dag.py:3490} INFO - Setting next_dagrun for example_subdag_operator to 2022-01-01T00:00:00+00:00, run_after=2022-01-01T00:00:00+00:00
[2023-05-06T09:33:26.081+0000] {logging_mixin.py:149} INFO - [2023-05-06T09:33:26.081+0000] {dag.py:3490} INFO - Setting next_dagrun for example_subdag_operator.section-1 to None, run_after=None
[2023-05-06T09:33:26.085+0000] {logging_mixin.py:149} INFO - [2023-05-06T09:33:26.084+0000] {dag.py:3490} INFO - Setting next_dagrun for example_subdag_operator.section-2 to None, run_after=None
[2023-05-06T09:33:26.102+0000] {logging_mixin.py:149} INFO - [2023-05-06T09:33:26.102+0000] {dag.py:2726} INFO - Sync 2 DAGs
[2023-05-06T09:33:26.117+0000] {logging_mixin.py:149} INFO - [2023-05-06T09:33:26.116+0000] {dag.py:3490} INFO - Setting next_dagrun for example_subdag_operator.section-1 to None, run_after=None
[2023-05-06T09:33:26.117+0000] {logging_mixin.py:149} INFO - [2023-05-06T09:33:26.117+0000] {dag.py:3490} INFO - Setting next_dagrun for example_subdag_operator.section-2 to None, run_after=None
[2023-05-06T09:33:26.150+0000] {processor.py:178} INFO - Processing /home/airflow/.local/lib/python3.7/site-packages/airflow/example_dags/example_subdag_operator.py took 0.163 seconds
[2023-05-06T09:33:56.319+0000] {processor.py:156} INFO - Started process (PID=102) to work on /home/airflow/.local/lib/python3.7/site-packages/airflow/example_dags/example_subdag_operator.py
[2023-05-06T09:33:56.320+0000] {processor.py:799} INFO - Processing file /home/airflow/.local/lib/python3.7/site-packages/airflow/example_dags/example_subdag_operator.py for tasks to queue
[2023-05-06T09:33:56.322+0000] {logging_mixin.py:149} INFO - [2023-05-06T09:33:56.322+0000] {dagbag.py:541} INFO - Filling up the DagBag from /home/airflow/.local/lib/python3.7/site-packages/airflow/example_dags/example_subdag_operator.py
[2023-05-06T09:33:56.346+0000] {processor.py:809} INFO - DAG(s) dict_keys(['example_subdag_operator.section-1', 'example_subdag_operator.section-2', 'example_subdag_operator']) retrieved from /home/airflow/.local/lib/python3.7/site-packages/airflow/example_dags/example_subdag_operator.py
[2023-05-06T09:33:56.350+0000] {logging_mixin.py:149} INFO - [2023-05-06T09:33:56.350+0000] {dag.py:2726} INFO - Sync 3 DAGs
[2023-05-06T09:33:56.380+0000] {logging_mixin.py:149} INFO - [2023-05-06T09:33:56.380+0000] {dag.py:3490} INFO - Setting next_dagrun for example_subdag_operator to 2022-01-01T00:00:00+00:00, run_after=2022-01-01T00:00:00+00:00
[2023-05-06T09:33:56.384+0000] {logging_mixin.py:149} INFO - [2023-05-06T09:33:56.384+0000] {dag.py:3490} INFO - Setting next_dagrun for example_subdag_operator.section-1 to None, run_after=None
[2023-05-06T09:33:56.386+0000] {logging_mixin.py:149} INFO - [2023-05-06T09:33:56.385+0000] {dag.py:3490} INFO - Setting next_dagrun for example_subdag_operator.section-2 to None, run_after=None
[2023-05-06T09:33:56.394+0000] {logging_mixin.py:149} INFO - [2023-05-06T09:33:56.394+0000] {dag.py:2726} INFO - Sync 2 DAGs
[2023-05-06T09:33:56.401+0000] {logging_mixin.py:149} INFO - [2023-05-06T09:33:56.400+0000] {dag.py:3490} INFO - Setting next_dagrun for example_subdag_operator.section-1 to None, run_after=None
[2023-05-06T09:33:56.401+0000] {logging_mixin.py:149} INFO - [2023-05-06T09:33:56.401+0000] {dag.py:3490} INFO - Setting next_dagrun for example_subdag_operator.section-2 to None, run_after=None
[2023-05-06T09:33:56.414+0000] {processor.py:178} INFO - Processing /home/airflow/.local/lib/python3.7/site-packages/airflow/example_dags/example_subdag_operator.py took 0.098 seconds
[2023-05-06T09:34:27.402+0000] {processor.py:156} INFO - Started process (PID=155) to work on /home/airflow/.local/lib/python3.7/site-packages/airflow/example_dags/example_subdag_operator.py
[2023-05-06T09:34:27.404+0000] {processor.py:799} INFO - Processing file /home/airflow/.local/lib/python3.7/site-packages/airflow/example_dags/example_subdag_operator.py for tasks to queue
[2023-05-06T09:34:27.406+0000] {logging_mixin.py:149} INFO - [2023-05-06T09:34:27.406+0000] {dagbag.py:541} INFO - Filling up the DagBag from /home/airflow/.local/lib/python3.7/site-packages/airflow/example_dags/example_subdag_operator.py
[2023-05-06T09:34:27.436+0000] {processor.py:809} INFO - DAG(s) dict_keys(['example_subdag_operator.section-1', 'example_subdag_operator.section-2', 'example_subdag_operator']) retrieved from /home/airflow/.local/lib/python3.7/site-packages/airflow/example_dags/example_subdag_operator.py
[2023-05-06T09:34:27.442+0000] {logging_mixin.py:149} INFO - [2023-05-06T09:34:27.441+0000] {dag.py:2726} INFO - Sync 3 DAGs
[2023-05-06T09:34:27.479+0000] {logging_mixin.py:149} INFO - [2023-05-06T09:34:27.479+0000] {dag.py:3490} INFO - Setting next_dagrun for example_subdag_operator to 2022-01-01T00:00:00+00:00, run_after=2022-01-01T00:00:00+00:00
[2023-05-06T09:34:27.484+0000] {logging_mixin.py:149} INFO - [2023-05-06T09:34:27.484+0000] {dag.py:3490} INFO - Setting next_dagrun for example_subdag_operator.section-1 to None, run_after=None
[2023-05-06T09:34:27.486+0000] {logging_mixin.py:149} INFO - [2023-05-06T09:34:27.486+0000] {dag.py:3490} INFO - Setting next_dagrun for example_subdag_operator.section-2 to None, run_after=None
[2023-05-06T09:34:27.497+0000] {logging_mixin.py:149} INFO - [2023-05-06T09:34:27.497+0000] {dag.py:2726} INFO - Sync 2 DAGs
[2023-05-06T09:34:27.506+0000] {logging_mixin.py:149} INFO - [2023-05-06T09:34:27.506+0000] {dag.py:3490} INFO - Setting next_dagrun for example_subdag_operator.section-1 to None, run_after=None
[2023-05-06T09:34:27.507+0000] {logging_mixin.py:149} INFO - [2023-05-06T09:34:27.507+0000] {dag.py:3490} INFO - Setting next_dagrun for example_subdag_operator.section-2 to None, run_after=None
[2023-05-06T09:34:27.526+0000] {processor.py:178} INFO - Processing /home/airflow/.local/lib/python3.7/site-packages/airflow/example_dags/example_subdag_operator.py took 0.127 seconds
[2023-05-06T09:34:57.992+0000] {processor.py:156} INFO - Started process (PID=208) to work on /home/airflow/.local/lib/python3.7/site-packages/airflow/example_dags/example_subdag_operator.py
[2023-05-06T09:34:57.995+0000] {processor.py:799} INFO - Processing file /home/airflow/.local/lib/python3.7/site-packages/airflow/example_dags/example_subdag_operator.py for tasks to queue
[2023-05-06T09:34:57.999+0000] {logging_mixin.py:149} INFO - [2023-05-06T09:34:57.998+0000] {dagbag.py:541} INFO - Filling up the DagBag from /home/airflow/.local/lib/python3.7/site-packages/airflow/example_dags/example_subdag_operator.py
[2023-05-06T09:34:58.042+0000] {processor.py:809} INFO - DAG(s) dict_keys(['example_subdag_operator.section-1', 'example_subdag_operator.section-2', 'example_subdag_operator']) retrieved from /home/airflow/.local/lib/python3.7/site-packages/airflow/example_dags/example_subdag_operator.py
[2023-05-06T09:34:58.077+0000] {logging_mixin.py:149} INFO - [2023-05-06T09:34:58.076+0000] {dag.py:2726} INFO - Sync 3 DAGs
[2023-05-06T09:34:58.117+0000] {logging_mixin.py:149} INFO - [2023-05-06T09:34:58.117+0000] {dag.py:3490} INFO - Setting next_dagrun for example_subdag_operator to 2022-01-01T00:00:00+00:00, run_after=2022-01-01T00:00:00+00:00
[2023-05-06T09:34:58.122+0000] {logging_mixin.py:149} INFO - [2023-05-06T09:34:58.122+0000] {dag.py:3490} INFO - Setting next_dagrun for example_subdag_operator.section-1 to None, run_after=None
[2023-05-06T09:34:58.124+0000] {logging_mixin.py:149} INFO - [2023-05-06T09:34:58.124+0000] {dag.py:3490} INFO - Setting next_dagrun for example_subdag_operator.section-2 to None, run_after=None
[2023-05-06T09:34:58.134+0000] {logging_mixin.py:149} INFO - [2023-05-06T09:34:58.134+0000] {dag.py:2726} INFO - Sync 2 DAGs
[2023-05-06T09:34:58.143+0000] {logging_mixin.py:149} INFO - [2023-05-06T09:34:58.142+0000] {dag.py:3490} INFO - Setting next_dagrun for example_subdag_operator.section-1 to None, run_after=None
[2023-05-06T09:34:58.143+0000] {logging_mixin.py:149} INFO - [2023-05-06T09:34:58.143+0000] {dag.py:3490} INFO - Setting next_dagrun for example_subdag_operator.section-2 to None, run_after=None
[2023-05-06T09:34:58.160+0000] {processor.py:178} INFO - Processing /home/airflow/.local/lib/python3.7/site-packages/airflow/example_dags/example_subdag_operator.py took 0.173 seconds
[2023-05-06T09:35:28.763+0000] {processor.py:156} INFO - Started process (PID=261) to work on /home/airflow/.local/lib/python3.7/site-packages/airflow/example_dags/example_subdag_operator.py
[2023-05-06T09:35:28.765+0000] {processor.py:799} INFO - Processing file /home/airflow/.local/lib/python3.7/site-packages/airflow/example_dags/example_subdag_operator.py for tasks to queue
[2023-05-06T09:35:28.766+0000] {logging_mixin.py:149} INFO - [2023-05-06T09:35:28.766+0000] {dagbag.py:541} INFO - Filling up the DagBag from /home/airflow/.local/lib/python3.7/site-packages/airflow/example_dags/example_subdag_operator.py
[2023-05-06T09:35:28.792+0000] {processor.py:809} INFO - DAG(s) dict_keys(['example_subdag_operator.section-1', 'example_subdag_operator.section-2', 'example_subdag_operator']) retrieved from /home/airflow/.local/lib/python3.7/site-packages/airflow/example_dags/example_subdag_operator.py
[2023-05-06T09:35:28.816+0000] {logging_mixin.py:149} INFO - [2023-05-06T09:35:28.815+0000] {dag.py:2726} INFO - Sync 3 DAGs
[2023-05-06T09:35:28.847+0000] {logging_mixin.py:149} INFO - [2023-05-06T09:35:28.847+0000] {dag.py:3490} INFO - Setting next_dagrun for example_subdag_operator to 2022-01-01T00:00:00+00:00, run_after=2022-01-01T00:00:00+00:00
[2023-05-06T09:35:28.851+0000] {logging_mixin.py:149} INFO - [2023-05-06T09:35:28.851+0000] {dag.py:3490} INFO - Setting next_dagrun for example_subdag_operator.section-1 to None, run_after=None
[2023-05-06T09:35:28.852+0000] {logging_mixin.py:149} INFO - [2023-05-06T09:35:28.852+0000] {dag.py:3490} INFO - Setting next_dagrun for example_subdag_operator.section-2 to None, run_after=None
[2023-05-06T09:35:28.862+0000] {logging_mixin.py:149} INFO - [2023-05-06T09:35:28.861+0000] {dag.py:2726} INFO - Sync 2 DAGs
[2023-05-06T09:35:28.868+0000] {logging_mixin.py:149} INFO - [2023-05-06T09:35:28.868+0000] {dag.py:3490} INFO - Setting next_dagrun for example_subdag_operator.section-1 to None, run_after=None
[2023-05-06T09:35:28.868+0000] {logging_mixin.py:149} INFO - [2023-05-06T09:35:28.868+0000] {dag.py:3490} INFO - Setting next_dagrun for example_subdag_operator.section-2 to None, run_after=None
[2023-05-06T09:35:28.884+0000] {processor.py:178} INFO - Processing /home/airflow/.local/lib/python3.7/site-packages/airflow/example_dags/example_subdag_operator.py took 0.125 seconds
[2023-05-06T09:35:59.034+0000] {processor.py:156} INFO - Started process (PID=314) to work on /home/airflow/.local/lib/python3.7/site-packages/airflow/example_dags/example_subdag_operator.py
[2023-05-06T09:35:59.035+0000] {processor.py:799} INFO - Processing file /home/airflow/.local/lib/python3.7/site-packages/airflow/example_dags/example_subdag_operator.py for tasks to queue
[2023-05-06T09:35:59.037+0000] {logging_mixin.py:149} INFO - [2023-05-06T09:35:59.036+0000] {dagbag.py:541} INFO - Filling up the DagBag from /home/airflow/.local/lib/python3.7/site-packages/airflow/example_dags/example_subdag_operator.py
[2023-05-06T09:35:59.060+0000] {processor.py:809} INFO - DAG(s) dict_keys(['example_subdag_operator.section-1', 'example_subdag_operator.section-2', 'example_subdag_operator']) retrieved from /home/airflow/.local/lib/python3.7/site-packages/airflow/example_dags/example_subdag_operator.py
[2023-05-06T09:35:59.085+0000] {logging_mixin.py:149} INFO - [2023-05-06T09:35:59.084+0000] {dag.py:2726} INFO - Sync 3 DAGs
[2023-05-06T09:35:59.118+0000] {logging_mixin.py:149} INFO - [2023-05-06T09:35:59.117+0000] {dag.py:3490} INFO - Setting next_dagrun for example_subdag_operator to 2022-01-01T00:00:00+00:00, run_after=2022-01-01T00:00:00+00:00
[2023-05-06T09:35:59.121+0000] {logging_mixin.py:149} INFO - [2023-05-06T09:35:59.121+0000] {dag.py:3490} INFO - Setting next_dagrun for example_subdag_operator.section-1 to None, run_after=None
[2023-05-06T09:35:59.123+0000] {logging_mixin.py:149} INFO - [2023-05-06T09:35:59.123+0000] {dag.py:3490} INFO - Setting next_dagrun for example_subdag_operator.section-2 to None, run_after=None
[2023-05-06T09:35:59.131+0000] {logging_mixin.py:149} INFO - [2023-05-06T09:35:59.131+0000] {dag.py:2726} INFO - Sync 2 DAGs
[2023-05-06T09:35:59.137+0000] {logging_mixin.py:149} INFO - [2023-05-06T09:35:59.137+0000] {dag.py:3490} INFO - Setting next_dagrun for example_subdag_operator.section-1 to None, run_after=None
[2023-05-06T09:35:59.138+0000] {logging_mixin.py:149} INFO - [2023-05-06T09:35:59.138+0000] {dag.py:3490} INFO - Setting next_dagrun for example_subdag_operator.section-2 to None, run_after=None
[2023-05-06T09:35:59.148+0000] {processor.py:178} INFO - Processing /home/airflow/.local/lib/python3.7/site-packages/airflow/example_dags/example_subdag_operator.py took 0.118 seconds
[2023-05-06T09:36:29.563+0000] {processor.py:156} INFO - Started process (PID=368) to work on /home/airflow/.local/lib/python3.7/site-packages/airflow/example_dags/example_subdag_operator.py
[2023-05-06T09:36:29.564+0000] {processor.py:799} INFO - Processing file /home/airflow/.local/lib/python3.7/site-packages/airflow/example_dags/example_subdag_operator.py for tasks to queue
[2023-05-06T09:36:29.566+0000] {logging_mixin.py:149} INFO - [2023-05-06T09:36:29.566+0000] {dagbag.py:541} INFO - Filling up the DagBag from /home/airflow/.local/lib/python3.7/site-packages/airflow/example_dags/example_subdag_operator.py
[2023-05-06T09:36:29.588+0000] {processor.py:809} INFO - DAG(s) dict_keys(['example_subdag_operator.section-1', 'example_subdag_operator.section-2', 'example_subdag_operator']) retrieved from /home/airflow/.local/lib/python3.7/site-packages/airflow/example_dags/example_subdag_operator.py
[2023-05-06T09:36:29.592+0000] {logging_mixin.py:149} INFO - [2023-05-06T09:36:29.592+0000] {dag.py:2726} INFO - Sync 3 DAGs
[2023-05-06T09:36:29.621+0000] {logging_mixin.py:149} INFO - [2023-05-06T09:36:29.620+0000] {dag.py:3490} INFO - Setting next_dagrun for example_subdag_operator to 2022-01-01T00:00:00+00:00, run_after=2022-01-01T00:00:00+00:00
[2023-05-06T09:36:29.624+0000] {logging_mixin.py:149} INFO - [2023-05-06T09:36:29.624+0000] {dag.py:3490} INFO - Setting next_dagrun for example_subdag_operator.section-1 to None, run_after=None
[2023-05-06T09:36:29.625+0000] {logging_mixin.py:149} INFO - [2023-05-06T09:36:29.625+0000] {dag.py:3490} INFO - Setting next_dagrun for example_subdag_operator.section-2 to None, run_after=None
[2023-05-06T09:36:29.634+0000] {logging_mixin.py:149} INFO - [2023-05-06T09:36:29.634+0000] {dag.py:2726} INFO - Sync 2 DAGs
[2023-05-06T09:36:29.640+0000] {logging_mixin.py:149} INFO - [2023-05-06T09:36:29.640+0000] {dag.py:3490} INFO - Setting next_dagrun for example_subdag_operator.section-1 to None, run_after=None
[2023-05-06T09:36:29.640+0000] {logging_mixin.py:149} INFO - [2023-05-06T09:36:29.640+0000] {dag.py:3490} INFO - Setting next_dagrun for example_subdag_operator.section-2 to None, run_after=None
[2023-05-06T09:36:29.653+0000] {processor.py:178} INFO - Processing /home/airflow/.local/lib/python3.7/site-packages/airflow/example_dags/example_subdag_operator.py took 0.092 seconds
[2023-05-06T09:37:00.061+0000] {processor.py:156} INFO - Started process (PID=421) to work on /home/airflow/.local/lib/python3.7/site-packages/airflow/example_dags/example_subdag_operator.py
[2023-05-06T09:37:00.062+0000] {processor.py:799} INFO - Processing file /home/airflow/.local/lib/python3.7/site-packages/airflow/example_dags/example_subdag_operator.py for tasks to queue
[2023-05-06T09:37:00.063+0000] {logging_mixin.py:149} INFO - [2023-05-06T09:37:00.063+0000] {dagbag.py:541} INFO - Filling up the DagBag from /home/airflow/.local/lib/python3.7/site-packages/airflow/example_dags/example_subdag_operator.py
[2023-05-06T09:37:00.088+0000] {processor.py:809} INFO - DAG(s) dict_keys(['example_subdag_operator.section-1', 'example_subdag_operator.section-2', 'example_subdag_operator']) retrieved from /home/airflow/.local/lib/python3.7/site-packages/airflow/example_dags/example_subdag_operator.py
[2023-05-06T09:37:00.115+0000] {logging_mixin.py:149} INFO - [2023-05-06T09:37:00.115+0000] {dag.py:2726} INFO - Sync 3 DAGs
[2023-05-06T09:37:00.145+0000] {logging_mixin.py:149} INFO - [2023-05-06T09:37:00.144+0000] {dag.py:3490} INFO - Setting next_dagrun for example_subdag_operator to 2022-01-01T00:00:00+00:00, run_after=2022-01-01T00:00:00+00:00
[2023-05-06T09:37:00.148+0000] {logging_mixin.py:149} INFO - [2023-05-06T09:37:00.148+0000] {dag.py:3490} INFO - Setting next_dagrun for example_subdag_operator.section-1 to None, run_after=None
[2023-05-06T09:37:00.150+0000] {logging_mixin.py:149} INFO - [2023-05-06T09:37:00.150+0000] {dag.py:3490} INFO - Setting next_dagrun for example_subdag_operator.section-2 to None, run_after=None
[2023-05-06T09:37:00.158+0000] {logging_mixin.py:149} INFO - [2023-05-06T09:37:00.158+0000] {dag.py:2726} INFO - Sync 2 DAGs
[2023-05-06T09:37:00.164+0000] {logging_mixin.py:149} INFO - [2023-05-06T09:37:00.164+0000] {dag.py:3490} INFO - Setting next_dagrun for example_subdag_operator.section-1 to None, run_after=None
[2023-05-06T09:37:00.164+0000] {logging_mixin.py:149} INFO - [2023-05-06T09:37:00.164+0000] {dag.py:3490} INFO - Setting next_dagrun for example_subdag_operator.section-2 to None, run_after=None
[2023-05-06T09:37:00.182+0000] {processor.py:178} INFO - Processing /home/airflow/.local/lib/python3.7/site-packages/airflow/example_dags/example_subdag_operator.py took 0.124 seconds
[2023-05-06T09:37:30.759+0000] {processor.py:156} INFO - Started process (PID=474) to work on /home/airflow/.local/lib/python3.7/site-packages/airflow/example_dags/example_subdag_operator.py
[2023-05-06T09:37:30.760+0000] {processor.py:799} INFO - Processing file /home/airflow/.local/lib/python3.7/site-packages/airflow/example_dags/example_subdag_operator.py for tasks to queue
[2023-05-06T09:37:30.762+0000] {logging_mixin.py:149} INFO - [2023-05-06T09:37:30.762+0000] {dagbag.py:541} INFO - Filling up the DagBag from /home/airflow/.local/lib/python3.7/site-packages/airflow/example_dags/example_subdag_operator.py
[2023-05-06T09:37:30.790+0000] {processor.py:809} INFO - DAG(s) dict_keys(['example_subdag_operator.section-1', 'example_subdag_operator.section-2', 'example_subdag_operator']) retrieved from /home/airflow/.local/lib/python3.7/site-packages/airflow/example_dags/example_subdag_operator.py
[2023-05-06T09:37:30.815+0000] {logging_mixin.py:149} INFO - [2023-05-06T09:37:30.815+0000] {dag.py:2726} INFO - Sync 3 DAGs
[2023-05-06T09:37:30.850+0000] {logging_mixin.py:149} INFO - [2023-05-06T09:37:30.850+0000] {dag.py:3490} INFO - Setting next_dagrun for example_subdag_operator to 2022-01-01T00:00:00+00:00, run_after=2022-01-01T00:00:00+00:00
[2023-05-06T09:37:30.855+0000] {logging_mixin.py:149} INFO - [2023-05-06T09:37:30.855+0000] {dag.py:3490} INFO - Setting next_dagrun for example_subdag_operator.section-1 to None, run_after=None
[2023-05-06T09:37:30.857+0000] {logging_mixin.py:149} INFO - [2023-05-06T09:37:30.857+0000] {dag.py:3490} INFO - Setting next_dagrun for example_subdag_operator.section-2 to None, run_after=None
[2023-05-06T09:37:30.869+0000] {logging_mixin.py:149} INFO - [2023-05-06T09:37:30.869+0000] {dag.py:2726} INFO - Sync 2 DAGs
[2023-05-06T09:37:30.879+0000] {logging_mixin.py:149} INFO - [2023-05-06T09:37:30.879+0000] {dag.py:3490} INFO - Setting next_dagrun for example_subdag_operator.section-1 to None, run_after=None
[2023-05-06T09:37:30.879+0000] {logging_mixin.py:149} INFO - [2023-05-06T09:37:30.879+0000] {dag.py:3490} INFO - Setting next_dagrun for example_subdag_operator.section-2 to None, run_after=None
[2023-05-06T09:37:30.897+0000] {processor.py:178} INFO - Processing /home/airflow/.local/lib/python3.7/site-packages/airflow/example_dags/example_subdag_operator.py took 0.141 seconds
[2023-05-06T09:38:01.173+0000] {processor.py:156} INFO - Started process (PID=527) to work on /home/airflow/.local/lib/python3.7/site-packages/airflow/example_dags/example_subdag_operator.py
[2023-05-06T09:38:01.174+0000] {processor.py:799} INFO - Processing file /home/airflow/.local/lib/python3.7/site-packages/airflow/example_dags/example_subdag_operator.py for tasks to queue
[2023-05-06T09:38:01.176+0000] {logging_mixin.py:149} INFO - [2023-05-06T09:38:01.176+0000] {dagbag.py:541} INFO - Filling up the DagBag from /home/airflow/.local/lib/python3.7/site-packages/airflow/example_dags/example_subdag_operator.py
[2023-05-06T09:38:01.199+0000] {processor.py:809} INFO - DAG(s) dict_keys(['example_subdag_operator.section-1', 'example_subdag_operator.section-2', 'example_subdag_operator']) retrieved from /home/airflow/.local/lib/python3.7/site-packages/airflow/example_dags/example_subdag_operator.py
[2023-05-06T09:38:01.219+0000] {logging_mixin.py:149} INFO - [2023-05-06T09:38:01.218+0000] {dag.py:2726} INFO - Sync 3 DAGs
[2023-05-06T09:38:01.242+0000] {logging_mixin.py:149} INFO - [2023-05-06T09:38:01.241+0000] {dag.py:3490} INFO - Setting next_dagrun for example_subdag_operator to 2022-01-01T00:00:00+00:00, run_after=2022-01-01T00:00:00+00:00
[2023-05-06T09:38:01.245+0000] {logging_mixin.py:149} INFO - [2023-05-06T09:38:01.245+0000] {dag.py:3490} INFO - Setting next_dagrun for example_subdag_operator.section-1 to None, run_after=None
[2023-05-06T09:38:01.246+0000] {logging_mixin.py:149} INFO - [2023-05-06T09:38:01.246+0000] {dag.py:3490} INFO - Setting next_dagrun for example_subdag_operator.section-2 to None, run_after=None
[2023-05-06T09:38:01.252+0000] {logging_mixin.py:149} INFO - [2023-05-06T09:38:01.252+0000] {dag.py:2726} INFO - Sync 2 DAGs
[2023-05-06T09:38:01.258+0000] {logging_mixin.py:149} INFO - [2023-05-06T09:38:01.258+0000] {dag.py:3490} INFO - Setting next_dagrun for example_subdag_operator.section-1 to None, run_after=None
[2023-05-06T09:38:01.258+0000] {logging_mixin.py:149} INFO - [2023-05-06T09:38:01.258+0000] {dag.py:3490} INFO - Setting next_dagrun for example_subdag_operator.section-2 to None, run_after=None
[2023-05-06T09:38:01.273+0000] {processor.py:178} INFO - Processing /home/airflow/.local/lib/python3.7/site-packages/airflow/example_dags/example_subdag_operator.py took 0.102 seconds
[2023-05-06T09:38:31.898+0000] {processor.py:156} INFO - Started process (PID=580) to work on /home/airflow/.local/lib/python3.7/site-packages/airflow/example_dags/example_subdag_operator.py
[2023-05-06T09:38:31.899+0000] {processor.py:799} INFO - Processing file /home/airflow/.local/lib/python3.7/site-packages/airflow/example_dags/example_subdag_operator.py for tasks to queue
[2023-05-06T09:38:31.901+0000] {logging_mixin.py:149} INFO - [2023-05-06T09:38:31.901+0000] {dagbag.py:541} INFO - Filling up the DagBag from /home/airflow/.local/lib/python3.7/site-packages/airflow/example_dags/example_subdag_operator.py
[2023-05-06T09:38:31.930+0000] {processor.py:809} INFO - DAG(s) dict_keys(['example_subdag_operator.section-1', 'example_subdag_operator.section-2', 'example_subdag_operator']) retrieved from /home/airflow/.local/lib/python3.7/site-packages/airflow/example_dags/example_subdag_operator.py
[2023-05-06T09:38:31.955+0000] {logging_mixin.py:149} INFO - [2023-05-06T09:38:31.954+0000] {dag.py:2726} INFO - Sync 3 DAGs
[2023-05-06T09:38:31.988+0000] {logging_mixin.py:149} INFO - [2023-05-06T09:38:31.987+0000] {dag.py:3490} INFO - Setting next_dagrun for example_subdag_operator to 2022-01-01T00:00:00+00:00, run_after=2022-01-01T00:00:00+00:00
[2023-05-06T09:38:31.993+0000] {logging_mixin.py:149} INFO - [2023-05-06T09:38:31.993+0000] {dag.py:3490} INFO - Setting next_dagrun for example_subdag_operator.section-1 to None, run_after=None
[2023-05-06T09:38:31.994+0000] {logging_mixin.py:149} INFO - [2023-05-06T09:38:31.994+0000] {dag.py:3490} INFO - Setting next_dagrun for example_subdag_operator.section-2 to None, run_after=None
[2023-05-06T09:38:32.003+0000] {logging_mixin.py:149} INFO - [2023-05-06T09:38:32.003+0000] {dag.py:2726} INFO - Sync 2 DAGs
[2023-05-06T09:38:32.012+0000] {logging_mixin.py:149} INFO - [2023-05-06T09:38:32.012+0000] {dag.py:3490} INFO - Setting next_dagrun for example_subdag_operator.section-1 to None, run_after=None
[2023-05-06T09:38:32.013+0000] {logging_mixin.py:149} INFO - [2023-05-06T09:38:32.012+0000] {dag.py:3490} INFO - Setting next_dagrun for example_subdag_operator.section-2 to None, run_after=None
[2023-05-06T09:38:32.027+0000] {processor.py:178} INFO - Processing /home/airflow/.local/lib/python3.7/site-packages/airflow/example_dags/example_subdag_operator.py took 0.132 seconds
[2023-05-06T09:39:03.038+0000] {processor.py:156} INFO - Started process (PID=634) to work on /home/airflow/.local/lib/python3.7/site-packages/airflow/example_dags/example_subdag_operator.py
[2023-05-06T09:39:03.545+0000] {processor.py:799} INFO - Processing file /home/airflow/.local/lib/python3.7/site-packages/airflow/example_dags/example_subdag_operator.py for tasks to queue
[2023-05-06T09:39:03.548+0000] {logging_mixin.py:149} INFO - [2023-05-06T09:39:03.547+0000] {dagbag.py:541} INFO - Filling up the DagBag from /home/airflow/.local/lib/python3.7/site-packages/airflow/example_dags/example_subdag_operator.py
[2023-05-06T09:39:03.587+0000] {processor.py:809} INFO - DAG(s) dict_keys(['example_subdag_operator.section-1', 'example_subdag_operator.section-2', 'example_subdag_operator']) retrieved from /home/airflow/.local/lib/python3.7/site-packages/airflow/example_dags/example_subdag_operator.py
[2023-05-06T09:39:03.614+0000] {logging_mixin.py:149} INFO - [2023-05-06T09:39:03.614+0000] {dag.py:2726} INFO - Sync 3 DAGs
[2023-05-06T09:39:03.655+0000] {logging_mixin.py:149} INFO - [2023-05-06T09:39:03.655+0000] {dag.py:3490} INFO - Setting next_dagrun for example_subdag_operator to 2022-01-01T00:00:00+00:00, run_after=2022-01-01T00:00:00+00:00
[2023-05-06T09:39:03.661+0000] {logging_mixin.py:149} INFO - [2023-05-06T09:39:03.661+0000] {dag.py:3490} INFO - Setting next_dagrun for example_subdag_operator.section-1 to None, run_after=None
[2023-05-06T09:39:03.663+0000] {logging_mixin.py:149} INFO - [2023-05-06T09:39:03.663+0000] {dag.py:3490} INFO - Setting next_dagrun for example_subdag_operator.section-2 to None, run_after=None
[2023-05-06T09:39:03.675+0000] {logging_mixin.py:149} INFO - [2023-05-06T09:39:03.675+0000] {dag.py:2726} INFO - Sync 2 DAGs
[2023-05-06T09:39:03.683+0000] {logging_mixin.py:149} INFO - [2023-05-06T09:39:03.683+0000] {dag.py:3490} INFO - Setting next_dagrun for example_subdag_operator.section-1 to None, run_after=None
[2023-05-06T09:39:03.683+0000] {logging_mixin.py:149} INFO - [2023-05-06T09:39:03.683+0000] {dag.py:3490} INFO - Setting next_dagrun for example_subdag_operator.section-2 to None, run_after=None
[2023-05-06T09:39:03.695+0000] {processor.py:178} INFO - Processing /home/airflow/.local/lib/python3.7/site-packages/airflow/example_dags/example_subdag_operator.py took 0.663 seconds
[2023-05-06T09:39:34.373+0000] {processor.py:156} INFO - Started process (PID=687) to work on /home/airflow/.local/lib/python3.7/site-packages/airflow/example_dags/example_subdag_operator.py
[2023-05-06T09:39:34.378+0000] {processor.py:799} INFO - Processing file /home/airflow/.local/lib/python3.7/site-packages/airflow/example_dags/example_subdag_operator.py for tasks to queue
[2023-05-06T09:39:34.381+0000] {logging_mixin.py:149} INFO - [2023-05-06T09:39:34.380+0000] {dagbag.py:541} INFO - Filling up the DagBag from /home/airflow/.local/lib/python3.7/site-packages/airflow/example_dags/example_subdag_operator.py
[2023-05-06T09:39:34.413+0000] {processor.py:809} INFO - DAG(s) dict_keys(['example_subdag_operator.section-1', 'example_subdag_operator.section-2', 'example_subdag_operator']) retrieved from /home/airflow/.local/lib/python3.7/site-packages/airflow/example_dags/example_subdag_operator.py
[2023-05-06T09:39:34.433+0000] {logging_mixin.py:149} INFO - [2023-05-06T09:39:34.433+0000] {dag.py:2726} INFO - Sync 3 DAGs
[2023-05-06T09:39:34.462+0000] {logging_mixin.py:149} INFO - [2023-05-06T09:39:34.462+0000] {dag.py:3490} INFO - Setting next_dagrun for example_subdag_operator to 2022-01-01T00:00:00+00:00, run_after=2022-01-01T00:00:00+00:00
[2023-05-06T09:39:34.466+0000] {logging_mixin.py:149} INFO - [2023-05-06T09:39:34.466+0000] {dag.py:3490} INFO - Setting next_dagrun for example_subdag_operator.section-1 to None, run_after=None
[2023-05-06T09:39:34.467+0000] {logging_mixin.py:149} INFO - [2023-05-06T09:39:34.467+0000] {dag.py:3490} INFO - Setting next_dagrun for example_subdag_operator.section-2 to None, run_after=None
[2023-05-06T09:39:34.474+0000] {logging_mixin.py:149} INFO - [2023-05-06T09:39:34.474+0000] {dag.py:2726} INFO - Sync 2 DAGs
[2023-05-06T09:39:34.481+0000] {logging_mixin.py:149} INFO - [2023-05-06T09:39:34.480+0000] {dag.py:3490} INFO - Setting next_dagrun for example_subdag_operator.section-1 to None, run_after=None
[2023-05-06T09:39:34.481+0000] {logging_mixin.py:149} INFO - [2023-05-06T09:39:34.481+0000] {dag.py:3490} INFO - Setting next_dagrun for example_subdag_operator.section-2 to None, run_after=None
[2023-05-06T09:39:34.493+0000] {processor.py:178} INFO - Processing /home/airflow/.local/lib/python3.7/site-packages/airflow/example_dags/example_subdag_operator.py took 0.128 seconds
[2023-05-06T09:40:05.074+0000] {processor.py:156} INFO - Started process (PID=740) to work on /home/airflow/.local/lib/python3.7/site-packages/airflow/example_dags/example_subdag_operator.py
[2023-05-06T09:40:05.080+0000] {processor.py:799} INFO - Processing file /home/airflow/.local/lib/python3.7/site-packages/airflow/example_dags/example_subdag_operator.py for tasks to queue
[2023-05-06T09:40:05.082+0000] {logging_mixin.py:149} INFO - [2023-05-06T09:40:05.082+0000] {dagbag.py:541} INFO - Filling up the DagBag from /home/airflow/.local/lib/python3.7/site-packages/airflow/example_dags/example_subdag_operator.py
[2023-05-06T09:40:05.116+0000] {processor.py:809} INFO - DAG(s) dict_keys(['example_subdag_operator.section-1', 'example_subdag_operator.section-2', 'example_subdag_operator']) retrieved from /home/airflow/.local/lib/python3.7/site-packages/airflow/example_dags/example_subdag_operator.py
[2023-05-06T09:40:05.139+0000] {logging_mixin.py:149} INFO - [2023-05-06T09:40:05.138+0000] {dag.py:2726} INFO - Sync 3 DAGs
[2023-05-06T09:40:05.176+0000] {logging_mixin.py:149} INFO - [2023-05-06T09:40:05.176+0000] {dag.py:3490} INFO - Setting next_dagrun for example_subdag_operator to 2022-01-01T00:00:00+00:00, run_after=2022-01-01T00:00:00+00:00
[2023-05-06T09:40:05.180+0000] {logging_mixin.py:149} INFO - [2023-05-06T09:40:05.180+0000] {dag.py:3490} INFO - Setting next_dagrun for example_subdag_operator.section-1 to None, run_after=None
[2023-05-06T09:40:05.181+0000] {logging_mixin.py:149} INFO - [2023-05-06T09:40:05.181+0000] {dag.py:3490} INFO - Setting next_dagrun for example_subdag_operator.section-2 to None, run_after=None
[2023-05-06T09:40:05.189+0000] {logging_mixin.py:149} INFO - [2023-05-06T09:40:05.189+0000] {dag.py:2726} INFO - Sync 2 DAGs
[2023-05-06T09:40:05.197+0000] {logging_mixin.py:149} INFO - [2023-05-06T09:40:05.197+0000] {dag.py:3490} INFO - Setting next_dagrun for example_subdag_operator.section-1 to None, run_after=None
[2023-05-06T09:40:05.198+0000] {logging_mixin.py:149} INFO - [2023-05-06T09:40:05.198+0000] {dag.py:3490} INFO - Setting next_dagrun for example_subdag_operator.section-2 to None, run_after=None
[2023-05-06T09:40:05.213+0000] {processor.py:178} INFO - Processing /home/airflow/.local/lib/python3.7/site-packages/airflow/example_dags/example_subdag_operator.py took 0.146 seconds
[2023-05-06T09:40:35.710+0000] {processor.py:156} INFO - Started process (PID=793) to work on /home/airflow/.local/lib/python3.7/site-packages/airflow/example_dags/example_subdag_operator.py
[2023-05-06T09:40:35.711+0000] {processor.py:799} INFO - Processing file /home/airflow/.local/lib/python3.7/site-packages/airflow/example_dags/example_subdag_operator.py for tasks to queue
[2023-05-06T09:40:35.712+0000] {logging_mixin.py:149} INFO - [2023-05-06T09:40:35.712+0000] {dagbag.py:541} INFO - Filling up the DagBag from /home/airflow/.local/lib/python3.7/site-packages/airflow/example_dags/example_subdag_operator.py
[2023-05-06T09:40:35.741+0000] {processor.py:809} INFO - DAG(s) dict_keys(['example_subdag_operator.section-1', 'example_subdag_operator.section-2', 'example_subdag_operator']) retrieved from /home/airflow/.local/lib/python3.7/site-packages/airflow/example_dags/example_subdag_operator.py
[2023-05-06T09:40:35.762+0000] {logging_mixin.py:149} INFO - [2023-05-06T09:40:35.761+0000] {dag.py:2726} INFO - Sync 3 DAGs
[2023-05-06T09:40:35.806+0000] {logging_mixin.py:149} INFO - [2023-05-06T09:40:35.806+0000] {dag.py:3490} INFO - Setting next_dagrun for example_subdag_operator to 2022-01-01T00:00:00+00:00, run_after=2022-01-01T00:00:00+00:00
[2023-05-06T09:40:35.811+0000] {logging_mixin.py:149} INFO - [2023-05-06T09:40:35.811+0000] {dag.py:3490} INFO - Setting next_dagrun for example_subdag_operator.section-1 to None, run_after=None
[2023-05-06T09:40:35.813+0000] {logging_mixin.py:149} INFO - [2023-05-06T09:40:35.813+0000] {dag.py:3490} INFO - Setting next_dagrun for example_subdag_operator.section-2 to None, run_after=None
[2023-05-06T09:40:35.822+0000] {logging_mixin.py:149} INFO - [2023-05-06T09:40:35.822+0000] {dag.py:2726} INFO - Sync 2 DAGs
[2023-05-06T09:40:35.831+0000] {logging_mixin.py:149} INFO - [2023-05-06T09:40:35.830+0000] {dag.py:3490} INFO - Setting next_dagrun for example_subdag_operator.section-1 to None, run_after=None
[2023-05-06T09:40:35.831+0000] {logging_mixin.py:149} INFO - [2023-05-06T09:40:35.831+0000] {dag.py:3490} INFO - Setting next_dagrun for example_subdag_operator.section-2 to None, run_after=None
[2023-05-06T09:40:35.846+0000] {processor.py:178} INFO - Processing /home/airflow/.local/lib/python3.7/site-packages/airflow/example_dags/example_subdag_operator.py took 0.139 seconds
[2023-05-06T09:41:06.185+0000] {processor.py:156} INFO - Started process (PID=847) to work on /home/airflow/.local/lib/python3.7/site-packages/airflow/example_dags/example_subdag_operator.py
[2023-05-06T09:41:06.189+0000] {processor.py:799} INFO - Processing file /home/airflow/.local/lib/python3.7/site-packages/airflow/example_dags/example_subdag_operator.py for tasks to queue
[2023-05-06T09:41:06.191+0000] {logging_mixin.py:149} INFO - [2023-05-06T09:41:06.191+0000] {dagbag.py:541} INFO - Filling up the DagBag from /home/airflow/.local/lib/python3.7/site-packages/airflow/example_dags/example_subdag_operator.py
[2023-05-06T09:41:06.219+0000] {processor.py:809} INFO - DAG(s) dict_keys(['example_subdag_operator.section-1', 'example_subdag_operator.section-2', 'example_subdag_operator']) retrieved from /home/airflow/.local/lib/python3.7/site-packages/airflow/example_dags/example_subdag_operator.py
[2023-05-06T09:41:06.240+0000] {logging_mixin.py:149} INFO - [2023-05-06T09:41:06.240+0000] {dag.py:2726} INFO - Sync 3 DAGs
[2023-05-06T09:41:06.273+0000] {logging_mixin.py:149} INFO - [2023-05-06T09:41:06.272+0000] {dag.py:3490} INFO - Setting next_dagrun for example_subdag_operator to 2022-01-01T00:00:00+00:00, run_after=2022-01-01T00:00:00+00:00
[2023-05-06T09:41:06.277+0000] {logging_mixin.py:149} INFO - [2023-05-06T09:41:06.277+0000] {dag.py:3490} INFO - Setting next_dagrun for example_subdag_operator.section-1 to None, run_after=None
[2023-05-06T09:41:06.279+0000] {logging_mixin.py:149} INFO - [2023-05-06T09:41:06.279+0000] {dag.py:3490} INFO - Setting next_dagrun for example_subdag_operator.section-2 to None, run_after=None
[2023-05-06T09:41:06.288+0000] {logging_mixin.py:149} INFO - [2023-05-06T09:41:06.288+0000] {dag.py:2726} INFO - Sync 2 DAGs
[2023-05-06T09:41:06.295+0000] {logging_mixin.py:149} INFO - [2023-05-06T09:41:06.295+0000] {dag.py:3490} INFO - Setting next_dagrun for example_subdag_operator.section-1 to None, run_after=None
[2023-05-06T09:41:06.295+0000] {logging_mixin.py:149} INFO - [2023-05-06T09:41:06.295+0000] {dag.py:3490} INFO - Setting next_dagrun for example_subdag_operator.section-2 to None, run_after=None
[2023-05-06T09:41:06.308+0000] {processor.py:178} INFO - Processing /home/airflow/.local/lib/python3.7/site-packages/airflow/example_dags/example_subdag_operator.py took 0.126 seconds
[2023-05-06T09:41:36.477+0000] {processor.py:156} INFO - Started process (PID=902) to work on /home/airflow/.local/lib/python3.7/site-packages/airflow/example_dags/example_subdag_operator.py
[2023-05-06T09:41:36.483+0000] {processor.py:799} INFO - Processing file /home/airflow/.local/lib/python3.7/site-packages/airflow/example_dags/example_subdag_operator.py for tasks to queue
[2023-05-06T09:41:36.487+0000] {logging_mixin.py:149} INFO - [2023-05-06T09:41:36.487+0000] {dagbag.py:541} INFO - Filling up the DagBag from /home/airflow/.local/lib/python3.7/site-packages/airflow/example_dags/example_subdag_operator.py
[2023-05-06T09:41:36.543+0000] {processor.py:809} INFO - DAG(s) dict_keys(['example_subdag_operator.section-1', 'example_subdag_operator.section-2', 'example_subdag_operator']) retrieved from /home/airflow/.local/lib/python3.7/site-packages/airflow/example_dags/example_subdag_operator.py
[2023-05-06T09:41:36.592+0000] {logging_mixin.py:149} INFO - [2023-05-06T09:41:36.591+0000] {dag.py:2726} INFO - Sync 3 DAGs
[2023-05-06T09:41:36.669+0000] {logging_mixin.py:149} INFO - [2023-05-06T09:41:36.668+0000] {dag.py:3490} INFO - Setting next_dagrun for example_subdag_operator to 2022-01-01T00:00:00+00:00, run_after=2022-01-01T00:00:00+00:00
[2023-05-06T09:41:36.684+0000] {logging_mixin.py:149} INFO - [2023-05-06T09:41:36.683+0000] {dag.py:3490} INFO - Setting next_dagrun for example_subdag_operator.section-1 to None, run_after=None
[2023-05-06T09:41:36.689+0000] {logging_mixin.py:149} INFO - [2023-05-06T09:41:36.689+0000] {dag.py:3490} INFO - Setting next_dagrun for example_subdag_operator.section-2 to None, run_after=None
[2023-05-06T09:41:36.709+0000] {logging_mixin.py:149} INFO - [2023-05-06T09:41:36.709+0000] {dag.py:2726} INFO - Sync 2 DAGs
[2023-05-06T09:41:36.727+0000] {logging_mixin.py:149} INFO - [2023-05-06T09:41:36.727+0000] {dag.py:3490} INFO - Setting next_dagrun for example_subdag_operator.section-1 to None, run_after=None
[2023-05-06T09:41:36.728+0000] {logging_mixin.py:149} INFO - [2023-05-06T09:41:36.727+0000] {dag.py:3490} INFO - Setting next_dagrun for example_subdag_operator.section-2 to None, run_after=None
[2023-05-06T09:41:36.755+0000] {processor.py:178} INFO - Processing /home/airflow/.local/lib/python3.7/site-packages/airflow/example_dags/example_subdag_operator.py took 0.283 seconds
[2023-05-06T09:42:07.499+0000] {processor.py:156} INFO - Started process (PID=955) to work on /home/airflow/.local/lib/python3.7/site-packages/airflow/example_dags/example_subdag_operator.py
[2023-05-06T09:42:07.502+0000] {processor.py:799} INFO - Processing file /home/airflow/.local/lib/python3.7/site-packages/airflow/example_dags/example_subdag_operator.py for tasks to queue
[2023-05-06T09:42:07.504+0000] {logging_mixin.py:149} INFO - [2023-05-06T09:42:07.504+0000] {dagbag.py:541} INFO - Filling up the DagBag from /home/airflow/.local/lib/python3.7/site-packages/airflow/example_dags/example_subdag_operator.py
[2023-05-06T09:42:07.533+0000] {processor.py:809} INFO - DAG(s) dict_keys(['example_subdag_operator.section-1', 'example_subdag_operator.section-2', 'example_subdag_operator']) retrieved from /home/airflow/.local/lib/python3.7/site-packages/airflow/example_dags/example_subdag_operator.py
[2023-05-06T09:42:07.538+0000] {logging_mixin.py:149} INFO - [2023-05-06T09:42:07.537+0000] {dag.py:2726} INFO - Sync 3 DAGs
[2023-05-06T09:42:07.568+0000] {logging_mixin.py:149} INFO - [2023-05-06T09:42:07.568+0000] {dag.py:3490} INFO - Setting next_dagrun for example_subdag_operator to 2022-01-01T00:00:00+00:00, run_after=2022-01-01T00:00:00+00:00
[2023-05-06T09:42:07.572+0000] {logging_mixin.py:149} INFO - [2023-05-06T09:42:07.572+0000] {dag.py:3490} INFO - Setting next_dagrun for example_subdag_operator.section-1 to None, run_after=None
[2023-05-06T09:42:07.573+0000] {logging_mixin.py:149} INFO - [2023-05-06T09:42:07.573+0000] {dag.py:3490} INFO - Setting next_dagrun for example_subdag_operator.section-2 to None, run_after=None
[2023-05-06T09:42:07.581+0000] {logging_mixin.py:149} INFO - [2023-05-06T09:42:07.581+0000] {dag.py:2726} INFO - Sync 2 DAGs
[2023-05-06T09:42:07.589+0000] {logging_mixin.py:149} INFO - [2023-05-06T09:42:07.589+0000] {dag.py:3490} INFO - Setting next_dagrun for example_subdag_operator.section-1 to None, run_after=None
[2023-05-06T09:42:07.589+0000] {logging_mixin.py:149} INFO - [2023-05-06T09:42:07.589+0000] {dag.py:3490} INFO - Setting next_dagrun for example_subdag_operator.section-2 to None, run_after=None
[2023-05-06T09:42:07.603+0000] {processor.py:178} INFO - Processing /home/airflow/.local/lib/python3.7/site-packages/airflow/example_dags/example_subdag_operator.py took 0.107 seconds
[2023-05-06T09:42:37.938+0000] {processor.py:156} INFO - Started process (PID=1008) to work on /home/airflow/.local/lib/python3.7/site-packages/airflow/example_dags/example_subdag_operator.py
[2023-05-06T09:42:37.942+0000] {processor.py:799} INFO - Processing file /home/airflow/.local/lib/python3.7/site-packages/airflow/example_dags/example_subdag_operator.py for tasks to queue
[2023-05-06T09:42:37.944+0000] {logging_mixin.py:149} INFO - [2023-05-06T09:42:37.944+0000] {dagbag.py:541} INFO - Filling up the DagBag from /home/airflow/.local/lib/python3.7/site-packages/airflow/example_dags/example_subdag_operator.py
[2023-05-06T09:42:37.973+0000] {processor.py:809} INFO - DAG(s) dict_keys(['example_subdag_operator.section-1', 'example_subdag_operator.section-2', 'example_subdag_operator']) retrieved from /home/airflow/.local/lib/python3.7/site-packages/airflow/example_dags/example_subdag_operator.py
[2023-05-06T09:42:38.002+0000] {logging_mixin.py:149} INFO - [2023-05-06T09:42:38.001+0000] {dag.py:2726} INFO - Sync 3 DAGs
[2023-05-06T09:42:38.033+0000] {logging_mixin.py:149} INFO - [2023-05-06T09:42:38.032+0000] {dag.py:3490} INFO - Setting next_dagrun for example_subdag_operator to 2022-01-01T00:00:00+00:00, run_after=2022-01-01T00:00:00+00:00
[2023-05-06T09:42:38.037+0000] {logging_mixin.py:149} INFO - [2023-05-06T09:42:38.036+0000] {dag.py:3490} INFO - Setting next_dagrun for example_subdag_operator.section-1 to None, run_after=None
[2023-05-06T09:42:38.038+0000] {logging_mixin.py:149} INFO - [2023-05-06T09:42:38.038+0000] {dag.py:3490} INFO - Setting next_dagrun for example_subdag_operator.section-2 to None, run_after=None
[2023-05-06T09:42:38.045+0000] {logging_mixin.py:149} INFO - [2023-05-06T09:42:38.045+0000] {dag.py:2726} INFO - Sync 2 DAGs
[2023-05-06T09:42:38.053+0000] {logging_mixin.py:149} INFO - [2023-05-06T09:42:38.053+0000] {dag.py:3490} INFO - Setting next_dagrun for example_subdag_operator.section-1 to None, run_after=None
[2023-05-06T09:42:38.054+0000] {logging_mixin.py:149} INFO - [2023-05-06T09:42:38.054+0000] {dag.py:3490} INFO - Setting next_dagrun for example_subdag_operator.section-2 to None, run_after=None
[2023-05-06T09:42:38.065+0000] {processor.py:178} INFO - Processing /home/airflow/.local/lib/python3.7/site-packages/airflow/example_dags/example_subdag_operator.py took 0.133 seconds
[2023-05-06T09:43:08.390+0000] {processor.py:156} INFO - Started process (PID=1061) to work on /home/airflow/.local/lib/python3.7/site-packages/airflow/example_dags/example_subdag_operator.py
[2023-05-06T09:43:08.395+0000] {processor.py:799} INFO - Processing file /home/airflow/.local/lib/python3.7/site-packages/airflow/example_dags/example_subdag_operator.py for tasks to queue
[2023-05-06T09:43:08.399+0000] {logging_mixin.py:149} INFO - [2023-05-06T09:43:08.399+0000] {dagbag.py:541} INFO - Filling up the DagBag from /home/airflow/.local/lib/python3.7/site-packages/airflow/example_dags/example_subdag_operator.py
[2023-05-06T09:43:08.434+0000] {processor.py:809} INFO - DAG(s) dict_keys(['example_subdag_operator.section-1', 'example_subdag_operator.section-2', 'example_subdag_operator']) retrieved from /home/airflow/.local/lib/python3.7/site-packages/airflow/example_dags/example_subdag_operator.py
[2023-05-06T09:43:08.459+0000] {logging_mixin.py:149} INFO - [2023-05-06T09:43:08.458+0000] {dag.py:2726} INFO - Sync 3 DAGs
[2023-05-06T09:43:08.491+0000] {logging_mixin.py:149} INFO - [2023-05-06T09:43:08.491+0000] {dag.py:3490} INFO - Setting next_dagrun for example_subdag_operator to 2022-01-01T00:00:00+00:00, run_after=2022-01-01T00:00:00+00:00
[2023-05-06T09:43:08.495+0000] {logging_mixin.py:149} INFO - [2023-05-06T09:43:08.495+0000] {dag.py:3490} INFO - Setting next_dagrun for example_subdag_operator.section-1 to None, run_after=None
[2023-05-06T09:43:08.497+0000] {logging_mixin.py:149} INFO - [2023-05-06T09:43:08.497+0000] {dag.py:3490} INFO - Setting next_dagrun for example_subdag_operator.section-2 to None, run_after=None
[2023-05-06T09:43:08.506+0000] {logging_mixin.py:149} INFO - [2023-05-06T09:43:08.505+0000] {dag.py:2726} INFO - Sync 2 DAGs
[2023-05-06T09:43:08.513+0000] {logging_mixin.py:149} INFO - [2023-05-06T09:43:08.513+0000] {dag.py:3490} INFO - Setting next_dagrun for example_subdag_operator.section-1 to None, run_after=None
[2023-05-06T09:43:08.513+0000] {logging_mixin.py:149} INFO - [2023-05-06T09:43:08.513+0000] {dag.py:3490} INFO - Setting next_dagrun for example_subdag_operator.section-2 to None, run_after=None
[2023-05-06T09:43:08.527+0000] {processor.py:178} INFO - Processing /home/airflow/.local/lib/python3.7/site-packages/airflow/example_dags/example_subdag_operator.py took 0.143 seconds
[2023-05-06T09:43:38.732+0000] {processor.py:156} INFO - Started process (PID=1115) to work on /home/airflow/.local/lib/python3.7/site-packages/airflow/example_dags/example_subdag_operator.py
[2023-05-06T09:43:38.733+0000] {processor.py:799} INFO - Processing file /home/airflow/.local/lib/python3.7/site-packages/airflow/example_dags/example_subdag_operator.py for tasks to queue
[2023-05-06T09:43:38.737+0000] {logging_mixin.py:149} INFO - [2023-05-06T09:43:38.737+0000] {dagbag.py:541} INFO - Filling up the DagBag from /home/airflow/.local/lib/python3.7/site-packages/airflow/example_dags/example_subdag_operator.py
[2023-05-06T09:43:38.801+0000] {processor.py:809} INFO - DAG(s) dict_keys(['example_subdag_operator.section-1', 'example_subdag_operator.section-2', 'example_subdag_operator']) retrieved from /home/airflow/.local/lib/python3.7/site-packages/airflow/example_dags/example_subdag_operator.py
[2023-05-06T09:43:38.842+0000] {logging_mixin.py:149} INFO - [2023-05-06T09:43:38.841+0000] {dag.py:2726} INFO - Sync 3 DAGs
[2023-05-06T09:43:38.876+0000] {logging_mixin.py:149} INFO - [2023-05-06T09:43:38.876+0000] {dag.py:3490} INFO - Setting next_dagrun for example_subdag_operator to 2022-01-01T00:00:00+00:00, run_after=2022-01-01T00:00:00+00:00
[2023-05-06T09:43:38.880+0000] {logging_mixin.py:149} INFO - [2023-05-06T09:43:38.880+0000] {dag.py:3490} INFO - Setting next_dagrun for example_subdag_operator.section-1 to None, run_after=None
[2023-05-06T09:43:38.881+0000] {logging_mixin.py:149} INFO - [2023-05-06T09:43:38.881+0000] {dag.py:3490} INFO - Setting next_dagrun for example_subdag_operator.section-2 to None, run_after=None
[2023-05-06T09:43:38.889+0000] {logging_mixin.py:149} INFO - [2023-05-06T09:43:38.889+0000] {dag.py:2726} INFO - Sync 2 DAGs
[2023-05-06T09:43:38.897+0000] {logging_mixin.py:149} INFO - [2023-05-06T09:43:38.896+0000] {dag.py:3490} INFO - Setting next_dagrun for example_subdag_operator.section-1 to None, run_after=None
[2023-05-06T09:43:38.897+0000] {logging_mixin.py:149} INFO - [2023-05-06T09:43:38.897+0000] {dag.py:3490} INFO - Setting next_dagrun for example_subdag_operator.section-2 to None, run_after=None
[2023-05-06T09:43:38.910+0000] {processor.py:178} INFO - Processing /home/airflow/.local/lib/python3.7/site-packages/airflow/example_dags/example_subdag_operator.py took 0.182 seconds
