[2023-05-06T09:33:26.342+0000] {processor.py:156} INFO - Started process (PID=53) to work on /home/airflow/.local/lib/python3.7/site-packages/airflow/example_dags/example_external_task_marker_dag.py
[2023-05-06T09:33:26.343+0000] {processor.py:799} INFO - Processing file /home/airflow/.local/lib/python3.7/site-packages/airflow/example_dags/example_external_task_marker_dag.py for tasks to queue
[2023-05-06T09:33:26.345+0000] {logging_mixin.py:149} INFO - [2023-05-06T09:33:26.345+0000] {dagbag.py:541} INFO - Filling up the DagBag from /home/airflow/.local/lib/python3.7/site-packages/airflow/example_dags/example_external_task_marker_dag.py
[2023-05-06T09:33:26.353+0000] {processor.py:809} INFO - DAG(s) dict_keys(['example_external_task_marker_parent', 'example_external_task_marker_child']) retrieved from /home/airflow/.local/lib/python3.7/site-packages/airflow/example_dags/example_external_task_marker_dag.py
[2023-05-06T09:33:26.369+0000] {logging_mixin.py:149} INFO - [2023-05-06T09:33:26.368+0000] {dag.py:2726} INFO - Sync 2 DAGs
[2023-05-06T09:33:26.405+0000] {logging_mixin.py:149} INFO - [2023-05-06T09:33:26.405+0000] {dag.py:3490} INFO - Setting next_dagrun for example_external_task_marker_child to None, run_after=None
[2023-05-06T09:33:26.410+0000] {logging_mixin.py:149} INFO - [2023-05-06T09:33:26.410+0000] {dag.py:3490} INFO - Setting next_dagrun for example_external_task_marker_parent to None, run_after=None
[2023-05-06T09:33:26.438+0000] {processor.py:178} INFO - Processing /home/airflow/.local/lib/python3.7/site-packages/airflow/example_dags/example_external_task_marker_dag.py took 0.099 seconds
[2023-05-06T09:33:56.536+0000] {processor.py:156} INFO - Started process (PID=106) to work on /home/airflow/.local/lib/python3.7/site-packages/airflow/example_dags/example_external_task_marker_dag.py
[2023-05-06T09:33:56.537+0000] {processor.py:799} INFO - Processing file /home/airflow/.local/lib/python3.7/site-packages/airflow/example_dags/example_external_task_marker_dag.py for tasks to queue
[2023-05-06T09:33:56.538+0000] {logging_mixin.py:149} INFO - [2023-05-06T09:33:56.538+0000] {dagbag.py:541} INFO - Filling up the DagBag from /home/airflow/.local/lib/python3.7/site-packages/airflow/example_dags/example_external_task_marker_dag.py
[2023-05-06T09:33:56.543+0000] {processor.py:809} INFO - DAG(s) dict_keys(['example_external_task_marker_child', 'example_external_task_marker_parent']) retrieved from /home/airflow/.local/lib/python3.7/site-packages/airflow/example_dags/example_external_task_marker_dag.py
[2023-05-06T09:33:56.557+0000] {logging_mixin.py:149} INFO - [2023-05-06T09:33:56.556+0000] {dag.py:2726} INFO - Sync 2 DAGs
[2023-05-06T09:33:56.588+0000] {logging_mixin.py:149} INFO - [2023-05-06T09:33:56.587+0000] {dag.py:3490} INFO - Setting next_dagrun for example_external_task_marker_child to None, run_after=None
[2023-05-06T09:33:56.592+0000] {logging_mixin.py:149} INFO - [2023-05-06T09:33:56.592+0000] {dag.py:3490} INFO - Setting next_dagrun for example_external_task_marker_parent to None, run_after=None
[2023-05-06T09:33:56.610+0000] {processor.py:178} INFO - Processing /home/airflow/.local/lib/python3.7/site-packages/airflow/example_dags/example_external_task_marker_dag.py took 0.077 seconds
[2023-05-06T09:34:27.654+0000] {processor.py:156} INFO - Started process (PID=159) to work on /home/airflow/.local/lib/python3.7/site-packages/airflow/example_dags/example_external_task_marker_dag.py
[2023-05-06T09:34:27.655+0000] {processor.py:799} INFO - Processing file /home/airflow/.local/lib/python3.7/site-packages/airflow/example_dags/example_external_task_marker_dag.py for tasks to queue
[2023-05-06T09:34:27.657+0000] {logging_mixin.py:149} INFO - [2023-05-06T09:34:27.657+0000] {dagbag.py:541} INFO - Filling up the DagBag from /home/airflow/.local/lib/python3.7/site-packages/airflow/example_dags/example_external_task_marker_dag.py
[2023-05-06T09:34:27.662+0000] {processor.py:809} INFO - DAG(s) dict_keys(['example_external_task_marker_child', 'example_external_task_marker_parent']) retrieved from /home/airflow/.local/lib/python3.7/site-packages/airflow/example_dags/example_external_task_marker_dag.py
[2023-05-06T09:34:27.676+0000] {logging_mixin.py:149} INFO - [2023-05-06T09:34:27.676+0000] {dag.py:2726} INFO - Sync 2 DAGs
[2023-05-06T09:34:27.708+0000] {logging_mixin.py:149} INFO - [2023-05-06T09:34:27.708+0000] {dag.py:3490} INFO - Setting next_dagrun for example_external_task_marker_child to None, run_after=None
[2023-05-06T09:34:27.713+0000] {logging_mixin.py:149} INFO - [2023-05-06T09:34:27.713+0000] {dag.py:3490} INFO - Setting next_dagrun for example_external_task_marker_parent to None, run_after=None
[2023-05-06T09:34:27.741+0000] {processor.py:178} INFO - Processing /home/airflow/.local/lib/python3.7/site-packages/airflow/example_dags/example_external_task_marker_dag.py took 0.090 seconds
[2023-05-06T09:34:58.304+0000] {processor.py:156} INFO - Started process (PID=212) to work on /home/airflow/.local/lib/python3.7/site-packages/airflow/example_dags/example_external_task_marker_dag.py
[2023-05-06T09:34:58.307+0000] {processor.py:799} INFO - Processing file /home/airflow/.local/lib/python3.7/site-packages/airflow/example_dags/example_external_task_marker_dag.py for tasks to queue
[2023-05-06T09:34:58.310+0000] {logging_mixin.py:149} INFO - [2023-05-06T09:34:58.310+0000] {dagbag.py:541} INFO - Filling up the DagBag from /home/airflow/.local/lib/python3.7/site-packages/airflow/example_dags/example_external_task_marker_dag.py
[2023-05-06T09:34:58.315+0000] {processor.py:809} INFO - DAG(s) dict_keys(['example_external_task_marker_parent', 'example_external_task_marker_child']) retrieved from /home/airflow/.local/lib/python3.7/site-packages/airflow/example_dags/example_external_task_marker_dag.py
[2023-05-06T09:34:58.346+0000] {logging_mixin.py:149} INFO - [2023-05-06T09:34:58.345+0000] {dag.py:2726} INFO - Sync 2 DAGs
[2023-05-06T09:34:58.390+0000] {logging_mixin.py:149} INFO - [2023-05-06T09:34:58.390+0000] {dag.py:3490} INFO - Setting next_dagrun for example_external_task_marker_child to None, run_after=None
[2023-05-06T09:34:58.395+0000] {logging_mixin.py:149} INFO - [2023-05-06T09:34:58.395+0000] {dag.py:3490} INFO - Setting next_dagrun for example_external_task_marker_parent to None, run_after=None
[2023-05-06T09:34:58.419+0000] {processor.py:178} INFO - Processing /home/airflow/.local/lib/python3.7/site-packages/airflow/example_dags/example_external_task_marker_dag.py took 0.118 seconds
[2023-05-06T09:35:29.011+0000] {processor.py:156} INFO - Started process (PID=265) to work on /home/airflow/.local/lib/python3.7/site-packages/airflow/example_dags/example_external_task_marker_dag.py
[2023-05-06T09:35:29.012+0000] {processor.py:799} INFO - Processing file /home/airflow/.local/lib/python3.7/site-packages/airflow/example_dags/example_external_task_marker_dag.py for tasks to queue
[2023-05-06T09:35:29.014+0000] {logging_mixin.py:149} INFO - [2023-05-06T09:35:29.014+0000] {dagbag.py:541} INFO - Filling up the DagBag from /home/airflow/.local/lib/python3.7/site-packages/airflow/example_dags/example_external_task_marker_dag.py
[2023-05-06T09:35:29.019+0000] {processor.py:809} INFO - DAG(s) dict_keys(['example_external_task_marker_child', 'example_external_task_marker_parent']) retrieved from /home/airflow/.local/lib/python3.7/site-packages/airflow/example_dags/example_external_task_marker_dag.py
[2023-05-06T09:35:29.048+0000] {logging_mixin.py:149} INFO - [2023-05-06T09:35:29.048+0000] {dag.py:2726} INFO - Sync 2 DAGs
[2023-05-06T09:35:29.075+0000] {logging_mixin.py:149} INFO - [2023-05-06T09:35:29.075+0000] {dag.py:3490} INFO - Setting next_dagrun for example_external_task_marker_child to None, run_after=None
[2023-05-06T09:35:29.080+0000] {logging_mixin.py:149} INFO - [2023-05-06T09:35:29.080+0000] {dag.py:3490} INFO - Setting next_dagrun for example_external_task_marker_parent to None, run_after=None
[2023-05-06T09:35:29.103+0000] {processor.py:178} INFO - Processing /home/airflow/.local/lib/python3.7/site-packages/airflow/example_dags/example_external_task_marker_dag.py took 0.096 seconds
[2023-05-06T09:35:59.281+0000] {processor.py:156} INFO - Started process (PID=318) to work on /home/airflow/.local/lib/python3.7/site-packages/airflow/example_dags/example_external_task_marker_dag.py
[2023-05-06T09:35:59.282+0000] {processor.py:799} INFO - Processing file /home/airflow/.local/lib/python3.7/site-packages/airflow/example_dags/example_external_task_marker_dag.py for tasks to queue
[2023-05-06T09:35:59.284+0000] {logging_mixin.py:149} INFO - [2023-05-06T09:35:59.284+0000] {dagbag.py:541} INFO - Filling up the DagBag from /home/airflow/.local/lib/python3.7/site-packages/airflow/example_dags/example_external_task_marker_dag.py
[2023-05-06T09:35:59.288+0000] {processor.py:809} INFO - DAG(s) dict_keys(['example_external_task_marker_parent', 'example_external_task_marker_child']) retrieved from /home/airflow/.local/lib/python3.7/site-packages/airflow/example_dags/example_external_task_marker_dag.py
[2023-05-06T09:35:59.313+0000] {logging_mixin.py:149} INFO - [2023-05-06T09:35:59.312+0000] {dag.py:2726} INFO - Sync 2 DAGs
[2023-05-06T09:35:59.337+0000] {logging_mixin.py:149} INFO - [2023-05-06T09:35:59.337+0000] {dag.py:3490} INFO - Setting next_dagrun for example_external_task_marker_child to None, run_after=None
[2023-05-06T09:35:59.340+0000] {logging_mixin.py:149} INFO - [2023-05-06T09:35:59.340+0000] {dag.py:3490} INFO - Setting next_dagrun for example_external_task_marker_parent to None, run_after=None
[2023-05-06T09:35:59.363+0000] {processor.py:178} INFO - Processing /home/airflow/.local/lib/python3.7/site-packages/airflow/example_dags/example_external_task_marker_dag.py took 0.084 seconds
[2023-05-06T09:36:29.770+0000] {processor.py:156} INFO - Started process (PID=372) to work on /home/airflow/.local/lib/python3.7/site-packages/airflow/example_dags/example_external_task_marker_dag.py
[2023-05-06T09:36:29.771+0000] {processor.py:799} INFO - Processing file /home/airflow/.local/lib/python3.7/site-packages/airflow/example_dags/example_external_task_marker_dag.py for tasks to queue
[2023-05-06T09:36:29.773+0000] {logging_mixin.py:149} INFO - [2023-05-06T09:36:29.773+0000] {dagbag.py:541} INFO - Filling up the DagBag from /home/airflow/.local/lib/python3.7/site-packages/airflow/example_dags/example_external_task_marker_dag.py
[2023-05-06T09:36:29.778+0000] {processor.py:809} INFO - DAG(s) dict_keys(['example_external_task_marker_child', 'example_external_task_marker_parent']) retrieved from /home/airflow/.local/lib/python3.7/site-packages/airflow/example_dags/example_external_task_marker_dag.py
[2023-05-06T09:36:29.793+0000] {logging_mixin.py:149} INFO - [2023-05-06T09:36:29.792+0000] {dag.py:2726} INFO - Sync 2 DAGs
[2023-05-06T09:36:29.831+0000] {logging_mixin.py:149} INFO - [2023-05-06T09:36:29.830+0000] {dag.py:3490} INFO - Setting next_dagrun for example_external_task_marker_child to None, run_after=None
[2023-05-06T09:36:29.835+0000] {logging_mixin.py:149} INFO - [2023-05-06T09:36:29.835+0000] {dag.py:3490} INFO - Setting next_dagrun for example_external_task_marker_parent to None, run_after=None
[2023-05-06T09:36:29.859+0000] {processor.py:178} INFO - Processing /home/airflow/.local/lib/python3.7/site-packages/airflow/example_dags/example_external_task_marker_dag.py took 0.093 seconds
[2023-05-06T09:37:00.320+0000] {processor.py:156} INFO - Started process (PID=425) to work on /home/airflow/.local/lib/python3.7/site-packages/airflow/example_dags/example_external_task_marker_dag.py
[2023-05-06T09:37:00.321+0000] {processor.py:799} INFO - Processing file /home/airflow/.local/lib/python3.7/site-packages/airflow/example_dags/example_external_task_marker_dag.py for tasks to queue
[2023-05-06T09:37:00.323+0000] {logging_mixin.py:149} INFO - [2023-05-06T09:37:00.323+0000] {dagbag.py:541} INFO - Filling up the DagBag from /home/airflow/.local/lib/python3.7/site-packages/airflow/example_dags/example_external_task_marker_dag.py
[2023-05-06T09:37:00.328+0000] {processor.py:809} INFO - DAG(s) dict_keys(['example_external_task_marker_parent', 'example_external_task_marker_child']) retrieved from /home/airflow/.local/lib/python3.7/site-packages/airflow/example_dags/example_external_task_marker_dag.py
[2023-05-06T09:37:00.352+0000] {logging_mixin.py:149} INFO - [2023-05-06T09:37:00.351+0000] {dag.py:2726} INFO - Sync 2 DAGs
[2023-05-06T09:37:00.374+0000] {logging_mixin.py:149} INFO - [2023-05-06T09:37:00.374+0000] {dag.py:3490} INFO - Setting next_dagrun for example_external_task_marker_child to None, run_after=None
[2023-05-06T09:37:00.377+0000] {logging_mixin.py:149} INFO - [2023-05-06T09:37:00.377+0000] {dag.py:3490} INFO - Setting next_dagrun for example_external_task_marker_parent to None, run_after=None
[2023-05-06T09:37:00.398+0000] {processor.py:178} INFO - Processing /home/airflow/.local/lib/python3.7/site-packages/airflow/example_dags/example_external_task_marker_dag.py took 0.081 seconds
[2023-05-06T09:37:31.072+0000] {processor.py:156} INFO - Started process (PID=478) to work on /home/airflow/.local/lib/python3.7/site-packages/airflow/example_dags/example_external_task_marker_dag.py
[2023-05-06T09:37:31.073+0000] {processor.py:799} INFO - Processing file /home/airflow/.local/lib/python3.7/site-packages/airflow/example_dags/example_external_task_marker_dag.py for tasks to queue
[2023-05-06T09:37:31.076+0000] {logging_mixin.py:149} INFO - [2023-05-06T09:37:31.075+0000] {dagbag.py:541} INFO - Filling up the DagBag from /home/airflow/.local/lib/python3.7/site-packages/airflow/example_dags/example_external_task_marker_dag.py
[2023-05-06T09:37:31.081+0000] {processor.py:809} INFO - DAG(s) dict_keys(['example_external_task_marker_child', 'example_external_task_marker_parent']) retrieved from /home/airflow/.local/lib/python3.7/site-packages/airflow/example_dags/example_external_task_marker_dag.py
[2023-05-06T09:37:31.121+0000] {logging_mixin.py:149} INFO - [2023-05-06T09:37:31.120+0000] {dag.py:2726} INFO - Sync 2 DAGs
[2023-05-06T09:37:31.167+0000] {logging_mixin.py:149} INFO - [2023-05-06T09:37:31.167+0000] {dag.py:3490} INFO - Setting next_dagrun for example_external_task_marker_child to None, run_after=None
[2023-05-06T09:37:31.172+0000] {logging_mixin.py:149} INFO - [2023-05-06T09:37:31.172+0000] {dag.py:3490} INFO - Setting next_dagrun for example_external_task_marker_parent to None, run_after=None
[2023-05-06T09:37:31.197+0000] {processor.py:178} INFO - Processing /home/airflow/.local/lib/python3.7/site-packages/airflow/example_dags/example_external_task_marker_dag.py took 0.128 seconds
[2023-05-06T09:38:01.494+0000] {processor.py:156} INFO - Started process (PID=531) to work on /home/airflow/.local/lib/python3.7/site-packages/airflow/example_dags/example_external_task_marker_dag.py
[2023-05-06T09:38:01.495+0000] {processor.py:799} INFO - Processing file /home/airflow/.local/lib/python3.7/site-packages/airflow/example_dags/example_external_task_marker_dag.py for tasks to queue
[2023-05-06T09:38:01.497+0000] {logging_mixin.py:149} INFO - [2023-05-06T09:38:01.497+0000] {dagbag.py:541} INFO - Filling up the DagBag from /home/airflow/.local/lib/python3.7/site-packages/airflow/example_dags/example_external_task_marker_dag.py
[2023-05-06T09:38:01.502+0000] {processor.py:809} INFO - DAG(s) dict_keys(['example_external_task_marker_parent', 'example_external_task_marker_child']) retrieved from /home/airflow/.local/lib/python3.7/site-packages/airflow/example_dags/example_external_task_marker_dag.py
[2023-05-06T09:38:01.532+0000] {logging_mixin.py:149} INFO - [2023-05-06T09:38:01.532+0000] {dag.py:2726} INFO - Sync 2 DAGs
[2023-05-06T09:38:01.561+0000] {logging_mixin.py:149} INFO - [2023-05-06T09:38:01.560+0000] {dag.py:3490} INFO - Setting next_dagrun for example_external_task_marker_child to None, run_after=None
[2023-05-06T09:38:01.564+0000] {logging_mixin.py:149} INFO - [2023-05-06T09:38:01.564+0000] {dag.py:3490} INFO - Setting next_dagrun for example_external_task_marker_parent to None, run_after=None
[2023-05-06T09:38:01.591+0000] {processor.py:178} INFO - Processing /home/airflow/.local/lib/python3.7/site-packages/airflow/example_dags/example_external_task_marker_dag.py took 0.099 seconds
[2023-05-06T09:38:32.165+0000] {processor.py:156} INFO - Started process (PID=584) to work on /home/airflow/.local/lib/python3.7/site-packages/airflow/example_dags/example_external_task_marker_dag.py
[2023-05-06T09:38:32.166+0000] {processor.py:799} INFO - Processing file /home/airflow/.local/lib/python3.7/site-packages/airflow/example_dags/example_external_task_marker_dag.py for tasks to queue
[2023-05-06T09:38:32.168+0000] {logging_mixin.py:149} INFO - [2023-05-06T09:38:32.168+0000] {dagbag.py:541} INFO - Filling up the DagBag from /home/airflow/.local/lib/python3.7/site-packages/airflow/example_dags/example_external_task_marker_dag.py
[2023-05-06T09:38:32.176+0000] {processor.py:809} INFO - DAG(s) dict_keys(['example_external_task_marker_parent', 'example_external_task_marker_child']) retrieved from /home/airflow/.local/lib/python3.7/site-packages/airflow/example_dags/example_external_task_marker_dag.py
[2023-05-06T09:38:32.210+0000] {logging_mixin.py:149} INFO - [2023-05-06T09:38:32.210+0000] {dag.py:2726} INFO - Sync 2 DAGs
[2023-05-06T09:38:32.243+0000] {logging_mixin.py:149} INFO - [2023-05-06T09:38:32.243+0000] {dag.py:3490} INFO - Setting next_dagrun for example_external_task_marker_child to None, run_after=None
[2023-05-06T09:38:32.248+0000] {logging_mixin.py:149} INFO - [2023-05-06T09:38:32.247+0000] {dag.py:3490} INFO - Setting next_dagrun for example_external_task_marker_parent to None, run_after=None
[2023-05-06T09:38:32.276+0000] {processor.py:178} INFO - Processing /home/airflow/.local/lib/python3.7/site-packages/airflow/example_dags/example_external_task_marker_dag.py took 0.114 seconds
[2023-05-06T09:39:03.789+0000] {processor.py:156} INFO - Started process (PID=638) to work on /home/airflow/.local/lib/python3.7/site-packages/airflow/example_dags/example_external_task_marker_dag.py
[2023-05-06T09:39:03.789+0000] {processor.py:799} INFO - Processing file /home/airflow/.local/lib/python3.7/site-packages/airflow/example_dags/example_external_task_marker_dag.py for tasks to queue
[2023-05-06T09:39:03.791+0000] {logging_mixin.py:149} INFO - [2023-05-06T09:39:03.791+0000] {dagbag.py:541} INFO - Filling up the DagBag from /home/airflow/.local/lib/python3.7/site-packages/airflow/example_dags/example_external_task_marker_dag.py
[2023-05-06T09:39:03.796+0000] {processor.py:809} INFO - DAG(s) dict_keys(['example_external_task_marker_parent', 'example_external_task_marker_child']) retrieved from /home/airflow/.local/lib/python3.7/site-packages/airflow/example_dags/example_external_task_marker_dag.py
[2023-05-06T09:39:03.831+0000] {logging_mixin.py:149} INFO - [2023-05-06T09:39:03.830+0000] {dag.py:2726} INFO - Sync 2 DAGs
[2023-05-06T09:39:03.865+0000] {logging_mixin.py:149} INFO - [2023-05-06T09:39:03.865+0000] {dag.py:3490} INFO - Setting next_dagrun for example_external_task_marker_child to None, run_after=None
[2023-05-06T09:39:03.869+0000] {logging_mixin.py:149} INFO - [2023-05-06T09:39:03.869+0000] {dag.py:3490} INFO - Setting next_dagrun for example_external_task_marker_parent to None, run_after=None
[2023-05-06T09:39:03.900+0000] {processor.py:178} INFO - Processing /home/airflow/.local/lib/python3.7/site-packages/airflow/example_dags/example_external_task_marker_dag.py took 0.114 seconds
[2023-05-06T09:39:34.626+0000] {processor.py:156} INFO - Started process (PID=691) to work on /home/airflow/.local/lib/python3.7/site-packages/airflow/example_dags/example_external_task_marker_dag.py
[2023-05-06T09:39:34.628+0000] {processor.py:799} INFO - Processing file /home/airflow/.local/lib/python3.7/site-packages/airflow/example_dags/example_external_task_marker_dag.py for tasks to queue
[2023-05-06T09:39:34.631+0000] {logging_mixin.py:149} INFO - [2023-05-06T09:39:34.631+0000] {dagbag.py:541} INFO - Filling up the DagBag from /home/airflow/.local/lib/python3.7/site-packages/airflow/example_dags/example_external_task_marker_dag.py
[2023-05-06T09:39:34.636+0000] {processor.py:809} INFO - DAG(s) dict_keys(['example_external_task_marker_parent', 'example_external_task_marker_child']) retrieved from /home/airflow/.local/lib/python3.7/site-packages/airflow/example_dags/example_external_task_marker_dag.py
[2023-05-06T09:39:34.662+0000] {logging_mixin.py:149} INFO - [2023-05-06T09:39:34.661+0000] {dag.py:2726} INFO - Sync 2 DAGs
[2023-05-06T09:39:34.687+0000] {logging_mixin.py:149} INFO - [2023-05-06T09:39:34.687+0000] {dag.py:3490} INFO - Setting next_dagrun for example_external_task_marker_child to None, run_after=None
[2023-05-06T09:39:34.690+0000] {logging_mixin.py:149} INFO - [2023-05-06T09:39:34.690+0000] {dag.py:3490} INFO - Setting next_dagrun for example_external_task_marker_parent to None, run_after=None
[2023-05-06T09:39:34.720+0000] {processor.py:178} INFO - Processing /home/airflow/.local/lib/python3.7/site-packages/airflow/example_dags/example_external_task_marker_dag.py took 0.097 seconds
[2023-05-06T09:40:05.325+0000] {processor.py:156} INFO - Started process (PID=744) to work on /home/airflow/.local/lib/python3.7/site-packages/airflow/example_dags/example_external_task_marker_dag.py
[2023-05-06T09:40:05.326+0000] {processor.py:799} INFO - Processing file /home/airflow/.local/lib/python3.7/site-packages/airflow/example_dags/example_external_task_marker_dag.py for tasks to queue
[2023-05-06T09:40:05.328+0000] {logging_mixin.py:149} INFO - [2023-05-06T09:40:05.328+0000] {dagbag.py:541} INFO - Filling up the DagBag from /home/airflow/.local/lib/python3.7/site-packages/airflow/example_dags/example_external_task_marker_dag.py
[2023-05-06T09:40:05.332+0000] {processor.py:809} INFO - DAG(s) dict_keys(['example_external_task_marker_child', 'example_external_task_marker_parent']) retrieved from /home/airflow/.local/lib/python3.7/site-packages/airflow/example_dags/example_external_task_marker_dag.py
[2023-05-06T09:40:05.357+0000] {logging_mixin.py:149} INFO - [2023-05-06T09:40:05.357+0000] {dag.py:2726} INFO - Sync 2 DAGs
[2023-05-06T09:40:05.381+0000] {logging_mixin.py:149} INFO - [2023-05-06T09:40:05.380+0000] {dag.py:3490} INFO - Setting next_dagrun for example_external_task_marker_child to None, run_after=None
[2023-05-06T09:40:05.384+0000] {logging_mixin.py:149} INFO - [2023-05-06T09:40:05.383+0000] {dag.py:3490} INFO - Setting next_dagrun for example_external_task_marker_parent to None, run_after=None
[2023-05-06T09:40:05.416+0000] {processor.py:178} INFO - Processing /home/airflow/.local/lib/python3.7/site-packages/airflow/example_dags/example_external_task_marker_dag.py took 0.093 seconds
[2023-05-06T09:40:35.970+0000] {processor.py:156} INFO - Started process (PID=797) to work on /home/airflow/.local/lib/python3.7/site-packages/airflow/example_dags/example_external_task_marker_dag.py
[2023-05-06T09:40:35.970+0000] {processor.py:799} INFO - Processing file /home/airflow/.local/lib/python3.7/site-packages/airflow/example_dags/example_external_task_marker_dag.py for tasks to queue
[2023-05-06T09:40:35.972+0000] {logging_mixin.py:149} INFO - [2023-05-06T09:40:35.972+0000] {dagbag.py:541} INFO - Filling up the DagBag from /home/airflow/.local/lib/python3.7/site-packages/airflow/example_dags/example_external_task_marker_dag.py
[2023-05-06T09:40:35.978+0000] {processor.py:809} INFO - DAG(s) dict_keys(['example_external_task_marker_child', 'example_external_task_marker_parent']) retrieved from /home/airflow/.local/lib/python3.7/site-packages/airflow/example_dags/example_external_task_marker_dag.py
[2023-05-06T09:40:36.006+0000] {logging_mixin.py:149} INFO - [2023-05-06T09:40:36.005+0000] {dag.py:2726} INFO - Sync 2 DAGs
[2023-05-06T09:40:36.043+0000] {logging_mixin.py:149} INFO - [2023-05-06T09:40:36.043+0000] {dag.py:3490} INFO - Setting next_dagrun for example_external_task_marker_child to None, run_after=None
[2023-05-06T09:40:36.049+0000] {logging_mixin.py:149} INFO - [2023-05-06T09:40:36.049+0000] {dag.py:3490} INFO - Setting next_dagrun for example_external_task_marker_parent to None, run_after=None
[2023-05-06T09:40:36.074+0000] {processor.py:178} INFO - Processing /home/airflow/.local/lib/python3.7/site-packages/airflow/example_dags/example_external_task_marker_dag.py took 0.107 seconds
[2023-05-06T09:41:06.445+0000] {processor.py:156} INFO - Started process (PID=851) to work on /home/airflow/.local/lib/python3.7/site-packages/airflow/example_dags/example_external_task_marker_dag.py
[2023-05-06T09:41:06.446+0000] {processor.py:799} INFO - Processing file /home/airflow/.local/lib/python3.7/site-packages/airflow/example_dags/example_external_task_marker_dag.py for tasks to queue
[2023-05-06T09:41:06.448+0000] {logging_mixin.py:149} INFO - [2023-05-06T09:41:06.448+0000] {dagbag.py:541} INFO - Filling up the DagBag from /home/airflow/.local/lib/python3.7/site-packages/airflow/example_dags/example_external_task_marker_dag.py
[2023-05-06T09:41:06.454+0000] {processor.py:809} INFO - DAG(s) dict_keys(['example_external_task_marker_parent', 'example_external_task_marker_child']) retrieved from /home/airflow/.local/lib/python3.7/site-packages/airflow/example_dags/example_external_task_marker_dag.py
[2023-05-06T09:41:06.487+0000] {logging_mixin.py:149} INFO - [2023-05-06T09:41:06.486+0000] {dag.py:2726} INFO - Sync 2 DAGs
[2023-05-06T09:41:06.520+0000] {logging_mixin.py:149} INFO - [2023-05-06T09:41:06.520+0000] {dag.py:3490} INFO - Setting next_dagrun for example_external_task_marker_child to None, run_after=None
[2023-05-06T09:41:06.525+0000] {logging_mixin.py:149} INFO - [2023-05-06T09:41:06.525+0000] {dag.py:3490} INFO - Setting next_dagrun for example_external_task_marker_parent to None, run_after=None
[2023-05-06T09:41:06.545+0000] {processor.py:178} INFO - Processing /home/airflow/.local/lib/python3.7/site-packages/airflow/example_dags/example_external_task_marker_dag.py took 0.104 seconds
[2023-05-06T09:41:37.013+0000] {processor.py:156} INFO - Started process (PID=906) to work on /home/airflow/.local/lib/python3.7/site-packages/airflow/example_dags/example_external_task_marker_dag.py
[2023-05-06T09:41:37.015+0000] {processor.py:799} INFO - Processing file /home/airflow/.local/lib/python3.7/site-packages/airflow/example_dags/example_external_task_marker_dag.py for tasks to queue
[2023-05-06T09:41:37.019+0000] {logging_mixin.py:149} INFO - [2023-05-06T09:41:37.019+0000] {dagbag.py:541} INFO - Filling up the DagBag from /home/airflow/.local/lib/python3.7/site-packages/airflow/example_dags/example_external_task_marker_dag.py
[2023-05-06T09:41:37.028+0000] {processor.py:809} INFO - DAG(s) dict_keys(['example_external_task_marker_parent', 'example_external_task_marker_child']) retrieved from /home/airflow/.local/lib/python3.7/site-packages/airflow/example_dags/example_external_task_marker_dag.py
[2023-05-06T09:41:37.077+0000] {logging_mixin.py:149} INFO - [2023-05-06T09:41:37.075+0000] {dag.py:2726} INFO - Sync 2 DAGs
[2023-05-06T09:41:37.122+0000] {logging_mixin.py:149} INFO - [2023-05-06T09:41:37.122+0000] {dag.py:3490} INFO - Setting next_dagrun for example_external_task_marker_child to None, run_after=None
[2023-05-06T09:41:37.128+0000] {logging_mixin.py:149} INFO - [2023-05-06T09:41:37.128+0000] {dag.py:3490} INFO - Setting next_dagrun for example_external_task_marker_parent to None, run_after=None
[2023-05-06T09:41:37.173+0000] {processor.py:178} INFO - Processing /home/airflow/.local/lib/python3.7/site-packages/airflow/example_dags/example_external_task_marker_dag.py took 0.166 seconds
[2023-05-06T09:42:07.702+0000] {processor.py:156} INFO - Started process (PID=959) to work on /home/airflow/.local/lib/python3.7/site-packages/airflow/example_dags/example_external_task_marker_dag.py
[2023-05-06T09:42:07.704+0000] {processor.py:799} INFO - Processing file /home/airflow/.local/lib/python3.7/site-packages/airflow/example_dags/example_external_task_marker_dag.py for tasks to queue
[2023-05-06T09:42:07.705+0000] {logging_mixin.py:149} INFO - [2023-05-06T09:42:07.705+0000] {dagbag.py:541} INFO - Filling up the DagBag from /home/airflow/.local/lib/python3.7/site-packages/airflow/example_dags/example_external_task_marker_dag.py
[2023-05-06T09:42:07.711+0000] {processor.py:809} INFO - DAG(s) dict_keys(['example_external_task_marker_parent', 'example_external_task_marker_child']) retrieved from /home/airflow/.local/lib/python3.7/site-packages/airflow/example_dags/example_external_task_marker_dag.py
[2023-05-06T09:42:07.726+0000] {logging_mixin.py:149} INFO - [2023-05-06T09:42:07.725+0000] {dag.py:2726} INFO - Sync 2 DAGs
[2023-05-06T09:42:07.762+0000] {logging_mixin.py:149} INFO - [2023-05-06T09:42:07.761+0000] {dag.py:3490} INFO - Setting next_dagrun for example_external_task_marker_child to None, run_after=None
[2023-05-06T09:42:07.766+0000] {logging_mixin.py:149} INFO - [2023-05-06T09:42:07.766+0000] {dag.py:3490} INFO - Setting next_dagrun for example_external_task_marker_parent to None, run_after=None
[2023-05-06T09:42:07.785+0000] {processor.py:178} INFO - Processing /home/airflow/.local/lib/python3.7/site-packages/airflow/example_dags/example_external_task_marker_dag.py took 0.085 seconds
[2023-05-06T09:42:38.178+0000] {processor.py:156} INFO - Started process (PID=1012) to work on /home/airflow/.local/lib/python3.7/site-packages/airflow/example_dags/example_external_task_marker_dag.py
[2023-05-06T09:42:38.179+0000] {processor.py:799} INFO - Processing file /home/airflow/.local/lib/python3.7/site-packages/airflow/example_dags/example_external_task_marker_dag.py for tasks to queue
[2023-05-06T09:42:38.181+0000] {logging_mixin.py:149} INFO - [2023-05-06T09:42:38.181+0000] {dagbag.py:541} INFO - Filling up the DagBag from /home/airflow/.local/lib/python3.7/site-packages/airflow/example_dags/example_external_task_marker_dag.py
[2023-05-06T09:42:38.186+0000] {processor.py:809} INFO - DAG(s) dict_keys(['example_external_task_marker_child', 'example_external_task_marker_parent']) retrieved from /home/airflow/.local/lib/python3.7/site-packages/airflow/example_dags/example_external_task_marker_dag.py
[2023-05-06T09:42:38.265+0000] {logging_mixin.py:149} INFO - [2023-05-06T09:42:38.264+0000] {dag.py:2726} INFO - Sync 2 DAGs
[2023-05-06T09:42:38.292+0000] {logging_mixin.py:149} INFO - [2023-05-06T09:42:38.292+0000] {dag.py:3490} INFO - Setting next_dagrun for example_external_task_marker_child to None, run_after=None
[2023-05-06T09:42:38.296+0000] {logging_mixin.py:149} INFO - [2023-05-06T09:42:38.296+0000] {dag.py:3490} INFO - Setting next_dagrun for example_external_task_marker_parent to None, run_after=None
[2023-05-06T09:42:38.317+0000] {processor.py:178} INFO - Processing /home/airflow/.local/lib/python3.7/site-packages/airflow/example_dags/example_external_task_marker_dag.py took 0.142 seconds
[2023-05-06T09:43:08.640+0000] {processor.py:156} INFO - Started process (PID=1065) to work on /home/airflow/.local/lib/python3.7/site-packages/airflow/example_dags/example_external_task_marker_dag.py
[2023-05-06T09:43:08.641+0000] {processor.py:799} INFO - Processing file /home/airflow/.local/lib/python3.7/site-packages/airflow/example_dags/example_external_task_marker_dag.py for tasks to queue
[2023-05-06T09:43:08.643+0000] {logging_mixin.py:149} INFO - [2023-05-06T09:43:08.643+0000] {dagbag.py:541} INFO - Filling up the DagBag from /home/airflow/.local/lib/python3.7/site-packages/airflow/example_dags/example_external_task_marker_dag.py
[2023-05-06T09:43:08.648+0000] {processor.py:809} INFO - DAG(s) dict_keys(['example_external_task_marker_child', 'example_external_task_marker_parent']) retrieved from /home/airflow/.local/lib/python3.7/site-packages/airflow/example_dags/example_external_task_marker_dag.py
[2023-05-06T09:43:08.677+0000] {logging_mixin.py:149} INFO - [2023-05-06T09:43:08.676+0000] {dag.py:2726} INFO - Sync 2 DAGs
[2023-05-06T09:43:08.705+0000] {logging_mixin.py:149} INFO - [2023-05-06T09:43:08.705+0000] {dag.py:3490} INFO - Setting next_dagrun for example_external_task_marker_child to None, run_after=None
[2023-05-06T09:43:08.709+0000] {logging_mixin.py:149} INFO - [2023-05-06T09:43:08.709+0000] {dag.py:3490} INFO - Setting next_dagrun for example_external_task_marker_parent to None, run_after=None
[2023-05-06T09:43:08.728+0000] {processor.py:178} INFO - Processing /home/airflow/.local/lib/python3.7/site-packages/airflow/example_dags/example_external_task_marker_dag.py took 0.091 seconds
[2023-05-06T09:43:39.025+0000] {processor.py:156} INFO - Started process (PID=1119) to work on /home/airflow/.local/lib/python3.7/site-packages/airflow/example_dags/example_external_task_marker_dag.py
[2023-05-06T09:43:39.026+0000] {processor.py:799} INFO - Processing file /home/airflow/.local/lib/python3.7/site-packages/airflow/example_dags/example_external_task_marker_dag.py for tasks to queue
[2023-05-06T09:43:39.028+0000] {logging_mixin.py:149} INFO - [2023-05-06T09:43:39.028+0000] {dagbag.py:541} INFO - Filling up the DagBag from /home/airflow/.local/lib/python3.7/site-packages/airflow/example_dags/example_external_task_marker_dag.py
[2023-05-06T09:43:39.033+0000] {processor.py:809} INFO - DAG(s) dict_keys(['example_external_task_marker_parent', 'example_external_task_marker_child']) retrieved from /home/airflow/.local/lib/python3.7/site-packages/airflow/example_dags/example_external_task_marker_dag.py
[2023-05-06T09:43:39.065+0000] {logging_mixin.py:149} INFO - [2023-05-06T09:43:39.064+0000] {dag.py:2726} INFO - Sync 2 DAGs
[2023-05-06T09:43:39.094+0000] {logging_mixin.py:149} INFO - [2023-05-06T09:43:39.094+0000] {dag.py:3490} INFO - Setting next_dagrun for example_external_task_marker_child to None, run_after=None
[2023-05-06T09:43:39.098+0000] {logging_mixin.py:149} INFO - [2023-05-06T09:43:39.098+0000] {dag.py:3490} INFO - Setting next_dagrun for example_external_task_marker_parent to None, run_after=None
[2023-05-06T09:43:39.123+0000] {processor.py:178} INFO - Processing /home/airflow/.local/lib/python3.7/site-packages/airflow/example_dags/example_external_task_marker_dag.py took 0.101 seconds
