[2023-05-06T09:33:28.497+0000] {processor.py:156} INFO - Started process (PID=65) to work on /home/airflow/.local/lib/python3.7/site-packages/airflow/example_dags/example_short_circuit_decorator.py
[2023-05-06T09:33:28.497+0000] {processor.py:799} INFO - Processing file /home/airflow/.local/lib/python3.7/site-packages/airflow/example_dags/example_short_circuit_decorator.py for tasks to queue
[2023-05-06T09:33:28.499+0000] {logging_mixin.py:149} INFO - [2023-05-06T09:33:28.499+0000] {dagbag.py:541} INFO - Filling up the DagBag from /home/airflow/.local/lib/python3.7/site-packages/airflow/example_dags/example_short_circuit_decorator.py
[2023-05-06T09:33:28.513+0000] {processor.py:809} INFO - DAG(s) dict_keys(['example_short_circuit_decorator']) retrieved from /home/airflow/.local/lib/python3.7/site-packages/airflow/example_dags/example_short_circuit_decorator.py
[2023-05-06T09:33:28.529+0000] {logging_mixin.py:149} INFO - [2023-05-06T09:33:28.528+0000] {dag.py:2726} INFO - Sync 1 DAGs
[2023-05-06T09:33:28.574+0000] {logging_mixin.py:149} INFO - [2023-05-06T09:33:28.574+0000] {dag.py:3490} INFO - Setting next_dagrun for example_short_circuit_decorator to 2023-05-05T09:33:28.573900+00:00, run_after=2023-05-06T09:33:28.573900+00:00
[2023-05-06T09:33:28.618+0000] {processor.py:178} INFO - Processing /home/airflow/.local/lib/python3.7/site-packages/airflow/example_dags/example_short_circuit_decorator.py took 0.125 seconds
[2023-05-06T09:33:59.471+0000] {processor.py:156} INFO - Started process (PID=118) to work on /home/airflow/.local/lib/python3.7/site-packages/airflow/example_dags/example_short_circuit_decorator.py
[2023-05-06T09:33:59.472+0000] {processor.py:799} INFO - Processing file /home/airflow/.local/lib/python3.7/site-packages/airflow/example_dags/example_short_circuit_decorator.py for tasks to queue
[2023-05-06T09:33:59.474+0000] {logging_mixin.py:149} INFO - [2023-05-06T09:33:59.473+0000] {dagbag.py:541} INFO - Filling up the DagBag from /home/airflow/.local/lib/python3.7/site-packages/airflow/example_dags/example_short_circuit_decorator.py
[2023-05-06T09:33:59.482+0000] {processor.py:809} INFO - DAG(s) dict_keys(['example_short_circuit_decorator']) retrieved from /home/airflow/.local/lib/python3.7/site-packages/airflow/example_dags/example_short_circuit_decorator.py
[2023-05-06T09:33:59.495+0000] {logging_mixin.py:149} INFO - [2023-05-06T09:33:59.495+0000] {dag.py:2726} INFO - Sync 1 DAGs
[2023-05-06T09:33:59.527+0000] {logging_mixin.py:149} INFO - [2023-05-06T09:33:59.527+0000] {dag.py:3490} INFO - Setting next_dagrun for example_short_circuit_decorator to 2023-05-05T09:33:59.527244+00:00, run_after=2023-05-06T09:33:59.527244+00:00
[2023-05-06T09:33:59.569+0000] {processor.py:178} INFO - Processing /home/airflow/.local/lib/python3.7/site-packages/airflow/example_dags/example_short_circuit_decorator.py took 0.102 seconds
[2023-05-06T09:34:30.686+0000] {processor.py:156} INFO - Started process (PID=171) to work on /home/airflow/.local/lib/python3.7/site-packages/airflow/example_dags/example_short_circuit_decorator.py
[2023-05-06T09:34:30.687+0000] {processor.py:799} INFO - Processing file /home/airflow/.local/lib/python3.7/site-packages/airflow/example_dags/example_short_circuit_decorator.py for tasks to queue
[2023-05-06T09:34:30.688+0000] {logging_mixin.py:149} INFO - [2023-05-06T09:34:30.688+0000] {dagbag.py:541} INFO - Filling up the DagBag from /home/airflow/.local/lib/python3.7/site-packages/airflow/example_dags/example_short_circuit_decorator.py
[2023-05-06T09:34:30.697+0000] {processor.py:809} INFO - DAG(s) dict_keys(['example_short_circuit_decorator']) retrieved from /home/airflow/.local/lib/python3.7/site-packages/airflow/example_dags/example_short_circuit_decorator.py
[2023-05-06T09:34:30.713+0000] {logging_mixin.py:149} INFO - [2023-05-06T09:34:30.712+0000] {dag.py:2726} INFO - Sync 1 DAGs
[2023-05-06T09:34:30.750+0000] {logging_mixin.py:149} INFO - [2023-05-06T09:34:30.750+0000] {dag.py:3490} INFO - Setting next_dagrun for example_short_circuit_decorator to 2023-05-05T09:34:30.750412+00:00, run_after=2023-05-06T09:34:30.750412+00:00
[2023-05-06T09:34:30.780+0000] {processor.py:178} INFO - Processing /home/airflow/.local/lib/python3.7/site-packages/airflow/example_dags/example_short_circuit_decorator.py took 0.097 seconds
[2023-05-06T09:35:01.464+0000] {processor.py:156} INFO - Started process (PID=224) to work on /home/airflow/.local/lib/python3.7/site-packages/airflow/example_dags/example_short_circuit_decorator.py
[2023-05-06T09:35:01.469+0000] {processor.py:799} INFO - Processing file /home/airflow/.local/lib/python3.7/site-packages/airflow/example_dags/example_short_circuit_decorator.py for tasks to queue
[2023-05-06T09:35:01.471+0000] {logging_mixin.py:149} INFO - [2023-05-06T09:35:01.471+0000] {dagbag.py:541} INFO - Filling up the DagBag from /home/airflow/.local/lib/python3.7/site-packages/airflow/example_dags/example_short_circuit_decorator.py
[2023-05-06T09:35:01.485+0000] {processor.py:809} INFO - DAG(s) dict_keys(['example_short_circuit_decorator']) retrieved from /home/airflow/.local/lib/python3.7/site-packages/airflow/example_dags/example_short_circuit_decorator.py
[2023-05-06T09:35:01.536+0000] {logging_mixin.py:149} INFO - [2023-05-06T09:35:01.535+0000] {dag.py:2726} INFO - Sync 1 DAGs
[2023-05-06T09:35:01.576+0000] {logging_mixin.py:149} INFO - [2023-05-06T09:35:01.576+0000] {dag.py:3490} INFO - Setting next_dagrun for example_short_circuit_decorator to 2023-05-05T09:35:01.576481+00:00, run_after=2023-05-06T09:35:01.576481+00:00
[2023-05-06T09:35:01.599+0000] {processor.py:178} INFO - Processing /home/airflow/.local/lib/python3.7/site-packages/airflow/example_dags/example_short_circuit_decorator.py took 0.140 seconds
[2023-05-06T09:35:32.090+0000] {processor.py:156} INFO - Started process (PID=277) to work on /home/airflow/.local/lib/python3.7/site-packages/airflow/example_dags/example_short_circuit_decorator.py
[2023-05-06T09:35:32.091+0000] {processor.py:799} INFO - Processing file /home/airflow/.local/lib/python3.7/site-packages/airflow/example_dags/example_short_circuit_decorator.py for tasks to queue
[2023-05-06T09:35:32.092+0000] {logging_mixin.py:149} INFO - [2023-05-06T09:35:32.092+0000] {dagbag.py:541} INFO - Filling up the DagBag from /home/airflow/.local/lib/python3.7/site-packages/airflow/example_dags/example_short_circuit_decorator.py
[2023-05-06T09:35:32.100+0000] {processor.py:809} INFO - DAG(s) dict_keys(['example_short_circuit_decorator']) retrieved from /home/airflow/.local/lib/python3.7/site-packages/airflow/example_dags/example_short_circuit_decorator.py
[2023-05-06T09:35:32.122+0000] {logging_mixin.py:149} INFO - [2023-05-06T09:35:32.122+0000] {dag.py:2726} INFO - Sync 1 DAGs
[2023-05-06T09:35:32.144+0000] {logging_mixin.py:149} INFO - [2023-05-06T09:35:32.144+0000] {dag.py:3490} INFO - Setting next_dagrun for example_short_circuit_decorator to 2023-05-05T09:35:32.144181+00:00, run_after=2023-05-06T09:35:32.144181+00:00
[2023-05-06T09:35:32.161+0000] {processor.py:178} INFO - Processing /home/airflow/.local/lib/python3.7/site-packages/airflow/example_dags/example_short_circuit_decorator.py took 0.073 seconds
[2023-05-06T09:36:03.425+0000] {processor.py:156} INFO - Started process (PID=330) to work on /home/airflow/.local/lib/python3.7/site-packages/airflow/example_dags/example_short_circuit_decorator.py
[2023-05-06T09:36:03.426+0000] {processor.py:799} INFO - Processing file /home/airflow/.local/lib/python3.7/site-packages/airflow/example_dags/example_short_circuit_decorator.py for tasks to queue
[2023-05-06T09:36:03.428+0000] {logging_mixin.py:149} INFO - [2023-05-06T09:36:03.428+0000] {dagbag.py:541} INFO - Filling up the DagBag from /home/airflow/.local/lib/python3.7/site-packages/airflow/example_dags/example_short_circuit_decorator.py
[2023-05-06T09:36:03.442+0000] {processor.py:809} INFO - DAG(s) dict_keys(['example_short_circuit_decorator']) retrieved from /home/airflow/.local/lib/python3.7/site-packages/airflow/example_dags/example_short_circuit_decorator.py
[2023-05-06T09:36:03.528+0000] {logging_mixin.py:149} INFO - [2023-05-06T09:36:03.527+0000] {dag.py:2726} INFO - Sync 1 DAGs
[2023-05-06T09:36:03.563+0000] {logging_mixin.py:149} INFO - [2023-05-06T09:36:03.563+0000] {dag.py:3490} INFO - Setting next_dagrun for example_short_circuit_decorator to 2023-05-05T09:36:03.563322+00:00, run_after=2023-05-06T09:36:03.563322+00:00
[2023-05-06T09:36:03.591+0000] {processor.py:178} INFO - Processing /home/airflow/.local/lib/python3.7/site-packages/airflow/example_dags/example_short_circuit_decorator.py took 0.169 seconds
[2023-05-06T09:36:33.813+0000] {processor.py:156} INFO - Started process (PID=384) to work on /home/airflow/.local/lib/python3.7/site-packages/airflow/example_dags/example_short_circuit_decorator.py
[2023-05-06T09:36:33.814+0000] {processor.py:799} INFO - Processing file /home/airflow/.local/lib/python3.7/site-packages/airflow/example_dags/example_short_circuit_decorator.py for tasks to queue
[2023-05-06T09:36:33.817+0000] {logging_mixin.py:149} INFO - [2023-05-06T09:36:33.816+0000] {dagbag.py:541} INFO - Filling up the DagBag from /home/airflow/.local/lib/python3.7/site-packages/airflow/example_dags/example_short_circuit_decorator.py
[2023-05-06T09:36:33.826+0000] {processor.py:809} INFO - DAG(s) dict_keys(['example_short_circuit_decorator']) retrieved from /home/airflow/.local/lib/python3.7/site-packages/airflow/example_dags/example_short_circuit_decorator.py
[2023-05-06T09:36:33.841+0000] {logging_mixin.py:149} INFO - [2023-05-06T09:36:33.840+0000] {dag.py:2726} INFO - Sync 1 DAGs
[2023-05-06T09:36:33.880+0000] {logging_mixin.py:149} INFO - [2023-05-06T09:36:33.879+0000] {dag.py:3490} INFO - Setting next_dagrun for example_short_circuit_decorator to 2023-05-05T09:36:33.879559+00:00, run_after=2023-05-06T09:36:33.879559+00:00
[2023-05-06T09:36:33.922+0000] {processor.py:178} INFO - Processing /home/airflow/.local/lib/python3.7/site-packages/airflow/example_dags/example_short_circuit_decorator.py took 0.113 seconds
[2023-05-06T09:37:04.541+0000] {processor.py:156} INFO - Started process (PID=437) to work on /home/airflow/.local/lib/python3.7/site-packages/airflow/example_dags/example_short_circuit_decorator.py
[2023-05-06T09:37:04.542+0000] {processor.py:799} INFO - Processing file /home/airflow/.local/lib/python3.7/site-packages/airflow/example_dags/example_short_circuit_decorator.py for tasks to queue
[2023-05-06T09:37:04.544+0000] {logging_mixin.py:149} INFO - [2023-05-06T09:37:04.544+0000] {dagbag.py:541} INFO - Filling up the DagBag from /home/airflow/.local/lib/python3.7/site-packages/airflow/example_dags/example_short_circuit_decorator.py
[2023-05-06T09:37:04.555+0000] {processor.py:809} INFO - DAG(s) dict_keys(['example_short_circuit_decorator']) retrieved from /home/airflow/.local/lib/python3.7/site-packages/airflow/example_dags/example_short_circuit_decorator.py
[2023-05-06T09:37:04.589+0000] {logging_mixin.py:149} INFO - [2023-05-06T09:37:04.589+0000] {dag.py:2726} INFO - Sync 1 DAGs
[2023-05-06T09:37:04.619+0000] {logging_mixin.py:149} INFO - [2023-05-06T09:37:04.619+0000] {dag.py:3490} INFO - Setting next_dagrun for example_short_circuit_decorator to 2023-05-05T09:37:04.619173+00:00, run_after=2023-05-06T09:37:04.619173+00:00
[2023-05-06T09:37:04.644+0000] {processor.py:178} INFO - Processing /home/airflow/.local/lib/python3.7/site-packages/airflow/example_dags/example_short_circuit_decorator.py took 0.106 seconds
[2023-05-06T09:37:35.066+0000] {processor.py:156} INFO - Started process (PID=490) to work on /home/airflow/.local/lib/python3.7/site-packages/airflow/example_dags/example_short_circuit_decorator.py
[2023-05-06T09:37:35.067+0000] {processor.py:799} INFO - Processing file /home/airflow/.local/lib/python3.7/site-packages/airflow/example_dags/example_short_circuit_decorator.py for tasks to queue
[2023-05-06T09:37:35.069+0000] {logging_mixin.py:149} INFO - [2023-05-06T09:37:35.068+0000] {dagbag.py:541} INFO - Filling up the DagBag from /home/airflow/.local/lib/python3.7/site-packages/airflow/example_dags/example_short_circuit_decorator.py
[2023-05-06T09:37:35.078+0000] {processor.py:809} INFO - DAG(s) dict_keys(['example_short_circuit_decorator']) retrieved from /home/airflow/.local/lib/python3.7/site-packages/airflow/example_dags/example_short_circuit_decorator.py
[2023-05-06T09:37:35.106+0000] {logging_mixin.py:149} INFO - [2023-05-06T09:37:35.105+0000] {dag.py:2726} INFO - Sync 1 DAGs
[2023-05-06T09:37:35.135+0000] {logging_mixin.py:149} INFO - [2023-05-06T09:37:35.135+0000] {dag.py:3490} INFO - Setting next_dagrun for example_short_circuit_decorator to 2023-05-05T09:37:35.134916+00:00, run_after=2023-05-06T09:37:35.134916+00:00
[2023-05-06T09:37:35.156+0000] {processor.py:178} INFO - Processing /home/airflow/.local/lib/python3.7/site-packages/airflow/example_dags/example_short_circuit_decorator.py took 0.093 seconds
[2023-05-06T09:38:05.666+0000] {processor.py:156} INFO - Started process (PID=543) to work on /home/airflow/.local/lib/python3.7/site-packages/airflow/example_dags/example_short_circuit_decorator.py
[2023-05-06T09:38:05.667+0000] {processor.py:799} INFO - Processing file /home/airflow/.local/lib/python3.7/site-packages/airflow/example_dags/example_short_circuit_decorator.py for tasks to queue
[2023-05-06T09:38:05.669+0000] {logging_mixin.py:149} INFO - [2023-05-06T09:38:05.669+0000] {dagbag.py:541} INFO - Filling up the DagBag from /home/airflow/.local/lib/python3.7/site-packages/airflow/example_dags/example_short_circuit_decorator.py
[2023-05-06T09:38:05.677+0000] {processor.py:809} INFO - DAG(s) dict_keys(['example_short_circuit_decorator']) retrieved from /home/airflow/.local/lib/python3.7/site-packages/airflow/example_dags/example_short_circuit_decorator.py
[2023-05-06T09:38:05.723+0000] {logging_mixin.py:149} INFO - [2023-05-06T09:38:05.722+0000] {dag.py:2726} INFO - Sync 1 DAGs
[2023-05-06T09:38:05.759+0000] {logging_mixin.py:149} INFO - [2023-05-06T09:38:05.759+0000] {dag.py:3490} INFO - Setting next_dagrun for example_short_circuit_decorator to 2023-05-05T09:38:05.759028+00:00, run_after=2023-05-06T09:38:05.759028+00:00
[2023-05-06T09:38:05.788+0000] {processor.py:178} INFO - Processing /home/airflow/.local/lib/python3.7/site-packages/airflow/example_dags/example_short_circuit_decorator.py took 0.124 seconds
[2023-05-06T09:38:36.424+0000] {processor.py:156} INFO - Started process (PID=596) to work on /home/airflow/.local/lib/python3.7/site-packages/airflow/example_dags/example_short_circuit_decorator.py
[2023-05-06T09:38:36.425+0000] {processor.py:799} INFO - Processing file /home/airflow/.local/lib/python3.7/site-packages/airflow/example_dags/example_short_circuit_decorator.py for tasks to queue
[2023-05-06T09:38:36.427+0000] {logging_mixin.py:149} INFO - [2023-05-06T09:38:36.427+0000] {dagbag.py:541} INFO - Filling up the DagBag from /home/airflow/.local/lib/python3.7/site-packages/airflow/example_dags/example_short_circuit_decorator.py
[2023-05-06T09:38:36.438+0000] {processor.py:809} INFO - DAG(s) dict_keys(['example_short_circuit_decorator']) retrieved from /home/airflow/.local/lib/python3.7/site-packages/airflow/example_dags/example_short_circuit_decorator.py
[2023-05-06T09:38:36.481+0000] {logging_mixin.py:149} INFO - [2023-05-06T09:38:36.481+0000] {dag.py:2726} INFO - Sync 1 DAGs
[2023-05-06T09:38:36.518+0000] {logging_mixin.py:149} INFO - [2023-05-06T09:38:36.518+0000] {dag.py:3490} INFO - Setting next_dagrun for example_short_circuit_decorator to 2023-05-05T09:38:36.518389+00:00, run_after=2023-05-06T09:38:36.518389+00:00
[2023-05-06T09:38:36.548+0000] {processor.py:178} INFO - Processing /home/airflow/.local/lib/python3.7/site-packages/airflow/example_dags/example_short_circuit_decorator.py took 0.129 seconds
[2023-05-06T09:39:07.097+0000] {processor.py:156} INFO - Started process (PID=650) to work on /home/airflow/.local/lib/python3.7/site-packages/airflow/example_dags/example_short_circuit_decorator.py
[2023-05-06T09:39:07.098+0000] {processor.py:799} INFO - Processing file /home/airflow/.local/lib/python3.7/site-packages/airflow/example_dags/example_short_circuit_decorator.py for tasks to queue
[2023-05-06T09:39:07.099+0000] {logging_mixin.py:149} INFO - [2023-05-06T09:39:07.099+0000] {dagbag.py:541} INFO - Filling up the DagBag from /home/airflow/.local/lib/python3.7/site-packages/airflow/example_dags/example_short_circuit_decorator.py
[2023-05-06T09:39:07.108+0000] {processor.py:809} INFO - DAG(s) dict_keys(['example_short_circuit_decorator']) retrieved from /home/airflow/.local/lib/python3.7/site-packages/airflow/example_dags/example_short_circuit_decorator.py
[2023-05-06T09:39:07.143+0000] {logging_mixin.py:149} INFO - [2023-05-06T09:39:07.142+0000] {dag.py:2726} INFO - Sync 1 DAGs
[2023-05-06T09:39:07.192+0000] {logging_mixin.py:149} INFO - [2023-05-06T09:39:07.192+0000] {dag.py:3490} INFO - Setting next_dagrun for example_short_circuit_decorator to 2023-05-05T09:39:07.191849+00:00, run_after=2023-05-06T09:39:07.191849+00:00
[2023-05-06T09:39:07.221+0000] {processor.py:178} INFO - Processing /home/airflow/.local/lib/python3.7/site-packages/airflow/example_dags/example_short_circuit_decorator.py took 0.127 seconds
[2023-05-06T09:39:37.694+0000] {processor.py:156} INFO - Started process (PID=703) to work on /home/airflow/.local/lib/python3.7/site-packages/airflow/example_dags/example_short_circuit_decorator.py
[2023-05-06T09:39:37.695+0000] {processor.py:799} INFO - Processing file /home/airflow/.local/lib/python3.7/site-packages/airflow/example_dags/example_short_circuit_decorator.py for tasks to queue
[2023-05-06T09:39:37.697+0000] {logging_mixin.py:149} INFO - [2023-05-06T09:39:37.697+0000] {dagbag.py:541} INFO - Filling up the DagBag from /home/airflow/.local/lib/python3.7/site-packages/airflow/example_dags/example_short_circuit_decorator.py
[2023-05-06T09:39:37.709+0000] {processor.py:809} INFO - DAG(s) dict_keys(['example_short_circuit_decorator']) retrieved from /home/airflow/.local/lib/python3.7/site-packages/airflow/example_dags/example_short_circuit_decorator.py
[2023-05-06T09:39:37.753+0000] {logging_mixin.py:149} INFO - [2023-05-06T09:39:37.751+0000] {dag.py:2726} INFO - Sync 1 DAGs
[2023-05-06T09:39:37.809+0000] {logging_mixin.py:149} INFO - [2023-05-06T09:39:37.809+0000] {dag.py:3490} INFO - Setting next_dagrun for example_short_circuit_decorator to 2023-05-05T09:39:37.809179+00:00, run_after=2023-05-06T09:39:37.809179+00:00
[2023-05-06T09:39:37.847+0000] {processor.py:178} INFO - Processing /home/airflow/.local/lib/python3.7/site-packages/airflow/example_dags/example_short_circuit_decorator.py took 0.156 seconds
[2023-05-06T09:40:08.420+0000] {processor.py:156} INFO - Started process (PID=757) to work on /home/airflow/.local/lib/python3.7/site-packages/airflow/example_dags/example_short_circuit_decorator.py
[2023-05-06T09:40:08.421+0000] {processor.py:799} INFO - Processing file /home/airflow/.local/lib/python3.7/site-packages/airflow/example_dags/example_short_circuit_decorator.py for tasks to queue
[2023-05-06T09:40:08.423+0000] {logging_mixin.py:149} INFO - [2023-05-06T09:40:08.423+0000] {dagbag.py:541} INFO - Filling up the DagBag from /home/airflow/.local/lib/python3.7/site-packages/airflow/example_dags/example_short_circuit_decorator.py
[2023-05-06T09:40:08.432+0000] {processor.py:809} INFO - DAG(s) dict_keys(['example_short_circuit_decorator']) retrieved from /home/airflow/.local/lib/python3.7/site-packages/airflow/example_dags/example_short_circuit_decorator.py
[2023-05-06T09:40:08.461+0000] {logging_mixin.py:149} INFO - [2023-05-06T09:40:08.461+0000] {dag.py:2726} INFO - Sync 1 DAGs
[2023-05-06T09:40:08.492+0000] {logging_mixin.py:149} INFO - [2023-05-06T09:40:08.492+0000] {dag.py:3490} INFO - Setting next_dagrun for example_short_circuit_decorator to 2023-05-05T09:40:08.492195+00:00, run_after=2023-05-06T09:40:08.492195+00:00
[2023-05-06T09:40:08.517+0000] {processor.py:178} INFO - Processing /home/airflow/.local/lib/python3.7/site-packages/airflow/example_dags/example_short_circuit_decorator.py took 0.099 seconds
[2023-05-06T09:40:38.892+0000] {processor.py:156} INFO - Started process (PID=810) to work on /home/airflow/.local/lib/python3.7/site-packages/airflow/example_dags/example_short_circuit_decorator.py
[2023-05-06T09:40:38.893+0000] {processor.py:799} INFO - Processing file /home/airflow/.local/lib/python3.7/site-packages/airflow/example_dags/example_short_circuit_decorator.py for tasks to queue
[2023-05-06T09:40:38.894+0000] {logging_mixin.py:149} INFO - [2023-05-06T09:40:38.894+0000] {dagbag.py:541} INFO - Filling up the DagBag from /home/airflow/.local/lib/python3.7/site-packages/airflow/example_dags/example_short_circuit_decorator.py
[2023-05-06T09:40:38.903+0000] {processor.py:809} INFO - DAG(s) dict_keys(['example_short_circuit_decorator']) retrieved from /home/airflow/.local/lib/python3.7/site-packages/airflow/example_dags/example_short_circuit_decorator.py
[2023-05-06T09:40:38.932+0000] {logging_mixin.py:149} INFO - [2023-05-06T09:40:38.931+0000] {dag.py:2726} INFO - Sync 1 DAGs
[2023-05-06T09:40:38.963+0000] {logging_mixin.py:149} INFO - [2023-05-06T09:40:38.962+0000] {dag.py:3490} INFO - Setting next_dagrun for example_short_circuit_decorator to 2023-05-05T09:40:38.962204+00:00, run_after=2023-05-06T09:40:38.962204+00:00
[2023-05-06T09:40:39.001+0000] {processor.py:178} INFO - Processing /home/airflow/.local/lib/python3.7/site-packages/airflow/example_dags/example_short_circuit_decorator.py took 0.112 seconds
[2023-05-06T09:41:09.602+0000] {processor.py:156} INFO - Started process (PID=863) to work on /home/airflow/.local/lib/python3.7/site-packages/airflow/example_dags/example_short_circuit_decorator.py
[2023-05-06T09:41:09.603+0000] {processor.py:799} INFO - Processing file /home/airflow/.local/lib/python3.7/site-packages/airflow/example_dags/example_short_circuit_decorator.py for tasks to queue
[2023-05-06T09:41:09.605+0000] {logging_mixin.py:149} INFO - [2023-05-06T09:41:09.605+0000] {dagbag.py:541} INFO - Filling up the DagBag from /home/airflow/.local/lib/python3.7/site-packages/airflow/example_dags/example_short_circuit_decorator.py
[2023-05-06T09:41:09.614+0000] {processor.py:809} INFO - DAG(s) dict_keys(['example_short_circuit_decorator']) retrieved from /home/airflow/.local/lib/python3.7/site-packages/airflow/example_dags/example_short_circuit_decorator.py
[2023-05-06T09:41:09.651+0000] {logging_mixin.py:149} INFO - [2023-05-06T09:41:09.651+0000] {dag.py:2726} INFO - Sync 1 DAGs
[2023-05-06T09:41:09.682+0000] {logging_mixin.py:149} INFO - [2023-05-06T09:41:09.681+0000] {dag.py:3490} INFO - Setting next_dagrun for example_short_circuit_decorator to 2023-05-05T09:41:09.681657+00:00, run_after=2023-05-06T09:41:09.681657+00:00
[2023-05-06T09:41:09.708+0000] {processor.py:178} INFO - Processing /home/airflow/.local/lib/python3.7/site-packages/airflow/example_dags/example_short_circuit_decorator.py took 0.108 seconds
[2023-05-06T09:41:40.632+0000] {processor.py:156} INFO - Started process (PID=918) to work on /home/airflow/.local/lib/python3.7/site-packages/airflow/example_dags/example_short_circuit_decorator.py
[2023-05-06T09:41:40.633+0000] {processor.py:799} INFO - Processing file /home/airflow/.local/lib/python3.7/site-packages/airflow/example_dags/example_short_circuit_decorator.py for tasks to queue
[2023-05-06T09:41:40.634+0000] {logging_mixin.py:149} INFO - [2023-05-06T09:41:40.634+0000] {dagbag.py:541} INFO - Filling up the DagBag from /home/airflow/.local/lib/python3.7/site-packages/airflow/example_dags/example_short_circuit_decorator.py
[2023-05-06T09:41:40.644+0000] {processor.py:809} INFO - DAG(s) dict_keys(['example_short_circuit_decorator']) retrieved from /home/airflow/.local/lib/python3.7/site-packages/airflow/example_dags/example_short_circuit_decorator.py
[2023-05-06T09:41:40.673+0000] {logging_mixin.py:149} INFO - [2023-05-06T09:41:40.673+0000] {dag.py:2726} INFO - Sync 1 DAGs
[2023-05-06T09:41:40.711+0000] {logging_mixin.py:149} INFO - [2023-05-06T09:41:40.710+0000] {dag.py:3490} INFO - Setting next_dagrun for example_short_circuit_decorator to 2023-05-05T09:41:40.710555+00:00, run_after=2023-05-06T09:41:40.710555+00:00
[2023-05-06T09:41:40.744+0000] {processor.py:178} INFO - Processing /home/airflow/.local/lib/python3.7/site-packages/airflow/example_dags/example_short_circuit_decorator.py took 0.115 seconds
[2023-05-06T09:42:11.673+0000] {processor.py:156} INFO - Started process (PID=971) to work on /home/airflow/.local/lib/python3.7/site-packages/airflow/example_dags/example_short_circuit_decorator.py
[2023-05-06T09:42:11.675+0000] {processor.py:799} INFO - Processing file /home/airflow/.local/lib/python3.7/site-packages/airflow/example_dags/example_short_circuit_decorator.py for tasks to queue
[2023-05-06T09:42:11.677+0000] {logging_mixin.py:149} INFO - [2023-05-06T09:42:11.677+0000] {dagbag.py:541} INFO - Filling up the DagBag from /home/airflow/.local/lib/python3.7/site-packages/airflow/example_dags/example_short_circuit_decorator.py
[2023-05-06T09:42:11.689+0000] {processor.py:809} INFO - DAG(s) dict_keys(['example_short_circuit_decorator']) retrieved from /home/airflow/.local/lib/python3.7/site-packages/airflow/example_dags/example_short_circuit_decorator.py
[2023-05-06T09:42:11.731+0000] {logging_mixin.py:149} INFO - [2023-05-06T09:42:11.730+0000] {dag.py:2726} INFO - Sync 1 DAGs
[2023-05-06T09:42:11.776+0000] {logging_mixin.py:149} INFO - [2023-05-06T09:42:11.776+0000] {dag.py:3490} INFO - Setting next_dagrun for example_short_circuit_decorator to 2023-05-05T09:42:11.776029+00:00, run_after=2023-05-06T09:42:11.776029+00:00
[2023-05-06T09:42:11.806+0000] {processor.py:178} INFO - Processing /home/airflow/.local/lib/python3.7/site-packages/airflow/example_dags/example_short_circuit_decorator.py took 0.137 seconds
[2023-05-06T09:42:42.144+0000] {processor.py:156} INFO - Started process (PID=1024) to work on /home/airflow/.local/lib/python3.7/site-packages/airflow/example_dags/example_short_circuit_decorator.py
[2023-05-06T09:42:42.145+0000] {processor.py:799} INFO - Processing file /home/airflow/.local/lib/python3.7/site-packages/airflow/example_dags/example_short_circuit_decorator.py for tasks to queue
[2023-05-06T09:42:42.147+0000] {logging_mixin.py:149} INFO - [2023-05-06T09:42:42.147+0000] {dagbag.py:541} INFO - Filling up the DagBag from /home/airflow/.local/lib/python3.7/site-packages/airflow/example_dags/example_short_circuit_decorator.py
[2023-05-06T09:42:42.156+0000] {processor.py:809} INFO - DAG(s) dict_keys(['example_short_circuit_decorator']) retrieved from /home/airflow/.local/lib/python3.7/site-packages/airflow/example_dags/example_short_circuit_decorator.py
[2023-05-06T09:42:42.185+0000] {logging_mixin.py:149} INFO - [2023-05-06T09:42:42.184+0000] {dag.py:2726} INFO - Sync 1 DAGs
[2023-05-06T09:42:42.216+0000] {logging_mixin.py:149} INFO - [2023-05-06T09:42:42.215+0000] {dag.py:3490} INFO - Setting next_dagrun for example_short_circuit_decorator to 2023-05-05T09:42:42.215699+00:00, run_after=2023-05-06T09:42:42.215699+00:00
[2023-05-06T09:42:42.238+0000] {processor.py:178} INFO - Processing /home/airflow/.local/lib/python3.7/site-packages/airflow/example_dags/example_short_circuit_decorator.py took 0.096 seconds
[2023-05-06T09:43:12.597+0000] {processor.py:156} INFO - Started process (PID=1077) to work on /home/airflow/.local/lib/python3.7/site-packages/airflow/example_dags/example_short_circuit_decorator.py
[2023-05-06T09:43:12.598+0000] {processor.py:799} INFO - Processing file /home/airflow/.local/lib/python3.7/site-packages/airflow/example_dags/example_short_circuit_decorator.py for tasks to queue
[2023-05-06T09:43:12.600+0000] {logging_mixin.py:149} INFO - [2023-05-06T09:43:12.600+0000] {dagbag.py:541} INFO - Filling up the DagBag from /home/airflow/.local/lib/python3.7/site-packages/airflow/example_dags/example_short_circuit_decorator.py
[2023-05-06T09:43:12.611+0000] {processor.py:809} INFO - DAG(s) dict_keys(['example_short_circuit_decorator']) retrieved from /home/airflow/.local/lib/python3.7/site-packages/airflow/example_dags/example_short_circuit_decorator.py
[2023-05-06T09:43:12.642+0000] {logging_mixin.py:149} INFO - [2023-05-06T09:43:12.641+0000] {dag.py:2726} INFO - Sync 1 DAGs
[2023-05-06T09:43:12.672+0000] {logging_mixin.py:149} INFO - [2023-05-06T09:43:12.672+0000] {dag.py:3490} INFO - Setting next_dagrun for example_short_circuit_decorator to 2023-05-05T09:43:12.672077+00:00, run_after=2023-05-06T09:43:12.672077+00:00
[2023-05-06T09:43:12.697+0000] {processor.py:178} INFO - Processing /home/airflow/.local/lib/python3.7/site-packages/airflow/example_dags/example_short_circuit_decorator.py took 0.103 seconds
[2023-05-06T09:43:43.293+0000] {processor.py:156} INFO - Started process (PID=1139) to work on /home/airflow/.local/lib/python3.7/site-packages/airflow/example_dags/example_short_circuit_decorator.py
[2023-05-06T09:43:43.294+0000] {processor.py:799} INFO - Processing file /home/airflow/.local/lib/python3.7/site-packages/airflow/example_dags/example_short_circuit_decorator.py for tasks to queue
[2023-05-06T09:43:43.297+0000] {logging_mixin.py:149} INFO - [2023-05-06T09:43:43.296+0000] {dagbag.py:541} INFO - Filling up the DagBag from /home/airflow/.local/lib/python3.7/site-packages/airflow/example_dags/example_short_circuit_decorator.py
[2023-05-06T09:43:43.308+0000] {processor.py:809} INFO - DAG(s) dict_keys(['example_short_circuit_decorator']) retrieved from /home/airflow/.local/lib/python3.7/site-packages/airflow/example_dags/example_short_circuit_decorator.py
[2023-05-06T09:43:43.342+0000] {logging_mixin.py:149} INFO - [2023-05-06T09:43:43.341+0000] {dag.py:2726} INFO - Sync 1 DAGs
[2023-05-06T09:43:43.379+0000] {logging_mixin.py:149} INFO - [2023-05-06T09:43:43.379+0000] {dag.py:3490} INFO - Setting next_dagrun for example_short_circuit_decorator to 2023-05-05T09:43:43.379196+00:00, run_after=2023-05-06T09:43:43.379196+00:00
[2023-05-06T09:43:43.412+0000] {processor.py:178} INFO - Processing /home/airflow/.local/lib/python3.7/site-packages/airflow/example_dags/example_short_circuit_decorator.py took 0.124 seconds
