[2023-05-06T09:33:28.503+0000] {processor.py:156} INFO - Started process (PID=66) to work on /home/airflow/.local/lib/python3.7/site-packages/airflow/example_dags/example_bash_operator.py
[2023-05-06T09:33:28.504+0000] {processor.py:799} INFO - Processing file /home/airflow/.local/lib/python3.7/site-packages/airflow/example_dags/example_bash_operator.py for tasks to queue
[2023-05-06T09:33:28.506+0000] {logging_mixin.py:149} INFO - [2023-05-06T09:33:28.506+0000] {dagbag.py:541} INFO - Filling up the DagBag from /home/airflow/.local/lib/python3.7/site-packages/airflow/example_dags/example_bash_operator.py
[2023-05-06T09:33:28.527+0000] {processor.py:809} INFO - DAG(s) dict_keys(['example_bash_operator']) retrieved from /home/airflow/.local/lib/python3.7/site-packages/airflow/example_dags/example_bash_operator.py
[2023-05-06T09:33:28.541+0000] {logging_mixin.py:149} INFO - [2023-05-06T09:33:28.541+0000] {dag.py:2726} INFO - Sync 1 DAGs
[2023-05-06T09:33:28.596+0000] {logging_mixin.py:149} INFO - [2023-05-06T09:33:28.596+0000] {dag.py:3490} INFO - Setting next_dagrun for example_bash_operator to 2023-05-05T00:00:00+00:00, run_after=2023-05-06T00:00:00+00:00
[2023-05-06T09:33:28.626+0000] {processor.py:178} INFO - Processing /home/airflow/.local/lib/python3.7/site-packages/airflow/example_dags/example_bash_operator.py took 0.126 seconds
[2023-05-06T09:33:59.476+0000] {processor.py:156} INFO - Started process (PID=119) to work on /home/airflow/.local/lib/python3.7/site-packages/airflow/example_dags/example_bash_operator.py
[2023-05-06T09:33:59.477+0000] {processor.py:799} INFO - Processing file /home/airflow/.local/lib/python3.7/site-packages/airflow/example_dags/example_bash_operator.py for tasks to queue
[2023-05-06T09:33:59.479+0000] {logging_mixin.py:149} INFO - [2023-05-06T09:33:59.479+0000] {dagbag.py:541} INFO - Filling up the DagBag from /home/airflow/.local/lib/python3.7/site-packages/airflow/example_dags/example_bash_operator.py
[2023-05-06T09:33:59.493+0000] {processor.py:809} INFO - DAG(s) dict_keys(['example_bash_operator']) retrieved from /home/airflow/.local/lib/python3.7/site-packages/airflow/example_dags/example_bash_operator.py
[2023-05-06T09:33:59.505+0000] {logging_mixin.py:149} INFO - [2023-05-06T09:33:59.505+0000] {dag.py:2726} INFO - Sync 1 DAGs
[2023-05-06T09:33:59.542+0000] {logging_mixin.py:149} INFO - [2023-05-06T09:33:59.542+0000] {dag.py:3490} INFO - Setting next_dagrun for example_bash_operator to 2023-05-05T00:00:00+00:00, run_after=2023-05-06T00:00:00+00:00
[2023-05-06T09:33:59.577+0000] {processor.py:178} INFO - Processing /home/airflow/.local/lib/python3.7/site-packages/airflow/example_dags/example_bash_operator.py took 0.103 seconds
[2023-05-06T09:34:30.801+0000] {processor.py:156} INFO - Started process (PID=172) to work on /home/airflow/.local/lib/python3.7/site-packages/airflow/example_dags/example_bash_operator.py
[2023-05-06T09:34:30.802+0000] {processor.py:799} INFO - Processing file /home/airflow/.local/lib/python3.7/site-packages/airflow/example_dags/example_bash_operator.py for tasks to queue
[2023-05-06T09:34:30.804+0000] {logging_mixin.py:149} INFO - [2023-05-06T09:34:30.804+0000] {dagbag.py:541} INFO - Filling up the DagBag from /home/airflow/.local/lib/python3.7/site-packages/airflow/example_dags/example_bash_operator.py
[2023-05-06T09:34:30.820+0000] {processor.py:809} INFO - DAG(s) dict_keys(['example_bash_operator']) retrieved from /home/airflow/.local/lib/python3.7/site-packages/airflow/example_dags/example_bash_operator.py
[2023-05-06T09:34:30.833+0000] {logging_mixin.py:149} INFO - [2023-05-06T09:34:30.833+0000] {dag.py:2726} INFO - Sync 1 DAGs
[2023-05-06T09:34:30.867+0000] {logging_mixin.py:149} INFO - [2023-05-06T09:34:30.867+0000] {dag.py:3490} INFO - Setting next_dagrun for example_bash_operator to 2023-05-05T00:00:00+00:00, run_after=2023-05-06T00:00:00+00:00
[2023-05-06T09:34:30.892+0000] {processor.py:178} INFO - Processing /home/airflow/.local/lib/python3.7/site-packages/airflow/example_dags/example_bash_operator.py took 0.095 seconds
[2023-05-06T09:35:01.567+0000] {processor.py:156} INFO - Started process (PID=225) to work on /home/airflow/.local/lib/python3.7/site-packages/airflow/example_dags/example_bash_operator.py
[2023-05-06T09:35:01.579+0000] {processor.py:799} INFO - Processing file /home/airflow/.local/lib/python3.7/site-packages/airflow/example_dags/example_bash_operator.py for tasks to queue
[2023-05-06T09:35:01.581+0000] {logging_mixin.py:149} INFO - [2023-05-06T09:35:01.581+0000] {dagbag.py:541} INFO - Filling up the DagBag from /home/airflow/.local/lib/python3.7/site-packages/airflow/example_dags/example_bash_operator.py
[2023-05-06T09:35:01.595+0000] {processor.py:809} INFO - DAG(s) dict_keys(['example_bash_operator']) retrieved from /home/airflow/.local/lib/python3.7/site-packages/airflow/example_dags/example_bash_operator.py
[2023-05-06T09:35:01.636+0000] {logging_mixin.py:149} INFO - [2023-05-06T09:35:01.636+0000] {dag.py:2726} INFO - Sync 1 DAGs
[2023-05-06T09:35:01.666+0000] {logging_mixin.py:149} INFO - [2023-05-06T09:35:01.666+0000] {dag.py:3490} INFO - Setting next_dagrun for example_bash_operator to 2023-05-05T00:00:00+00:00, run_after=2023-05-06T00:00:00+00:00
[2023-05-06T09:35:01.690+0000] {processor.py:178} INFO - Processing /home/airflow/.local/lib/python3.7/site-packages/airflow/example_dags/example_bash_operator.py took 0.128 seconds
[2023-05-06T09:35:32.178+0000] {processor.py:156} INFO - Started process (PID=278) to work on /home/airflow/.local/lib/python3.7/site-packages/airflow/example_dags/example_bash_operator.py
[2023-05-06T09:35:32.179+0000] {processor.py:799} INFO - Processing file /home/airflow/.local/lib/python3.7/site-packages/airflow/example_dags/example_bash_operator.py for tasks to queue
[2023-05-06T09:35:32.181+0000] {logging_mixin.py:149} INFO - [2023-05-06T09:35:32.181+0000] {dagbag.py:541} INFO - Filling up the DagBag from /home/airflow/.local/lib/python3.7/site-packages/airflow/example_dags/example_bash_operator.py
[2023-05-06T09:35:32.194+0000] {processor.py:809} INFO - DAG(s) dict_keys(['example_bash_operator']) retrieved from /home/airflow/.local/lib/python3.7/site-packages/airflow/example_dags/example_bash_operator.py
[2023-05-06T09:35:32.235+0000] {logging_mixin.py:149} INFO - [2023-05-06T09:35:32.235+0000] {dag.py:2726} INFO - Sync 1 DAGs
[2023-05-06T09:35:32.265+0000] {logging_mixin.py:149} INFO - [2023-05-06T09:35:32.265+0000] {dag.py:3490} INFO - Setting next_dagrun for example_bash_operator to 2023-05-05T00:00:00+00:00, run_after=2023-05-06T00:00:00+00:00
[2023-05-06T09:35:32.289+0000] {processor.py:178} INFO - Processing /home/airflow/.local/lib/python3.7/site-packages/airflow/example_dags/example_bash_operator.py took 0.114 seconds
[2023-05-06T09:36:03.435+0000] {processor.py:156} INFO - Started process (PID=331) to work on /home/airflow/.local/lib/python3.7/site-packages/airflow/example_dags/example_bash_operator.py
[2023-05-06T09:36:03.436+0000] {processor.py:799} INFO - Processing file /home/airflow/.local/lib/python3.7/site-packages/airflow/example_dags/example_bash_operator.py for tasks to queue
[2023-05-06T09:36:03.439+0000] {logging_mixin.py:149} INFO - [2023-05-06T09:36:03.439+0000] {dagbag.py:541} INFO - Filling up the DagBag from /home/airflow/.local/lib/python3.7/site-packages/airflow/example_dags/example_bash_operator.py
[2023-05-06T09:36:03.455+0000] {processor.py:809} INFO - DAG(s) dict_keys(['example_bash_operator']) retrieved from /home/airflow/.local/lib/python3.7/site-packages/airflow/example_dags/example_bash_operator.py
[2023-05-06T09:36:03.550+0000] {logging_mixin.py:149} INFO - [2023-05-06T09:36:03.549+0000] {dag.py:2726} INFO - Sync 1 DAGs
[2023-05-06T09:36:03.586+0000] {logging_mixin.py:149} INFO - [2023-05-06T09:36:03.585+0000] {dag.py:3490} INFO - Setting next_dagrun for example_bash_operator to 2023-05-05T00:00:00+00:00, run_after=2023-05-06T00:00:00+00:00
[2023-05-06T09:36:03.606+0000] {processor.py:178} INFO - Processing /home/airflow/.local/lib/python3.7/site-packages/airflow/example_dags/example_bash_operator.py took 0.177 seconds
[2023-05-06T09:36:33.820+0000] {processor.py:156} INFO - Started process (PID=385) to work on /home/airflow/.local/lib/python3.7/site-packages/airflow/example_dags/example_bash_operator.py
[2023-05-06T09:36:33.821+0000] {processor.py:799} INFO - Processing file /home/airflow/.local/lib/python3.7/site-packages/airflow/example_dags/example_bash_operator.py for tasks to queue
[2023-05-06T09:36:33.822+0000] {logging_mixin.py:149} INFO - [2023-05-06T09:36:33.822+0000] {dagbag.py:541} INFO - Filling up the DagBag from /home/airflow/.local/lib/python3.7/site-packages/airflow/example_dags/example_bash_operator.py
[2023-05-06T09:36:33.840+0000] {processor.py:809} INFO - DAG(s) dict_keys(['example_bash_operator']) retrieved from /home/airflow/.local/lib/python3.7/site-packages/airflow/example_dags/example_bash_operator.py
[2023-05-06T09:36:33.854+0000] {logging_mixin.py:149} INFO - [2023-05-06T09:36:33.854+0000] {dag.py:2726} INFO - Sync 1 DAGs
[2023-05-06T09:36:33.906+0000] {logging_mixin.py:149} INFO - [2023-05-06T09:36:33.906+0000] {dag.py:3490} INFO - Setting next_dagrun for example_bash_operator to 2023-05-05T00:00:00+00:00, run_after=2023-05-06T00:00:00+00:00
[2023-05-06T09:36:33.936+0000] {processor.py:178} INFO - Processing /home/airflow/.local/lib/python3.7/site-packages/airflow/example_dags/example_bash_operator.py took 0.119 seconds
[2023-05-06T09:37:04.607+0000] {processor.py:156} INFO - Started process (PID=438) to work on /home/airflow/.local/lib/python3.7/site-packages/airflow/example_dags/example_bash_operator.py
[2023-05-06T09:37:04.608+0000] {processor.py:799} INFO - Processing file /home/airflow/.local/lib/python3.7/site-packages/airflow/example_dags/example_bash_operator.py for tasks to queue
[2023-05-06T09:37:04.610+0000] {logging_mixin.py:149} INFO - [2023-05-06T09:37:04.610+0000] {dagbag.py:541} INFO - Filling up the DagBag from /home/airflow/.local/lib/python3.7/site-packages/airflow/example_dags/example_bash_operator.py
[2023-05-06T09:37:04.625+0000] {processor.py:809} INFO - DAG(s) dict_keys(['example_bash_operator']) retrieved from /home/airflow/.local/lib/python3.7/site-packages/airflow/example_dags/example_bash_operator.py
[2023-05-06T09:37:04.672+0000] {logging_mixin.py:149} INFO - [2023-05-06T09:37:04.672+0000] {dag.py:2726} INFO - Sync 1 DAGs
[2023-05-06T09:37:04.705+0000] {logging_mixin.py:149} INFO - [2023-05-06T09:37:04.705+0000] {dag.py:3490} INFO - Setting next_dagrun for example_bash_operator to 2023-05-05T00:00:00+00:00, run_after=2023-05-06T00:00:00+00:00
[2023-05-06T09:37:04.727+0000] {processor.py:178} INFO - Processing /home/airflow/.local/lib/python3.7/site-packages/airflow/example_dags/example_bash_operator.py took 0.123 seconds
[2023-05-06T09:37:35.164+0000] {processor.py:156} INFO - Started process (PID=491) to work on /home/airflow/.local/lib/python3.7/site-packages/airflow/example_dags/example_bash_operator.py
[2023-05-06T09:37:35.165+0000] {processor.py:799} INFO - Processing file /home/airflow/.local/lib/python3.7/site-packages/airflow/example_dags/example_bash_operator.py for tasks to queue
[2023-05-06T09:37:35.166+0000] {logging_mixin.py:149} INFO - [2023-05-06T09:37:35.166+0000] {dagbag.py:541} INFO - Filling up the DagBag from /home/airflow/.local/lib/python3.7/site-packages/airflow/example_dags/example_bash_operator.py
[2023-05-06T09:37:35.180+0000] {processor.py:809} INFO - DAG(s) dict_keys(['example_bash_operator']) retrieved from /home/airflow/.local/lib/python3.7/site-packages/airflow/example_dags/example_bash_operator.py
[2023-05-06T09:37:35.221+0000] {logging_mixin.py:149} INFO - [2023-05-06T09:37:35.221+0000] {dag.py:2726} INFO - Sync 1 DAGs
[2023-05-06T09:37:35.252+0000] {logging_mixin.py:149} INFO - [2023-05-06T09:37:35.251+0000] {dag.py:3490} INFO - Setting next_dagrun for example_bash_operator to 2023-05-05T00:00:00+00:00, run_after=2023-05-06T00:00:00+00:00
[2023-05-06T09:37:35.272+0000] {processor.py:178} INFO - Processing /home/airflow/.local/lib/python3.7/site-packages/airflow/example_dags/example_bash_operator.py took 0.110 seconds
[2023-05-06T09:38:05.672+0000] {processor.py:156} INFO - Started process (PID=544) to work on /home/airflow/.local/lib/python3.7/site-packages/airflow/example_dags/example_bash_operator.py
[2023-05-06T09:38:05.673+0000] {processor.py:799} INFO - Processing file /home/airflow/.local/lib/python3.7/site-packages/airflow/example_dags/example_bash_operator.py for tasks to queue
[2023-05-06T09:38:05.674+0000] {logging_mixin.py:149} INFO - [2023-05-06T09:38:05.674+0000] {dagbag.py:541} INFO - Filling up the DagBag from /home/airflow/.local/lib/python3.7/site-packages/airflow/example_dags/example_bash_operator.py
[2023-05-06T09:38:05.692+0000] {processor.py:809} INFO - DAG(s) dict_keys(['example_bash_operator']) retrieved from /home/airflow/.local/lib/python3.7/site-packages/airflow/example_dags/example_bash_operator.py
[2023-05-06T09:38:05.747+0000] {logging_mixin.py:149} INFO - [2023-05-06T09:38:05.747+0000] {dag.py:2726} INFO - Sync 1 DAGs
[2023-05-06T09:38:05.778+0000] {logging_mixin.py:149} INFO - [2023-05-06T09:38:05.778+0000] {dag.py:3490} INFO - Setting next_dagrun for example_bash_operator to 2023-05-05T00:00:00+00:00, run_after=2023-05-06T00:00:00+00:00
[2023-05-06T09:38:05.799+0000] {processor.py:178} INFO - Processing /home/airflow/.local/lib/python3.7/site-packages/airflow/example_dags/example_bash_operator.py took 0.129 seconds
[2023-05-06T09:38:36.545+0000] {processor.py:156} INFO - Started process (PID=597) to work on /home/airflow/.local/lib/python3.7/site-packages/airflow/example_dags/example_bash_operator.py
[2023-05-06T09:38:36.546+0000] {processor.py:799} INFO - Processing file /home/airflow/.local/lib/python3.7/site-packages/airflow/example_dags/example_bash_operator.py for tasks to queue
[2023-05-06T09:38:36.548+0000] {logging_mixin.py:149} INFO - [2023-05-06T09:38:36.548+0000] {dagbag.py:541} INFO - Filling up the DagBag from /home/airflow/.local/lib/python3.7/site-packages/airflow/example_dags/example_bash_operator.py
[2023-05-06T09:38:36.567+0000] {processor.py:809} INFO - DAG(s) dict_keys(['example_bash_operator']) retrieved from /home/airflow/.local/lib/python3.7/site-packages/airflow/example_dags/example_bash_operator.py
[2023-05-06T09:38:36.646+0000] {logging_mixin.py:149} INFO - [2023-05-06T09:38:36.645+0000] {dag.py:2726} INFO - Sync 1 DAGs
[2023-05-06T09:38:36.703+0000] {logging_mixin.py:149} INFO - [2023-05-06T09:38:36.703+0000] {dag.py:3490} INFO - Setting next_dagrun for example_bash_operator to 2023-05-05T00:00:00+00:00, run_after=2023-05-06T00:00:00+00:00
[2023-05-06T09:38:36.743+0000] {processor.py:178} INFO - Processing /home/airflow/.local/lib/python3.7/site-packages/airflow/example_dags/example_bash_operator.py took 0.203 seconds
[2023-05-06T09:39:07.102+0000] {processor.py:156} INFO - Started process (PID=651) to work on /home/airflow/.local/lib/python3.7/site-packages/airflow/example_dags/example_bash_operator.py
[2023-05-06T09:39:07.103+0000] {processor.py:799} INFO - Processing file /home/airflow/.local/lib/python3.7/site-packages/airflow/example_dags/example_bash_operator.py for tasks to queue
[2023-05-06T09:39:07.105+0000] {logging_mixin.py:149} INFO - [2023-05-06T09:39:07.105+0000] {dagbag.py:541} INFO - Filling up the DagBag from /home/airflow/.local/lib/python3.7/site-packages/airflow/example_dags/example_bash_operator.py
[2023-05-06T09:39:07.119+0000] {processor.py:809} INFO - DAG(s) dict_keys(['example_bash_operator']) retrieved from /home/airflow/.local/lib/python3.7/site-packages/airflow/example_dags/example_bash_operator.py
[2023-05-06T09:39:07.188+0000] {logging_mixin.py:149} INFO - [2023-05-06T09:39:07.188+0000] {dag.py:2726} INFO - Sync 1 DAGs
[2023-05-06T09:39:07.231+0000] {logging_mixin.py:149} INFO - [2023-05-06T09:39:07.231+0000] {dag.py:3490} INFO - Setting next_dagrun for example_bash_operator to 2023-05-05T00:00:00+00:00, run_after=2023-05-06T00:00:00+00:00
[2023-05-06T09:39:07.265+0000] {processor.py:178} INFO - Processing /home/airflow/.local/lib/python3.7/site-packages/airflow/example_dags/example_bash_operator.py took 0.166 seconds
[2023-05-06T09:39:37.730+0000] {processor.py:156} INFO - Started process (PID=704) to work on /home/airflow/.local/lib/python3.7/site-packages/airflow/example_dags/example_bash_operator.py
[2023-05-06T09:39:37.731+0000] {processor.py:799} INFO - Processing file /home/airflow/.local/lib/python3.7/site-packages/airflow/example_dags/example_bash_operator.py for tasks to queue
[2023-05-06T09:39:37.733+0000] {logging_mixin.py:149} INFO - [2023-05-06T09:39:37.733+0000] {dagbag.py:541} INFO - Filling up the DagBag from /home/airflow/.local/lib/python3.7/site-packages/airflow/example_dags/example_bash_operator.py
[2023-05-06T09:39:37.755+0000] {processor.py:809} INFO - DAG(s) dict_keys(['example_bash_operator']) retrieved from /home/airflow/.local/lib/python3.7/site-packages/airflow/example_dags/example_bash_operator.py
[2023-05-06T09:39:37.835+0000] {logging_mixin.py:149} INFO - [2023-05-06T09:39:37.834+0000] {dag.py:2726} INFO - Sync 1 DAGs
[2023-05-06T09:39:37.901+0000] {logging_mixin.py:149} INFO - [2023-05-06T09:39:37.900+0000] {dag.py:3490} INFO - Setting next_dagrun for example_bash_operator to 2023-05-05T00:00:00+00:00, run_after=2023-05-06T00:00:00+00:00
[2023-05-06T09:39:37.944+0000] {processor.py:178} INFO - Processing /home/airflow/.local/lib/python3.7/site-packages/airflow/example_dags/example_bash_operator.py took 0.217 seconds
[2023-05-06T09:40:08.426+0000] {processor.py:156} INFO - Started process (PID=758) to work on /home/airflow/.local/lib/python3.7/site-packages/airflow/example_dags/example_bash_operator.py
[2023-05-06T09:40:08.427+0000] {processor.py:799} INFO - Processing file /home/airflow/.local/lib/python3.7/site-packages/airflow/example_dags/example_bash_operator.py for tasks to queue
[2023-05-06T09:40:08.429+0000] {logging_mixin.py:149} INFO - [2023-05-06T09:40:08.429+0000] {dagbag.py:541} INFO - Filling up the DagBag from /home/airflow/.local/lib/python3.7/site-packages/airflow/example_dags/example_bash_operator.py
[2023-05-06T09:40:08.443+0000] {processor.py:809} INFO - DAG(s) dict_keys(['example_bash_operator']) retrieved from /home/airflow/.local/lib/python3.7/site-packages/airflow/example_dags/example_bash_operator.py
[2023-05-06T09:40:08.487+0000] {logging_mixin.py:149} INFO - [2023-05-06T09:40:08.487+0000] {dag.py:2726} INFO - Sync 1 DAGs
[2023-05-06T09:40:08.519+0000] {logging_mixin.py:149} INFO - [2023-05-06T09:40:08.519+0000] {dag.py:3490} INFO - Setting next_dagrun for example_bash_operator to 2023-05-05T00:00:00+00:00, run_after=2023-05-06T00:00:00+00:00
[2023-05-06T09:40:08.541+0000] {processor.py:178} INFO - Processing /home/airflow/.local/lib/python3.7/site-packages/airflow/example_dags/example_bash_operator.py took 0.118 seconds
[2023-05-06T09:40:38.970+0000] {processor.py:156} INFO - Started process (PID=811) to work on /home/airflow/.local/lib/python3.7/site-packages/airflow/example_dags/example_bash_operator.py
[2023-05-06T09:40:38.971+0000] {processor.py:799} INFO - Processing file /home/airflow/.local/lib/python3.7/site-packages/airflow/example_dags/example_bash_operator.py for tasks to queue
[2023-05-06T09:40:38.974+0000] {logging_mixin.py:149} INFO - [2023-05-06T09:40:38.974+0000] {dagbag.py:541} INFO - Filling up the DagBag from /home/airflow/.local/lib/python3.7/site-packages/airflow/example_dags/example_bash_operator.py
[2023-05-06T09:40:38.998+0000] {processor.py:809} INFO - DAG(s) dict_keys(['example_bash_operator']) retrieved from /home/airflow/.local/lib/python3.7/site-packages/airflow/example_dags/example_bash_operator.py
[2023-05-06T09:40:39.043+0000] {logging_mixin.py:149} INFO - [2023-05-06T09:40:39.043+0000] {dag.py:2726} INFO - Sync 1 DAGs
[2023-05-06T09:40:39.087+0000] {logging_mixin.py:149} INFO - [2023-05-06T09:40:39.087+0000] {dag.py:3490} INFO - Setting next_dagrun for example_bash_operator to 2023-05-05T00:00:00+00:00, run_after=2023-05-06T00:00:00+00:00
[2023-05-06T09:40:39.118+0000] {processor.py:178} INFO - Processing /home/airflow/.local/lib/python3.7/site-packages/airflow/example_dags/example_bash_operator.py took 0.153 seconds
[2023-05-06T09:41:09.626+0000] {processor.py:156} INFO - Started process (PID=864) to work on /home/airflow/.local/lib/python3.7/site-packages/airflow/example_dags/example_bash_operator.py
[2023-05-06T09:41:09.628+0000] {processor.py:799} INFO - Processing file /home/airflow/.local/lib/python3.7/site-packages/airflow/example_dags/example_bash_operator.py for tasks to queue
[2023-05-06T09:41:09.630+0000] {logging_mixin.py:149} INFO - [2023-05-06T09:41:09.630+0000] {dagbag.py:541} INFO - Filling up the DagBag from /home/airflow/.local/lib/python3.7/site-packages/airflow/example_dags/example_bash_operator.py
[2023-05-06T09:41:09.651+0000] {processor.py:809} INFO - DAG(s) dict_keys(['example_bash_operator']) retrieved from /home/airflow/.local/lib/python3.7/site-packages/airflow/example_dags/example_bash_operator.py
[2023-05-06T09:41:09.700+0000] {logging_mixin.py:149} INFO - [2023-05-06T09:41:09.699+0000] {dag.py:2726} INFO - Sync 1 DAGs
[2023-05-06T09:41:09.750+0000] {logging_mixin.py:149} INFO - [2023-05-06T09:41:09.750+0000] {dag.py:3490} INFO - Setting next_dagrun for example_bash_operator to 2023-05-05T00:00:00+00:00, run_after=2023-05-06T00:00:00+00:00
[2023-05-06T09:41:09.772+0000] {processor.py:178} INFO - Processing /home/airflow/.local/lib/python3.7/site-packages/airflow/example_dags/example_bash_operator.py took 0.149 seconds
[2023-05-06T09:41:40.770+0000] {processor.py:156} INFO - Started process (PID=919) to work on /home/airflow/.local/lib/python3.7/site-packages/airflow/example_dags/example_bash_operator.py
[2023-05-06T09:41:40.771+0000] {processor.py:799} INFO - Processing file /home/airflow/.local/lib/python3.7/site-packages/airflow/example_dags/example_bash_operator.py for tasks to queue
[2023-05-06T09:41:40.774+0000] {logging_mixin.py:149} INFO - [2023-05-06T09:41:40.774+0000] {dagbag.py:541} INFO - Filling up the DagBag from /home/airflow/.local/lib/python3.7/site-packages/airflow/example_dags/example_bash_operator.py
[2023-05-06T09:41:40.793+0000] {processor.py:809} INFO - DAG(s) dict_keys(['example_bash_operator']) retrieved from /home/airflow/.local/lib/python3.7/site-packages/airflow/example_dags/example_bash_operator.py
[2023-05-06T09:41:40.848+0000] {logging_mixin.py:149} INFO - [2023-05-06T09:41:40.847+0000] {dag.py:2726} INFO - Sync 1 DAGs
[2023-05-06T09:41:40.894+0000] {logging_mixin.py:149} INFO - [2023-05-06T09:41:40.894+0000] {dag.py:3490} INFO - Setting next_dagrun for example_bash_operator to 2023-05-05T00:00:00+00:00, run_after=2023-05-06T00:00:00+00:00
[2023-05-06T09:41:40.924+0000] {processor.py:178} INFO - Processing /home/airflow/.local/lib/python3.7/site-packages/airflow/example_dags/example_bash_operator.py took 0.156 seconds
[2023-05-06T09:42:11.758+0000] {processor.py:156} INFO - Started process (PID=972) to work on /home/airflow/.local/lib/python3.7/site-packages/airflow/example_dags/example_bash_operator.py
[2023-05-06T09:42:11.759+0000] {processor.py:799} INFO - Processing file /home/airflow/.local/lib/python3.7/site-packages/airflow/example_dags/example_bash_operator.py for tasks to queue
[2023-05-06T09:42:11.761+0000] {logging_mixin.py:149} INFO - [2023-05-06T09:42:11.761+0000] {dagbag.py:541} INFO - Filling up the DagBag from /home/airflow/.local/lib/python3.7/site-packages/airflow/example_dags/example_bash_operator.py
[2023-05-06T09:42:11.780+0000] {processor.py:809} INFO - DAG(s) dict_keys(['example_bash_operator']) retrieved from /home/airflow/.local/lib/python3.7/site-packages/airflow/example_dags/example_bash_operator.py
[2023-05-06T09:42:11.840+0000] {logging_mixin.py:149} INFO - [2023-05-06T09:42:11.840+0000] {dag.py:2726} INFO - Sync 1 DAGs
[2023-05-06T09:42:11.888+0000] {logging_mixin.py:149} INFO - [2023-05-06T09:42:11.888+0000] {dag.py:3490} INFO - Setting next_dagrun for example_bash_operator to 2023-05-05T00:00:00+00:00, run_after=2023-05-06T00:00:00+00:00
[2023-05-06T09:42:11.924+0000] {processor.py:178} INFO - Processing /home/airflow/.local/lib/python3.7/site-packages/airflow/example_dags/example_bash_operator.py took 0.172 seconds
[2023-05-06T09:42:42.213+0000] {processor.py:156} INFO - Started process (PID=1025) to work on /home/airflow/.local/lib/python3.7/site-packages/airflow/example_dags/example_bash_operator.py
[2023-05-06T09:42:42.214+0000] {processor.py:799} INFO - Processing file /home/airflow/.local/lib/python3.7/site-packages/airflow/example_dags/example_bash_operator.py for tasks to queue
[2023-05-06T09:42:42.216+0000] {logging_mixin.py:149} INFO - [2023-05-06T09:42:42.216+0000] {dagbag.py:541} INFO - Filling up the DagBag from /home/airflow/.local/lib/python3.7/site-packages/airflow/example_dags/example_bash_operator.py
[2023-05-06T09:42:42.232+0000] {processor.py:809} INFO - DAG(s) dict_keys(['example_bash_operator']) retrieved from /home/airflow/.local/lib/python3.7/site-packages/airflow/example_dags/example_bash_operator.py
[2023-05-06T09:42:42.277+0000] {logging_mixin.py:149} INFO - [2023-05-06T09:42:42.277+0000] {dag.py:2726} INFO - Sync 1 DAGs
[2023-05-06T09:42:42.318+0000] {logging_mixin.py:149} INFO - [2023-05-06T09:42:42.318+0000] {dag.py:3490} INFO - Setting next_dagrun for example_bash_operator to 2023-05-05T00:00:00+00:00, run_after=2023-05-06T00:00:00+00:00
[2023-05-06T09:42:42.343+0000] {processor.py:178} INFO - Processing /home/airflow/.local/lib/python3.7/site-packages/airflow/example_dags/example_bash_operator.py took 0.133 seconds
[2023-05-06T09:43:12.709+0000] {processor.py:156} INFO - Started process (PID=1078) to work on /home/airflow/.local/lib/python3.7/site-packages/airflow/example_dags/example_bash_operator.py
[2023-05-06T09:43:12.710+0000] {processor.py:799} INFO - Processing file /home/airflow/.local/lib/python3.7/site-packages/airflow/example_dags/example_bash_operator.py for tasks to queue
[2023-05-06T09:43:12.711+0000] {logging_mixin.py:149} INFO - [2023-05-06T09:43:12.711+0000] {dagbag.py:541} INFO - Filling up the DagBag from /home/airflow/.local/lib/python3.7/site-packages/airflow/example_dags/example_bash_operator.py
[2023-05-06T09:43:12.727+0000] {processor.py:809} INFO - DAG(s) dict_keys(['example_bash_operator']) retrieved from /home/airflow/.local/lib/python3.7/site-packages/airflow/example_dags/example_bash_operator.py
[2023-05-06T09:43:12.776+0000] {logging_mixin.py:149} INFO - [2023-05-06T09:43:12.776+0000] {dag.py:2726} INFO - Sync 1 DAGs
[2023-05-06T09:43:12.807+0000] {logging_mixin.py:149} INFO - [2023-05-06T09:43:12.807+0000] {dag.py:3490} INFO - Setting next_dagrun for example_bash_operator to 2023-05-05T00:00:00+00:00, run_after=2023-05-06T00:00:00+00:00
[2023-05-06T09:43:12.842+0000] {processor.py:178} INFO - Processing /home/airflow/.local/lib/python3.7/site-packages/airflow/example_dags/example_bash_operator.py took 0.136 seconds
[2023-05-06T09:43:43.398+0000] {processor.py:156} INFO - Started process (PID=1140) to work on /home/airflow/.local/lib/python3.7/site-packages/airflow/example_dags/example_bash_operator.py
[2023-05-06T09:43:43.399+0000] {processor.py:799} INFO - Processing file /home/airflow/.local/lib/python3.7/site-packages/airflow/example_dags/example_bash_operator.py for tasks to queue
[2023-05-06T09:43:43.402+0000] {logging_mixin.py:149} INFO - [2023-05-06T09:43:43.402+0000] {dagbag.py:541} INFO - Filling up the DagBag from /home/airflow/.local/lib/python3.7/site-packages/airflow/example_dags/example_bash_operator.py
[2023-05-06T09:43:43.427+0000] {processor.py:809} INFO - DAG(s) dict_keys(['example_bash_operator']) retrieved from /home/airflow/.local/lib/python3.7/site-packages/airflow/example_dags/example_bash_operator.py
[2023-05-06T09:43:43.487+0000] {logging_mixin.py:149} INFO - [2023-05-06T09:43:43.486+0000] {dag.py:2726} INFO - Sync 1 DAGs
[2023-05-06T09:43:43.525+0000] {logging_mixin.py:149} INFO - [2023-05-06T09:43:43.525+0000] {dag.py:3490} INFO - Setting next_dagrun for example_bash_operator to 2023-05-05T00:00:00+00:00, run_after=2023-05-06T00:00:00+00:00
[2023-05-06T09:43:43.554+0000] {processor.py:178} INFO - Processing /home/airflow/.local/lib/python3.7/site-packages/airflow/example_dags/example_bash_operator.py took 0.160 seconds
