[2023-05-06T09:33:28.939+0000] {processor.py:156} INFO - Started process (PID=71) to work on /home/airflow/.local/lib/python3.7/site-packages/airflow/example_dags/example_latest_only.py
[2023-05-06T09:33:28.940+0000] {processor.py:799} INFO - Processing file /home/airflow/.local/lib/python3.7/site-packages/airflow/example_dags/example_latest_only.py for tasks to queue
[2023-05-06T09:33:28.941+0000] {logging_mixin.py:149} INFO - [2023-05-06T09:33:28.941+0000] {dagbag.py:541} INFO - Filling up the DagBag from /home/airflow/.local/lib/python3.7/site-packages/airflow/example_dags/example_latest_only.py
[2023-05-06T09:33:28.946+0000] {processor.py:809} INFO - DAG(s) dict_keys(['latest_only']) retrieved from /home/airflow/.local/lib/python3.7/site-packages/airflow/example_dags/example_latest_only.py
[2023-05-06T09:33:28.958+0000] {logging_mixin.py:149} INFO - [2023-05-06T09:33:28.958+0000] {dag.py:2726} INFO - Sync 1 DAGs
[2023-05-06T09:33:28.988+0000] {logging_mixin.py:149} INFO - [2023-05-06T09:33:28.988+0000] {dag.py:3490} INFO - Setting next_dagrun for latest_only to 2023-05-06T05:33:28.988238+00:00, run_after=2023-05-06T09:33:28.988238+00:00
[2023-05-06T09:33:29.019+0000] {processor.py:178} INFO - Processing /home/airflow/.local/lib/python3.7/site-packages/airflow/example_dags/example_latest_only.py took 0.083 seconds
[2023-05-06T09:33:59.863+0000] {processor.py:156} INFO - Started process (PID=124) to work on /home/airflow/.local/lib/python3.7/site-packages/airflow/example_dags/example_latest_only.py
[2023-05-06T09:33:59.864+0000] {processor.py:799} INFO - Processing file /home/airflow/.local/lib/python3.7/site-packages/airflow/example_dags/example_latest_only.py for tasks to queue
[2023-05-06T09:33:59.866+0000] {logging_mixin.py:149} INFO - [2023-05-06T09:33:59.866+0000] {dagbag.py:541} INFO - Filling up the DagBag from /home/airflow/.local/lib/python3.7/site-packages/airflow/example_dags/example_latest_only.py
[2023-05-06T09:33:59.871+0000] {processor.py:809} INFO - DAG(s) dict_keys(['latest_only']) retrieved from /home/airflow/.local/lib/python3.7/site-packages/airflow/example_dags/example_latest_only.py
[2023-05-06T09:33:59.884+0000] {logging_mixin.py:149} INFO - [2023-05-06T09:33:59.883+0000] {dag.py:2726} INFO - Sync 1 DAGs
[2023-05-06T09:33:59.915+0000] {logging_mixin.py:149} INFO - [2023-05-06T09:33:59.915+0000] {dag.py:3490} INFO - Setting next_dagrun for latest_only to 2023-05-06T05:33:59.915093+00:00, run_after=2023-05-06T09:33:59.915093+00:00
[2023-05-06T09:33:59.940+0000] {processor.py:178} INFO - Processing /home/airflow/.local/lib/python3.7/site-packages/airflow/example_dags/example_latest_only.py took 0.080 seconds
[2023-05-06T09:34:31.080+0000] {processor.py:156} INFO - Started process (PID=177) to work on /home/airflow/.local/lib/python3.7/site-packages/airflow/example_dags/example_latest_only.py
[2023-05-06T09:34:31.081+0000] {processor.py:799} INFO - Processing file /home/airflow/.local/lib/python3.7/site-packages/airflow/example_dags/example_latest_only.py for tasks to queue
[2023-05-06T09:34:31.083+0000] {logging_mixin.py:149} INFO - [2023-05-06T09:34:31.083+0000] {dagbag.py:541} INFO - Filling up the DagBag from /home/airflow/.local/lib/python3.7/site-packages/airflow/example_dags/example_latest_only.py
[2023-05-06T09:34:31.088+0000] {processor.py:809} INFO - DAG(s) dict_keys(['latest_only']) retrieved from /home/airflow/.local/lib/python3.7/site-packages/airflow/example_dags/example_latest_only.py
[2023-05-06T09:34:31.103+0000] {logging_mixin.py:149} INFO - [2023-05-06T09:34:31.102+0000] {dag.py:2726} INFO - Sync 1 DAGs
[2023-05-06T09:34:31.133+0000] {logging_mixin.py:149} INFO - [2023-05-06T09:34:31.133+0000] {dag.py:3490} INFO - Setting next_dagrun for latest_only to 2023-05-06T05:34:31.132882+00:00, run_after=2023-05-06T09:34:31.132882+00:00
[2023-05-06T09:34:31.159+0000] {processor.py:178} INFO - Processing /home/airflow/.local/lib/python3.7/site-packages/airflow/example_dags/example_latest_only.py took 0.082 seconds
[2023-05-06T09:35:01.952+0000] {processor.py:156} INFO - Started process (PID=230) to work on /home/airflow/.local/lib/python3.7/site-packages/airflow/example_dags/example_latest_only.py
[2023-05-06T09:35:01.956+0000] {processor.py:799} INFO - Processing file /home/airflow/.local/lib/python3.7/site-packages/airflow/example_dags/example_latest_only.py for tasks to queue
[2023-05-06T09:35:01.959+0000] {logging_mixin.py:149} INFO - [2023-05-06T09:35:01.959+0000] {dagbag.py:541} INFO - Filling up the DagBag from /home/airflow/.local/lib/python3.7/site-packages/airflow/example_dags/example_latest_only.py
[2023-05-06T09:35:01.986+0000] {processor.py:809} INFO - DAG(s) dict_keys(['latest_only']) retrieved from /home/airflow/.local/lib/python3.7/site-packages/airflow/example_dags/example_latest_only.py
[2023-05-06T09:35:02.034+0000] {logging_mixin.py:149} INFO - [2023-05-06T09:35:02.033+0000] {dag.py:2726} INFO - Sync 1 DAGs
[2023-05-06T09:35:02.084+0000] {logging_mixin.py:149} INFO - [2023-05-06T09:35:02.084+0000] {dag.py:3490} INFO - Setting next_dagrun for latest_only to 2023-05-06T05:35:02.084334+00:00, run_after=2023-05-06T09:35:02.084334+00:00
[2023-05-06T09:35:02.111+0000] {processor.py:178} INFO - Processing /home/airflow/.local/lib/python3.7/site-packages/airflow/example_dags/example_latest_only.py took 0.166 seconds
[2023-05-06T09:35:32.496+0000] {processor.py:156} INFO - Started process (PID=283) to work on /home/airflow/.local/lib/python3.7/site-packages/airflow/example_dags/example_latest_only.py
[2023-05-06T09:35:32.497+0000] {processor.py:799} INFO - Processing file /home/airflow/.local/lib/python3.7/site-packages/airflow/example_dags/example_latest_only.py for tasks to queue
[2023-05-06T09:35:32.499+0000] {logging_mixin.py:149} INFO - [2023-05-06T09:35:32.499+0000] {dagbag.py:541} INFO - Filling up the DagBag from /home/airflow/.local/lib/python3.7/site-packages/airflow/example_dags/example_latest_only.py
[2023-05-06T09:35:32.503+0000] {processor.py:809} INFO - DAG(s) dict_keys(['latest_only']) retrieved from /home/airflow/.local/lib/python3.7/site-packages/airflow/example_dags/example_latest_only.py
[2023-05-06T09:35:32.528+0000] {logging_mixin.py:149} INFO - [2023-05-06T09:35:32.527+0000] {dag.py:2726} INFO - Sync 1 DAGs
[2023-05-06T09:35:32.556+0000] {logging_mixin.py:149} INFO - [2023-05-06T09:35:32.555+0000] {dag.py:3490} INFO - Setting next_dagrun for latest_only to 2023-05-06T05:35:32.555744+00:00, run_after=2023-05-06T09:35:32.555744+00:00
[2023-05-06T09:35:32.584+0000] {processor.py:178} INFO - Processing /home/airflow/.local/lib/python3.7/site-packages/airflow/example_dags/example_latest_only.py took 0.090 seconds
[2023-05-06T09:36:03.830+0000] {processor.py:156} INFO - Started process (PID=336) to work on /home/airflow/.local/lib/python3.7/site-packages/airflow/example_dags/example_latest_only.py
[2023-05-06T09:36:03.831+0000] {processor.py:799} INFO - Processing file /home/airflow/.local/lib/python3.7/site-packages/airflow/example_dags/example_latest_only.py for tasks to queue
[2023-05-06T09:36:03.833+0000] {logging_mixin.py:149} INFO - [2023-05-06T09:36:03.833+0000] {dagbag.py:541} INFO - Filling up the DagBag from /home/airflow/.local/lib/python3.7/site-packages/airflow/example_dags/example_latest_only.py
[2023-05-06T09:36:03.839+0000] {processor.py:809} INFO - DAG(s) dict_keys(['latest_only']) retrieved from /home/airflow/.local/lib/python3.7/site-packages/airflow/example_dags/example_latest_only.py
[2023-05-06T09:36:03.868+0000] {logging_mixin.py:149} INFO - [2023-05-06T09:36:03.867+0000] {dag.py:2726} INFO - Sync 1 DAGs
[2023-05-06T09:36:03.901+0000] {logging_mixin.py:149} INFO - [2023-05-06T09:36:03.900+0000] {dag.py:3490} INFO - Setting next_dagrun for latest_only to 2023-05-06T05:36:03.900673+00:00, run_after=2023-05-06T09:36:03.900673+00:00
[2023-05-06T09:36:03.922+0000] {processor.py:178} INFO - Processing /home/airflow/.local/lib/python3.7/site-packages/airflow/example_dags/example_latest_only.py took 0.095 seconds
[2023-05-06T09:36:34.129+0000] {processor.py:156} INFO - Started process (PID=390) to work on /home/airflow/.local/lib/python3.7/site-packages/airflow/example_dags/example_latest_only.py
[2023-05-06T09:36:34.130+0000] {processor.py:799} INFO - Processing file /home/airflow/.local/lib/python3.7/site-packages/airflow/example_dags/example_latest_only.py for tasks to queue
[2023-05-06T09:36:34.132+0000] {logging_mixin.py:149} INFO - [2023-05-06T09:36:34.132+0000] {dagbag.py:541} INFO - Filling up the DagBag from /home/airflow/.local/lib/python3.7/site-packages/airflow/example_dags/example_latest_only.py
[2023-05-06T09:36:34.138+0000] {processor.py:809} INFO - DAG(s) dict_keys(['latest_only']) retrieved from /home/airflow/.local/lib/python3.7/site-packages/airflow/example_dags/example_latest_only.py
[2023-05-06T09:36:34.153+0000] {logging_mixin.py:149} INFO - [2023-05-06T09:36:34.153+0000] {dag.py:2726} INFO - Sync 1 DAGs
[2023-05-06T09:36:34.192+0000] {logging_mixin.py:149} INFO - [2023-05-06T09:36:34.192+0000] {dag.py:3490} INFO - Setting next_dagrun for latest_only to 2023-05-06T05:36:34.192274+00:00, run_after=2023-05-06T09:36:34.192274+00:00
[2023-05-06T09:36:34.219+0000] {processor.py:178} INFO - Processing /home/airflow/.local/lib/python3.7/site-packages/airflow/example_dags/example_latest_only.py took 0.094 seconds
[2023-05-06T09:37:04.949+0000] {processor.py:156} INFO - Started process (PID=443) to work on /home/airflow/.local/lib/python3.7/site-packages/airflow/example_dags/example_latest_only.py
[2023-05-06T09:37:04.950+0000] {processor.py:799} INFO - Processing file /home/airflow/.local/lib/python3.7/site-packages/airflow/example_dags/example_latest_only.py for tasks to queue
[2023-05-06T09:37:04.952+0000] {logging_mixin.py:149} INFO - [2023-05-06T09:37:04.952+0000] {dagbag.py:541} INFO - Filling up the DagBag from /home/airflow/.local/lib/python3.7/site-packages/airflow/example_dags/example_latest_only.py
[2023-05-06T09:37:04.956+0000] {processor.py:809} INFO - DAG(s) dict_keys(['latest_only']) retrieved from /home/airflow/.local/lib/python3.7/site-packages/airflow/example_dags/example_latest_only.py
[2023-05-06T09:37:04.983+0000] {logging_mixin.py:149} INFO - [2023-05-06T09:37:04.982+0000] {dag.py:2726} INFO - Sync 1 DAGs
[2023-05-06T09:37:05.013+0000] {logging_mixin.py:149} INFO - [2023-05-06T09:37:05.013+0000] {dag.py:3490} INFO - Setting next_dagrun for latest_only to 2023-05-06T05:37:05.012955+00:00, run_after=2023-05-06T09:37:05.012955+00:00
[2023-05-06T09:37:05.037+0000] {processor.py:178} INFO - Processing /home/airflow/.local/lib/python3.7/site-packages/airflow/example_dags/example_latest_only.py took 0.091 seconds
[2023-05-06T09:37:35.442+0000] {processor.py:156} INFO - Started process (PID=496) to work on /home/airflow/.local/lib/python3.7/site-packages/airflow/example_dags/example_latest_only.py
[2023-05-06T09:37:35.443+0000] {processor.py:799} INFO - Processing file /home/airflow/.local/lib/python3.7/site-packages/airflow/example_dags/example_latest_only.py for tasks to queue
[2023-05-06T09:37:35.445+0000] {logging_mixin.py:149} INFO - [2023-05-06T09:37:35.445+0000] {dagbag.py:541} INFO - Filling up the DagBag from /home/airflow/.local/lib/python3.7/site-packages/airflow/example_dags/example_latest_only.py
[2023-05-06T09:37:35.449+0000] {processor.py:809} INFO - DAG(s) dict_keys(['latest_only']) retrieved from /home/airflow/.local/lib/python3.7/site-packages/airflow/example_dags/example_latest_only.py
[2023-05-06T09:37:35.475+0000] {logging_mixin.py:149} INFO - [2023-05-06T09:37:35.474+0000] {dag.py:2726} INFO - Sync 1 DAGs
[2023-05-06T09:37:35.503+0000] {logging_mixin.py:149} INFO - [2023-05-06T09:37:35.503+0000] {dag.py:3490} INFO - Setting next_dagrun for latest_only to 2023-05-06T05:37:35.503339+00:00, run_after=2023-05-06T09:37:35.503339+00:00
[2023-05-06T09:37:35.531+0000] {processor.py:178} INFO - Processing /home/airflow/.local/lib/python3.7/site-packages/airflow/example_dags/example_latest_only.py took 0.091 seconds
[2023-05-06T09:38:06.038+0000] {processor.py:156} INFO - Started process (PID=549) to work on /home/airflow/.local/lib/python3.7/site-packages/airflow/example_dags/example_latest_only.py
[2023-05-06T09:38:06.039+0000] {processor.py:799} INFO - Processing file /home/airflow/.local/lib/python3.7/site-packages/airflow/example_dags/example_latest_only.py for tasks to queue
[2023-05-06T09:38:06.040+0000] {logging_mixin.py:149} INFO - [2023-05-06T09:38:06.040+0000] {dagbag.py:541} INFO - Filling up the DagBag from /home/airflow/.local/lib/python3.7/site-packages/airflow/example_dags/example_latest_only.py
[2023-05-06T09:38:06.044+0000] {processor.py:809} INFO - DAG(s) dict_keys(['latest_only']) retrieved from /home/airflow/.local/lib/python3.7/site-packages/airflow/example_dags/example_latest_only.py
[2023-05-06T09:38:06.068+0000] {logging_mixin.py:149} INFO - [2023-05-06T09:38:06.067+0000] {dag.py:2726} INFO - Sync 1 DAGs
[2023-05-06T09:38:06.097+0000] {logging_mixin.py:149} INFO - [2023-05-06T09:38:06.097+0000] {dag.py:3490} INFO - Setting next_dagrun for latest_only to 2023-05-06T05:38:06.097251+00:00, run_after=2023-05-06T09:38:06.097251+00:00
[2023-05-06T09:38:06.119+0000] {processor.py:178} INFO - Processing /home/airflow/.local/lib/python3.7/site-packages/airflow/example_dags/example_latest_only.py took 0.084 seconds
[2023-05-06T09:38:36.957+0000] {processor.py:156} INFO - Started process (PID=602) to work on /home/airflow/.local/lib/python3.7/site-packages/airflow/example_dags/example_latest_only.py
[2023-05-06T09:38:36.958+0000] {processor.py:799} INFO - Processing file /home/airflow/.local/lib/python3.7/site-packages/airflow/example_dags/example_latest_only.py for tasks to queue
[2023-05-06T09:38:36.960+0000] {logging_mixin.py:149} INFO - [2023-05-06T09:38:36.960+0000] {dagbag.py:541} INFO - Filling up the DagBag from /home/airflow/.local/lib/python3.7/site-packages/airflow/example_dags/example_latest_only.py
[2023-05-06T09:38:36.966+0000] {processor.py:809} INFO - DAG(s) dict_keys(['latest_only']) retrieved from /home/airflow/.local/lib/python3.7/site-packages/airflow/example_dags/example_latest_only.py
[2023-05-06T09:38:36.998+0000] {logging_mixin.py:149} INFO - [2023-05-06T09:38:36.997+0000] {dag.py:2726} INFO - Sync 1 DAGs
[2023-05-06T09:38:37.039+0000] {logging_mixin.py:149} INFO - [2023-05-06T09:38:37.038+0000] {dag.py:3490} INFO - Setting next_dagrun for latest_only to 2023-05-06T05:38:37.038012+00:00, run_after=2023-05-06T09:38:37.038012+00:00
[2023-05-06T09:38:37.075+0000] {processor.py:178} INFO - Processing /home/airflow/.local/lib/python3.7/site-packages/airflow/example_dags/example_latest_only.py took 0.124 seconds
[2023-05-06T09:39:07.491+0000] {processor.py:156} INFO - Started process (PID=656) to work on /home/airflow/.local/lib/python3.7/site-packages/airflow/example_dags/example_latest_only.py
[2023-05-06T09:39:07.498+0000] {processor.py:799} INFO - Processing file /home/airflow/.local/lib/python3.7/site-packages/airflow/example_dags/example_latest_only.py for tasks to queue
[2023-05-06T09:39:07.501+0000] {logging_mixin.py:149} INFO - [2023-05-06T09:39:07.501+0000] {dagbag.py:541} INFO - Filling up the DagBag from /home/airflow/.local/lib/python3.7/site-packages/airflow/example_dags/example_latest_only.py
[2023-05-06T09:39:07.508+0000] {processor.py:809} INFO - DAG(s) dict_keys(['latest_only']) retrieved from /home/airflow/.local/lib/python3.7/site-packages/airflow/example_dags/example_latest_only.py
[2023-05-06T09:39:07.547+0000] {logging_mixin.py:149} INFO - [2023-05-06T09:39:07.546+0000] {dag.py:2726} INFO - Sync 1 DAGs
[2023-05-06T09:39:07.578+0000] {logging_mixin.py:149} INFO - [2023-05-06T09:39:07.578+0000] {dag.py:3490} INFO - Setting next_dagrun for latest_only to 2023-05-06T05:39:07.578433+00:00, run_after=2023-05-06T09:39:07.578433+00:00
[2023-05-06T09:39:07.598+0000] {processor.py:178} INFO - Processing /home/airflow/.local/lib/python3.7/site-packages/airflow/example_dags/example_latest_only.py took 0.112 seconds
[2023-05-06T09:39:38.170+0000] {processor.py:156} INFO - Started process (PID=709) to work on /home/airflow/.local/lib/python3.7/site-packages/airflow/example_dags/example_latest_only.py
[2023-05-06T09:39:38.171+0000] {processor.py:799} INFO - Processing file /home/airflow/.local/lib/python3.7/site-packages/airflow/example_dags/example_latest_only.py for tasks to queue
[2023-05-06T09:39:38.173+0000] {logging_mixin.py:149} INFO - [2023-05-06T09:39:38.173+0000] {dagbag.py:541} INFO - Filling up the DagBag from /home/airflow/.local/lib/python3.7/site-packages/airflow/example_dags/example_latest_only.py
[2023-05-06T09:39:38.178+0000] {processor.py:809} INFO - DAG(s) dict_keys(['latest_only']) retrieved from /home/airflow/.local/lib/python3.7/site-packages/airflow/example_dags/example_latest_only.py
[2023-05-06T09:39:38.202+0000] {logging_mixin.py:149} INFO - [2023-05-06T09:39:38.201+0000] {dag.py:2726} INFO - Sync 1 DAGs
[2023-05-06T09:39:38.230+0000] {logging_mixin.py:149} INFO - [2023-05-06T09:39:38.230+0000] {dag.py:3490} INFO - Setting next_dagrun for latest_only to 2023-05-06T05:39:38.230540+00:00, run_after=2023-05-06T09:39:38.230540+00:00
[2023-05-06T09:39:38.255+0000] {processor.py:178} INFO - Processing /home/airflow/.local/lib/python3.7/site-packages/airflow/example_dags/example_latest_only.py took 0.089 seconds
[2023-05-06T09:40:08.732+0000] {processor.py:156} INFO - Started process (PID=763) to work on /home/airflow/.local/lib/python3.7/site-packages/airflow/example_dags/example_latest_only.py
[2023-05-06T09:40:08.733+0000] {processor.py:799} INFO - Processing file /home/airflow/.local/lib/python3.7/site-packages/airflow/example_dags/example_latest_only.py for tasks to queue
[2023-05-06T09:40:08.735+0000] {logging_mixin.py:149} INFO - [2023-05-06T09:40:08.735+0000] {dagbag.py:541} INFO - Filling up the DagBag from /home/airflow/.local/lib/python3.7/site-packages/airflow/example_dags/example_latest_only.py
[2023-05-06T09:40:08.739+0000] {processor.py:809} INFO - DAG(s) dict_keys(['latest_only']) retrieved from /home/airflow/.local/lib/python3.7/site-packages/airflow/example_dags/example_latest_only.py
[2023-05-06T09:40:08.765+0000] {logging_mixin.py:149} INFO - [2023-05-06T09:40:08.764+0000] {dag.py:2726} INFO - Sync 1 DAGs
[2023-05-06T09:40:08.796+0000] {logging_mixin.py:149} INFO - [2023-05-06T09:40:08.796+0000] {dag.py:3490} INFO - Setting next_dagrun for latest_only to 2023-05-06T05:40:08.796132+00:00, run_after=2023-05-06T09:40:08.796132+00:00
[2023-05-06T09:40:08.819+0000] {processor.py:178} INFO - Processing /home/airflow/.local/lib/python3.7/site-packages/airflow/example_dags/example_latest_only.py took 0.089 seconds
[2023-05-06T09:40:39.316+0000] {processor.py:156} INFO - Started process (PID=816) to work on /home/airflow/.local/lib/python3.7/site-packages/airflow/example_dags/example_latest_only.py
[2023-05-06T09:40:39.317+0000] {processor.py:799} INFO - Processing file /home/airflow/.local/lib/python3.7/site-packages/airflow/example_dags/example_latest_only.py for tasks to queue
[2023-05-06T09:40:39.319+0000] {logging_mixin.py:149} INFO - [2023-05-06T09:40:39.319+0000] {dagbag.py:541} INFO - Filling up the DagBag from /home/airflow/.local/lib/python3.7/site-packages/airflow/example_dags/example_latest_only.py
[2023-05-06T09:40:39.325+0000] {processor.py:809} INFO - DAG(s) dict_keys(['latest_only']) retrieved from /home/airflow/.local/lib/python3.7/site-packages/airflow/example_dags/example_latest_only.py
[2023-05-06T09:40:39.358+0000] {logging_mixin.py:149} INFO - [2023-05-06T09:40:39.357+0000] {dag.py:2726} INFO - Sync 1 DAGs
[2023-05-06T09:40:39.435+0000] {logging_mixin.py:149} INFO - [2023-05-06T09:40:39.434+0000] {dag.py:3490} INFO - Setting next_dagrun for latest_only to 2023-05-06T05:40:39.434126+00:00, run_after=2023-05-06T09:40:39.434126+00:00
[2023-05-06T09:40:39.475+0000] {processor.py:178} INFO - Processing /home/airflow/.local/lib/python3.7/site-packages/airflow/example_dags/example_latest_only.py took 0.162 seconds
[2023-05-06T09:41:09.985+0000] {processor.py:156} INFO - Started process (PID=869) to work on /home/airflow/.local/lib/python3.7/site-packages/airflow/example_dags/example_latest_only.py
[2023-05-06T09:41:09.986+0000] {processor.py:799} INFO - Processing file /home/airflow/.local/lib/python3.7/site-packages/airflow/example_dags/example_latest_only.py for tasks to queue
[2023-05-06T09:41:09.988+0000] {logging_mixin.py:149} INFO - [2023-05-06T09:41:09.988+0000] {dagbag.py:541} INFO - Filling up the DagBag from /home/airflow/.local/lib/python3.7/site-packages/airflow/example_dags/example_latest_only.py
[2023-05-06T09:41:09.996+0000] {processor.py:809} INFO - DAG(s) dict_keys(['latest_only']) retrieved from /home/airflow/.local/lib/python3.7/site-packages/airflow/example_dags/example_latest_only.py
[2023-05-06T09:41:10.030+0000] {logging_mixin.py:149} INFO - [2023-05-06T09:41:10.029+0000] {dag.py:2726} INFO - Sync 1 DAGs
[2023-05-06T09:41:10.058+0000] {logging_mixin.py:149} INFO - [2023-05-06T09:41:10.057+0000] {dag.py:3490} INFO - Setting next_dagrun for latest_only to 2023-05-06T05:41:10.057633+00:00, run_after=2023-05-06T09:41:10.057633+00:00
[2023-05-06T09:41:10.081+0000] {processor.py:178} INFO - Processing /home/airflow/.local/lib/python3.7/site-packages/airflow/example_dags/example_latest_only.py took 0.100 seconds
[2023-05-06T09:41:41.148+0000] {processor.py:156} INFO - Started process (PID=924) to work on /home/airflow/.local/lib/python3.7/site-packages/airflow/example_dags/example_latest_only.py
[2023-05-06T09:41:41.149+0000] {processor.py:799} INFO - Processing file /home/airflow/.local/lib/python3.7/site-packages/airflow/example_dags/example_latest_only.py for tasks to queue
[2023-05-06T09:41:41.152+0000] {logging_mixin.py:149} INFO - [2023-05-06T09:41:41.152+0000] {dagbag.py:541} INFO - Filling up the DagBag from /home/airflow/.local/lib/python3.7/site-packages/airflow/example_dags/example_latest_only.py
[2023-05-06T09:41:41.157+0000] {processor.py:809} INFO - DAG(s) dict_keys(['latest_only']) retrieved from /home/airflow/.local/lib/python3.7/site-packages/airflow/example_dags/example_latest_only.py
[2023-05-06T09:41:41.198+0000] {logging_mixin.py:149} INFO - [2023-05-06T09:41:41.198+0000] {dag.py:2726} INFO - Sync 1 DAGs
[2023-05-06T09:41:41.255+0000] {logging_mixin.py:149} INFO - [2023-05-06T09:41:41.255+0000] {dag.py:3490} INFO - Setting next_dagrun for latest_only to 2023-05-06T05:41:41.254652+00:00, run_after=2023-05-06T09:41:41.254652+00:00
[2023-05-06T09:41:41.288+0000] {processor.py:178} INFO - Processing /home/airflow/.local/lib/python3.7/site-packages/airflow/example_dags/example_latest_only.py took 0.145 seconds
[2023-05-06T09:42:12.171+0000] {processor.py:156} INFO - Started process (PID=977) to work on /home/airflow/.local/lib/python3.7/site-packages/airflow/example_dags/example_latest_only.py
[2023-05-06T09:42:12.172+0000] {processor.py:799} INFO - Processing file /home/airflow/.local/lib/python3.7/site-packages/airflow/example_dags/example_latest_only.py for tasks to queue
[2023-05-06T09:42:12.175+0000] {logging_mixin.py:149} INFO - [2023-05-06T09:42:12.175+0000] {dagbag.py:541} INFO - Filling up the DagBag from /home/airflow/.local/lib/python3.7/site-packages/airflow/example_dags/example_latest_only.py
[2023-05-06T09:42:12.180+0000] {processor.py:809} INFO - DAG(s) dict_keys(['latest_only']) retrieved from /home/airflow/.local/lib/python3.7/site-packages/airflow/example_dags/example_latest_only.py
[2023-05-06T09:42:12.211+0000] {logging_mixin.py:149} INFO - [2023-05-06T09:42:12.211+0000] {dag.py:2726} INFO - Sync 1 DAGs
[2023-05-06T09:42:12.248+0000] {logging_mixin.py:149} INFO - [2023-05-06T09:42:12.248+0000] {dag.py:3490} INFO - Setting next_dagrun for latest_only to 2023-05-06T05:42:12.247730+00:00, run_after=2023-05-06T09:42:12.247730+00:00
[2023-05-06T09:42:12.280+0000] {processor.py:178} INFO - Processing /home/airflow/.local/lib/python3.7/site-packages/airflow/example_dags/example_latest_only.py took 0.113 seconds
[2023-05-06T09:42:42.519+0000] {processor.py:156} INFO - Started process (PID=1030) to work on /home/airflow/.local/lib/python3.7/site-packages/airflow/example_dags/example_latest_only.py
[2023-05-06T09:42:42.520+0000] {processor.py:799} INFO - Processing file /home/airflow/.local/lib/python3.7/site-packages/airflow/example_dags/example_latest_only.py for tasks to queue
[2023-05-06T09:42:42.522+0000] {logging_mixin.py:149} INFO - [2023-05-06T09:42:42.522+0000] {dagbag.py:541} INFO - Filling up the DagBag from /home/airflow/.local/lib/python3.7/site-packages/airflow/example_dags/example_latest_only.py
[2023-05-06T09:42:42.526+0000] {processor.py:809} INFO - DAG(s) dict_keys(['latest_only']) retrieved from /home/airflow/.local/lib/python3.7/site-packages/airflow/example_dags/example_latest_only.py
[2023-05-06T09:42:42.552+0000] {logging_mixin.py:149} INFO - [2023-05-06T09:42:42.551+0000] {dag.py:2726} INFO - Sync 1 DAGs
[2023-05-06T09:42:42.580+0000] {logging_mixin.py:149} INFO - [2023-05-06T09:42:42.580+0000] {dag.py:3490} INFO - Setting next_dagrun for latest_only to 2023-05-06T05:42:42.580296+00:00, run_after=2023-05-06T09:42:42.580296+00:00
[2023-05-06T09:42:42.614+0000] {processor.py:178} INFO - Processing /home/airflow/.local/lib/python3.7/site-packages/airflow/example_dags/example_latest_only.py took 0.097 seconds
[2023-05-06T09:43:13.059+0000] {processor.py:156} INFO - Started process (PID=1091) to work on /home/airflow/.local/lib/python3.7/site-packages/airflow/example_dags/example_latest_only.py
[2023-05-06T09:43:13.060+0000] {processor.py:799} INFO - Processing file /home/airflow/.local/lib/python3.7/site-packages/airflow/example_dags/example_latest_only.py for tasks to queue
[2023-05-06T09:43:13.062+0000] {logging_mixin.py:149} INFO - [2023-05-06T09:43:13.062+0000] {dagbag.py:541} INFO - Filling up the DagBag from /home/airflow/.local/lib/python3.7/site-packages/airflow/example_dags/example_latest_only.py
[2023-05-06T09:43:13.066+0000] {processor.py:809} INFO - DAG(s) dict_keys(['latest_only']) retrieved from /home/airflow/.local/lib/python3.7/site-packages/airflow/example_dags/example_latest_only.py
[2023-05-06T09:43:13.092+0000] {logging_mixin.py:149} INFO - [2023-05-06T09:43:13.091+0000] {dag.py:2726} INFO - Sync 1 DAGs
[2023-05-06T09:43:13.122+0000] {logging_mixin.py:149} INFO - [2023-05-06T09:43:13.122+0000] {dag.py:3490} INFO - Setting next_dagrun for latest_only to 2023-05-06T05:43:13.121969+00:00, run_after=2023-05-06T09:43:13.121969+00:00
[2023-05-06T09:43:13.148+0000] {processor.py:178} INFO - Processing /home/airflow/.local/lib/python3.7/site-packages/airflow/example_dags/example_latest_only.py took 0.092 seconds
[2023-05-06T09:43:43.816+0000] {processor.py:156} INFO - Started process (PID=1145) to work on /home/airflow/.local/lib/python3.7/site-packages/airflow/example_dags/example_latest_only.py
[2023-05-06T09:43:43.817+0000] {processor.py:799} INFO - Processing file /home/airflow/.local/lib/python3.7/site-packages/airflow/example_dags/example_latest_only.py for tasks to queue
[2023-05-06T09:43:43.819+0000] {logging_mixin.py:149} INFO - [2023-05-06T09:43:43.819+0000] {dagbag.py:541} INFO - Filling up the DagBag from /home/airflow/.local/lib/python3.7/site-packages/airflow/example_dags/example_latest_only.py
[2023-05-06T09:43:43.824+0000] {processor.py:809} INFO - DAG(s) dict_keys(['latest_only']) retrieved from /home/airflow/.local/lib/python3.7/site-packages/airflow/example_dags/example_latest_only.py
[2023-05-06T09:43:43.858+0000] {logging_mixin.py:149} INFO - [2023-05-06T09:43:43.857+0000] {dag.py:2726} INFO - Sync 1 DAGs
[2023-05-06T09:43:43.898+0000] {logging_mixin.py:149} INFO - [2023-05-06T09:43:43.898+0000] {dag.py:3490} INFO - Setting next_dagrun for latest_only to 2023-05-06T05:43:43.897897+00:00, run_after=2023-05-06T09:43:43.897897+00:00
[2023-05-06T09:43:43.930+0000] {processor.py:178} INFO - Processing /home/airflow/.local/lib/python3.7/site-packages/airflow/example_dags/example_latest_only.py took 0.120 seconds
