[2023-05-06T09:33:26.188+0000] {processor.py:156} INFO - Started process (PID=51) to work on /home/airflow/.local/lib/python3.7/site-packages/airflow/example_dags/example_skip_dag.py
[2023-05-06T09:33:26.189+0000] {processor.py:799} INFO - Processing file /home/airflow/.local/lib/python3.7/site-packages/airflow/example_dags/example_skip_dag.py for tasks to queue
[2023-05-06T09:33:26.194+0000] {logging_mixin.py:149} INFO - [2023-05-06T09:33:26.193+0000] {dagbag.py:541} INFO - Filling up the DagBag from /home/airflow/.local/lib/python3.7/site-packages/airflow/example_dags/example_skip_dag.py
[2023-05-06T09:33:26.208+0000] {processor.py:809} INFO - DAG(s) dict_keys(['example_skip_dag']) retrieved from /home/airflow/.local/lib/python3.7/site-packages/airflow/example_dags/example_skip_dag.py
[2023-05-06T09:33:26.227+0000] {logging_mixin.py:149} INFO - [2023-05-06T09:33:26.226+0000] {dag.py:2726} INFO - Sync 1 DAGs
[2023-05-06T09:33:26.274+0000] {logging_mixin.py:149} INFO - [2023-05-06T09:33:26.274+0000] {dag.py:3490} INFO - Setting next_dagrun for example_skip_dag to 2023-05-05T09:33:26.274117+00:00, run_after=2023-05-06T09:33:26.274117+00:00
[2023-05-06T09:33:26.308+0000] {processor.py:178} INFO - Processing /home/airflow/.local/lib/python3.7/site-packages/airflow/example_dags/example_skip_dag.py took 0.126 seconds
[2023-05-06T09:33:56.435+0000] {processor.py:156} INFO - Started process (PID=104) to work on /home/airflow/.local/lib/python3.7/site-packages/airflow/example_dags/example_skip_dag.py
[2023-05-06T09:33:56.436+0000] {processor.py:799} INFO - Processing file /home/airflow/.local/lib/python3.7/site-packages/airflow/example_dags/example_skip_dag.py for tasks to queue
[2023-05-06T09:33:56.438+0000] {logging_mixin.py:149} INFO - [2023-05-06T09:33:56.437+0000] {dagbag.py:541} INFO - Filling up the DagBag from /home/airflow/.local/lib/python3.7/site-packages/airflow/example_dags/example_skip_dag.py
[2023-05-06T09:33:56.444+0000] {processor.py:809} INFO - DAG(s) dict_keys(['example_skip_dag']) retrieved from /home/airflow/.local/lib/python3.7/site-packages/airflow/example_dags/example_skip_dag.py
[2023-05-06T09:33:56.458+0000] {logging_mixin.py:149} INFO - [2023-05-06T09:33:56.457+0000] {dag.py:2726} INFO - Sync 1 DAGs
[2023-05-06T09:33:56.494+0000] {logging_mixin.py:149} INFO - [2023-05-06T09:33:56.494+0000] {dag.py:3490} INFO - Setting next_dagrun for example_skip_dag to 2023-05-05T09:33:56.494586+00:00, run_after=2023-05-06T09:33:56.494586+00:00
[2023-05-06T09:33:56.515+0000] {processor.py:178} INFO - Processing /home/airflow/.local/lib/python3.7/site-packages/airflow/example_dags/example_skip_dag.py took 0.083 seconds
[2023-05-06T09:34:27.536+0000] {processor.py:156} INFO - Started process (PID=157) to work on /home/airflow/.local/lib/python3.7/site-packages/airflow/example_dags/example_skip_dag.py
[2023-05-06T09:34:27.537+0000] {processor.py:799} INFO - Processing file /home/airflow/.local/lib/python3.7/site-packages/airflow/example_dags/example_skip_dag.py for tasks to queue
[2023-05-06T09:34:27.540+0000] {logging_mixin.py:149} INFO - [2023-05-06T09:34:27.540+0000] {dagbag.py:541} INFO - Filling up the DagBag from /home/airflow/.local/lib/python3.7/site-packages/airflow/example_dags/example_skip_dag.py
[2023-05-06T09:34:27.547+0000] {processor.py:809} INFO - DAG(s) dict_keys(['example_skip_dag']) retrieved from /home/airflow/.local/lib/python3.7/site-packages/airflow/example_dags/example_skip_dag.py
[2023-05-06T09:34:27.562+0000] {logging_mixin.py:149} INFO - [2023-05-06T09:34:27.561+0000] {dag.py:2726} INFO - Sync 1 DAGs
[2023-05-06T09:34:27.600+0000] {logging_mixin.py:149} INFO - [2023-05-06T09:34:27.599+0000] {dag.py:3490} INFO - Setting next_dagrun for example_skip_dag to 2023-05-05T09:34:27.599729+00:00, run_after=2023-05-06T09:34:27.599729+00:00
[2023-05-06T09:34:27.630+0000] {processor.py:178} INFO - Processing /home/airflow/.local/lib/python3.7/site-packages/airflow/example_dags/example_skip_dag.py took 0.097 seconds
[2023-05-06T09:34:58.183+0000] {processor.py:156} INFO - Started process (PID=210) to work on /home/airflow/.local/lib/python3.7/site-packages/airflow/example_dags/example_skip_dag.py
[2023-05-06T09:34:58.186+0000] {processor.py:799} INFO - Processing file /home/airflow/.local/lib/python3.7/site-packages/airflow/example_dags/example_skip_dag.py for tasks to queue
[2023-05-06T09:34:58.188+0000] {logging_mixin.py:149} INFO - [2023-05-06T09:34:58.187+0000] {dagbag.py:541} INFO - Filling up the DagBag from /home/airflow/.local/lib/python3.7/site-packages/airflow/example_dags/example_skip_dag.py
[2023-05-06T09:34:58.194+0000] {processor.py:809} INFO - DAG(s) dict_keys(['example_skip_dag']) retrieved from /home/airflow/.local/lib/python3.7/site-packages/airflow/example_dags/example_skip_dag.py
[2023-05-06T09:34:58.221+0000] {logging_mixin.py:149} INFO - [2023-05-06T09:34:58.221+0000] {dag.py:2726} INFO - Sync 1 DAGs
[2023-05-06T09:34:58.254+0000] {logging_mixin.py:149} INFO - [2023-05-06T09:34:58.253+0000] {dag.py:3490} INFO - Setting next_dagrun for example_skip_dag to 2023-05-05T09:34:58.253695+00:00, run_after=2023-05-06T09:34:58.253695+00:00
[2023-05-06T09:34:58.283+0000] {processor.py:178} INFO - Processing /home/airflow/.local/lib/python3.7/site-packages/airflow/example_dags/example_skip_dag.py took 0.103 seconds
[2023-05-06T09:35:28.897+0000] {processor.py:156} INFO - Started process (PID=263) to work on /home/airflow/.local/lib/python3.7/site-packages/airflow/example_dags/example_skip_dag.py
[2023-05-06T09:35:28.898+0000] {processor.py:799} INFO - Processing file /home/airflow/.local/lib/python3.7/site-packages/airflow/example_dags/example_skip_dag.py for tasks to queue
[2023-05-06T09:35:28.900+0000] {logging_mixin.py:149} INFO - [2023-05-06T09:35:28.900+0000] {dagbag.py:541} INFO - Filling up the DagBag from /home/airflow/.local/lib/python3.7/site-packages/airflow/example_dags/example_skip_dag.py
[2023-05-06T09:35:28.906+0000] {processor.py:809} INFO - DAG(s) dict_keys(['example_skip_dag']) retrieved from /home/airflow/.local/lib/python3.7/site-packages/airflow/example_dags/example_skip_dag.py
[2023-05-06T09:35:28.935+0000] {logging_mixin.py:149} INFO - [2023-05-06T09:35:28.934+0000] {dag.py:2726} INFO - Sync 1 DAGs
[2023-05-06T09:35:28.967+0000] {logging_mixin.py:149} INFO - [2023-05-06T09:35:28.967+0000] {dag.py:3490} INFO - Setting next_dagrun for example_skip_dag to 2023-05-05T09:35:28.966857+00:00, run_after=2023-05-06T09:35:28.966857+00:00
[2023-05-06T09:35:28.989+0000] {processor.py:178} INFO - Processing /home/airflow/.local/lib/python3.7/site-packages/airflow/example_dags/example_skip_dag.py took 0.095 seconds
[2023-05-06T09:35:59.170+0000] {processor.py:156} INFO - Started process (PID=316) to work on /home/airflow/.local/lib/python3.7/site-packages/airflow/example_dags/example_skip_dag.py
[2023-05-06T09:35:59.171+0000] {processor.py:799} INFO - Processing file /home/airflow/.local/lib/python3.7/site-packages/airflow/example_dags/example_skip_dag.py for tasks to queue
[2023-05-06T09:35:59.173+0000] {logging_mixin.py:149} INFO - [2023-05-06T09:35:59.173+0000] {dagbag.py:541} INFO - Filling up the DagBag from /home/airflow/.local/lib/python3.7/site-packages/airflow/example_dags/example_skip_dag.py
[2023-05-06T09:35:59.179+0000] {processor.py:809} INFO - DAG(s) dict_keys(['example_skip_dag']) retrieved from /home/airflow/.local/lib/python3.7/site-packages/airflow/example_dags/example_skip_dag.py
[2023-05-06T09:35:59.204+0000] {logging_mixin.py:149} INFO - [2023-05-06T09:35:59.204+0000] {dag.py:2726} INFO - Sync 1 DAGs
[2023-05-06T09:35:59.234+0000] {logging_mixin.py:149} INFO - [2023-05-06T09:35:59.234+0000] {dag.py:3490} INFO - Setting next_dagrun for example_skip_dag to 2023-05-05T09:35:59.233825+00:00, run_after=2023-05-06T09:35:59.233825+00:00
[2023-05-06T09:35:59.262+0000] {processor.py:178} INFO - Processing /home/airflow/.local/lib/python3.7/site-packages/airflow/example_dags/example_skip_dag.py took 0.095 seconds
[2023-05-06T09:36:29.673+0000] {processor.py:156} INFO - Started process (PID=370) to work on /home/airflow/.local/lib/python3.7/site-packages/airflow/example_dags/example_skip_dag.py
[2023-05-06T09:36:29.674+0000] {processor.py:799} INFO - Processing file /home/airflow/.local/lib/python3.7/site-packages/airflow/example_dags/example_skip_dag.py for tasks to queue
[2023-05-06T09:36:29.676+0000] {logging_mixin.py:149} INFO - [2023-05-06T09:36:29.676+0000] {dagbag.py:541} INFO - Filling up the DagBag from /home/airflow/.local/lib/python3.7/site-packages/airflow/example_dags/example_skip_dag.py
[2023-05-06T09:36:29.682+0000] {processor.py:809} INFO - DAG(s) dict_keys(['example_skip_dag']) retrieved from /home/airflow/.local/lib/python3.7/site-packages/airflow/example_dags/example_skip_dag.py
[2023-05-06T09:36:29.695+0000] {logging_mixin.py:149} INFO - [2023-05-06T09:36:29.694+0000] {dag.py:2726} INFO - Sync 1 DAGs
[2023-05-06T09:36:29.728+0000] {logging_mixin.py:149} INFO - [2023-05-06T09:36:29.728+0000] {dag.py:3490} INFO - Setting next_dagrun for example_skip_dag to 2023-05-05T09:36:29.728310+00:00, run_after=2023-05-06T09:36:29.728310+00:00
[2023-05-06T09:36:29.749+0000] {processor.py:178} INFO - Processing /home/airflow/.local/lib/python3.7/site-packages/airflow/example_dags/example_skip_dag.py took 0.079 seconds
[2023-05-06T09:37:00.202+0000] {processor.py:156} INFO - Started process (PID=423) to work on /home/airflow/.local/lib/python3.7/site-packages/airflow/example_dags/example_skip_dag.py
[2023-05-06T09:37:00.203+0000] {processor.py:799} INFO - Processing file /home/airflow/.local/lib/python3.7/site-packages/airflow/example_dags/example_skip_dag.py for tasks to queue
[2023-05-06T09:37:00.204+0000] {logging_mixin.py:149} INFO - [2023-05-06T09:37:00.204+0000] {dagbag.py:541} INFO - Filling up the DagBag from /home/airflow/.local/lib/python3.7/site-packages/airflow/example_dags/example_skip_dag.py
[2023-05-06T09:37:00.210+0000] {processor.py:809} INFO - DAG(s) dict_keys(['example_skip_dag']) retrieved from /home/airflow/.local/lib/python3.7/site-packages/airflow/example_dags/example_skip_dag.py
[2023-05-06T09:37:00.236+0000] {logging_mixin.py:149} INFO - [2023-05-06T09:37:00.236+0000] {dag.py:2726} INFO - Sync 1 DAGs
[2023-05-06T09:37:00.272+0000] {logging_mixin.py:149} INFO - [2023-05-06T09:37:00.272+0000] {dag.py:3490} INFO - Setting next_dagrun for example_skip_dag to 2023-05-05T09:37:00.272186+00:00, run_after=2023-05-06T09:37:00.272186+00:00
[2023-05-06T09:37:00.301+0000] {processor.py:178} INFO - Processing /home/airflow/.local/lib/python3.7/site-packages/airflow/example_dags/example_skip_dag.py took 0.102 seconds
[2023-05-06T09:37:30.922+0000] {processor.py:156} INFO - Started process (PID=476) to work on /home/airflow/.local/lib/python3.7/site-packages/airflow/example_dags/example_skip_dag.py
[2023-05-06T09:37:30.928+0000] {processor.py:799} INFO - Processing file /home/airflow/.local/lib/python3.7/site-packages/airflow/example_dags/example_skip_dag.py for tasks to queue
[2023-05-06T09:37:30.930+0000] {logging_mixin.py:149} INFO - [2023-05-06T09:37:30.930+0000] {dagbag.py:541} INFO - Filling up the DagBag from /home/airflow/.local/lib/python3.7/site-packages/airflow/example_dags/example_skip_dag.py
[2023-05-06T09:37:30.937+0000] {processor.py:809} INFO - DAG(s) dict_keys(['example_skip_dag']) retrieved from /home/airflow/.local/lib/python3.7/site-packages/airflow/example_dags/example_skip_dag.py
[2023-05-06T09:37:30.971+0000] {logging_mixin.py:149} INFO - [2023-05-06T09:37:30.970+0000] {dag.py:2726} INFO - Sync 1 DAGs
[2023-05-06T09:37:31.015+0000] {logging_mixin.py:149} INFO - [2023-05-06T09:37:31.015+0000] {dag.py:3490} INFO - Setting next_dagrun for example_skip_dag to 2023-05-05T09:37:31.014904+00:00, run_after=2023-05-06T09:37:31.014904+00:00
[2023-05-06T09:37:31.049+0000] {processor.py:178} INFO - Processing /home/airflow/.local/lib/python3.7/site-packages/airflow/example_dags/example_skip_dag.py took 0.130 seconds
[2023-05-06T09:38:01.295+0000] {processor.py:156} INFO - Started process (PID=529) to work on /home/airflow/.local/lib/python3.7/site-packages/airflow/example_dags/example_skip_dag.py
[2023-05-06T09:38:01.296+0000] {processor.py:799} INFO - Processing file /home/airflow/.local/lib/python3.7/site-packages/airflow/example_dags/example_skip_dag.py for tasks to queue
[2023-05-06T09:38:01.298+0000] {logging_mixin.py:149} INFO - [2023-05-06T09:38:01.298+0000] {dagbag.py:541} INFO - Filling up the DagBag from /home/airflow/.local/lib/python3.7/site-packages/airflow/example_dags/example_skip_dag.py
[2023-05-06T09:38:01.304+0000] {processor.py:809} INFO - DAG(s) dict_keys(['example_skip_dag']) retrieved from /home/airflow/.local/lib/python3.7/site-packages/airflow/example_dags/example_skip_dag.py
[2023-05-06T09:38:01.329+0000] {logging_mixin.py:149} INFO - [2023-05-06T09:38:01.329+0000] {dag.py:2726} INFO - Sync 1 DAGs
[2023-05-06T09:38:01.358+0000] {logging_mixin.py:149} INFO - [2023-05-06T09:38:01.357+0000] {dag.py:3490} INFO - Setting next_dagrun for example_skip_dag to 2023-05-05T09:38:01.357638+00:00, run_after=2023-05-06T09:38:01.357638+00:00
[2023-05-06T09:38:01.382+0000] {processor.py:178} INFO - Processing /home/airflow/.local/lib/python3.7/site-packages/airflow/example_dags/example_skip_dag.py took 0.089 seconds
[2023-05-06T09:38:32.032+0000] {processor.py:156} INFO - Started process (PID=582) to work on /home/airflow/.local/lib/python3.7/site-packages/airflow/example_dags/example_skip_dag.py
[2023-05-06T09:38:32.033+0000] {processor.py:799} INFO - Processing file /home/airflow/.local/lib/python3.7/site-packages/airflow/example_dags/example_skip_dag.py for tasks to queue
[2023-05-06T09:38:32.035+0000] {logging_mixin.py:149} INFO - [2023-05-06T09:38:32.035+0000] {dagbag.py:541} INFO - Filling up the DagBag from /home/airflow/.local/lib/python3.7/site-packages/airflow/example_dags/example_skip_dag.py
[2023-05-06T09:38:32.043+0000] {processor.py:809} INFO - DAG(s) dict_keys(['example_skip_dag']) retrieved from /home/airflow/.local/lib/python3.7/site-packages/airflow/example_dags/example_skip_dag.py
[2023-05-06T09:38:32.072+0000] {logging_mixin.py:149} INFO - [2023-05-06T09:38:32.071+0000] {dag.py:2726} INFO - Sync 1 DAGs
[2023-05-06T09:38:32.111+0000] {logging_mixin.py:149} INFO - [2023-05-06T09:38:32.111+0000] {dag.py:3490} INFO - Setting next_dagrun for example_skip_dag to 2023-05-05T09:38:32.111077+00:00, run_after=2023-05-06T09:38:32.111077+00:00
[2023-05-06T09:38:32.143+0000] {processor.py:178} INFO - Processing /home/airflow/.local/lib/python3.7/site-packages/airflow/example_dags/example_skip_dag.py took 0.114 seconds
[2023-05-06T09:39:03.681+0000] {processor.py:156} INFO - Started process (PID=636) to work on /home/airflow/.local/lib/python3.7/site-packages/airflow/example_dags/example_skip_dag.py
[2023-05-06T09:39:03.682+0000] {processor.py:799} INFO - Processing file /home/airflow/.local/lib/python3.7/site-packages/airflow/example_dags/example_skip_dag.py for tasks to queue
[2023-05-06T09:39:03.684+0000] {logging_mixin.py:149} INFO - [2023-05-06T09:39:03.684+0000] {dagbag.py:541} INFO - Filling up the DagBag from /home/airflow/.local/lib/python3.7/site-packages/airflow/example_dags/example_skip_dag.py
[2023-05-06T09:39:03.690+0000] {processor.py:809} INFO - DAG(s) dict_keys(['example_skip_dag']) retrieved from /home/airflow/.local/lib/python3.7/site-packages/airflow/example_dags/example_skip_dag.py
[2023-05-06T09:39:03.717+0000] {logging_mixin.py:149} INFO - [2023-05-06T09:39:03.716+0000] {dag.py:2726} INFO - Sync 1 DAGs
[2023-05-06T09:39:03.746+0000] {logging_mixin.py:149} INFO - [2023-05-06T09:39:03.746+0000] {dag.py:3490} INFO - Setting next_dagrun for example_skip_dag to 2023-05-05T09:39:03.746045+00:00, run_after=2023-05-06T09:39:03.746045+00:00
[2023-05-06T09:39:03.768+0000] {processor.py:178} INFO - Processing /home/airflow/.local/lib/python3.7/site-packages/airflow/example_dags/example_skip_dag.py took 0.090 seconds
[2023-05-06T09:39:34.502+0000] {processor.py:156} INFO - Started process (PID=689) to work on /home/airflow/.local/lib/python3.7/site-packages/airflow/example_dags/example_skip_dag.py
[2023-05-06T09:39:34.502+0000] {processor.py:799} INFO - Processing file /home/airflow/.local/lib/python3.7/site-packages/airflow/example_dags/example_skip_dag.py for tasks to queue
[2023-05-06T09:39:34.504+0000] {logging_mixin.py:149} INFO - [2023-05-06T09:39:34.504+0000] {dagbag.py:541} INFO - Filling up the DagBag from /home/airflow/.local/lib/python3.7/site-packages/airflow/example_dags/example_skip_dag.py
[2023-05-06T09:39:34.510+0000] {processor.py:809} INFO - DAG(s) dict_keys(['example_skip_dag']) retrieved from /home/airflow/.local/lib/python3.7/site-packages/airflow/example_dags/example_skip_dag.py
[2023-05-06T09:39:34.535+0000] {logging_mixin.py:149} INFO - [2023-05-06T09:39:34.534+0000] {dag.py:2726} INFO - Sync 1 DAGs
[2023-05-06T09:39:34.571+0000] {logging_mixin.py:149} INFO - [2023-05-06T09:39:34.571+0000] {dag.py:3490} INFO - Setting next_dagrun for example_skip_dag to 2023-05-05T09:39:34.570709+00:00, run_after=2023-05-06T09:39:34.570709+00:00
[2023-05-06T09:39:34.603+0000] {processor.py:178} INFO - Processing /home/airflow/.local/lib/python3.7/site-packages/airflow/example_dags/example_skip_dag.py took 0.104 seconds
[2023-05-06T09:40:05.218+0000] {processor.py:156} INFO - Started process (PID=742) to work on /home/airflow/.local/lib/python3.7/site-packages/airflow/example_dags/example_skip_dag.py
[2023-05-06T09:40:05.219+0000] {processor.py:799} INFO - Processing file /home/airflow/.local/lib/python3.7/site-packages/airflow/example_dags/example_skip_dag.py for tasks to queue
[2023-05-06T09:40:05.221+0000] {logging_mixin.py:149} INFO - [2023-05-06T09:40:05.221+0000] {dagbag.py:541} INFO - Filling up the DagBag from /home/airflow/.local/lib/python3.7/site-packages/airflow/example_dags/example_skip_dag.py
[2023-05-06T09:40:05.227+0000] {processor.py:809} INFO - DAG(s) dict_keys(['example_skip_dag']) retrieved from /home/airflow/.local/lib/python3.7/site-packages/airflow/example_dags/example_skip_dag.py
[2023-05-06T09:40:05.251+0000] {logging_mixin.py:149} INFO - [2023-05-06T09:40:05.250+0000] {dag.py:2726} INFO - Sync 1 DAGs
[2023-05-06T09:40:05.279+0000] {logging_mixin.py:149} INFO - [2023-05-06T09:40:05.279+0000] {dag.py:3490} INFO - Setting next_dagrun for example_skip_dag to 2023-05-05T09:40:05.278862+00:00, run_after=2023-05-06T09:40:05.278862+00:00
[2023-05-06T09:40:05.305+0000] {processor.py:178} INFO - Processing /home/airflow/.local/lib/python3.7/site-packages/airflow/example_dags/example_skip_dag.py took 0.090 seconds
[2023-05-06T09:40:35.857+0000] {processor.py:156} INFO - Started process (PID=795) to work on /home/airflow/.local/lib/python3.7/site-packages/airflow/example_dags/example_skip_dag.py
[2023-05-06T09:40:35.858+0000] {processor.py:799} INFO - Processing file /home/airflow/.local/lib/python3.7/site-packages/airflow/example_dags/example_skip_dag.py for tasks to queue
[2023-05-06T09:40:35.860+0000] {logging_mixin.py:149} INFO - [2023-05-06T09:40:35.860+0000] {dagbag.py:541} INFO - Filling up the DagBag from /home/airflow/.local/lib/python3.7/site-packages/airflow/example_dags/example_skip_dag.py
[2023-05-06T09:40:35.865+0000] {processor.py:809} INFO - DAG(s) dict_keys(['example_skip_dag']) retrieved from /home/airflow/.local/lib/python3.7/site-packages/airflow/example_dags/example_skip_dag.py
[2023-05-06T09:40:35.895+0000] {logging_mixin.py:149} INFO - [2023-05-06T09:40:35.894+0000] {dag.py:2726} INFO - Sync 1 DAGs
[2023-05-06T09:40:35.927+0000] {logging_mixin.py:149} INFO - [2023-05-06T09:40:35.927+0000] {dag.py:3490} INFO - Setting next_dagrun for example_skip_dag to 2023-05-05T09:40:35.927492+00:00, run_after=2023-05-06T09:40:35.927492+00:00
[2023-05-06T09:40:35.948+0000] {processor.py:178} INFO - Processing /home/airflow/.local/lib/python3.7/site-packages/airflow/example_dags/example_skip_dag.py took 0.094 seconds
[2023-05-06T09:41:06.327+0000] {processor.py:156} INFO - Started process (PID=849) to work on /home/airflow/.local/lib/python3.7/site-packages/airflow/example_dags/example_skip_dag.py
[2023-05-06T09:41:06.328+0000] {processor.py:799} INFO - Processing file /home/airflow/.local/lib/python3.7/site-packages/airflow/example_dags/example_skip_dag.py for tasks to queue
[2023-05-06T09:41:06.330+0000] {logging_mixin.py:149} INFO - [2023-05-06T09:41:06.330+0000] {dagbag.py:541} INFO - Filling up the DagBag from /home/airflow/.local/lib/python3.7/site-packages/airflow/example_dags/example_skip_dag.py
[2023-05-06T09:41:06.336+0000] {processor.py:809} INFO - DAG(s) dict_keys(['example_skip_dag']) retrieved from /home/airflow/.local/lib/python3.7/site-packages/airflow/example_dags/example_skip_dag.py
[2023-05-06T09:41:06.363+0000] {logging_mixin.py:149} INFO - [2023-05-06T09:41:06.362+0000] {dag.py:2726} INFO - Sync 1 DAGs
[2023-05-06T09:41:06.397+0000] {logging_mixin.py:149} INFO - [2023-05-06T09:41:06.397+0000] {dag.py:3490} INFO - Setting next_dagrun for example_skip_dag to 2023-05-05T09:41:06.396935+00:00, run_after=2023-05-06T09:41:06.396935+00:00
[2023-05-06T09:41:06.418+0000] {processor.py:178} INFO - Processing /home/airflow/.local/lib/python3.7/site-packages/airflow/example_dags/example_skip_dag.py took 0.093 seconds
[2023-05-06T09:41:36.763+0000] {processor.py:156} INFO - Started process (PID=904) to work on /home/airflow/.local/lib/python3.7/site-packages/airflow/example_dags/example_skip_dag.py
[2023-05-06T09:41:36.765+0000] {processor.py:799} INFO - Processing file /home/airflow/.local/lib/python3.7/site-packages/airflow/example_dags/example_skip_dag.py for tasks to queue
[2023-05-06T09:41:36.769+0000] {logging_mixin.py:149} INFO - [2023-05-06T09:41:36.769+0000] {dagbag.py:541} INFO - Filling up the DagBag from /home/airflow/.local/lib/python3.7/site-packages/airflow/example_dags/example_skip_dag.py
[2023-05-06T09:41:36.782+0000] {processor.py:809} INFO - DAG(s) dict_keys(['example_skip_dag']) retrieved from /home/airflow/.local/lib/python3.7/site-packages/airflow/example_dags/example_skip_dag.py
[2023-05-06T09:41:36.842+0000] {logging_mixin.py:149} INFO - [2023-05-06T09:41:36.841+0000] {dag.py:2726} INFO - Sync 1 DAGs
[2023-05-06T09:41:36.914+0000] {logging_mixin.py:149} INFO - [2023-05-06T09:41:36.913+0000] {dag.py:3490} INFO - Setting next_dagrun for example_skip_dag to 2023-05-05T09:41:36.913155+00:00, run_after=2023-05-06T09:41:36.913155+00:00
[2023-05-06T09:41:36.970+0000] {processor.py:178} INFO - Processing /home/airflow/.local/lib/python3.7/site-packages/airflow/example_dags/example_skip_dag.py took 0.215 seconds
[2023-05-06T09:42:07.606+0000] {processor.py:156} INFO - Started process (PID=957) to work on /home/airflow/.local/lib/python3.7/site-packages/airflow/example_dags/example_skip_dag.py
[2023-05-06T09:42:07.607+0000] {processor.py:799} INFO - Processing file /home/airflow/.local/lib/python3.7/site-packages/airflow/example_dags/example_skip_dag.py for tasks to queue
[2023-05-06T09:42:07.609+0000] {logging_mixin.py:149} INFO - [2023-05-06T09:42:07.609+0000] {dagbag.py:541} INFO - Filling up the DagBag from /home/airflow/.local/lib/python3.7/site-packages/airflow/example_dags/example_skip_dag.py
[2023-05-06T09:42:07.617+0000] {processor.py:809} INFO - DAG(s) dict_keys(['example_skip_dag']) retrieved from /home/airflow/.local/lib/python3.7/site-packages/airflow/example_dags/example_skip_dag.py
[2023-05-06T09:42:07.630+0000] {logging_mixin.py:149} INFO - [2023-05-06T09:42:07.629+0000] {dag.py:2726} INFO - Sync 1 DAGs
[2023-05-06T09:42:07.661+0000] {logging_mixin.py:149} INFO - [2023-05-06T09:42:07.661+0000] {dag.py:3490} INFO - Setting next_dagrun for example_skip_dag to 2023-05-05T09:42:07.661103+00:00, run_after=2023-05-06T09:42:07.661103+00:00
[2023-05-06T09:42:07.682+0000] {processor.py:178} INFO - Processing /home/airflow/.local/lib/python3.7/site-packages/airflow/example_dags/example_skip_dag.py took 0.079 seconds
[2023-05-06T09:42:38.069+0000] {processor.py:156} INFO - Started process (PID=1010) to work on /home/airflow/.local/lib/python3.7/site-packages/airflow/example_dags/example_skip_dag.py
[2023-05-06T09:42:38.070+0000] {processor.py:799} INFO - Processing file /home/airflow/.local/lib/python3.7/site-packages/airflow/example_dags/example_skip_dag.py for tasks to queue
[2023-05-06T09:42:38.071+0000] {logging_mixin.py:149} INFO - [2023-05-06T09:42:38.071+0000] {dagbag.py:541} INFO - Filling up the DagBag from /home/airflow/.local/lib/python3.7/site-packages/airflow/example_dags/example_skip_dag.py
[2023-05-06T09:42:38.077+0000] {processor.py:809} INFO - DAG(s) dict_keys(['example_skip_dag']) retrieved from /home/airflow/.local/lib/python3.7/site-packages/airflow/example_dags/example_skip_dag.py
[2023-05-06T09:42:38.103+0000] {logging_mixin.py:149} INFO - [2023-05-06T09:42:38.103+0000] {dag.py:2726} INFO - Sync 1 DAGs
[2023-05-06T09:42:38.133+0000] {logging_mixin.py:149} INFO - [2023-05-06T09:42:38.133+0000] {dag.py:3490} INFO - Setting next_dagrun for example_skip_dag to 2023-05-05T09:42:38.133095+00:00, run_after=2023-05-06T09:42:38.133095+00:00
[2023-05-06T09:42:38.158+0000] {processor.py:178} INFO - Processing /home/airflow/.local/lib/python3.7/site-packages/airflow/example_dags/example_skip_dag.py took 0.092 seconds
[2023-05-06T09:43:08.522+0000] {processor.py:156} INFO - Started process (PID=1063) to work on /home/airflow/.local/lib/python3.7/site-packages/airflow/example_dags/example_skip_dag.py
[2023-05-06T09:43:08.523+0000] {processor.py:799} INFO - Processing file /home/airflow/.local/lib/python3.7/site-packages/airflow/example_dags/example_skip_dag.py for tasks to queue
[2023-05-06T09:43:08.525+0000] {logging_mixin.py:149} INFO - [2023-05-06T09:43:08.525+0000] {dagbag.py:541} INFO - Filling up the DagBag from /home/airflow/.local/lib/python3.7/site-packages/airflow/example_dags/example_skip_dag.py
[2023-05-06T09:43:08.532+0000] {processor.py:809} INFO - DAG(s) dict_keys(['example_skip_dag']) retrieved from /home/airflow/.local/lib/python3.7/site-packages/airflow/example_dags/example_skip_dag.py
[2023-05-06T09:43:08.560+0000] {logging_mixin.py:149} INFO - [2023-05-06T09:43:08.559+0000] {dag.py:2726} INFO - Sync 1 DAGs
[2023-05-06T09:43:08.598+0000] {logging_mixin.py:149} INFO - [2023-05-06T09:43:08.598+0000] {dag.py:3490} INFO - Setting next_dagrun for example_skip_dag to 2023-05-05T09:43:08.598467+00:00, run_after=2023-05-06T09:43:08.598467+00:00
[2023-05-06T09:43:08.620+0000] {processor.py:178} INFO - Processing /home/airflow/.local/lib/python3.7/site-packages/airflow/example_dags/example_skip_dag.py took 0.100 seconds
[2023-05-06T09:43:38.908+0000] {processor.py:156} INFO - Started process (PID=1117) to work on /home/airflow/.local/lib/python3.7/site-packages/airflow/example_dags/example_skip_dag.py
[2023-05-06T09:43:38.909+0000] {processor.py:799} INFO - Processing file /home/airflow/.local/lib/python3.7/site-packages/airflow/example_dags/example_skip_dag.py for tasks to queue
[2023-05-06T09:43:38.911+0000] {logging_mixin.py:149} INFO - [2023-05-06T09:43:38.911+0000] {dagbag.py:541} INFO - Filling up the DagBag from /home/airflow/.local/lib/python3.7/site-packages/airflow/example_dags/example_skip_dag.py
[2023-05-06T09:43:38.917+0000] {processor.py:809} INFO - DAG(s) dict_keys(['example_skip_dag']) retrieved from /home/airflow/.local/lib/python3.7/site-packages/airflow/example_dags/example_skip_dag.py
[2023-05-06T09:43:38.948+0000] {logging_mixin.py:149} INFO - [2023-05-06T09:43:38.948+0000] {dag.py:2726} INFO - Sync 1 DAGs
[2023-05-06T09:43:38.982+0000] {logging_mixin.py:149} INFO - [2023-05-06T09:43:38.982+0000] {dag.py:3490} INFO - Setting next_dagrun for example_skip_dag to 2023-05-05T09:43:38.981856+00:00, run_after=2023-05-06T09:43:38.981856+00:00
[2023-05-06T09:43:39.005+0000] {processor.py:178} INFO - Processing /home/airflow/.local/lib/python3.7/site-packages/airflow/example_dags/example_skip_dag.py took 0.100 seconds
