[2023-05-06T09:33:25.953+0000] {processor.py:156} INFO - Started process (PID=48) to work on /home/airflow/.local/lib/python3.7/site-packages/airflow/example_dags/example_nested_branch_dag.py
[2023-05-06T09:33:25.954+0000] {processor.py:799} INFO - Processing file /home/airflow/.local/lib/python3.7/site-packages/airflow/example_dags/example_nested_branch_dag.py for tasks to queue
[2023-05-06T09:33:25.956+0000] {logging_mixin.py:149} INFO - [2023-05-06T09:33:25.956+0000] {dagbag.py:541} INFO - Filling up the DagBag from /home/airflow/.local/lib/python3.7/site-packages/airflow/example_dags/example_nested_branch_dag.py
[2023-05-06T09:33:25.977+0000] {processor.py:809} INFO - DAG(s) dict_keys(['example_nested_branch_dag']) retrieved from /home/airflow/.local/lib/python3.7/site-packages/airflow/example_dags/example_nested_branch_dag.py
[2023-05-06T09:33:25.993+0000] {logging_mixin.py:149} INFO - [2023-05-06T09:33:25.992+0000] {dag.py:2726} INFO - Sync 1 DAGs
[2023-05-06T09:33:26.036+0000] {logging_mixin.py:149} INFO - [2023-05-06T09:33:26.036+0000] {dag.py:3490} INFO - Setting next_dagrun for example_nested_branch_dag to 2023-05-05T00:00:00+00:00, run_after=2023-05-06T00:00:00+00:00
[2023-05-06T09:33:26.076+0000] {processor.py:178} INFO - Processing /home/airflow/.local/lib/python3.7/site-packages/airflow/example_dags/example_nested_branch_dag.py took 0.127 seconds
[2023-05-06T09:33:56.302+0000] {processor.py:156} INFO - Started process (PID=101) to work on /home/airflow/.local/lib/python3.7/site-packages/airflow/example_dags/example_nested_branch_dag.py
[2023-05-06T09:33:56.302+0000] {processor.py:799} INFO - Processing file /home/airflow/.local/lib/python3.7/site-packages/airflow/example_dags/example_nested_branch_dag.py for tasks to queue
[2023-05-06T09:33:56.304+0000] {logging_mixin.py:149} INFO - [2023-05-06T09:33:56.304+0000] {dagbag.py:541} INFO - Filling up the DagBag from /home/airflow/.local/lib/python3.7/site-packages/airflow/example_dags/example_nested_branch_dag.py
[2023-05-06T09:33:56.313+0000] {processor.py:809} INFO - DAG(s) dict_keys(['example_nested_branch_dag']) retrieved from /home/airflow/.local/lib/python3.7/site-packages/airflow/example_dags/example_nested_branch_dag.py
[2023-05-06T09:33:56.326+0000] {logging_mixin.py:149} INFO - [2023-05-06T09:33:56.325+0000] {dag.py:2726} INFO - Sync 1 DAGs
[2023-05-06T09:33:56.357+0000] {logging_mixin.py:149} INFO - [2023-05-06T09:33:56.357+0000] {dag.py:3490} INFO - Setting next_dagrun for example_nested_branch_dag to 2023-05-05T00:00:00+00:00, run_after=2023-05-06T00:00:00+00:00
[2023-05-06T09:33:56.378+0000] {processor.py:178} INFO - Processing /home/airflow/.local/lib/python3.7/site-packages/airflow/example_dags/example_nested_branch_dag.py took 0.079 seconds
[2023-05-06T09:34:27.300+0000] {processor.py:156} INFO - Started process (PID=154) to work on /home/airflow/.local/lib/python3.7/site-packages/airflow/example_dags/example_nested_branch_dag.py
[2023-05-06T09:34:27.301+0000] {processor.py:799} INFO - Processing file /home/airflow/.local/lib/python3.7/site-packages/airflow/example_dags/example_nested_branch_dag.py for tasks to queue
[2023-05-06T09:34:27.303+0000] {logging_mixin.py:149} INFO - [2023-05-06T09:34:27.302+0000] {dagbag.py:541} INFO - Filling up the DagBag from /home/airflow/.local/lib/python3.7/site-packages/airflow/example_dags/example_nested_branch_dag.py
[2023-05-06T09:34:27.311+0000] {processor.py:809} INFO - DAG(s) dict_keys(['example_nested_branch_dag']) retrieved from /home/airflow/.local/lib/python3.7/site-packages/airflow/example_dags/example_nested_branch_dag.py
[2023-05-06T09:34:27.324+0000] {logging_mixin.py:149} INFO - [2023-05-06T09:34:27.323+0000] {dag.py:2726} INFO - Sync 1 DAGs
[2023-05-06T09:34:27.356+0000] {logging_mixin.py:149} INFO - [2023-05-06T09:34:27.356+0000] {dag.py:3490} INFO - Setting next_dagrun for example_nested_branch_dag to 2023-05-05T00:00:00+00:00, run_after=2023-05-06T00:00:00+00:00
[2023-05-06T09:34:27.382+0000] {processor.py:178} INFO - Processing /home/airflow/.local/lib/python3.7/site-packages/airflow/example_dags/example_nested_branch_dag.py took 0.085 seconds
[2023-05-06T09:34:57.950+0000] {processor.py:156} INFO - Started process (PID=207) to work on /home/airflow/.local/lib/python3.7/site-packages/airflow/example_dags/example_nested_branch_dag.py
[2023-05-06T09:34:57.951+0000] {processor.py:799} INFO - Processing file /home/airflow/.local/lib/python3.7/site-packages/airflow/example_dags/example_nested_branch_dag.py for tasks to queue
[2023-05-06T09:34:57.953+0000] {logging_mixin.py:149} INFO - [2023-05-06T09:34:57.953+0000] {dagbag.py:541} INFO - Filling up the DagBag from /home/airflow/.local/lib/python3.7/site-packages/airflow/example_dags/example_nested_branch_dag.py
[2023-05-06T09:34:57.967+0000] {processor.py:809} INFO - DAG(s) dict_keys(['example_nested_branch_dag']) retrieved from /home/airflow/.local/lib/python3.7/site-packages/airflow/example_dags/example_nested_branch_dag.py
[2023-05-06T09:34:58.008+0000] {logging_mixin.py:149} INFO - [2023-05-06T09:34:58.007+0000] {dag.py:2726} INFO - Sync 1 DAGs
[2023-05-06T09:34:58.069+0000] {logging_mixin.py:149} INFO - [2023-05-06T09:34:58.069+0000] {dag.py:3490} INFO - Setting next_dagrun for example_nested_branch_dag to 2023-05-05T00:00:00+00:00, run_after=2023-05-06T00:00:00+00:00
[2023-05-06T09:34:58.105+0000] {processor.py:178} INFO - Processing /home/airflow/.local/lib/python3.7/site-packages/airflow/example_dags/example_nested_branch_dag.py took 0.160 seconds
[2023-05-06T09:35:28.656+0000] {processor.py:156} INFO - Started process (PID=260) to work on /home/airflow/.local/lib/python3.7/site-packages/airflow/example_dags/example_nested_branch_dag.py
[2023-05-06T09:35:28.657+0000] {processor.py:799} INFO - Processing file /home/airflow/.local/lib/python3.7/site-packages/airflow/example_dags/example_nested_branch_dag.py for tasks to queue
[2023-05-06T09:35:28.659+0000] {logging_mixin.py:149} INFO - [2023-05-06T09:35:28.659+0000] {dagbag.py:541} INFO - Filling up the DagBag from /home/airflow/.local/lib/python3.7/site-packages/airflow/example_dags/example_nested_branch_dag.py
[2023-05-06T09:35:28.670+0000] {processor.py:809} INFO - DAG(s) dict_keys(['example_nested_branch_dag']) retrieved from /home/airflow/.local/lib/python3.7/site-packages/airflow/example_dags/example_nested_branch_dag.py
[2023-05-06T09:35:28.699+0000] {logging_mixin.py:149} INFO - [2023-05-06T09:35:28.698+0000] {dag.py:2726} INFO - Sync 1 DAGs
[2023-05-06T09:35:28.732+0000] {logging_mixin.py:149} INFO - [2023-05-06T09:35:28.731+0000] {dag.py:3490} INFO - Setting next_dagrun for example_nested_branch_dag to 2023-05-05T00:00:00+00:00, run_after=2023-05-06T00:00:00+00:00
[2023-05-06T09:35:28.754+0000] {processor.py:178} INFO - Processing /home/airflow/.local/lib/python3.7/site-packages/airflow/example_dags/example_nested_branch_dag.py took 0.102 seconds
[2023-05-06T09:35:58.944+0000] {processor.py:156} INFO - Started process (PID=313) to work on /home/airflow/.local/lib/python3.7/site-packages/airflow/example_dags/example_nested_branch_dag.py
[2023-05-06T09:35:58.945+0000] {processor.py:799} INFO - Processing file /home/airflow/.local/lib/python3.7/site-packages/airflow/example_dags/example_nested_branch_dag.py for tasks to queue
[2023-05-06T09:35:58.946+0000] {logging_mixin.py:149} INFO - [2023-05-06T09:35:58.946+0000] {dagbag.py:541} INFO - Filling up the DagBag from /home/airflow/.local/lib/python3.7/site-packages/airflow/example_dags/example_nested_branch_dag.py
[2023-05-06T09:35:58.957+0000] {processor.py:809} INFO - DAG(s) dict_keys(['example_nested_branch_dag']) retrieved from /home/airflow/.local/lib/python3.7/site-packages/airflow/example_dags/example_nested_branch_dag.py
[2023-05-06T09:35:58.983+0000] {logging_mixin.py:149} INFO - [2023-05-06T09:35:58.982+0000] {dag.py:2726} INFO - Sync 1 DAGs
[2023-05-06T09:35:59.013+0000] {logging_mixin.py:149} INFO - [2023-05-06T09:35:59.012+0000] {dag.py:3490} INFO - Setting next_dagrun for example_nested_branch_dag to 2023-05-05T00:00:00+00:00, run_after=2023-05-06T00:00:00+00:00
[2023-05-06T09:35:59.034+0000] {processor.py:178} INFO - Processing /home/airflow/.local/lib/python3.7/site-packages/airflow/example_dags/example_nested_branch_dag.py took 0.093 seconds
[2023-05-06T09:36:29.540+0000] {processor.py:156} INFO - Started process (PID=367) to work on /home/airflow/.local/lib/python3.7/site-packages/airflow/example_dags/example_nested_branch_dag.py
[2023-05-06T09:36:29.541+0000] {processor.py:799} INFO - Processing file /home/airflow/.local/lib/python3.7/site-packages/airflow/example_dags/example_nested_branch_dag.py for tasks to queue
[2023-05-06T09:36:29.542+0000] {logging_mixin.py:149} INFO - [2023-05-06T09:36:29.542+0000] {dagbag.py:541} INFO - Filling up the DagBag from /home/airflow/.local/lib/python3.7/site-packages/airflow/example_dags/example_nested_branch_dag.py
[2023-05-06T09:36:29.552+0000] {processor.py:809} INFO - DAG(s) dict_keys(['example_nested_branch_dag']) retrieved from /home/airflow/.local/lib/python3.7/site-packages/airflow/example_dags/example_nested_branch_dag.py
[2023-05-06T09:36:29.564+0000] {logging_mixin.py:149} INFO - [2023-05-06T09:36:29.563+0000] {dag.py:2726} INFO - Sync 1 DAGs
[2023-05-06T09:36:29.594+0000] {logging_mixin.py:149} INFO - [2023-05-06T09:36:29.594+0000] {dag.py:3490} INFO - Setting next_dagrun for example_nested_branch_dag to 2023-05-05T00:00:00+00:00, run_after=2023-05-06T00:00:00+00:00
[2023-05-06T09:36:29.615+0000] {processor.py:178} INFO - Processing /home/airflow/.local/lib/python3.7/site-packages/airflow/example_dags/example_nested_branch_dag.py took 0.077 seconds
[2023-05-06T09:36:59.990+0000] {processor.py:156} INFO - Started process (PID=420) to work on /home/airflow/.local/lib/python3.7/site-packages/airflow/example_dags/example_nested_branch_dag.py
[2023-05-06T09:36:59.991+0000] {processor.py:799} INFO - Processing file /home/airflow/.local/lib/python3.7/site-packages/airflow/example_dags/example_nested_branch_dag.py for tasks to queue
[2023-05-06T09:36:59.993+0000] {logging_mixin.py:149} INFO - [2023-05-06T09:36:59.993+0000] {dagbag.py:541} INFO - Filling up the DagBag from /home/airflow/.local/lib/python3.7/site-packages/airflow/example_dags/example_nested_branch_dag.py
[2023-05-06T09:37:00.005+0000] {processor.py:809} INFO - DAG(s) dict_keys(['example_nested_branch_dag']) retrieved from /home/airflow/.local/lib/python3.7/site-packages/airflow/example_dags/example_nested_branch_dag.py
[2023-05-06T09:37:00.035+0000] {logging_mixin.py:149} INFO - [2023-05-06T09:37:00.035+0000] {dag.py:2726} INFO - Sync 1 DAGs
[2023-05-06T09:37:00.068+0000] {logging_mixin.py:149} INFO - [2023-05-06T09:37:00.068+0000] {dag.py:3490} INFO - Setting next_dagrun for example_nested_branch_dag to 2023-05-05T00:00:00+00:00, run_after=2023-05-06T00:00:00+00:00
[2023-05-06T09:37:00.089+0000] {processor.py:178} INFO - Processing /home/airflow/.local/lib/python3.7/site-packages/airflow/example_dags/example_nested_branch_dag.py took 0.102 seconds
[2023-05-06T09:37:30.709+0000] {processor.py:156} INFO - Started process (PID=473) to work on /home/airflow/.local/lib/python3.7/site-packages/airflow/example_dags/example_nested_branch_dag.py
[2023-05-06T09:37:30.710+0000] {processor.py:799} INFO - Processing file /home/airflow/.local/lib/python3.7/site-packages/airflow/example_dags/example_nested_branch_dag.py for tasks to queue
[2023-05-06T09:37:30.712+0000] {logging_mixin.py:149} INFO - [2023-05-06T09:37:30.711+0000] {dagbag.py:541} INFO - Filling up the DagBag from /home/airflow/.local/lib/python3.7/site-packages/airflow/example_dags/example_nested_branch_dag.py
[2023-05-06T09:37:30.722+0000] {processor.py:809} INFO - DAG(s) dict_keys(['example_nested_branch_dag']) retrieved from /home/airflow/.local/lib/python3.7/site-packages/airflow/example_dags/example_nested_branch_dag.py
[2023-05-06T09:37:30.754+0000] {logging_mixin.py:149} INFO - [2023-05-06T09:37:30.753+0000] {dag.py:2726} INFO - Sync 1 DAGs
[2023-05-06T09:37:30.793+0000] {logging_mixin.py:149} INFO - [2023-05-06T09:37:30.792+0000] {dag.py:3490} INFO - Setting next_dagrun for example_nested_branch_dag to 2023-05-05T00:00:00+00:00, run_after=2023-05-06T00:00:00+00:00
[2023-05-06T09:37:30.817+0000] {processor.py:178} INFO - Processing /home/airflow/.local/lib/python3.7/site-packages/airflow/example_dags/example_nested_branch_dag.py took 0.111 seconds
[2023-05-06T09:38:01.067+0000] {processor.py:156} INFO - Started process (PID=526) to work on /home/airflow/.local/lib/python3.7/site-packages/airflow/example_dags/example_nested_branch_dag.py
[2023-05-06T09:38:01.068+0000] {processor.py:799} INFO - Processing file /home/airflow/.local/lib/python3.7/site-packages/airflow/example_dags/example_nested_branch_dag.py for tasks to queue
[2023-05-06T09:38:01.070+0000] {logging_mixin.py:149} INFO - [2023-05-06T09:38:01.070+0000] {dagbag.py:541} INFO - Filling up the DagBag from /home/airflow/.local/lib/python3.7/site-packages/airflow/example_dags/example_nested_branch_dag.py
[2023-05-06T09:38:01.081+0000] {processor.py:809} INFO - DAG(s) dict_keys(['example_nested_branch_dag']) retrieved from /home/airflow/.local/lib/python3.7/site-packages/airflow/example_dags/example_nested_branch_dag.py
[2023-05-06T09:38:01.107+0000] {logging_mixin.py:149} INFO - [2023-05-06T09:38:01.107+0000] {dag.py:2726} INFO - Sync 1 DAGs
[2023-05-06T09:38:01.137+0000] {logging_mixin.py:149} INFO - [2023-05-06T09:38:01.137+0000] {dag.py:3490} INFO - Setting next_dagrun for example_nested_branch_dag to 2023-05-05T00:00:00+00:00, run_after=2023-05-06T00:00:00+00:00
[2023-05-06T09:38:01.157+0000] {processor.py:178} INFO - Processing /home/airflow/.local/lib/python3.7/site-packages/airflow/example_dags/example_nested_branch_dag.py took 0.094 seconds
[2023-05-06T09:38:31.770+0000] {processor.py:156} INFO - Started process (PID=579) to work on /home/airflow/.local/lib/python3.7/site-packages/airflow/example_dags/example_nested_branch_dag.py
[2023-05-06T09:38:31.771+0000] {processor.py:799} INFO - Processing file /home/airflow/.local/lib/python3.7/site-packages/airflow/example_dags/example_nested_branch_dag.py for tasks to queue
[2023-05-06T09:38:31.773+0000] {logging_mixin.py:149} INFO - [2023-05-06T09:38:31.773+0000] {dagbag.py:541} INFO - Filling up the DagBag from /home/airflow/.local/lib/python3.7/site-packages/airflow/example_dags/example_nested_branch_dag.py
[2023-05-06T09:38:31.785+0000] {processor.py:809} INFO - DAG(s) dict_keys(['example_nested_branch_dag']) retrieved from /home/airflow/.local/lib/python3.7/site-packages/airflow/example_dags/example_nested_branch_dag.py
[2023-05-06T09:38:31.817+0000] {logging_mixin.py:149} INFO - [2023-05-06T09:38:31.816+0000] {dag.py:2726} INFO - Sync 1 DAGs
[2023-05-06T09:38:31.849+0000] {logging_mixin.py:149} INFO - [2023-05-06T09:38:31.849+0000] {dag.py:3490} INFO - Setting next_dagrun for example_nested_branch_dag to 2023-05-05T00:00:00+00:00, run_after=2023-05-06T00:00:00+00:00
[2023-05-06T09:38:31.880+0000] {processor.py:178} INFO - Processing /home/airflow/.local/lib/python3.7/site-packages/airflow/example_dags/example_nested_branch_dag.py took 0.113 seconds
[2023-05-06T09:39:01.902+0000] {processor.py:156} INFO - Started process (PID=633) to work on /home/airflow/.local/lib/python3.7/site-packages/airflow/example_dags/example_nested_branch_dag.py
[2023-05-06T09:39:01.903+0000] {processor.py:799} INFO - Processing file /home/airflow/.local/lib/python3.7/site-packages/airflow/example_dags/example_nested_branch_dag.py for tasks to queue
[2023-05-06T09:39:01.905+0000] {logging_mixin.py:149} INFO - [2023-05-06T09:39:01.905+0000] {dagbag.py:541} INFO - Filling up the DagBag from /home/airflow/.local/lib/python3.7/site-packages/airflow/example_dags/example_nested_branch_dag.py
[2023-05-06T09:39:01.914+0000] {processor.py:809} INFO - DAG(s) dict_keys(['example_nested_branch_dag']) retrieved from /home/airflow/.local/lib/python3.7/site-packages/airflow/example_dags/example_nested_branch_dag.py
[2023-05-06T09:39:01.939+0000] {logging_mixin.py:149} INFO - [2023-05-06T09:39:01.939+0000] {dag.py:2726} INFO - Sync 1 DAGs
[2023-05-06T09:39:01.970+0000] {logging_mixin.py:149} INFO - [2023-05-06T09:39:01.970+0000] {dag.py:3490} INFO - Setting next_dagrun for example_nested_branch_dag to 2023-05-05T00:00:00+00:00, run_after=2023-05-06T00:00:00+00:00
[2023-05-06T09:39:01.991+0000] {processor.py:178} INFO - Processing /home/airflow/.local/lib/python3.7/site-packages/airflow/example_dags/example_nested_branch_dag.py took 0.091 seconds
[2023-05-06T09:39:32.326+0000] {processor.py:156} INFO - Started process (PID=686) to work on /home/airflow/.local/lib/python3.7/site-packages/airflow/example_dags/example_nested_branch_dag.py
[2023-05-06T09:39:32.327+0000] {processor.py:799} INFO - Processing file /home/airflow/.local/lib/python3.7/site-packages/airflow/example_dags/example_nested_branch_dag.py for tasks to queue
[2023-05-06T09:39:32.329+0000] {logging_mixin.py:149} INFO - [2023-05-06T09:39:32.329+0000] {dagbag.py:541} INFO - Filling up the DagBag from /home/airflow/.local/lib/python3.7/site-packages/airflow/example_dags/example_nested_branch_dag.py
[2023-05-06T09:39:32.339+0000] {processor.py:809} INFO - DAG(s) dict_keys(['example_nested_branch_dag']) retrieved from /home/airflow/.local/lib/python3.7/site-packages/airflow/example_dags/example_nested_branch_dag.py
[2023-05-06T09:39:32.367+0000] {logging_mixin.py:149} INFO - [2023-05-06T09:39:32.367+0000] {dag.py:2726} INFO - Sync 1 DAGs
[2023-05-06T09:39:32.399+0000] {logging_mixin.py:149} INFO - [2023-05-06T09:39:32.399+0000] {dag.py:3490} INFO - Setting next_dagrun for example_nested_branch_dag to 2023-05-05T00:00:00+00:00, run_after=2023-05-06T00:00:00+00:00
[2023-05-06T09:39:32.437+0000] {processor.py:178} INFO - Processing /home/airflow/.local/lib/python3.7/site-packages/airflow/example_dags/example_nested_branch_dag.py took 0.115 seconds
[2023-05-06T09:40:02.909+0000] {processor.py:156} INFO - Started process (PID=739) to work on /home/airflow/.local/lib/python3.7/site-packages/airflow/example_dags/example_nested_branch_dag.py
[2023-05-06T09:40:02.910+0000] {processor.py:799} INFO - Processing file /home/airflow/.local/lib/python3.7/site-packages/airflow/example_dags/example_nested_branch_dag.py for tasks to queue
[2023-05-06T09:40:02.912+0000] {logging_mixin.py:149} INFO - [2023-05-06T09:40:02.912+0000] {dagbag.py:541} INFO - Filling up the DagBag from /home/airflow/.local/lib/python3.7/site-packages/airflow/example_dags/example_nested_branch_dag.py
[2023-05-06T09:40:02.925+0000] {processor.py:809} INFO - DAG(s) dict_keys(['example_nested_branch_dag']) retrieved from /home/airflow/.local/lib/python3.7/site-packages/airflow/example_dags/example_nested_branch_dag.py
[2023-05-06T09:40:02.960+0000] {logging_mixin.py:149} INFO - [2023-05-06T09:40:02.959+0000] {dag.py:2726} INFO - Sync 1 DAGs
[2023-05-06T09:40:03.000+0000] {logging_mixin.py:149} INFO - [2023-05-06T09:40:03.000+0000] {dag.py:3490} INFO - Setting next_dagrun for example_nested_branch_dag to 2023-05-05T00:00:00+00:00, run_after=2023-05-06T00:00:00+00:00
[2023-05-06T09:40:03.028+0000] {processor.py:178} INFO - Processing /home/airflow/.local/lib/python3.7/site-packages/airflow/example_dags/example_nested_branch_dag.py took 0.123 seconds
[2023-05-06T09:40:33.691+0000] {processor.py:156} INFO - Started process (PID=792) to work on /home/airflow/.local/lib/python3.7/site-packages/airflow/example_dags/example_nested_branch_dag.py
[2023-05-06T09:40:33.692+0000] {processor.py:799} INFO - Processing file /home/airflow/.local/lib/python3.7/site-packages/airflow/example_dags/example_nested_branch_dag.py for tasks to queue
[2023-05-06T09:40:33.694+0000] {logging_mixin.py:149} INFO - [2023-05-06T09:40:33.694+0000] {dagbag.py:541} INFO - Filling up the DagBag from /home/airflow/.local/lib/python3.7/site-packages/airflow/example_dags/example_nested_branch_dag.py
[2023-05-06T09:40:33.703+0000] {processor.py:809} INFO - DAG(s) dict_keys(['example_nested_branch_dag']) retrieved from /home/airflow/.local/lib/python3.7/site-packages/airflow/example_dags/example_nested_branch_dag.py
[2023-05-06T09:40:33.727+0000] {logging_mixin.py:149} INFO - [2023-05-06T09:40:33.727+0000] {dag.py:2726} INFO - Sync 1 DAGs
[2023-05-06T09:40:33.759+0000] {logging_mixin.py:149} INFO - [2023-05-06T09:40:33.759+0000] {dag.py:3490} INFO - Setting next_dagrun for example_nested_branch_dag to 2023-05-05T00:00:00+00:00, run_after=2023-05-06T00:00:00+00:00
[2023-05-06T09:40:33.786+0000] {processor.py:178} INFO - Processing /home/airflow/.local/lib/python3.7/site-packages/airflow/example_dags/example_nested_branch_dag.py took 0.097 seconds
[2023-05-06T09:41:04.157+0000] {processor.py:156} INFO - Started process (PID=846) to work on /home/airflow/.local/lib/python3.7/site-packages/airflow/example_dags/example_nested_branch_dag.py
[2023-05-06T09:41:04.158+0000] {processor.py:799} INFO - Processing file /home/airflow/.local/lib/python3.7/site-packages/airflow/example_dags/example_nested_branch_dag.py for tasks to queue
[2023-05-06T09:41:04.160+0000] {logging_mixin.py:149} INFO - [2023-05-06T09:41:04.160+0000] {dagbag.py:541} INFO - Filling up the DagBag from /home/airflow/.local/lib/python3.7/site-packages/airflow/example_dags/example_nested_branch_dag.py
[2023-05-06T09:41:04.167+0000] {processor.py:809} INFO - DAG(s) dict_keys(['example_nested_branch_dag']) retrieved from /home/airflow/.local/lib/python3.7/site-packages/airflow/example_dags/example_nested_branch_dag.py
[2023-05-06T09:41:04.189+0000] {logging_mixin.py:149} INFO - [2023-05-06T09:41:04.189+0000] {dag.py:2726} INFO - Sync 1 DAGs
[2023-05-06T09:41:04.217+0000] {logging_mixin.py:149} INFO - [2023-05-06T09:41:04.217+0000] {dag.py:3490} INFO - Setting next_dagrun for example_nested_branch_dag to 2023-05-05T00:00:00+00:00, run_after=2023-05-06T00:00:00+00:00
[2023-05-06T09:41:04.241+0000] {processor.py:178} INFO - Processing /home/airflow/.local/lib/python3.7/site-packages/airflow/example_dags/example_nested_branch_dag.py took 0.086 seconds
[2023-05-06T09:41:35.270+0000] {processor.py:156} INFO - Started process (PID=901) to work on /home/airflow/.local/lib/python3.7/site-packages/airflow/example_dags/example_nested_branch_dag.py
[2023-05-06T09:41:35.272+0000] {processor.py:799} INFO - Processing file /home/airflow/.local/lib/python3.7/site-packages/airflow/example_dags/example_nested_branch_dag.py for tasks to queue
[2023-05-06T09:41:35.275+0000] {logging_mixin.py:149} INFO - [2023-05-06T09:41:35.275+0000] {dagbag.py:541} INFO - Filling up the DagBag from /home/airflow/.local/lib/python3.7/site-packages/airflow/example_dags/example_nested_branch_dag.py
[2023-05-06T09:41:35.299+0000] {processor.py:809} INFO - DAG(s) dict_keys(['example_nested_branch_dag']) retrieved from /home/airflow/.local/lib/python3.7/site-packages/airflow/example_dags/example_nested_branch_dag.py
[2023-05-06T09:41:35.348+0000] {logging_mixin.py:149} INFO - [2023-05-06T09:41:35.347+0000] {dag.py:2726} INFO - Sync 1 DAGs
[2023-05-06T09:41:35.392+0000] {logging_mixin.py:149} INFO - [2023-05-06T09:41:35.391+0000] {dag.py:3490} INFO - Setting next_dagrun for example_nested_branch_dag to 2023-05-05T00:00:00+00:00, run_after=2023-05-06T00:00:00+00:00
[2023-05-06T09:41:35.434+0000] {processor.py:178} INFO - Processing /home/airflow/.local/lib/python3.7/site-packages/airflow/example_dags/example_nested_branch_dag.py took 0.171 seconds
[2023-05-06T09:42:05.485+0000] {processor.py:156} INFO - Started process (PID=954) to work on /home/airflow/.local/lib/python3.7/site-packages/airflow/example_dags/example_nested_branch_dag.py
[2023-05-06T09:42:05.486+0000] {processor.py:799} INFO - Processing file /home/airflow/.local/lib/python3.7/site-packages/airflow/example_dags/example_nested_branch_dag.py for tasks to queue
[2023-05-06T09:42:05.488+0000] {logging_mixin.py:149} INFO - [2023-05-06T09:42:05.488+0000] {dagbag.py:541} INFO - Filling up the DagBag from /home/airflow/.local/lib/python3.7/site-packages/airflow/example_dags/example_nested_branch_dag.py
[2023-05-06T09:42:05.501+0000] {processor.py:809} INFO - DAG(s) dict_keys(['example_nested_branch_dag']) retrieved from /home/airflow/.local/lib/python3.7/site-packages/airflow/example_dags/example_nested_branch_dag.py
[2023-05-06T09:42:05.518+0000] {logging_mixin.py:149} INFO - [2023-05-06T09:42:05.517+0000] {dag.py:2726} INFO - Sync 1 DAGs
[2023-05-06T09:42:05.562+0000] {logging_mixin.py:149} INFO - [2023-05-06T09:42:05.561+0000] {dag.py:3490} INFO - Setting next_dagrun for example_nested_branch_dag to 2023-05-05T00:00:00+00:00, run_after=2023-05-06T00:00:00+00:00
[2023-05-06T09:42:05.602+0000] {processor.py:178} INFO - Processing /home/airflow/.local/lib/python3.7/site-packages/airflow/example_dags/example_nested_branch_dag.py took 0.120 seconds
[2023-05-06T09:42:35.895+0000] {processor.py:156} INFO - Started process (PID=1007) to work on /home/airflow/.local/lib/python3.7/site-packages/airflow/example_dags/example_nested_branch_dag.py
[2023-05-06T09:42:35.896+0000] {processor.py:799} INFO - Processing file /home/airflow/.local/lib/python3.7/site-packages/airflow/example_dags/example_nested_branch_dag.py for tasks to queue
[2023-05-06T09:42:35.898+0000] {logging_mixin.py:149} INFO - [2023-05-06T09:42:35.898+0000] {dagbag.py:541} INFO - Filling up the DagBag from /home/airflow/.local/lib/python3.7/site-packages/airflow/example_dags/example_nested_branch_dag.py
[2023-05-06T09:42:35.908+0000] {processor.py:809} INFO - DAG(s) dict_keys(['example_nested_branch_dag']) retrieved from /home/airflow/.local/lib/python3.7/site-packages/airflow/example_dags/example_nested_branch_dag.py
[2023-05-06T09:42:35.933+0000] {logging_mixin.py:149} INFO - [2023-05-06T09:42:35.932+0000] {dag.py:2726} INFO - Sync 1 DAGs
[2023-05-06T09:42:35.965+0000] {logging_mixin.py:149} INFO - [2023-05-06T09:42:35.965+0000] {dag.py:3490} INFO - Setting next_dagrun for example_nested_branch_dag to 2023-05-05T00:00:00+00:00, run_after=2023-05-06T00:00:00+00:00
[2023-05-06T09:42:35.993+0000] {processor.py:178} INFO - Processing /home/airflow/.local/lib/python3.7/site-packages/airflow/example_dags/example_nested_branch_dag.py took 0.101 seconds
[2023-05-06T09:43:06.326+0000] {processor.py:156} INFO - Started process (PID=1060) to work on /home/airflow/.local/lib/python3.7/site-packages/airflow/example_dags/example_nested_branch_dag.py
[2023-05-06T09:43:06.326+0000] {processor.py:799} INFO - Processing file /home/airflow/.local/lib/python3.7/site-packages/airflow/example_dags/example_nested_branch_dag.py for tasks to queue
[2023-05-06T09:43:06.328+0000] {logging_mixin.py:149} INFO - [2023-05-06T09:43:06.328+0000] {dagbag.py:541} INFO - Filling up the DagBag from /home/airflow/.local/lib/python3.7/site-packages/airflow/example_dags/example_nested_branch_dag.py
[2023-05-06T09:43:06.337+0000] {processor.py:809} INFO - DAG(s) dict_keys(['example_nested_branch_dag']) retrieved from /home/airflow/.local/lib/python3.7/site-packages/airflow/example_dags/example_nested_branch_dag.py
[2023-05-06T09:43:06.363+0000] {logging_mixin.py:149} INFO - [2023-05-06T09:43:06.362+0000] {dag.py:2726} INFO - Sync 1 DAGs
[2023-05-06T09:43:06.387+0000] {logging_mixin.py:149} INFO - [2023-05-06T09:43:06.387+0000] {dag.py:3490} INFO - Setting next_dagrun for example_nested_branch_dag to 2023-05-05T00:00:00+00:00, run_after=2023-05-06T00:00:00+00:00
[2023-05-06T09:43:06.406+0000] {processor.py:178} INFO - Processing /home/airflow/.local/lib/python3.7/site-packages/airflow/example_dags/example_nested_branch_dag.py took 0.084 seconds
[2023-05-06T09:43:36.707+0000] {processor.py:156} INFO - Started process (PID=1114) to work on /home/airflow/.local/lib/python3.7/site-packages/airflow/example_dags/example_nested_branch_dag.py
[2023-05-06T09:43:36.707+0000] {processor.py:799} INFO - Processing file /home/airflow/.local/lib/python3.7/site-packages/airflow/example_dags/example_nested_branch_dag.py for tasks to queue
[2023-05-06T09:43:36.709+0000] {logging_mixin.py:149} INFO - [2023-05-06T09:43:36.709+0000] {dagbag.py:541} INFO - Filling up the DagBag from /home/airflow/.local/lib/python3.7/site-packages/airflow/example_dags/example_nested_branch_dag.py
[2023-05-06T09:43:36.717+0000] {processor.py:809} INFO - DAG(s) dict_keys(['example_nested_branch_dag']) retrieved from /home/airflow/.local/lib/python3.7/site-packages/airflow/example_dags/example_nested_branch_dag.py
[2023-05-06T09:43:36.739+0000] {logging_mixin.py:149} INFO - [2023-05-06T09:43:36.738+0000] {dag.py:2726} INFO - Sync 1 DAGs
[2023-05-06T09:43:36.763+0000] {logging_mixin.py:149} INFO - [2023-05-06T09:43:36.763+0000] {dag.py:3490} INFO - Setting next_dagrun for example_nested_branch_dag to 2023-05-05T00:00:00+00:00, run_after=2023-05-06T00:00:00+00:00
[2023-05-06T09:43:36.784+0000] {processor.py:178} INFO - Processing /home/airflow/.local/lib/python3.7/site-packages/airflow/example_dags/example_nested_branch_dag.py took 0.079 seconds
