[2023-05-06T09:33:25.853+0000] {processor.py:156} INFO - Started process (PID=47) to work on /home/airflow/.local/lib/python3.7/site-packages/airflow/example_dags/example_sla_dag.py
[2023-05-06T09:33:25.854+0000] {processor.py:799} INFO - Processing file /home/airflow/.local/lib/python3.7/site-packages/airflow/example_dags/example_sla_dag.py for tasks to queue
[2023-05-06T09:33:25.856+0000] {logging_mixin.py:149} INFO - [2023-05-06T09:33:25.856+0000] {dagbag.py:541} INFO - Filling up the DagBag from /home/airflow/.local/lib/python3.7/site-packages/airflow/example_dags/example_sla_dag.py
[2023-05-06T09:33:25.869+0000] {processor.py:809} INFO - DAG(s) dict_keys(['example_sla_dag']) retrieved from /home/airflow/.local/lib/python3.7/site-packages/airflow/example_dags/example_sla_dag.py
[2023-05-06T09:33:25.883+0000] {logging_mixin.py:149} INFO - [2023-05-06T09:33:25.883+0000] {dag.py:2726} INFO - Sync 1 DAGs
[2023-05-06T09:33:25.927+0000] {logging_mixin.py:149} INFO - [2023-05-06T09:33:25.926+0000] {dag.py:3490} INFO - Setting next_dagrun for example_sla_dag to 2023-05-06T09:30:00+00:00, run_after=2023-05-06T09:32:00+00:00
[2023-05-06T09:33:25.958+0000] {processor.py:178} INFO - Processing /home/airflow/.local/lib/python3.7/site-packages/airflow/example_dags/example_sla_dag.py took 0.108 seconds
[2023-05-06T09:33:56.224+0000] {processor.py:156} INFO - Started process (PID=100) to work on /home/airflow/.local/lib/python3.7/site-packages/airflow/example_dags/example_sla_dag.py
[2023-05-06T09:33:56.225+0000] {processor.py:799} INFO - Processing file /home/airflow/.local/lib/python3.7/site-packages/airflow/example_dags/example_sla_dag.py for tasks to queue
[2023-05-06T09:33:56.226+0000] {logging_mixin.py:149} INFO - [2023-05-06T09:33:56.226+0000] {dagbag.py:541} INFO - Filling up the DagBag from /home/airflow/.local/lib/python3.7/site-packages/airflow/example_dags/example_sla_dag.py
[2023-05-06T09:33:56.234+0000] {processor.py:809} INFO - DAG(s) dict_keys(['example_sla_dag']) retrieved from /home/airflow/.local/lib/python3.7/site-packages/airflow/example_dags/example_sla_dag.py
[2023-05-06T09:33:56.246+0000] {logging_mixin.py:149} INFO - [2023-05-06T09:33:56.245+0000] {dag.py:2726} INFO - Sync 1 DAGs
[2023-05-06T09:33:56.278+0000] {logging_mixin.py:149} INFO - [2023-05-06T09:33:56.278+0000] {dag.py:3490} INFO - Setting next_dagrun for example_sla_dag to 2023-05-06T09:30:00+00:00, run_after=2023-05-06T09:32:00+00:00
[2023-05-06T09:33:56.298+0000] {processor.py:178} INFO - Processing /home/airflow/.local/lib/python3.7/site-packages/airflow/example_dags/example_sla_dag.py took 0.077 seconds
[2023-05-06T09:34:27.196+0000] {processor.py:156} INFO - Started process (PID=153) to work on /home/airflow/.local/lib/python3.7/site-packages/airflow/example_dags/example_sla_dag.py
[2023-05-06T09:34:27.198+0000] {processor.py:799} INFO - Processing file /home/airflow/.local/lib/python3.7/site-packages/airflow/example_dags/example_sla_dag.py for tasks to queue
[2023-05-06T09:34:27.200+0000] {logging_mixin.py:149} INFO - [2023-05-06T09:34:27.200+0000] {dagbag.py:541} INFO - Filling up the DagBag from /home/airflow/.local/lib/python3.7/site-packages/airflow/example_dags/example_sla_dag.py
[2023-05-06T09:34:27.209+0000] {processor.py:809} INFO - DAG(s) dict_keys(['example_sla_dag']) retrieved from /home/airflow/.local/lib/python3.7/site-packages/airflow/example_dags/example_sla_dag.py
[2023-05-06T09:34:27.223+0000] {logging_mixin.py:149} INFO - [2023-05-06T09:34:27.223+0000] {dag.py:2726} INFO - Sync 1 DAGs
[2023-05-06T09:34:27.262+0000] {logging_mixin.py:149} INFO - [2023-05-06T09:34:27.262+0000] {dag.py:3490} INFO - Setting next_dagrun for example_sla_dag to 2023-05-06T09:32:00+00:00, run_after=2023-05-06T09:34:00+00:00
[2023-05-06T09:34:27.286+0000] {processor.py:178} INFO - Processing /home/airflow/.local/lib/python3.7/site-packages/airflow/example_dags/example_sla_dag.py took 0.093 seconds
[2023-05-06T09:34:57.825+0000] {processor.py:156} INFO - Started process (PID=206) to work on /home/airflow/.local/lib/python3.7/site-packages/airflow/example_dags/example_sla_dag.py
[2023-05-06T09:34:57.830+0000] {processor.py:799} INFO - Processing file /home/airflow/.local/lib/python3.7/site-packages/airflow/example_dags/example_sla_dag.py for tasks to queue
[2023-05-06T09:34:57.833+0000] {logging_mixin.py:149} INFO - [2023-05-06T09:34:57.833+0000] {dagbag.py:541} INFO - Filling up the DagBag from /home/airflow/.local/lib/python3.7/site-packages/airflow/example_dags/example_sla_dag.py
[2023-05-06T09:34:57.851+0000] {processor.py:809} INFO - DAG(s) dict_keys(['example_sla_dag']) retrieved from /home/airflow/.local/lib/python3.7/site-packages/airflow/example_dags/example_sla_dag.py
[2023-05-06T09:34:57.885+0000] {logging_mixin.py:149} INFO - [2023-05-06T09:34:57.885+0000] {dag.py:2726} INFO - Sync 1 DAGs
[2023-05-06T09:34:57.932+0000] {logging_mixin.py:149} INFO - [2023-05-06T09:34:57.932+0000] {dag.py:3490} INFO - Setting next_dagrun for example_sla_dag to 2023-05-06T09:32:00+00:00, run_after=2023-05-06T09:34:00+00:00
[2023-05-06T09:34:57.961+0000] {processor.py:178} INFO - Processing /home/airflow/.local/lib/python3.7/site-packages/airflow/example_dags/example_sla_dag.py took 0.141 seconds
[2023-05-06T09:35:28.635+0000] {processor.py:156} INFO - Started process (PID=259) to work on /home/airflow/.local/lib/python3.7/site-packages/airflow/example_dags/example_sla_dag.py
[2023-05-06T09:35:28.636+0000] {processor.py:799} INFO - Processing file /home/airflow/.local/lib/python3.7/site-packages/airflow/example_dags/example_sla_dag.py for tasks to queue
[2023-05-06T09:35:28.638+0000] {logging_mixin.py:149} INFO - [2023-05-06T09:35:28.638+0000] {dagbag.py:541} INFO - Filling up the DagBag from /home/airflow/.local/lib/python3.7/site-packages/airflow/example_dags/example_sla_dag.py
[2023-05-06T09:35:28.650+0000] {processor.py:809} INFO - DAG(s) dict_keys(['example_sla_dag']) retrieved from /home/airflow/.local/lib/python3.7/site-packages/airflow/example_dags/example_sla_dag.py
[2023-05-06T09:35:28.676+0000] {logging_mixin.py:149} INFO - [2023-05-06T09:35:28.675+0000] {dag.py:2726} INFO - Sync 1 DAGs
[2023-05-06T09:35:28.715+0000] {logging_mixin.py:149} INFO - [2023-05-06T09:35:28.715+0000] {dag.py:3490} INFO - Setting next_dagrun for example_sla_dag to 2023-05-06T09:32:00+00:00, run_after=2023-05-06T09:34:00+00:00
[2023-05-06T09:35:28.738+0000] {processor.py:178} INFO - Processing /home/airflow/.local/lib/python3.7/site-packages/airflow/example_dags/example_sla_dag.py took 0.106 seconds
[2023-05-06T09:35:58.924+0000] {processor.py:156} INFO - Started process (PID=312) to work on /home/airflow/.local/lib/python3.7/site-packages/airflow/example_dags/example_sla_dag.py
[2023-05-06T09:35:58.924+0000] {processor.py:799} INFO - Processing file /home/airflow/.local/lib/python3.7/site-packages/airflow/example_dags/example_sla_dag.py for tasks to queue
[2023-05-06T09:35:58.926+0000] {logging_mixin.py:149} INFO - [2023-05-06T09:35:58.926+0000] {dagbag.py:541} INFO - Filling up the DagBag from /home/airflow/.local/lib/python3.7/site-packages/airflow/example_dags/example_sla_dag.py
[2023-05-06T09:35:58.934+0000] {processor.py:809} INFO - DAG(s) dict_keys(['example_sla_dag']) retrieved from /home/airflow/.local/lib/python3.7/site-packages/airflow/example_dags/example_sla_dag.py
[2023-05-06T09:35:58.957+0000] {logging_mixin.py:149} INFO - [2023-05-06T09:35:58.957+0000] {dag.py:2726} INFO - Sync 1 DAGs
[2023-05-06T09:35:58.990+0000] {logging_mixin.py:149} INFO - [2023-05-06T09:35:58.990+0000] {dag.py:3490} INFO - Setting next_dagrun for example_sla_dag to 2023-05-06T09:32:00+00:00, run_after=2023-05-06T09:34:00+00:00
[2023-05-06T09:35:59.013+0000] {processor.py:178} INFO - Processing /home/airflow/.local/lib/python3.7/site-packages/airflow/example_dags/example_sla_dag.py took 0.092 seconds
[2023-05-06T09:36:29.437+0000] {processor.py:156} INFO - Started process (PID=366) to work on /home/airflow/.local/lib/python3.7/site-packages/airflow/example_dags/example_sla_dag.py
[2023-05-06T09:36:29.438+0000] {processor.py:799} INFO - Processing file /home/airflow/.local/lib/python3.7/site-packages/airflow/example_dags/example_sla_dag.py for tasks to queue
[2023-05-06T09:36:29.439+0000] {logging_mixin.py:149} INFO - [2023-05-06T09:36:29.439+0000] {dagbag.py:541} INFO - Filling up the DagBag from /home/airflow/.local/lib/python3.7/site-packages/airflow/example_dags/example_sla_dag.py
[2023-05-06T09:36:29.448+0000] {processor.py:809} INFO - DAG(s) dict_keys(['example_sla_dag']) retrieved from /home/airflow/.local/lib/python3.7/site-packages/airflow/example_dags/example_sla_dag.py
[2023-05-06T09:36:29.460+0000] {logging_mixin.py:149} INFO - [2023-05-06T09:36:29.460+0000] {dag.py:2726} INFO - Sync 1 DAGs
[2023-05-06T09:36:29.493+0000] {logging_mixin.py:149} INFO - [2023-05-06T09:36:29.493+0000] {dag.py:3490} INFO - Setting next_dagrun for example_sla_dag to 2023-05-06T09:34:00+00:00, run_after=2023-05-06T09:36:00+00:00
[2023-05-06T09:36:29.520+0000] {processor.py:178} INFO - Processing /home/airflow/.local/lib/python3.7/site-packages/airflow/example_dags/example_sla_dag.py took 0.086 seconds
[2023-05-06T09:36:59.934+0000] {processor.py:156} INFO - Started process (PID=419) to work on /home/airflow/.local/lib/python3.7/site-packages/airflow/example_dags/example_sla_dag.py
[2023-05-06T09:36:59.935+0000] {processor.py:799} INFO - Processing file /home/airflow/.local/lib/python3.7/site-packages/airflow/example_dags/example_sla_dag.py for tasks to queue
[2023-05-06T09:36:59.938+0000] {logging_mixin.py:149} INFO - [2023-05-06T09:36:59.937+0000] {dagbag.py:541} INFO - Filling up the DagBag from /home/airflow/.local/lib/python3.7/site-packages/airflow/example_dags/example_sla_dag.py
[2023-05-06T09:36:59.947+0000] {processor.py:809} INFO - DAG(s) dict_keys(['example_sla_dag']) retrieved from /home/airflow/.local/lib/python3.7/site-packages/airflow/example_dags/example_sla_dag.py
[2023-05-06T09:36:59.976+0000] {logging_mixin.py:149} INFO - [2023-05-06T09:36:59.975+0000] {dag.py:2726} INFO - Sync 1 DAGs
[2023-05-06T09:37:00.017+0000] {logging_mixin.py:149} INFO - [2023-05-06T09:37:00.017+0000] {dag.py:3490} INFO - Setting next_dagrun for example_sla_dag to 2023-05-06T09:34:00+00:00, run_after=2023-05-06T09:36:00+00:00
[2023-05-06T09:37:00.040+0000] {processor.py:178} INFO - Processing /home/airflow/.local/lib/python3.7/site-packages/airflow/example_dags/example_sla_dag.py took 0.109 seconds
[2023-05-06T09:37:30.578+0000] {processor.py:156} INFO - Started process (PID=472) to work on /home/airflow/.local/lib/python3.7/site-packages/airflow/example_dags/example_sla_dag.py
[2023-05-06T09:37:30.579+0000] {processor.py:799} INFO - Processing file /home/airflow/.local/lib/python3.7/site-packages/airflow/example_dags/example_sla_dag.py for tasks to queue
[2023-05-06T09:37:30.582+0000] {logging_mixin.py:149} INFO - [2023-05-06T09:37:30.582+0000] {dagbag.py:541} INFO - Filling up the DagBag from /home/airflow/.local/lib/python3.7/site-packages/airflow/example_dags/example_sla_dag.py
[2023-05-06T09:37:30.593+0000] {processor.py:809} INFO - DAG(s) dict_keys(['example_sla_dag']) retrieved from /home/airflow/.local/lib/python3.7/site-packages/airflow/example_dags/example_sla_dag.py
[2023-05-06T09:37:30.620+0000] {logging_mixin.py:149} INFO - [2023-05-06T09:37:30.620+0000] {dag.py:2726} INFO - Sync 1 DAGs
[2023-05-06T09:37:30.659+0000] {logging_mixin.py:149} INFO - [2023-05-06T09:37:30.659+0000] {dag.py:3490} INFO - Setting next_dagrun for example_sla_dag to 2023-05-06T09:34:00+00:00, run_after=2023-05-06T09:36:00+00:00
[2023-05-06T09:37:30.686+0000] {processor.py:178} INFO - Processing /home/airflow/.local/lib/python3.7/site-packages/airflow/example_dags/example_sla_dag.py took 0.112 seconds
[2023-05-06T09:38:01.060+0000] {processor.py:156} INFO - Started process (PID=525) to work on /home/airflow/.local/lib/python3.7/site-packages/airflow/example_dags/example_sla_dag.py
[2023-05-06T09:38:01.061+0000] {processor.py:799} INFO - Processing file /home/airflow/.local/lib/python3.7/site-packages/airflow/example_dags/example_sla_dag.py for tasks to queue
[2023-05-06T09:38:01.063+0000] {logging_mixin.py:149} INFO - [2023-05-06T09:38:01.063+0000] {dagbag.py:541} INFO - Filling up the DagBag from /home/airflow/.local/lib/python3.7/site-packages/airflow/example_dags/example_sla_dag.py
[2023-05-06T09:38:01.072+0000] {processor.py:809} INFO - DAG(s) dict_keys(['example_sla_dag']) retrieved from /home/airflow/.local/lib/python3.7/site-packages/airflow/example_dags/example_sla_dag.py
[2023-05-06T09:38:01.097+0000] {logging_mixin.py:149} INFO - [2023-05-06T09:38:01.097+0000] {dag.py:2726} INFO - Sync 1 DAGs
[2023-05-06T09:38:01.129+0000] {logging_mixin.py:149} INFO - [2023-05-06T09:38:01.129+0000] {dag.py:3490} INFO - Setting next_dagrun for example_sla_dag to 2023-05-06T09:36:00+00:00, run_after=2023-05-06T09:38:00+00:00
[2023-05-06T09:38:01.149+0000] {processor.py:178} INFO - Processing /home/airflow/.local/lib/python3.7/site-packages/airflow/example_dags/example_sla_dag.py took 0.092 seconds
[2023-05-06T09:38:31.627+0000] {processor.py:156} INFO - Started process (PID=578) to work on /home/airflow/.local/lib/python3.7/site-packages/airflow/example_dags/example_sla_dag.py
[2023-05-06T09:38:31.629+0000] {processor.py:799} INFO - Processing file /home/airflow/.local/lib/python3.7/site-packages/airflow/example_dags/example_sla_dag.py for tasks to queue
[2023-05-06T09:38:31.631+0000] {logging_mixin.py:149} INFO - [2023-05-06T09:38:31.631+0000] {dagbag.py:541} INFO - Filling up the DagBag from /home/airflow/.local/lib/python3.7/site-packages/airflow/example_dags/example_sla_dag.py
[2023-05-06T09:38:31.645+0000] {processor.py:809} INFO - DAG(s) dict_keys(['example_sla_dag']) retrieved from /home/airflow/.local/lib/python3.7/site-packages/airflow/example_dags/example_sla_dag.py
[2023-05-06T09:38:31.684+0000] {logging_mixin.py:149} INFO - [2023-05-06T09:38:31.683+0000] {dag.py:2726} INFO - Sync 1 DAGs
[2023-05-06T09:38:31.728+0000] {logging_mixin.py:149} INFO - [2023-05-06T09:38:31.728+0000] {dag.py:3490} INFO - Setting next_dagrun for example_sla_dag to 2023-05-06T09:36:00+00:00, run_after=2023-05-06T09:38:00+00:00
[2023-05-06T09:38:31.751+0000] {processor.py:178} INFO - Processing /home/airflow/.local/lib/python3.7/site-packages/airflow/example_dags/example_sla_dag.py took 0.129 seconds
[2023-05-06T09:39:01.897+0000] {processor.py:156} INFO - Started process (PID=632) to work on /home/airflow/.local/lib/python3.7/site-packages/airflow/example_dags/example_sla_dag.py
[2023-05-06T09:39:01.898+0000] {processor.py:799} INFO - Processing file /home/airflow/.local/lib/python3.7/site-packages/airflow/example_dags/example_sla_dag.py for tasks to queue
[2023-05-06T09:39:01.899+0000] {logging_mixin.py:149} INFO - [2023-05-06T09:39:01.899+0000] {dagbag.py:541} INFO - Filling up the DagBag from /home/airflow/.local/lib/python3.7/site-packages/airflow/example_dags/example_sla_dag.py
[2023-05-06T09:39:01.907+0000] {processor.py:809} INFO - DAG(s) dict_keys(['example_sla_dag']) retrieved from /home/airflow/.local/lib/python3.7/site-packages/airflow/example_dags/example_sla_dag.py
[2023-05-06T09:39:01.930+0000] {logging_mixin.py:149} INFO - [2023-05-06T09:39:01.930+0000] {dag.py:2726} INFO - Sync 1 DAGs
[2023-05-06T09:39:01.963+0000] {logging_mixin.py:149} INFO - [2023-05-06T09:39:01.962+0000] {dag.py:3490} INFO - Setting next_dagrun for example_sla_dag to 2023-05-06T09:36:00+00:00, run_after=2023-05-06T09:38:00+00:00
[2023-05-06T09:39:01.983+0000] {processor.py:178} INFO - Processing /home/airflow/.local/lib/python3.7/site-packages/airflow/example_dags/example_sla_dag.py took 0.089 seconds
[2023-05-06T09:39:32.137+0000] {processor.py:156} INFO - Started process (PID=685) to work on /home/airflow/.local/lib/python3.7/site-packages/airflow/example_dags/example_sla_dag.py
[2023-05-06T09:39:32.145+0000] {processor.py:799} INFO - Processing file /home/airflow/.local/lib/python3.7/site-packages/airflow/example_dags/example_sla_dag.py for tasks to queue
[2023-05-06T09:39:32.149+0000] {logging_mixin.py:149} INFO - [2023-05-06T09:39:32.149+0000] {dagbag.py:541} INFO - Filling up the DagBag from /home/airflow/.local/lib/python3.7/site-packages/airflow/example_dags/example_sla_dag.py
[2023-05-06T09:39:32.162+0000] {processor.py:809} INFO - DAG(s) dict_keys(['example_sla_dag']) retrieved from /home/airflow/.local/lib/python3.7/site-packages/airflow/example_dags/example_sla_dag.py
[2023-05-06T09:39:32.203+0000] {logging_mixin.py:149} INFO - [2023-05-06T09:39:32.203+0000] {dag.py:2726} INFO - Sync 1 DAGs
[2023-05-06T09:39:32.263+0000] {logging_mixin.py:149} INFO - [2023-05-06T09:39:32.263+0000] {dag.py:3490} INFO - Setting next_dagrun for example_sla_dag to 2023-05-06T09:36:00+00:00, run_after=2023-05-06T09:38:00+00:00
[2023-05-06T09:39:32.299+0000] {processor.py:178} INFO - Processing /home/airflow/.local/lib/python3.7/site-packages/airflow/example_dags/example_sla_dag.py took 0.166 seconds
[2023-05-06T09:40:02.901+0000] {processor.py:156} INFO - Started process (PID=738) to work on /home/airflow/.local/lib/python3.7/site-packages/airflow/example_dags/example_sla_dag.py
[2023-05-06T09:40:02.902+0000] {processor.py:799} INFO - Processing file /home/airflow/.local/lib/python3.7/site-packages/airflow/example_dags/example_sla_dag.py for tasks to queue
[2023-05-06T09:40:02.904+0000] {logging_mixin.py:149} INFO - [2023-05-06T09:40:02.904+0000] {dagbag.py:541} INFO - Filling up the DagBag from /home/airflow/.local/lib/python3.7/site-packages/airflow/example_dags/example_sla_dag.py
[2023-05-06T09:40:02.915+0000] {processor.py:809} INFO - DAG(s) dict_keys(['example_sla_dag']) retrieved from /home/airflow/.local/lib/python3.7/site-packages/airflow/example_dags/example_sla_dag.py
[2023-05-06T09:40:02.946+0000] {logging_mixin.py:149} INFO - [2023-05-06T09:40:02.946+0000] {dag.py:2726} INFO - Sync 1 DAGs
[2023-05-06T09:40:02.989+0000] {logging_mixin.py:149} INFO - [2023-05-06T09:40:02.989+0000] {dag.py:3490} INFO - Setting next_dagrun for example_sla_dag to 2023-05-06T09:38:00+00:00, run_after=2023-05-06T09:40:00+00:00
[2023-05-06T09:40:03.018+0000] {processor.py:178} INFO - Processing /home/airflow/.local/lib/python3.7/site-packages/airflow/example_dags/example_sla_dag.py took 0.120 seconds
[2023-05-06T09:40:33.592+0000] {processor.py:156} INFO - Started process (PID=791) to work on /home/airflow/.local/lib/python3.7/site-packages/airflow/example_dags/example_sla_dag.py
[2023-05-06T09:40:33.593+0000] {processor.py:799} INFO - Processing file /home/airflow/.local/lib/python3.7/site-packages/airflow/example_dags/example_sla_dag.py for tasks to queue
[2023-05-06T09:40:33.595+0000] {logging_mixin.py:149} INFO - [2023-05-06T09:40:33.595+0000] {dagbag.py:541} INFO - Filling up the DagBag from /home/airflow/.local/lib/python3.7/site-packages/airflow/example_dags/example_sla_dag.py
[2023-05-06T09:40:33.602+0000] {processor.py:809} INFO - DAG(s) dict_keys(['example_sla_dag']) retrieved from /home/airflow/.local/lib/python3.7/site-packages/airflow/example_dags/example_sla_dag.py
[2023-05-06T09:40:33.624+0000] {logging_mixin.py:149} INFO - [2023-05-06T09:40:33.624+0000] {dag.py:2726} INFO - Sync 1 DAGs
[2023-05-06T09:40:33.654+0000] {logging_mixin.py:149} INFO - [2023-05-06T09:40:33.654+0000] {dag.py:3490} INFO - Setting next_dagrun for example_sla_dag to 2023-05-06T09:38:00+00:00, run_after=2023-05-06T09:40:00+00:00
[2023-05-06T09:40:33.673+0000] {processor.py:178} INFO - Processing /home/airflow/.local/lib/python3.7/site-packages/airflow/example_dags/example_sla_dag.py took 0.083 seconds
[2023-05-06T09:41:04.064+0000] {processor.py:156} INFO - Started process (PID=845) to work on /home/airflow/.local/lib/python3.7/site-packages/airflow/example_dags/example_sla_dag.py
[2023-05-06T09:41:04.065+0000] {processor.py:799} INFO - Processing file /home/airflow/.local/lib/python3.7/site-packages/airflow/example_dags/example_sla_dag.py for tasks to queue
[2023-05-06T09:41:04.067+0000] {logging_mixin.py:149} INFO - [2023-05-06T09:41:04.067+0000] {dagbag.py:541} INFO - Filling up the DagBag from /home/airflow/.local/lib/python3.7/site-packages/airflow/example_dags/example_sla_dag.py
[2023-05-06T09:41:04.074+0000] {processor.py:809} INFO - DAG(s) dict_keys(['example_sla_dag']) retrieved from /home/airflow/.local/lib/python3.7/site-packages/airflow/example_dags/example_sla_dag.py
[2023-05-06T09:41:04.097+0000] {logging_mixin.py:149} INFO - [2023-05-06T09:41:04.096+0000] {dag.py:2726} INFO - Sync 1 DAGs
[2023-05-06T09:41:04.128+0000] {logging_mixin.py:149} INFO - [2023-05-06T09:41:04.127+0000] {dag.py:3490} INFO - Setting next_dagrun for example_sla_dag to 2023-05-06T09:38:00+00:00, run_after=2023-05-06T09:40:00+00:00
[2023-05-06T09:41:04.147+0000] {processor.py:178} INFO - Processing /home/airflow/.local/lib/python3.7/site-packages/airflow/example_dags/example_sla_dag.py took 0.086 seconds
[2023-05-06T09:41:35.056+0000] {processor.py:156} INFO - Started process (PID=900) to work on /home/airflow/.local/lib/python3.7/site-packages/airflow/example_dags/example_sla_dag.py
[2023-05-06T09:41:35.060+0000] {processor.py:799} INFO - Processing file /home/airflow/.local/lib/python3.7/site-packages/airflow/example_dags/example_sla_dag.py for tasks to queue
[2023-05-06T09:41:35.064+0000] {logging_mixin.py:149} INFO - [2023-05-06T09:41:35.064+0000] {dagbag.py:541} INFO - Filling up the DagBag from /home/airflow/.local/lib/python3.7/site-packages/airflow/example_dags/example_sla_dag.py
[2023-05-06T09:41:35.085+0000] {processor.py:809} INFO - DAG(s) dict_keys(['example_sla_dag']) retrieved from /home/airflow/.local/lib/python3.7/site-packages/airflow/example_dags/example_sla_dag.py
[2023-05-06T09:41:35.136+0000] {logging_mixin.py:149} INFO - [2023-05-06T09:41:35.135+0000] {dag.py:2726} INFO - Sync 1 DAGs
[2023-05-06T09:41:35.208+0000] {logging_mixin.py:149} INFO - [2023-05-06T09:41:35.207+0000] {dag.py:3490} INFO - Setting next_dagrun for example_sla_dag to 2023-05-06T09:38:00+00:00, run_after=2023-05-06T09:40:00+00:00
[2023-05-06T09:41:35.257+0000] {processor.py:178} INFO - Processing /home/airflow/.local/lib/python3.7/site-packages/airflow/example_dags/example_sla_dag.py took 0.206 seconds
[2023-05-06T09:42:05.478+0000] {processor.py:156} INFO - Started process (PID=953) to work on /home/airflow/.local/lib/python3.7/site-packages/airflow/example_dags/example_sla_dag.py
[2023-05-06T09:42:05.483+0000] {processor.py:799} INFO - Processing file /home/airflow/.local/lib/python3.7/site-packages/airflow/example_dags/example_sla_dag.py for tasks to queue
[2023-05-06T09:42:05.485+0000] {logging_mixin.py:149} INFO - [2023-05-06T09:42:05.485+0000] {dagbag.py:541} INFO - Filling up the DagBag from /home/airflow/.local/lib/python3.7/site-packages/airflow/example_dags/example_sla_dag.py
[2023-05-06T09:42:05.497+0000] {processor.py:809} INFO - DAG(s) dict_keys(['example_sla_dag']) retrieved from /home/airflow/.local/lib/python3.7/site-packages/airflow/example_dags/example_sla_dag.py
[2023-05-06T09:42:05.514+0000] {logging_mixin.py:149} INFO - [2023-05-06T09:42:05.513+0000] {dag.py:2726} INFO - Sync 1 DAGs
[2023-05-06T09:42:05.573+0000] {logging_mixin.py:149} INFO - [2023-05-06T09:42:05.573+0000] {dag.py:3490} INFO - Setting next_dagrun for example_sla_dag to 2023-05-06T09:40:00+00:00, run_after=2023-05-06T09:42:00+00:00
[2023-05-06T09:42:05.602+0000] {processor.py:178} INFO - Processing /home/airflow/.local/lib/python3.7/site-packages/airflow/example_dags/example_sla_dag.py took 0.128 seconds
[2023-05-06T09:42:35.781+0000] {processor.py:156} INFO - Started process (PID=1006) to work on /home/airflow/.local/lib/python3.7/site-packages/airflow/example_dags/example_sla_dag.py
[2023-05-06T09:42:35.782+0000] {processor.py:799} INFO - Processing file /home/airflow/.local/lib/python3.7/site-packages/airflow/example_dags/example_sla_dag.py for tasks to queue
[2023-05-06T09:42:35.784+0000] {logging_mixin.py:149} INFO - [2023-05-06T09:42:35.784+0000] {dagbag.py:541} INFO - Filling up the DagBag from /home/airflow/.local/lib/python3.7/site-packages/airflow/example_dags/example_sla_dag.py
[2023-05-06T09:42:35.792+0000] {processor.py:809} INFO - DAG(s) dict_keys(['example_sla_dag']) retrieved from /home/airflow/.local/lib/python3.7/site-packages/airflow/example_dags/example_sla_dag.py
[2023-05-06T09:42:35.816+0000] {logging_mixin.py:149} INFO - [2023-05-06T09:42:35.815+0000] {dag.py:2726} INFO - Sync 1 DAGs
[2023-05-06T09:42:35.850+0000] {logging_mixin.py:149} INFO - [2023-05-06T09:42:35.850+0000] {dag.py:3490} INFO - Setting next_dagrun for example_sla_dag to 2023-05-06T09:40:00+00:00, run_after=2023-05-06T09:42:00+00:00
[2023-05-06T09:42:35.875+0000] {processor.py:178} INFO - Processing /home/airflow/.local/lib/python3.7/site-packages/airflow/example_dags/example_sla_dag.py took 0.096 seconds
[2023-05-06T09:43:06.214+0000] {processor.py:156} INFO - Started process (PID=1059) to work on /home/airflow/.local/lib/python3.7/site-packages/airflow/example_dags/example_sla_dag.py
[2023-05-06T09:43:06.215+0000] {processor.py:799} INFO - Processing file /home/airflow/.local/lib/python3.7/site-packages/airflow/example_dags/example_sla_dag.py for tasks to queue
[2023-05-06T09:43:06.217+0000] {logging_mixin.py:149} INFO - [2023-05-06T09:43:06.216+0000] {dagbag.py:541} INFO - Filling up the DagBag from /home/airflow/.local/lib/python3.7/site-packages/airflow/example_dags/example_sla_dag.py
[2023-05-06T09:43:06.224+0000] {processor.py:809} INFO - DAG(s) dict_keys(['example_sla_dag']) retrieved from /home/airflow/.local/lib/python3.7/site-packages/airflow/example_dags/example_sla_dag.py
[2023-05-06T09:43:06.246+0000] {logging_mixin.py:149} INFO - [2023-05-06T09:43:06.245+0000] {dag.py:2726} INFO - Sync 1 DAGs
[2023-05-06T09:43:06.278+0000] {logging_mixin.py:149} INFO - [2023-05-06T09:43:06.278+0000] {dag.py:3490} INFO - Setting next_dagrun for example_sla_dag to 2023-05-06T09:40:00+00:00, run_after=2023-05-06T09:42:00+00:00
[2023-05-06T09:43:06.305+0000] {processor.py:178} INFO - Processing /home/airflow/.local/lib/python3.7/site-packages/airflow/example_dags/example_sla_dag.py took 0.094 seconds
[2023-05-06T09:43:36.614+0000] {processor.py:156} INFO - Started process (PID=1113) to work on /home/airflow/.local/lib/python3.7/site-packages/airflow/example_dags/example_sla_dag.py
[2023-05-06T09:43:36.614+0000] {processor.py:799} INFO - Processing file /home/airflow/.local/lib/python3.7/site-packages/airflow/example_dags/example_sla_dag.py for tasks to queue
[2023-05-06T09:43:36.616+0000] {logging_mixin.py:149} INFO - [2023-05-06T09:43:36.615+0000] {dagbag.py:541} INFO - Filling up the DagBag from /home/airflow/.local/lib/python3.7/site-packages/airflow/example_dags/example_sla_dag.py
[2023-05-06T09:43:36.622+0000] {processor.py:809} INFO - DAG(s) dict_keys(['example_sla_dag']) retrieved from /home/airflow/.local/lib/python3.7/site-packages/airflow/example_dags/example_sla_dag.py
[2023-05-06T09:43:36.643+0000] {logging_mixin.py:149} INFO - [2023-05-06T09:43:36.642+0000] {dag.py:2726} INFO - Sync 1 DAGs
[2023-05-06T09:43:36.669+0000] {logging_mixin.py:149} INFO - [2023-05-06T09:43:36.669+0000] {dag.py:3490} INFO - Setting next_dagrun for example_sla_dag to 2023-05-06T09:40:00+00:00, run_after=2023-05-06T09:42:00+00:00
[2023-05-06T09:43:36.689+0000] {processor.py:178} INFO - Processing /home/airflow/.local/lib/python3.7/site-packages/airflow/example_dags/example_sla_dag.py took 0.078 seconds
