[2023-05-09T04:42:19.024+0000] {taskinstance.py:1125} INFO - Dependencies all met for dep_context=non-requeueable deps ti=<TaskInstance: upload_to_gcs.spark_load_stock_data manual__2023-05-09T04:42:17.277661+00:00 [queued]>
[2023-05-09T04:42:19.031+0000] {taskinstance.py:1125} INFO - Dependencies all met for dep_context=requeueable deps ti=<TaskInstance: upload_to_gcs.spark_load_stock_data manual__2023-05-09T04:42:17.277661+00:00 [queued]>
[2023-05-09T04:42:19.031+0000] {taskinstance.py:1331} INFO - Starting attempt 1 of 2
[2023-05-09T04:42:19.041+0000] {taskinstance.py:1350} INFO - Executing <Task(SparkSubmitOperator): spark_load_stock_data> on 2023-05-09 04:42:17.277661+00:00
[2023-05-09T04:42:19.046+0000] {standard_task_runner.py:57} INFO - Started process 59 to run task
[2023-05-09T04:42:19.048+0000] {standard_task_runner.py:84} INFO - Running: ['***', 'tasks', 'run', 'upload_to_gcs', 'spark_load_stock_data', 'manual__2023-05-09T04:42:17.277661+00:00', '--job-id', '89', '--raw', '--subdir', 'DAGS_FOLDER/upload_to_gcs.py', '--cfg-path', '/tmp/tmpzd2v6pd2']
[2023-05-09T04:42:19.048+0000] {standard_task_runner.py:85} INFO - Job 89: Subtask spark_load_stock_data
[2023-05-09T04:42:19.081+0000] {task_command.py:410} INFO - Running <TaskInstance: upload_to_gcs.spark_load_stock_data manual__2023-05-09T04:42:17.277661+00:00 [running]> on host c46596148b7e
[2023-05-09T04:42:19.143+0000] {taskinstance.py:1568} INFO - Exporting env vars: AIRFLOW_CTX_DAG_OWNER='***' AIRFLOW_CTX_DAG_ID='upload_to_gcs' AIRFLOW_CTX_TASK_ID='spark_load_stock_data' AIRFLOW_CTX_EXECUTION_DATE='2023-05-09T04:42:17.277661+00:00' AIRFLOW_CTX_TRY_NUMBER='1' AIRFLOW_CTX_DAG_RUN_ID='manual__2023-05-09T04:42:17.277661+00:00'
[2023-05-09T04:42:19.150+0000] {base.py:73} INFO - Using connection ID 'spark_default' for task execution.
[2023-05-09T04:42:19.150+0000] {spark_submit.py:339} INFO - Spark-Submit cmd: spark-submit --master spark://spark:7077 --name arrow-spark --verbose /opt/spark/app/load_data.py
[2023-05-09T04:42:19.168+0000] {spark_submit.py:490} INFO - /opt/***/spark/spark-3.4.0-bin-hadoop3/bin/load-spark-env.sh: line 68: ps: command not found
[2023-05-09T04:42:20.748+0000] {spark_submit.py:490} INFO - Using properties file: null
[2023-05-09T04:42:20.915+0000] {spark_submit.py:490} INFO - Parsed arguments:
[2023-05-09T04:42:20.915+0000] {spark_submit.py:490} INFO - master                  spark://spark:7077
[2023-05-09T04:42:20.916+0000] {spark_submit.py:490} INFO - remote                  null
[2023-05-09T04:42:20.916+0000] {spark_submit.py:490} INFO - deployMode              null
[2023-05-09T04:42:20.916+0000] {spark_submit.py:490} INFO - executorMemory          null
[2023-05-09T04:42:20.916+0000] {spark_submit.py:490} INFO - executorCores           null
[2023-05-09T04:42:20.916+0000] {spark_submit.py:490} INFO - totalExecutorCores      null
[2023-05-09T04:42:20.916+0000] {spark_submit.py:490} INFO - propertiesFile          null
[2023-05-09T04:42:20.916+0000] {spark_submit.py:490} INFO - driverMemory            null
[2023-05-09T04:42:20.916+0000] {spark_submit.py:490} INFO - driverCores             null
[2023-05-09T04:42:20.916+0000] {spark_submit.py:490} INFO - driverExtraClassPath    null
[2023-05-09T04:42:20.916+0000] {spark_submit.py:490} INFO - driverExtraLibraryPath  null
[2023-05-09T04:42:20.916+0000] {spark_submit.py:490} INFO - driverExtraJavaOptions  null
[2023-05-09T04:42:20.917+0000] {spark_submit.py:490} INFO - supervise               false
[2023-05-09T04:42:20.917+0000] {spark_submit.py:490} INFO - queue                   null
[2023-05-09T04:42:20.917+0000] {spark_submit.py:490} INFO - numExecutors            null
[2023-05-09T04:42:20.917+0000] {spark_submit.py:490} INFO - files                   null
[2023-05-09T04:42:20.917+0000] {spark_submit.py:490} INFO - pyFiles                 null
[2023-05-09T04:42:20.917+0000] {spark_submit.py:490} INFO - archives                null
[2023-05-09T04:42:20.917+0000] {spark_submit.py:490} INFO - mainClass               null
[2023-05-09T04:42:20.917+0000] {spark_submit.py:490} INFO - primaryResource         file:/opt/spark/app/load_data.py
[2023-05-09T04:42:20.917+0000] {spark_submit.py:490} INFO - name                    arrow-spark
[2023-05-09T04:42:20.917+0000] {spark_submit.py:490} INFO - childArgs               []
[2023-05-09T04:42:20.917+0000] {spark_submit.py:490} INFO - jars                    null
[2023-05-09T04:42:20.918+0000] {spark_submit.py:490} INFO - packages                null
[2023-05-09T04:42:20.918+0000] {spark_submit.py:490} INFO - packagesExclusions      null
[2023-05-09T04:42:20.918+0000] {spark_submit.py:490} INFO - repositories            null
[2023-05-09T04:42:20.918+0000] {spark_submit.py:490} INFO - verbose                 true
[2023-05-09T04:42:20.918+0000] {spark_submit.py:490} INFO - 
[2023-05-09T04:42:20.918+0000] {spark_submit.py:490} INFO - Spark properties used, including those specified through
[2023-05-09T04:42:20.918+0000] {spark_submit.py:490} INFO - --conf and those from the properties file null:
[2023-05-09T04:42:20.918+0000] {spark_submit.py:490} INFO - 
[2023-05-09T04:42:20.918+0000] {spark_submit.py:490} INFO - 
[2023-05-09T04:42:20.918+0000] {spark_submit.py:490} INFO - 
[2023-05-09T04:42:21.234+0000] {spark_submit.py:490} INFO - Main class:
[2023-05-09T04:42:21.234+0000] {spark_submit.py:490} INFO - org.apache.spark.deploy.PythonRunner
[2023-05-09T04:42:21.235+0000] {spark_submit.py:490} INFO - Arguments:
[2023-05-09T04:42:21.235+0000] {spark_submit.py:490} INFO - file:/opt/spark/app/load_data.py
[2023-05-09T04:42:21.235+0000] {spark_submit.py:490} INFO - null
[2023-05-09T04:42:21.239+0000] {spark_submit.py:490} INFO - Spark config:
[2023-05-09T04:42:21.239+0000] {spark_submit.py:490} INFO - (spark.app.name,arrow-spark)
[2023-05-09T04:42:21.239+0000] {spark_submit.py:490} INFO - (spark.app.submitTime,1683607341217)
[2023-05-09T04:42:21.239+0000] {spark_submit.py:490} INFO - (spark.master,spark://spark:7077)
[2023-05-09T04:42:21.239+0000] {spark_submit.py:490} INFO - (spark.submit.deployMode,client)
[2023-05-09T04:42:21.239+0000] {spark_submit.py:490} INFO - (spark.submit.pyFiles,)
[2023-05-09T04:42:21.239+0000] {spark_submit.py:490} INFO - Classpath elements:
[2023-05-09T04:42:21.239+0000] {spark_submit.py:490} INFO - 
[2023-05-09T04:42:21.239+0000] {spark_submit.py:490} INFO - 
[2023-05-09T04:42:21.239+0000] {spark_submit.py:490} INFO - 
[2023-05-09T04:42:22.319+0000] {spark_submit.py:490} INFO - 23/05/09 04:42:22 INFO SparkContext: Running Spark version 3.4.0
[2023-05-09T04:42:22.390+0000] {spark_submit.py:490} INFO - 23/05/09 04:42:22 WARN NativeCodeLoader: Unable to load native-hadoop library for your platform... using builtin-java classes where applicable
[2023-05-09T04:42:22.514+0000] {spark_submit.py:490} INFO - 23/05/09 04:42:22 INFO ResourceUtils: ==============================================================
[2023-05-09T04:42:22.515+0000] {spark_submit.py:490} INFO - 23/05/09 04:42:22 INFO ResourceUtils: No custom resources configured for spark.driver.
[2023-05-09T04:42:22.515+0000] {spark_submit.py:490} INFO - 23/05/09 04:42:22 INFO ResourceUtils: ==============================================================
[2023-05-09T04:42:22.516+0000] {spark_submit.py:490} INFO - 23/05/09 04:42:22 INFO SparkContext: Submitted application: SparkUploadData
[2023-05-09T04:42:22.547+0000] {spark_submit.py:490} INFO - 23/05/09 04:42:22 INFO ResourceProfile: Default ResourceProfile created, executor resources: Map(memory -> name: memory, amount: 1024, script: , vendor: , offHeap -> name: offHeap, amount: 0, script: , vendor: ), task resources: Map(cpus -> name: cpus, amount: 1.0)
[2023-05-09T04:42:22.563+0000] {spark_submit.py:490} INFO - 23/05/09 04:42:22 INFO ResourceProfile: Limiting resource is cpu
[2023-05-09T04:42:22.564+0000] {spark_submit.py:490} INFO - 23/05/09 04:42:22 INFO ResourceProfileManager: Added ResourceProfile id: 0
[2023-05-09T04:42:22.636+0000] {spark_submit.py:490} INFO - 23/05/09 04:42:22 INFO SecurityManager: Changing view acls to: default
[2023-05-09T04:42:22.636+0000] {spark_submit.py:490} INFO - 23/05/09 04:42:22 INFO SecurityManager: Changing modify acls to: default
[2023-05-09T04:42:22.637+0000] {spark_submit.py:490} INFO - 23/05/09 04:42:22 INFO SecurityManager: Changing view acls groups to:
[2023-05-09T04:42:22.638+0000] {spark_submit.py:490} INFO - 23/05/09 04:42:22 INFO SecurityManager: Changing modify acls groups to:
[2023-05-09T04:42:22.638+0000] {spark_submit.py:490} INFO - 23/05/09 04:42:22 INFO SecurityManager: SecurityManager: authentication disabled; ui acls disabled; users with view permissions: default; groups with view permissions: EMPTY; users with modify permissions: default; groups with modify permissions: EMPTY
[2023-05-09T04:42:22.888+0000] {spark_submit.py:490} INFO - 23/05/09 04:42:22 INFO Utils: Successfully started service 'sparkDriver' on port 36365.
[2023-05-09T04:42:22.911+0000] {spark_submit.py:490} INFO - 23/05/09 04:42:22 INFO SparkEnv: Registering MapOutputTracker
[2023-05-09T04:42:22.941+0000] {spark_submit.py:490} INFO - 23/05/09 04:42:22 INFO SparkEnv: Registering BlockManagerMaster
[2023-05-09T04:42:22.959+0000] {spark_submit.py:490} INFO - 23/05/09 04:42:22 INFO BlockManagerMasterEndpoint: Using org.apache.spark.storage.DefaultTopologyMapper for getting topology information
[2023-05-09T04:42:22.960+0000] {spark_submit.py:490} INFO - 23/05/09 04:42:22 INFO BlockManagerMasterEndpoint: BlockManagerMasterEndpoint up
[2023-05-09T04:42:22.963+0000] {spark_submit.py:490} INFO - 23/05/09 04:42:22 INFO SparkEnv: Registering BlockManagerMasterHeartbeat
[2023-05-09T04:42:22.981+0000] {spark_submit.py:490} INFO - 23/05/09 04:42:22 INFO DiskBlockManager: Created local directory at /tmp/blockmgr-16054d5f-faed-4462-af06-2cd423ed67be
[2023-05-09T04:42:23.018+0000] {spark_submit.py:490} INFO - 23/05/09 04:42:23 INFO MemoryStore: MemoryStore started with capacity 434.4 MiB
[2023-05-09T04:42:23.035+0000] {spark_submit.py:490} INFO - 23/05/09 04:42:23 INFO SparkEnv: Registering OutputCommitCoordinator
[2023-05-09T04:42:23.177+0000] {spark_submit.py:490} INFO - 23/05/09 04:42:23 INFO JettyUtils: Start Jetty 0.0.0.0:4040 for SparkUI
[2023-05-09T04:42:23.236+0000] {spark_submit.py:490} INFO - 23/05/09 04:42:23 INFO Utils: Successfully started service 'SparkUI' on port 4040.
[2023-05-09T04:42:23.356+0000] {spark_submit.py:490} INFO - 23/05/09 04:42:23 INFO StandaloneAppClient$ClientEndpoint: Connecting to master spark://spark:7077...
[2023-05-09T04:42:23.454+0000] {spark_submit.py:490} INFO - 23/05/09 04:42:23 INFO TransportClientFactory: Successfully created connection to spark/172.21.0.4:7077 after 78 ms (0 ms spent in bootstraps)
[2023-05-09T04:42:23.582+0000] {spark_submit.py:490} INFO - 23/05/09 04:42:23 INFO StandaloneSchedulerBackend: Connected to Spark cluster with app ID app-20230509044223-0002
[2023-05-09T04:42:23.584+0000] {spark_submit.py:490} INFO - 23/05/09 04:42:23 INFO StandaloneAppClient$ClientEndpoint: Executor added: app-20230509044223-0002/0 on worker-20230509040304-172.21.0.5-36133 (172.21.0.5:36133) with 2 core(s)
[2023-05-09T04:42:23.585+0000] {spark_submit.py:490} INFO - 23/05/09 04:42:23 INFO StandaloneSchedulerBackend: Granted executor ID app-20230509044223-0002/0 on hostPort 172.21.0.5:36133 with 2 core(s), 1024.0 MiB RAM
[2023-05-09T04:42:23.589+0000] {spark_submit.py:490} INFO - 23/05/09 04:42:23 INFO Utils: Successfully started service 'org.apache.spark.network.netty.NettyBlockTransferService' on port 43691.
[2023-05-09T04:42:23.589+0000] {spark_submit.py:490} INFO - 23/05/09 04:42:23 INFO NettyBlockTransferService: Server created on c46596148b7e:43691
[2023-05-09T04:42:23.591+0000] {spark_submit.py:490} INFO - 23/05/09 04:42:23 INFO BlockManager: Using org.apache.spark.storage.RandomBlockReplicationPolicy for block replication policy
[2023-05-09T04:42:23.600+0000] {spark_submit.py:490} INFO - 23/05/09 04:42:23 INFO BlockManagerMaster: Registering BlockManager BlockManagerId(driver, c46596148b7e, 43691, None)
[2023-05-09T04:42:23.604+0000] {spark_submit.py:490} INFO - 23/05/09 04:42:23 INFO BlockManagerMasterEndpoint: Registering block manager c46596148b7e:43691 with 434.4 MiB RAM, BlockManagerId(driver, c46596148b7e, 43691, None)
[2023-05-09T04:42:23.607+0000] {spark_submit.py:490} INFO - 23/05/09 04:42:23 INFO BlockManagerMaster: Registered BlockManager BlockManagerId(driver, c46596148b7e, 43691, None)
[2023-05-09T04:42:23.608+0000] {spark_submit.py:490} INFO - 23/05/09 04:42:23 INFO BlockManager: Initialized BlockManager: BlockManagerId(driver, c46596148b7e, 43691, None)
[2023-05-09T04:42:23.613+0000] {spark_submit.py:490} INFO - 23/05/09 04:42:23 INFO StandaloneAppClient$ClientEndpoint: Executor updated: app-20230509044223-0002/0 is now RUNNING
[2023-05-09T04:42:23.838+0000] {spark_submit.py:490} INFO - 23/05/09 04:42:23 INFO StandaloneSchedulerBackend: SchedulerBackend is ready for scheduling beginning after reached minRegisteredResourcesRatio: 0.0
[2023-05-09T04:42:26.333+0000] {spark_submit.py:490} INFO - 23/05/09 04:42:26 INFO SharedState: Setting hive.metastore.warehouse.dir ('null') to the value of spark.sql.warehouse.dir.
[2023-05-09T04:42:26.336+0000] {spark_submit.py:490} INFO - 23/05/09 04:42:26 INFO SharedState: Warehouse path is 'file:/opt/***/spark-warehouse'.
[2023-05-09T04:42:26.704+0000] {spark_submit.py:490} INFO - 23/05/09 04:42:26 INFO StandaloneSchedulerBackend$StandaloneDriverEndpoint: Registered executor NettyRpcEndpointRef(spark-client://Executor) (172.21.0.5:34686) with ID 0,  ResourceProfileId 0
[2023-05-09T04:42:26.843+0000] {spark_submit.py:490} INFO - 23/05/09 04:42:26 INFO BlockManagerMasterEndpoint: Registering block manager 172.21.0.5:44633 with 434.4 MiB RAM, BlockManagerId(0, 172.21.0.5, 44633, None)
[2023-05-09T04:42:29.745+0000] {spark_submit.py:490} INFO - {'meta': {'symbol': 'AAPL', 'interval': '1h', 'currency': 'USD', 'exchange_timezone': 'America/New_York', 'exchange': 'NASDAQ', 'mic_code': 'XNGS', 'type': 'Common Stock'}, 'values': [{'datetime': '2019-01-10 15:00:00', 'open': '38.38500', 'high': '38.49250', 'low': '38.31750', 'close': '38.45000', 'volume': '3399058'}, {'datetime': '2019-01-10 14:00:00', 'open': '38.27000', 'high': '38.40250', 'low': '38.19250', 'close': '38.38750', 'volume': '3328102'}, {'datetime': '2019-01-10 13:00:00', 'open': '38.21000', 'high': '38.38500', 'low': '38.09000', 'close': '38.26875', 'volume': '5695761'}, {'datetime': '2019-01-10 12:00:00', 'open': '38.27750', 'high': '38.41000', 'low': '38.07750', 'close': '38.19750', 'volume': '3380849'}, {'datetime': '2019-01-10 11:00:00', 'open': '38.05180', 'high': '38.31000', 'low': '38.05180', 'close': '38.27135', 'volume': '4031222'}, {'datetime': '2019-01-10 10:00:00', 'open': '38.01500', 'high': '38.17250', 'low': '37.91500', 'close': '38.05103', 'volume': '4252943'}, {'datetime': '2019-01-10 09:00:00', 'open': '38.07500', 'high': '38.19750', 'low': '37.72250', 'close': '38.01408', 'volume': '8221598'}], 'status': 'ok'}
[2023-05-09T04:42:30.671+0000] {spark_submit.py:490} INFO - 23/05/09 04:42:30 INFO CodeGenerator: Code generated in 224.428585 ms
[2023-05-09T04:42:30.803+0000] {spark_submit.py:490} INFO - 23/05/09 04:42:30 INFO SparkContext: Starting job: json at NativeMethodAccessorImpl.java:0
[2023-05-09T04:42:30.816+0000] {spark_submit.py:490} INFO - 23/05/09 04:42:30 INFO DAGScheduler: Got job 0 (json at NativeMethodAccessorImpl.java:0) with 2 output partitions
[2023-05-09T04:42:30.816+0000] {spark_submit.py:490} INFO - 23/05/09 04:42:30 INFO DAGScheduler: Final stage: ResultStage 0 (json at NativeMethodAccessorImpl.java:0)
[2023-05-09T04:42:30.816+0000] {spark_submit.py:490} INFO - 23/05/09 04:42:30 INFO DAGScheduler: Parents of final stage: List()
[2023-05-09T04:42:30.818+0000] {spark_submit.py:490} INFO - 23/05/09 04:42:30 INFO DAGScheduler: Missing parents: List()
[2023-05-09T04:42:30.823+0000] {spark_submit.py:490} INFO - 23/05/09 04:42:30 INFO DAGScheduler: Submitting ResultStage 0 (MapPartitionsRDD[11] at json at NativeMethodAccessorImpl.java:0), which has no missing parents
[2023-05-09T04:42:30.957+0000] {spark_submit.py:490} INFO - 23/05/09 04:42:30 INFO MemoryStore: Block broadcast_0 stored as values in memory (estimated size 19.8 KiB, free 434.4 MiB)
[2023-05-09T04:42:30.986+0000] {spark_submit.py:490} INFO - 23/05/09 04:42:30 INFO MemoryStore: Block broadcast_0_piece0 stored as bytes in memory (estimated size 9.7 KiB, free 434.4 MiB)
[2023-05-09T04:42:30.989+0000] {spark_submit.py:490} INFO - 23/05/09 04:42:30 INFO BlockManagerInfo: Added broadcast_0_piece0 in memory on c46596148b7e:43691 (size: 9.7 KiB, free: 434.4 MiB)
[2023-05-09T04:42:30.992+0000] {spark_submit.py:490} INFO - 23/05/09 04:42:30 INFO SparkContext: Created broadcast 0 from broadcast at DAGScheduler.scala:1535
[2023-05-09T04:42:31.003+0000] {spark_submit.py:490} INFO - 23/05/09 04:42:31 INFO DAGScheduler: Submitting 2 missing tasks from ResultStage 0 (MapPartitionsRDD[11] at json at NativeMethodAccessorImpl.java:0) (first 15 tasks are for partitions Vector(0, 1))
[2023-05-09T04:42:31.004+0000] {spark_submit.py:490} INFO - 23/05/09 04:42:31 INFO TaskSchedulerImpl: Adding task set 0.0 with 2 tasks resource profile 0
[2023-05-09T04:42:31.034+0000] {spark_submit.py:490} INFO - 23/05/09 04:42:31 INFO TaskSetManager: Starting task 0.0 in stage 0.0 (TID 0) (172.21.0.5, executor 0, partition 0, PROCESS_LOCAL, 7347 bytes)
[2023-05-09T04:42:31.037+0000] {spark_submit.py:490} INFO - 23/05/09 04:42:31 INFO TaskSetManager: Starting task 1.0 in stage 0.0 (TID 1) (172.21.0.5, executor 0, partition 1, PROCESS_LOCAL, 8056 bytes)
[2023-05-09T04:42:31.325+0000] {spark_submit.py:490} INFO - 23/05/09 04:42:31 INFO BlockManagerInfo: Added broadcast_0_piece0 in memory on 172.21.0.5:44633 (size: 9.7 KiB, free: 434.4 MiB)
[2023-05-09T04:42:32.942+0000] {spark_submit.py:490} INFO - 23/05/09 04:42:32 INFO TaskSetManager: Finished task 0.0 in stage 0.0 (TID 0) in 1916 ms on 172.21.0.5 (executor 0) (1/2)
[2023-05-09T04:42:32.944+0000] {spark_submit.py:490} INFO - 23/05/09 04:42:32 INFO TaskSetManager: Finished task 1.0 in stage 0.0 (TID 1) in 1908 ms on 172.21.0.5 (executor 0) (2/2)
[2023-05-09T04:42:32.945+0000] {spark_submit.py:490} INFO - 23/05/09 04:42:32 INFO TaskSchedulerImpl: Removed TaskSet 0.0, whose tasks have all completed, from pool
[2023-05-09T04:42:32.951+0000] {spark_submit.py:490} INFO - 23/05/09 04:42:32 INFO PythonAccumulatorV2: Connected to AccumulatorServer at host: 127.0.0.1 port: 41905
[2023-05-09T04:42:32.959+0000] {spark_submit.py:490} INFO - 23/05/09 04:42:32 INFO DAGScheduler: ResultStage 0 (json at NativeMethodAccessorImpl.java:0) finished in 2.100 s
[2023-05-09T04:42:32.964+0000] {spark_submit.py:490} INFO - 23/05/09 04:42:32 INFO DAGScheduler: Job 0 is finished. Cancelling potential speculative or zombie tasks for this job
[2023-05-09T04:42:32.965+0000] {spark_submit.py:490} INFO - 23/05/09 04:42:32 INFO TaskSchedulerImpl: Killing all running tasks in stage 0: Stage finished
[2023-05-09T04:42:32.968+0000] {spark_submit.py:490} INFO - 23/05/09 04:42:32 INFO DAGScheduler: Job 0 finished: json at NativeMethodAccessorImpl.java:0, took 2.164448 s
[2023-05-09T04:42:33.937+0000] {spark_submit.py:490} INFO - {'meta': {'symbol': 'MSFT', 'interval': '1h', 'currency': 'USD', 'exchange_timezone': 'America/New_York', 'exchange': 'NASDAQ', 'mic_code': 'XNGS', 'type': 'Common Stock'}, 'values': [{'datetime': '2019-01-10 15:00:00', 'open': '103.32000', 'high': '103.75000', 'low': '103.20000', 'close': '103.59000', 'volume': '3160767'}, {'datetime': '2019-01-10 14:00:00', 'open': '103.01000', 'high': '103.45000', 'low': '102.90000', 'close': '103.31000', 'volume': '3434101'}, {'datetime': '2019-01-10 13:00:00', 'open': '102.85000', 'high': '103.36000', 'low': '102.38110', 'close': '103.01000', 'volume': '2983593'}, {'datetime': '2019-01-10 12:00:00', 'open': '103.05000', 'high': '103.46000', 'low': '102.62790', 'close': '102.84510', 'volume': '3238377'}, {'datetime': '2019-01-10 11:00:00', 'open': '103.26000', 'high': '103.60000', 'low': '103.00070', 'close': '103.04000', 'volume': '2887803'}, {'datetime': '2019-01-10 10:00:00', 'open': '103.51500', 'high': '103.64000', 'low': '103.22500', 'close': '103.24500', 'volume': '2736747'}, {'datetime': '2019-01-10 09:00:00', 'open': '103.10000', 'high': '103.56000', 'low': '102.60000', 'close': '103.50690', 'volume': '5526963'}], 'status': 'ok'}
[2023-05-09T04:42:34.014+0000] {spark_submit.py:490} INFO - 23/05/09 04:42:34 INFO SparkContext: Starting job: json at NativeMethodAccessorImpl.java:0
[2023-05-09T04:42:34.016+0000] {spark_submit.py:490} INFO - 23/05/09 04:42:34 INFO DAGScheduler: Got job 1 (json at NativeMethodAccessorImpl.java:0) with 2 output partitions
[2023-05-09T04:42:34.016+0000] {spark_submit.py:490} INFO - 23/05/09 04:42:34 INFO DAGScheduler: Final stage: ResultStage 1 (json at NativeMethodAccessorImpl.java:0)
[2023-05-09T04:42:34.016+0000] {spark_submit.py:490} INFO - 23/05/09 04:42:34 INFO DAGScheduler: Parents of final stage: List()
[2023-05-09T04:42:34.016+0000] {spark_submit.py:490} INFO - 23/05/09 04:42:34 INFO DAGScheduler: Missing parents: List()
[2023-05-09T04:42:34.018+0000] {spark_submit.py:490} INFO - 23/05/09 04:42:34 INFO DAGScheduler: Submitting ResultStage 1 (MapPartitionsRDD[22] at json at NativeMethodAccessorImpl.java:0), which has no missing parents
[2023-05-09T04:42:34.023+0000] {spark_submit.py:490} INFO - 23/05/09 04:42:34 INFO MemoryStore: Block broadcast_1 stored as values in memory (estimated size 19.8 KiB, free 434.4 MiB)
[2023-05-09T04:42:34.026+0000] {spark_submit.py:490} INFO - 23/05/09 04:42:34 INFO MemoryStore: Block broadcast_1_piece0 stored as bytes in memory (estimated size 9.7 KiB, free 434.3 MiB)
[2023-05-09T04:42:34.027+0000] {spark_submit.py:490} INFO - 23/05/09 04:42:34 INFO BlockManagerInfo: Added broadcast_1_piece0 in memory on c46596148b7e:43691 (size: 9.7 KiB, free: 434.4 MiB)
[2023-05-09T04:42:34.028+0000] {spark_submit.py:490} INFO - 23/05/09 04:42:34 INFO SparkContext: Created broadcast 1 from broadcast at DAGScheduler.scala:1535
[2023-05-09T04:42:34.029+0000] {spark_submit.py:490} INFO - 23/05/09 04:42:34 INFO DAGScheduler: Submitting 2 missing tasks from ResultStage 1 (MapPartitionsRDD[22] at json at NativeMethodAccessorImpl.java:0) (first 15 tasks are for partitions Vector(0, 1))
[2023-05-09T04:42:34.030+0000] {spark_submit.py:490} INFO - 23/05/09 04:42:34 INFO TaskSchedulerImpl: Adding task set 1.0 with 2 tasks resource profile 0
[2023-05-09T04:42:34.031+0000] {spark_submit.py:490} INFO - 23/05/09 04:42:34 INFO TaskSetManager: Starting task 0.0 in stage 1.0 (TID 2) (172.21.0.5, executor 0, partition 0, PROCESS_LOCAL, 7347 bytes)
[2023-05-09T04:42:34.033+0000] {spark_submit.py:490} INFO - 23/05/09 04:42:34 INFO TaskSetManager: Starting task 1.0 in stage 1.0 (TID 3) (172.21.0.5, executor 0, partition 1, PROCESS_LOCAL, 8084 bytes)
[2023-05-09T04:42:34.055+0000] {spark_submit.py:490} INFO - 23/05/09 04:42:34 INFO BlockManagerInfo: Added broadcast_1_piece0 in memory on 172.21.0.5:44633 (size: 9.7 KiB, free: 434.4 MiB)
[2023-05-09T04:42:34.122+0000] {spark_submit.py:490} INFO - 23/05/09 04:42:34 INFO TaskSetManager: Finished task 1.0 in stage 1.0 (TID 3) in 90 ms on 172.21.0.5 (executor 0) (1/2)
[2023-05-09T04:42:34.128+0000] {spark_submit.py:490} INFO - 23/05/09 04:42:34 INFO TaskSetManager: Finished task 0.0 in stage 1.0 (TID 2) in 97 ms on 172.21.0.5 (executor 0) (2/2)
[2023-05-09T04:42:34.129+0000] {spark_submit.py:490} INFO - 23/05/09 04:42:34 INFO TaskSchedulerImpl: Removed TaskSet 1.0, whose tasks have all completed, from pool
[2023-05-09T04:42:34.130+0000] {spark_submit.py:490} INFO - 23/05/09 04:42:34 INFO DAGScheduler: ResultStage 1 (json at NativeMethodAccessorImpl.java:0) finished in 0.110 s
[2023-05-09T04:42:34.131+0000] {spark_submit.py:490} INFO - 23/05/09 04:42:34 INFO DAGScheduler: Job 1 is finished. Cancelling potential speculative or zombie tasks for this job
[2023-05-09T04:42:34.131+0000] {spark_submit.py:490} INFO - 23/05/09 04:42:34 INFO TaskSchedulerImpl: Killing all running tasks in stage 1: Stage finished
[2023-05-09T04:42:34.131+0000] {spark_submit.py:490} INFO - 23/05/09 04:42:34 INFO DAGScheduler: Job 1 finished: json at NativeMethodAccessorImpl.java:0, took 0.116572 s
[2023-05-09T04:42:34.904+0000] {spark_submit.py:490} INFO - {'meta': {'symbol': 'GOOG', 'interval': '1h', 'currency': 'USD', 'exchange_timezone': 'America/New_York', 'exchange': 'NASDAQ', 'mic_code': 'XNGS', 'type': 'Common Stock'}, 'values': [{'datetime': '2019-01-10 15:00:00', 'open': '1069.18005', 'high': '1071.15002', 'low': '1067.89685', 'close': '1069.21997', 'volume': '476190'}, {'datetime': '2019-01-10 14:00:00', 'open': '1067.42529', 'high': '1069.77002', 'low': '1064.40002', 'close': '1069.77002', 'volume': '95555'}, {'datetime': '2019-01-10 13:00:00', 'open': '1064.23364', 'high': '1070.44885', 'low': '1060.00000', 'close': '1067.33997', 'volume': '107263'}, {'datetime': '2019-01-10 12:00:00', 'open': '1064.57996', 'high': '1068.31995', 'low': '1061.31995', 'close': '1063.25378', 'volume': '119577'}, {'datetime': '2019-01-10 11:00:00', 'open': '1063.25244', 'high': '1066.16003', 'low': '1061.94995', 'close': '1064.44995', 'volume': '118570'}, {'datetime': '2019-01-10 10:00:00', 'open': '1066.78003', 'high': '1067.30005', 'low': '1061.73926', 'close': '1062.55005', 'volume': '223763'}, {'datetime': '2019-01-10 09:00:00', 'open': '1067.81006', 'high': '1068.05005', 'low': '1058.00000', 'close': '1067.48999', 'volume': '257876'}], 'status': 'ok'}
[2023-05-09T04:42:34.953+0000] {spark_submit.py:490} INFO - 23/05/09 04:42:34 INFO SparkContext: Starting job: json at NativeMethodAccessorImpl.java:0
[2023-05-09T04:42:34.954+0000] {spark_submit.py:490} INFO - 23/05/09 04:42:34 INFO DAGScheduler: Got job 2 (json at NativeMethodAccessorImpl.java:0) with 2 output partitions
[2023-05-09T04:42:34.954+0000] {spark_submit.py:490} INFO - 23/05/09 04:42:34 INFO DAGScheduler: Final stage: ResultStage 2 (json at NativeMethodAccessorImpl.java:0)
[2023-05-09T04:42:34.955+0000] {spark_submit.py:490} INFO - 23/05/09 04:42:34 INFO DAGScheduler: Parents of final stage: List()
[2023-05-09T04:42:34.955+0000] {spark_submit.py:490} INFO - 23/05/09 04:42:34 INFO DAGScheduler: Missing parents: List()
[2023-05-09T04:42:34.956+0000] {spark_submit.py:490} INFO - 23/05/09 04:42:34 INFO DAGScheduler: Submitting ResultStage 2 (MapPartitionsRDD[33] at json at NativeMethodAccessorImpl.java:0), which has no missing parents
[2023-05-09T04:42:34.962+0000] {spark_submit.py:490} INFO - 23/05/09 04:42:34 INFO MemoryStore: Block broadcast_2 stored as values in memory (estimated size 19.8 KiB, free 434.3 MiB)
[2023-05-09T04:42:34.965+0000] {spark_submit.py:490} INFO - 23/05/09 04:42:34 INFO MemoryStore: Block broadcast_2_piece0 stored as bytes in memory (estimated size 9.7 KiB, free 434.3 MiB)
[2023-05-09T04:42:34.966+0000] {spark_submit.py:490} INFO - 23/05/09 04:42:34 INFO BlockManagerInfo: Added broadcast_2_piece0 in memory on c46596148b7e:43691 (size: 9.7 KiB, free: 434.4 MiB)
[2023-05-09T04:42:34.967+0000] {spark_submit.py:490} INFO - 23/05/09 04:42:34 INFO SparkContext: Created broadcast 2 from broadcast at DAGScheduler.scala:1535
[2023-05-09T04:42:34.968+0000] {spark_submit.py:490} INFO - 23/05/09 04:42:34 INFO DAGScheduler: Submitting 2 missing tasks from ResultStage 2 (MapPartitionsRDD[33] at json at NativeMethodAccessorImpl.java:0) (first 15 tasks are for partitions Vector(0, 1))
[2023-05-09T04:42:34.968+0000] {spark_submit.py:490} INFO - 23/05/09 04:42:34 INFO TaskSchedulerImpl: Adding task set 2.0 with 2 tasks resource profile 0
[2023-05-09T04:42:34.970+0000] {spark_submit.py:490} INFO - 23/05/09 04:42:34 INFO TaskSetManager: Starting task 0.0 in stage 2.0 (TID 4) (172.21.0.5, executor 0, partition 0, PROCESS_LOCAL, 7347 bytes)
[2023-05-09T04:42:34.971+0000] {spark_submit.py:490} INFO - 23/05/09 04:42:34 INFO TaskSetManager: Starting task 1.0 in stage 2.0 (TID 5) (172.21.0.5, executor 0, partition 1, PROCESS_LOCAL, 8104 bytes)
[2023-05-09T04:42:34.991+0000] {spark_submit.py:490} INFO - 23/05/09 04:42:34 INFO BlockManagerInfo: Added broadcast_2_piece0 in memory on 172.21.0.5:44633 (size: 9.7 KiB, free: 434.4 MiB)
[2023-05-09T04:42:35.061+0000] {spark_submit.py:490} INFO - 23/05/09 04:42:35 INFO TaskSetManager: Finished task 0.0 in stage 2.0 (TID 4) in 92 ms on 172.21.0.5 (executor 0) (1/2)
[2023-05-09T04:42:35.067+0000] {spark_submit.py:490} INFO - 23/05/09 04:42:35 INFO TaskSetManager: Finished task 1.0 in stage 2.0 (TID 5) in 96 ms on 172.21.0.5 (executor 0) (2/2)
[2023-05-09T04:42:35.067+0000] {spark_submit.py:490} INFO - 23/05/09 04:42:35 INFO TaskSchedulerImpl: Removed TaskSet 2.0, whose tasks have all completed, from pool
[2023-05-09T04:42:35.069+0000] {spark_submit.py:490} INFO - 23/05/09 04:42:35 INFO DAGScheduler: ResultStage 2 (json at NativeMethodAccessorImpl.java:0) finished in 0.111 s
[2023-05-09T04:42:35.070+0000] {spark_submit.py:490} INFO - 23/05/09 04:42:35 INFO DAGScheduler: Job 2 is finished. Cancelling potential speculative or zombie tasks for this job
[2023-05-09T04:42:35.071+0000] {spark_submit.py:490} INFO - 23/05/09 04:42:35 INFO TaskSchedulerImpl: Killing all running tasks in stage 2: Stage finished
[2023-05-09T04:42:35.073+0000] {spark_submit.py:490} INFO - 23/05/09 04:42:35 INFO DAGScheduler: Job 2 finished: json at NativeMethodAccessorImpl.java:0, took 0.119487 s
[2023-05-09T04:42:35.884+0000] {spark_submit.py:490} INFO - {'meta': {'symbol': 'AMZN', 'interval': '1h', 'currency': 'USD', 'exchange_timezone': 'America/New_York', 'exchange': 'NASDAQ', 'mic_code': 'XNGS', 'type': 'Common Stock'}, 'values': [{'datetime': '2019-01-10 15:00:00', 'open': '1654.87000', 'high': '1659.70996', 'low': '1652.89612', 'close': '1656.27002', 'volume': '510919'}, {'datetime': '2019-01-10 14:00:00', 'open': '1653.41003', 'high': '1656.00000', 'low': '1649.42590', 'close': '1655.01501', 'volume': '470588'}, {'datetime': '2019-01-10 13:00:00', 'open': '1652.00000', 'high': '1657.54065', 'low': '1640.49524', 'close': '1653.68042', 'volume': '686634'}, {'datetime': '2019-01-10 12:00:00', 'open': '1654.00012', 'high': '1663.00000', 'low': '1644.00000', 'close': '1651.79895', 'volume': '819269'}, {'datetime': '2019-01-10 11:00:00', 'open': '1651.45996', 'high': '1657.65002', 'low': '1649.59998', 'close': '1654.24475', 'volume': '531322'}, {'datetime': '2019-01-10 10:00:00', 'open': '1644.02527', 'high': '1659.98999', 'low': '1641.35999', 'close': '1651.05005', 'volume': '1060676'}, {'datetime': '2019-01-10 09:00:00', 'open': '1641.42004', 'high': '1645.50000', 'low': '1622.21997', 'close': '1643.50696', 'volume': '2144437'}], 'status': 'ok'}
[2023-05-09T04:42:35.925+0000] {spark_submit.py:490} INFO - 23/05/09 04:42:35 INFO SparkContext: Starting job: json at NativeMethodAccessorImpl.java:0
[2023-05-09T04:42:35.926+0000] {spark_submit.py:490} INFO - 23/05/09 04:42:35 INFO DAGScheduler: Got job 3 (json at NativeMethodAccessorImpl.java:0) with 2 output partitions
[2023-05-09T04:42:35.927+0000] {spark_submit.py:490} INFO - 23/05/09 04:42:35 INFO DAGScheduler: Final stage: ResultStage 3 (json at NativeMethodAccessorImpl.java:0)
[2023-05-09T04:42:35.927+0000] {spark_submit.py:490} INFO - 23/05/09 04:42:35 INFO DAGScheduler: Parents of final stage: List()
[2023-05-09T04:42:35.927+0000] {spark_submit.py:490} INFO - 23/05/09 04:42:35 INFO DAGScheduler: Missing parents: List()
[2023-05-09T04:42:35.928+0000] {spark_submit.py:490} INFO - 23/05/09 04:42:35 INFO DAGScheduler: Submitting ResultStage 3 (MapPartitionsRDD[44] at json at NativeMethodAccessorImpl.java:0), which has no missing parents
[2023-05-09T04:42:35.932+0000] {spark_submit.py:490} INFO - 23/05/09 04:42:35 INFO MemoryStore: Block broadcast_3 stored as values in memory (estimated size 19.8 KiB, free 434.3 MiB)
[2023-05-09T04:42:35.934+0000] {spark_submit.py:490} INFO - 23/05/09 04:42:35 INFO MemoryStore: Block broadcast_3_piece0 stored as bytes in memory (estimated size 9.7 KiB, free 434.3 MiB)
[2023-05-09T04:42:35.935+0000] {spark_submit.py:490} INFO - 23/05/09 04:42:35 INFO BlockManagerInfo: Added broadcast_3_piece0 in memory on c46596148b7e:43691 (size: 9.7 KiB, free: 434.4 MiB)
[2023-05-09T04:42:35.936+0000] {spark_submit.py:490} INFO - 23/05/09 04:42:35 INFO SparkContext: Created broadcast 3 from broadcast at DAGScheduler.scala:1535
[2023-05-09T04:42:35.937+0000] {spark_submit.py:490} INFO - 23/05/09 04:42:35 INFO DAGScheduler: Submitting 2 missing tasks from ResultStage 3 (MapPartitionsRDD[44] at json at NativeMethodAccessorImpl.java:0) (first 15 tasks are for partitions Vector(0, 1))
[2023-05-09T04:42:35.937+0000] {spark_submit.py:490} INFO - 23/05/09 04:42:35 INFO TaskSchedulerImpl: Adding task set 3.0 with 2 tasks resource profile 0
[2023-05-09T04:42:35.939+0000] {spark_submit.py:490} INFO - 23/05/09 04:42:35 INFO TaskSetManager: Starting task 0.0 in stage 3.0 (TID 6) (172.21.0.5, executor 0, partition 0, PROCESS_LOCAL, 7347 bytes)
[2023-05-09T04:42:35.939+0000] {spark_submit.py:490} INFO - 23/05/09 04:42:35 INFO TaskSetManager: Starting task 1.0 in stage 3.0 (TID 7) (172.21.0.5, executor 0, partition 1, PROCESS_LOCAL, 8107 bytes)
[2023-05-09T04:42:35.954+0000] {spark_submit.py:490} INFO - 23/05/09 04:42:35 INFO BlockManagerInfo: Added broadcast_3_piece0 in memory on 172.21.0.5:44633 (size: 9.7 KiB, free: 434.4 MiB)
[2023-05-09T04:42:36.019+0000] {spark_submit.py:490} INFO - 23/05/09 04:42:36 INFO TaskSetManager: Finished task 1.0 in stage 3.0 (TID 7) in 79 ms on 172.21.0.5 (executor 0) (1/2)
[2023-05-09T04:42:36.020+0000] {spark_submit.py:490} INFO - 23/05/09 04:42:36 INFO TaskSetManager: Finished task 0.0 in stage 3.0 (TID 6) in 82 ms on 172.21.0.5 (executor 0) (2/2)
[2023-05-09T04:42:36.020+0000] {spark_submit.py:490} INFO - 23/05/09 04:42:36 INFO TaskSchedulerImpl: Removed TaskSet 3.0, whose tasks have all completed, from pool
[2023-05-09T04:42:36.022+0000] {spark_submit.py:490} INFO - 23/05/09 04:42:36 INFO DAGScheduler: ResultStage 3 (json at NativeMethodAccessorImpl.java:0) finished in 0.093 s
[2023-05-09T04:42:36.023+0000] {spark_submit.py:490} INFO - 23/05/09 04:42:36 INFO DAGScheduler: Job 3 is finished. Cancelling potential speculative or zombie tasks for this job
[2023-05-09T04:42:36.024+0000] {spark_submit.py:490} INFO - 23/05/09 04:42:36 INFO TaskSchedulerImpl: Killing all running tasks in stage 3: Stage finished
[2023-05-09T04:42:36.024+0000] {spark_submit.py:490} INFO - 23/05/09 04:42:36 INFO DAGScheduler: Job 3 finished: json at NativeMethodAccessorImpl.java:0, took 0.098614 s
[2023-05-09T04:42:36.812+0000] {spark_submit.py:490} INFO - {'meta': {'symbol': 'TSLA', 'interval': '1h', 'currency': 'USD', 'exchange_timezone': 'America/New_York', 'exchange': 'NASDAQ', 'mic_code': 'XNGS', 'type': 'Common Stock'}, 'values': [{'datetime': '2019-01-10 15:00:00', 'open': '68.81000', 'high': '69.07600', 'low': '68.74000', 'close': '69.02200', 'volume': '831121'}, {'datetime': '2019-01-10 14:00:00', 'open': '68.46378', 'high': '68.82600', 'low': '68.18896', 'close': '68.82434', 'volume': '645428'}, {'datetime': '2019-01-10 13:00:00', 'open': '68.28400', 'high': '68.50000', 'low': '67.84600', 'close': '68.44800', 'volume': '461929'}, {'datetime': '2019-01-10 12:00:00', 'open': '68.54366', 'high': '68.66000', 'low': '68.01600', 'close': '68.24800', 'volume': '726467'}, {'datetime': '2019-01-10 11:00:00', 'open': '67.90100', 'high': '68.54000', 'low': '67.80000', 'close': '68.53496', 'volume': '759737'}, {'datetime': '2019-01-10 10:00:00', 'open': '67.54200', 'high': '68.44400', 'low': '67.50000', 'close': '67.91200', 'volume': '1127421'}, {'datetime': '2019-01-10 09:00:00', 'open': '66.95200', 'high': '67.51200', 'low': '66.36000', 'close': '67.49400', 'volume': '1386752'}], 'status': 'ok'}
[2023-05-09T04:42:36.885+0000] {spark_submit.py:490} INFO - 23/05/09 04:42:36 INFO SparkContext: Starting job: json at NativeMethodAccessorImpl.java:0
[2023-05-09T04:42:36.886+0000] {spark_submit.py:490} INFO - 23/05/09 04:42:36 INFO DAGScheduler: Got job 4 (json at NativeMethodAccessorImpl.java:0) with 2 output partitions
[2023-05-09T04:42:36.886+0000] {spark_submit.py:490} INFO - 23/05/09 04:42:36 INFO DAGScheduler: Final stage: ResultStage 4 (json at NativeMethodAccessorImpl.java:0)
[2023-05-09T04:42:36.887+0000] {spark_submit.py:490} INFO - 23/05/09 04:42:36 INFO DAGScheduler: Parents of final stage: List()
[2023-05-09T04:42:36.887+0000] {spark_submit.py:490} INFO - 23/05/09 04:42:36 INFO DAGScheduler: Missing parents: List()
[2023-05-09T04:42:36.887+0000] {spark_submit.py:490} INFO - 23/05/09 04:42:36 INFO DAGScheduler: Submitting ResultStage 4 (MapPartitionsRDD[55] at json at NativeMethodAccessorImpl.java:0), which has no missing parents
[2023-05-09T04:42:36.892+0000] {spark_submit.py:490} INFO - 23/05/09 04:42:36 INFO MemoryStore: Block broadcast_4 stored as values in memory (estimated size 19.8 KiB, free 434.3 MiB)
[2023-05-09T04:42:36.893+0000] {spark_submit.py:490} INFO - 23/05/09 04:42:36 INFO MemoryStore: Block broadcast_4_piece0 stored as bytes in memory (estimated size 9.7 KiB, free 434.3 MiB)
[2023-05-09T04:42:36.894+0000] {spark_submit.py:490} INFO - 23/05/09 04:42:36 INFO BlockManagerInfo: Added broadcast_4_piece0 in memory on c46596148b7e:43691 (size: 9.7 KiB, free: 434.4 MiB)
[2023-05-09T04:42:36.895+0000] {spark_submit.py:490} INFO - 23/05/09 04:42:36 INFO SparkContext: Created broadcast 4 from broadcast at DAGScheduler.scala:1535
[2023-05-09T04:42:36.895+0000] {spark_submit.py:490} INFO - 23/05/09 04:42:36 INFO DAGScheduler: Submitting 2 missing tasks from ResultStage 4 (MapPartitionsRDD[55] at json at NativeMethodAccessorImpl.java:0) (first 15 tasks are for partitions Vector(0, 1))
[2023-05-09T04:42:36.895+0000] {spark_submit.py:490} INFO - 23/05/09 04:42:36 INFO TaskSchedulerImpl: Adding task set 4.0 with 2 tasks resource profile 0
[2023-05-09T04:42:36.897+0000] {spark_submit.py:490} INFO - 23/05/09 04:42:36 INFO TaskSetManager: Starting task 0.0 in stage 4.0 (TID 8) (172.21.0.5, executor 0, partition 0, PROCESS_LOCAL, 7347 bytes)
[2023-05-09T04:42:36.897+0000] {spark_submit.py:490} INFO - 23/05/09 04:42:36 INFO TaskSetManager: Starting task 1.0 in stage 4.0 (TID 9) (172.21.0.5, executor 0, partition 1, PROCESS_LOCAL, 8051 bytes)
[2023-05-09T04:42:36.912+0000] {spark_submit.py:490} INFO - 23/05/09 04:42:36 INFO BlockManagerInfo: Added broadcast_4_piece0 in memory on 172.21.0.5:44633 (size: 9.7 KiB, free: 434.4 MiB)
[2023-05-09T04:42:36.974+0000] {spark_submit.py:490} INFO - 23/05/09 04:42:36 INFO TaskSetManager: Finished task 1.0 in stage 4.0 (TID 9) in 75 ms on 172.21.0.5 (executor 0) (1/2)
[2023-05-09T04:42:36.975+0000] {spark_submit.py:490} INFO - 23/05/09 04:42:36 INFO TaskSetManager: Finished task 0.0 in stage 4.0 (TID 8) in 79 ms on 172.21.0.5 (executor 0) (2/2)
[2023-05-09T04:42:36.976+0000] {spark_submit.py:490} INFO - 23/05/09 04:42:36 INFO TaskSchedulerImpl: Removed TaskSet 4.0, whose tasks have all completed, from pool
[2023-05-09T04:42:36.976+0000] {spark_submit.py:490} INFO - 23/05/09 04:42:36 INFO DAGScheduler: ResultStage 4 (json at NativeMethodAccessorImpl.java:0) finished in 0.088 s
[2023-05-09T04:42:36.977+0000] {spark_submit.py:490} INFO - 23/05/09 04:42:36 INFO DAGScheduler: Job 4 is finished. Cancelling potential speculative or zombie tasks for this job
[2023-05-09T04:42:36.977+0000] {spark_submit.py:490} INFO - 23/05/09 04:42:36 INFO TaskSchedulerImpl: Killing all running tasks in stage 4: Stage finished
[2023-05-09T04:42:36.977+0000] {spark_submit.py:490} INFO - 23/05/09 04:42:36 INFO DAGScheduler: Job 4 finished: json at NativeMethodAccessorImpl.java:0, took 0.091686 s
[2023-05-09T04:42:37.054+0000] {spark_submit.py:490} INFO - 23/05/09 04:42:37 INFO BlockManagerInfo: Removed broadcast_4_piece0 on c46596148b7e:43691 in memory (size: 9.7 KiB, free: 434.4 MiB)
[2023-05-09T04:42:37.060+0000] {spark_submit.py:490} INFO - 23/05/09 04:42:37 INFO BlockManagerInfo: Removed broadcast_4_piece0 on 172.21.0.5:44633 in memory (size: 9.7 KiB, free: 434.4 MiB)
[2023-05-09T04:42:37.075+0000] {spark_submit.py:490} INFO - 23/05/09 04:42:37 INFO BlockManagerInfo: Removed broadcast_2_piece0 on c46596148b7e:43691 in memory (size: 9.7 KiB, free: 434.4 MiB)
[2023-05-09T04:42:37.079+0000] {spark_submit.py:490} INFO - 23/05/09 04:42:37 INFO BlockManagerInfo: Removed broadcast_2_piece0 on 172.21.0.5:44633 in memory (size: 9.7 KiB, free: 434.4 MiB)
[2023-05-09T04:42:37.088+0000] {spark_submit.py:490} INFO - 23/05/09 04:42:37 INFO BlockManagerInfo: Removed broadcast_3_piece0 on c46596148b7e:43691 in memory (size: 9.7 KiB, free: 434.4 MiB)
[2023-05-09T04:42:37.090+0000] {spark_submit.py:490} INFO - 23/05/09 04:42:37 INFO BlockManagerInfo: Removed broadcast_3_piece0 on 172.21.0.5:44633 in memory (size: 9.7 KiB, free: 434.4 MiB)
[2023-05-09T04:42:37.100+0000] {spark_submit.py:490} INFO - 23/05/09 04:42:37 INFO BlockManagerInfo: Removed broadcast_1_piece0 on c46596148b7e:43691 in memory (size: 9.7 KiB, free: 434.4 MiB)
[2023-05-09T04:42:37.101+0000] {spark_submit.py:490} INFO - 23/05/09 04:42:37 INFO BlockManagerInfo: Removed broadcast_1_piece0 on 172.21.0.5:44633 in memory (size: 9.7 KiB, free: 434.4 MiB)
[2023-05-09T04:42:37.110+0000] {spark_submit.py:490} INFO - 23/05/09 04:42:37 INFO BlockManagerInfo: Removed broadcast_0_piece0 on c46596148b7e:43691 in memory (size: 9.7 KiB, free: 434.4 MiB)
[2023-05-09T04:42:37.112+0000] {spark_submit.py:490} INFO - 23/05/09 04:42:37 INFO BlockManagerInfo: Removed broadcast_0_piece0 on 172.21.0.5:44633 in memory (size: 9.7 KiB, free: 434.4 MiB)
[2023-05-09T04:42:37.798+0000] {spark_submit.py:490} INFO - {'meta': {'symbol': 'META', 'interval': '1h', 'currency': 'USD', 'exchange_timezone': 'America/New_York', 'exchange': 'NASDAQ', 'mic_code': 'XNGS', 'type': 'Common Stock'}, 'values': [{'datetime': '2019-01-10 15:00:00', 'open': '144.41000', 'high': '144.55000', 'low': '144.07001', 'close': '144.22000', 'volume': '1467820'}, {'datetime': '2019-01-10 14:00:00', 'open': '143.98000', 'high': '144.50000', 'low': '143.80000', 'close': '144.40691', 'volume': '1338098'}, {'datetime': '2019-01-10 13:00:00', 'open': '143.34000', 'high': '144.41000', 'low': '142.59000', 'close': '143.95000', 'volume': '1422627'}, {'datetime': '2019-01-10 12:00:00', 'open': '143.70500', 'high': '144.50000', 'low': '143.05000', 'close': '143.33000', 'volume': '2023544'}, {'datetime': '2019-01-10 11:00:00', 'open': '142.97501', 'high': '143.72000', 'low': '142.53000', 'close': '143.72000', 'volume': '1407266'}, {'datetime': '2019-01-10 10:00:00', 'open': '143.03999', 'high': '143.25000', 'low': '142.50999', 'close': '142.97000', 'volume': '1831980'}, {'datetime': '2019-01-10 09:00:00', 'open': '143.06000', 'high': '143.23000', 'low': '140.84000', 'close': '143.09290', 'volume': '4693308'}], 'status': 'ok'}
[2023-05-09T04:42:37.864+0000] {spark_submit.py:490} INFO - 23/05/09 04:42:37 INFO SparkContext: Starting job: json at NativeMethodAccessorImpl.java:0
[2023-05-09T04:42:37.864+0000] {spark_submit.py:490} INFO - 23/05/09 04:42:37 INFO DAGScheduler: Got job 5 (json at NativeMethodAccessorImpl.java:0) with 2 output partitions
[2023-05-09T04:42:37.865+0000] {spark_submit.py:490} INFO - 23/05/09 04:42:37 INFO DAGScheduler: Final stage: ResultStage 5 (json at NativeMethodAccessorImpl.java:0)
[2023-05-09T04:42:37.865+0000] {spark_submit.py:490} INFO - 23/05/09 04:42:37 INFO DAGScheduler: Parents of final stage: List()
[2023-05-09T04:42:37.865+0000] {spark_submit.py:490} INFO - 23/05/09 04:42:37 INFO DAGScheduler: Missing parents: List()
[2023-05-09T04:42:37.866+0000] {spark_submit.py:490} INFO - 23/05/09 04:42:37 INFO DAGScheduler: Submitting ResultStage 5 (MapPartitionsRDD[66] at json at NativeMethodAccessorImpl.java:0), which has no missing parents
[2023-05-09T04:42:37.870+0000] {spark_submit.py:490} INFO - 23/05/09 04:42:37 INFO MemoryStore: Block broadcast_5 stored as values in memory (estimated size 19.8 KiB, free 434.4 MiB)
[2023-05-09T04:42:37.872+0000] {spark_submit.py:490} INFO - 23/05/09 04:42:37 INFO MemoryStore: Block broadcast_5_piece0 stored as bytes in memory (estimated size 9.7 KiB, free 434.4 MiB)
[2023-05-09T04:42:37.872+0000] {spark_submit.py:490} INFO - 23/05/09 04:42:37 INFO BlockManagerInfo: Added broadcast_5_piece0 in memory on c46596148b7e:43691 (size: 9.7 KiB, free: 434.4 MiB)
[2023-05-09T04:42:37.873+0000] {spark_submit.py:490} INFO - 23/05/09 04:42:37 INFO SparkContext: Created broadcast 5 from broadcast at DAGScheduler.scala:1535
[2023-05-09T04:42:37.873+0000] {spark_submit.py:490} INFO - 23/05/09 04:42:37 INFO DAGScheduler: Submitting 2 missing tasks from ResultStage 5 (MapPartitionsRDD[66] at json at NativeMethodAccessorImpl.java:0) (first 15 tasks are for partitions Vector(0, 1))
[2023-05-09T04:42:37.874+0000] {spark_submit.py:490} INFO - 23/05/09 04:42:37 INFO TaskSchedulerImpl: Adding task set 5.0 with 2 tasks resource profile 0
[2023-05-09T04:42:37.875+0000] {spark_submit.py:490} INFO - 23/05/09 04:42:37 INFO TaskSetManager: Starting task 0.0 in stage 5.0 (TID 10) (172.21.0.5, executor 0, partition 0, PROCESS_LOCAL, 7347 bytes)
[2023-05-09T04:42:37.875+0000] {spark_submit.py:490} INFO - 23/05/09 04:42:37 INFO TaskSetManager: Starting task 1.0 in stage 5.0 (TID 11) (172.21.0.5, executor 0, partition 1, PROCESS_LOCAL, 8084 bytes)
[2023-05-09T04:42:37.889+0000] {spark_submit.py:490} INFO - 23/05/09 04:42:37 INFO BlockManagerInfo: Added broadcast_5_piece0 in memory on 172.21.0.5:44633 (size: 9.7 KiB, free: 434.4 MiB)
[2023-05-09T04:42:37.958+0000] {spark_submit.py:490} INFO - 23/05/09 04:42:37 INFO TaskSetManager: Finished task 1.0 in stage 5.0 (TID 11) in 83 ms on 172.21.0.5 (executor 0) (1/2)
[2023-05-09T04:42:37.960+0000] {spark_submit.py:490} INFO - 23/05/09 04:42:37 INFO TaskSetManager: Finished task 0.0 in stage 5.0 (TID 10) in 86 ms on 172.21.0.5 (executor 0) (2/2)
[2023-05-09T04:42:37.961+0000] {spark_submit.py:490} INFO - 23/05/09 04:42:37 INFO TaskSchedulerImpl: Removed TaskSet 5.0, whose tasks have all completed, from pool
[2023-05-09T04:42:37.963+0000] {spark_submit.py:490} INFO - 23/05/09 04:42:37 INFO DAGScheduler: ResultStage 5 (json at NativeMethodAccessorImpl.java:0) finished in 0.095 s
[2023-05-09T04:42:37.963+0000] {spark_submit.py:490} INFO - 23/05/09 04:42:37 INFO DAGScheduler: Job 5 is finished. Cancelling potential speculative or zombie tasks for this job
[2023-05-09T04:42:37.964+0000] {spark_submit.py:490} INFO - 23/05/09 04:42:37 INFO TaskSchedulerImpl: Killing all running tasks in stage 5: Stage finished
[2023-05-09T04:42:37.964+0000] {spark_submit.py:490} INFO - 23/05/09 04:42:37 INFO DAGScheduler: Job 5 finished: json at NativeMethodAccessorImpl.java:0, took 0.100512 s
[2023-05-09T04:42:38.751+0000] {spark_submit.py:490} INFO - {'meta': {'symbol': 'NFLX', 'interval': '1h', 'currency': 'USD', 'exchange_timezone': 'America/New_York', 'exchange': 'NASDAQ', 'mic_code': 'XNGS', 'type': 'Common Stock'}, 'values': [{'datetime': '2019-01-10 15:00:00', 'open': '323.69000', 'high': '325.22000', 'low': '323.23001', 'close': '324.79001', 'volume': '1427620'}, {'datetime': '2019-01-10 14:00:00', 'open': '322.39001', 'high': '323.89999', 'low': '321.69000', 'close': '323.69000', 'volume': '1328273'}, {'datetime': '2019-01-10 13:00:00', 'open': '322.00000', 'high': '323.50000', 'low': '319.50000', 'close': '322.17999', 'volume': '1515389'}, {'datetime': '2019-01-10 12:00:00', 'open': '322.49899', 'high': '324.12991', 'low': '320.01001', 'close': '321.82001', 'volume': '1277313'}, {'datetime': '2019-01-10 11:00:00', 'open': '323.59250', 'high': '325.29001', 'low': '321.62000', 'close': '322.42389', 'volume': '1459057'}, {'datetime': '2019-01-10 10:00:00', 'open': '320.23999', 'high': '325.07001', 'low': '320.23999', 'close': '323.33551', 'volume': '2450657'}, {'datetime': '2019-01-10 09:00:00', 'open': '314.75000', 'high': '320.29999', 'low': '312.50549', 'close': '320.04999', 'volume': '3314482'}], 'status': 'ok'}
[2023-05-09T04:42:38.795+0000] {spark_submit.py:490} INFO - 23/05/09 04:42:38 INFO SparkContext: Starting job: json at NativeMethodAccessorImpl.java:0
[2023-05-09T04:42:38.796+0000] {spark_submit.py:490} INFO - 23/05/09 04:42:38 INFO DAGScheduler: Got job 6 (json at NativeMethodAccessorImpl.java:0) with 2 output partitions
[2023-05-09T04:42:38.796+0000] {spark_submit.py:490} INFO - 23/05/09 04:42:38 INFO DAGScheduler: Final stage: ResultStage 6 (json at NativeMethodAccessorImpl.java:0)
[2023-05-09T04:42:38.796+0000] {spark_submit.py:490} INFO - 23/05/09 04:42:38 INFO DAGScheduler: Parents of final stage: List()
[2023-05-09T04:42:38.796+0000] {spark_submit.py:490} INFO - 23/05/09 04:42:38 INFO DAGScheduler: Missing parents: List()
[2023-05-09T04:42:38.797+0000] {spark_submit.py:490} INFO - 23/05/09 04:42:38 INFO DAGScheduler: Submitting ResultStage 6 (MapPartitionsRDD[77] at json at NativeMethodAccessorImpl.java:0), which has no missing parents
[2023-05-09T04:42:38.802+0000] {spark_submit.py:490} INFO - 23/05/09 04:42:38 INFO MemoryStore: Block broadcast_6 stored as values in memory (estimated size 19.8 KiB, free 434.4 MiB)
[2023-05-09T04:42:38.804+0000] {spark_submit.py:490} INFO - 23/05/09 04:42:38 INFO MemoryStore: Block broadcast_6_piece0 stored as bytes in memory (estimated size 9.7 KiB, free 434.3 MiB)
[2023-05-09T04:42:38.806+0000] {spark_submit.py:490} INFO - 23/05/09 04:42:38 INFO BlockManagerInfo: Added broadcast_6_piece0 in memory on c46596148b7e:43691 (size: 9.7 KiB, free: 434.4 MiB)
[2023-05-09T04:42:38.807+0000] {spark_submit.py:490} INFO - 23/05/09 04:42:38 INFO SparkContext: Created broadcast 6 from broadcast at DAGScheduler.scala:1535
[2023-05-09T04:42:38.807+0000] {spark_submit.py:490} INFO - 23/05/09 04:42:38 INFO DAGScheduler: Submitting 2 missing tasks from ResultStage 6 (MapPartitionsRDD[77] at json at NativeMethodAccessorImpl.java:0) (first 15 tasks are for partitions Vector(0, 1))
[2023-05-09T04:42:38.808+0000] {spark_submit.py:490} INFO - 23/05/09 04:42:38 INFO TaskSchedulerImpl: Adding task set 6.0 with 2 tasks resource profile 0
[2023-05-09T04:42:38.809+0000] {spark_submit.py:490} INFO - 23/05/09 04:42:38 INFO TaskSetManager: Starting task 0.0 in stage 6.0 (TID 12) (172.21.0.5, executor 0, partition 0, PROCESS_LOCAL, 7347 bytes)
[2023-05-09T04:42:38.810+0000] {spark_submit.py:490} INFO - 23/05/09 04:42:38 INFO TaskSetManager: Starting task 1.0 in stage 6.0 (TID 13) (172.21.0.5, executor 0, partition 1, PROCESS_LOCAL, 8084 bytes)
[2023-05-09T04:42:38.827+0000] {spark_submit.py:490} INFO - 23/05/09 04:42:38 INFO BlockManagerInfo: Added broadcast_6_piece0 in memory on 172.21.0.5:44633 (size: 9.7 KiB, free: 434.4 MiB)
[2023-05-09T04:42:38.888+0000] {spark_submit.py:490} INFO - 23/05/09 04:42:38 INFO TaskSetManager: Finished task 1.0 in stage 6.0 (TID 13) in 78 ms on 172.21.0.5 (executor 0) (1/2)
[2023-05-09T04:42:38.893+0000] {spark_submit.py:490} INFO - 23/05/09 04:42:38 INFO TaskSetManager: Finished task 0.0 in stage 6.0 (TID 12) in 84 ms on 172.21.0.5 (executor 0) (2/2)
[2023-05-09T04:42:38.894+0000] {spark_submit.py:490} INFO - 23/05/09 04:42:38 INFO TaskSchedulerImpl: Removed TaskSet 6.0, whose tasks have all completed, from pool
[2023-05-09T04:42:38.895+0000] {spark_submit.py:490} INFO - 23/05/09 04:42:38 INFO DAGScheduler: ResultStage 6 (json at NativeMethodAccessorImpl.java:0) finished in 0.096 s
[2023-05-09T04:42:38.895+0000] {spark_submit.py:490} INFO - 23/05/09 04:42:38 INFO DAGScheduler: Job 6 is finished. Cancelling potential speculative or zombie tasks for this job
[2023-05-09T04:42:38.896+0000] {spark_submit.py:490} INFO - 23/05/09 04:42:38 INFO TaskSchedulerImpl: Killing all running tasks in stage 6: Stage finished
[2023-05-09T04:42:38.896+0000] {spark_submit.py:490} INFO - 23/05/09 04:42:38 INFO DAGScheduler: Job 6 finished: json at NativeMethodAccessorImpl.java:0, took 0.100958 s
[2023-05-09T04:42:39.676+0000] {spark_submit.py:490} INFO - {'meta': {'symbol': 'NVDA', 'interval': '1h', 'currency': 'USD', 'exchange_timezone': 'America/New_York', 'exchange': 'NASDAQ', 'mic_code': 'XNGS', 'type': 'Common Stock'}, 'values': [{'datetime': '2019-01-10 15:00:00', 'open': '145.03999', 'high': '145.58000', 'low': '144.82001', 'close': '145.17000', 'volume': '1538715'}, {'datetime': '2019-01-10 14:00:00', 'open': '144.24001', 'high': '145.21500', 'low': '143.77000', 'close': '145.05000', 'volume': '1146004'}, {'datetime': '2019-01-10 13:00:00', 'open': '144.22000', 'high': '144.82001', 'low': '142.83771', 'close': '144.25940', 'volume': '1365097'}, {'datetime': '2019-01-10 12:00:00', 'open': '144.72000', 'high': '145.44000', 'low': '143.48000', 'close': '144.17000', 'volume': '1466214'}, {'datetime': '2019-01-10 11:00:00', 'open': '143.73000', 'high': '144.80161', 'low': '143.39999', 'close': '144.72000', 'volume': '1144353'}, {'datetime': '2019-01-10 10:00:00', 'open': '142.94000', 'high': '144.97000', 'low': '142.53011', 'close': '143.72729', 'volume': '2253102'}, {'datetime': '2019-01-10 09:00:00', 'open': '141.80000', 'high': '143.44000', 'low': '139.36000', 'close': '142.93790', 'volume': '3633466'}], 'status': 'ok'}
[2023-05-09T04:42:39.730+0000] {spark_submit.py:490} INFO - 23/05/09 04:42:39 INFO SparkContext: Starting job: json at NativeMethodAccessorImpl.java:0
[2023-05-09T04:42:39.730+0000] {spark_submit.py:490} INFO - 23/05/09 04:42:39 INFO DAGScheduler: Got job 7 (json at NativeMethodAccessorImpl.java:0) with 2 output partitions
[2023-05-09T04:42:39.731+0000] {spark_submit.py:490} INFO - 23/05/09 04:42:39 INFO DAGScheduler: Final stage: ResultStage 7 (json at NativeMethodAccessorImpl.java:0)
[2023-05-09T04:42:39.731+0000] {spark_submit.py:490} INFO - 23/05/09 04:42:39 INFO DAGScheduler: Parents of final stage: List()
[2023-05-09T04:42:39.731+0000] {spark_submit.py:490} INFO - 23/05/09 04:42:39 INFO DAGScheduler: Missing parents: List()
[2023-05-09T04:42:39.732+0000] {spark_submit.py:490} INFO - 23/05/09 04:42:39 INFO DAGScheduler: Submitting ResultStage 7 (MapPartitionsRDD[88] at json at NativeMethodAccessorImpl.java:0), which has no missing parents
[2023-05-09T04:42:39.735+0000] {spark_submit.py:490} INFO - 23/05/09 04:42:39 INFO MemoryStore: Block broadcast_7 stored as values in memory (estimated size 19.8 KiB, free 434.3 MiB)
[2023-05-09T04:42:39.736+0000] {spark_submit.py:490} INFO - 23/05/09 04:42:39 INFO MemoryStore: Block broadcast_7_piece0 stored as bytes in memory (estimated size 9.7 KiB, free 434.3 MiB)
[2023-05-09T04:42:39.737+0000] {spark_submit.py:490} INFO - 23/05/09 04:42:39 INFO BlockManagerInfo: Added broadcast_7_piece0 in memory on c46596148b7e:43691 (size: 9.7 KiB, free: 434.4 MiB)
[2023-05-09T04:42:39.738+0000] {spark_submit.py:490} INFO - 23/05/09 04:42:39 INFO SparkContext: Created broadcast 7 from broadcast at DAGScheduler.scala:1535
[2023-05-09T04:42:39.738+0000] {spark_submit.py:490} INFO - 23/05/09 04:42:39 INFO DAGScheduler: Submitting 2 missing tasks from ResultStage 7 (MapPartitionsRDD[88] at json at NativeMethodAccessorImpl.java:0) (first 15 tasks are for partitions Vector(0, 1))
[2023-05-09T04:42:39.738+0000] {spark_submit.py:490} INFO - 23/05/09 04:42:39 INFO TaskSchedulerImpl: Adding task set 7.0 with 2 tasks resource profile 0
[2023-05-09T04:42:39.739+0000] {spark_submit.py:490} INFO - 23/05/09 04:42:39 INFO TaskSetManager: Starting task 0.0 in stage 7.0 (TID 14) (172.21.0.5, executor 0, partition 0, PROCESS_LOCAL, 7347 bytes)
[2023-05-09T04:42:39.740+0000] {spark_submit.py:490} INFO - 23/05/09 04:42:39 INFO TaskSetManager: Starting task 1.0 in stage 7.0 (TID 15) (172.21.0.5, executor 0, partition 1, PROCESS_LOCAL, 8084 bytes)
[2023-05-09T04:42:39.754+0000] {spark_submit.py:490} INFO - 23/05/09 04:42:39 INFO BlockManagerInfo: Added broadcast_7_piece0 in memory on 172.21.0.5:44633 (size: 9.7 KiB, free: 434.4 MiB)
[2023-05-09T04:42:39.816+0000] {spark_submit.py:490} INFO - 23/05/09 04:42:39 INFO TaskSetManager: Finished task 0.0 in stage 7.0 (TID 14) in 77 ms on 172.21.0.5 (executor 0) (1/2)
[2023-05-09T04:42:39.822+0000] {spark_submit.py:490} INFO - 23/05/09 04:42:39 INFO TaskSetManager: Finished task 1.0 in stage 7.0 (TID 15) in 82 ms on 172.21.0.5 (executor 0) (2/2)
[2023-05-09T04:42:39.822+0000] {spark_submit.py:490} INFO - 23/05/09 04:42:39 INFO TaskSchedulerImpl: Removed TaskSet 7.0, whose tasks have all completed, from pool
[2023-05-09T04:42:39.823+0000] {spark_submit.py:490} INFO - 23/05/09 04:42:39 INFO DAGScheduler: ResultStage 7 (json at NativeMethodAccessorImpl.java:0) finished in 0.091 s
[2023-05-09T04:42:39.824+0000] {spark_submit.py:490} INFO - 23/05/09 04:42:39 INFO DAGScheduler: Job 7 is finished. Cancelling potential speculative or zombie tasks for this job
[2023-05-09T04:42:39.824+0000] {spark_submit.py:490} INFO - 23/05/09 04:42:39 INFO TaskSchedulerImpl: Killing all running tasks in stage 7: Stage finished
[2023-05-09T04:42:39.824+0000] {spark_submit.py:490} INFO - 23/05/09 04:42:39 INFO DAGScheduler: Job 7 finished: json at NativeMethodAccessorImpl.java:0, took 0.094503 s
[2023-05-09T04:42:40.204+0000] {spark_submit.py:490} INFO - 23/05/09 04:42:40 WARN FileSystem: Failed to initialize fileystem gs://dtc-de-382609_bucket/stock_data/2019/01: java.io.IOException: Error reading credential file from environment variable GOOGLE_APPLICATION_CREDENTIALS, value '/opt/***/credentials/service-account-key.json': /opt/***/credentials/service-account-key.json (Permission denied)
[2023-05-09T04:42:40.244+0000] {spark_submit.py:490} INFO - ERROR:root:Something error
[2023-05-09T04:42:40.252+0000] {spark_submit.py:490} INFO - 23/05/09 04:42:40 WARN FileSystem: Failed to initialize fileystem gs://dtc-de-382609_bucket/stock_data/2019/*: java.io.IOException: Error reading credential file from environment variable GOOGLE_APPLICATION_CREDENTIALS, value '/opt/***/credentials/service-account-key.json': /opt/***/credentials/service-account-key.json (Permission denied)
[2023-05-09T04:42:40.253+0000] {spark_submit.py:490} INFO - 23/05/09 04:42:40 WARN FileStreamSink: Assume no metadata directory. Error while looking for metadata directory in the path: gs://dtc-de-382609_bucket/stock_data/2019/*.
[2023-05-09T04:42:40.253+0000] {spark_submit.py:490} INFO - java.io.IOException: Error reading credential file from environment variable GOOGLE_APPLICATION_CREDENTIALS, value '/opt/***/credentials/service-account-key.json': /opt/***/credentials/service-account-key.json (Permission denied)
[2023-05-09T04:42:40.253+0000] {spark_submit.py:490} INFO - at com.google.cloud.hadoop.repackaged.gcs.com.google.api.client.googleapis.auth.oauth2.DefaultCredentialProvider.getCredentialUsingEnvironmentVariable(DefaultCredentialProvider.java:224)
[2023-05-09T04:42:40.253+0000] {spark_submit.py:490} INFO - at com.google.cloud.hadoop.repackaged.gcs.com.google.api.client.googleapis.auth.oauth2.DefaultCredentialProvider.getDefaultCredentialUnsynchronized(DefaultCredentialProvider.java:119)
[2023-05-09T04:42:40.253+0000] {spark_submit.py:490} INFO - at com.google.cloud.hadoop.repackaged.gcs.com.google.api.client.googleapis.auth.oauth2.DefaultCredentialProvider.getDefaultCredential(DefaultCredentialProvider.java:95)
[2023-05-09T04:42:40.253+0000] {spark_submit.py:490} INFO - at com.google.cloud.hadoop.repackaged.gcs.com.google.api.client.googleapis.auth.oauth2.GoogleCredential.getApplicationDefault(GoogleCredential.java:201)
[2023-05-09T04:42:40.253+0000] {spark_submit.py:490} INFO - at com.google.cloud.hadoop.repackaged.gcs.com.google.cloud.hadoop.util.CredentialFactory.getApplicationDefaultCredentials(CredentialFactory.java:339)
[2023-05-09T04:42:40.254+0000] {spark_submit.py:490} INFO - at com.google.cloud.hadoop.repackaged.gcs.com.google.cloud.hadoop.util.CredentialFactory.getCredential(CredentialFactory.java:408)
[2023-05-09T04:42:40.254+0000] {spark_submit.py:490} INFO - at com.google.cloud.hadoop.fs.gcs.GoogleHadoopFileSystemBase.getCredential(GoogleHadoopFileSystemBase.java:1344)
[2023-05-09T04:42:40.254+0000] {spark_submit.py:490} INFO - at com.google.cloud.hadoop.fs.gcs.GoogleHadoopFileSystemBase.createGcsFs(GoogleHadoopFileSystemBase.java:1501)
[2023-05-09T04:42:40.254+0000] {spark_submit.py:490} INFO - at com.google.cloud.hadoop.fs.gcs.GoogleHadoopFileSystemBase.configure(GoogleHadoopFileSystemBase.java:1483)
[2023-05-09T04:42:40.254+0000] {spark_submit.py:490} INFO - at com.google.cloud.hadoop.fs.gcs.GoogleHadoopFileSystemBase.initialize(GoogleHadoopFileSystemBase.java:470)
[2023-05-09T04:42:40.254+0000] {spark_submit.py:490} INFO - at org.apache.hadoop.fs.FileSystem.createFileSystem(FileSystem.java:3469)
[2023-05-09T04:42:40.254+0000] {spark_submit.py:490} INFO - at org.apache.hadoop.fs.FileSystem.access$300(FileSystem.java:174)
[2023-05-09T04:42:40.254+0000] {spark_submit.py:490} INFO - at org.apache.hadoop.fs.FileSystem$Cache.getInternal(FileSystem.java:3574)
[2023-05-09T04:42:40.254+0000] {spark_submit.py:490} INFO - at org.apache.hadoop.fs.FileSystem$Cache.get(FileSystem.java:3521)
[2023-05-09T04:42:40.254+0000] {spark_submit.py:490} INFO - at org.apache.hadoop.fs.FileSystem.get(FileSystem.java:540)
[2023-05-09T04:42:40.254+0000] {spark_submit.py:490} INFO - at org.apache.hadoop.fs.Path.getFileSystem(Path.java:365)
[2023-05-09T04:42:40.254+0000] {spark_submit.py:490} INFO - at org.apache.spark.sql.execution.streaming.FileStreamSink$.hasMetadata(FileStreamSink.scala:53)
[2023-05-09T04:42:40.254+0000] {spark_submit.py:490} INFO - at org.apache.spark.sql.execution.datasources.DataSource.resolveRelation(DataSource.scala:366)
[2023-05-09T04:42:40.255+0000] {spark_submit.py:490} INFO - at org.apache.spark.sql.DataFrameReader.loadV1Source(DataFrameReader.scala:229)
[2023-05-09T04:42:40.255+0000] {spark_submit.py:490} INFO - at org.apache.spark.sql.DataFrameReader.$anonfun$load$2(DataFrameReader.scala:211)
[2023-05-09T04:42:40.255+0000] {spark_submit.py:490} INFO - at scala.Option.getOrElse(Option.scala:189)
[2023-05-09T04:42:40.255+0000] {spark_submit.py:490} INFO - at org.apache.spark.sql.DataFrameReader.load(DataFrameReader.scala:211)
[2023-05-09T04:42:40.255+0000] {spark_submit.py:490} INFO - at org.apache.spark.sql.DataFrameReader.load(DataFrameReader.scala:186)
[2023-05-09T04:42:40.255+0000] {spark_submit.py:490} INFO - at java.base/jdk.internal.reflect.NativeMethodAccessorImpl.invoke0(Native Method)
[2023-05-09T04:42:40.255+0000] {spark_submit.py:490} INFO - at java.base/jdk.internal.reflect.NativeMethodAccessorImpl.invoke(NativeMethodAccessorImpl.java:62)
[2023-05-09T04:42:40.255+0000] {spark_submit.py:490} INFO - at java.base/jdk.internal.reflect.DelegatingMethodAccessorImpl.invoke(DelegatingMethodAccessorImpl.java:43)
[2023-05-09T04:42:40.255+0000] {spark_submit.py:490} INFO - at java.base/java.lang.reflect.Method.invoke(Method.java:566)
[2023-05-09T04:42:40.255+0000] {spark_submit.py:490} INFO - at py4j.reflection.MethodInvoker.invoke(MethodInvoker.java:244)
[2023-05-09T04:42:40.255+0000] {spark_submit.py:490} INFO - at py4j.reflection.ReflectionEngine.invoke(ReflectionEngine.java:374)
[2023-05-09T04:42:40.255+0000] {spark_submit.py:490} INFO - at py4j.Gateway.invoke(Gateway.java:282)
[2023-05-09T04:42:40.256+0000] {spark_submit.py:490} INFO - at py4j.commands.AbstractCommand.invokeMethod(AbstractCommand.java:132)
[2023-05-09T04:42:40.256+0000] {spark_submit.py:490} INFO - at py4j.commands.CallCommand.execute(CallCommand.java:79)
[2023-05-09T04:42:40.256+0000] {spark_submit.py:490} INFO - at py4j.ClientServerConnection.waitForCommands(ClientServerConnection.java:182)
[2023-05-09T04:42:40.256+0000] {spark_submit.py:490} INFO - at py4j.ClientServerConnection.run(ClientServerConnection.java:106)
[2023-05-09T04:42:40.256+0000] {spark_submit.py:490} INFO - at java.base/java.lang.Thread.run(Thread.java:834)
[2023-05-09T04:42:40.256+0000] {spark_submit.py:490} INFO - Caused by: java.io.FileNotFoundException: /opt/***/credentials/service-account-key.json (Permission denied)
[2023-05-09T04:42:40.256+0000] {spark_submit.py:490} INFO - at java.base/java.io.FileInputStream.open0(Native Method)
[2023-05-09T04:42:40.256+0000] {spark_submit.py:490} INFO - at java.base/java.io.FileInputStream.open(FileInputStream.java:219)
[2023-05-09T04:42:40.256+0000] {spark_submit.py:490} INFO - at java.base/java.io.FileInputStream.<init>(FileInputStream.java:157)
[2023-05-09T04:42:40.256+0000] {spark_submit.py:490} INFO - at java.base/java.io.FileInputStream.<init>(FileInputStream.java:112)
[2023-05-09T04:42:40.256+0000] {spark_submit.py:490} INFO - at com.google.cloud.hadoop.repackaged.gcs.com.google.api.client.googleapis.auth.oauth2.DefaultCredentialProvider.getCredentialUsingEnvironmentVariable(DefaultCredentialProvider.java:216)
[2023-05-09T04:42:40.256+0000] {spark_submit.py:490} INFO - ... 34 more
[2023-05-09T04:42:40.257+0000] {spark_submit.py:490} INFO - 23/05/09 04:42:40 WARN FileSystem: Failed to initialize fileystem gs://dtc-de-382609_bucket/stock_data/2019/*: java.io.IOException: Error reading credential file from environment variable GOOGLE_APPLICATION_CREDENTIALS, value '/opt/***/credentials/service-account-key.json': /opt/***/credentials/service-account-key.json (Permission denied)
[2023-05-09T04:42:40.292+0000] {spark_submit.py:490} INFO - 23/05/09 04:42:40 INFO BlockManagerInfo: Removed broadcast_5_piece0 on c46596148b7e:43691 in memory (size: 9.7 KiB, free: 434.4 MiB)
[2023-05-09T04:42:40.294+0000] {spark_submit.py:490} INFO - 23/05/09 04:42:40 INFO BlockManagerInfo: Removed broadcast_5_piece0 on 172.21.0.5:44633 in memory (size: 9.7 KiB, free: 434.4 MiB)
[2023-05-09T04:42:40.299+0000] {spark_submit.py:490} INFO - 23/05/09 04:42:40 INFO BlockManagerInfo: Removed broadcast_6_piece0 on c46596148b7e:43691 in memory (size: 9.7 KiB, free: 434.4 MiB)
[2023-05-09T04:42:40.302+0000] {spark_submit.py:490} INFO - 23/05/09 04:42:40 INFO BlockManagerInfo: Removed broadcast_6_piece0 on 172.21.0.5:44633 in memory (size: 9.7 KiB, free: 434.4 MiB)
[2023-05-09T04:42:40.307+0000] {spark_submit.py:490} INFO - 23/05/09 04:42:40 INFO BlockManagerInfo: Removed broadcast_7_piece0 on c46596148b7e:43691 in memory (size: 9.7 KiB, free: 434.4 MiB)
[2023-05-09T04:42:40.308+0000] {spark_submit.py:490} INFO - Traceback (most recent call last):
[2023-05-09T04:42:40.309+0000] {spark_submit.py:490} INFO - File "/opt/spark/app/load_data.py", line 75, in <module>
[2023-05-09T04:42:40.309+0000] {spark_submit.py:490} INFO - df = spark.read.format("parquet").load("gs://dtc-de-382609_bucket/stock_data/2019/*")
[2023-05-09T04:42:40.309+0000] {spark_submit.py:490} INFO - File "/opt/***/spark/spark-3.4.0-bin-hadoop3/python/lib/pyspark.zip/pyspark/sql/readwriter.py", line 300, in load
[2023-05-09T04:42:40.309+0000] {spark_submit.py:490} INFO - File "/opt/***/spark/spark-3.4.0-bin-hadoop3/python/lib/py4j-0.10.9.7-src.zip/py4j/java_gateway.py", line 1322, in __call__
[2023-05-09T04:42:40.309+0000] {spark_submit.py:490} INFO - File "/opt/***/spark/spark-3.4.0-bin-hadoop3/python/lib/pyspark.zip/pyspark/errors/exceptions/captured.py", line 169, in deco
[2023-05-09T04:42:40.309+0000] {spark_submit.py:490} INFO - File "/opt/***/spark/spark-3.4.0-bin-hadoop3/python/lib/py4j-0.10.9.7-src.zip/py4j/protocol.py", line 326, in get_return_value
[2023-05-09T04:42:40.309+0000] {spark_submit.py:490} INFO - py4j.protocol.Py4JJavaError23/05/09 04:42:40 INFO BlockManagerInfo: Removed broadcast_7_piece0 on 172.21.0.5:44633 in memory (size: 9.7 KiB, free: 434.4 MiB)
[2023-05-09T04:42:40.310+0000] {spark_submit.py:490} INFO - : An error occurred while calling o257.load.
[2023-05-09T04:42:40.310+0000] {spark_submit.py:490} INFO - : java.io.IOException: Error reading credential file from environment variable GOOGLE_APPLICATION_CREDENTIALS, value '/opt/***/credentials/service-account-key.json': /opt/***/credentials/service-account-key.json (Permission denied)
[2023-05-09T04:42:40.310+0000] {spark_submit.py:490} INFO - at com.google.cloud.hadoop.repackaged.gcs.com.google.api.client.googleapis.auth.oauth2.DefaultCredentialProvider.getCredentialUsingEnvironmentVariable(DefaultCredentialProvider.java:224)
[2023-05-09T04:42:40.310+0000] {spark_submit.py:490} INFO - at com.google.cloud.hadoop.repackaged.gcs.com.google.api.client.googleapis.auth.oauth2.DefaultCredentialProvider.getDefaultCredentialUnsynchronized(DefaultCredentialProvider.java:119)
[2023-05-09T04:42:40.310+0000] {spark_submit.py:490} INFO - at com.google.cloud.hadoop.repackaged.gcs.com.google.api.client.googleapis.auth.oauth2.DefaultCredentialProvider.getDefaultCredential(DefaultCredentialProvider.java:95)
[2023-05-09T04:42:40.310+0000] {spark_submit.py:490} INFO - at com.google.cloud.hadoop.repackaged.gcs.com.google.api.client.googleapis.auth.oauth2.GoogleCredential.getApplicationDefault(GoogleCredential.java:201)
[2023-05-09T04:42:40.310+0000] {spark_submit.py:490} INFO - at com.google.cloud.hadoop.repackaged.gcs.com.google.cloud.hadoop.util.CredentialFactory.getApplicationDefaultCredentials(CredentialFactory.java:339)
[2023-05-09T04:42:40.310+0000] {spark_submit.py:490} INFO - at com.google.cloud.hadoop.repackaged.gcs.com.google.cloud.hadoop.util.CredentialFactory.getCredential(CredentialFactory.java:408)
[2023-05-09T04:42:40.310+0000] {spark_submit.py:490} INFO - at com.google.cloud.hadoop.fs.gcs.GoogleHadoopFileSystemBase.getCredential(GoogleHadoopFileSystemBase.java:1344)
[2023-05-09T04:42:40.311+0000] {spark_submit.py:490} INFO - at com.google.cloud.hadoop.fs.gcs.GoogleHadoopFileSystemBase.createGcsFs(GoogleHadoopFileSystemBase.java:1501)
[2023-05-09T04:42:40.311+0000] {spark_submit.py:490} INFO - at com.google.cloud.hadoop.fs.gcs.GoogleHadoopFileSystemBase.configure(GoogleHadoopFileSystemBase.java:1483)
[2023-05-09T04:42:40.311+0000] {spark_submit.py:490} INFO - at com.google.cloud.hadoop.fs.gcs.GoogleHadoopFileSystemBase.initialize(GoogleHadoopFileSystemBase.java:470)
[2023-05-09T04:42:40.311+0000] {spark_submit.py:490} INFO - at org.apache.hadoop.fs.FileSystem.createFileSystem(FileSystem.java:3469)
[2023-05-09T04:42:40.311+0000] {spark_submit.py:490} INFO - at org.apache.hadoop.fs.FileSystem.access$300(FileSystem.java:174)
[2023-05-09T04:42:40.311+0000] {spark_submit.py:490} INFO - at org.apache.hadoop.fs.FileSystem$Cache.getInternal(FileSystem.java:3574)
[2023-05-09T04:42:40.311+0000] {spark_submit.py:490} INFO - at org.apache.hadoop.fs.FileSystem$Cache.get(FileSystem.java:3521)
[2023-05-09T04:42:40.312+0000] {spark_submit.py:490} INFO - at org.apache.hadoop.fs.FileSystem.get(FileSystem.java:540)
[2023-05-09T04:42:40.312+0000] {spark_submit.py:490} INFO - at org.apache.hadoop.fs.Path.getFileSystem(Path.java:365)
[2023-05-09T04:42:40.312+0000] {spark_submit.py:490} INFO - at org.apache.spark.sql.execution.datasources.DataSource$.$anonfun$checkAndGlobPathIfNecessary$1(DataSource.scala:724)
[2023-05-09T04:42:40.312+0000] {spark_submit.py:490} INFO - at scala.collection.immutable.List.map(List.scala:293)
[2023-05-09T04:42:40.312+0000] {spark_submit.py:490} INFO - at org.apache.spark.sql.execution.datasources.DataSource$.checkAndGlobPathIfNecessary(DataSource.scala:722)
[2023-05-09T04:42:40.312+0000] {spark_submit.py:490} INFO - at org.apache.spark.sql.execution.datasources.DataSource.checkAndGlobPathIfNecessary(DataSource.scala:551)
[2023-05-09T04:42:40.312+0000] {spark_submit.py:490} INFO - at org.apache.spark.sql.execution.datasources.DataSource.resolveRelation(DataSource.scala:404)
[2023-05-09T04:42:40.312+0000] {spark_submit.py:490} INFO - at org.apache.spark.sql.DataFrameReader.loadV1Source(DataFrameReader.scala:229)
[2023-05-09T04:42:40.312+0000] {spark_submit.py:490} INFO - at org.apache.spark.sql.DataFrameReader.$anonfun$load$2(DataFrameReader.scala:211)
[2023-05-09T04:42:40.313+0000] {spark_submit.py:490} INFO - at scala.Option.getOrElse(Option.scala:189)
[2023-05-09T04:42:40.313+0000] {spark_submit.py:490} INFO - at org.apache.spark.sql.DataFrameReader.load(DataFrameReader.scala:211)
[2023-05-09T04:42:40.313+0000] {spark_submit.py:490} INFO - at org.apache.spark.sql.DataFrameReader.load(DataFrameReader.scala:186)
[2023-05-09T04:42:40.313+0000] {spark_submit.py:490} INFO - at java.base/jdk.internal.reflect.NativeMethodAccessorImpl.invoke0(Native Method)
[2023-05-09T04:42:40.313+0000] {spark_submit.py:490} INFO - at java.base/jdk.internal.reflect.NativeMethodAccessorImpl.invoke(NativeMethodAccessorImpl.java:62)
[2023-05-09T04:42:40.313+0000] {spark_submit.py:490} INFO - at java.base/jdk.internal.reflect.DelegatingMethodAccessorImpl.invoke(DelegatingMethodAccessorImpl.java:43)
[2023-05-09T04:42:40.313+0000] {spark_submit.py:490} INFO - at java.base/java.lang.reflect.Method.invoke(Method.java:566)
[2023-05-09T04:42:40.313+0000] {spark_submit.py:490} INFO - at py4j.reflection.MethodInvoker.invoke(MethodInvoker.java:244)
[2023-05-09T04:42:40.314+0000] {spark_submit.py:490} INFO - at py4j.reflection.ReflectionEngine.invoke(ReflectionEngine.java:374)
[2023-05-09T04:42:40.314+0000] {spark_submit.py:490} INFO - at py4j.Gateway.invoke(Gateway.java:282)
[2023-05-09T04:42:40.314+0000] {spark_submit.py:490} INFO - at py4j.commands.AbstractCommand.invokeMethod(AbstractCommand.java:132)
[2023-05-09T04:42:40.314+0000] {spark_submit.py:490} INFO - at py4j.commands.CallCommand.execute(CallCommand.java:79)
[2023-05-09T04:42:40.314+0000] {spark_submit.py:490} INFO - at py4j.ClientServerConnection.waitForCommands(ClientServerConnection.java:182)
[2023-05-09T04:42:40.314+0000] {spark_submit.py:490} INFO - at py4j.ClientServerConnection.run(ClientServerConnection.java:106)
[2023-05-09T04:42:40.314+0000] {spark_submit.py:490} INFO - at java.base/java.lang.Thread.run(Thread.java:834)
[2023-05-09T04:42:40.314+0000] {spark_submit.py:490} INFO - Caused by: java.io.FileNotFoundException: /opt/***/credentials/service-account-key.json (Permission denied)
[2023-05-09T04:42:40.314+0000] {spark_submit.py:490} INFO - at java.base/java.io.FileInputStream.open0(Native Method)
[2023-05-09T04:42:40.315+0000] {spark_submit.py:490} INFO - at java.base/java.io.FileInputStream.open(FileInputStream.java:219)
[2023-05-09T04:42:40.315+0000] {spark_submit.py:490} INFO - at java.base/java.io.FileInputStream.<init>(FileInputStream.java:157)
[2023-05-09T04:42:40.315+0000] {spark_submit.py:490} INFO - at java.base/java.io.FileInputStream.<init>(FileInputStream.java:112)
[2023-05-09T04:42:40.315+0000] {spark_submit.py:490} INFO - at com.google.cloud.hadoop.repackaged.gcs.com.google.api.client.googleapis.auth.oauth2.DefaultCredentialProvider.getCredentialUsingEnvironmentVariable(DefaultCredentialProvider.java:216)
[2023-05-09T04:42:40.315+0000] {spark_submit.py:490} INFO - ... 37 more
[2023-05-09T04:42:40.315+0000] {spark_submit.py:490} INFO - 
[2023-05-09T04:42:40.467+0000] {spark_submit.py:490} INFO - 23/05/09 04:42:40 INFO SparkContext: Invoking stop() from shutdown hook
[2023-05-09T04:42:40.468+0000] {spark_submit.py:490} INFO - 23/05/09 04:42:40 INFO SparkContext: SparkContext is stopping with exitCode 0.
[2023-05-09T04:42:40.482+0000] {spark_submit.py:490} INFO - 23/05/09 04:42:40 INFO SparkUI: Stopped Spark web UI at http://c46596148b7e:4040
[2023-05-09T04:42:40.487+0000] {spark_submit.py:490} INFO - 23/05/09 04:42:40 INFO StandaloneSchedulerBackend: Shutting down all executors
[2023-05-09T04:42:40.487+0000] {spark_submit.py:490} INFO - 23/05/09 04:42:40 INFO StandaloneSchedulerBackend$StandaloneDriverEndpoint: Asking each executor to shut down
[2023-05-09T04:42:40.522+0000] {spark_submit.py:490} INFO - 23/05/09 04:42:40 INFO MapOutputTrackerMasterEndpoint: MapOutputTrackerMasterEndpoint stopped!
[2023-05-09T04:42:40.542+0000] {spark_submit.py:490} INFO - 23/05/09 04:42:40 INFO MemoryStore: MemoryStore cleared
[2023-05-09T04:42:40.542+0000] {spark_submit.py:490} INFO - 23/05/09 04:42:40 INFO BlockManager: BlockManager stopped
[2023-05-09T04:42:40.546+0000] {spark_submit.py:490} INFO - 23/05/09 04:42:40 INFO BlockManagerMaster: BlockManagerMaster stopped
[2023-05-09T04:42:40.549+0000] {spark_submit.py:490} INFO - 23/05/09 04:42:40 INFO OutputCommitCoordinator$OutputCommitCoordinatorEndpoint: OutputCommitCoordinator stopped!
[2023-05-09T04:42:40.556+0000] {spark_submit.py:490} INFO - 23/05/09 04:42:40 INFO SparkContext: Successfully stopped SparkContext
[2023-05-09T04:42:40.557+0000] {spark_submit.py:490} INFO - 23/05/09 04:42:40 INFO ShutdownHookManager: Shutdown hook called
[2023-05-09T04:42:40.557+0000] {spark_submit.py:490} INFO - 23/05/09 04:42:40 INFO ShutdownHookManager: Deleting directory /tmp/spark-ce498fd2-87df-40af-9312-f26e72d2505a/pyspark-b827ec16-a09a-4d67-8b4d-3ea64662bab9
[2023-05-09T04:42:40.561+0000] {spark_submit.py:490} INFO - 23/05/09 04:42:40 INFO ShutdownHookManager: Deleting directory /tmp/spark-ce498fd2-87df-40af-9312-f26e72d2505a
[2023-05-09T04:42:40.564+0000] {spark_submit.py:490} INFO - 23/05/09 04:42:40 INFO ShutdownHookManager: Deleting directory /tmp/spark-aebf2f47-9663-4f87-b9aa-00c0edfe54fd
[2023-05-09T04:42:40.620+0000] {taskinstance.py:1847} ERROR - Task failed with exception
Traceback (most recent call last):
  File "/home/airflow/.local/lib/python3.9/site-packages/airflow/providers/apache/spark/operators/spark_submit.py", line 157, in execute
    self._hook.submit(self._application)
  File "/home/airflow/.local/lib/python3.9/site-packages/airflow/providers/apache/spark/hooks/spark_submit.py", line 421, in submit
    raise AirflowException(
airflow.exceptions.AirflowException: Cannot execute: spark-submit --master spark://spark:7077 --name arrow-spark --verbose /opt/spark/app/load_data.py. Error code is: 1.
[2023-05-09T04:42:40.623+0000] {taskinstance.py:1368} INFO - Marking task as UP_FOR_RETRY. dag_id=upload_to_gcs, task_id=spark_load_stock_data, execution_date=20230509T044217, start_date=20230509T044219, end_date=20230509T044240
[2023-05-09T04:42:40.639+0000] {standard_task_runner.py:104} ERROR - Failed to execute job 89 for task spark_load_stock_data (Cannot execute: spark-submit --master spark://spark:7077 --name arrow-spark --verbose /opt/spark/app/load_data.py. Error code is: 1.; 59)
[2023-05-09T04:42:40.686+0000] {local_task_job_runner.py:232} INFO - Task exited with return code 1
[2023-05-09T04:42:40.729+0000] {taskinstance.py:2674} INFO - 0 downstream tasks scheduled from follow-on schedule check
