[2023-06-15T09:21:26.140+0000] {taskinstance.py:1103} INFO - Dependencies all met for dep_context=non-requeueable deps ti=<TaskInstance: upload_to_gcs.spark_load_stock_data backfill__2021-01-01T00:00:00+00:00 [queued]>
[2023-06-15T09:21:26.147+0000] {taskinstance.py:1103} INFO - Dependencies all met for dep_context=requeueable deps ti=<TaskInstance: upload_to_gcs.spark_load_stock_data backfill__2021-01-01T00:00:00+00:00 [queued]>
[2023-06-15T09:21:26.147+0000] {taskinstance.py:1308} INFO - Starting attempt 1 of 2
[2023-06-15T09:21:26.165+0000] {taskinstance.py:1327} INFO - Executing <Task(SparkSubmitOperator): spark_load_stock_data> on 2021-01-01 00:00:00+00:00
[2023-06-15T09:21:26.169+0000] {standard_task_runner.py:57} INFO - Started process 160 to run task
[2023-06-15T09:21:26.172+0000] {standard_task_runner.py:84} INFO - Running: ['***', 'tasks', 'run', 'upload_to_gcs', 'spark_load_stock_data', 'backfill__2021-01-01T00:00:00+00:00', '--job-id', '357', '--pool', 'default_pool', '--raw', '--subdir', 'DAGS_FOLDER/upload_to_gcs.py', '--cfg-path', '/tmp/tmpnfk6otao']
[2023-06-15T09:21:26.172+0000] {standard_task_runner.py:85} INFO - Job 357: Subtask spark_load_stock_data
[2023-06-15T09:21:26.212+0000] {task_command.py:410} INFO - Running <TaskInstance: upload_to_gcs.spark_load_stock_data backfill__2021-01-01T00:00:00+00:00 [running]> on host 69b643fc97df
[2023-06-15T09:21:26.300+0000] {taskinstance.py:1545} INFO - Exporting env vars: AIRFLOW_CTX_DAG_OWNER='***' AIRFLOW_CTX_DAG_ID='upload_to_gcs' AIRFLOW_CTX_TASK_ID='spark_load_stock_data' AIRFLOW_CTX_EXECUTION_DATE='2021-01-01T00:00:00+00:00' AIRFLOW_CTX_TRY_NUMBER='1' AIRFLOW_CTX_DAG_RUN_ID='backfill__2021-01-01T00:00:00+00:00'
[2023-06-15T09:21:26.308+0000] {base.py:73} INFO - Using connection ID 'spark_default' for task execution.
[2023-06-15T09:21:26.309+0000] {spark_submit.py:339} INFO - Spark-Submit cmd: spark-submit --master spark://spark:7077 --name arrow-spark --verbose /opt/spark/app/load_data.py 2021-01-01 2efb4e0c80a041b794abaf4369e76869 dtc-de-382609_bucket
[2023-06-15T09:21:26.327+0000] {spark_submit.py:490} INFO - /opt/***/spark/spark-3.4.0-bin-hadoop3/bin/load-spark-env.sh: line 68: ps: command not found
[2023-06-15T09:21:27.978+0000] {spark_submit.py:490} INFO - Using properties file: null
[2023-06-15T09:21:28.136+0000] {spark_submit.py:490} INFO - Parsed arguments:
[2023-06-15T09:21:28.136+0000] {spark_submit.py:490} INFO - master                  spark://spark:7077
[2023-06-15T09:21:28.136+0000] {spark_submit.py:490} INFO - remote                  null
[2023-06-15T09:21:28.136+0000] {spark_submit.py:490} INFO - deployMode              null
[2023-06-15T09:21:28.136+0000] {spark_submit.py:490} INFO - executorMemory          null
[2023-06-15T09:21:28.136+0000] {spark_submit.py:490} INFO - executorCores           null
[2023-06-15T09:21:28.136+0000] {spark_submit.py:490} INFO - totalExecutorCores      null
[2023-06-15T09:21:28.136+0000] {spark_submit.py:490} INFO - propertiesFile          null
[2023-06-15T09:21:28.136+0000] {spark_submit.py:490} INFO - driverMemory            null
[2023-06-15T09:21:28.136+0000] {spark_submit.py:490} INFO - driverCores             null
[2023-06-15T09:21:28.136+0000] {spark_submit.py:490} INFO - driverExtraClassPath    null
[2023-06-15T09:21:28.136+0000] {spark_submit.py:490} INFO - driverExtraLibraryPath  null
[2023-06-15T09:21:28.137+0000] {spark_submit.py:490} INFO - driverExtraJavaOptions  null
[2023-06-15T09:21:28.137+0000] {spark_submit.py:490} INFO - supervise               false
[2023-06-15T09:21:28.137+0000] {spark_submit.py:490} INFO - queue                   null
[2023-06-15T09:21:28.137+0000] {spark_submit.py:490} INFO - numExecutors            null
[2023-06-15T09:21:28.137+0000] {spark_submit.py:490} INFO - files                   null
[2023-06-15T09:21:28.137+0000] {spark_submit.py:490} INFO - pyFiles                 null
[2023-06-15T09:21:28.137+0000] {spark_submit.py:490} INFO - archives                null
[2023-06-15T09:21:28.137+0000] {spark_submit.py:490} INFO - mainClass               null
[2023-06-15T09:21:28.137+0000] {spark_submit.py:490} INFO - primaryResource         file:/opt/spark/app/load_data.py
[2023-06-15T09:21:28.137+0000] {spark_submit.py:490} INFO - name                    arrow-spark
[2023-06-15T09:21:28.137+0000] {spark_submit.py:490} INFO - childArgs               [2021-01-01 2efb4e0c80a041b794abaf4369e76869 dtc-de-382609_bucket]
[2023-06-15T09:21:28.137+0000] {spark_submit.py:490} INFO - jars                    null
[2023-06-15T09:21:28.138+0000] {spark_submit.py:490} INFO - packages                null
[2023-06-15T09:21:28.138+0000] {spark_submit.py:490} INFO - packagesExclusions      null
[2023-06-15T09:21:28.138+0000] {spark_submit.py:490} INFO - repositories            null
[2023-06-15T09:21:28.138+0000] {spark_submit.py:490} INFO - verbose                 true
[2023-06-15T09:21:28.138+0000] {spark_submit.py:490} INFO - 
[2023-06-15T09:21:28.138+0000] {spark_submit.py:490} INFO - Spark properties used, including those specified through
[2023-06-15T09:21:28.138+0000] {spark_submit.py:490} INFO - --conf and those from the properties file null:
[2023-06-15T09:21:28.138+0000] {spark_submit.py:490} INFO - 
[2023-06-15T09:21:28.138+0000] {spark_submit.py:490} INFO - 
[2023-06-15T09:21:28.138+0000] {spark_submit.py:490} INFO - 
[2023-06-15T09:21:28.461+0000] {spark_submit.py:490} INFO - Main class:
[2023-06-15T09:21:28.461+0000] {spark_submit.py:490} INFO - org.apache.spark.deploy.PythonRunner
[2023-06-15T09:21:28.461+0000] {spark_submit.py:490} INFO - Arguments:
[2023-06-15T09:21:28.461+0000] {spark_submit.py:490} INFO - file:/opt/spark/app/load_data.py
[2023-06-15T09:21:28.462+0000] {spark_submit.py:490} INFO - null
[2023-06-15T09:21:28.462+0000] {spark_submit.py:490} INFO - 2021-01-01
[2023-06-15T09:21:28.462+0000] {spark_submit.py:490} INFO - 2efb4e0c80a041b794abaf4369e76869
[2023-06-15T09:21:28.462+0000] {spark_submit.py:490} INFO - dtc-de-382609_bucket
[2023-06-15T09:21:28.466+0000] {spark_submit.py:490} INFO - Spark config:
[2023-06-15T09:21:28.466+0000] {spark_submit.py:490} INFO - (spark.app.name,arrow-spark)
[2023-06-15T09:21:28.466+0000] {spark_submit.py:490} INFO - (spark.app.submitTime,1686820888437)
[2023-06-15T09:21:28.466+0000] {spark_submit.py:490} INFO - (spark.master,spark://spark:7077)
[2023-06-15T09:21:28.466+0000] {spark_submit.py:490} INFO - (spark.submit.deployMode,client)
[2023-06-15T09:21:28.466+0000] {spark_submit.py:490} INFO - (spark.submit.pyFiles,)
[2023-06-15T09:21:28.467+0000] {spark_submit.py:490} INFO - Classpath elements:
[2023-06-15T09:21:28.467+0000] {spark_submit.py:490} INFO - 
[2023-06-15T09:21:28.467+0000] {spark_submit.py:490} INFO - 
[2023-06-15T09:21:28.467+0000] {spark_submit.py:490} INFO - 
[2023-06-15T09:21:29.690+0000] {spark_submit.py:490} INFO - 23/06/15 09:21:29 INFO SparkContext: Running Spark version 3.4.0
[2023-06-15T09:21:29.759+0000] {spark_submit.py:490} INFO - 23/06/15 09:21:29 WARN NativeCodeLoader: Unable to load native-hadoop library for your platform... using builtin-java classes where applicable
[2023-06-15T09:21:29.877+0000] {spark_submit.py:490} INFO - 23/06/15 09:21:29 INFO ResourceUtils: ==============================================================
[2023-06-15T09:21:29.877+0000] {spark_submit.py:490} INFO - 23/06/15 09:21:29 INFO ResourceUtils: No custom resources configured for spark.driver.
[2023-06-15T09:21:29.878+0000] {spark_submit.py:490} INFO - 23/06/15 09:21:29 INFO ResourceUtils: ==============================================================
[2023-06-15T09:21:29.878+0000] {spark_submit.py:490} INFO - 23/06/15 09:21:29 INFO SparkContext: Submitted application: SparkUploadData
[2023-06-15T09:21:29.911+0000] {spark_submit.py:490} INFO - 23/06/15 09:21:29 INFO ResourceProfile: Default ResourceProfile created, executor resources: Map(memory -> name: memory, amount: 1024, script: , vendor: , offHeap -> name: offHeap, amount: 0, script: , vendor: ), task resources: Map(cpus -> name: cpus, amount: 1.0)
[2023-06-15T09:21:29.932+0000] {spark_submit.py:490} INFO - 23/06/15 09:21:29 INFO ResourceProfile: Limiting resource is cpu
[2023-06-15T09:21:29.932+0000] {spark_submit.py:490} INFO - 23/06/15 09:21:29 INFO ResourceProfileManager: Added ResourceProfile id: 0
[2023-06-15T09:21:30.005+0000] {spark_submit.py:490} INFO - 23/06/15 09:21:30 INFO SecurityManager: Changing view acls to: default
[2023-06-15T09:21:30.005+0000] {spark_submit.py:490} INFO - 23/06/15 09:21:30 INFO SecurityManager: Changing modify acls to: default
[2023-06-15T09:21:30.006+0000] {spark_submit.py:490} INFO - 23/06/15 09:21:30 INFO SecurityManager: Changing view acls groups to:
[2023-06-15T09:21:30.006+0000] {spark_submit.py:490} INFO - 23/06/15 09:21:30 INFO SecurityManager: Changing modify acls groups to:
[2023-06-15T09:21:30.007+0000] {spark_submit.py:490} INFO - 23/06/15 09:21:30 INFO SecurityManager: SecurityManager: authentication disabled; ui acls disabled; users with view permissions: default; groups with view permissions: EMPTY; users with modify permissions: default; groups with modify permissions: EMPTY
[2023-06-15T09:21:30.244+0000] {spark_submit.py:490} INFO - 23/06/15 09:21:30 INFO Utils: Successfully started service 'sparkDriver' on port 39825.
[2023-06-15T09:21:30.286+0000] {spark_submit.py:490} INFO - 23/06/15 09:21:30 INFO SparkEnv: Registering MapOutputTracker
[2023-06-15T09:21:30.320+0000] {spark_submit.py:490} INFO - 23/06/15 09:21:30 INFO SparkEnv: Registering BlockManagerMaster
[2023-06-15T09:21:30.343+0000] {spark_submit.py:490} INFO - 23/06/15 09:21:30 INFO BlockManagerMasterEndpoint: Using org.apache.spark.storage.DefaultTopologyMapper for getting topology information
[2023-06-15T09:21:30.344+0000] {spark_submit.py:490} INFO - 23/06/15 09:21:30 INFO BlockManagerMasterEndpoint: BlockManagerMasterEndpoint up
[2023-06-15T09:21:30.348+0000] {spark_submit.py:490} INFO - 23/06/15 09:21:30 INFO SparkEnv: Registering BlockManagerMasterHeartbeat
[2023-06-15T09:21:30.374+0000] {spark_submit.py:490} INFO - 23/06/15 09:21:30 INFO DiskBlockManager: Created local directory at /tmp/blockmgr-332f91c1-d62c-4658-aeb3-f48359621d34
[2023-06-15T09:21:30.393+0000] {spark_submit.py:490} INFO - 23/06/15 09:21:30 INFO MemoryStore: MemoryStore started with capacity 434.4 MiB
[2023-06-15T09:21:30.411+0000] {spark_submit.py:490} INFO - 23/06/15 09:21:30 INFO SparkEnv: Registering OutputCommitCoordinator
[2023-06-15T09:21:30.570+0000] {spark_submit.py:490} INFO - 23/06/15 09:21:30 INFO JettyUtils: Start Jetty 0.0.0.0:4040 for SparkUI
[2023-06-15T09:21:30.643+0000] {spark_submit.py:490} INFO - 23/06/15 09:21:30 INFO Utils: Successfully started service 'SparkUI' on port 4040.
[2023-06-15T09:21:30.773+0000] {spark_submit.py:490} INFO - 23/06/15 09:21:30 INFO StandaloneAppClient$ClientEndpoint: Connecting to master spark://spark:7077...
[2023-06-15T09:21:30.835+0000] {spark_submit.py:490} INFO - 23/06/15 09:21:30 INFO TransportClientFactory: Successfully created connection to spark/172.27.0.3:7077 after 41 ms (0 ms spent in bootstraps)
[2023-06-15T09:21:30.987+0000] {spark_submit.py:490} INFO - 23/06/15 09:21:30 INFO StandaloneSchedulerBackend: Connected to Spark cluster with app ID app-20230615092130-0000
[2023-06-15T09:21:30.996+0000] {spark_submit.py:490} INFO - 23/06/15 09:21:30 INFO Utils: Successfully started service 'org.apache.spark.network.netty.NettyBlockTransferService' on port 34913.
[2023-06-15T09:21:30.996+0000] {spark_submit.py:490} INFO - 23/06/15 09:21:30 INFO NettyBlockTransferService: Server created on 69b643fc97df:34913
[2023-06-15T09:21:30.998+0000] {spark_submit.py:490} INFO - 23/06/15 09:21:30 INFO BlockManager: Using org.apache.spark.storage.RandomBlockReplicationPolicy for block replication policy
[2023-06-15T09:21:31.008+0000] {spark_submit.py:490} INFO - 23/06/15 09:21:31 INFO BlockManagerMaster: Registering BlockManager BlockManagerId(driver, 69b643fc97df, 34913, None)
[2023-06-15T09:21:31.012+0000] {spark_submit.py:490} INFO - 23/06/15 09:21:31 INFO BlockManagerMasterEndpoint: Registering block manager 69b643fc97df:34913 with 434.4 MiB RAM, BlockManagerId(driver, 69b643fc97df, 34913, None)
[2023-06-15T09:21:31.013+0000] {spark_submit.py:490} INFO - 23/06/15 09:21:31 INFO StandaloneAppClient$ClientEndpoint: Executor added: app-20230615092130-0000/0 on worker-20230615091312-172.27.0.2-45907 (172.27.0.2:45907) with 2 core(s)
[2023-06-15T09:21:31.018+0000] {spark_submit.py:490} INFO - 23/06/15 09:21:31 INFO BlockManagerMaster: Registered BlockManager BlockManagerId(driver, 69b643fc97df, 34913, None)
[2023-06-15T09:21:31.019+0000] {spark_submit.py:490} INFO - 23/06/15 09:21:31 INFO StandaloneSchedulerBackend: Granted executor ID app-20230615092130-0000/0 on hostPort 172.27.0.2:45907 with 2 core(s), 1024.0 MiB RAM
[2023-06-15T09:21:31.020+0000] {spark_submit.py:490} INFO - 23/06/15 09:21:31 INFO BlockManager: Initialized BlockManager: BlockManagerId(driver, 69b643fc97df, 34913, None)
[2023-06-15T09:21:31.177+0000] {spark_submit.py:490} INFO - 23/06/15 09:21:31 INFO StandaloneAppClient$ClientEndpoint: Executor updated: app-20230615092130-0000/0 is now RUNNING
[2023-06-15T09:21:31.307+0000] {spark_submit.py:490} INFO - 23/06/15 09:21:31 INFO StandaloneSchedulerBackend: SchedulerBackend is ready for scheduling beginning after reached minRegisteredResourcesRatio: 0.0
[2023-06-15T09:21:34.115+0000] {spark_submit.py:490} INFO - 23/06/15 09:21:34 INFO StandaloneSchedulerBackend$StandaloneDriverEndpoint: Registered executor NettyRpcEndpointRef(spark-client://Executor) (172.27.0.2:56454) with ID 0,  ResourceProfileId 0
[2023-06-15T09:21:34.255+0000] {spark_submit.py:490} INFO - 23/06/15 09:21:34 INFO BlockManagerMasterEndpoint: Registering block manager 172.27.0.2:35973 with 434.4 MiB RAM, BlockManagerId(0, 172.27.0.2, 35973, None)
[2023-06-15T09:21:34.702+0000] {spark_submit.py:490} INFO - 23/06/15 09:21:34 INFO SharedState: Setting hive.metastore.warehouse.dir ('null') to the value of spark.sql.warehouse.dir.
[2023-06-15T09:21:34.711+0000] {spark_submit.py:490} INFO - 23/06/15 09:21:34 INFO SharedState: Warehouse path is 'file:/opt/***/spark-warehouse'.
[2023-06-15T09:21:38.217+0000] {spark_submit.py:490} INFO - {'code': 400, 'message': 'No data is available on the specified dates. Try setting different start/end dates.', 'status': 'error', 'meta': {'symbol': 'AAPL', 'interval': '1h', 'exchange': ''}}
[2023-06-15T09:21:38.227+0000] {spark_submit.py:490} INFO - ERROR:root:Something error
[2023-06-15T09:21:38.355+0000] {spark_submit.py:490} INFO - 23/06/15 09:21:38 INFO SparkContext: Invoking stop() from shutdown hook
[2023-06-15T09:21:38.356+0000] {spark_submit.py:490} INFO - 23/06/15 09:21:38 INFO SparkContext: SparkContext is stopping with exitCode 0.
[2023-06-15T09:21:38.369+0000] {spark_submit.py:490} INFO - 23/06/15 09:21:38 INFO SparkUI: Stopped Spark web UI at http://69b643fc97df:4040
[2023-06-15T09:21:38.376+0000] {spark_submit.py:490} INFO - 23/06/15 09:21:38 INFO StandaloneSchedulerBackend: Shutting down all executors
[2023-06-15T09:21:38.377+0000] {spark_submit.py:490} INFO - 23/06/15 09:21:38 INFO StandaloneSchedulerBackend$StandaloneDriverEndpoint: Asking each executor to shut down
[2023-06-15T09:21:38.407+0000] {spark_submit.py:490} INFO - 23/06/15 09:21:38 INFO MapOutputTrackerMasterEndpoint: MapOutputTrackerMasterEndpoint stopped!
[2023-06-15T09:21:38.429+0000] {spark_submit.py:490} INFO - 23/06/15 09:21:38 INFO MemoryStore: MemoryStore cleared
[2023-06-15T09:21:38.430+0000] {spark_submit.py:490} INFO - 23/06/15 09:21:38 INFO BlockManager: BlockManager stopped
[2023-06-15T09:21:38.442+0000] {spark_submit.py:490} INFO - 23/06/15 09:21:38 INFO BlockManagerMaster: BlockManagerMaster stopped
[2023-06-15T09:21:38.445+0000] {spark_submit.py:490} INFO - 23/06/15 09:21:38 INFO OutputCommitCoordinator$OutputCommitCoordinatorEndpoint: OutputCommitCoordinator stopped!
[2023-06-15T09:21:38.453+0000] {spark_submit.py:490} INFO - 23/06/15 09:21:38 INFO SparkContext: Successfully stopped SparkContext
[2023-06-15T09:21:38.453+0000] {spark_submit.py:490} INFO - 23/06/15 09:21:38 INFO ShutdownHookManager: Shutdown hook called
[2023-06-15T09:21:38.454+0000] {spark_submit.py:490} INFO - 23/06/15 09:21:38 INFO ShutdownHookManager: Deleting directory /tmp/spark-7e13ff6a-af74-4f5a-8a5c-e444b07bf92f
[2023-06-15T09:21:38.458+0000] {spark_submit.py:490} INFO - 23/06/15 09:21:38 INFO ShutdownHookManager: Deleting directory /tmp/spark-5a6b60d8-3a2e-45f2-81d6-698e4e3c6f49
[2023-06-15T09:21:38.462+0000] {spark_submit.py:490} INFO - 23/06/15 09:21:38 INFO ShutdownHookManager: Deleting directory /tmp/spark-5a6b60d8-3a2e-45f2-81d6-698e4e3c6f49/pyspark-c8d1a66a-eedd-49c5-9fa2-85f104ae4d8c
[2023-06-15T09:21:38.512+0000] {taskinstance.py:1345} INFO - Marking task as SUCCESS. dag_id=upload_to_gcs, task_id=spark_load_stock_data, execution_date=20210101T000000, start_date=20230615T092126, end_date=20230615T092138
[2023-06-15T09:21:38.528+0000] {local_task_job_runner.py:225} INFO - Task exited with return code 0
[2023-06-15T09:21:38.541+0000] {taskinstance.py:2651} INFO - 0 downstream tasks scheduled from follow-on schedule check
