[2023-06-15T10:01:17.857+0000] {taskinstance.py:1103} INFO - Dependencies all met for dep_context=non-requeueable deps ti=<TaskInstance: upload_to_gcs.spark_load_stock_data backfill__2021-02-06T00:00:00+00:00 [queued]>
[2023-06-15T10:01:17.865+0000] {taskinstance.py:1103} INFO - Dependencies all met for dep_context=requeueable deps ti=<TaskInstance: upload_to_gcs.spark_load_stock_data backfill__2021-02-06T00:00:00+00:00 [queued]>
[2023-06-15T10:01:17.866+0000] {taskinstance.py:1308} INFO - Starting attempt 1 of 2
[2023-06-15T10:01:17.884+0000] {taskinstance.py:1327} INFO - Executing <Task(SparkSubmitOperator): spark_load_stock_data> on 2021-02-06 00:00:00+00:00
[2023-06-15T10:01:17.888+0000] {standard_task_runner.py:57} INFO - Started process 9627 to run task
[2023-06-15T10:01:17.891+0000] {standard_task_runner.py:84} INFO - Running: ['***', 'tasks', 'run', 'upload_to_gcs', 'spark_load_stock_data', 'backfill__2021-02-06T00:00:00+00:00', '--job-id', '429', '--pool', 'default_pool', '--raw', '--subdir', 'DAGS_FOLDER/upload_to_gcs.py', '--cfg-path', '/tmp/tmp1bg5ek54']
[2023-06-15T10:01:17.891+0000] {standard_task_runner.py:85} INFO - Job 429: Subtask spark_load_stock_data
[2023-06-15T10:01:17.929+0000] {task_command.py:410} INFO - Running <TaskInstance: upload_to_gcs.spark_load_stock_data backfill__2021-02-06T00:00:00+00:00 [running]> on host 69b643fc97df
[2023-06-15T10:01:18.005+0000] {taskinstance.py:1545} INFO - Exporting env vars: AIRFLOW_CTX_DAG_OWNER='***' AIRFLOW_CTX_DAG_ID='upload_to_gcs' AIRFLOW_CTX_TASK_ID='spark_load_stock_data' AIRFLOW_CTX_EXECUTION_DATE='2021-02-06T00:00:00+00:00' AIRFLOW_CTX_TRY_NUMBER='1' AIRFLOW_CTX_DAG_RUN_ID='backfill__2021-02-06T00:00:00+00:00'
[2023-06-15T10:01:18.015+0000] {base.py:73} INFO - Using connection ID 'spark_default' for task execution.
[2023-06-15T10:01:18.016+0000] {spark_submit.py:339} INFO - Spark-Submit cmd: spark-submit --master spark://spark:7077 --name arrow-spark --verbose /opt/spark/app/load_data.py 2021-02-06 2efb4e0c80a041b794abaf4369e76869 dtc-de-382609_bucket
[2023-06-15T10:01:18.041+0000] {spark_submit.py:490} INFO - /opt/***/spark/spark-3.4.0-bin-hadoop3/bin/load-spark-env.sh: line 68: ps: command not found
[2023-06-15T10:01:19.520+0000] {spark_submit.py:490} INFO - Using properties file: null
[2023-06-15T10:01:19.671+0000] {spark_submit.py:490} INFO - Parsed arguments:
[2023-06-15T10:01:19.671+0000] {spark_submit.py:490} INFO - master                  spark://spark:7077
[2023-06-15T10:01:19.671+0000] {spark_submit.py:490} INFO - remote                  null
[2023-06-15T10:01:19.671+0000] {spark_submit.py:490} INFO - deployMode              null
[2023-06-15T10:01:19.671+0000] {spark_submit.py:490} INFO - executorMemory          null
[2023-06-15T10:01:19.672+0000] {spark_submit.py:490} INFO - executorCores           null
[2023-06-15T10:01:19.672+0000] {spark_submit.py:490} INFO - totalExecutorCores      null
[2023-06-15T10:01:19.672+0000] {spark_submit.py:490} INFO - propertiesFile          null
[2023-06-15T10:01:19.672+0000] {spark_submit.py:490} INFO - driverMemory            null
[2023-06-15T10:01:19.672+0000] {spark_submit.py:490} INFO - driverCores             null
[2023-06-15T10:01:19.672+0000] {spark_submit.py:490} INFO - driverExtraClassPath    null
[2023-06-15T10:01:19.672+0000] {spark_submit.py:490} INFO - driverExtraLibraryPath  null
[2023-06-15T10:01:19.672+0000] {spark_submit.py:490} INFO - driverExtraJavaOptions  null
[2023-06-15T10:01:19.673+0000] {spark_submit.py:490} INFO - supervise               false
[2023-06-15T10:01:19.673+0000] {spark_submit.py:490} INFO - queue                   null
[2023-06-15T10:01:19.673+0000] {spark_submit.py:490} INFO - numExecutors            null
[2023-06-15T10:01:19.673+0000] {spark_submit.py:490} INFO - files                   null
[2023-06-15T10:01:19.673+0000] {spark_submit.py:490} INFO - pyFiles                 null
[2023-06-15T10:01:19.673+0000] {spark_submit.py:490} INFO - archives                null
[2023-06-15T10:01:19.673+0000] {spark_submit.py:490} INFO - mainClass               null
[2023-06-15T10:01:19.673+0000] {spark_submit.py:490} INFO - primaryResource         file:/opt/spark/app/load_data.py
[2023-06-15T10:01:19.674+0000] {spark_submit.py:490} INFO - name                    arrow-spark
[2023-06-15T10:01:19.674+0000] {spark_submit.py:490} INFO - childArgs               [2021-02-06 2efb4e0c80a041b794abaf4369e76869 dtc-de-382609_bucket]
[2023-06-15T10:01:19.674+0000] {spark_submit.py:490} INFO - jars                    null
[2023-06-15T10:01:19.674+0000] {spark_submit.py:490} INFO - packages                null
[2023-06-15T10:01:19.674+0000] {spark_submit.py:490} INFO - packagesExclusions      null
[2023-06-15T10:01:19.674+0000] {spark_submit.py:490} INFO - repositories            null
[2023-06-15T10:01:19.674+0000] {spark_submit.py:490} INFO - verbose                 true
[2023-06-15T10:01:19.674+0000] {spark_submit.py:490} INFO - 
[2023-06-15T10:01:19.674+0000] {spark_submit.py:490} INFO - Spark properties used, including those specified through
[2023-06-15T10:01:19.675+0000] {spark_submit.py:490} INFO - --conf and those from the properties file null:
[2023-06-15T10:01:19.675+0000] {spark_submit.py:490} INFO - 
[2023-06-15T10:01:19.675+0000] {spark_submit.py:490} INFO - 
[2023-06-15T10:01:19.675+0000] {spark_submit.py:490} INFO - 
[2023-06-15T10:01:19.957+0000] {spark_submit.py:490} INFO - Main class:
[2023-06-15T10:01:19.957+0000] {spark_submit.py:490} INFO - org.apache.spark.deploy.PythonRunner
[2023-06-15T10:01:19.957+0000] {spark_submit.py:490} INFO - Arguments:
[2023-06-15T10:01:19.957+0000] {spark_submit.py:490} INFO - file:/opt/spark/app/load_data.py
[2023-06-15T10:01:19.957+0000] {spark_submit.py:490} INFO - null
[2023-06-15T10:01:19.958+0000] {spark_submit.py:490} INFO - 2021-02-06
[2023-06-15T10:01:19.958+0000] {spark_submit.py:490} INFO - 2efb4e0c80a041b794abaf4369e76869
[2023-06-15T10:01:19.958+0000] {spark_submit.py:490} INFO - dtc-de-382609_bucket
[2023-06-15T10:01:19.960+0000] {spark_submit.py:490} INFO - Spark config:
[2023-06-15T10:01:19.960+0000] {spark_submit.py:490} INFO - (spark.app.name,arrow-spark)
[2023-06-15T10:01:19.961+0000] {spark_submit.py:490} INFO - (spark.app.submitTime,1686823279940)
[2023-06-15T10:01:19.961+0000] {spark_submit.py:490} INFO - (spark.master,spark://spark:7077)
[2023-06-15T10:01:19.961+0000] {spark_submit.py:490} INFO - (spark.submit.deployMode,client)
[2023-06-15T10:01:19.961+0000] {spark_submit.py:490} INFO - (spark.submit.pyFiles,)
[2023-06-15T10:01:19.961+0000] {spark_submit.py:490} INFO - Classpath elements:
[2023-06-15T10:01:19.961+0000] {spark_submit.py:490} INFO - 
[2023-06-15T10:01:19.961+0000] {spark_submit.py:490} INFO - 
[2023-06-15T10:01:19.961+0000] {spark_submit.py:490} INFO - 
[2023-06-15T10:01:21.214+0000] {spark_submit.py:490} INFO - 23/06/15 10:01:21 INFO SparkContext: Running Spark version 3.4.0
[2023-06-15T10:01:21.291+0000] {spark_submit.py:490} INFO - 23/06/15 10:01:21 WARN NativeCodeLoader: Unable to load native-hadoop library for your platform... using builtin-java classes where applicable
[2023-06-15T10:01:21.441+0000] {spark_submit.py:490} INFO - 23/06/15 10:01:21 INFO ResourceUtils: ==============================================================
[2023-06-15T10:01:21.441+0000] {spark_submit.py:490} INFO - 23/06/15 10:01:21 INFO ResourceUtils: No custom resources configured for spark.driver.
[2023-06-15T10:01:21.442+0000] {spark_submit.py:490} INFO - 23/06/15 10:01:21 INFO ResourceUtils: ==============================================================
[2023-06-15T10:01:21.443+0000] {spark_submit.py:490} INFO - 23/06/15 10:01:21 INFO SparkContext: Submitted application: SparkUploadData
[2023-06-15T10:01:21.476+0000] {spark_submit.py:490} INFO - 23/06/15 10:01:21 INFO ResourceProfile: Default ResourceProfile created, executor resources: Map(memory -> name: memory, amount: 1024, script: , vendor: , offHeap -> name: offHeap, amount: 0, script: , vendor: ), task resources: Map(cpus -> name: cpus, amount: 1.0)
[2023-06-15T10:01:21.490+0000] {spark_submit.py:490} INFO - 23/06/15 10:01:21 INFO ResourceProfile: Limiting resource is cpu
[2023-06-15T10:01:21.491+0000] {spark_submit.py:490} INFO - 23/06/15 10:01:21 INFO ResourceProfileManager: Added ResourceProfile id: 0
[2023-06-15T10:01:21.555+0000] {spark_submit.py:490} INFO - 23/06/15 10:01:21 INFO SecurityManager: Changing view acls to: default
[2023-06-15T10:01:21.556+0000] {spark_submit.py:490} INFO - 23/06/15 10:01:21 INFO SecurityManager: Changing modify acls to: default
[2023-06-15T10:01:21.557+0000] {spark_submit.py:490} INFO - 23/06/15 10:01:21 INFO SecurityManager: Changing view acls groups to:
[2023-06-15T10:01:21.557+0000] {spark_submit.py:490} INFO - 23/06/15 10:01:21 INFO SecurityManager: Changing modify acls groups to:
[2023-06-15T10:01:21.558+0000] {spark_submit.py:490} INFO - 23/06/15 10:01:21 INFO SecurityManager: SecurityManager: authentication disabled; ui acls disabled; users with view permissions: default; groups with view permissions: EMPTY; users with modify permissions: default; groups with modify permissions: EMPTY
[2023-06-15T10:01:21.882+0000] {spark_submit.py:490} INFO - 23/06/15 10:01:21 INFO Utils: Successfully started service 'sparkDriver' on port 33405.
[2023-06-15T10:01:21.916+0000] {spark_submit.py:490} INFO - 23/06/15 10:01:21 INFO SparkEnv: Registering MapOutputTracker
[2023-06-15T10:01:21.954+0000] {spark_submit.py:490} INFO - 23/06/15 10:01:21 INFO SparkEnv: Registering BlockManagerMaster
[2023-06-15T10:01:21.981+0000] {spark_submit.py:490} INFO - 23/06/15 10:01:21 INFO BlockManagerMasterEndpoint: Using org.apache.spark.storage.DefaultTopologyMapper for getting topology information
[2023-06-15T10:01:21.981+0000] {spark_submit.py:490} INFO - 23/06/15 10:01:21 INFO BlockManagerMasterEndpoint: BlockManagerMasterEndpoint up
[2023-06-15T10:01:21.985+0000] {spark_submit.py:490} INFO - 23/06/15 10:01:21 INFO SparkEnv: Registering BlockManagerMasterHeartbeat
[2023-06-15T10:01:22.007+0000] {spark_submit.py:490} INFO - 23/06/15 10:01:22 INFO DiskBlockManager: Created local directory at /tmp/blockmgr-bdeab638-79ae-4efe-a9c8-0bd3121c30cd
[2023-06-15T10:01:22.023+0000] {spark_submit.py:490} INFO - 23/06/15 10:01:22 INFO MemoryStore: MemoryStore started with capacity 434.4 MiB
[2023-06-15T10:01:22.040+0000] {spark_submit.py:490} INFO - 23/06/15 10:01:22 INFO SparkEnv: Registering OutputCommitCoordinator
[2023-06-15T10:01:22.223+0000] {spark_submit.py:490} INFO - 23/06/15 10:01:22 INFO JettyUtils: Start Jetty 0.0.0.0:4040 for SparkUI
[2023-06-15T10:01:22.296+0000] {spark_submit.py:490} INFO - 23/06/15 10:01:22 INFO Utils: Successfully started service 'SparkUI' on port 4040.
[2023-06-15T10:01:22.439+0000] {spark_submit.py:490} INFO - 23/06/15 10:01:22 INFO StandaloneAppClient$ClientEndpoint: Connecting to master spark://spark:7077...
[2023-06-15T10:01:22.518+0000] {spark_submit.py:490} INFO - 23/06/15 10:01:22 INFO TransportClientFactory: Successfully created connection to spark/172.27.0.3:7077 after 28 ms (0 ms spent in bootstraps)
[2023-06-15T10:01:22.602+0000] {spark_submit.py:490} INFO - 23/06/15 10:01:22 INFO StandaloneSchedulerBackend: Connected to Spark cluster with app ID app-20230615100122-0036
[2023-06-15T10:01:22.607+0000] {spark_submit.py:490} INFO - 23/06/15 10:01:22 INFO StandaloneAppClient$ClientEndpoint: Executor added: app-20230615100122-0036/0 on worker-20230615091312-172.27.0.2-45907 (172.27.0.2:45907) with 2 core(s)
[2023-06-15T10:01:22.610+0000] {spark_submit.py:490} INFO - 23/06/15 10:01:22 INFO StandaloneSchedulerBackend: Granted executor ID app-20230615100122-0036/0 on hostPort 172.27.0.2:45907 with 2 core(s), 1024.0 MiB RAM
[2023-06-15T10:01:22.614+0000] {spark_submit.py:490} INFO - 23/06/15 10:01:22 INFO Utils: Successfully started service 'org.apache.spark.network.netty.NettyBlockTransferService' on port 45803.
[2023-06-15T10:01:22.615+0000] {spark_submit.py:490} INFO - 23/06/15 10:01:22 INFO NettyBlockTransferService: Server created on 69b643fc97df:45803
[2023-06-15T10:01:22.623+0000] {spark_submit.py:490} INFO - 23/06/15 10:01:22 INFO BlockManager: Using org.apache.spark.storage.RandomBlockReplicationPolicy for block replication policy
[2023-06-15T10:01:22.652+0000] {spark_submit.py:490} INFO - 23/06/15 10:01:22 INFO BlockManagerMaster: Registering BlockManager BlockManagerId(driver, 69b643fc97df, 45803, None)
[2023-06-15T10:01:22.662+0000] {spark_submit.py:490} INFO - 23/06/15 10:01:22 INFO BlockManagerMasterEndpoint: Registering block manager 69b643fc97df:45803 with 434.4 MiB RAM, BlockManagerId(driver, 69b643fc97df, 45803, None)
[2023-06-15T10:01:22.666+0000] {spark_submit.py:490} INFO - 23/06/15 10:01:22 INFO StandaloneAppClient$ClientEndpoint: Executor updated: app-20230615100122-0036/0 is now RUNNING
[2023-06-15T10:01:22.668+0000] {spark_submit.py:490} INFO - 23/06/15 10:01:22 INFO BlockManagerMaster: Registered BlockManager BlockManagerId(driver, 69b643fc97df, 45803, None)
[2023-06-15T10:01:22.671+0000] {spark_submit.py:490} INFO - 23/06/15 10:01:22 INFO BlockManager: Initialized BlockManager: BlockManagerId(driver, 69b643fc97df, 45803, None)
[2023-06-15T10:01:22.978+0000] {spark_submit.py:490} INFO - 23/06/15 10:01:22 INFO StandaloneSchedulerBackend: SchedulerBackend is ready for scheduling beginning after reached minRegisteredResourcesRatio: 0.0
[2023-06-15T10:01:24.856+0000] {spark_submit.py:490} INFO - 23/06/15 10:01:24 INFO SharedState: Setting hive.metastore.warehouse.dir ('null') to the value of spark.sql.warehouse.dir.
[2023-06-15T10:01:24.875+0000] {spark_submit.py:490} INFO - 23/06/15 10:01:24 INFO SharedState: Warehouse path is 'file:/opt/***/spark-warehouse'.
[2023-06-15T10:01:26.165+0000] {spark_submit.py:490} INFO - 23/06/15 10:01:26 INFO StandaloneSchedulerBackend$StandaloneDriverEndpoint: Registered executor NettyRpcEndpointRef(spark-client://Executor) (172.27.0.2:35356) with ID 0,  ResourceProfileId 0
[2023-06-15T10:01:26.257+0000] {spark_submit.py:490} INFO - 23/06/15 10:01:26 INFO BlockManagerMasterEndpoint: Registering block manager 172.27.0.2:46137 with 434.4 MiB RAM, BlockManagerId(0, 172.27.0.2, 46137, None)
[2023-06-15T10:01:28.548+0000] {spark_submit.py:490} INFO - {'code': 400, 'message': 'No data is available on the specified dates. Try setting different start/end dates.', 'status': 'error', 'meta': {'symbol': 'AAPL', 'interval': '1h', 'exchange': ''}}
[2023-06-15T10:01:28.554+0000] {spark_submit.py:490} INFO - ERROR:root:Something error
[2023-06-15T10:01:28.653+0000] {spark_submit.py:490} INFO - 23/06/15 10:01:28 INFO SparkContext: Invoking stop() from shutdown hook
[2023-06-15T10:01:28.654+0000] {spark_submit.py:490} INFO - 23/06/15 10:01:28 INFO SparkContext: SparkContext is stopping with exitCode 0.
[2023-06-15T10:01:28.666+0000] {spark_submit.py:490} INFO - 23/06/15 10:01:28 INFO SparkUI: Stopped Spark web UI at http://69b643fc97df:4040
[2023-06-15T10:01:28.672+0000] {spark_submit.py:490} INFO - 23/06/15 10:01:28 INFO StandaloneSchedulerBackend: Shutting down all executors
[2023-06-15T10:01:28.673+0000] {spark_submit.py:490} INFO - 23/06/15 10:01:28 INFO StandaloneSchedulerBackend$StandaloneDriverEndpoint: Asking each executor to shut down
[2023-06-15T10:01:28.701+0000] {spark_submit.py:490} INFO - 23/06/15 10:01:28 INFO MapOutputTrackerMasterEndpoint: MapOutputTrackerMasterEndpoint stopped!
[2023-06-15T10:01:28.718+0000] {spark_submit.py:490} INFO - 23/06/15 10:01:28 INFO MemoryStore: MemoryStore cleared
[2023-06-15T10:01:28.719+0000] {spark_submit.py:490} INFO - 23/06/15 10:01:28 INFO BlockManager: BlockManager stopped
[2023-06-15T10:01:28.731+0000] {spark_submit.py:490} INFO - 23/06/15 10:01:28 INFO BlockManagerMaster: BlockManagerMaster stopped
[2023-06-15T10:01:28.735+0000] {spark_submit.py:490} INFO - 23/06/15 10:01:28 INFO OutputCommitCoordinator$OutputCommitCoordinatorEndpoint: OutputCommitCoordinator stopped!
[2023-06-15T10:01:28.749+0000] {spark_submit.py:490} INFO - 23/06/15 10:01:28 INFO SparkContext: Successfully stopped SparkContext
[2023-06-15T10:01:28.749+0000] {spark_submit.py:490} INFO - 23/06/15 10:01:28 INFO ShutdownHookManager: Shutdown hook called
[2023-06-15T10:01:28.751+0000] {spark_submit.py:490} INFO - 23/06/15 10:01:28 INFO ShutdownHookManager: Deleting directory /tmp/spark-4a4e3bd5-16f3-4df2-aa28-566a9b28acca/pyspark-6ecc4005-529e-4deb-a163-ee75876128cf
[2023-06-15T10:01:28.756+0000] {spark_submit.py:490} INFO - 23/06/15 10:01:28 INFO ShutdownHookManager: Deleting directory /tmp/spark-4a4e3bd5-16f3-4df2-aa28-566a9b28acca
[2023-06-15T10:01:28.763+0000] {spark_submit.py:490} INFO - 23/06/15 10:01:28 INFO ShutdownHookManager: Deleting directory /tmp/spark-905efe82-30a5-4b98-b7ed-1fa7d5f79c4d
[2023-06-15T10:01:28.889+0000] {taskinstance.py:1345} INFO - Marking task as SUCCESS. dag_id=upload_to_gcs, task_id=spark_load_stock_data, execution_date=20210206T000000, start_date=20230615T100117, end_date=20230615T100128
[2023-06-15T10:01:28.963+0000] {local_task_job_runner.py:225} INFO - Task exited with return code 0
[2023-06-15T10:01:29.006+0000] {taskinstance.py:2651} INFO - 0 downstream tasks scheduled from follow-on schedule check
