[2023-06-15T10:16:53.628+0000] {taskinstance.py:1103} INFO - Dependencies all met for dep_context=non-requeueable deps ti=<TaskInstance: upload_to_gcs.spark_load_stock_data backfill__2021-02-20T00:00:00+00:00 [queued]>
[2023-06-15T10:16:53.636+0000] {taskinstance.py:1103} INFO - Dependencies all met for dep_context=requeueable deps ti=<TaskInstance: upload_to_gcs.spark_load_stock_data backfill__2021-02-20T00:00:00+00:00 [queued]>
[2023-06-15T10:16:53.636+0000] {taskinstance.py:1308} INFO - Starting attempt 1 of 2
[2023-06-15T10:16:53.652+0000] {taskinstance.py:1327} INFO - Executing <Task(SparkSubmitOperator): spark_load_stock_data> on 2021-02-20 00:00:00+00:00
[2023-06-15T10:16:53.657+0000] {standard_task_runner.py:57} INFO - Started process 13326 to run task
[2023-06-15T10:16:53.659+0000] {standard_task_runner.py:84} INFO - Running: ['***', 'tasks', 'run', 'upload_to_gcs', 'spark_load_stock_data', 'backfill__2021-02-20T00:00:00+00:00', '--job-id', '457', '--pool', 'default_pool', '--raw', '--subdir', 'DAGS_FOLDER/upload_to_gcs.py', '--cfg-path', '/tmp/tmp_wncdcp4']
[2023-06-15T10:16:53.660+0000] {standard_task_runner.py:85} INFO - Job 457: Subtask spark_load_stock_data
[2023-06-15T10:16:53.697+0000] {task_command.py:410} INFO - Running <TaskInstance: upload_to_gcs.spark_load_stock_data backfill__2021-02-20T00:00:00+00:00 [running]> on host 69b643fc97df
[2023-06-15T10:16:53.762+0000] {taskinstance.py:1545} INFO - Exporting env vars: AIRFLOW_CTX_DAG_OWNER='***' AIRFLOW_CTX_DAG_ID='upload_to_gcs' AIRFLOW_CTX_TASK_ID='spark_load_stock_data' AIRFLOW_CTX_EXECUTION_DATE='2021-02-20T00:00:00+00:00' AIRFLOW_CTX_TRY_NUMBER='1' AIRFLOW_CTX_DAG_RUN_ID='backfill__2021-02-20T00:00:00+00:00'
[2023-06-15T10:16:53.769+0000] {base.py:73} INFO - Using connection ID 'spark_default' for task execution.
[2023-06-15T10:16:53.770+0000] {spark_submit.py:339} INFO - Spark-Submit cmd: spark-submit --master spark://spark:7077 --name arrow-spark --verbose /opt/spark/app/load_data.py 2021-02-20 2efb4e0c80a041b794abaf4369e76869 dtc-de-382609_bucket
[2023-06-15T10:16:53.786+0000] {spark_submit.py:490} INFO - /opt/***/spark/spark-3.4.0-bin-hadoop3/bin/load-spark-env.sh: line 68: ps: command not found
[2023-06-15T10:16:55.191+0000] {spark_submit.py:490} INFO - Using properties file: null
[2023-06-15T10:16:55.316+0000] {spark_submit.py:490} INFO - Parsed arguments:
[2023-06-15T10:16:55.316+0000] {spark_submit.py:490} INFO - master                  spark://spark:7077
[2023-06-15T10:16:55.316+0000] {spark_submit.py:490} INFO - remote                  null
[2023-06-15T10:16:55.316+0000] {spark_submit.py:490} INFO - deployMode              null
[2023-06-15T10:16:55.316+0000] {spark_submit.py:490} INFO - executorMemory          null
[2023-06-15T10:16:55.317+0000] {spark_submit.py:490} INFO - executorCores           null
[2023-06-15T10:16:55.317+0000] {spark_submit.py:490} INFO - totalExecutorCores      null
[2023-06-15T10:16:55.317+0000] {spark_submit.py:490} INFO - propertiesFile          null
[2023-06-15T10:16:55.317+0000] {spark_submit.py:490} INFO - driverMemory            null
[2023-06-15T10:16:55.317+0000] {spark_submit.py:490} INFO - driverCores             null
[2023-06-15T10:16:55.317+0000] {spark_submit.py:490} INFO - driverExtraClassPath    null
[2023-06-15T10:16:55.317+0000] {spark_submit.py:490} INFO - driverExtraLibraryPath  null
[2023-06-15T10:16:55.317+0000] {spark_submit.py:490} INFO - driverExtraJavaOptions  null
[2023-06-15T10:16:55.317+0000] {spark_submit.py:490} INFO - supervise               false
[2023-06-15T10:16:55.317+0000] {spark_submit.py:490} INFO - queue                   null
[2023-06-15T10:16:55.317+0000] {spark_submit.py:490} INFO - numExecutors            null
[2023-06-15T10:16:55.317+0000] {spark_submit.py:490} INFO - files                   null
[2023-06-15T10:16:55.317+0000] {spark_submit.py:490} INFO - pyFiles                 null
[2023-06-15T10:16:55.317+0000] {spark_submit.py:490} INFO - archives                null
[2023-06-15T10:16:55.317+0000] {spark_submit.py:490} INFO - mainClass               null
[2023-06-15T10:16:55.318+0000] {spark_submit.py:490} INFO - primaryResource         file:/opt/spark/app/load_data.py
[2023-06-15T10:16:55.318+0000] {spark_submit.py:490} INFO - name                    arrow-spark
[2023-06-15T10:16:55.318+0000] {spark_submit.py:490} INFO - childArgs               [2021-02-20 2efb4e0c80a041b794abaf4369e76869 dtc-de-382609_bucket]
[2023-06-15T10:16:55.318+0000] {spark_submit.py:490} INFO - jars                    null
[2023-06-15T10:16:55.318+0000] {spark_submit.py:490} INFO - packages                null
[2023-06-15T10:16:55.318+0000] {spark_submit.py:490} INFO - packagesExclusions      null
[2023-06-15T10:16:55.318+0000] {spark_submit.py:490} INFO - repositories            null
[2023-06-15T10:16:55.318+0000] {spark_submit.py:490} INFO - verbose                 true
[2023-06-15T10:16:55.318+0000] {spark_submit.py:490} INFO - 
[2023-06-15T10:16:55.318+0000] {spark_submit.py:490} INFO - Spark properties used, including those specified through
[2023-06-15T10:16:55.318+0000] {spark_submit.py:490} INFO - --conf and those from the properties file null:
[2023-06-15T10:16:55.318+0000] {spark_submit.py:490} INFO - 
[2023-06-15T10:16:55.318+0000] {spark_submit.py:490} INFO - 
[2023-06-15T10:16:55.319+0000] {spark_submit.py:490} INFO - 
[2023-06-15T10:16:55.629+0000] {spark_submit.py:490} INFO - Main class:
[2023-06-15T10:16:55.630+0000] {spark_submit.py:490} INFO - org.apache.spark.deploy.PythonRunner
[2023-06-15T10:16:55.630+0000] {spark_submit.py:490} INFO - Arguments:
[2023-06-15T10:16:55.630+0000] {spark_submit.py:490} INFO - file:/opt/spark/app/load_data.py
[2023-06-15T10:16:55.630+0000] {spark_submit.py:490} INFO - null
[2023-06-15T10:16:55.630+0000] {spark_submit.py:490} INFO - 2021-02-20
[2023-06-15T10:16:55.630+0000] {spark_submit.py:490} INFO - 2efb4e0c80a041b794abaf4369e76869
[2023-06-15T10:16:55.631+0000] {spark_submit.py:490} INFO - dtc-de-382609_bucket
[2023-06-15T10:16:55.634+0000] {spark_submit.py:490} INFO - Spark config:
[2023-06-15T10:16:55.634+0000] {spark_submit.py:490} INFO - (spark.app.name,arrow-spark)
[2023-06-15T10:16:55.634+0000] {spark_submit.py:490} INFO - (spark.app.submitTime,1686824215610)
[2023-06-15T10:16:55.634+0000] {spark_submit.py:490} INFO - (spark.master,spark://spark:7077)
[2023-06-15T10:16:55.634+0000] {spark_submit.py:490} INFO - (spark.submit.deployMode,client)
[2023-06-15T10:16:55.635+0000] {spark_submit.py:490} INFO - (spark.submit.pyFiles,)
[2023-06-15T10:16:55.635+0000] {spark_submit.py:490} INFO - Classpath elements:
[2023-06-15T10:16:55.635+0000] {spark_submit.py:490} INFO - 
[2023-06-15T10:16:55.635+0000] {spark_submit.py:490} INFO - 
[2023-06-15T10:16:55.635+0000] {spark_submit.py:490} INFO - 
[2023-06-15T10:16:56.962+0000] {spark_submit.py:490} INFO - 23/06/15 10:16:56 INFO SparkContext: Running Spark version 3.4.0
[2023-06-15T10:16:57.036+0000] {spark_submit.py:490} INFO - 23/06/15 10:16:57 WARN NativeCodeLoader: Unable to load native-hadoop library for your platform... using builtin-java classes where applicable
[2023-06-15T10:16:57.170+0000] {spark_submit.py:490} INFO - 23/06/15 10:16:57 INFO ResourceUtils: ==============================================================
[2023-06-15T10:16:57.171+0000] {spark_submit.py:490} INFO - 23/06/15 10:16:57 INFO ResourceUtils: No custom resources configured for spark.driver.
[2023-06-15T10:16:57.172+0000] {spark_submit.py:490} INFO - 23/06/15 10:16:57 INFO ResourceUtils: ==============================================================
[2023-06-15T10:16:57.172+0000] {spark_submit.py:490} INFO - 23/06/15 10:16:57 INFO SparkContext: Submitted application: SparkUploadData
[2023-06-15T10:16:57.219+0000] {spark_submit.py:490} INFO - 23/06/15 10:16:57 INFO ResourceProfile: Default ResourceProfile created, executor resources: Map(memory -> name: memory, amount: 1024, script: , vendor: , offHeap -> name: offHeap, amount: 0, script: , vendor: ), task resources: Map(cpus -> name: cpus, amount: 1.0)
[2023-06-15T10:16:57.239+0000] {spark_submit.py:490} INFO - 23/06/15 10:16:57 INFO ResourceProfile: Limiting resource is cpu
[2023-06-15T10:16:57.240+0000] {spark_submit.py:490} INFO - 23/06/15 10:16:57 INFO ResourceProfileManager: Added ResourceProfile id: 0
[2023-06-15T10:16:57.317+0000] {spark_submit.py:490} INFO - 23/06/15 10:16:57 INFO SecurityManager: Changing view acls to: default
[2023-06-15T10:16:57.318+0000] {spark_submit.py:490} INFO - 23/06/15 10:16:57 INFO SecurityManager: Changing modify acls to: default
[2023-06-15T10:16:57.319+0000] {spark_submit.py:490} INFO - 23/06/15 10:16:57 INFO SecurityManager: Changing view acls groups to:
[2023-06-15T10:16:57.320+0000] {spark_submit.py:490} INFO - 23/06/15 10:16:57 INFO SecurityManager: Changing modify acls groups to:
[2023-06-15T10:16:57.320+0000] {spark_submit.py:490} INFO - 23/06/15 10:16:57 INFO SecurityManager: SecurityManager: authentication disabled; ui acls disabled; users with view permissions: default; groups with view permissions: EMPTY; users with modify permissions: default; groups with modify permissions: EMPTY
[2023-06-15T10:16:57.603+0000] {spark_submit.py:490} INFO - 23/06/15 10:16:57 INFO Utils: Successfully started service 'sparkDriver' on port 36039.
[2023-06-15T10:16:57.628+0000] {spark_submit.py:490} INFO - 23/06/15 10:16:57 INFO SparkEnv: Registering MapOutputTracker
[2023-06-15T10:16:57.659+0000] {spark_submit.py:490} INFO - 23/06/15 10:16:57 INFO SparkEnv: Registering BlockManagerMaster
[2023-06-15T10:16:57.686+0000] {spark_submit.py:490} INFO - 23/06/15 10:16:57 INFO BlockManagerMasterEndpoint: Using org.apache.spark.storage.DefaultTopologyMapper for getting topology information
[2023-06-15T10:16:57.687+0000] {spark_submit.py:490} INFO - 23/06/15 10:16:57 INFO BlockManagerMasterEndpoint: BlockManagerMasterEndpoint up
[2023-06-15T10:16:57.692+0000] {spark_submit.py:490} INFO - 23/06/15 10:16:57 INFO SparkEnv: Registering BlockManagerMasterHeartbeat
[2023-06-15T10:16:57.722+0000] {spark_submit.py:490} INFO - 23/06/15 10:16:57 INFO DiskBlockManager: Created local directory at /tmp/blockmgr-4d4f0c7a-3efb-49c9-9922-2da2db415123
[2023-06-15T10:16:57.741+0000] {spark_submit.py:490} INFO - 23/06/15 10:16:57 INFO MemoryStore: MemoryStore started with capacity 434.4 MiB
[2023-06-15T10:16:57.760+0000] {spark_submit.py:490} INFO - 23/06/15 10:16:57 INFO SparkEnv: Registering OutputCommitCoordinator
[2023-06-15T10:16:57.902+0000] {spark_submit.py:490} INFO - 23/06/15 10:16:57 INFO JettyUtils: Start Jetty 0.0.0.0:4040 for SparkUI
[2023-06-15T10:16:58.002+0000] {spark_submit.py:490} INFO - 23/06/15 10:16:58 INFO Utils: Successfully started service 'SparkUI' on port 4040.
[2023-06-15T10:16:58.136+0000] {spark_submit.py:490} INFO - 23/06/15 10:16:58 INFO StandaloneAppClient$ClientEndpoint: Connecting to master spark://spark:7077...
[2023-06-15T10:16:58.197+0000] {spark_submit.py:490} INFO - 23/06/15 10:16:58 INFO TransportClientFactory: Successfully created connection to spark/172.27.0.3:7077 after 41 ms (0 ms spent in bootstraps)
[2023-06-15T10:16:58.305+0000] {spark_submit.py:490} INFO - 23/06/15 10:16:58 INFO StandaloneSchedulerBackend: Connected to Spark cluster with app ID app-20230615101658-0050
[2023-06-15T10:16:58.307+0000] {spark_submit.py:490} INFO - 23/06/15 10:16:58 INFO StandaloneAppClient$ClientEndpoint: Executor added: app-20230615101658-0050/0 on worker-20230615091312-172.27.0.2-45907 (172.27.0.2:45907) with 2 core(s)
[2023-06-15T10:16:58.309+0000] {spark_submit.py:490} INFO - 23/06/15 10:16:58 INFO StandaloneSchedulerBackend: Granted executor ID app-20230615101658-0050/0 on hostPort 172.27.0.2:45907 with 2 core(s), 1024.0 MiB RAM
[2023-06-15T10:16:58.312+0000] {spark_submit.py:490} INFO - 23/06/15 10:16:58 INFO Utils: Successfully started service 'org.apache.spark.network.netty.NettyBlockTransferService' on port 43067.
[2023-06-15T10:16:58.312+0000] {spark_submit.py:490} INFO - 23/06/15 10:16:58 INFO NettyBlockTransferService: Server created on 69b643fc97df:43067
[2023-06-15T10:16:58.314+0000] {spark_submit.py:490} INFO - 23/06/15 10:16:58 INFO BlockManager: Using org.apache.spark.storage.RandomBlockReplicationPolicy for block replication policy
[2023-06-15T10:16:58.324+0000] {spark_submit.py:490} INFO - 23/06/15 10:16:58 INFO BlockManagerMaster: Registering BlockManager BlockManagerId(driver, 69b643fc97df, 43067, None)
[2023-06-15T10:16:58.329+0000] {spark_submit.py:490} INFO - 23/06/15 10:16:58 INFO BlockManagerMasterEndpoint: Registering block manager 69b643fc97df:43067 with 434.4 MiB RAM, BlockManagerId(driver, 69b643fc97df, 43067, None)
[2023-06-15T10:16:58.335+0000] {spark_submit.py:490} INFO - 23/06/15 10:16:58 INFO StandaloneAppClient$ClientEndpoint: Executor updated: app-20230615101658-0050/0 is now RUNNING
[2023-06-15T10:16:58.335+0000] {spark_submit.py:490} INFO - 23/06/15 10:16:58 INFO BlockManagerMaster: Registered BlockManager BlockManagerId(driver, 69b643fc97df, 43067, None)
[2023-06-15T10:16:58.338+0000] {spark_submit.py:490} INFO - 23/06/15 10:16:58 INFO BlockManager: Initialized BlockManager: BlockManagerId(driver, 69b643fc97df, 43067, None)
[2023-06-15T10:16:58.627+0000] {spark_submit.py:490} INFO - 23/06/15 10:16:58 INFO StandaloneSchedulerBackend: SchedulerBackend is ready for scheduling beginning after reached minRegisteredResourcesRatio: 0.0
[2023-06-15T10:17:00.492+0000] {spark_submit.py:490} INFO - 23/06/15 10:17:00 INFO SharedState: Setting hive.metastore.warehouse.dir ('null') to the value of spark.sql.warehouse.dir.
[2023-06-15T10:17:00.508+0000] {spark_submit.py:490} INFO - 23/06/15 10:17:00 INFO SharedState: Warehouse path is 'file:/opt/***/spark-warehouse'.
[2023-06-15T10:17:01.814+0000] {spark_submit.py:490} INFO - 23/06/15 10:17:01 INFO StandaloneSchedulerBackend$StandaloneDriverEndpoint: Registered executor NettyRpcEndpointRef(spark-client://Executor) (172.27.0.2:42916) with ID 0,  ResourceProfileId 0
[2023-06-15T10:17:01.909+0000] {spark_submit.py:490} INFO - 23/06/15 10:17:01 INFO BlockManagerMasterEndpoint: Registering block manager 172.27.0.2:40217 with 434.4 MiB RAM, BlockManagerId(0, 172.27.0.2, 40217, None)
[2023-06-15T10:17:03.946+0000] {spark_submit.py:490} INFO - {'code': 400, 'message': 'No data is available on the specified dates. Try setting different start/end dates.', 'status': 'error', 'meta': {'symbol': 'AAPL', 'interval': '1h', 'exchange': ''}}
[2023-06-15T10:17:03.970+0000] {spark_submit.py:490} INFO - ERROR:root:Something error
[2023-06-15T10:17:04.061+0000] {spark_submit.py:490} INFO - 23/06/15 10:17:04 INFO SparkContext: Invoking stop() from shutdown hook
[2023-06-15T10:17:04.061+0000] {spark_submit.py:490} INFO - 23/06/15 10:17:04 INFO SparkContext: SparkContext is stopping with exitCode 0.
[2023-06-15T10:17:04.073+0000] {spark_submit.py:490} INFO - 23/06/15 10:17:04 INFO SparkUI: Stopped Spark web UI at http://69b643fc97df:4040
[2023-06-15T10:17:04.081+0000] {spark_submit.py:490} INFO - 23/06/15 10:17:04 INFO StandaloneSchedulerBackend: Shutting down all executors
[2023-06-15T10:17:04.081+0000] {spark_submit.py:490} INFO - 23/06/15 10:17:04 INFO StandaloneSchedulerBackend$StandaloneDriverEndpoint: Asking each executor to shut down
[2023-06-15T10:17:04.121+0000] {spark_submit.py:490} INFO - 23/06/15 10:17:04 INFO MapOutputTrackerMasterEndpoint: MapOutputTrackerMasterEndpoint stopped!
[2023-06-15T10:17:04.141+0000] {spark_submit.py:490} INFO - 23/06/15 10:17:04 INFO MemoryStore: MemoryStore cleared
[2023-06-15T10:17:04.143+0000] {spark_submit.py:490} INFO - 23/06/15 10:17:04 INFO BlockManager: BlockManager stopped
[2023-06-15T10:17:04.156+0000] {spark_submit.py:490} INFO - 23/06/15 10:17:04 INFO BlockManagerMaster: BlockManagerMaster stopped
[2023-06-15T10:17:04.160+0000] {spark_submit.py:490} INFO - 23/06/15 10:17:04 INFO OutputCommitCoordinator$OutputCommitCoordinatorEndpoint: OutputCommitCoordinator stopped!
[2023-06-15T10:17:04.168+0000] {spark_submit.py:490} INFO - 23/06/15 10:17:04 INFO SparkContext: Successfully stopped SparkContext
[2023-06-15T10:17:04.169+0000] {spark_submit.py:490} INFO - 23/06/15 10:17:04 INFO ShutdownHookManager: Shutdown hook called
[2023-06-15T10:17:04.169+0000] {spark_submit.py:490} INFO - 23/06/15 10:17:04 INFO ShutdownHookManager: Deleting directory /tmp/spark-17d0dada-5dcc-444e-bb44-fad96f1e04f9
[2023-06-15T10:17:04.173+0000] {spark_submit.py:490} INFO - 23/06/15 10:17:04 INFO ShutdownHookManager: Deleting directory /tmp/spark-17d0dada-5dcc-444e-bb44-fad96f1e04f9/pyspark-0232e047-c196-4d60-b310-576573214441
[2023-06-15T10:17:04.176+0000] {spark_submit.py:490} INFO - 23/06/15 10:17:04 INFO ShutdownHookManager: Deleting directory /tmp/spark-51849bf9-9d33-4e53-9b04-8d91ccce0446
[2023-06-15T10:17:04.267+0000] {taskinstance.py:1345} INFO - Marking task as SUCCESS. dag_id=upload_to_gcs, task_id=spark_load_stock_data, execution_date=20210220T000000, start_date=20230615T101653, end_date=20230615T101704
[2023-06-15T10:17:04.315+0000] {local_task_job_runner.py:225} INFO - Task exited with return code 0
[2023-06-15T10:17:04.329+0000] {taskinstance.py:2651} INFO - 0 downstream tasks scheduled from follow-on schedule check
