[2023-05-09T04:00:32.370+0000] {taskinstance.py:1125} INFO - Dependencies all met for dep_context=non-requeueable deps ti=<TaskInstance: upload_to_gcs.spark_load_stock_data manual__2023-05-09T03:59:54.710979+00:00 [queued]>
[2023-05-09T04:00:32.380+0000] {taskinstance.py:1125} INFO - Dependencies all met for dep_context=requeueable deps ti=<TaskInstance: upload_to_gcs.spark_load_stock_data manual__2023-05-09T03:59:54.710979+00:00 [queued]>
[2023-05-09T04:00:32.380+0000] {taskinstance.py:1331} INFO - Starting attempt 2 of 2
[2023-05-09T04:00:32.400+0000] {taskinstance.py:1350} INFO - Executing <Task(SparkSubmitOperator): spark_load_stock_data> on 2023-05-09 03:59:54.710979+00:00
[2023-05-09T04:00:32.406+0000] {standard_task_runner.py:57} INFO - Started process 1571 to run task
[2023-05-09T04:00:32.409+0000] {standard_task_runner.py:84} INFO - Running: ['***', 'tasks', 'run', 'upload_to_gcs', 'spark_load_stock_data', 'manual__2023-05-09T03:59:54.710979+00:00', '--job-id', '72', '--raw', '--subdir', 'DAGS_FOLDER/upload_to_gcs.py', '--cfg-path', '/tmp/tmph299lou0']
[2023-05-09T04:00:32.409+0000] {standard_task_runner.py:85} INFO - Job 72: Subtask spark_load_stock_data
[2023-05-09T04:00:32.451+0000] {task_command.py:410} INFO - Running <TaskInstance: upload_to_gcs.spark_load_stock_data manual__2023-05-09T03:59:54.710979+00:00 [running]> on host 872098f48f0d
[2023-05-09T04:00:32.522+0000] {taskinstance.py:1568} INFO - Exporting env vars: AIRFLOW_CTX_DAG_OWNER='***' AIRFLOW_CTX_DAG_ID='upload_to_gcs' AIRFLOW_CTX_TASK_ID='spark_load_stock_data' AIRFLOW_CTX_EXECUTION_DATE='2023-05-09T03:59:54.710979+00:00' AIRFLOW_CTX_TRY_NUMBER='2' AIRFLOW_CTX_DAG_RUN_ID='manual__2023-05-09T03:59:54.710979+00:00'
[2023-05-09T04:00:32.530+0000] {base.py:73} INFO - Using connection ID 'spark_default' for task execution.
[2023-05-09T04:00:32.531+0000] {spark_submit.py:339} INFO - Spark-Submit cmd: spark-submit --master spark:7077 --name arrow-spark --verbose /opt/spark/app/load_data.py
[2023-05-09T04:00:32.551+0000] {spark_submit.py:490} INFO - /opt/***/spark/spark-3.4.0-bin-hadoop3/bin/load-spark-env.sh: line 68: ps: command not found
[2023-05-09T04:00:33.763+0000] {spark_submit.py:490} INFO - Using properties file: null
[2023-05-09T04:00:33.882+0000] {spark_submit.py:490} INFO - Parsed arguments:
[2023-05-09T04:00:33.882+0000] {spark_submit.py:490} INFO - master                  spark:7077
[2023-05-09T04:00:33.882+0000] {spark_submit.py:490} INFO - remote                  null
[2023-05-09T04:00:33.882+0000] {spark_submit.py:490} INFO - deployMode              null
[2023-05-09T04:00:33.882+0000] {spark_submit.py:490} INFO - executorMemory          null
[2023-05-09T04:00:33.882+0000] {spark_submit.py:490} INFO - executorCores           null
[2023-05-09T04:00:33.883+0000] {spark_submit.py:490} INFO - totalExecutorCores      null
[2023-05-09T04:00:33.883+0000] {spark_submit.py:490} INFO - propertiesFile          null
[2023-05-09T04:00:33.883+0000] {spark_submit.py:490} INFO - driverMemory            null
[2023-05-09T04:00:33.883+0000] {spark_submit.py:490} INFO - driverCores             null
[2023-05-09T04:00:33.883+0000] {spark_submit.py:490} INFO - driverExtraClassPath    null
[2023-05-09T04:00:33.883+0000] {spark_submit.py:490} INFO - driverExtraLibraryPath  null
[2023-05-09T04:00:33.883+0000] {spark_submit.py:490} INFO - driverExtraJavaOptions  null
[2023-05-09T04:00:33.883+0000] {spark_submit.py:490} INFO - supervise               false
[2023-05-09T04:00:33.883+0000] {spark_submit.py:490} INFO - queue                   null
[2023-05-09T04:00:33.883+0000] {spark_submit.py:490} INFO - numExecutors            null
[2023-05-09T04:00:33.883+0000] {spark_submit.py:490} INFO - files                   null
[2023-05-09T04:00:33.883+0000] {spark_submit.py:490} INFO - pyFiles                 null
[2023-05-09T04:00:33.883+0000] {spark_submit.py:490} INFO - archives                null
[2023-05-09T04:00:33.883+0000] {spark_submit.py:490} INFO - mainClass               null
[2023-05-09T04:00:33.884+0000] {spark_submit.py:490} INFO - primaryResource         file:/opt/spark/app/load_data.py
[2023-05-09T04:00:33.884+0000] {spark_submit.py:490} INFO - name                    arrow-spark
[2023-05-09T04:00:33.884+0000] {spark_submit.py:490} INFO - childArgs               []
[2023-05-09T04:00:33.884+0000] {spark_submit.py:490} INFO - jars                    null
[2023-05-09T04:00:33.884+0000] {spark_submit.py:490} INFO - packages                null
[2023-05-09T04:00:33.884+0000] {spark_submit.py:490} INFO - packagesExclusions      null
[2023-05-09T04:00:33.884+0000] {spark_submit.py:490} INFO - repositories            null
[2023-05-09T04:00:33.884+0000] {spark_submit.py:490} INFO - verbose                 true
[2023-05-09T04:00:33.884+0000] {spark_submit.py:490} INFO - 
[2023-05-09T04:00:33.884+0000] {spark_submit.py:490} INFO - Spark properties used, including those specified through
[2023-05-09T04:00:33.884+0000] {spark_submit.py:490} INFO - --conf and those from the properties file null:
[2023-05-09T04:00:33.884+0000] {spark_submit.py:490} INFO - 
[2023-05-09T04:00:33.884+0000] {spark_submit.py:490} INFO - 
[2023-05-09T04:00:33.884+0000] {spark_submit.py:490} INFO - 
[2023-05-09T04:00:34.234+0000] {spark_submit.py:490} INFO - Main class:
[2023-05-09T04:00:34.235+0000] {spark_submit.py:490} INFO - org.apache.spark.deploy.PythonRunner
[2023-05-09T04:00:34.235+0000] {spark_submit.py:490} INFO - Arguments:
[2023-05-09T04:00:34.235+0000] {spark_submit.py:490} INFO - file:/opt/spark/app/load_data.py
[2023-05-09T04:00:34.235+0000] {spark_submit.py:490} INFO - null
[2023-05-09T04:00:34.240+0000] {spark_submit.py:490} INFO - Spark config:
[2023-05-09T04:00:34.241+0000] {spark_submit.py:490} INFO - (spark.app.name,arrow-spark)
[2023-05-09T04:00:34.241+0000] {spark_submit.py:490} INFO - (spark.app.submitTime,1683604834214)
[2023-05-09T04:00:34.241+0000] {spark_submit.py:490} INFO - (spark.master,spark:7077)
[2023-05-09T04:00:34.241+0000] {spark_submit.py:490} INFO - (spark.submit.deployMode,client)
[2023-05-09T04:00:34.241+0000] {spark_submit.py:490} INFO - (spark.submit.pyFiles,)
[2023-05-09T04:00:34.241+0000] {spark_submit.py:490} INFO - Classpath elements:
[2023-05-09T04:00:34.241+0000] {spark_submit.py:490} INFO - 
[2023-05-09T04:00:34.242+0000] {spark_submit.py:490} INFO - 
[2023-05-09T04:00:34.242+0000] {spark_submit.py:490} INFO - 
[2023-05-09T04:00:35.381+0000] {spark_submit.py:490} INFO - 23/05/09 04:00:35 INFO SparkContext: Running Spark version 3.4.0
[2023-05-09T04:00:35.452+0000] {spark_submit.py:490} INFO - 23/05/09 04:00:35 WARN NativeCodeLoader: Unable to load native-hadoop library for your platform... using builtin-java classes where applicable
[2023-05-09T04:00:35.572+0000] {spark_submit.py:490} INFO - 23/05/09 04:00:35 INFO ResourceUtils: ==============================================================
[2023-05-09T04:00:35.572+0000] {spark_submit.py:490} INFO - 23/05/09 04:00:35 INFO ResourceUtils: No custom resources configured for spark.driver.
[2023-05-09T04:00:35.573+0000] {spark_submit.py:490} INFO - 23/05/09 04:00:35 INFO ResourceUtils: ==============================================================
[2023-05-09T04:00:35.573+0000] {spark_submit.py:490} INFO - 23/05/09 04:00:35 INFO SparkContext: Submitted application: SparkUploadData
[2023-05-09T04:00:35.598+0000] {spark_submit.py:490} INFO - 23/05/09 04:00:35 INFO ResourceProfile: Default ResourceProfile created, executor resources: Map(cores -> name: cores, amount: 1, script: , vendor: , memory -> name: memory, amount: 1024, script: , vendor: , offHeap -> name: offHeap, amount: 0, script: , vendor: ), task resources: Map(cpus -> name: cpus, amount: 1.0)
[2023-05-09T04:00:35.615+0000] {spark_submit.py:490} INFO - 23/05/09 04:00:35 INFO ResourceProfile: Limiting resource is cpu
[2023-05-09T04:00:35.616+0000] {spark_submit.py:490} INFO - 23/05/09 04:00:35 INFO ResourceProfileManager: Added ResourceProfile id: 0
[2023-05-09T04:00:35.695+0000] {spark_submit.py:490} INFO - 23/05/09 04:00:35 INFO SecurityManager: Changing view acls to: default
[2023-05-09T04:00:35.696+0000] {spark_submit.py:490} INFO - 23/05/09 04:00:35 INFO SecurityManager: Changing modify acls to: default
[2023-05-09T04:00:35.697+0000] {spark_submit.py:490} INFO - 23/05/09 04:00:35 INFO SecurityManager: Changing view acls groups to:
[2023-05-09T04:00:35.698+0000] {spark_submit.py:490} INFO - 23/05/09 04:00:35 INFO SecurityManager: Changing modify acls groups to:
[2023-05-09T04:00:35.699+0000] {spark_submit.py:490} INFO - 23/05/09 04:00:35 INFO SecurityManager: SecurityManager: authentication disabled; ui acls disabled; users with view permissions: default; groups with view permissions: EMPTY; users with modify permissions: default; groups with modify permissions: EMPTY
[2023-05-09T04:00:36.130+0000] {spark_submit.py:490} INFO - 23/05/09 04:00:36 INFO Utils: Successfully started service 'sparkDriver' on port 34051.
[2023-05-09T04:00:36.167+0000] {spark_submit.py:490} INFO - 23/05/09 04:00:36 INFO SparkEnv: Registering MapOutputTracker
[2023-05-09T04:00:36.204+0000] {spark_submit.py:490} INFO - 23/05/09 04:00:36 INFO SparkEnv: Registering BlockManagerMaster
[2023-05-09T04:00:36.231+0000] {spark_submit.py:490} INFO - 23/05/09 04:00:36 INFO BlockManagerMasterEndpoint: Using org.apache.spark.storage.DefaultTopologyMapper for getting topology information
[2023-05-09T04:00:36.232+0000] {spark_submit.py:490} INFO - 23/05/09 04:00:36 INFO BlockManagerMasterEndpoint: BlockManagerMasterEndpoint up
[2023-05-09T04:00:36.237+0000] {spark_submit.py:490} INFO - 23/05/09 04:00:36 INFO SparkEnv: Registering BlockManagerMasterHeartbeat
[2023-05-09T04:00:36.262+0000] {spark_submit.py:490} INFO - 23/05/09 04:00:36 INFO DiskBlockManager: Created local directory at /tmp/blockmgr-69e89602-2ddf-4540-b26b-580565c0d144
[2023-05-09T04:00:36.290+0000] {spark_submit.py:490} INFO - 23/05/09 04:00:36 INFO MemoryStore: MemoryStore started with capacity 434.4 MiB
[2023-05-09T04:00:36.323+0000] {spark_submit.py:490} INFO - 23/05/09 04:00:36 INFO SparkEnv: Registering OutputCommitCoordinator
[2023-05-09T04:00:36.638+0000] {spark_submit.py:490} INFO - 23/05/09 04:00:36 INFO JettyUtils: Start Jetty 0.0.0.0:4040 for SparkUI
[2023-05-09T04:00:36.715+0000] {spark_submit.py:490} INFO - 23/05/09 04:00:36 INFO Utils: Successfully started service 'SparkUI' on port 4040.
[2023-05-09T04:00:36.780+0000] {spark_submit.py:490} INFO - 23/05/09 04:00:36 ERROR SparkContext: Error initializing SparkContext.
[2023-05-09T04:00:36.780+0000] {spark_submit.py:490} INFO - org.apache.spark.SparkException: Could not parse Master URL: 'spark:7077'
[2023-05-09T04:00:36.780+0000] {spark_submit.py:490} INFO - at org.apache.spark.SparkContext$.org$apache$spark$SparkContext$$createTaskScheduler(SparkContext.scala:3033)
[2023-05-09T04:00:36.780+0000] {spark_submit.py:490} INFO - at org.apache.spark.SparkContext.<init>(SparkContext.scala:568)
[2023-05-09T04:00:36.781+0000] {spark_submit.py:490} INFO - at org.apache.spark.api.java.JavaSparkContext.<init>(JavaSparkContext.scala:58)
[2023-05-09T04:00:36.781+0000] {spark_submit.py:490} INFO - at java.base/jdk.internal.reflect.NativeConstructorAccessorImpl.newInstance0(Native Method)
[2023-05-09T04:00:36.781+0000] {spark_submit.py:490} INFO - at java.base/jdk.internal.reflect.NativeConstructorAccessorImpl.newInstance(NativeConstructorAccessorImpl.java:62)
[2023-05-09T04:00:36.781+0000] {spark_submit.py:490} INFO - at java.base/jdk.internal.reflect.DelegatingConstructorAccessorImpl.newInstance(DelegatingConstructorAccessorImpl.java:45)
[2023-05-09T04:00:36.781+0000] {spark_submit.py:490} INFO - at java.base/java.lang.reflect.Constructor.newInstance(Constructor.java:490)
[2023-05-09T04:00:36.781+0000] {spark_submit.py:490} INFO - at py4j.reflection.MethodInvoker.invoke(MethodInvoker.java:247)
[2023-05-09T04:00:36.781+0000] {spark_submit.py:490} INFO - at py4j.reflection.ReflectionEngine.invoke(ReflectionEngine.java:374)
[2023-05-09T04:00:36.781+0000] {spark_submit.py:490} INFO - at py4j.Gateway.invoke(Gateway.java:238)
[2023-05-09T04:00:36.781+0000] {spark_submit.py:490} INFO - at py4j.commands.ConstructorCommand.invokeConstructor(ConstructorCommand.java:80)
[2023-05-09T04:00:36.781+0000] {spark_submit.py:490} INFO - at py4j.commands.ConstructorCommand.execute(ConstructorCommand.java:69)
[2023-05-09T04:00:36.782+0000] {spark_submit.py:490} INFO - at py4j.ClientServerConnection.waitForCommands(ClientServerConnection.java:182)
[2023-05-09T04:00:36.782+0000] {spark_submit.py:490} INFO - at py4j.ClientServerConnection.run(ClientServerConnection.java:106)
[2023-05-09T04:00:36.782+0000] {spark_submit.py:490} INFO - at java.base/java.lang.Thread.run(Thread.java:834)
[2023-05-09T04:00:36.782+0000] {spark_submit.py:490} INFO - 23/05/09 04:00:36 INFO SparkContext: SparkContext is stopping with exitCode 0.
[2023-05-09T04:00:36.795+0000] {spark_submit.py:490} INFO - 23/05/09 04:00:36 INFO SparkUI: Stopped Spark web UI at http://872098f48f0d:4040
[2023-05-09T04:00:36.823+0000] {spark_submit.py:490} INFO - 23/05/09 04:00:36 INFO MapOutputTrackerMasterEndpoint: MapOutputTrackerMasterEndpoint stopped!
[2023-05-09T04:00:36.832+0000] {spark_submit.py:490} INFO - 23/05/09 04:00:36 INFO MemoryStore: MemoryStore cleared
[2023-05-09T04:00:36.832+0000] {spark_submit.py:490} INFO - 23/05/09 04:00:36 INFO BlockManager: BlockManager stopped
[2023-05-09T04:00:36.840+0000] {spark_submit.py:490} INFO - 23/05/09 04:00:36 INFO BlockManagerMaster: BlockManagerMaster stopped
[2023-05-09T04:00:36.840+0000] {spark_submit.py:490} INFO - 23/05/09 04:00:36 WARN MetricsSystem: Stopping a MetricsSystem that is not running
[2023-05-09T04:00:36.843+0000] {spark_submit.py:490} INFO - 23/05/09 04:00:36 INFO OutputCommitCoordinator$OutputCommitCoordinatorEndpoint: OutputCommitCoordinator stopped!
[2023-05-09T04:00:36.865+0000] {spark_submit.py:490} INFO - 23/05/09 04:00:36 INFO SparkContext: Successfully stopped SparkContext
[2023-05-09T04:00:36.865+0000] {spark_submit.py:490} INFO - Traceback (most recent call last):
[2023-05-09T04:00:36.865+0000] {spark_submit.py:490} INFO - File "/opt/spark/app/load_data.py", line 18, in <module>
[2023-05-09T04:00:36.865+0000] {spark_submit.py:490} INFO - sc = SparkContext(conf=conf)
[2023-05-09T04:00:36.865+0000] {spark_submit.py:490} INFO - File "/opt/***/spark/spark-3.4.0-bin-hadoop3/python/lib/pyspark.zip/pyspark/context.py", line 200, in __init__
[2023-05-09T04:00:36.865+0000] {spark_submit.py:490} INFO - File "/opt/***/spark/spark-3.4.0-bin-hadoop3/python/lib/pyspark.zip/pyspark/context.py", line 287, in _do_init
[2023-05-09T04:00:36.865+0000] {spark_submit.py:490} INFO - File "/opt/***/spark/spark-3.4.0-bin-hadoop3/python/lib/pyspark.zip/pyspark/context.py", line 417, in _initialize_context
[2023-05-09T04:00:36.866+0000] {spark_submit.py:490} INFO - File "/opt/***/spark/spark-3.4.0-bin-hadoop3/python/lib/py4j-0.10.9.7-src.zip/py4j/java_gateway.py", line 1587, in __call__
[2023-05-09T04:00:36.866+0000] {spark_submit.py:490} INFO - File "/opt/***/spark/spark-3.4.0-bin-hadoop3/python/lib/py4j-0.10.9.7-src.zip/py4j/protocol.py", line 326, in get_return_value
[2023-05-09T04:00:36.866+0000] {spark_submit.py:490} INFO - py4j.protocol.Py4JJavaError: An error occurred while calling None.org.apache.spark.api.java.JavaSparkContext.
[2023-05-09T04:00:36.866+0000] {spark_submit.py:490} INFO - : org.apache.spark.SparkException: Could not parse Master URL: 'spark:7077'
[2023-05-09T04:00:36.866+0000] {spark_submit.py:490} INFO - at org.apache.spark.SparkContext$.org$apache$spark$SparkContext$$createTaskScheduler(SparkContext.scala:3033)
[2023-05-09T04:00:36.866+0000] {spark_submit.py:490} INFO - at org.apache.spark.SparkContext.<init>(SparkContext.scala:568)
[2023-05-09T04:00:36.866+0000] {spark_submit.py:490} INFO - at org.apache.spark.api.java.JavaSparkContext.<init>(JavaSparkContext.scala:58)
[2023-05-09T04:00:36.866+0000] {spark_submit.py:490} INFO - at java.base/jdk.internal.reflect.NativeConstructorAccessorImpl.newInstance0(Native Method)
[2023-05-09T04:00:36.867+0000] {spark_submit.py:490} INFO - at java.base/jdk.internal.reflect.NativeConstructorAccessorImpl.newInstance(NativeConstructorAccessorImpl.java:62)
[2023-05-09T04:00:36.867+0000] {spark_submit.py:490} INFO - at java.base/jdk.internal.reflect.DelegatingConstructorAccessorImpl.newInstance(DelegatingConstructorAccessorImpl.java:45)
[2023-05-09T04:00:36.867+0000] {spark_submit.py:490} INFO - at java.base/java.lang.reflect.Constructor.newInstance(Constructor.java:490)
[2023-05-09T04:00:36.867+0000] {spark_submit.py:490} INFO - at py4j.reflection.MethodInvoker.invoke(MethodInvoker.java:247)
[2023-05-09T04:00:36.867+0000] {spark_submit.py:490} INFO - at py4j.reflection.ReflectionEngine.invoke(ReflectionEngine.java:374)
[2023-05-09T04:00:36.867+0000] {spark_submit.py:490} INFO - at py4j.Gateway.invoke(Gateway.java:238)
[2023-05-09T04:00:36.867+0000] {spark_submit.py:490} INFO - at py4j.commands.ConstructorCommand.invokeConstructor(ConstructorCommand.java:80)
[2023-05-09T04:00:36.867+0000] {spark_submit.py:490} INFO - at py4j.commands.ConstructorCommand.execute(ConstructorCommand.java:69)
[2023-05-09T04:00:36.867+0000] {spark_submit.py:490} INFO - at py4j.ClientServerConnection.waitForCommands(ClientServerConnection.java:182)
[2023-05-09T04:00:36.868+0000] {spark_submit.py:490} INFO - at py4j.ClientServerConnection.run(ClientServerConnection.java:106)
[2023-05-09T04:00:36.868+0000] {spark_submit.py:490} INFO - at java.base/java.lang.Thread.run(Thread.java:834)
[2023-05-09T04:00:36.868+0000] {spark_submit.py:490} INFO - 
[2023-05-09T04:00:36.938+0000] {spark_submit.py:490} INFO - 23/05/09 04:00:36 INFO ShutdownHookManager: Shutdown hook called
[2023-05-09T04:00:36.939+0000] {spark_submit.py:490} INFO - 23/05/09 04:00:36 INFO ShutdownHookManager: Deleting directory /tmp/spark-77dda849-d8b3-408e-b3b7-693d2c5374ed
[2023-05-09T04:00:36.943+0000] {spark_submit.py:490} INFO - 23/05/09 04:00:36 INFO ShutdownHookManager: Deleting directory /tmp/spark-39d64542-8fd1-4025-9c1e-ed2ab00b70d2
[2023-05-09T04:00:37.003+0000] {taskinstance.py:1847} ERROR - Task failed with exception
Traceback (most recent call last):
  File "/home/airflow/.local/lib/python3.9/site-packages/airflow/providers/apache/spark/operators/spark_submit.py", line 157, in execute
    self._hook.submit(self._application)
  File "/home/airflow/.local/lib/python3.9/site-packages/airflow/providers/apache/spark/hooks/spark_submit.py", line 421, in submit
    raise AirflowException(
airflow.exceptions.AirflowException: Cannot execute: spark-submit --master spark:7077 --name arrow-spark --verbose /opt/spark/app/load_data.py. Error code is: 1.
[2023-05-09T04:00:37.006+0000] {taskinstance.py:1368} INFO - Marking task as FAILED. dag_id=upload_to_gcs, task_id=spark_load_stock_data, execution_date=20230509T035954, start_date=20230509T040032, end_date=20230509T040037
[2023-05-09T04:00:37.019+0000] {standard_task_runner.py:104} ERROR - Failed to execute job 72 for task spark_load_stock_data (Cannot execute: spark-submit --master spark:7077 --name arrow-spark --verbose /opt/spark/app/load_data.py. Error code is: 1.; 1571)
[2023-05-09T04:00:37.039+0000] {local_task_job_runner.py:232} INFO - Task exited with return code 1
[2023-05-09T04:00:37.055+0000] {taskinstance.py:2674} INFO - 0 downstream tasks scheduled from follow-on schedule check
