[2023-05-09T04:34:47.028+0000] {taskinstance.py:1125} INFO - Dependencies all met for dep_context=non-requeueable deps ti=<TaskInstance: upload_to_gcs.spark_load_stock_data manual__2023-05-09T04:33:48.929298+00:00 [queued]>
[2023-05-09T04:34:47.035+0000] {taskinstance.py:1125} INFO - Dependencies all met for dep_context=requeueable deps ti=<TaskInstance: upload_to_gcs.spark_load_stock_data manual__2023-05-09T04:33:48.929298+00:00 [queued]>
[2023-05-09T04:34:47.035+0000] {taskinstance.py:1331} INFO - Starting attempt 2 of 2
[2023-05-09T04:34:47.046+0000] {taskinstance.py:1350} INFO - Executing <Task(SparkSubmitOperator): spark_load_stock_data> on 2023-05-09 04:33:48.929298+00:00
[2023-05-09T04:34:47.051+0000] {standard_task_runner.py:57} INFO - Started process 314 to run task
[2023-05-09T04:34:47.053+0000] {standard_task_runner.py:84} INFO - Running: ['***', 'tasks', 'run', 'upload_to_gcs', 'spark_load_stock_data', 'manual__2023-05-09T04:33:48.929298+00:00', '--job-id', '85', '--raw', '--subdir', 'DAGS_FOLDER/upload_to_gcs.py', '--cfg-path', '/tmp/tmp_csrbrjy']
[2023-05-09T04:34:47.054+0000] {standard_task_runner.py:85} INFO - Job 85: Subtask spark_load_stock_data
[2023-05-09T04:34:47.086+0000] {task_command.py:410} INFO - Running <TaskInstance: upload_to_gcs.spark_load_stock_data manual__2023-05-09T04:33:48.929298+00:00 [running]> on host 306823c18a73
[2023-05-09T04:34:47.146+0000] {taskinstance.py:1568} INFO - Exporting env vars: AIRFLOW_CTX_DAG_OWNER='***' AIRFLOW_CTX_DAG_ID='upload_to_gcs' AIRFLOW_CTX_TASK_ID='spark_load_stock_data' AIRFLOW_CTX_EXECUTION_DATE='2023-05-09T04:33:48.929298+00:00' AIRFLOW_CTX_TRY_NUMBER='2' AIRFLOW_CTX_DAG_RUN_ID='manual__2023-05-09T04:33:48.929298+00:00'
[2023-05-09T04:34:47.153+0000] {base.py:73} INFO - Using connection ID 'spark_default' for task execution.
[2023-05-09T04:34:47.153+0000] {spark_submit.py:339} INFO - Spark-Submit cmd: spark-submit --master spark://spark:7077 --name arrow-spark --verbose /opt/spark/app/load_data.py
[2023-05-09T04:34:47.170+0000] {spark_submit.py:490} INFO - /opt/***/spark/spark-3.4.0-bin-hadoop3/bin/load-spark-env.sh: line 68: ps: command not found
[2023-05-09T04:34:48.610+0000] {spark_submit.py:490} INFO - Using properties file: null
[2023-05-09T04:34:48.729+0000] {spark_submit.py:490} INFO - Parsed arguments:
[2023-05-09T04:34:48.729+0000] {spark_submit.py:490} INFO - master                  spark://spark:7077
[2023-05-09T04:34:48.729+0000] {spark_submit.py:490} INFO - remote                  null
[2023-05-09T04:34:48.729+0000] {spark_submit.py:490} INFO - deployMode              null
[2023-05-09T04:34:48.729+0000] {spark_submit.py:490} INFO - executorMemory          null
[2023-05-09T04:34:48.729+0000] {spark_submit.py:490} INFO - executorCores           null
[2023-05-09T04:34:48.730+0000] {spark_submit.py:490} INFO - totalExecutorCores      null
[2023-05-09T04:34:48.730+0000] {spark_submit.py:490} INFO - propertiesFile          null
[2023-05-09T04:34:48.730+0000] {spark_submit.py:490} INFO - driverMemory            null
[2023-05-09T04:34:48.730+0000] {spark_submit.py:490} INFO - driverCores             null
[2023-05-09T04:34:48.730+0000] {spark_submit.py:490} INFO - driverExtraClassPath    null
[2023-05-09T04:34:48.730+0000] {spark_submit.py:490} INFO - driverExtraLibraryPath  null
[2023-05-09T04:34:48.730+0000] {spark_submit.py:490} INFO - driverExtraJavaOptions  null
[2023-05-09T04:34:48.730+0000] {spark_submit.py:490} INFO - supervise               false
[2023-05-09T04:34:48.730+0000] {spark_submit.py:490} INFO - queue                   null
[2023-05-09T04:34:48.730+0000] {spark_submit.py:490} INFO - numExecutors            null
[2023-05-09T04:34:48.730+0000] {spark_submit.py:490} INFO - files                   null
[2023-05-09T04:34:48.730+0000] {spark_submit.py:490} INFO - pyFiles                 null
[2023-05-09T04:34:48.730+0000] {spark_submit.py:490} INFO - archives                null
[2023-05-09T04:34:48.731+0000] {spark_submit.py:490} INFO - mainClass               null
[2023-05-09T04:34:48.731+0000] {spark_submit.py:490} INFO - primaryResource         file:/opt/spark/app/load_data.py
[2023-05-09T04:34:48.731+0000] {spark_submit.py:490} INFO - name                    arrow-spark
[2023-05-09T04:34:48.731+0000] {spark_submit.py:490} INFO - childArgs               []
[2023-05-09T04:34:48.731+0000] {spark_submit.py:490} INFO - jars                    null
[2023-05-09T04:34:48.731+0000] {spark_submit.py:490} INFO - packages                null
[2023-05-09T04:34:48.731+0000] {spark_submit.py:490} INFO - packagesExclusions      null
[2023-05-09T04:34:48.731+0000] {spark_submit.py:490} INFO - repositories            null
[2023-05-09T04:34:48.731+0000] {spark_submit.py:490} INFO - verbose                 true
[2023-05-09T04:34:48.731+0000] {spark_submit.py:490} INFO - 
[2023-05-09T04:34:48.731+0000] {spark_submit.py:490} INFO - Spark properties used, including those specified through
[2023-05-09T04:34:48.731+0000] {spark_submit.py:490} INFO - --conf and those from the properties file null:
[2023-05-09T04:34:48.732+0000] {spark_submit.py:490} INFO - 
[2023-05-09T04:34:48.732+0000] {spark_submit.py:490} INFO - 
[2023-05-09T04:34:48.732+0000] {spark_submit.py:490} INFO - 
[2023-05-09T04:34:49.016+0000] {spark_submit.py:490} INFO - Main class:
[2023-05-09T04:34:49.016+0000] {spark_submit.py:490} INFO - org.apache.spark.deploy.PythonRunner
[2023-05-09T04:34:49.016+0000] {spark_submit.py:490} INFO - Arguments:
[2023-05-09T04:34:49.016+0000] {spark_submit.py:490} INFO - file:/opt/spark/app/load_data.py
[2023-05-09T04:34:49.017+0000] {spark_submit.py:490} INFO - null
[2023-05-09T04:34:49.019+0000] {spark_submit.py:490} INFO - Spark config:
[2023-05-09T04:34:49.019+0000] {spark_submit.py:490} INFO - (spark.app.name,arrow-spark)
[2023-05-09T04:34:49.020+0000] {spark_submit.py:490} INFO - (spark.app.submitTime,1683606889003)
[2023-05-09T04:34:49.020+0000] {spark_submit.py:490} INFO - (spark.master,spark://spark:7077)
[2023-05-09T04:34:49.020+0000] {spark_submit.py:490} INFO - (spark.submit.deployMode,client)
[2023-05-09T04:34:49.020+0000] {spark_submit.py:490} INFO - (spark.submit.pyFiles,)
[2023-05-09T04:34:49.020+0000] {spark_submit.py:490} INFO - Classpath elements:
[2023-05-09T04:34:49.020+0000] {spark_submit.py:490} INFO - 
[2023-05-09T04:34:49.020+0000] {spark_submit.py:490} INFO - 
[2023-05-09T04:34:49.020+0000] {spark_submit.py:490} INFO - 
[2023-05-09T04:34:50.204+0000] {spark_submit.py:490} INFO - 23/05/09 04:34:50 INFO SparkContext: Running Spark version 3.4.0
[2023-05-09T04:34:50.261+0000] {spark_submit.py:490} INFO - 23/05/09 04:34:50 WARN NativeCodeLoader: Unable to load native-hadoop library for your platform... using builtin-java classes where applicable
[2023-05-09T04:34:50.372+0000] {spark_submit.py:490} INFO - 23/05/09 04:34:50 INFO ResourceUtils: ==============================================================
[2023-05-09T04:34:50.372+0000] {spark_submit.py:490} INFO - 23/05/09 04:34:50 INFO ResourceUtils: No custom resources configured for spark.driver.
[2023-05-09T04:34:50.372+0000] {spark_submit.py:490} INFO - 23/05/09 04:34:50 INFO ResourceUtils: ==============================================================
[2023-05-09T04:34:50.373+0000] {spark_submit.py:490} INFO - 23/05/09 04:34:50 INFO SparkContext: Submitted application: SparkUploadData
[2023-05-09T04:34:50.400+0000] {spark_submit.py:490} INFO - 23/05/09 04:34:50 INFO ResourceProfile: Default ResourceProfile created, executor resources: Map(memory -> name: memory, amount: 1024, script: , vendor: , offHeap -> name: offHeap, amount: 0, script: , vendor: ), task resources: Map(cpus -> name: cpus, amount: 1.0)
[2023-05-09T04:34:50.413+0000] {spark_submit.py:490} INFO - 23/05/09 04:34:50 INFO ResourceProfile: Limiting resource is cpu
[2023-05-09T04:34:50.413+0000] {spark_submit.py:490} INFO - 23/05/09 04:34:50 INFO ResourceProfileManager: Added ResourceProfile id: 0
[2023-05-09T04:34:50.477+0000] {spark_submit.py:490} INFO - 23/05/09 04:34:50 INFO SecurityManager: Changing view acls to: default
[2023-05-09T04:34:50.477+0000] {spark_submit.py:490} INFO - 23/05/09 04:34:50 INFO SecurityManager: Changing modify acls to: default
[2023-05-09T04:34:50.478+0000] {spark_submit.py:490} INFO - 23/05/09 04:34:50 INFO SecurityManager: Changing view acls groups to:
[2023-05-09T04:34:50.478+0000] {spark_submit.py:490} INFO - 23/05/09 04:34:50 INFO SecurityManager: Changing modify acls groups to:
[2023-05-09T04:34:50.479+0000] {spark_submit.py:490} INFO - 23/05/09 04:34:50 INFO SecurityManager: SecurityManager: authentication disabled; ui acls disabled; users with view permissions: default; groups with view permissions: EMPTY; users with modify permissions: default; groups with modify permissions: EMPTY
[2023-05-09T04:34:50.715+0000] {spark_submit.py:490} INFO - 23/05/09 04:34:50 INFO Utils: Successfully started service 'sparkDriver' on port 45233.
[2023-05-09T04:34:50.749+0000] {spark_submit.py:490} INFO - 23/05/09 04:34:50 INFO SparkEnv: Registering MapOutputTracker
[2023-05-09T04:34:50.799+0000] {spark_submit.py:490} INFO - 23/05/09 04:34:50 INFO SparkEnv: Registering BlockManagerMaster
[2023-05-09T04:34:50.829+0000] {spark_submit.py:490} INFO - 23/05/09 04:34:50 INFO BlockManagerMasterEndpoint: Using org.apache.spark.storage.DefaultTopologyMapper for getting topology information
[2023-05-09T04:34:50.830+0000] {spark_submit.py:490} INFO - 23/05/09 04:34:50 INFO BlockManagerMasterEndpoint: BlockManagerMasterEndpoint up
[2023-05-09T04:34:50.834+0000] {spark_submit.py:490} INFO - 23/05/09 04:34:50 INFO SparkEnv: Registering BlockManagerMasterHeartbeat
[2023-05-09T04:34:50.856+0000] {spark_submit.py:490} INFO - 23/05/09 04:34:50 INFO DiskBlockManager: Created local directory at /tmp/blockmgr-f1ecc661-1330-43ac-9fdf-1d1f8b6a2138
[2023-05-09T04:34:50.872+0000] {spark_submit.py:490} INFO - 23/05/09 04:34:50 INFO MemoryStore: MemoryStore started with capacity 434.4 MiB
[2023-05-09T04:34:50.892+0000] {spark_submit.py:490} INFO - 23/05/09 04:34:50 INFO SparkEnv: Registering OutputCommitCoordinator
[2023-05-09T04:34:51.071+0000] {spark_submit.py:490} INFO - 23/05/09 04:34:51 INFO JettyUtils: Start Jetty 0.0.0.0:4040 for SparkUI
[2023-05-09T04:34:51.132+0000] {spark_submit.py:490} INFO - 23/05/09 04:34:51 INFO Utils: Successfully started service 'SparkUI' on port 4040.
[2023-05-09T04:34:51.254+0000] {spark_submit.py:490} INFO - 23/05/09 04:34:51 INFO StandaloneAppClient$ClientEndpoint: Connecting to master spark://spark:7077...
[2023-05-09T04:34:51.305+0000] {spark_submit.py:490} INFO - 23/05/09 04:34:51 INFO TransportClientFactory: Successfully created connection to spark/172.21.0.4:7077 after 25 ms (0 ms spent in bootstraps)
[2023-05-09T04:34:51.384+0000] {spark_submit.py:490} INFO - 23/05/09 04:34:51 INFO StandaloneSchedulerBackend: Connected to Spark cluster with app ID app-20230509043451-0001
[2023-05-09T04:34:51.385+0000] {spark_submit.py:490} INFO - 23/05/09 04:34:51 INFO StandaloneAppClient$ClientEndpoint: Executor added: app-20230509043451-0001/0 on worker-20230509040304-172.21.0.5-36133 (172.21.0.5:36133) with 2 core(s)
[2023-05-09T04:34:51.387+0000] {spark_submit.py:490} INFO - 23/05/09 04:34:51 INFO StandaloneSchedulerBackend: Granted executor ID app-20230509043451-0001/0 on hostPort 172.21.0.5:36133 with 2 core(s), 1024.0 MiB RAM
[2023-05-09T04:34:51.391+0000] {spark_submit.py:490} INFO - 23/05/09 04:34:51 INFO Utils: Successfully started service 'org.apache.spark.network.netty.NettyBlockTransferService' on port 45757.
[2023-05-09T04:34:51.392+0000] {spark_submit.py:490} INFO - 23/05/09 04:34:51 INFO NettyBlockTransferService: Server created on 306823c18a73:45757
[2023-05-09T04:34:51.394+0000] {spark_submit.py:490} INFO - 23/05/09 04:34:51 INFO BlockManager: Using org.apache.spark.storage.RandomBlockReplicationPolicy for block replication policy
[2023-05-09T04:34:51.403+0000] {spark_submit.py:490} INFO - 23/05/09 04:34:51 INFO BlockManagerMaster: Registering BlockManager BlockManagerId(driver, 306823c18a73, 45757, None)
[2023-05-09T04:34:51.408+0000] {spark_submit.py:490} INFO - 23/05/09 04:34:51 INFO BlockManagerMasterEndpoint: Registering block manager 306823c18a73:45757 with 434.4 MiB RAM, BlockManagerId(driver, 306823c18a73, 45757, None)
[2023-05-09T04:34:51.412+0000] {spark_submit.py:490} INFO - 23/05/09 04:34:51 INFO BlockManagerMaster: Registered BlockManager BlockManagerId(driver, 306823c18a73, 45757, None)
[2023-05-09T04:34:51.413+0000] {spark_submit.py:490} INFO - 23/05/09 04:34:51 INFO BlockManager: Initialized BlockManager: BlockManagerId(driver, 306823c18a73, 45757, None)
[2023-05-09T04:34:51.421+0000] {spark_submit.py:490} INFO - 23/05/09 04:34:51 INFO StandaloneAppClient$ClientEndpoint: Executor updated: app-20230509043451-0001/0 is now RUNNING
[2023-05-09T04:34:51.644+0000] {spark_submit.py:490} INFO - 23/05/09 04:34:51 INFO StandaloneSchedulerBackend: SchedulerBackend is ready for scheduling beginning after reached minRegisteredResourcesRatio: 0.0
[2023-05-09T04:34:53.273+0000] {spark_submit.py:490} INFO - 23/05/09 04:34:53 INFO SharedState: Setting hive.metastore.warehouse.dir ('null') to the value of spark.sql.warehouse.dir.
[2023-05-09T04:34:53.286+0000] {spark_submit.py:490} INFO - 23/05/09 04:34:53 INFO SharedState: Warehouse path is 'file:/opt/***/spark-warehouse'.
[2023-05-09T04:34:54.747+0000] {spark_submit.py:490} INFO - 23/05/09 04:34:54 INFO StandaloneSchedulerBackend$StandaloneDriverEndpoint: Registered executor NettyRpcEndpointRef(spark-client://Executor) (172.21.0.5:52260) with ID 0,  ResourceProfileId 0
[2023-05-09T04:34:54.822+0000] {spark_submit.py:490} INFO - 23/05/09 04:34:54 INFO BlockManagerMasterEndpoint: Registering block manager 172.21.0.5:34109 with 434.4 MiB RAM, BlockManagerId(0, 172.21.0.5, 34109, None)
[2023-05-09T04:34:56.222+0000] {spark_submit.py:490} INFO - {'code': 429, 'message': 'You have run out of API credits for the current minute. 9 API credits were used, with the current limit being 8. Wait for the next minute or consider switching to a higher tier plan at https://twelvedata.com/pricing', 'status': 'error'}
[2023-05-09T04:34:56.236+0000] {spark_submit.py:490} INFO - ERROR:root:Something error
[2023-05-09T04:34:56.504+0000] {spark_submit.py:490} INFO - 23/05/09 04:34:56 WARN FileSystem: Failed to initialize fileystem gs://dtc-de-382609_bucket/stock_data/2019/*: java.io.IOException: Error reading credential file from environment variable GOOGLE_APPLICATION_CREDENTIALS, value '/opt/***/credentials/service-account-key.json': /opt/***/credentials/service-account-key.json (Permission denied)
[2023-05-09T04:34:56.507+0000] {spark_submit.py:490} INFO - 23/05/09 04:34:56 WARN FileStreamSink: Assume no metadata directory. Error while looking for metadata directory in the path: gs://dtc-de-382609_bucket/stock_data/2019/*.
[2023-05-09T04:34:56.508+0000] {spark_submit.py:490} INFO - java.io.IOException: Error reading credential file from environment variable GOOGLE_APPLICATION_CREDENTIALS, value '/opt/***/credentials/service-account-key.json': /opt/***/credentials/service-account-key.json (Permission denied)
[2023-05-09T04:34:56.508+0000] {spark_submit.py:490} INFO - at com.google.cloud.hadoop.repackaged.gcs.com.google.api.client.googleapis.auth.oauth2.DefaultCredentialProvider.getCredentialUsingEnvironmentVariable(DefaultCredentialProvider.java:224)
[2023-05-09T04:34:56.508+0000] {spark_submit.py:490} INFO - at com.google.cloud.hadoop.repackaged.gcs.com.google.api.client.googleapis.auth.oauth2.DefaultCredentialProvider.getDefaultCredentialUnsynchronized(DefaultCredentialProvider.java:119)
[2023-05-09T04:34:56.508+0000] {spark_submit.py:490} INFO - at com.google.cloud.hadoop.repackaged.gcs.com.google.api.client.googleapis.auth.oauth2.DefaultCredentialProvider.getDefaultCredential(DefaultCredentialProvider.java:95)
[2023-05-09T04:34:56.508+0000] {spark_submit.py:490} INFO - at com.google.cloud.hadoop.repackaged.gcs.com.google.api.client.googleapis.auth.oauth2.GoogleCredential.getApplicationDefault(GoogleCredential.java:201)
[2023-05-09T04:34:56.508+0000] {spark_submit.py:490} INFO - at com.google.cloud.hadoop.repackaged.gcs.com.google.cloud.hadoop.util.CredentialFactory.getApplicationDefaultCredentials(CredentialFactory.java:339)
[2023-05-09T04:34:56.508+0000] {spark_submit.py:490} INFO - at com.google.cloud.hadoop.repackaged.gcs.com.google.cloud.hadoop.util.CredentialFactory.getCredential(CredentialFactory.java:408)
[2023-05-09T04:34:56.508+0000] {spark_submit.py:490} INFO - at com.google.cloud.hadoop.fs.gcs.GoogleHadoopFileSystemBase.getCredential(GoogleHadoopFileSystemBase.java:1344)
[2023-05-09T04:34:56.508+0000] {spark_submit.py:490} INFO - at com.google.cloud.hadoop.fs.gcs.GoogleHadoopFileSystemBase.createGcsFs(GoogleHadoopFileSystemBase.java:1501)
[2023-05-09T04:34:56.508+0000] {spark_submit.py:490} INFO - at com.google.cloud.hadoop.fs.gcs.GoogleHadoopFileSystemBase.configure(GoogleHadoopFileSystemBase.java:1483)
[2023-05-09T04:34:56.509+0000] {spark_submit.py:490} INFO - at com.google.cloud.hadoop.fs.gcs.GoogleHadoopFileSystemBase.initialize(GoogleHadoopFileSystemBase.java:470)
[2023-05-09T04:34:56.509+0000] {spark_submit.py:490} INFO - at org.apache.hadoop.fs.FileSystem.createFileSystem(FileSystem.java:3469)
[2023-05-09T04:34:56.509+0000] {spark_submit.py:490} INFO - at org.apache.hadoop.fs.FileSystem.access$300(FileSystem.java:174)
[2023-05-09T04:34:56.509+0000] {spark_submit.py:490} INFO - at org.apache.hadoop.fs.FileSystem$Cache.getInternal(FileSystem.java:3574)
[2023-05-09T04:34:56.509+0000] {spark_submit.py:490} INFO - at org.apache.hadoop.fs.FileSystem$Cache.get(FileSystem.java:3521)
[2023-05-09T04:34:56.509+0000] {spark_submit.py:490} INFO - at org.apache.hadoop.fs.FileSystem.get(FileSystem.java:540)
[2023-05-09T04:34:56.509+0000] {spark_submit.py:490} INFO - at org.apache.hadoop.fs.Path.getFileSystem(Path.java:365)
[2023-05-09T04:34:56.509+0000] {spark_submit.py:490} INFO - at org.apache.spark.sql.execution.streaming.FileStreamSink$.hasMetadata(FileStreamSink.scala:53)
[2023-05-09T04:34:56.509+0000] {spark_submit.py:490} INFO - at org.apache.spark.sql.execution.datasources.DataSource.resolveRelation(DataSource.scala:366)
[2023-05-09T04:34:56.509+0000] {spark_submit.py:490} INFO - at org.apache.spark.sql.DataFrameReader.loadV1Source(DataFrameReader.scala:229)
[2023-05-09T04:34:56.509+0000] {spark_submit.py:490} INFO - at org.apache.spark.sql.DataFrameReader.$anonfun$load$2(DataFrameReader.scala:211)
[2023-05-09T04:34:56.509+0000] {spark_submit.py:490} INFO - at scala.Option.getOrElse(Option.scala:189)
[2023-05-09T04:34:56.509+0000] {spark_submit.py:490} INFO - at org.apache.spark.sql.DataFrameReader.load(DataFrameReader.scala:211)
[2023-05-09T04:34:56.510+0000] {spark_submit.py:490} INFO - at org.apache.spark.sql.DataFrameReader.load(DataFrameReader.scala:186)
[2023-05-09T04:34:56.510+0000] {spark_submit.py:490} INFO - at java.base/jdk.internal.reflect.NativeMethodAccessorImpl.invoke0(Native Method)
[2023-05-09T04:34:56.510+0000] {spark_submit.py:490} INFO - at java.base/jdk.internal.reflect.NativeMethodAccessorImpl.invoke(NativeMethodAccessorImpl.java:62)
[2023-05-09T04:34:56.510+0000] {spark_submit.py:490} INFO - at java.base/jdk.internal.reflect.DelegatingMethodAccessorImpl.invoke(DelegatingMethodAccessorImpl.java:43)
[2023-05-09T04:34:56.510+0000] {spark_submit.py:490} INFO - at java.base/java.lang.reflect.Method.invoke(Method.java:566)
[2023-05-09T04:34:56.510+0000] {spark_submit.py:490} INFO - at py4j.reflection.MethodInvoker.invoke(MethodInvoker.java:244)
[2023-05-09T04:34:56.510+0000] {spark_submit.py:490} INFO - at py4j.reflection.ReflectionEngine.invoke(ReflectionEngine.java:374)
[2023-05-09T04:34:56.511+0000] {spark_submit.py:490} INFO - at py4j.Gateway.invoke(Gateway.java:282)
[2023-05-09T04:34:56.511+0000] {spark_submit.py:490} INFO - at py4j.commands.AbstractCommand.invokeMethod(AbstractCommand.java:132)
[2023-05-09T04:34:56.511+0000] {spark_submit.py:490} INFO - at py4j.commands.CallCommand.execute(CallCommand.java:79)
[2023-05-09T04:34:56.511+0000] {spark_submit.py:490} INFO - at py4j.ClientServerConnection.waitForCommands(ClientServerConnection.java:182)
[2023-05-09T04:34:56.511+0000] {spark_submit.py:490} INFO - at py4j.ClientServerConnection.run(ClientServerConnection.java:106)
[2023-05-09T04:34:56.511+0000] {spark_submit.py:490} INFO - at java.base/java.lang.Thread.run(Thread.java:834)
[2023-05-09T04:34:56.511+0000] {spark_submit.py:490} INFO - Caused by: java.io.FileNotFoundException: /opt/***/credentials/service-account-key.json (Permission denied)
[2023-05-09T04:34:56.511+0000] {spark_submit.py:490} INFO - at java.base/java.io.FileInputStream.open0(Native Method)
[2023-05-09T04:34:56.512+0000] {spark_submit.py:490} INFO - at java.base/java.io.FileInputStream.open(FileInputStream.java:219)
[2023-05-09T04:34:56.512+0000] {spark_submit.py:490} INFO - at java.base/java.io.FileInputStream.<init>(FileInputStream.java:157)
[2023-05-09T04:34:56.512+0000] {spark_submit.py:490} INFO - at java.base/java.io.FileInputStream.<init>(FileInputStream.java:112)
[2023-05-09T04:34:56.512+0000] {spark_submit.py:490} INFO - at com.google.cloud.hadoop.repackaged.gcs.com.google.api.client.googleapis.auth.oauth2.DefaultCredentialProvider.getCredentialUsingEnvironmentVariable(DefaultCredentialProvider.java:216)
[2023-05-09T04:34:56.512+0000] {spark_submit.py:490} INFO - ... 34 more
[2023-05-09T04:34:56.514+0000] {spark_submit.py:490} INFO - 23/05/09 04:34:56 WARN FileSystem: Failed to initialize fileystem gs://dtc-de-382609_bucket/stock_data/2019/*: java.io.IOException: Error reading credential file from environment variable GOOGLE_APPLICATION_CREDENTIALS, value '/opt/***/credentials/service-account-key.json': /opt/***/credentials/service-account-key.json (Permission denied)
[2023-05-09T04:34:56.568+0000] {spark_submit.py:490} INFO - Traceback (most recent call last):
[2023-05-09T04:34:56.568+0000] {spark_submit.py:490} INFO - File "/opt/spark/app/load_data.py", line 75, in <module>
[2023-05-09T04:34:56.568+0000] {spark_submit.py:490} INFO - df = spark.read.format("parquet").load("gs://dtc-de-382609_bucket/stock_data/2019/*")
[2023-05-09T04:34:56.568+0000] {spark_submit.py:490} INFO - File "/opt/***/spark/spark-3.4.0-bin-hadoop3/python/lib/pyspark.zip/pyspark/sql/readwriter.py", line 300, in load
[2023-05-09T04:34:56.568+0000] {spark_submit.py:490} INFO - File "/opt/***/spark/spark-3.4.0-bin-hadoop3/python/lib/py4j-0.10.9.7-src.zip/py4j/java_gateway.py", line 1322, in __call__
[2023-05-09T04:34:56.568+0000] {spark_submit.py:490} INFO - File "/opt/***/spark/spark-3.4.0-bin-hadoop3/python/lib/pyspark.zip/pyspark/errors/exceptions/captured.py", line 169, in deco
[2023-05-09T04:34:56.569+0000] {spark_submit.py:490} INFO - File "/opt/***/spark/spark-3.4.0-bin-hadoop3/python/lib/py4j-0.10.9.7-src.zip/py4j/protocol.py", line 326, in get_return_value
[2023-05-09T04:34:56.569+0000] {spark_submit.py:490} INFO - py4j.protocol.Py4JJavaError: An error occurred while calling o107.load.
[2023-05-09T04:34:56.569+0000] {spark_submit.py:490} INFO - : java.io.IOException: Error reading credential file from environment variable GOOGLE_APPLICATION_CREDENTIALS, value '/opt/***/credentials/service-account-key.json': /opt/***/credentials/service-account-key.json (Permission denied)
[2023-05-09T04:34:56.569+0000] {spark_submit.py:490} INFO - at com.google.cloud.hadoop.repackaged.gcs.com.google.api.client.googleapis.auth.oauth2.DefaultCredentialProvider.getCredentialUsingEnvironmentVariable(DefaultCredentialProvider.java:224)
[2023-05-09T04:34:56.569+0000] {spark_submit.py:490} INFO - at com.google.cloud.hadoop.repackaged.gcs.com.google.api.client.googleapis.auth.oauth2.DefaultCredentialProvider.getDefaultCredentialUnsynchronized(DefaultCredentialProvider.java:119)
[2023-05-09T04:34:56.569+0000] {spark_submit.py:490} INFO - at com.google.cloud.hadoop.repackaged.gcs.com.google.api.client.googleapis.auth.oauth2.DefaultCredentialProvider.getDefaultCredential(DefaultCredentialProvider.java:95)
[2023-05-09T04:34:56.569+0000] {spark_submit.py:490} INFO - at com.google.cloud.hadoop.repackaged.gcs.com.google.api.client.googleapis.auth.oauth2.GoogleCredential.getApplicationDefault(GoogleCredential.java:201)
[2023-05-09T04:34:56.569+0000] {spark_submit.py:490} INFO - at com.google.cloud.hadoop.repackaged.gcs.com.google.cloud.hadoop.util.CredentialFactory.getApplicationDefaultCredentials(CredentialFactory.java:339)
[2023-05-09T04:34:56.569+0000] {spark_submit.py:490} INFO - at com.google.cloud.hadoop.repackaged.gcs.com.google.cloud.hadoop.util.CredentialFactory.getCredential(CredentialFactory.java:408)
[2023-05-09T04:34:56.569+0000] {spark_submit.py:490} INFO - at com.google.cloud.hadoop.fs.gcs.GoogleHadoopFileSystemBase.getCredential(GoogleHadoopFileSystemBase.java:1344)
[2023-05-09T04:34:56.570+0000] {spark_submit.py:490} INFO - at com.google.cloud.hadoop.fs.gcs.GoogleHadoopFileSystemBase.createGcsFs(GoogleHadoopFileSystemBase.java:1501)
[2023-05-09T04:34:56.570+0000] {spark_submit.py:490} INFO - at com.google.cloud.hadoop.fs.gcs.GoogleHadoopFileSystemBase.configure(GoogleHadoopFileSystemBase.java:1483)
[2023-05-09T04:34:56.570+0000] {spark_submit.py:490} INFO - at com.google.cloud.hadoop.fs.gcs.GoogleHadoopFileSystemBase.initialize(GoogleHadoopFileSystemBase.java:470)
[2023-05-09T04:34:56.570+0000] {spark_submit.py:490} INFO - at org.apache.hadoop.fs.FileSystem.createFileSystem(FileSystem.java:3469)
[2023-05-09T04:34:56.570+0000] {spark_submit.py:490} INFO - at org.apache.hadoop.fs.FileSystem.access$300(FileSystem.java:174)
[2023-05-09T04:34:56.570+0000] {spark_submit.py:490} INFO - at org.apache.hadoop.fs.FileSystem$Cache.getInternal(FileSystem.java:3574)
[2023-05-09T04:34:56.570+0000] {spark_submit.py:490} INFO - at org.apache.hadoop.fs.FileSystem$Cache.get(FileSystem.java:3521)
[2023-05-09T04:34:56.570+0000] {spark_submit.py:490} INFO - at org.apache.hadoop.fs.FileSystem.get(FileSystem.java:540)
[2023-05-09T04:34:56.570+0000] {spark_submit.py:490} INFO - at org.apache.hadoop.fs.Path.getFileSystem(Path.java:365)
[2023-05-09T04:34:56.570+0000] {spark_submit.py:490} INFO - at org.apache.spark.sql.execution.datasources.DataSource$.$anonfun$checkAndGlobPathIfNecessary$1(DataSource.scala:724)
[2023-05-09T04:34:56.570+0000] {spark_submit.py:490} INFO - at scala.collection.immutable.List.map(List.scala:293)
[2023-05-09T04:34:56.570+0000] {spark_submit.py:490} INFO - at org.apache.spark.sql.execution.datasources.DataSource$.checkAndGlobPathIfNecessary(DataSource.scala:722)
[2023-05-09T04:34:56.570+0000] {spark_submit.py:490} INFO - at org.apache.spark.sql.execution.datasources.DataSource.checkAndGlobPathIfNecessary(DataSource.scala:551)
[2023-05-09T04:34:56.571+0000] {spark_submit.py:490} INFO - at org.apache.spark.sql.execution.datasources.DataSource.resolveRelation(DataSource.scala:404)
[2023-05-09T04:34:56.571+0000] {spark_submit.py:490} INFO - at org.apache.spark.sql.DataFrameReader.loadV1Source(DataFrameReader.scala:229)
[2023-05-09T04:34:56.571+0000] {spark_submit.py:490} INFO - at org.apache.spark.sql.DataFrameReader.$anonfun$load$2(DataFrameReader.scala:211)
[2023-05-09T04:34:56.571+0000] {spark_submit.py:490} INFO - at scala.Option.getOrElse(Option.scala:189)
[2023-05-09T04:34:56.571+0000] {spark_submit.py:490} INFO - at org.apache.spark.sql.DataFrameReader.load(DataFrameReader.scala:211)
[2023-05-09T04:34:56.571+0000] {spark_submit.py:490} INFO - at org.apache.spark.sql.DataFrameReader.load(DataFrameReader.scala:186)
[2023-05-09T04:34:56.571+0000] {spark_submit.py:490} INFO - at java.base/jdk.internal.reflect.NativeMethodAccessorImpl.invoke0(Native Method)
[2023-05-09T04:34:56.571+0000] {spark_submit.py:490} INFO - at java.base/jdk.internal.reflect.NativeMethodAccessorImpl.invoke(NativeMethodAccessorImpl.java:62)
[2023-05-09T04:34:56.571+0000] {spark_submit.py:490} INFO - at java.base/jdk.internal.reflect.DelegatingMethodAccessorImpl.invoke(DelegatingMethodAccessorImpl.java:43)
[2023-05-09T04:34:56.571+0000] {spark_submit.py:490} INFO - at java.base/java.lang.reflect.Method.invoke(Method.java:566)
[2023-05-09T04:34:56.571+0000] {spark_submit.py:490} INFO - at py4j.reflection.MethodInvoker.invoke(MethodInvoker.java:244)
[2023-05-09T04:34:56.571+0000] {spark_submit.py:490} INFO - at py4j.reflection.ReflectionEngine.invoke(ReflectionEngine.java:374)
[2023-05-09T04:34:56.571+0000] {spark_submit.py:490} INFO - at py4j.Gateway.invoke(Gateway.java:282)
[2023-05-09T04:34:56.572+0000] {spark_submit.py:490} INFO - at py4j.commands.AbstractCommand.invokeMethod(AbstractCommand.java:132)
[2023-05-09T04:34:56.572+0000] {spark_submit.py:490} INFO - at py4j.commands.CallCommand.execute(CallCommand.java:79)
[2023-05-09T04:34:56.572+0000] {spark_submit.py:490} INFO - at py4j.ClientServerConnection.waitForCommands(ClientServerConnection.java:182)
[2023-05-09T04:34:56.572+0000] {spark_submit.py:490} INFO - at py4j.ClientServerConnection.run(ClientServerConnection.java:106)
[2023-05-09T04:34:56.572+0000] {spark_submit.py:490} INFO - at java.base/java.lang.Thread.run(Thread.java:834)
[2023-05-09T04:34:56.572+0000] {spark_submit.py:490} INFO - Caused by: java.io.FileNotFoundException: /opt/***/credentials/service-account-key.json (Permission denied)
[2023-05-09T04:34:56.572+0000] {spark_submit.py:490} INFO - at java.base/java.io.FileInputStream.open0(Native Method)
[2023-05-09T04:34:56.572+0000] {spark_submit.py:490} INFO - at java.base/java.io.FileInputStream.open(FileInputStream.java:219)
[2023-05-09T04:34:56.572+0000] {spark_submit.py:490} INFO - at java.base/java.io.FileInputStream.<init>(FileInputStream.java:157)
[2023-05-09T04:34:56.572+0000] {spark_submit.py:490} INFO - at java.base/java.io.FileInputStream.<init>(FileInputStream.java:112)
[2023-05-09T04:34:56.572+0000] {spark_submit.py:490} INFO - at com.google.cloud.hadoop.repackaged.gcs.com.google.api.client.googleapis.auth.oauth2.DefaultCredentialProvider.getCredentialUsingEnvironmentVariable(DefaultCredentialProvider.java:216)
[2023-05-09T04:34:56.572+0000] {spark_submit.py:490} INFO - ... 37 more
[2023-05-09T04:34:56.572+0000] {spark_submit.py:490} INFO - 
[2023-05-09T04:34:56.652+0000] {spark_submit.py:490} INFO - 23/05/09 04:34:56 INFO SparkContext: Invoking stop() from shutdown hook
[2023-05-09T04:34:56.653+0000] {spark_submit.py:490} INFO - 23/05/09 04:34:56 INFO SparkContext: SparkContext is stopping with exitCode 0.
[2023-05-09T04:34:56.663+0000] {spark_submit.py:490} INFO - 23/05/09 04:34:56 INFO SparkUI: Stopped Spark web UI at http://306823c18a73:4040
[2023-05-09T04:34:56.668+0000] {spark_submit.py:490} INFO - 23/05/09 04:34:56 INFO StandaloneSchedulerBackend: Shutting down all executors
[2023-05-09T04:34:56.668+0000] {spark_submit.py:490} INFO - 23/05/09 04:34:56 INFO StandaloneSchedulerBackend$StandaloneDriverEndpoint: Asking each executor to shut down
[2023-05-09T04:34:56.689+0000] {spark_submit.py:490} INFO - 23/05/09 04:34:56 INFO MapOutputTrackerMasterEndpoint: MapOutputTrackerMasterEndpoint stopped!
[2023-05-09T04:34:56.702+0000] {spark_submit.py:490} INFO - 23/05/09 04:34:56 INFO MemoryStore: MemoryStore cleared
[2023-05-09T04:34:56.702+0000] {spark_submit.py:490} INFO - 23/05/09 04:34:56 INFO BlockManager: BlockManager stopped
[2023-05-09T04:34:56.709+0000] {spark_submit.py:490} INFO - 23/05/09 04:34:56 INFO BlockManagerMaster: BlockManagerMaster stopped
[2023-05-09T04:34:56.711+0000] {spark_submit.py:490} INFO - 23/05/09 04:34:56 INFO OutputCommitCoordinator$OutputCommitCoordinatorEndpoint: OutputCommitCoordinator stopped!
[2023-05-09T04:34:56.718+0000] {spark_submit.py:490} INFO - 23/05/09 04:34:56 INFO SparkContext: Successfully stopped SparkContext
[2023-05-09T04:34:56.718+0000] {spark_submit.py:490} INFO - 23/05/09 04:34:56 INFO ShutdownHookManager: Shutdown hook called
[2023-05-09T04:34:56.719+0000] {spark_submit.py:490} INFO - 23/05/09 04:34:56 INFO ShutdownHookManager: Deleting directory /tmp/spark-74d2cc3f-ca1a-43a9-be1c-c4d6986b5468
[2023-05-09T04:34:56.722+0000] {spark_submit.py:490} INFO - 23/05/09 04:34:56 INFO ShutdownHookManager: Deleting directory /tmp/spark-2b11a08e-43c9-454e-abc0-73cfca2e1b4e
[2023-05-09T04:34:56.725+0000] {spark_submit.py:490} INFO - 23/05/09 04:34:56 INFO ShutdownHookManager: Deleting directory /tmp/spark-2b11a08e-43c9-454e-abc0-73cfca2e1b4e/pyspark-a74546a2-16c4-4e24-aa83-0b8a5e5953d3
[2023-05-09T04:34:56.769+0000] {taskinstance.py:1847} ERROR - Task failed with exception
Traceback (most recent call last):
  File "/home/airflow/.local/lib/python3.9/site-packages/airflow/providers/apache/spark/operators/spark_submit.py", line 157, in execute
    self._hook.submit(self._application)
  File "/home/airflow/.local/lib/python3.9/site-packages/airflow/providers/apache/spark/hooks/spark_submit.py", line 421, in submit
    raise AirflowException(
airflow.exceptions.AirflowException: Cannot execute: spark-submit --master spark://spark:7077 --name arrow-spark --verbose /opt/spark/app/load_data.py. Error code is: 1.
[2023-05-09T04:34:56.772+0000] {taskinstance.py:1368} INFO - Marking task as FAILED. dag_id=upload_to_gcs, task_id=spark_load_stock_data, execution_date=20230509T043348, start_date=20230509T043447, end_date=20230509T043456
[2023-05-09T04:34:56.782+0000] {standard_task_runner.py:104} ERROR - Failed to execute job 85 for task spark_load_stock_data (Cannot execute: spark-submit --master spark://spark:7077 --name arrow-spark --verbose /opt/spark/app/load_data.py. Error code is: 1.; 314)
[2023-05-09T04:34:56.817+0000] {local_task_job_runner.py:232} INFO - Task exited with return code 1
[2023-05-09T04:34:56.850+0000] {taskinstance.py:2674} INFO - 0 downstream tasks scheduled from follow-on schedule check
