[2023-05-09T04:01:00.613+0000] {taskinstance.py:1125} INFO - Dependencies all met for dep_context=non-requeueable deps ti=<TaskInstance: upload_to_gcs.spark_load_stock_data manual__2023-05-09T04:00:58.849402+00:00 [queued]>
[2023-05-09T04:01:00.621+0000] {taskinstance.py:1125} INFO - Dependencies all met for dep_context=requeueable deps ti=<TaskInstance: upload_to_gcs.spark_load_stock_data manual__2023-05-09T04:00:58.849402+00:00 [queued]>
[2023-05-09T04:01:00.621+0000] {taskinstance.py:1331} INFO - Starting attempt 1 of 2
[2023-05-09T04:01:00.640+0000] {taskinstance.py:1350} INFO - Executing <Task(SparkSubmitOperator): spark_load_stock_data> on 2023-05-09 04:00:58.849402+00:00
[2023-05-09T04:01:00.645+0000] {standard_task_runner.py:57} INFO - Started process 1702 to run task
[2023-05-09T04:01:00.648+0000] {standard_task_runner.py:84} INFO - Running: ['***', 'tasks', 'run', 'upload_to_gcs', 'spark_load_stock_data', 'manual__2023-05-09T04:00:58.849402+00:00', '--job-id', '74', '--raw', '--subdir', 'DAGS_FOLDER/upload_to_gcs.py', '--cfg-path', '/tmp/tmpbqai6akm']
[2023-05-09T04:01:00.648+0000] {standard_task_runner.py:85} INFO - Job 74: Subtask spark_load_stock_data
[2023-05-09T04:01:00.681+0000] {task_command.py:410} INFO - Running <TaskInstance: upload_to_gcs.spark_load_stock_data manual__2023-05-09T04:00:58.849402+00:00 [running]> on host 872098f48f0d
[2023-05-09T04:01:00.742+0000] {taskinstance.py:1568} INFO - Exporting env vars: AIRFLOW_CTX_DAG_OWNER='***' AIRFLOW_CTX_DAG_ID='upload_to_gcs' AIRFLOW_CTX_TASK_ID='spark_load_stock_data' AIRFLOW_CTX_EXECUTION_DATE='2023-05-09T04:00:58.849402+00:00' AIRFLOW_CTX_TRY_NUMBER='1' AIRFLOW_CTX_DAG_RUN_ID='manual__2023-05-09T04:00:58.849402+00:00'
[2023-05-09T04:01:00.748+0000] {base.py:73} INFO - Using connection ID 'spark_default' for task execution.
[2023-05-09T04:01:00.749+0000] {spark_submit.py:339} INFO - Spark-Submit cmd: spark-submit --master spark://spark:7077 --name arrow-spark --verbose /opt/spark/app/load_data.py
[2023-05-09T04:01:00.764+0000] {spark_submit.py:490} INFO - /opt/***/spark/spark-3.4.0-bin-hadoop3/bin/load-spark-env.sh: line 68: ps: command not found
[2023-05-09T04:01:01.989+0000] {spark_submit.py:490} INFO - Using properties file: null
[2023-05-09T04:01:02.098+0000] {spark_submit.py:490} INFO - Parsed arguments:
[2023-05-09T04:01:02.098+0000] {spark_submit.py:490} INFO - master                  spark://spark:7077
[2023-05-09T04:01:02.098+0000] {spark_submit.py:490} INFO - remote                  null
[2023-05-09T04:01:02.098+0000] {spark_submit.py:490} INFO - deployMode              null
[2023-05-09T04:01:02.099+0000] {spark_submit.py:490} INFO - executorMemory          null
[2023-05-09T04:01:02.099+0000] {spark_submit.py:490} INFO - executorCores           null
[2023-05-09T04:01:02.099+0000] {spark_submit.py:490} INFO - totalExecutorCores      null
[2023-05-09T04:01:02.099+0000] {spark_submit.py:490} INFO - propertiesFile          null
[2023-05-09T04:01:02.099+0000] {spark_submit.py:490} INFO - driverMemory            null
[2023-05-09T04:01:02.099+0000] {spark_submit.py:490} INFO - driverCores             null
[2023-05-09T04:01:02.099+0000] {spark_submit.py:490} INFO - driverExtraClassPath    null
[2023-05-09T04:01:02.099+0000] {spark_submit.py:490} INFO - driverExtraLibraryPath  null
[2023-05-09T04:01:02.099+0000] {spark_submit.py:490} INFO - driverExtraJavaOptions  null
[2023-05-09T04:01:02.099+0000] {spark_submit.py:490} INFO - supervise               false
[2023-05-09T04:01:02.099+0000] {spark_submit.py:490} INFO - queue                   null
[2023-05-09T04:01:02.099+0000] {spark_submit.py:490} INFO - numExecutors            null
[2023-05-09T04:01:02.099+0000] {spark_submit.py:490} INFO - files                   null
[2023-05-09T04:01:02.099+0000] {spark_submit.py:490} INFO - pyFiles                 null
[2023-05-09T04:01:02.100+0000] {spark_submit.py:490} INFO - archives                null
[2023-05-09T04:01:02.100+0000] {spark_submit.py:490} INFO - mainClass               null
[2023-05-09T04:01:02.100+0000] {spark_submit.py:490} INFO - primaryResource         file:/opt/spark/app/load_data.py
[2023-05-09T04:01:02.100+0000] {spark_submit.py:490} INFO - name                    arrow-spark
[2023-05-09T04:01:02.100+0000] {spark_submit.py:490} INFO - childArgs               []
[2023-05-09T04:01:02.100+0000] {spark_submit.py:490} INFO - jars                    null
[2023-05-09T04:01:02.100+0000] {spark_submit.py:490} INFO - packages                null
[2023-05-09T04:01:02.100+0000] {spark_submit.py:490} INFO - packagesExclusions      null
[2023-05-09T04:01:02.100+0000] {spark_submit.py:490} INFO - repositories            null
[2023-05-09T04:01:02.100+0000] {spark_submit.py:490} INFO - verbose                 true
[2023-05-09T04:01:02.100+0000] {spark_submit.py:490} INFO - 
[2023-05-09T04:01:02.100+0000] {spark_submit.py:490} INFO - Spark properties used, including those specified through
[2023-05-09T04:01:02.101+0000] {spark_submit.py:490} INFO - --conf and those from the properties file null:
[2023-05-09T04:01:02.101+0000] {spark_submit.py:490} INFO - 
[2023-05-09T04:01:02.101+0000] {spark_submit.py:490} INFO - 
[2023-05-09T04:01:02.101+0000] {spark_submit.py:490} INFO - 
[2023-05-09T04:01:02.362+0000] {spark_submit.py:490} INFO - Main class:
[2023-05-09T04:01:02.362+0000] {spark_submit.py:490} INFO - org.apache.spark.deploy.PythonRunner
[2023-05-09T04:01:02.362+0000] {spark_submit.py:490} INFO - Arguments:
[2023-05-09T04:01:02.362+0000] {spark_submit.py:490} INFO - file:/opt/spark/app/load_data.py
[2023-05-09T04:01:02.362+0000] {spark_submit.py:490} INFO - null
[2023-05-09T04:01:02.365+0000] {spark_submit.py:490} INFO - Spark config:
[2023-05-09T04:01:02.366+0000] {spark_submit.py:490} INFO - (spark.app.name,arrow-spark)
[2023-05-09T04:01:02.366+0000] {spark_submit.py:490} INFO - (spark.app.submitTime,1683604862346)
[2023-05-09T04:01:02.366+0000] {spark_submit.py:490} INFO - (spark.master,spark://spark:7077)
[2023-05-09T04:01:02.366+0000] {spark_submit.py:490} INFO - (spark.submit.deployMode,client)
[2023-05-09T04:01:02.366+0000] {spark_submit.py:490} INFO - (spark.submit.pyFiles,)
[2023-05-09T04:01:02.366+0000] {spark_submit.py:490} INFO - Classpath elements:
[2023-05-09T04:01:02.366+0000] {spark_submit.py:490} INFO - 
[2023-05-09T04:01:02.366+0000] {spark_submit.py:490} INFO - 
[2023-05-09T04:01:02.366+0000] {spark_submit.py:490} INFO - 
[2023-05-09T04:01:03.507+0000] {spark_submit.py:490} INFO - 23/05/09 04:01:03 INFO SparkContext: Running Spark version 3.4.0
[2023-05-09T04:01:03.567+0000] {spark_submit.py:490} INFO - 23/05/09 04:01:03 WARN NativeCodeLoader: Unable to load native-hadoop library for your platform... using builtin-java classes where applicable
[2023-05-09T04:01:03.665+0000] {spark_submit.py:490} INFO - 23/05/09 04:01:03 INFO ResourceUtils: ==============================================================
[2023-05-09T04:01:03.665+0000] {spark_submit.py:490} INFO - 23/05/09 04:01:03 INFO ResourceUtils: No custom resources configured for spark.driver.
[2023-05-09T04:01:03.666+0000] {spark_submit.py:490} INFO - 23/05/09 04:01:03 INFO ResourceUtils: ==============================================================
[2023-05-09T04:01:03.667+0000] {spark_submit.py:490} INFO - 23/05/09 04:01:03 INFO SparkContext: Submitted application: SparkUploadData
[2023-05-09T04:01:03.703+0000] {spark_submit.py:490} INFO - 23/05/09 04:01:03 INFO ResourceProfile: Default ResourceProfile created, executor resources: Map(memory -> name: memory, amount: 1024, script: , vendor: , offHeap -> name: offHeap, amount: 0, script: , vendor: ), task resources: Map(cpus -> name: cpus, amount: 1.0)
[2023-05-09T04:01:03.716+0000] {spark_submit.py:490} INFO - 23/05/09 04:01:03 INFO ResourceProfile: Limiting resource is cpu
[2023-05-09T04:01:03.717+0000] {spark_submit.py:490} INFO - 23/05/09 04:01:03 INFO ResourceProfileManager: Added ResourceProfile id: 0
[2023-05-09T04:01:03.778+0000] {spark_submit.py:490} INFO - 23/05/09 04:01:03 INFO SecurityManager: Changing view acls to: default
[2023-05-09T04:01:03.779+0000] {spark_submit.py:490} INFO - 23/05/09 04:01:03 INFO SecurityManager: Changing modify acls to: default
[2023-05-09T04:01:03.779+0000] {spark_submit.py:490} INFO - 23/05/09 04:01:03 INFO SecurityManager: Changing view acls groups to:
[2023-05-09T04:01:03.780+0000] {spark_submit.py:490} INFO - 23/05/09 04:01:03 INFO SecurityManager: Changing modify acls groups to:
[2023-05-09T04:01:03.780+0000] {spark_submit.py:490} INFO - 23/05/09 04:01:03 INFO SecurityManager: SecurityManager: authentication disabled; ui acls disabled; users with view permissions: default; groups with view permissions: EMPTY; users with modify permissions: default; groups with modify permissions: EMPTY
[2023-05-09T04:01:04.000+0000] {spark_submit.py:490} INFO - 23/05/09 04:01:03 INFO Utils: Successfully started service 'sparkDriver' on port 42831.
[2023-05-09T04:01:04.024+0000] {spark_submit.py:490} INFO - 23/05/09 04:01:04 INFO SparkEnv: Registering MapOutputTracker
[2023-05-09T04:01:04.060+0000] {spark_submit.py:490} INFO - 23/05/09 04:01:04 INFO SparkEnv: Registering BlockManagerMaster
[2023-05-09T04:01:04.084+0000] {spark_submit.py:490} INFO - 23/05/09 04:01:04 INFO BlockManagerMasterEndpoint: Using org.apache.spark.storage.DefaultTopologyMapper for getting topology information
[2023-05-09T04:01:04.085+0000] {spark_submit.py:490} INFO - 23/05/09 04:01:04 INFO BlockManagerMasterEndpoint: BlockManagerMasterEndpoint up
[2023-05-09T04:01:04.088+0000] {spark_submit.py:490} INFO - 23/05/09 04:01:04 INFO SparkEnv: Registering BlockManagerMasterHeartbeat
[2023-05-09T04:01:04.106+0000] {spark_submit.py:490} INFO - 23/05/09 04:01:04 INFO DiskBlockManager: Created local directory at /tmp/blockmgr-b11bb1b3-7d58-4c67-b26b-7b105b302923
[2023-05-09T04:01:04.121+0000] {spark_submit.py:490} INFO - 23/05/09 04:01:04 INFO MemoryStore: MemoryStore started with capacity 434.4 MiB
[2023-05-09T04:01:04.136+0000] {spark_submit.py:490} INFO - 23/05/09 04:01:04 INFO SparkEnv: Registering OutputCommitCoordinator
[2023-05-09T04:01:04.274+0000] {spark_submit.py:490} INFO - 23/05/09 04:01:04 INFO JettyUtils: Start Jetty 0.0.0.0:4040 for SparkUI
[2023-05-09T04:01:04.333+0000] {spark_submit.py:490} INFO - 23/05/09 04:01:04 INFO Utils: Successfully started service 'SparkUI' on port 4040.
[2023-05-09T04:01:04.463+0000] {spark_submit.py:490} INFO - 23/05/09 04:01:04 INFO StandaloneAppClient$ClientEndpoint: Connecting to master spark://spark:7077...
[2023-05-09T04:01:04.518+0000] {spark_submit.py:490} INFO - 23/05/09 04:01:04 INFO TransportClientFactory: Successfully created connection to spark/172.21.0.5:7077 after 35 ms (0 ms spent in bootstraps)
[2023-05-09T04:01:04.737+0000] {spark_submit.py:490} INFO - 23/05/09 04:01:04 INFO StandaloneSchedulerBackend: Connected to Spark cluster with app ID app-20230509040104-0000
[2023-05-09T04:01:04.745+0000] {spark_submit.py:490} INFO - 23/05/09 04:01:04 INFO Utils: Successfully started service 'org.apache.spark.network.netty.NettyBlockTransferService' on port 39267.
[2023-05-09T04:01:04.745+0000] {spark_submit.py:490} INFO - 23/05/09 04:01:04 INFO NettyBlockTransferService: Server created on 872098f48f0d:39267
[2023-05-09T04:01:04.747+0000] {spark_submit.py:490} INFO - 23/05/09 04:01:04 INFO BlockManager: Using org.apache.spark.storage.RandomBlockReplicationPolicy for block replication policy
[2023-05-09T04:01:04.758+0000] {spark_submit.py:490} INFO - 23/05/09 04:01:04 INFO StandaloneAppClient$ClientEndpoint: Executor added: app-20230509040104-0000/0 on worker-20230509034531-172.21.0.4-41271 (172.21.0.4:41271) with 2 core(s)
[2023-05-09T04:01:04.759+0000] {spark_submit.py:490} INFO - 23/05/09 04:01:04 INFO BlockManagerMaster: Registering BlockManager BlockManagerId(driver, 872098f48f0d, 39267, None)
[2023-05-09T04:01:04.760+0000] {spark_submit.py:490} INFO - 23/05/09 04:01:04 INFO StandaloneSchedulerBackend: Granted executor ID app-20230509040104-0000/0 on hostPort 172.21.0.4:41271 with 2 core(s), 1024.0 MiB RAM
[2023-05-09T04:01:04.764+0000] {spark_submit.py:490} INFO - 23/05/09 04:01:04 INFO BlockManagerMasterEndpoint: Registering block manager 872098f48f0d:39267 with 434.4 MiB RAM, BlockManagerId(driver, 872098f48f0d, 39267, None)
[2023-05-09T04:01:04.767+0000] {spark_submit.py:490} INFO - 23/05/09 04:01:04 INFO BlockManagerMaster: Registered BlockManager BlockManagerId(driver, 872098f48f0d, 39267, None)
[2023-05-09T04:01:04.769+0000] {spark_submit.py:490} INFO - 23/05/09 04:01:04 INFO BlockManager: Initialized BlockManager: BlockManagerId(driver, 872098f48f0d, 39267, None)
[2023-05-09T04:01:05.015+0000] {spark_submit.py:490} INFO - 23/05/09 04:01:05 INFO StandaloneAppClient$ClientEndpoint: Executor updated: app-20230509040104-0000/0 is now RUNNING
[2023-05-09T04:01:05.191+0000] {spark_submit.py:490} INFO - 23/05/09 04:01:05 INFO StandaloneSchedulerBackend: SchedulerBackend is ready for scheduling beginning after reached minRegisteredResourcesRatio: 0.0
[2023-05-09T04:01:05.294+0000] {spark_submit.py:490} INFO - Traceback (most recent call last):
[2023-05-09T04:01:05.295+0000] {spark_submit.py:490} INFO - File "/opt/spark/app/load_data.py", line 27, in <module>
[2023-05-09T04:01:05.295+0000] {spark_submit.py:490} INFO - spark = SparkSession.builder \
[2023-05-09T04:01:05.295+0000] {spark_submit.py:490} INFO - AttributeError: 'Builder' object has no attribute 'setMaster'
[2023-05-09T04:01:05.375+0000] {spark_submit.py:490} INFO - 23/05/09 04:01:05 INFO SparkContext: Invoking stop() from shutdown hook
[2023-05-09T04:01:05.375+0000] {spark_submit.py:490} INFO - 23/05/09 04:01:05 INFO SparkContext: SparkContext is stopping with exitCode 0.
[2023-05-09T04:01:05.388+0000] {spark_submit.py:490} INFO - 23/05/09 04:01:05 INFO SparkUI: Stopped Spark web UI at http://872098f48f0d:4040
[2023-05-09T04:01:05.393+0000] {spark_submit.py:490} INFO - 23/05/09 04:01:05 INFO StandaloneSchedulerBackend: Shutting down all executors
[2023-05-09T04:01:05.399+0000] {spark_submit.py:490} INFO - 23/05/09 04:01:05 INFO StandaloneSchedulerBackend$StandaloneDriverEndpoint: Asking each executor to shut down
[2023-05-09T04:01:05.427+0000] {spark_submit.py:490} INFO - 23/05/09 04:01:05 INFO MapOutputTrackerMasterEndpoint: MapOutputTrackerMasterEndpoint stopped!
[2023-05-09T04:01:05.458+0000] {spark_submit.py:490} INFO - 23/05/09 04:01:05 INFO MemoryStore: MemoryStore cleared
[2023-05-09T04:01:05.458+0000] {spark_submit.py:490} INFO - 23/05/09 04:01:05 INFO BlockManager: BlockManager stopped
[2023-05-09T04:01:05.476+0000] {spark_submit.py:490} INFO - 23/05/09 04:01:05 INFO BlockManagerMaster: BlockManagerMaster stopped
[2023-05-09T04:01:05.482+0000] {spark_submit.py:490} INFO - 23/05/09 04:01:05 INFO OutputCommitCoordinator$OutputCommitCoordinatorEndpoint: OutputCommitCoordinator stopped!
[2023-05-09T04:01:05.490+0000] {spark_submit.py:490} INFO - 23/05/09 04:01:05 INFO SparkContext: Successfully stopped SparkContext
[2023-05-09T04:01:05.490+0000] {spark_submit.py:490} INFO - 23/05/09 04:01:05 INFO ShutdownHookManager: Shutdown hook called
[2023-05-09T04:01:05.491+0000] {spark_submit.py:490} INFO - 23/05/09 04:01:05 INFO ShutdownHookManager: Deleting directory /tmp/spark-8349e2fd-e40a-4940-ba7d-c8953246707f
[2023-05-09T04:01:05.496+0000] {spark_submit.py:490} INFO - 23/05/09 04:01:05 INFO ShutdownHookManager: Deleting directory /tmp/spark-dfa7860f-c5c3-4287-8691-7b732e2a76b6/pyspark-8a69f8f1-1c1b-4bc4-b274-82e16942dd70
[2023-05-09T04:01:05.500+0000] {spark_submit.py:490} INFO - 23/05/09 04:01:05 INFO ShutdownHookManager: Deleting directory /tmp/spark-dfa7860f-c5c3-4287-8691-7b732e2a76b6
[2023-05-09T04:01:05.546+0000] {taskinstance.py:1847} ERROR - Task failed with exception
Traceback (most recent call last):
  File "/home/airflow/.local/lib/python3.9/site-packages/airflow/providers/apache/spark/operators/spark_submit.py", line 157, in execute
    self._hook.submit(self._application)
  File "/home/airflow/.local/lib/python3.9/site-packages/airflow/providers/apache/spark/hooks/spark_submit.py", line 421, in submit
    raise AirflowException(
airflow.exceptions.AirflowException: Cannot execute: spark-submit --master spark://spark:7077 --name arrow-spark --verbose /opt/spark/app/load_data.py. Error code is: 1.
[2023-05-09T04:01:05.550+0000] {taskinstance.py:1368} INFO - Marking task as UP_FOR_RETRY. dag_id=upload_to_gcs, task_id=spark_load_stock_data, execution_date=20230509T040058, start_date=20230509T040100, end_date=20230509T040105
[2023-05-09T04:01:05.568+0000] {standard_task_runner.py:104} ERROR - Failed to execute job 74 for task spark_load_stock_data (Cannot execute: spark-submit --master spark://spark:7077 --name arrow-spark --verbose /opt/spark/app/load_data.py. Error code is: 1.; 1702)
[2023-05-09T04:01:05.593+0000] {local_task_job_runner.py:232} INFO - Task exited with return code 1
[2023-05-09T04:01:05.642+0000] {taskinstance.py:2674} INFO - 0 downstream tasks scheduled from follow-on schedule check
